Log filename:ATFsr.log
Version 0.99r45 $Revision: 1.353 $ $Date: 2023/05/08 18:48:22 $
Enter the parameter file name: 
pathimach=C:\PROGRA~1\IMACH-~2.99R\bin\
pathtot=C:\Users\mmusz\Dropbox\gender_paradox\data\IMACH\ATFsr.txt
 path=C:\Users\mmusz\Dropbox\gender_paradox\data\IMACH\ 
 optionfile=ATFsr.txt
 optionfilext=txt
 optionfilefiname='ATFsr'
Compiled with: Microsoft Visual Studio for Windows (x64 and x86)  64-bit
The programm is not running under WOW64 (i.e probably on a 64bit Windows).
Local time (at start): Mon May 27 20:51:15 2024
title=sr datafile=dataATFsr.txt lastobs=15000 firstpass=1 lastpass=2
ftol=1.000000e-018 stepm=3 ncovcol=0 nqv=0 ntv=0 nqtv=0 nlstate=2 ndeath=1 maxwav=2 mle=1 weight=1
model=1+age+
# Parameters nlstate*nlstate*ncov a12*1 + b12 * age + ...
12 0.000000 0.000000
13 0.000000 0.000000
21 0.000000 0.000000
23 0.000000 0.000000
# Scales (for hessian or gradient estimation)
12 0.000000e+000 0.000000e+000
13 0.000000e+000 0.000000e+000
21 0.000000e+000 0.000000e+000
23 0.000000e+000 0.000000e+000
# Covariance matrix
121 0.00000e+000
122 0.00000e+000 0.00000e+000
131 0.00000e+000 0.00000e+000 0.00000e+000
132 0.00000e+000 0.00000e+000 0.00000e+000 0.00000e+000
211 0.00000e+000 0.00000e+000 0.00000e+000 0.00000e+000 0.00000e+000
212 0.00000e+000 0.00000e+000 0.00000e+000 0.00000e+000 0.00000e+000 0.00000e+000
231 0.00000e+000 0.00000e+000 0.00000e+000 0.00000e+000 0.00000e+000 0.00000e+000 0.00000e+000
232 0.00000e+000 0.00000e+000 0.00000e+000 0.00000e+000 0.00000e+000 0.00000e+000 0.00000e+000 0.00000e+000

Model=1+age+
Typevar: 0 for simple covariate (dummy, quantitative, fixed or varying), 1 for age product, 2 for  product, 3 for double product with age  
Fixed[k] 0=fixed (product or simple), 1 varying, 2 fixed with age product, 3 varying with age product 
Dummy[k] 0=dummy (0 1), 1 quantitative (single or product without age), 2 dummy with age product, 3 quant with age product
ncoveff=0, nqfveff=0, ntveff=0, nqtveff=0, cptcovn=0
ncovf=0, ncovv=0, ncova=0, nsd=0, nsq=0
Warning: The value of parameter lastobs=15000 is big compared to the 
  effective number of cases imx=1589, please adjust, 
  otherwise you are allocating more memory than necessary.
Total number of individuals= 1589, Agemin = 51.25, Agemax= 102.58

Information, you have to check 0 informations which haven't been logged!
Delay (in months) between two waves Min=1 (for indiviudal 539) Max=34 (236) Mean=24.947733

 Age 51 1.=0 loss[1]=0.0% 2.=0 loss[2]=0.0% 1.=0 prev[1]=78.7% 2.=0 prev[2]=21.3% 11=0 12=0 22=0
Age 52 1.=0 loss[1]=0.0% 2.=0 loss[2]=0.0% 1.=0 prev[1]=62.4% 2.=0 prev[2]=37.6% 11=0 22=0
Age 53 1.=1 loss[1]=0.0% 2.=1 loss[2]=0.0% 1.=1 prev[1]=61.1% 2.=1 prev[2]=38.9% 11=0 12=0 21=0 22=0
Age 54 1.=2 loss[1]=0.0% 2.=1 loss[2]=0.0% 1.=2 prev[1]=74.7% 2.=1 prev[2]=25.3% 11=1 12=1 21=0 22=1
Age 55 1.=4 loss[1]=0.0% 2.=1 loss[2]=0.0% 1.=4 prev[1]=75.7% 2.=1 prev[2]=24.3% 11=4 12=0 21=1 22=1
Age 56 1.=4 loss[1]=0.0% 2.=1 loss[2]=0.0% 1.=4 prev[1]=80.8% 2.=1 prev[2]=19.2% 11=3 12=0 21=0 22=1
Age 57 1.=3 loss[1]=0.0% 2.=1 loss[2]=0.0% 1.=3 prev[1]=82.1% 2.=1 prev[2]=17.9% 11=2 12=0 21=0 22=0
Age 58 1.=3 loss[1]=0.0% 2.=1 loss[2]=0.0% 1.=3 prev[1]=81.2% 2.=1 prev[2]=18.8% 11=3 12=0 21=0 22=0
Age 59 1.=3 loss[1]=0.0% 2.=1 loss[2]=0.0% 1.=3 prev[1]=79.4% 2.=1 prev[2]=20.6% 11=3 12=0 21=0 22=1
Age 60 1.=3 loss[1]=0.0% 2.=1 loss[2]=0.0% 1.=3 prev[1]=67.9% 2.=1 prev[2]=32.1% 11=2 12=0 13=0 21=1 22=1
Age 61 1.=2 loss[1]=0.0% 2.=0 loss[2]=0.0% 1.=2 prev[1]=84.7% 2.=0 prev[2]=15.3% 11=1 12=0 13=0 21=0 22=0
Age 62 1.=2 loss[1]=0.0% 2.=1 loss[2]=0.0% 1.=2 prev[1]=69.0% 2.=1 prev[2]=31.0% 11=1 12=0 21=0 22=0
Age 63 1.=2 loss[1]=0.0% 2.=1 loss[2]=0.0% 1.=2 prev[1]=74.3% 2.=1 prev[2]=25.7% 11=1 12=0 13=0 21=0 22=0
Age 64 1.=2 loss[1]=0.0% 2.=1 loss[2]=0.0% 1.=2 prev[1]=75.4% 2.=1 prev[2]=24.6% 11=1 12=0 21=0 22=0
Age 65 1.=2 loss[1]=0.0% 2.=0 loss[2]=0.0% 1.=2 prev[1]=80.7% 2.=0 prev[2]=19.3% 11=1 12=0 21=0 22=0
Age 66 1.=2 loss[1]=0.0% 2.=1 loss[2]=0.0% 1.=2 prev[1]=78.2% 2.=1 prev[2]=21.8% 11=2 12=0 13=0 21=0 22=0
Age 67 1.=2 loss[1]=0.0% 2.=1 loss[2]=0.0% 1.=2 prev[1]=70.3% 2.=1 prev[2]=29.7% 11=1 12=0 21=0 22=1
Age 68 1.=1 loss[1]=0.0% 2.=1 loss[2]=0.0% 1.=1 prev[1]=53.5% 2.=1 prev[2]=46.5% 11=1 12=0 13=0 21=0 22=1
Age 69 1.=1 loss[1]=0.0% 2.=1 loss[2]=0.0% 1.=1 prev[1]=62.0% 2.=1 prev[2]=38.0% 11=1 12=0 21=0 22=0
Age 70 1.=1 loss[1]=0.0% 2.=0 loss[2]=0.0% 1.=1 prev[1]=70.7% 2.=0 prev[2]=29.3% 11=1 12=0 13=0 21=0 22=0 23=0
Age 71 1.=2 loss[1]=0.0% 2.=1 loss[2]=0.0% 1.=2 prev[1]=70.4% 2.=1 prev[2]=29.6% 11=1 12=1 21=0 22=0 23=0
Age 72 1.=2 loss[1]=0.0% 2.=1 loss[2]=0.0% 1.=2 prev[1]=72.2% 2.=1 prev[2]=27.8% 11=1 12=0 21=0 22=1 23=0
Age 73 1.=1 loss[1]=0.0% 2.=1 loss[2]=0.0% 1.=1 prev[1]=51.2% 2.=1 prev[2]=48.8% 11=1 12=0 21=0 22=1 23=0
Age 74 1.=2 loss[1]=0.0% 2.=1 loss[2]=0.0% 1.=2 prev[1]=59.1% 2.=1 prev[2]=40.9% 11=1 12=0 13=0 21=0 22=1 23=0
Age 75 1.=1 loss[1]=0.0% 2.=1 loss[2]=0.0% 1.=1 prev[1]=47.3% 2.=1 prev[2]=52.7% 11=1 12=0 13=0 21=0 22=1 23=0
Age 76 1.=1 loss[1]=0.0% 2.=1 loss[2]=0.0% 1.=1 prev[1]=62.3% 2.=1 prev[2]=37.7% 11=1 12=0 13=0 21=0 22=1
Age 77 1.=1 loss[1]=0.0% 2.=1 loss[2]=0.0% 1.=1 prev[1]=57.5% 2.=1 prev[2]=42.5% 11=1 12=0 21=0 22=0 23=0
Age 78 1.=1 loss[1]=0.0% 2.=1 loss[2]=0.0% 1.=1 prev[1]=53.1% 2.=1 prev[2]=46.9% 11=1 12=0 21=0 22=0 23=0
Age 79 1.=1 loss[1]=0.0% 2.=1 loss[2]=0.0% 1.=1 prev[1]=54.0% 2.=1 prev[2]=46.0% 11=1 12=0 21=0 22=0 23=0
Age 80 1.=1 loss[1]=0.0% 2.=1 loss[2]=0.0% 1.=1 prev[1]=48.4% 2.=1 prev[2]=51.6% 11=0 12=0 21=0 22=0 23=0
Age 81 1.=1 loss[1]=0.0% 2.=1 loss[2]=0.0% 1.=1 prev[1]=43.9% 2.=1 prev[2]=56.1% 11=0 12=0 22=1 23=0
Age 82 1.=0 loss[1]=0.0% 2.=1 loss[2]=0.0% 1.=0 prev[1]=39.8% 2.=1 prev[2]=60.2% 11=0 12=0 21=0 22=0 23=0
Age 83 1.=0 loss[1]=0.0% 2.=1 loss[2]=0.0% 1.=0 prev[1]=30.8% 2.=1 prev[2]=69.2% 11=0 12=0 21=0 22=1 23=0
Age 84 1.=1 loss[1]=0.0% 2.=1 loss[2]=0.0% 1.=1 prev[1]=51.6% 2.=1 prev[2]=48.4% 11=0 12=0 21=0 22=1 23=0
Age 85 1.=1 loss[1]=0.0% 2.=1 loss[2]=0.0% 1.=1 prev[1]=45.5% 2.=1 prev[2]=54.5% 11=0 12=0 13=0 21=0 22=1 23=0
Age 86 1.=0 loss[1]=0.0% 2.=1 loss[2]=0.0% 1.=0 prev[1]=27.2% 2.=1 prev[2]=72.8% 11=0 12=0 21=0 22=1 23=0
Age 87 1.=0 loss[1]=0.0% 2.=1 loss[2]=0.0% 1.=0 prev[1]=33.4% 2.=1 prev[2]=66.6% 11=0 12=0 22=0 23=0
Age 88 1.=0 loss[1]=0.0% 2.=1 loss[2]=0.0% 1.=0 prev[1]=39.3% 2.=1 prev[2]=60.7% 11=0 12=0 21=0 22=0 23=0
Age 89 1.=0 loss[1]=0.0% 2.=0 loss[2]=0.0% 1.=0 prev[1]=20.9% 2.=0 prev[2]=79.1% 12=0 13=0 22=0
Age 90 1.=0 loss[1]=0.0% 2.=0 loss[2]=0.0% 1.=0 prev[1]=14.4% 2.=0 prev[2]=85.6% 12=0 22=0 23=0
Age 91 1.=0 loss[1]=0.0% 2.=1 loss[2]=0.0% 1.=0 prev[1]=11.2% 2.=1 prev[2]=88.8% 12=0 22=0 23=0
Age 92 1.=0 loss[1]=0.0% 2.=0 loss[2]=0.0% 1.=0 prev[1]=30.4% 2.=0 prev[2]=69.6% 11=0 13=0 22=0 23=0
Age 93 1.=0 loss[1]=NaNQ% 2.=0 loss[2]=0.0% 1.=0 prev[1]=0.0% 2.=0 prev[2]=100.0% 22=0 23=0
Age 94 1.=0 loss[1]=0.0% 2.=0 loss[2]=0.0% 1.=0 prev[1]=38.0% 2.=0 prev[2]=62.0% 13=0 22=0 23=0
Age 95 1.=0 loss[1]=0.0% 2.=0 loss[2]=0.0% 1.=0 prev[1]=34.7% 2.=0 prev[2]=65.3% 13=0 21=0 22=0 23=0
Age 96 1.=0 loss[1]=NaNQ% 2.=0 loss[2]=0.0% 1.=0 prev[1]=0.0% 2.=0 prev[2]=100.0% 22=0 23=0
Age 97 1.=0 loss[1]=0.0% 2.=0 loss[2]=0.0% 1.=0 prev[1]=52.7% 2.=0 prev[2]=47.3% 11=0 23=0
Age 98 1.=0 loss[1]=NaNQ% 2.=0 loss[2]=NaNQ% 1.=0 prev[1]=NaNQ% 2.=0 prev[2]=NaNQ%
Age 99 1.=0 loss[1]=NaNQ% 2.=0 loss[2]=NaNQ% 1.=0 prev[1]=NaNQ% 2.=0 prev[2]=NaNQ%
Age 100 1.=0 loss[1]=NaNQ% 2.=0 loss[2]=NaNQ% 1.=0 prev[1]=NaNQ% 2.=0 prev[2]=NaNQ%
Age 101 1.=0 loss[1]=NaNQ% 2.=0 loss[2]=NaNQ% 1.=0 prev[1]=NaNQ% 2.=0 prev[2]=NaNQ%
Age 102 1.=0 loss[1]=NaNQ% 2.=0 loss[2]=0.0% 1.=0 prev[1]=0.0% 2.=0 prev[2]=100.0% 23=0
1 1.=0 loss[1]=NaNQ% 2.=0 loss[2]=NaNQ% 1.=0 prev[1]=NaNQ% 2.=0 prev[2]=NaNQ%
0 1.=0 loss[1]=NaNQ% 2.=0 loss[2]=NaNQ% 1.=0 prev[1]=NaNQ% 2.=0 prev[2]=NaNQ%
Total 1.=55 loss[1]=0.0% 2.=30 loss[2]=0.0% 1.=55 prev[1]=64.9% 2.=30 prev[2]=35.1% 11=44 12=10 13=1 21=7 22=19 23=3


12    0.0000000 ln(10/44)=   -1.4460485 
13    0.0000000 ln(1/44)=   -4.1504424 
21    0.0000000 ln(7/19)=   -0.9902419 
23    0.0000000 ln(3/19)=   -1.7100168 

 -1-1=0 -10=0 -11=0 -12=0 -13=0 0-1=0 00=0 01=0 02=0 03=0 1-1=0 10=0 11=44 12=10 13=1 2-1=0 20=0 21=7 22=19 23=3 3-1=0 30=0 31=0 32=0 33=0
Powell

Powell iter=1 Big Iter=1 -2*LL=12928.699884121141 gain=0 0 sec. 0 sec.
#model=  1      +     age 
12    0.0000000    0.0000000 
13    0.0000000    0.0000000 
21    0.0000000    0.0000000 
23    0.0000000    0.0000000 
1......2..................3........4..................5......6.................7......8.............................Gaining to use new average direction of P0 P8 instead of biggest increase direction 5 :

Powell iter=2 Big Iter=2 -2*LL=3395.410646411193 gain=9.53e+003 1 sec. 1 sec.
#model=  1      +     age 
12    7.1156804   -0.0010253 
13   -0.5131869    0.0011484 
21    2.5552404   -0.0008771 
23   -1.2197029    0.0025704 

Considering the time needed for this last iteration #2: 1 seconds,
   - if your program needs 1 BIG iterations  (2 iterations) to converge, convergence will be 
   reached in 0 day(s) 0 hour(s) 0 minute(s) 0 second(s) i.e.
   on Mon May 27 20:51:16 2024 (current time is Mon May 27 20:51:16 2024);
   - if your program needs 11 BIG iterations  (22 iterations) to converge, convergence will be 
   reached in 0 day(s) 0 hour(s) 0 minute(s) 20 second(s) i.e.
   on Mon May 27 20:51:36 2024 (current time is Mon May 27 20:51:16 2024);
   - if your program needs 21 BIG iterations  (42 iterations) to converge, convergence will be 
   reached in 0 day(s) 0 hour(s) 0 minute(s) 40 second(s) i.e.
   on Mon May 27 20:51:56 2024 (current time is Mon May 27 20:51:16 2024);
   - if your program needs 31 BIG iterations  (62 iterations) to converge, convergence will be 
   reached in 0 day(s) 0 hour(s) 1 minute(s) 0 second(s) i.e.
   on Mon May 27 20:52:16 2024 (current time is Mon May 27 20:51:16 2024);
1..........2....................3......4...................5.................6.................7.........8........
Powell iter=3 Big Iter=2 -2*LL=3133.468870746930 gain=262 0 sec. 1 sec.
#model=  1      +     age 
12    4.1741401   -0.0051637 
13   -2.8881242    0.0196147 
21    2.3566246   -0.0100472 
23   -1.8852708   -0.0129629 

Considering the time needed for this last iteration #3: 0 seconds,
   - if your program needs 1 BIG iterations  (2 iterations) to converge, convergence will be 
   reached in 0 day(s) 0 hour(s) 0 minute(s) 0 second(s) i.e.
   on Mon May 27 20:51:16 2024 (current time is Mon May 27 20:51:16 2024);
   - if your program needs 11 BIG iterations  (22 iterations) to converge, convergence will be 
   reached in 0 day(s) 0 hour(s) 0 minute(s) 0 second(s) i.e.
   on Mon May 27 20:51:16 2024 (current time is Mon May 27 20:51:16 2024);
   - if your program needs 21 BIG iterations  (42 iterations) to converge, convergence will be 
   reached in 0 day(s) 0 hour(s) 0 minute(s) 0 second(s) i.e.
   on Mon May 27 20:51:16 2024 (current time is Mon May 27 20:51:16 2024);
   - if your program needs 31 BIG iterations  (62 iterations) to converge, convergence will be 
   reached in 0 day(s) 0 hour(s) 0 minute(s) 0 second(s) i.e.
   on Mon May 27 20:51:16 2024 (current time is Mon May 27 20:51:16 2024);
1..........2...................3........4...................5....................6.................7...........8..................Gaining to use new average direction of P0 P8 instead of biggest increase direction 3 :

Powell iter=4 Big Iter=3 -2*LL=3020.804724535329 gain=113 2 sec. 3 sec.
#model=  1      +     age 
12    1.5476898   -0.0110404 
13   -4.9426124    0.0325179 
21    1.9829365   -0.0057712 
23   -2.3126784   -0.0297148 
1..........2.................3.........4...................5..................6..................7..........8..........directest= 356.046130691442 (if directest<0 or t<0 we include P0 Pn as new direction), t= -1316957.808412931200, f1= 3020.804724535329,f2= 2952.704198166915,f3= 3302.711345853203, del= 31.030771681630
f1-2f2+f3= 418.107674054701, f1-f2-del= 37.069754686784, f1-f3= -281.906621317874

Powell iter=5 Big Iter=3 -2*LL=2952.704198166915 gain=68.1 1 sec. 4 sec.
#model=  1      +     age 
12    1.4448135   -0.0127822 
13   -5.5237266    0.0329958 
21    1.9464407    0.0078483 
23   -2.1342919   -0.0315925 
1.........2.................3.........4..................5................6.................7...........8.................Gaining to use new average direction of P0 P8 instead of biggest increase direction 8 :

Powell iter=6 Big Iter=4 -2*LL=2923.735786894350 gain=29 2 sec. 6 sec.
#model=  1      +     age 
12    1.1947409   -0.0134760 
13   -6.0585188    0.0302779 
21    1.8550300    0.0235053 
23   -2.1739239   -0.0101389 
1.........2.................3...........4..................5..................6.................7..........8.......
Powell iter=7 Big Iter=4 -2*LL=2918.622613137898 gain=5.11 1 sec. 7 sec.
#model=  1      +     age 
12    1.1652777   -0.0127940 
13   -6.1593279    0.0315504 
21    1.8164125    0.0278665 
23   -2.4525164   -0.0001922 
1.........2.................3...........4..................5..................6.................7..........8...................Gaining to use new average direction of P0 P8 instead of biggest increase direction 4 :

Powell iter=8 Big Iter=5 -2*LL=2803.245666580263 gain=115 2 sec. 9 sec.
#model=  1      +     age 
12   -0.0189363    0.0070957 
13   -9.0686680    0.0683957 
21    0.7178239    0.1545513 
23  -10.5361744    0.2480818 
1..........2..............3.........4........5...................6.............7..........8............directest= 1538.704817702144 (if directest<0 or t<0 we include P0 Pn as new direction), t= -23412026.778894670000, f1= 2803.245666580263,f2= 2779.833864627145,f3= 4316.044299892877, del= 10.458709758353
f1-2f2+f3= 1559.622237218850, f1-f2-del= 12.953092194765, f1-f3= -1512.798633312614

Powell iter=9 Big Iter=5 -2*LL=2779.833864627145 gain=23.4 1 sec. 10 sec.
#model=  1      +     age 
12   -0.3277479    0.0110303 
13   -9.6815954    0.0718203 
21    0.5445133    0.1777003 
23  -11.6723981    0.2833164 
1..........2..............3..........4........5...................6...............7..........8...................Gaining to use new average direction of P0 P8 instead of biggest increase direction 5 :

Powell iter=10 Big Iter=6 -2*LL=2737.221199119465 gain=42.6 2 sec. 12 sec.
#model=  1      +     age 
12   -2.0790105    0.0287154 
13  -11.7822103    0.0867094 
21   -0.1437667    0.2599758 
23  -16.0671714    0.4110598 
1..........2..............3..........4........5..........6............7..........8.........
Powell iter=11 Big Iter=6 -2*LL=2725.183897021378 gain=12 1 sec. 13 sec.
#model=  1      +     age 
12   -2.5223774    0.0366853 
13  -12.4388877    0.0929268 
21   -0.3857773    0.2878016 
23  -17.7095950    0.4532560 
1.........2..............3...........4........5.............6...........7..........8...............Gaining to use new average direction of P0 P8 instead of biggest increase direction 8 :

Powell iter=12 Big Iter=7 -2*LL=2720.504676607633 gain=4.68 1 sec. 14 sec.
#model=  1      +     age 
12   -3.1428973    0.0472092 
13  -13.0952117    0.1020276 
21   -0.7023487    0.3181332 
23  -19.7519524    0.5027242 
1.........2..............3..........4........5.............6..........7..........8................Gaining to use new average direction of P0 P8 instead of biggest increase direction 4 :

Powell iter=13 Big Iter=7 -2*LL=2716.815684265505 gain=3.69 1 sec. 15 sec.
#model=  1      +     age 
12   -3.6369347    0.0551207 
13  -13.2864741    0.1096549 
21   -0.8910962    0.3311238 
23  -21.0886083    0.5273821 
1.........2...............3.........4........5...........6..........7..........8...............Gaining to use new average direction of P0 P8 instead of biggest increase direction 1 :

Powell iter=14 Big Iter=8 -2*LL=2712.121810712230 gain=4.69 2 sec. 17 sec.
#model=  1      +     age 
12   -4.6978005    0.0686483 
13  -13.8120702    0.1212933 
21   -1.2439503    0.3588823 
23  -23.3413369    0.5752496 
1........2...........3.........4........5...........6..........7..........8........
Powell iter=15 Big Iter=8 -2*LL=2711.093232348868 gain=1.03 1 sec. 18 sec.
#model=  1      +     age 
12   -4.5954726    0.0657929 
13  -13.6115453    0.1187698 
21   -1.1573487    0.3496742 
23  -22.7305288    0.5599947 
1.......2...........3.........4.......5...........6..........7..........8..............Gaining to use new average direction of P0 P8 instead of biggest increase direction 4 :

Powell iter=16 Big Iter=9 -2*LL=2709.256583786015 gain=1.84 1 sec. 19 sec.
#model=  1      +     age 
12   -4.4403922    0.0639593 
13  -13.1458947    0.1162498 
21   -1.0076980    0.3310874 
23  -21.8021589    0.5314695 
1.......2..............3..........4........5............6.........7..........8........directest= 1.532607847739 (if directest<0 or t<0 we include P0 Pn as new direction), t= -0.027007433449, f1= 2709.256583786015,f2= 2708.917269174151,f3= 2710.384932829779, del= 0.137185209877
f1-2f2+f3= 1.806978267493, f1-f2-del= 0.202129401987, f1-f3= -1.128349043765

Powell iter=17 Big Iter=9 -2*LL=2708.917269174151 gain=0.339 1 sec. 20 sec.
#model=  1      +     age 
12   -4.4372172    0.0647551 
13  -13.1497668    0.1166136 
21   -1.0137362    0.3314849 
23  -21.8400457    0.5324596 
1........2.............3.........4........5............6..........7..........8..............Gaining to use new average direction of P0 P8 instead of biggest increase direction 7 :

Powell iter=18 Big Iter=10 -2*LL=2708.878174140818 gain=0.0391 1 sec. 21 sec.
#model=  1      +     age 
12   -4.3809390    0.0637583 
13  -13.0934914    0.1154922 
21   -0.9835955    0.3287014 
23  -21.5756794    0.5272080 
1........2.............3.........4........5............6..........7........8......
Powell iter=19 Big Iter=10 -2*LL=2708.833556101594 gain=0.0446 1 sec. 22 sec.
#model=  1      +     age 
12   -4.3788138    0.0637290 
13  -13.0813420    0.1152105 
21   -0.9791445    0.3281699 
23  -21.5005101    0.5257361 
1........2.............3.........4.......5............6..........7........8.............Gaining to use new average direction of P0 P8 instead of biggest increase direction 1 :

Powell iter=20 Big Iter=11 -2*LL=2708.509755101228 gain=0.324 2 sec. 24 sec.
#model=  1      +     age 
12   -4.6450534    0.0671068 
13  -13.0898462    0.1152713 
21   -1.0448546    0.3304057 
23  -21.0967147    0.5226491 
1...........2..............3.........4........5............6.........7........8.......
Powell iter=21 Big Iter=11 -2*LL=2708.159387777224 gain=0.35 0 sec. 24 sec.
#model=  1      +     age 
12   -4.6734813    0.0678142 
13  -13.0042960    0.1136416 
21   -1.0327645    0.3272752 
23  -20.4855867    0.5130612 
1......2.............3.........4........5............6..........7........8................Gaining to use new average direction of P0 P8 instead of biggest increase direction 8 :

Powell iter=22 Big Iter=12 -2*LL=2707.905997903944 gain=0.253 1 sec. 25 sec.
#model=  1      +     age 
12   -4.6126392    0.0670713 
13  -12.8007564    0.1093485 
21   -0.9662210    0.3186658 
23  -19.1595394    0.4909870 
1........2..............3.........4........5............6..........7........8...........directest= 0.095953594445 (if directest<0 or t<0 we include P0 Pn as new direction), t= -0.000017943952, f1= 2707.905997903944,f2= 2707.896665488500,f3= 2707.990302252513, del= 0.003507792506
f1-2f2+f3= 0.102969179457, f1-f2-del= 0.005824622938, f1-f3= -0.084304348569

Powell iter=23 Big Iter=12 -2*LL=2707.896665488500 gain=0.00933 1 sec. 26 sec.
#model=  1      +     age 
12   -4.5999424    0.0669355 
13  -12.8117847    0.1093238 
21   -0.9654945    0.3190981 
23  -19.1717302    0.4915441 
1.........2..............3.........4........5............6..........7........8...............Gaining to use new average direction of P0 P8 instead of biggest increase direction 2 :

Powell iter=24 Big Iter=13 -2*LL=2707.837199903148 gain=0.0595 0 sec. 26 sec.
#model=  1      +     age 
12   -4.5629990    0.0661346 
13  -12.8110403    0.1090130 
21   -0.9468383    0.3199247 
23  -19.0042741    0.4906234 
1......2........3.........4........5............6..........7........8............Gaining to use new average direction of P0 P8 instead of biggest increase direction 8 :

Powell iter=25 Big Iter=13 -2*LL=2707.688547685413 gain=0.149 1 sec. 27 sec.
#model=  1      +     age 
12   -4.5570935    0.0658008 
13  -12.8643861    0.1094050 
21   -0.9389764    0.3253309 
23  -18.7518541    0.4932011 
1.......2........3.........4........5............6..........7........8...........Gaining to use new average direction of P0 P8 instead of biggest increase direction 8 :

Powell iter=26 Big Iter=14 -2*LL=2706.806451655014 gain=0.882 0 sec. 27 sec.
#model=  1      +     age 
12   -4.6408976    0.0663374 
13  -13.3366756    0.1145953 
21   -0.9538269    0.3680655 
23  -17.5136320    0.5215600 
1.......2..........3.........4.........5............6..........7........8...............Gaining to use new average direction of P0 P8 instead of biggest increase direction 1 :

Powell iter=27 Big Iter=14 -2*LL=2704.015028275153 gain=2.79 1 sec. 28 sec.
#model=  1      +     age 
12   -4.9904932    0.0713427 
13  -14.8983224    0.1348161 
21   -1.1059145    0.4992353 
23  -15.4707233    0.6274722 
1.......2......3.........4......5.............6..........7........8................Gaining to use new average direction of P0 P8 instead of biggest increase direction 8 :

Powell iter=28 Big Iter=15 -2*LL=2698.644443987331 gain=5.37 1 sec. 29 sec.
#model=  1      +     age 
12   -5.4744947    0.0793346 
13  -18.1157036    0.1796718 
21   -1.4229283    0.7561962 
23  -13.9731478    0.8625442 
1.......2.....3.........4.......5............6...........7........8........
Powell iter=29 Big Iter=15 -2*LL=2695.186475913589 gain=3.46 0 sec. 29 sec.
#model=  1      +     age 
12   -5.4760960    0.0805571 
13  -19.3797062    0.1968125 
21   -1.5626900    0.8454462 
23  -14.8873868    0.9596159 
1........2........3.........4........5............6...........7........8...............Gaining to use new average direction of P0 P8 instead of biggest increase direction 7 :

Powell iter=30 Big Iter=16 -2*LL=2691.439146758939 gain=3.75 1 sec. 30 sec.
#model=  1      +     age 
12   -5.5036244    0.0805633 
13  -25.2547743    0.2624467 
21   -2.0861843    1.2742815 
23  -13.4879873    1.3648430 
1........2........3.........4........5............6...........7.........8........
Powell iter=31 Big Iter=16 -2*LL=2690.491565304501 gain=0.948 1 sec. 31 sec.
#model=  1      +     age 
12   -5.3910939    0.0787499 
13  -26.1332067    0.2711717 
21   -2.1744983    1.3324873 
23  -13.7913505    1.4265691 
1........2........3.........4........5.............6...........7.........8..............Gaining to use new average direction of P0 P8 instead of biggest increase direction 1 :

Powell iter=32 Big Iter=17 -2*LL=2689.807831742901 gain=0.684 1 sec. 32 sec.
#model=  1      +     age 
12   -5.2423010    0.0766904 
13  -28.1544546    0.2930511 
21   -2.3863193    1.4696912 
23  -14.5007909    1.5707807 
1.........2........3.........4........5............6............7.........8........directest= 0.320549786200 (if directest<0 or t<0 we include P0 Pn as new direction), t= -0.000688594522, f1= 2689.807831742901,f2= 2689.774740325047,f3= 2690.087300561005, del= 0.012550933806
f1-2f2+f3= 0.345651653812, f1-f2-del= 0.020540484049, f1-f3= -0.279468818103

Powell iter=33 Big Iter=17 -2*LL=2689.774740325047 gain=0.0331 1 sec. 33 sec.
#model=  1      +     age 
12   -5.2124876    0.0763758 
13  -28.2809211    0.2943927 
21   -2.3939390    1.4779128 
23  -14.6021781    1.5798707 
1.........2........3.........4........5............6..........7.........8........
Powell iter=34 Big Iter=18 -2*LL=2689.772499343606 gain=0.00224 1 sec. 34 sec.
#model=  1      +     age 
12   -5.2077807    0.0762752 
13  -28.3814573    0.2954290 
21   -2.4026759    1.4850812 
23  -14.5816340    1.5866964 
1.........2........3...........4........5...............6.............7.........8..................Gaining to use new average direction of P0 P8 instead of biggest increase direction 2 :

Powell iter=35 Big Iter=18 -2*LL=2689.772245358128 gain=0.000254 2 sec. 36 sec.
#model=  1      +     age 
12   -5.2088805    0.0762747 
13  -28.4063070    0.2956701 
21   -2.4056469    1.4868145 
23  -14.5757040    1.5883408 
1.........................2................3.........4........5............6..............7..................8...............
Powell iter=36 Big Iter=19 -2*LL=2689.772176591055 gain=6.88e-005 1 sec. 37 sec.
#model=  1      +     age 
12   -5.2101143    0.0762942 
13  -28.4151936    0.2957674 
21   -2.4069814    1.4874135 
23  -14.5780779    1.5889557 
1.........2...........3...........4.........5..................6................7.............8...........Gaining to use new average direction of P0 P8 instead of biggest increase direction 3 :

Powell iter=37 Big Iter=19 -2*LL=2689.772095902361 gain=8.07e-005 1 sec. 38 sec.
#model=  1      +     age 
12   -5.2138067    0.0763511 
13  -28.4373507    0.2960111 
21   -2.4102143    1.4889379 
23  -14.5802066    1.5904677 
1.............2...........3............4................5................6..............7................8.............directest= 0.000040539992 (if directest<0 or t<0 we include P0 Pn as new direction), t= -0.000000000000, f1= 2689.772095902361,f2= 2689.772095334869,f3= 2689.772136312391, del= 0.000000502511
f1-2f2+f3= 0.000041545014, f1-f2-del= 0.000000064981, f1-f3= -0.000040410030

Powell iter=38 Big Iter=20 -2*LL=2689.772095334869 gain=5.67e-007 1 sec. 39 sec.
#model=  1      +     age 
12   -5.2136809    0.0763494 
13  -28.4397177    0.2960366 
21   -2.4104529    1.4891011 
23  -14.5806666    1.5906343 
1.................2..............3....................4.................5.....................6.............7...........................8...............
Powell iter=39 Big Iter=20 -2*LL=2689.772095316739 gain=1.81e-008 1 sec. 40 sec.
#model=  1      +     age 
12   -5.2136484    0.0763490 
13  -28.4400774    0.2960404 
21   -2.4104845    1.4891261 
23  -14.5807009    1.5906594 
1................2...............3.............4..................5.......................6................7.......................8.................
Powell iter=40 Big Iter=21 -2*LL=2689.772095315356 gain=1.38e-009 1 sec. 41 sec.
#model=  1      +     age 
12   -5.2136397    0.0763489 
13  -28.4401142    0.2960408 
21   -2.4104866    1.4891287 
23  -14.5807103    1.5906621 
1.................2........................3.......................4..................5................................6...........7...........................8...................................
Powell iter=41 Big Iter=21 -2*LL=2689.772095315258 gain=9.78e-011 1 sec. 42 sec.
#model=  1      +     age 
12   -5.2136366    0.0763489 
13  -28.4401139    0.2960408 
21   -2.4104858    1.4891286 
23  -14.5807120    1.5906621 
1...............................2.........................3........................4........................5...............................6.............7..............................8............................
Powell iter=42 Big Iter=22 -2*LL=2689.772095315248 gain=9.55e-012 2 sec. 44 sec.
#model=  1      +     age 
12   -5.2136373    0.0763489 
13  -28.4401173    0.2960409 
21   -2.4104863    1.4891289 
23  -14.5807135    1.5906623 
1....................................2...........................3..............................4..........................5..................6..............7.......................8..................................directest= 0.000000000012 (if directest<0 or t<0 we include P0 Pn as new direction), t= -0.000000000000, f1= 2689.772095315248,f2= 2689.772095315245,f3= 2689.772095315260, del= 0.000000000004
f1-2f2+f3= 0.000000000019, f1-f2-del= 0.000000000000, f1-f3= -0.000000000012

Powell iter=43 Big Iter=22 -2*LL=2689.772095315245 gain=3.64e-012 3 sec. 47 sec.
#model=  1      +     age 
12   -5.2136373    0.0763489 
13  -28.4401262    0.2960410 
21   -2.4104871    1.4891295 
23  -14.5807113    1.5906629 
1.........................2...........................3..............................4..........................5..................6..............7.......................8..................................
#Number of iterations & function calls = 43 & 5577, -2 Log likelihood = 2689.772095315245
# Parameters nlstate*nlstate*ncov a12*1 + b12 * age + ...
#model=  1      +     age 
12   -5.2136373    0.0763489 
13  -28.4401262    0.2960410 
21   -2.4104871    1.4891295 
23  -14.5807113    1.5906629 

Calculation of the hessian matrix. Wait...
1-2-3-4-5-6-7-8-.1-2.1-3.1-4.1-5.1-6.1-7.1-8.2-3.2-4.2-5.2-6.2-7.2-8.3-4.3-5.3-6.3-7.3-8.4-5.4-6.4-7.4-8.5-6.5-7.5-8.6-7.6-8.7-8

Inverting the hessian to get the covariance matrix. Wait...

#Hessian matrix#
1.204292e+002 8.566009e+003 -1.165140e+001 -1.076550e+003 1.092297e-001 1.015120e+002 -1.092315e-001 -1.015121e+002 
8.566009e+003 6.289811e+005 -1.076282e+003 -9.965814e+004 1.028786e+002 1.542786e+004 -1.028786e+002 -1.542786e+004 
-1.165140e+001 -1.076282e+003 1.411418e+001 1.290704e+003 -8.473517e+000 -7.335285e+002 8.473517e+000 7.335285e+002 
-1.076550e+003 -9.965814e+004 1.290704e+003 1.184137e+005 -7.335288e+002 -6.398672e+004 7.335288e+002 6.398672e+004 
1.092297e-001 1.028786e+002 -8.473517e+000 -7.335288e+002 4.372320e+001 3.552568e+003 -4.372320e+001 -3.552568e+003 
1.015120e+002 1.542786e+004 -7.335285e+002 -6.398672e+004 3.552568e+003 2.927698e+005 -3.552568e+003 -2.927698e+005 
-1.092315e-001 -1.028786e+002 8.473517e+000 7.335288e+002 -4.372320e+001 -3.552568e+003 4.372320e+001 3.552568e+003 
-1.015121e+002 -1.542786e+004 7.335285e+002 6.398672e+004 -3.552568e+003 -2.927698e+005 3.552568e+003 2.927698e+005 
Parameters, Wald tests and Wald-based confidence intervals
 W is simply the result of the division of the parameter by the square root of covariance of the parameter.
 And Wald-based confidence intervals plus and minus 1.96 * W 
  It might be better to visualize the covariance matrix. See the page 'Matrix of variance-covariance of one-step probabilities' and its graphs.
12   -5.2136373(   0.5862831) W=  -8.893 CI=[  -6.3627523 ;   -4.0645224]    0.0763489(   0.0083585) W=   9.134 CI=[   0.0599662 ;    0.0927316] 
13  -28.4401262(   5.1793472) W=  -5.491 CI=[ -38.5916467 ;  -18.2886057]    0.2960410(   0.0566036) W=   5.230 CI=[   0.1850978 ;    0.4069841] 
21   -2.4104871(1326.3569734) W=  -0.002 CI=[-2602.0701549 ; 2597.2491806]    1.4891295(  20.9715329) W=   0.071 CI=[ -39.6150750 ;   42.5933340] 
23  -14.5807113(1326.3561387) W=  -0.011 CI=[-2614.2387432 ; 2585.0773206]    1.5906629(  20.9715319) W=   0.076 CI=[ -39.5135395 ;   42.6948654] 
# Scales (for hessian or gradient estimation)
12 1.00000e-004 1.00000e-005
13 2.00000e-003 2.00000e-005
21 1.00000e-003 1.00000e-005
23 1.00000e-003 1.00000e-005
# Covariance matrix 
# 121 Var(a12)
# 122 Cov(b12,a12) Var(b12)
#   ...
# 232 Cov(b23,a12)  Cov(b23,b12) ... Var (b23)
#121 Var(a12)
#122 Cov(b12,a12) Var(b12)
#131 Cov(a13,a12) Cov(a13,b12) Var(a13)
#132 Cov(b13,a12) Cov(b13,b12) Cov(b13,a13) Var(b13)
#211 Cov(a21,a12) Cov(a21,b12) Cov(a21,a13) Cov(a21,b13) Var(a21)
#212 Cov(b21,a12) Cov(b21,b12) Cov(b21,a13) Cov(b21,b13) Cov(b21,a21) Var(b21)
#231 Cov(a23,a12) Cov(a23,b12) Cov(a23,a13) Cov(a23,b13) Cov(a23,a21) Cov(a23,b21) Var(a23)
#232 Cov(b23,a12) Cov(b23,b12) Cov(b23,a13) Cov(b23,b13) Cov(b23,a21) Cov(b23,b21) Cov(b23,a23) Var(b23)
121 3.4372791e-001
122 -4.83457e-003 6.9864687e-005
131 4.74963e-001 -6.77023e-003 2.6825637e+001
132 -6.15460e-003 8.92027e-005 -2.92521e-001 3.2039730e-003
211 8.76873e-001 -1.21224e-002 3.96967e+000 -4.62009e-002 1.7592228e+006
212 9.25047e-003 -1.31288e-004 -6.34519e-002 6.66935e-004 4.83493e-003 4.3980519e+002
231 8.13051e-001 -1.13589e-002 2.26387e+000 -2.69391e-002 1.75922e+006 1.82852e-002 1.7592206e+006
232 1.00444e-002 -1.41079e-004 -4.62240e-002 4.68427e-004 2.91177e-002 4.39805e+002 2.08250e-002 4.3980515e+002
# agemin agemax for life expectancy, bage fage (if mle==0 ie no data nor Max likelihood).
# Observed prevalence period
begin-prev-date=1/1/2013 end-prev-date=1/9/2018 mov_average=0
# Health expectancies computed from stable (period) prevalence (pop_based=0) or population based (1)
pop_based=0
# Prevalence forecasting and backcasting is skept here
##prevforecast=0  starting-proj-date=1/1/1989 final-proj-date=1/1/1990 mobil_average=0
#prevforecast=1 yearsfproj=10 mobil_average=0
#prevbackcast=1 yearsbproj=10 mobil_average=1
End of resultlines.

Computing forward period (stable) prevalence: result on file 'PL_ATFsr.txt' 
Computing pij: result on file 'PIJ_ATFsr.txt' 
Computing standard deviation of one-step probabilities: result on file 'PROB_rATFsr.txt' 
Computing matrix of variance covariance of one-step probabilities: result on file 'PROBCOV_ATFsr.txt' 
and correlation matrix of one-step probabilities: result on file 'PROBCOR_ATFsr.txt' 
Prevalence combination of varying and fixed dummies 1
Warning Observed prevalence doesn't sum to 1 for state 2: probs[50][2][1]=0.000000 because of lack of cases.
Warning Observed prevalence doesn't sum to 1 for state 1: probs[98][1][1]=0.000000 because of lack of cases.
Warning Observed prevalence doesn't sum to 1 for state 2: probs[98][2][1]=0.000000 because of lack of cases.
Warning Observed prevalence doesn't sum to 1 for state 1: probs[99][1][1]=0.000000 because of lack of cases.
Warning Observed prevalence doesn't sum to 1 for state 2: probs[99][2][1]=0.000000 because of lack of cases.
Warning Observed prevalence doesn't sum to 1 for state 1: probs[100][1][1]=0.000000 because of lack of cases.
Warning Observed prevalence doesn't sum to 1 for state 2: probs[100][2][1]=0.000000 because of lack of cases.
Computing Health Expectancies: result on file 'E_ATFsr.txt' ...done evsij
Computing Total Life expectancies with their standard errors: file 'T_ATFsr.txt' ...
  Computing State-specific Expectancies and standard errors: result on file 'STDE_ATFsr.txt' 
    Computing Covar. of State-specific Expectancies: result on file 'CVE_ATFsr.txt' 
      Computing Variance-covariance of State-specific Expectancies: file 'V_ATFsr.txt' ... done State-specific expectancies
Computing Variance-covariance of forward period (stable) prevalence: file 'VPL_ATFsr.txt' ...done variance-covariance of forward period prevalence
End of Imach with 0 errors and/or warnings 1. Please look at the log file for details.
Local time at start Mon May 27 20:51:15 2024

Local time at end   Mon May 27 20:52:09 2024

Total time used 0 day(s) 0 hour(s) 0 minute(s) 54 second(s)
Total time was 54 Sec.
