Log filename:ATMchr.log
Version 0.99r45 $Revision: 1.353 $ $Date: 2023/05/08 18:48:22 $
Enter the parameter file name: 
pathimach=C:\PROGRA~1\IMACH-~2.99R\bin\
pathtot=C:\Users\mmusz\Dropbox\gender_paradox\data\IMACH\ATMchr.txt
 path=C:\Users\mmusz\Dropbox\gender_paradox\data\IMACH\ 
 optionfile=ATMchr.txt
 optionfilext=txt
 optionfilefiname='ATMchr'
Compiled with: Microsoft Visual Studio for Windows (x64 and x86)  64-bit
The programm is not running under WOW64 (i.e probably on a 64bit Windows).
Local time (at start): Tue May 28 07:03:20 2024
title=chr datafile=dataATMchr.txt lastobs=15000 firstpass=1 lastpass=2
ftol=1.000000e-018 stepm=3 ncovcol=0 nqv=0 ntv=0 nqtv=0 nlstate=2 ndeath=1 maxwav=2 mle=1 weight=1
model=1+age+
# Parameters nlstate*nlstate*ncov a12*1 + b12 * age + ...
12 0.000000 0.000000
13 0.000000 0.000000
21 0.000000 0.000000
23 0.000000 0.000000
# Scales (for hessian or gradient estimation)
12 0.000000e+000 0.000000e+000
13 0.000000e+000 0.000000e+000
21 0.000000e+000 0.000000e+000
23 0.000000e+000 0.000000e+000
# Covariance matrix
121 0.00000e+000
122 0.00000e+000 0.00000e+000
131 0.00000e+000 0.00000e+000 0.00000e+000
132 0.00000e+000 0.00000e+000 0.00000e+000 0.00000e+000
211 0.00000e+000 0.00000e+000 0.00000e+000 0.00000e+000 0.00000e+000
212 0.00000e+000 0.00000e+000 0.00000e+000 0.00000e+000 0.00000e+000 0.00000e+000
231 0.00000e+000 0.00000e+000 0.00000e+000 0.00000e+000 0.00000e+000 0.00000e+000 0.00000e+000
232 0.00000e+000 0.00000e+000 0.00000e+000 0.00000e+000 0.00000e+000 0.00000e+000 0.00000e+000 0.00000e+000

Model=1+age+
Typevar: 0 for simple covariate (dummy, quantitative, fixed or varying), 1 for age product, 2 for  product, 3 for double product with age  
Fixed[k] 0=fixed (product or simple), 1 varying, 2 fixed with age product, 3 varying with age product 
Dummy[k] 0=dummy (0 1), 1 quantitative (single or product without age), 2 dummy with age product, 3 quant with age product
ncoveff=0, nqfveff=0, ntveff=0, nqtveff=0, cptcovn=0
ncovf=0, ncovv=0, ncova=0, nsd=0, nsq=0
Warning: The value of parameter lastobs=15000 is big compared to the 
  effective number of cases imx=1106, please adjust, 
  otherwise you are allocating more memory than necessary.
Total number of individuals= 1106, Agemin = 51.25, Agemax= 97.58

Information, you have to check 0 informations which haven't been logged!
Delay (in months) between two waves Min=2 (for indiviudal 711) Max=32 (897) Mean=24.692586

 Age 51 1.=0 loss[1]=NaNQ% 2.=0 loss[2]=0.0% 1.=0 prev[1]=0.0% 2.=0 prev[2]=100.0% 22=0
Age 52 1.=0 loss[1]=0.0% 2.=0 loss[2]=NaNQ% 1.=0 prev[1]=100.0% 2.=0 prev[2]=0.0% 11=0
Age 53 1.=1 loss[1]=0.0% 2.=1 loss[2]=0.0% 1.=1 prev[1]=46.2% 2.=1 prev[2]=53.8% 11=1 21=0 22=0
Age 54 1.=1 loss[1]=0.0% 2.=2 loss[2]=0.0% 1.=1 prev[1]=41.8% 2.=2 prev[2]=58.2% 11=1 12=0 21=0 22=2
Age 55 1.=2 loss[1]=0.0% 2.=5 loss[2]=0.0% 1.=2 prev[1]=31.9% 2.=5 prev[2]=68.1% 11=2 12=1 21=0 22=4
Age 56 1.=2 loss[1]=0.0% 2.=3 loss[2]=0.0% 1.=2 prev[1]=36.9% 2.=3 prev[2]=63.1% 11=1 12=1 21=1 22=2
Age 57 1.=1 loss[1]=0.0% 2.=4 loss[2]=0.0% 1.=1 prev[1]=28.9% 2.=4 prev[2]=71.1% 11=1 12=1 21=1 22=2
Age 58 1.=1 loss[1]=0.0% 2.=3 loss[2]=0.0% 1.=1 prev[1]=29.4% 2.=3 prev[2]=70.6% 11=1 12=0 21=1 22=2
Age 59 1.=2 loss[1]=0.0% 2.=3 loss[2]=0.0% 1.=2 prev[1]=42.0% 2.=3 prev[2]=58.0% 11=1 12=1 21=0 22=2
Age 60 1.=0 loss[1]=0.0% 2.=2 loss[2]=0.0% 1.=0 prev[1]=20.1% 2.=2 prev[2]=79.9% 11=0 12=0 21=0 22=1 23=0
Age 61 1.=1 loss[1]=0.0% 2.=2 loss[2]=0.0% 1.=1 prev[1]=26.7% 2.=2 prev[2]=73.3% 11=0 12=0 21=0 22=1 23=0
Age 62 1.=1 loss[1]=0.0% 2.=1 loss[2]=0.0% 1.=1 prev[1]=36.4% 2.=1 prev[2]=63.6% 11=0 12=0 13=0 21=0 22=1 23=0
Age 63 1.=1 loss[1]=0.0% 2.=2 loss[2]=0.0% 1.=1 prev[1]=23.4% 2.=2 prev[2]=76.6% 11=0 12=0 21=0 22=2 23=0
Age 64 1.=1 loss[1]=0.0% 2.=2 loss[2]=0.0% 1.=1 prev[1]=24.5% 2.=2 prev[2]=75.5% 11=0 12=0 21=0 22=2
Age 65 1.=1 loss[1]=0.0% 2.=2 loss[2]=0.0% 1.=1 prev[1]=39.1% 2.=2 prev[2]=60.9% 11=0 12=1 21=0 22=1 23=0
Age 66 1.=1 loss[1]=0.0% 2.=2 loss[2]=0.0% 1.=1 prev[1]=22.0% 2.=2 prev[2]=78.0% 11=0 12=0 21=0 22=2 23=0
Age 67 1.=0 loss[1]=0.0% 2.=2 loss[2]=0.0% 1.=0 prev[1]=19.3% 2.=2 prev[2]=80.7% 11=0 12=0 21=0 22=2
Age 68 1.=0 loss[1]=0.0% 2.=2 loss[2]=0.0% 1.=0 prev[1]=16.8% 2.=2 prev[2]=83.2% 11=0 12=0 21=0 22=2 23=0
Age 69 1.=0 loss[1]=0.0% 2.=2 loss[2]=0.0% 1.=0 prev[1]=17.0% 2.=2 prev[2]=83.0% 11=0 12=0 21=0 22=2 23=0
Age 70 1.=1 loss[1]=0.0% 2.=1 loss[2]=0.0% 1.=1 prev[1]=30.3% 2.=1 prev[2]=69.7% 11=0 12=0 21=0 22=1 23=0
Age 71 1.=1 loss[1]=0.0% 2.=2 loss[2]=0.0% 1.=1 prev[1]=26.7% 2.=2 prev[2]=73.3% 11=0 12=0 21=0 22=1 23=0
Age 72 1.=0 loss[1]=0.0% 2.=1 loss[2]=0.0% 1.=0 prev[1]=17.4% 2.=1 prev[2]=82.6% 11=0 12=0 21=0 22=1
Age 73 1.=0 loss[1]=0.0% 2.=2 loss[2]=0.0% 1.=0 prev[1]=9.3% 2.=2 prev[2]=90.7% 11=0 12=0 21=0 22=2 23=0
Age 74 1.=0 loss[1]=0.0% 2.=2 loss[2]=0.0% 1.=0 prev[1]=8.2% 2.=2 prev[2]=91.8% 11=0 12=0 21=0 22=2 23=0
Age 75 1.=1 loss[1]=0.0% 2.=2 loss[2]=0.0% 1.=1 prev[1]=27.7% 2.=2 prev[2]=72.3% 11=0 12=0 21=0 22=1 23=0
Age 76 1.=0 loss[1]=0.0% 2.=2 loss[2]=0.0% 1.=0 prev[1]=19.6% 2.=2 prev[2]=80.4% 11=0 12=0 13=0 21=0 22=1 23=0
Age 77 1.=0 loss[1]=0.0% 2.=1 loss[2]=0.0% 1.=0 prev[1]=16.2% 2.=1 prev[2]=83.8% 11=0 12=0 21=0 22=1 23=0
Age 78 1.=0 loss[1]=0.0% 2.=1 loss[2]=0.0% 1.=0 prev[1]=26.0% 2.=1 prev[2]=74.0% 11=0 12=0 13=0 21=0 22=1 23=0
Age 79 1.=0 loss[1]=0.0% 2.=1 loss[2]=0.0% 1.=0 prev[1]=8.8% 2.=1 prev[2]=91.2% 12=0 21=0 22=1 23=0
Age 80 1.=0 loss[1]=0.0% 2.=1 loss[2]=0.0% 1.=0 prev[1]=19.7% 2.=1 prev[2]=80.3% 11=0 12=0 21=0 22=1 23=0
Age 81 1.=0 loss[1]=0.0% 2.=1 loss[2]=0.0% 1.=0 prev[1]=15.9% 2.=1 prev[2]=84.1% 12=0 21=0 22=1 23=0
Age 82 1.=0 loss[1]=NaNQ% 2.=1 loss[2]=0.0% 1.=0 prev[1]=0.0% 2.=1 prev[2]=100.0% 21=0 22=1 23=0
Age 83 1.=0 loss[1]=0.0% 2.=0 loss[2]=0.0% 1.=0 prev[1]=44.0% 2.=0 prev[2]=56.0% 11=0 12=0 22=0
Age 84 1.=0 loss[1]=0.0% 2.=1 loss[2]=0.0% 1.=0 prev[1]=25.7% 2.=1 prev[2]=74.3% 11=0 12=0 21=0 22=0 23=0
Age 85 1.=0 loss[1]=NaNQ% 2.=1 loss[2]=0.0% 1.=0 prev[1]=0.0% 2.=1 prev[2]=100.0% 22=1 23=0
Age 86 1.=0 loss[1]=0.0% 2.=1 loss[2]=0.0% 1.=0 prev[1]=9.0% 2.=1 prev[2]=91.0% 12=0 21=0 22=1 23=0
Age 87 1.=0 loss[1]=NaNQ% 2.=1 loss[2]=0.0% 1.=0 prev[1]=0.0% 2.=1 prev[2]=100.0% 22=0 23=0
Age 88 1.=0 loss[1]=NaNQ% 2.=1 loss[2]=0.0% 1.=0 prev[1]=0.0% 2.=1 prev[2]=100.0% 22=0 23=0
Age 89 1.=0 loss[1]=0.0% 2.=0 loss[2]=0.0% 1.=0 prev[1]=25.9% 2.=0 prev[2]=74.1% 11=0 22=0 23=0
Age 90 1.=0 loss[1]=0.0% 2.=0 loss[2]=0.0% 1.=0 prev[1]=13.3% 2.=0 prev[2]=86.7% 11=0 22=0 23=0
Age 91 1.=0 loss[1]=0.0% 2.=0 loss[2]=0.0% 1.=0 prev[1]=37.6% 2.=0 prev[2]=62.4% 11=0 22=0
Age 92 1.=0 loss[1]=NaNQ% 2.=0 loss[2]=0.0% 1.=0 prev[1]=0.0% 2.=0 prev[2]=100.0% 22=0 23=0
Age 93 1.=0 loss[1]=NaNQ% 2.=0 loss[2]=0.0% 1.=0 prev[1]=0.0% 2.=0 prev[2]=100.0% 22=0
Age 94 1.=0 loss[1]=NaNQ% 2.=0 loss[2]=0.0% 1.=0 prev[1]=0.0% 2.=0 prev[2]=100.0% 23=0
Age 95 1.=0 loss[1]=NaNQ% 2.=0 loss[2]=0.0% 1.=0 prev[1]=0.0% 2.=0 prev[2]=100.0% 22=0
Age 96 1.=0 loss[1]=NaNQ% 2.=0 loss[2]=NaNQ% 1.=0 prev[1]=NaNQ% 2.=0 prev[2]=NaNQ%
Age 97 1.=0 loss[1]=NaNQ% 2.=0 loss[2]=NaNQ% 1.=0 prev[1]=NaNQ% 2.=0 prev[2]=NaNQ%
1 1.=0 loss[1]=NaNQ% 2.=0 loss[2]=NaNQ% 1.=0 prev[1]=NaNQ% 2.=0 prev[2]=NaNQ%
0 1.=0 loss[1]=NaNQ% 2.=0 loss[2]=NaNQ% 1.=0 prev[1]=NaNQ% 2.=0 prev[2]=NaNQ%
Total 1.=21 loss[1]=0.0% 2.=61 loss[2]=0.0% 1.=21 prev[1]=25.9% 2.=61 prev[2]=74.1% 11=13 12=9 13=0 21=8 22=49 23=4


12    0.0000000 ln(9/13)=   -0.3844962 
13    0.0000000 ln(0/13)=   -4.3214841 
21    0.0000000 ln(8/49)=   -1.8822634 
23    0.0000000 ln(4/49)=   -2.4072167 

 -1-1=0 -10=0 -11=0 -12=0 -13=0 0-1=0 00=0 01=0 02=0 03=0 1-1=0 10=0 11=13 12=9 13=0 2-1=0 20=0 21=8 22=49 23=4 3-1=0 30=0 31=0 32=0 33=0
Powell

Powell iter=1 Big Iter=1 -2*LL=8962.070107699072 gain=0 0 sec. 0 sec.
#model=  1      +     age 
12    0.0000000    0.0000000 
13    0.0000000    0.0000000 
21    0.0000000    0.0000000 
23    0.0000000    0.0000000 
1.....2...................3.........4..................5......6..................7.......8..................
Powell iter=2 Big Iter=2 -2*LL=2436.911846884857 gain=6.53e+003 0 sec. 0 sec.
#model=  1      +     age 
12    8.2283471   -0.0019353 
13   -0.4323221    0.0020276 
21    3.0061188   -0.0010489 
23   -1.4396482    0.0026510 

Considering the time needed for this last iteration #2: 0 seconds,
   - if your program needs 1 BIG iterations  (2 iterations) to converge, convergence will be 
   reached in 0 day(s) 0 hour(s) 0 minute(s) 0 second(s) i.e.
   on Tue May 28 07:03:20 2024 (current time is Tue May 28 07:03:20 2024);
   - if your program needs 11 BIG iterations  (22 iterations) to converge, convergence will be 
   reached in 0 day(s) 0 hour(s) 0 minute(s) 0 second(s) i.e.
   on Tue May 28 07:03:20 2024 (current time is Tue May 28 07:03:20 2024);
   - if your program needs 21 BIG iterations  (42 iterations) to converge, convergence will be 
   reached in 0 day(s) 0 hour(s) 0 minute(s) 0 second(s) i.e.
   on Tue May 28 07:03:20 2024 (current time is Tue May 28 07:03:20 2024);
   - if your program needs 31 BIG iterations  (62 iterations) to converge, convergence will be 
   reached in 0 day(s) 0 hour(s) 0 minute(s) 0 second(s) i.e.
   on Tue May 28 07:03:20 2024 (current time is Tue May 28 07:03:20 2024);
1..........2...................3........4..................5.........6.................7.......8..................
Powell iter=3 Big Iter=2 -2*LL=2189.575676722552 gain=247 0 sec. 0 sec.
#model=  1      +     age 
12    4.3090696   -0.0041668 
13   -1.3605350    0.0055914 
21    2.3116364   -0.0023502 
23   -2.9475880    0.0065058 

Considering the time needed for this last iteration #3: 0 seconds,
   - if your program needs 1 BIG iterations  (2 iterations) to converge, convergence will be 
   reached in 0 day(s) 0 hour(s) 0 minute(s) 0 second(s) i.e.
   on Tue May 28 07:03:20 2024 (current time is Tue May 28 07:03:20 2024);
   - if your program needs 11 BIG iterations  (22 iterations) to converge, convergence will be 
   reached in 0 day(s) 0 hour(s) 0 minute(s) 0 second(s) i.e.
   on Tue May 28 07:03:20 2024 (current time is Tue May 28 07:03:20 2024);
   - if your program needs 21 BIG iterations  (42 iterations) to converge, convergence will be 
   reached in 0 day(s) 0 hour(s) 0 minute(s) 0 second(s) i.e.
   on Tue May 28 07:03:20 2024 (current time is Tue May 28 07:03:20 2024);
   - if your program needs 31 BIG iterations  (62 iterations) to converge, convergence will be 
   reached in 0 day(s) 0 hour(s) 0 minute(s) 0 second(s) i.e.
   on Tue May 28 07:03:20 2024 (current time is Tue May 28 07:03:20 2024);
1..........2...................3..........4..................5.......6.................7.......8...........................Gaining to use new average direction of P0 P8 instead of biggest increase direction 7 :

Powell iter=4 Big Iter=3 -2*LL=1899.010233179673 gain=291 0 sec. 0 sec.
#model=  1      +     age 
12    3.8851923   -0.0101662 
13   -2.2764263    0.0134627 
21   -0.1306420   -0.0082863 
23   -6.0883454    0.0156996 
1..........2...................3..........4...................5.........6..................7....................8.........directest= 263.267664051714 (if directest<0 or t<0 we include P0 Pn as new direction), t= -83730.187168361183, f1= 1899.010233179673,f2= 1894.822545913258,f3= 2156.558290900333, del= 1.327884100888
f1-2f2+f3= 265.923432253489, f1-f2-del= 2.859803165527, f1-f3= -257.548057720661

Powell iter=5 Big Iter=3 -2*LL=1894.822545913258 gain=4.19 1 sec. 1 sec.
#model=  1      +     age 
12    3.6531390   -0.0136658 
13   -2.4427832    0.0172427 
21   -0.1591769   -0.0093562 
23   -6.0837903    0.0164237 
1.........2...................3..........4...................5.........6..................7...................8..................Gaining to use new average direction of P0 P8 instead of biggest increase direction 1 :

Powell iter=6 Big Iter=4 -2*LL=1837.193499950201 gain=57.6 0 sec. 1 sec.
#model=  1      +     age 
12    8.2060340   -0.0649552 
13   -5.4531285    0.0735263 
21    1.1712888   -0.0253746 
23   -5.9508010   -0.0008099 
1.........2.................3..........4..................5.........6..................7...................8.........directest= 52.947927419988 (if directest<0 or t<0 we include P0 Pn as new direction), t= -5371.324053782350, f1= 1837.193499950201,f2= 1831.316569192454,f3= 1884.192307653169, del= 2.902370899237
f1-2f2+f3= 58.752669218463, f1-f2-del= 2.974559858510, f1-f3= -46.998807702969

Powell iter=7 Big Iter=4 -2*LL=1831.316569192454 gain=5.88 0 sec. 1 sec.
#model=  1      +     age 
12    8.8631552   -0.0716335 
13   -5.9585201    0.0826326 
21    1.2470020   -0.0288628 
23   -6.1230105    0.0018049 
1..........2.................3.........4..................5.........6..................7..................8.................Gaining to use new average direction of P0 P8 instead of biggest increase direction 2 :

Powell iter=8 Big Iter=5 -2*LL=1821.935887727827 gain=9.38 1 sec. 2 sec.
#model=  1      +     age 
12   11.7306949   -0.0921508 
13   -7.8607060    0.1189705 
21    2.1894165   -0.0435370 
23   -6.1884692    0.0172074 
1.........2........3..........4..................5.........6..............7..................8.........directest= 27.564158568145 (if directest<0 or t<0 we include P0 Pn as new direction), t= -911.788391678988, f1= 1821.935887727827,f2= 1819.060014901023,f3= 1846.971685844415, del= 1.611692601025
f1-2f2+f3= 30.787543770195, f1-f2-del= 1.264180225779, f1-f3= -25.035798116588

Powell iter=9 Big Iter=5 -2*LL=1819.060014901023 gain=2.88 0 sec. 2 sec.
#model=  1      +     age 
12   12.5510961   -0.0990987 
13   -8.6981848    0.1290658 
21    2.5147915   -0.0478519 
23   -6.1807240    0.0188634 
1.........2........3..........4..................5.........6..............7..................8................Gaining to use new average direction of P0 P8 instead of biggest increase direction 2 :

Powell iter=10 Big Iter=6 -2*LL=1815.335005179773 gain=3.73 0 sec. 2 sec.
#model=  1      +     age 
12   17.2303821   -0.1431672 
13  -12.6251443    0.1859086 
21    4.1070709   -0.0704623 
23   -6.1024898    0.0211080 
1.........2..........3.........4..................5.........6..............7..................8........directest= 2.088888792662 (if directest<0 or t<0 we include P0 Pn as new direction), t= -0.280531271251, f1= 1815.335005179773,f2= 1815.126325861150,f3= 1817.200495602863, del= 0.096980133837
f1-2f2+f3= 2.282849060336, f1-f2-del= 0.111699184786, f1-f3= -1.865490423090

Powell iter=11 Big Iter=6 -2*LL=1815.126325861150 gain=0.209 0 sec. 2 sec.
#model=  1      +     age 
12   17.3267466   -0.1443732 
13  -12.7479853    0.1867212 
21    4.1588855   -0.0711710 
23   -6.1177248    0.0208486 
1.........2..........3.........4..................5.........6..............7..................8................Gaining to use new average direction of P0 P8 instead of biggest increase direction 5 :

Powell iter=12 Big Iter=7 -2*LL=1814.281370108814 gain=0.845 0 sec. 2 sec.
#model=  1      +     age 
12   16.7869203   -0.1386654 
13  -12.1499210    0.1738341 
21    4.3182909   -0.0728916 
23   -6.3314195    0.0248736 
1.........2..........3.........4..................5........6..............7..................8..................Gaining to use new average direction of P0 P8 instead of biggest increase direction 3 :

Powell iter=13 Big Iter=7 -2*LL=1812.904885322056 gain=1.38 1 sec. 3 sec.
#model=  1      +     age 
12   15.0995394   -0.1211484 
13   -9.9175354    0.1425161 
21    4.2839144   -0.0720242 
23   -6.7633102    0.0313915 
1..........2..........3.........4..................5........6..............7..................8................Gaining to use new average direction of P0 P8 instead of biggest increase direction 8 :

Powell iter=14 Big Iter=8 -2*LL=1810.072612872598 gain=2.83 0 sec. 3 sec.
#model=  1      +     age 
12   12.2326362   -0.0904067 
13   -6.0918287    0.0945226 
21    4.2712446   -0.0717632 
23   -7.6842494    0.0438163 
1...........2..........3.........4...................5.........6...............7...................8.........
Powell iter=15 Big Iter=8 -2*LL=1808.041516510258 gain=2.03 0 sec. 3 sec.
#model=  1      +     age 
12   12.7624101   -0.0940498 
13   -6.0485753    0.0997580 
21    4.6018768   -0.0770736 
23   -7.9787783    0.0472041 
1..........2..........3..........4....................5..........6...............7...................8................Gaining to use new average direction of P0 P8 instead of biggest increase direction 8 :

Powell iter=16 Big Iter=9 -2*LL=1806.897743495351 gain=1.14 0 sec. 3 sec.
#model=  1      +     age 
12   13.2836661   -0.0967287 
13   -5.5805167    0.1006724 
21    5.2317592   -0.0866300 
23   -8.6303039    0.0548732 
1.........2..........3.........4...................5.........6...............7...................8........
Powell iter=17 Big Iter=9 -2*LL=1806.792367577824 gain=0.105 1 sec. 4 sec.
#model=  1      +     age 
12   13.0686009   -0.0943730 
13   -5.2647220    0.0957063 
21    5.3069110   -0.0875984 
23   -8.7877401    0.0571338 
1.........2...........3.........4...................5..........6...............7...................8...............Gaining to use new average direction of P0 P8 instead of biggest increase direction 1 :

Powell iter=18 Big Iter=10 -2*LL=1806.518037899146 gain=0.274 0 sec. 4 sec.
#model=  1      +     age 
12   12.4408531   -0.0869273 
13   -4.2558365    0.0783490 
21    5.6194489   -0.0921438 
23   -9.3891050    0.0669954 
1........2..........3.........4....................5..........6...............7....................8..........
Powell iter=19 Big Iter=10 -2*LL=1806.331222368101 gain=0.187 0 sec. 4 sec.
#model=  1      +     age 
12   12.2881454   -0.0855621 
13   -4.1078549    0.0745043 
21    5.5936023   -0.0918189 
23   -9.4639098    0.0682222 
1........2..........3.........4...................5..........6...............7....................8.................Gaining to use new average direction of P0 P8 instead of biggest increase direction 8 :

Powell iter=20 Big Iter=11 -2*LL=1804.846310630559 gain=1.48 0 sec. 4 sec.
#model=  1      +     age 
12   11.3287605   -0.0773044 
13   -2.6925990    0.0414849 
21    5.3278765   -0.0886497 
23  -10.5583368    0.0839551 
1........2.........3.........4....................5.........6...............7..................8.........
Powell iter=21 Big Iter=11 -2*LL=1804.351337717720 gain=0.495 0 sec. 4 sec.
#model=  1      +     age 
12   11.0913331   -0.0762073 
13   -2.5255269    0.0367721 
21    5.0947599   -0.0852159 
23  -10.7260408    0.0857645 
1........2..........3.........4....................5..........6................7..................8................Gaining to use new average direction of P0 P8 instead of biggest increase direction 8 :

Powell iter=22 Big Iter=12 -2*LL=1803.156436030393 gain=1.19 1 sec. 5 sec.
#model=  1      +     age 
12   11.9914495   -0.0892029 
13   -3.0131769    0.0528945 
21    4.5147635   -0.0767006 
23  -11.6993979    0.0959494 
1........2..........3........4.....................5..........6................7....................8..................directest= 3.396706786001 (if directest<0 or t<0 we include P0 Pn as new direction), t= -0.092487208811, f1= 1803.156436030393,f2= 1803.136144021961,f3= 1806.528996442498, del= 0.008218821484
f1-2f2+f3= 3.413144428969, f1-f2-del= 0.012073186948, f1-f3= -3.372560412105

Powell iter=23 Big Iter=12 -2*LL=1803.136144021961 gain=0.0203 0 sec. 5 sec.
#model=  1      +     age 
12   12.1169770   -0.0904497 
13   -3.1015696    0.0551045 
21    4.5290765   -0.0770230 
23  -11.6977660    0.0955482 
1........2..........3........4...................5............6.................7..................8.................Gaining to use new average direction of P0 P8 instead of biggest increase direction 1 :

Powell iter=24 Big Iter=13 -2*LL=1803.135688505351 gain=0.000456 0 sec. 5 sec.
#model=  1      +     age 
12   12.1133545   -0.0903749 
13   -3.0758473    0.0549711 
21    4.5422146   -0.0772086 
23  -11.7175484    0.0957492 
1...................2..........3........4...................5..........6.................7.....................8.........
Powell iter=25 Big Iter=13 -2*LL=1803.135637469215 gain=5.1e-005 0 sec. 5 sec.
#model=  1      +     age 
12   12.1114320   -0.0903615 
13   -3.0752786    0.0549562 
21    4.5419840   -0.0772060 
23  -11.7171339    0.0957403 
1...................2............3........4...................5...........6.................7........................8.....................Gaining to use new average direction of P0 P8 instead of biggest increase direction 2 :

Powell iter=26 Big Iter=14 -2*LL=1803.124559201760 gain=0.0111 1 sec. 6 sec.
#model=  1      +     age 
12   11.7307832   -0.0897968 
13   -3.1223630    0.0508967 
21    4.5214932   -0.0769544 
23  -11.9122244    0.0982320 
1..........2..........3........4...................5..........6................7..................8........
Powell iter=27 Big Iter=14 -2*LL=1803.116530264059 gain=0.00803 0 sec. 6 sec.
#model=  1      +     age 
12   11.6338775   -0.0903789 
13   -3.2248353    0.0507617 
21    4.5039905   -0.0767162 
23  -11.9881890    0.0990637 
1..........2................3........4...................5..........6...............7..................8.................Gaining to use new average direction of P0 P8 instead of biggest increase direction 3 :

Powell iter=28 Big Iter=15 -2*LL=1802.875498139471 gain=0.241 1 sec. 7 sec.
#model=  1      +     age 
12    9.7778950   -0.0926490 
13   -4.3813891    0.0413065 
21    4.4369362   -0.0759902 
23  -12.7620639    0.1080749 
1..........2.......3........4....................5.........6...............7..................8...........directest= 26.660136473472 (if directest<0 or t<0 we include P0 Pn as new direction), t= -133.464847417266, f1= 1802.875498139471,f2= 1802.532723996481,f3= 1829.237634903762, del= 0.193774288400
f1-2f2+f3= 27.047685050272, f1-f2-del= 0.148999854591, f1-f3= -26.362136764291

Powell iter=29 Big Iter=15 -2*LL=1802.532723996481 gain=0.343 1 sec. 8 sec.
#model=  1      +     age 
12    9.4639709   -0.0935593 
13   -4.8013677    0.0416373 
21    4.5836902   -0.0785132 
23  -12.7554906    0.1080860 
1..........2.......3.........4...................5.........6................7..................8....................Gaining to use new average direction of P0 P8 instead of biggest increase direction 8 :

Powell iter=30 Big Iter=16 -2*LL=1801.169310334042 gain=1.36 0 sec. 8 sec.
#model=  1      +     age 
12    8.4343530   -0.0978970 
13   -6.7227407    0.0459286 
21    5.1101122   -0.0881765 
23  -12.4031611    0.1049822 
1........2......3.........4....................5..........6...............7..................8........directest= 40.433084564990 (if directest<0 or t<0 we include P0 Pn as new direction), t= -3343.115616300668, f1= 1801.169310334042,f2= 1798.101615500875,f3= 1839.983375021005, del= 2.258184894154
f1-2f2+f3= 44.949454353298, f1-f2-del= 0.809509939013, f1-f3= -38.814064686963

Powell iter=31 Big Iter=16 -2*LL=1798.101615500875 gain=3.07 1 sec. 9 sec.
#model=  1      +     age 
12    7.9417684   -0.0980492 
13   -7.8931083    0.0482630 
21    5.8107534   -0.1001919 
23  -11.6600218    0.0971282 
1.........2........3.........4...................5..........6..............7...................8..................Gaining to use new average direction of P0 P8 instead of biggest increase direction 8 :

Powell iter=32 Big Iter=17 -2*LL=1784.389976766020 gain=13.7 0 sec. 9 sec.
#model=  1      +     age 
12    8.0982014   -0.1191165 
13  -11.7626238    0.0730935 
21    8.0662086   -0.1404762 
23  -11.4215165    0.0943172 
1........2........3........4..................5..........6.............7..................8........directest= 35.124504971410 (if directest<0 or t<0 we include P0 Pn as new direction), t= -1226.063199539348, f1= 1784.389976766020,f2= 1769.422284416087,f3= 1807.715197190637, del= 9.068050076536
f1-2f2+f3= 53.260605124483, f1-f2-del= 5.899642273397, f1-f3= -23.325220424617

Powell iter=33 Big Iter=17 -2*LL=1769.422284416087 gain=15 0 sec. 9 sec.
#model=  1      +     age 
12    8.6561606   -0.1321126 
13  -13.6274861    0.0913620 
21    9.8089459   -0.1715805 
23  -11.4819764    0.0944479 
1........2.......3........4...................5..........6..............7.........................8...............Gaining to use new average direction of P0 P8 instead of biggest increase direction 8 :

Powell iter=34 Big Iter=18 -2*LL=1762.071004225943 gain=7.35 1 sec. 10 sec.
#model=  1      +     age 
12    9.6533560   -0.1526573 
13  -16.4104363    0.1247242 
21   10.7059316   -0.1917780 
23  -11.4043408    0.0931580 
1........2.......3.........4...................5..........6.............7..................8........
Powell iter=35 Big Iter=18 -2*LL=1761.336155029037 gain=0.735 1 sec. 11 sec.
#model=  1      +     age 
12    9.3764000   -0.1485586 
13  -15.8836153    0.1215357 
21   10.7135002   -0.1923141 
23  -11.4797710    0.0940764 
1........2......3........4...................5..........6.............7..................8...................Gaining to use new average direction of P0 P8 instead of biggest increase direction 6 :

Powell iter=36 Big Iter=19 -2*LL=1748.326018706280 gain=13 0 sec. 11 sec.
#model=  1      +     age 
12    4.1688167   -0.0860091 
13   -9.3107473    0.0394025 
21    9.7807502   -0.1899947 
23  -11.7617121    0.0971600 
1........2........3........4..................5...........6........7.................8........directest= 109.667710204850 (if directest<0 or t<0 we include P0 Pn as new direction), t= -59312.994717094465, f1= 1748.326018706280,f2= 1732.514798649851,f3= 1842.870567957164, del= 8.249639579446
f1-2f2+f3= 126.166989363741, f1-f2-del= 7.561580476982, f1-f3= -94.544549250885

Powell iter=37 Big Iter=19 -2*LL=1732.514798649851 gain=15.8 1 sec. 12 sec.
#model=  1      +     age 
12    1.3531886   -0.0545563 
13   -6.1582551   -0.0049288 
21    7.9494019   -0.1704701 
23  -11.7203834    0.0964492 
1.......2......3........4..................5.........6.......7.................8..........
Powell iter=38 Big Iter=20 -2*LL=1688.693229902169 gain=43.8 0 sec. 12 sec.
#model=  1      +     age 
12   -0.5233862   -0.0347386 
13   -4.3371138   -0.0347848 
21    5.3109275   -0.1366305 
23  -11.3934052    0.0922529 
1.......2.......3........4..................5.........6.......7.................8...............Gaining to use new average direction of P0 P8 instead of biggest increase direction 8 :

Powell iter=39 Big Iter=20 -2*LL=1618.542559886380 gain=70.2 1 sec. 13 sec.
#model=  1      +     age 
12   -3.4396975    0.0095616 
13    0.9687719   -0.1264423 
21   -1.3392881   -0.0382858 
23  -10.7733337    0.0845936 
1........2.......3........4.................5..........6........7..................8........directest= 31.579940178664 (if directest<0 or t<0 we include P0 Pn as new direction), t= -80.608023895414, f1= 1618.542559886380,f2= 1611.038010506099,f3= 1641.225513658984, del= 3.056056177251
f1-2f2+f3= 37.692052533167, f1-f2-del= 4.448493203030, f1-f3= -22.682953772604

Powell iter=40 Big Iter=21 -2*LL=1611.038010506099 gain=7.5 0 sec. 13 sec.
#model=  1      +     age 
12   -3.6132382    0.0157992 
13    2.0843940   -0.1606245 
21   -1.3013919   -0.0376240 
23  -11.0160322    0.0877646 
1........2......3........4................5..........6........7...................8..............Gaining to use new average direction of P0 P8 instead of biggest increase direction 2 :

Powell iter=41 Big Iter=21 -2*LL=1608.363010043569 gain=2.68 1 sec. 14 sec.
#model=  1      +     age 
12   -4.5586858    0.0293714 
13    4.2334714   -0.2046242 
21   -1.2707104   -0.0380153 
23  -11.7434230    0.0970400 
1........2........3........4..................5..........6........7..................8.......
Powell iter=42 Big Iter=22 -2*LL=1607.671898764868 gain=0.691 0 sec. 14 sec.
#model=  1      +     age 
12   -4.4920766    0.0285944 
13    4.4538036   -0.2065887 
21   -1.2389305   -0.0388957 
23  -12.0733691    0.1011760 
1........2........3.........4..................5..........6........7..................8..............Gaining to use new average direction of P0 P8 instead of biggest increase direction 3 :

Powell iter=43 Big Iter=22 -2*LL=1607.434638892994 gain=0.237 1 sec. 15 sec.
#model=  1      +     age 
12   -4.4500589    0.0282719 
13    4.7046221   -0.2084822 
21   -1.1898715   -0.0400038 
23  -12.3773131    0.1049539 
1........2........3........4.................5..........6........7.................8.......directest= 0.056681838895 (if directest<0 or t<0 we include P0 Pn as new direction), t= -0.000002850456, f1= 1607.434638892994,f2= 1607.432339499602,f3= 1607.488793752597, del= 0.001035903746
f1-2f2+f3= 0.058753646387, f1-f2-del= 0.001263489646, f1-f3= -0.054154859602

Powell iter=44 Big Iter=23 -2*LL=1607.432339499602 gain=0.0023 0 sec. 15 sec.
#model=  1      +     age 
12   -4.4448741    0.0282005 
13    4.6799833   -0.2080349 
21   -1.1699603   -0.0403171 
23  -12.3613301    0.1047407 
1........2........3..........4.................5..........6........7.................8.............Gaining to use new average direction of P0 P8 instead of biggest increase direction 1 :

Powell iter=45 Big Iter=23 -2*LL=1607.430796026768 gain=0.00154 1 sec. 16 sec.
#model=  1      +     age 
12   -4.4593990    0.0284312 
13    4.6847009   -0.2080984 
21   -1.1619980   -0.0404605 
23  -12.3380713    0.1044486 
1.................2..............3..........4..................5...........6.........7....................8.......directest= 0.000509480950 (if directest<0 or t<0 we include P0 Pn as new direction), t= -0.000000000004, f1= 1607.430796026768,f2= 1607.430777869506,f3= 1607.431300272317, del= 0.000015539561
f1-2f2+f3= 0.000540560073, f1-f2-del= 0.000002617700, f1-f3= -0.000504245549

Powell iter=46 Big Iter=24 -2*LL=1607.430777869506 gain=1.82e-005 0 sec. 16 sec.
#model=  1      +     age 
12   -4.4609067    0.0284525 
13    4.6889889   -0.2081802 
21   -1.1616692   -0.0404658 
23  -12.3402892    0.1044763 
1...........2................3.........4...........................5...........6.......................7.....................8....................Gaining to use new average direction of P0 P8 instead of biggest increase direction 5 :

Powell iter=47 Big Iter=24 -2*LL=1607.430708656744 gain=6.92e-005 1 sec. 17 sec.
#model=  1      +     age 
12   -4.4586872    0.0284260 
13    4.6894576   -0.2081574 
21   -1.1580390   -0.0405237 
23  -12.3445728    0.1045297 
1.......2........3........4.................5........6.........7.........................8............Gaining to use new average direction of P0 P8 instead of biggest increase direction 8 :

Powell iter=48 Big Iter=25 -2*LL=1607.430459394004 gain=0.000249 0 sec. 17 sec.
#model=  1      +     age 
12   -4.4563635    0.0283985 
13    4.6898590   -0.2081290 
21   -1.1534805   -0.0405957 
23  -12.3499162    0.1045963 
1.......2........3.........4..................5...................6.........7....................8..........Gaining to use new average direction of P0 P8 instead of biggest increase direction 8 :

Powell iter=49 Big Iter=25 -2*LL=1607.428587517315 gain=0.00187 1 sec. 18 sec.
#model=  1      +     age 
12   -4.4474273    0.0282917 
13    4.6843297   -0.2079341 
21   -1.1368881   -0.0408571 
23  -12.3687534    0.1048312 
1.......2.......3................4.................5........6........7....................8...........Gaining to use new average direction of P0 P8 instead of biggest increase direction 8 :

Powell iter=50 Big Iter=26 -2*LL=1607.417031494238 gain=0.0116 0 sec. 18 sec.
#model=  1      +     age 
12   -4.4249970    0.0280202 
13    4.6298460   -0.2068599 
21   -1.0996011   -0.0414437 
23  -12.4093451    0.1053373 
1......2........3........4.................5......6........7.................8............Gaining to use new average direction of P0 P8 instead of biggest increase direction 8 :

Powell iter=51 Big Iter=26 -2*LL=1607.341859827039 gain=0.0752 1 sec. 19 sec.
#model=  1      +     age 
12   -4.3580167    0.0271994 
13    4.2302681   -0.1998277 
21   -1.0064328   -0.0429136 
23  -12.5074323    0.1065594 
1......2........3........4..................5......6........7.................8...........Gaining to use new average direction of P0 P8 instead of biggest increase direction 8 :

Powell iter=52 Big Iter=27 -2*LL=1606.888300816920 gain=0.454 0 sec. 19 sec.
#model=  1      +     age 
12   -4.1793233    0.0249867 
13    1.8007830   -0.1578434 
21   -0.8139227   -0.0459774 
23  -12.7077851    0.1090510 
1......2........3........4..................5.....6........7.................8.................Gaining to use new average direction of P0 P8 instead of biggest increase direction 8 :

Powell iter=53 Big Iter=27 -2*LL=1604.791568408988 gain=2.1 0 sec. 19 sec.
#model=  1      +     age 
12   -3.9342536    0.0219229 
13   -7.1844046   -0.0020508 
21   -0.6524906   -0.0486177 
23  -12.8937058    0.1113419 
1.......2........3........4..................5......6.......7.................8...........directest= 28.592622365029 (if directest<0 or t<0 we include P0 Pn as new direction), t= -771.568422555279, f1= 1604.791568408988,f2= 1602.174919253661,f3= 1630.758476701112, del= 1.303792118875
f1-2f2+f3= 31.200206602778, f1-f2-del= 1.312857036452, f1-f3= -25.966908292124

Powell iter=54 Big Iter=28 -2*LL=1602.174919253661 gain=2.62 1 sec. 20 sec.
#model=  1      +     age 
12   -4.3032600    0.0265686 
13  -10.1944924    0.0473538 
21   -1.0696645   -0.0419688 
23  -12.5330294    0.1068156 
1......2........3........4..................5......6.......7..................8................Gaining to use new average direction of P0 P8 instead of biggest increase direction 8 :

Powell iter=55 Big Iter=28 -2*LL=1601.402184378197 gain=0.773 0 sec. 20 sec.
#model=  1      +     age 
12   -4.7186462    0.0321687 
13  -12.9479180    0.0864867 
21   -1.3240234   -0.0378769 
23  -12.5464297    0.1069601 
1......2..........3.........4..................5.................6.......7...................8........directest= 0.197156511405 (if directest<0 or t<0 we include P0 Pn as new direction), t= -0.002250359076, f1= 1601.402184378197,f2= 1601.324368606733,f3= 1601.583389350663, del= 0.069840001995
f1-2f2+f3= 0.336836515395, f1-f2-del= 0.007975769469, f1-f3= -0.181204972466

Powell iter=56 Big Iter=29 -2*LL=1601.324368606733 gain=0.0778 1 sec. 21 sec.
#model=  1      +     age 
12   -4.7590102    0.0327798 
13  -12.9125430    0.0816132 
21   -1.3241747   -0.0378936 
23  -12.6057562    0.1077090 
1.......2........3.........4..................5......6.......7.................8.............Gaining to use new average direction of P0 P8 instead of biggest increase direction 3 :

Powell iter=57 Big Iter=29 -2*LL=1601.199184597039 gain=0.125 0 sec. 21 sec.
#model=  1      +     age 
12   -4.6595949    0.0314526 
13  -14.9976433    0.1107310 
21   -1.2525318   -0.0389373 
23  -12.5383113    0.1068510 
1........2........3.............4..................5......6........7..................8.......directest= 0.074495507588 (if directest<0 or t<0 we include P0 Pn as new direction), t= -0.000000431662, f1= 1601.199184597039,f2= 1601.181855880468,f3= 1601.252766306917, del= 0.006871817716
f1-2f2+f3= 0.088239143020, f1-f2-del= 0.010456898855, f1-f3= -0.053581709878

Powell iter=58 Big Iter=30 -2*LL=1601.181855880468 gain=0.0173 1 sec. 22 sec.
#model=  1      +     age 
12   -4.6616401    0.0315311 
13  -15.2752988    0.1132748 
21   -1.2934123   -0.0383728 
23  -12.5508290    0.1070263 
1.......2.........3........4..................5............6.........7..........................8................Gaining to use new average direction of P0 P8 instead of biggest increase direction 4 :

Powell iter=59 Big Iter=30 -2*LL=1601.180039793753 gain=0.00182 0 sec. 22 sec.
#model=  1      +     age 
12   -4.6740671    0.0317101 
13  -15.4941244    0.1156954 
21   -1.3063329   -0.0381843 
23  -12.5555606    0.1070907 
1.......2........3........4........5..........6.......7.....................8........
Powell iter=60 Big Iter=31 -2*LL=1601.179582046089 gain=0.000458 1 sec. 23 sec.
#model=  1      +     age 
12   -4.6767667    0.0317521 
13  -15.4979772    0.1157991 
21   -1.3016825   -0.0382582 
23  -12.5671174    0.1072341 
1........2........3........4........5...........6.........7...................8................
Powell iter=61 Big Iter=31 -2*LL=1601.179504118520 gain=7.79e-005 0 sec. 23 sec.
#model=  1      +     age 
12   -4.6773324    0.0317613 
13  -15.4983041    0.1158077 
21   -1.2988785   -0.0383017 
23  -12.5716324    0.1072902 
1........2........3...........4........5......................6..................7....................8...................Gaining to use new average direction of P0 P8 instead of biggest increase direction 2 :

Powell iter=62 Big Iter=32 -2*LL=1601.179488162120 gain=1.6e-005 1 sec. 24 sec.
#model=  1      +     age 
12   -4.6773653    0.0317625 
13  -15.4984315    0.1158016 
21   -1.2964891   -0.0383381 
23  -12.5743010    0.1073234 
1............2................3.......4..................5.................6...................7....................8...............directest= 0.000002387076 (if directest<0 or t<0 we include P0 Pn as new direction), t= -0.000000000000, f1= 1601.179488162120,f2= 1601.179487925809,f3= 1601.179490384678, del= 0.000000154052
f1-2f2+f3= 0.000002695180, f1-f2-del= 0.000000082259, f1-f3= -0.000002222558

Powell iter=63 Big Iter=32 -2*LL=1601.179487925809 gain=2.36e-007 1 sec. 25 sec.
#model=  1      +     age 
12   -4.6771822    0.0317599 
13  -15.4973538    0.1157857 
21   -1.2963353   -0.0383403 
23  -12.5741574    0.1073216 
1..............2..............3.............4...........................5.................6...................7...............................8........................Gaining to use new average direction of P0 P8 instead of biggest increase direction 1 :

Powell iter=64 Big Iter=33 -2*LL=1601.179487803998 gain=1.22e-007 1 sec. 26 sec.
#model=  1      +     age 
12   -4.6771474    0.0317593 
13  -15.4983231    0.1157938 
21   -1.2962638   -0.0383412 
23  -12.5740243    0.1073200 
1...............2..................3................4..........................5..............................6..................................7.....................8...................directest= 0.000000020249 (if directest<0 or t<0 we include P0 Pn as new direction), t= -0.000000000000, f1= 1601.179487803998,f2= 1601.179487803535,f3= 1601.179487824017, del= 0.000000000348
f1-2f2+f3= 0.000000020945, f1-f2-del= 0.000000000115, f1-f3= -0.000000020019

Powell iter=65 Big Iter=33 -2*LL=1601.179487803535 gain=4.63e-010 1 sec. 27 sec.
#model=  1      +     age 
12   -4.6771529    0.0317594 
13  -15.4983507    0.1157942 
21   -1.2962655   -0.0383412 
23  -12.5740215    0.1073199 
1.......................2......................3.............................4..........................5..............................6.......................7....................8..............................Gaining to use new average direction of P0 P8 instead of biggest increase direction 2 :

Powell iter=66 Big Iter=34 -2*LL=1601.179487803323 gain=2.12e-010 1 sec. 28 sec.
#model=  1      +     age 
12   -4.6771502    0.0317593 
13  -15.4983043    0.1157937 
21   -1.2962582   -0.0383413 
23  -12.5740176    0.1073199 
1............................2.................................3........................4..........................5.......................................6......................7....................8..............................................directest= 0.000000000051 (if directest<0 or t<0 we include P0 Pn as new direction), t= -0.000000000000, f1= 1601.179487803323,f2= 1601.179487803322,f3= 1601.179487803374, del= 0.000000000001
f1-2f2+f3= 0.000000000053, f1-f2-del= 0.000000000000, f1-f3= -0.000000000051

Powell iter=67 Big Iter=34 -2*LL=1601.179487803322 gain=1.36e-012 1 sec. 29 sec.
#model=  1      +     age 
12   -4.6771502    0.0317593 
13  -15.4983041    0.1157937 
21   -1.2962579   -0.0383413 
23  -12.5740180    0.1073199 
1.....................................2.........................................3.......................4.........................5........................................6.....................7.....................8.........................................directest= 0.000000000003 (if directest<0 or t<0 we include P0 Pn as new direction), t= -0.000000000000, f1= 1601.179487803322,f2= 1601.179487803321,f3= 1601.179487803324, del= 0.000000000000
f1-2f2+f3= 0.000000000004, f1-f2-del= 0.000000000000, f1-f3= -0.000000000003

Powell iter=68 Big Iter=35 -2*LL=1601.179487803321 gain=6.82e-013 1 sec. 30 sec.
#model=  1      +     age 
12   -4.6771501    0.0317593 
13  -15.4983055    0.1157937 
21   -1.2962578   -0.0383413 
23  -12.5740179    0.1073199 
1.....................................2..........................................3..........................4...........................5..............................6......................7...............................8...........................................
#Number of iterations & function calls = 68 & 9383, -2 Log likelihood = 1601.179487803321
# Parameters nlstate*nlstate*ncov a12*1 + b12 * age + ...
#model=  1      +     age 
12   -4.6771501    0.0317593 
13  -15.4983055    0.1157937 
21   -1.2962578   -0.0383413 
23  -12.5740179    0.1073199 

Calculation of the hessian matrix. Wait...
1-2-3-4-5-6-7-8-.1-2.1-3.1-4.1-5.1-6.1-7.1-8.2-3.2-4.2-5.2-6.2-7.2-8.3-4.3-5.3-6.3-7.3-8.4-5.4-6.4-7.4-8.5-6.5-7.5-8.6-7.6-8.7-8

Inverting the hessian to get the covariance matrix. Wait...

#Hessian matrix#
1.059010e+002 6.970669e+003 1.759779e-001 1.212060e+001 -3.484630e+001 -2.274944e+003 1.824711e-001 1.536952e+001 
6.970669e+003 4.680167e+005 1.201584e+001 8.341677e+002 -2.279899e+003 -1.515855e+005 1.417881e+001 1.199498e+003 
1.759779e-001 1.201584e+001 6.560695e-001 4.984600e+001 -2.975343e-001 -2.193384e+001 5.032618e-001 3.706672e+001 
1.212060e+001 8.341677e+002 4.984600e+001 3.876576e+003 -2.211361e+001 -1.654772e+003 3.705600e+001 2.771201e+003 
-3.484630e+001 -2.279899e+003 -2.975343e-001 -2.211361e+001 9.521624e+001 6.124858e+003 -1.209041e+000 -9.226164e+001 
-2.274944e+003 -1.515855e+005 -2.193384e+001 -1.654772e+003 6.124858e+003 4.003381e+005 -9.122820e+001 -7.099766e+003 
1.824711e-001 1.417881e+001 5.032618e-001 3.705600e+001 -1.209041e+000 -9.122820e+001 5.827624e+001 4.599143e+003 
1.536952e+001 1.199498e+003 3.706672e+001 2.771201e+003 -9.226164e+001 -7.099766e+003 4.599143e+003 3.687317e+005 
Parameters, Wald tests and Wald-based confidence intervals
 W is simply the result of the division of the parameter by the square root of covariance of the parameter.
 And Wald-based confidence intervals plus and minus 1.96 * W 
  It might be better to visualize the covariance matrix. See the page 'Matrix of variance-covariance of one-step probabilities' and its graphs.
12   -4.6771501(   0.7414684) W=  -6.308 CI=[  -6.1304281 ;   -3.2238721]    0.0317593(   0.0111710) W=   2.843 CI=[   0.0098642 ;    0.0536544] 
13  -15.4983055(   8.1557383) W=  -1.900 CI=[ -31.4835525 ;    0.4869415]    0.1157937(   0.1060384) W=   1.092 CI=[  -0.0920415 ;    0.3236290] 
21   -1.2962578(   0.8720224) W=  -1.486 CI=[  -3.0054218 ;    0.4129061]   -0.0383413(   0.0134693) W=  -2.847 CI=[  -0.0647412 ;   -0.0119414] 
23  -12.5740179(   1.0513867) W= -11.959 CI=[ -14.6347357 ;  -10.5133001]    0.1073199(   0.0132104) W=   8.124 CI=[   0.0814275 ;    0.1332123] 
# Scales (for hessian or gradient estimation)
12 1.00000e-004 1.00000e-005
13 1.00000e-002 1.00000e-004
21 1.00000e-003 1.00000e-005
23 1.00000e-003 1.00000e-005
# Covariance matrix 
# 121 Var(a12)
# 122 Cov(b12,a12) Var(b12)
#   ...
# 232 Cov(b23,a12)  Cov(b23,b12) ... Var (b23)
#121 Var(a12)
#122 Cov(b12,a12) Var(b12)
#131 Cov(a13,a12) Cov(a13,b12) Var(a13)
#132 Cov(b13,a12) Cov(b13,b12) Cov(b13,a13) Var(b13)
#211 Cov(a21,a12) Cov(a21,b12) Cov(a21,a13) Cov(a21,b13) Var(a21)
#212 Cov(b21,a12) Cov(b21,b12) Cov(b21,a13) Cov(b21,b13) Cov(b21,a21) Var(b21)
#231 Cov(a23,a12) Cov(a23,b12) Cov(a23,a13) Cov(a23,b13) Cov(a23,a21) Cov(a23,b21) Var(a23)
#232 Cov(b23,a12) Cov(b23,b12) Cov(b23,a13) Cov(b23,b13) Cov(b23,a21) Cov(b23,b21) Cov(b23,a23) Var(b23)
121 5.4977536e-001
122 -8.20147e-003 1.2479030e-004
131 1.47985e-002 -4.06702e-004 6.6516067e+001
132 -3.23903e-004 7.13080e-006 -8.54736e-001 1.1244140e-002
211 2.28513e-001 -3.47263e-003 1.43951e-001 -2.44326e-003 7.6042312e-001
212 -3.47797e-003 5.37827e-005 -2.17002e-003 3.79646e-005 -1.16529e-002 1.8142326e-004
231 3.15493e-003 -4.14055e-005 -6.48257e-001 7.60968e-003 1.39758e-002 -2.08116e-004 1.1054139e+000
232 -4.44302e-005 6.06309e-007 7.81781e-003 -9.33876e-005 -2.02758e-004 3.07616e-006 -1.37802e-002 1.7451523e-004
# agemin agemax for life expectancy, bage fage (if mle==0 ie no data nor Max likelihood).
# Observed prevalence period
begin-prev-date=1/1/2013 end-prev-date=1/9/2018 mov_average=0
# Health expectancies computed from stable (period) prevalence (pop_based=0) or population based (1)
pop_based=0
# Prevalence forecasting and backcasting is skept here
##prevforecast=0  starting-proj-date=1/1/1989 final-proj-date=1/1/1990 mobil_average=0
#prevforecast=1 yearsfproj=10 mobil_average=0
#prevbackcast=1 yearsbproj=10 mobil_average=1
End of resultlines.

Computing forward period (stable) prevalence: result on file 'PL_ATMchr.txt' 
Computing pij: result on file 'PIJ_ATMchr.txt' 
Computing standard deviation of one-step probabilities: result on file 'PROB_rATMchr.txt' 
Computing matrix of variance covariance of one-step probabilities: result on file 'PROBCOV_ATMchr.txt' 
and correlation matrix of one-step probabilities: result on file 'PROBCOR_ATMchr.txt' 
Prevalence combination of varying and fixed dummies 1
Warning Observed prevalence doesn't sum to 1 for state 2: probs[50][2][1]=0.000000 because of lack of cases.
Warning Observed prevalence doesn't sum to 1 for state 1: probs[96][1][1]=0.000000 because of lack of cases.
Warning Observed prevalence doesn't sum to 1 for state 2: probs[96][2][1]=0.000000 because of lack of cases.
Warning Observed prevalence doesn't sum to 1 for state 1: probs[97][1][1]=0.000000 because of lack of cases.
Warning Observed prevalence doesn't sum to 1 for state 2: probs[97][2][1]=0.000000 because of lack of cases.
Warning Observed prevalence doesn't sum to 1 for state 1: probs[98][1][1]=0.000000 because of lack of cases.
Warning Observed prevalence doesn't sum to 1 for state 2: probs[98][2][1]=0.000000 because of lack of cases.
Warning Observed prevalence doesn't sum to 1 for state 1: probs[99][1][1]=0.000000 because of lack of cases.
Warning Observed prevalence doesn't sum to 1 for state 2: probs[99][2][1]=0.000000 because of lack of cases.
Warning Observed prevalence doesn't sum to 1 for state 1: probs[100][1][1]=0.000000 because of lack of cases.
Warning Observed prevalence doesn't sum to 1 for state 2: probs[100][2][1]=0.000000 because of lack of cases.
Computing Health Expectancies: result on file 'E_ATMchr.txt' ...done evsij
Computing Total Life expectancies with their standard errors: file 'T_ATMchr.txt' ...
  Computing State-specific Expectancies and standard errors: result on file 'STDE_ATMchr.txt' 
    Computing Covar. of State-specific Expectancies: result on file 'CVE_ATMchr.txt' 
      Computing Variance-covariance of State-specific Expectancies: file 'V_ATMchr.txt' ... done State-specific expectancies
Computing Variance-covariance of forward period (stable) prevalence: file 'VPL_ATMchr.txt' ...done variance-covariance of forward period prevalence
End of Imach with 0 errors and/or warnings 1. Please look at the log file for details.
Local time at start Tue May 28 07:03:20 2024

Local time at end   Tue May 28 07:03:53 2024

Total time used 0 day(s) 0 hour(s) 0 minute(s) 33 second(s)
Total time was 33 Sec.
