Log filename:BEFchr.log
Version 0.99r45 $Revision: 1.353 $ $Date: 2023/05/08 18:48:22 $
Enter the parameter file name: 
pathimach=C:\PROGRA~1\IMACH-~2.99R\bin\
pathtot=C:\Users\mmusz\Dropbox\gender_paradox\data\IMACH\BEFchr.txt
 path=C:\Users\mmusz\Dropbox\gender_paradox\data\IMACH\ 
 optionfile=BEFchr.txt
 optionfilext=txt
 optionfilefiname='BEFchr'
Compiled with: Microsoft Visual Studio for Windows (x64 and x86)  64-bit
The programm is not running under WOW64 (i.e probably on a 64bit Windows).
Local time (at start): Tue May 28 07:03:20 2024
title=chr datafile=dataBEFchr.txt lastobs=15000 firstpass=1 lastpass=2
ftol=1.000000e-018 stepm=3 ncovcol=0 nqv=0 ntv=0 nqtv=0 nlstate=2 ndeath=1 maxwav=2 mle=1 weight=1
model=1+age+
# Parameters nlstate*nlstate*ncov a12*1 + b12 * age + ...
12 0.000000 0.000000
13 0.000000 0.000000
21 0.000000 0.000000
23 0.000000 0.000000
# Scales (for hessian or gradient estimation)
12 0.000000e+000 0.000000e+000
13 0.000000e+000 0.000000e+000
21 0.000000e+000 0.000000e+000
23 0.000000e+000 0.000000e+000
# Covariance matrix
121 0.00000e+000
122 0.00000e+000 0.00000e+000
131 0.00000e+000 0.00000e+000 0.00000e+000
132 0.00000e+000 0.00000e+000 0.00000e+000 0.00000e+000
211 0.00000e+000 0.00000e+000 0.00000e+000 0.00000e+000 0.00000e+000
212 0.00000e+000 0.00000e+000 0.00000e+000 0.00000e+000 0.00000e+000 0.00000e+000
231 0.00000e+000 0.00000e+000 0.00000e+000 0.00000e+000 0.00000e+000 0.00000e+000 0.00000e+000
232 0.00000e+000 0.00000e+000 0.00000e+000 0.00000e+000 0.00000e+000 0.00000e+000 0.00000e+000 0.00000e+000

Model=1+age+
Typevar: 0 for simple covariate (dummy, quantitative, fixed or varying), 1 for age product, 2 for  product, 3 for double product with age  
Fixed[k] 0=fixed (product or simple), 1 varying, 2 fixed with age product, 3 varying with age product 
Dummy[k] 0=dummy (0 1), 1 quantitative (single or product without age), 2 dummy with age product, 3 quant with age product
ncoveff=0, nqfveff=0, ntveff=0, nqtveff=0, cptcovn=0
ncovf=0, ncovv=0, ncova=0, nsd=0, nsq=0
Warning: The value of parameter lastobs=15000 is big compared to the 
  effective number of cases imx=2516, please adjust, 
  otherwise you are allocating more memory than necessary.
Total number of individuals= 2516, Agemin = 51.08, Agemax= 97.67

Information, you have to check 0 informations which haven't been logged!
Delay (in months) between two waves Min=1 (for indiviudal 2080) Max=33 (954) Mean=24.127583

 Age 51 1.=1 loss[1]=0.0% 2.=2 loss[2]=0.0% 1.=1 prev[1]=26.0% 2.=2 prev[2]=74.0% 11=0 12=0 13=0 21=0 22=2 23=0
Age 52 1.=1 loss[1]=0.0% 2.=2 loss[2]=0.0% 1.=1 prev[1]=44.1% 2.=2 prev[2]=55.9% 11=1 12=0 21=0 22=1
Age 53 1.=0 loss[1]=0.0% 2.=2 loss[2]=0.0% 1.=0 prev[1]=13.8% 2.=2 prev[2]=86.2% 11=0 12=0 21=0 22=2 23=0
Age 54 1.=1 loss[1]=0.0% 2.=2 loss[2]=0.0% 1.=1 prev[1]=43.8% 2.=2 prev[2]=56.2% 11=1 12=1 21=0 22=1
Age 55 1.=1 loss[1]=0.0% 2.=3 loss[2]=0.0% 1.=1 prev[1]=27.3% 2.=3 prev[2]=72.7% 11=1 12=0 21=1 22=2
Age 56 1.=1 loss[1]=0.0% 2.=2 loss[2]=0.0% 1.=1 prev[1]=27.3% 2.=2 prev[2]=72.7% 11=0 12=0 21=0 22=2
Age 57 1.=1 loss[1]=0.0% 2.=2 loss[2]=0.0% 1.=1 prev[1]=34.0% 2.=2 prev[2]=66.0% 11=0 12=1 21=0 22=2
Age 58 1.=0 loss[1]=0.0% 2.=2 loss[2]=0.0% 1.=0 prev[1]=20.1% 2.=2 prev[2]=79.9% 11=0 12=0 21=0 22=1
Age 59 1.=0 loss[1]=0.0% 2.=1 loss[2]=0.0% 1.=0 prev[1]=20.1% 2.=1 prev[2]=79.9% 11=0 12=0 21=0 22=1 23=0
Age 60 1.=1 loss[1]=0.0% 2.=2 loss[2]=0.0% 1.=1 prev[1]=23.8% 2.=2 prev[2]=76.2% 11=0 12=0 21=0 22=2
Age 61 1.=1 loss[1]=0.0% 2.=2 loss[2]=0.0% 1.=1 prev[1]=29.7% 2.=2 prev[2]=70.3% 11=0 12=0 13=0 21=0 22=2 23=0
Age 62 1.=0 loss[1]=0.0% 2.=2 loss[2]=0.0% 1.=0 prev[1]=18.3% 2.=2 prev[2]=81.7% 11=0 12=0 13=0 21=0 22=2
Age 63 1.=1 loss[1]=0.0% 2.=2 loss[2]=0.0% 1.=1 prev[1]=24.0% 2.=2 prev[2]=76.0% 11=0 12=0 21=0 22=2
Age 64 1.=0 loss[1]=0.0% 2.=2 loss[2]=0.0% 1.=0 prev[1]=18.3% 2.=2 prev[2]=81.7% 11=0 12=0 21=0 22=2 23=0
Age 65 1.=0 loss[1]=0.0% 2.=2 loss[2]=0.0% 1.=0 prev[1]=11.6% 2.=2 prev[2]=88.4% 11=0 12=0 21=0 22=2
Age 66 1.=0 loss[1]=0.0% 2.=2 loss[2]=0.0% 1.=0 prev[1]=13.5% 2.=2 prev[2]=86.5% 11=0 12=0 21=0 22=2 23=0
Age 67 1.=0 loss[1]=0.0% 2.=2 loss[2]=0.0% 1.=0 prev[1]=15.4% 2.=2 prev[2]=84.6% 11=0 12=0 21=0 22=2
Age 68 1.=1 loss[1]=0.0% 2.=2 loss[2]=0.0% 1.=1 prev[1]=18.4% 2.=2 prev[2]=81.6% 11=0 12=0 21=0 22=2
Age 69 1.=0 loss[1]=0.0% 2.=2 loss[2]=0.0% 1.=0 prev[1]=11.1% 2.=2 prev[2]=88.9% 11=0 12=0 21=0 22=2 23=0
Age 70 1.=0 loss[1]=0.0% 2.=2 loss[2]=0.0% 1.=0 prev[1]=11.5% 2.=2 prev[2]=88.5% 11=0 12=0 21=0 22=2 23=0
Age 71 1.=0 loss[1]=0.0% 2.=2 loss[2]=0.0% 1.=0 prev[1]=18.9% 2.=2 prev[2]=81.1% 11=0 12=0 21=0 22=1 23=0
Age 72 1.=0 loss[1]=0.0% 2.=2 loss[2]=0.0% 1.=0 prev[1]=12.6% 2.=2 prev[2]=87.4% 11=0 12=0 21=0 22=2 23=0
Age 73 1.=0 loss[1]=0.0% 2.=2 loss[2]=0.0% 1.=0 prev[1]=8.7% 2.=2 prev[2]=91.3% 11=0 12=0 21=0 22=2 23=0
Age 74 1.=0 loss[1]=0.0% 2.=1 loss[2]=0.0% 1.=0 prev[1]=7.2% 2.=1 prev[2]=92.8% 11=0 21=0 22=1 23=0
Age 75 1.=0 loss[1]=0.0% 2.=2 loss[2]=0.0% 1.=0 prev[1]=4.3% 2.=2 prev[2]=95.7% 11=0 12=0 22=2 23=0
Age 76 1.=0 loss[1]=0.0% 2.=1 loss[2]=0.0% 1.=0 prev[1]=8.4% 2.=1 prev[2]=91.6% 11=0 12=0 13=0 21=0 22=1 23=0
Age 77 1.=0 loss[1]=0.0% 2.=2 loss[2]=0.0% 1.=0 prev[1]=8.4% 2.=2 prev[2]=91.6% 12=0 21=0 22=1 23=0
Age 78 1.=0 loss[1]=0.0% 2.=2 loss[2]=0.0% 1.=0 prev[1]=3.9% 2.=2 prev[2]=96.1% 11=0 12=0 21=0 22=1 23=0
Age 79 1.=0 loss[1]=0.0% 2.=1 loss[2]=0.0% 1.=0 prev[1]=5.1% 2.=1 prev[2]=94.9% 12=0 13=0 21=0 22=1 23=0
Age 80 1.=0 loss[1]=0.0% 2.=1 loss[2]=0.0% 1.=0 prev[1]=8.9% 2.=1 prev[2]=91.1% 12=0 21=0 22=1
Age 81 1.=0 loss[1]=0.0% 2.=2 loss[2]=0.0% 1.=0 prev[1]=5.3% 2.=2 prev[2]=94.7% 12=0 21=0 22=2 23=0
Age 82 1.=0 loss[1]=0.0% 2.=1 loss[2]=0.0% 1.=0 prev[1]=11.1% 2.=1 prev[2]=88.9% 11=0 12=0 21=0 22=1 23=0
Age 83 1.=0 loss[1]=0.0% 2.=2 loss[2]=0.0% 1.=0 prev[1]=5.0% 2.=2 prev[2]=95.0% 12=0 13=0 21=0 22=1 23=0
Age 84 1.=0 loss[1]=NaNQ% 2.=1 loss[2]=0.0% 1.=0 prev[1]=0.0% 2.=1 prev[2]=100.0% 21=0 22=1 23=0
Age 85 1.=0 loss[1]=0.0% 2.=1 loss[2]=0.0% 1.=0 prev[1]=15.0% 2.=1 prev[2]=85.0% 11=0 12=0 13=0 21=0 22=1 23=0
Age 86 1.=0 loss[1]=0.0% 2.=1 loss[2]=0.0% 1.=0 prev[1]=7.3% 2.=1 prev[2]=92.7% 12=0 13=0 22=1 23=0
Age 87 1.=0 loss[1]=0.0% 2.=1 loss[2]=0.0% 1.=0 prev[1]=17.2% 2.=1 prev[2]=82.8% 11=0 12=0 22=1 23=0
Age 88 1.=0 loss[1]=0.0% 2.=1 loss[2]=0.0% 1.=0 prev[1]=11.0% 2.=1 prev[2]=89.0% 12=0 13=0 22=1 23=0
Age 89 1.=0 loss[1]=0.0% 2.=1 loss[2]=0.0% 1.=0 prev[1]=5.4% 2.=1 prev[2]=94.6% 11=0 21=0 22=0 23=0
Age 90 1.=0 loss[1]=0.0% 2.=1 loss[2]=0.0% 1.=0 prev[1]=13.6% 2.=1 prev[2]=86.4% 12=0 21=0 22=0 23=0
Age 91 1.=0 loss[1]=0.0% 2.=0 loss[2]=0.0% 1.=0 prev[1]=8.0% 2.=0 prev[2]=92.0% 13=0 22=0 23=0
Age 92 1.=0 loss[1]=NaNQ% 2.=0 loss[2]=0.0% 1.=0 prev[1]=0.0% 2.=0 prev[2]=100.0% 22=0 23=0
Age 93 1.=0 loss[1]=NaNQ% 2.=0 loss[2]=0.0% 1.=0 prev[1]=0.0% 2.=0 prev[2]=100.0% 22=0 23=0
Age 94 1.=0 loss[1]=NaNQ% 2.=0 loss[2]=0.0% 1.=0 prev[1]=0.0% 2.=0 prev[2]=100.0% 21=0 22=0 23=0
Age 95 1.=0 loss[1]=NaNQ% 2.=0 loss[2]=0.0% 1.=0 prev[1]=0.0% 2.=0 prev[2]=100.0% 22=0 23=0
Age 96 1.=0 loss[1]=NaNQ% 2.=0 loss[2]=0.0% 1.=0 prev[1]=0.0% 2.=0 prev[2]=100.0% 23=0
Age 97 1.=0 loss[1]=NaNQ% 2.=0 loss[2]=0.0% 1.=0 prev[1]=0.0% 2.=0 prev[2]=100.0% 23=0
1 1.=0 loss[1]=NaNQ% 2.=0 loss[2]=NaNQ% 1.=0 prev[1]=NaNQ% 2.=0 prev[2]=NaNQ%
0 1.=0 loss[1]=NaNQ% 2.=0 loss[2]=NaNQ% 1.=0 prev[1]=NaNQ% 2.=0 prev[2]=NaNQ%
Total 1.=15 loss[1]=0.0% 2.=68 loss[2]=0.0% 1.=15 prev[1]=17.9% 2.=68 prev[2]=82.1% 11=8 12=7 13=0 21=5 22=58 23=5


12    0.0000000 ln(7/8)=   -0.0939833 
13    0.0000000 ln(0/8)=   -2.9815895 
21    0.0000000 ln(5/58)=   -2.4081045 
23    0.0000000 ln(5/58)=   -2.5144045 

 -1-1=0 -10=0 -11=0 -12=0 -13=0 0-1=0 00=0 01=0 02=0 03=0 1-1=0 10=0 11=8 12=7 13=0 2-1=0 20=0 21=5 22=58 23=5 3-1=0 30=0 31=0 32=0 33=0
Powell

Powell iter=1 Big Iter=1 -2*LL=19818.363112714174 gain=0 0 sec. 0 sec.
#model=  1      +     age 
12    0.0000000    0.0000000 
13    0.0000000    0.0000000 
21    0.0000000    0.0000000 
23    0.0000000    0.0000000 
1......2........................................345.....6...............7........8.................. p(3)=0.000000 flat=1  p(4)=0.000000 flat=1 
Powell iter=2 Big Iter=2 -2*LL=5291.552946601591 gain=1.45e+004 0 sec. 0 sec.
#model=  1      +     age 
12   36.8714181    0.0000000 
13    0.0000000    0.0000000 
21    3.1012127   -0.0012864 
23   -1.1414652    0.0029039 

Considering the time needed for this last iteration #2: 0 seconds,
   - if your program needs 1 BIG iterations  (2 iterations) to converge, convergence will be 
   reached in 0 day(s) 0 hour(s) 0 minute(s) 0 second(s) i.e.
   on Tue May 28 07:03:20 2024 (current time is Tue May 28 07:03:20 2024);
   - if your program needs 11 BIG iterations  (22 iterations) to converge, convergence will be 
   reached in 0 day(s) 0 hour(s) 0 minute(s) 0 second(s) i.e.
   on Tue May 28 07:03:20 2024 (current time is Tue May 28 07:03:20 2024);
   - if your program needs 21 BIG iterations  (42 iterations) to converge, convergence will be 
   reached in 0 day(s) 0 hour(s) 0 minute(s) 0 second(s) i.e.
   on Tue May 28 07:03:20 2024 (current time is Tue May 28 07:03:20 2024);
   - if your program needs 31 BIG iterations  (62 iterations) to converge, convergence will be 
   reached in 0 day(s) 0 hour(s) 0 minute(s) 0 second(s) i.e.
   on Tue May 28 07:03:20 2024 (current time is Tue May 28 07:03:20 2024);
1..............2..................3...........4.................5.........6.................7.......8..................directest= 80025.912561927078 (if directest<0 or t<0 we include P0 Pn as new direction), t= -1064303006972.900300000000, f1= 5291.552946601591,f2= 4927.115743727336,f3= 84926.184853087994, del= 168.796875153918
f1-2f2+f3= 80363.506312234909, f1-f2-del= 195.640327720336, f1-f3= -79634.631906486407

Powell iter=3 Big Iter=2 -2*LL=4927.115743727336 gain=364 1 sec. 1 sec.
#model=  1      +     age 
12    4.7143313   -0.0030603 
13   -0.5201107    0.0041588 
21    2.8337852   -0.0026244 
23   -2.4998800    0.0071291 

Considering the time needed for this last iteration #3: 1 seconds,
   - if your program needs 1 BIG iterations  (2 iterations) to converge, convergence will be 
   reached in 0 day(s) 0 hour(s) 0 minute(s) -1 second(s) i.e.
   on Tue May 28 07:03:20 2024 (current time is Tue May 28 07:03:21 2024);
   - if your program needs 11 BIG iterations  (22 iterations) to converge, convergence will be 
   reached in 0 day(s) 0 hour(s) 0 minute(s) 19 second(s) i.e.
   on Tue May 28 07:03:40 2024 (current time is Tue May 28 07:03:21 2024);
   - if your program needs 21 BIG iterations  (42 iterations) to converge, convergence will be 
   reached in 0 day(s) 0 hour(s) 0 minute(s) 39 second(s) i.e.
   on Tue May 28 07:04:00 2024 (current time is Tue May 28 07:03:21 2024);
   - if your program needs 31 BIG iterations  (62 iterations) to converge, convergence will be 
   reached in 0 day(s) 0 hour(s) 0 minute(s) 59 second(s) i.e.
   on Tue May 28 07:04:20 2024 (current time is Tue May 28 07:03:21 2024);
1..........2...................3..........4..................5........6...............7........8..........................Gaining to use new average direction of P0 P8 instead of biggest increase direction 7 :

Powell iter=4 Big Iter=3 -2*LL=3799.479438538217 gain=1.13e+003 2 sec. 3 sec.
#model=  1      +     age 
12    4.6036209   -0.0160182 
13   -1.7728476    0.0192709 
21   -0.3638171   -0.0143314 
23   -7.7881278    0.0278618 
1..........2..................3..........4..................5........6...............7..................8.........directest= 1811.385494310058 (if directest<0 or t<0 we include P0 Pn as new direction), t= -63613431.545645796000, f1= 3799.479438538217,f2= 3756.327450904014,f3= 5566.478388010326, del= 20.958715215228
f1-2f2+f3= 1853.302924740514, f1-f2-del= 22.193272418975, f1-f3= -1766.998949472109

Powell iter=5 Big Iter=3 -2*LL=3756.327450904014 gain=43.2 1 sec. 4 sec.
#model=  1      +     age 
12    4.2456800   -0.0193846 
13   -1.9598156    0.0226995 
21   -0.5509859   -0.0151926 
23   -7.8962102    0.0395887 
1.........2..................3............4...................5........6..............7...................8................Gaining to use new average direction of P0 P8 instead of biggest increase direction 1 :

Powell iter=6 Big Iter=4 -2*LL=3673.367073638091 gain=83 1 sec. 5 sec.
#model=  1      +     age 
12    7.5269908   -0.0407760 
13   -3.0030805    0.0415126 
21   -0.1545327   -0.0191247 
23   -7.9854300    0.0505284 
1.........2345........6............7...................8......... p(2)=0.956428 flat=1  p(3)=-2.159772 flat=1  p(4)=0.044093 flat=1 
Powell iter=7 Big Iter=4 -2*LL=3649.661880130776 gain=23.7 0 sec. 5 sec.
#model=  1      +     age 
12    7.8872622    0.9564277 
13   -2.1597720    0.0440935 
21   -0.0280095   -0.0214742 
23   -8.1683762    0.0529795 
1.........234..................5........6............7.................8......... p(2)=1.954103 flat=1  p(3)=-1.280467 flat=1 ....................2 flat directions :2 3 
Gaining to use new average direction of P0 P8 instead of biggest increase direction 5 :

Powell iter=8 Big Iter=5 -2*LL=3600.886518429449 gain=48.8 0 sec. 5 sec.
#model=  1      +     age 
12    9.9275621    7.0930951 
13    3.2488036    3.8598350 
21    0.9362881   -0.0337516 
23   -8.6087690    0.0582040 
1.................2||||.................345||....................6............7..................8|||||.......................... p(3)=4.210778 flat=1  p(4)=4.860296 flat=1 
Powell iter=9 Big Iter=5 -2*LL=1.#QNAN0000000 gain=1.#R 1 sec. 6 sec.
#model=  1      +     age 
12    9.9254932    7.0926977 
13    4.2107780    4.8602961 
21    0.8403991   -0.0341987 
23   -8.7676369    0.0592718 
1.........................2||||..................34..................5||.....................6............7..................8|||||.......................... p(3)=5.207314 flat=1 
Powell iter=10 Big Iter=6 -2*LL=1.#QNAN0000000 gain=1.#R 1 sec. 7 sec.
#model=  1      +     age 
12    9.9265629    7.0926576 
13    5.2073141    5.8607070 
21    0.8328054   -0.0340162 
23   -8.7804993    0.0594534 
1......................2||||345||.....................6............7..................8||||......................... p(2)=7.092606 flat=1  p(3)=6.202752 flat=1  p(4)=5.860765 flat=1 
Powell iter=11 Big Iter=6 -2*LL=3596.552741924867 gain=1.#R 1 sec. 8 sec.
#model=  1      +     age 
12    9.9276527    7.0926058 
13    6.2027516    5.8607648 
21    0.8225135   -0.0338748 
23   -8.7978500    0.0596745 
1......................2||||345||.....................6............7..................8||||....................... p(2)=7.092555 flat=1  p(3)=7.198350 flat=1  p(4)=5.860821 flat=1 .......3 flat directions :2 3 4 
Gaining to use new average direction of P0 P8 instead of biggest increase direction 5 :

Powell iter=12 Big Iter=7 -2*LL=3594.214902156597 gain=2.34 1 sec. 9 sec.
#model=  1      +     age 
12    9.9821059    7.0903397 
13   50.8817268    5.8632818 
21    0.3835627   -0.0275541 
23   -9.5396724    0.0691879 
1...............................2|||............3............4|............5||||.....................6............7.................8.................
Powell iter=13 Big Iter=7 -2*LL=3588.594626488337 gain=5.62 2 sec. 11 sec.
#model=  1      +     age 
12    9.9820867    7.0899789 
13   69.7534469    5.8632615 
21    0.3826891   -0.0274376 
23   -9.5411197    0.0690438 
1............................2|||........3...........4|............5||||.....................6............7..................8.................directest= -0.031164365705 (if directest<0 or t<0 we include P0 Pn as new direction), t= 0.000000734170, f1= 3588.594626488337,f2= 3588.589720774133,f3= 3588.588884454927, del= 0.017616880351
f1-2f2+f3= 0.004069394998, f1-f2-del= -0.012711166147, f1-f3= 0.005742033410
......Gaining to use new average direction of P0 P8 instead of biggest increase direction 6 :

Powell iter=14 Big Iter=8 -2*LL=3588.588707996058 gain=0.00592 2 sec. 13 sec.
#model=  1      +     age 
12    9.9819245    7.0899592 
13   69.7548614    5.8632463 
21    0.3776034   -0.0274416 
23   -9.5495339    0.0691327 
1.................2|||........3..........4|............5||||.....................6.................7..................8......directest= -0.034352750481 (if directest<0 or t<0 we include P0 Pn as new direction), t= 0.000000611119, f1= 3588.588707996058,f2= 3588.588454895091,f3= 3588.589215063168, del= 0.017683009762
f1-2f2+f3= 0.001013269043, f1-f2-del= -0.017429908795, f1-f3= -0.000507067110
.......Gaining to use new average direction of P0 P8 instead of biggest increase direction 6 :

Powell iter=15 Big Iter=8 -2*LL=3588.588439115249 gain=0.000269 1 sec. 14 sec.
#model=  1      +     age 
12    9.9819231    7.0899583 
13   69.7563918    5.8632173 
21    0.3772215   -0.0274400 
23   -9.5501682    0.0691397 
1....................2|||........3...........4|............5||||.....................6...............7..................8.......directest= -0.035319945444 (if directest<0 or t<0 we include P0 Pn as new direction), t= 0.000000094431, f1= 3588.588439115249,f2= 3588.588185232640,f3= 3588.588089335647, del= 0.017738965530
f1-2f2+f3= 0.000157985615, f1-f2-del= -0.017485082921, f1-f3= 0.000349779602
......Gaining to use new average direction of P0 P8 instead of biggest increase direction 6 :

Powell iter=16 Big Iter=9 -2*LL=3588.588089080030 gain=0.00035 2 sec. 16 sec.
#model=  1      +     age 
12    9.9819142    7.0899580 
13   69.7481797    5.8631516 
21    0.3767406   -0.0274370 
23   -9.5509655    0.0691494 
1................2|||........3..........4|............5||||.....................6.....7.................8......directest= -0.035307863744 (if directest<0 or t<0 we include P0 Pn as new direction), t= 0.000000039729, f1= 3588.588089080030,f2= 3588.587542117412,f3= 3588.587092516460, del= 0.017702612705
f1-2f2+f3= 0.000097361666, f1-f2-del= -0.017155650087, f1-f3= 0.000996563571
......Gaining to use new average direction of P0 P8 instead of biggest increase direction 6 :

Powell iter=17 Big Iter=9 -2*LL=3588.586766588620 gain=0.00132 2 sec. 18 sec.
#model=  1      +     age 
12    9.9818893    7.0899577 
13   69.7507984    5.8627851 
21    0.3746467   -0.0274176 
23   -9.5544405    0.0691917 
1...............2|||........3..........4|............5||||.....................6........7..................8.............Gaining to use new average direction of P0 P8 instead of biggest increase direction 6 :

Powell iter=18 Big Iter=10 -2*LL=3588.581301447277 gain=0.00547 2 sec. 20 sec.
#model=  1      +     age 
12    9.9818615    7.0899656 
13   69.8005512    5.8612377 
21    0.3682661   -0.0273306 
23   -9.5650414    0.0693268 
1...............2|||.......3...........4|............5||||.....................6........7..................8............Gaining to use new average direction of P0 P8 instead of biggest increase direction 5 :

Powell iter=19 Big Iter=10 -2*LL=3588.558717224692 gain=0.0226 1 sec. 21 sec.
#model=  1      +     age 
12    9.9817713    7.0900012 
13   70.1104593    5.8545471 
21    0.3415141   -0.0269514 
23   -9.6094947    0.0698927 
1.............2|||......3..........4|............5.......6......7..................8.............Gaining to use new average direction of P0 P8 instead of biggest increase direction 2 :

Powell iter=20 Big Iter=11 -2*LL=3588.508812041837 gain=0.0499 2 sec. 23 sec.
#model=  1      +     age 
12    9.9817220    7.0900846 
13   70.8594092    5.8412358 
21    0.2922645   -0.0261865 
23   -9.6913611    0.0709453 
1...............2.......3..........4|............5.......6........7..................8.......
Powell iter=21 Big Iter=11 -2*LL=3588.497585883357 gain=0.0112 1 sec. 24 sec.
#model=  1      +     age 
12    9.9817889    7.0900962 
13   70.9530042    5.8405872 
21    0.2920145   -0.0261442 
23   -9.6917937    0.0709571 
1..................................2........3..........4|............5.........6.........7.................8..............Gaining to use new average direction of P0 P8 instead of biggest increase direction 4 :

Powell iter=22 Big Iter=12 -2*LL=3588.497161199406 gain=0.000425 2 sec. 26 sec.
#model=  1      +     age 
12    9.9817751    7.0900956 
13   70.9764147    5.8403946 
21    0.2910449   -0.0261365 
23   -9.6934022    0.0709753 
1.........................................2.........3..........4.........5..............6..........7...................8................
Powell iter=23 Big Iter=12 -2*LL=3588.497142667140 gain=1.85e-005 1 sec. 27 sec.
#model=  1      +     age 
12    9.9817699    7.0900949 
13   70.9755601    5.8403997 
21    0.2909212   -0.0261375 
23   -9.6936065    0.0709773 
1.........................2.........3............4..........5...........6..............7......................8..............Gaining to use new average direction of P0 P8 instead of biggest increase direction 8 :

Powell iter=24 Big Iter=13 -2*LL=3588.497040328270 gain=0.000102 2 sec. 29 sec.
#model=  1      +     age 
12    9.9817538    7.0900914 
13   70.9652043    5.8405594 
21    0.2912918   -0.0261526 
23   -9.6929863    0.0709672 
1........................2..............3............4.......5..........6............7.......................8...................Gaining to use new average direction of P0 P8 instead of biggest increase direction 1 :

Powell iter=25 Big Iter=13 -2*LL=3588.496805761776 gain=0.000235 2 sec. 31 sec.
#model=  1      +     age 
12    9.9817409    7.0900885 
13   70.9616131    5.8405882 
21    0.2916528   -0.0261657 
23   -9.6923830    0.0709579 
1.......2..........3................4.......5.........6.........7......................8............Gaining to use new average direction of P0 P8 instead of biggest increase direction 8 :

Powell iter=26 Big Iter=14 -2*LL=3588.496412800640 gain=0.000393 1 sec. 32 sec.
#model=  1      +     age 
12    9.9817157    7.0900846 
13   70.9794108    5.8403124 
21    0.2913409   -0.0261750 
23   -9.6928953    0.0709610 
1.....2...........3..........4............5........6.........7.......................8...........Gaining to use new average direction of P0 P8 instead of biggest increase direction 1 :

Powell iter=27 Big Iter=14 -2*LL=3588.494804329103 gain=0.00161 2 sec. 34 sec.
#model=  1      +     age 
12    9.9816692    7.0900793 
13   71.0815078    5.8386416 
21    0.2895116   -0.0261718 
23   -9.6959252    0.0709934 
1.....2........3..........4.........5........6........7.................8.............Gaining to use new average direction of P0 P8 instead of biggest increase direction 8 :

Powell iter=28 Big Iter=15 -2*LL=3588.492167301859 gain=0.00264 1 sec. 35 sec.
#model=  1      +     age 
12    9.9816314    7.0900757 
13   71.2476280    5.8358018 
21    0.2872941   -0.0261572 
23   -9.6996029    0.0710352 
1.....2.........3..........4.......5..................6........7.....................8............Gaining to use new average direction of P0 P8 instead of biggest increase direction 8 :

Powell iter=29 Big Iter=15 -2*LL=3588.474089578234 gain=0.0181 1 sec. 36 sec.
#model=  1      +     age 
12    9.9815111    7.0900603 
13   72.2778554    5.8172417 
21    0.2796115   -0.0260988 
23   -9.7123494    0.0711818 
1.....2.......3..........4......5........6........7.................8...............Gaining to use new average direction of P0 P8 instead of biggest increase direction 8 :

Powell iter=30 Big Iter=16 -2*LL=3588.382361420723 gain=0.0917 1 sec. 37 sec.
#model=  1      +     age 
12    9.9813267    7.0900108 
13   76.5005515    5.7384108 
21    0.2677531   -0.0259982 
23   -9.7320366    0.0714100 
1......2........3..........4......5.........6..........7..................8................Gaining to use new average direction of P0 P8 instead of biggest increase direction 8 :

Powell iter=31 Big Iter=16 -2*LL=3588.056784100679 gain=0.326 2 sec. 39 sec.
#model=  1      +     age 
12    9.9812069    7.0898487 
13   90.4087959    5.4736127 
21    0.2693554   -0.0260409 
23   -9.7294069    0.0713676 
1......2......3..........4......5........6.........7..................8.......
Powell iter=32 Big Iter=17 -2*LL=3587.695252662237 gain=0.362 0 sec. 39 sec.
#model=  1      +     age 
12    9.9814400    7.0897374 
13   99.5819846    5.2948548 
21    0.2989457   -0.0263487 
23   -9.6803156    0.0707789 
1.....2.......3..........4......5.................6..................7..................8...............Gaining to use new average direction of P0 P8 instead of biggest increase direction 8 :

Powell iter=33 Big Iter=17 -2*LL=3587.505316514300 gain=0.19 2 sec. 41 sec.
#model=  1      +     age 
12    9.9816520    7.0895332 
13  116.4389515    4.9666605 
21    0.3346071   -0.0267371 
23   -9.6211623    0.0700670 
1.....2........3..........4.......5..................6...........7....................8.........directest= 0.060595182692 (if directest<0 or t<0 we include P0 Pn as new direction), t= -0.000003048830, f1= 3587.505316514300,f2= 3587.503458580870,f3= 3587.564028927681, del= 0.000916548775
f1-2f2+f3= 0.062428280241, f1-f2-del= 0.000941384655, f1-f3= -0.058712413382

Powell iter=34 Big Iter=18 -2*LL=3587.503458580870 gain=0.00186 1 sec. 42 sec.
#model=  1      +     age 
12    9.9815801    7.0895278 
13  117.0897678    4.9539810 
21    0.3279311   -0.0266685 
23   -9.6322460    0.0702012 
1.......2.........3............4.......5...........................6...............7..................8.........
Powell iter=35 Big Iter=18 -2*LL=3587.503365202106 gain=9.34e-005 1 sec. 43 sec.
#model=  1      +     age 
12    9.9815723    7.0895250 
13  117.3186119    4.9496130 
21    0.3275498   -0.0266659 
23   -9.6328790    0.0702084 
1........2.............3..............4...............5.................6.................7.......................8..........
Powell iter=36 Big Iter=19 -2*LL=3587.503351383250 gain=1.38e-005 2 sec. 45 sec.
#model=  1      +     age 
12    9.9815694    7.0895239 
13  117.4068455    4.9479289 
21    0.3273978   -0.0266648 
23   -9.6331314    0.0702113 
1...........2............3.............4........5.....................6...............7...................8............
Powell iter=37 Big Iter=19 -2*LL=3587.503349345834 gain=2.04e-006 1 sec. 46 sec.
#model=  1      +     age 
12    9.9815682    7.0895235 
13  117.4407688    4.9472814 
21    0.3273391   -0.0266644 
23   -9.6332289    0.0702125 
1..............2.............3...............4............5..................6...................7....................8..........
Powell iter=38 Big Iter=20 -2*LL=3587.503349045646 gain=3e-007 1 sec. 47 sec.
#model=  1      +     age 
12    9.9815678    7.0895233 
13  117.4538428    4.9470319 
21    0.3273165   -0.0266643 
23   -9.6332663    0.0702129 
1................2..................3.......................4...............5..................6...................................7..............................8.....................
Powell iter=39 Big Iter=20 -2*LL=3587.503349001700 gain=4.39e-008 2 sec. 49 sec.
#model=  1      +     age 
12    9.9815676    7.0895233 
13  117.4588876    4.9469356 
21    0.3273081   -0.0266642 
23   -9.6332803    0.0702131 
1................2................3....................4..................5.....................6......................7.........................8..............
Powell iter=40 Big Iter=21 -2*LL=3587.503348995429 gain=6.27e-009 2 sec. 51 sec.
#model=  1      +     age 
12    9.9815675    7.0895233 
13  117.4608074    4.9468989 
21    0.3273042   -0.0266642 
23   -9.6332868    0.0702131 
1......................2.............................3..................4............5............................6..............................7.........................8...............
Powell iter=41 Big Iter=21 -2*LL=3587.503348994520 gain=9.08e-010 2 sec. 53 sec.
#model=  1      +     age 
12    9.9815675    7.0895232 
13  117.4615542    4.9468847 
21    0.3273035   -0.0266642 
23   -9.6332880    0.0702132 
1.........................2....................3..................4...............................5.............................6........................7...............................8.....................
Powell iter=42 Big Iter=22 -2*LL=3587.503348994387 gain=1.34e-010 2 sec. 55 sec.
#model=  1      +     age 
12    9.9815675    7.0895232 
13  117.4617321    4.9468813 
21    0.3273031   -0.0266642 
23   -9.6332886    0.0702132 
1...................................2................3........................4............................5....................6........7...................8............................Gaining to use new average direction of P0 P8 instead of biggest increase direction 2 :

Powell iter=43 Big Iter=22 -2*LL=3587.503348994175 gain=2.12e-010 3 sec. 58 sec.
#model=  1      +     age 
12    9.9815675    7.0895232 
13  117.4623570    4.9468693 
21    0.3273016   -0.0266641 
23   -9.6332911    0.0702132 
1...................2.......................3..............4.................5.................6.........................................7....................8..................................Gaining to use new average direction of P0 P8 instead of biggest increase direction 3 :

Powell iter=44 Big Iter=23 -2*LL=3587.503348993930 gain=2.45e-010 2 sec. 60 sec.
#model=  1      +     age 
12    9.9815675    7.0895232 
13  117.4628325    4.9468602 
21    0.3273021   -0.0266642 
23   -9.6332903    0.0702132 
1....................2.........................3......................4............................5...................6..................................7.......................8.............................Gaining to use new average direction of P0 P8 instead of biggest increase direction 8 :

Powell iter=45 Big Iter=23 -2*LL=3587.503348993611 gain=3.19e-010 2 sec. 62 sec.
#model=  1      +     age 
12    9.9815675    7.0895232 
13  117.4630099    4.9468568 
21    0.3272997   -0.0266641 
23   -9.6332942    0.0702132 
1...................2.......................3................4.....................5................6........................................7....................8..............................Gaining to use new average direction of P0 P8 instead of biggest increase direction 8 :

Powell iter=46 Big Iter=24 -2*LL=3587.503348992916 gain=6.96e-010 3 sec. 65 sec.
#model=  1      +     age 
12    9.9815674    7.0895232 
13  117.4627445    4.9468620 
21    0.3272973   -0.0266641 
23   -9.6332983    0.0702133 
1.......2....................3...............4..........................5...........6...............................7....................8.........................Gaining to use new average direction of P0 P8 instead of biggest increase direction 8 :

Powell iter=47 Big Iter=24 -2*LL=3587.503348989681 gain=3.23e-009 2 sec. 67 sec.
#model=  1      +     age 
12    9.9815674    7.0895232 
13  117.4607962    4.9468996 
21    0.3272957   -0.0266641 
23   -9.6333009    0.0702133 
1............2........................3................4...................5...........................6....................7....................8........................Gaining to use new average direction of P0 P8 instead of biggest increase direction 8 :

Powell iter=48 Big Iter=25 -2*LL=3587.503348972483 gain=1.72e-008 2 sec. 69 sec.
#model=  1      +     age 
12    9.9815674    7.0895233 
13  117.4554635    4.9470020 
21    0.3272998   -0.0266642 
23   -9.6332941    0.0702132 
1................2..................3...........4...............5......................6...................7.....................8............................Gaining to use new average direction of P0 P8 instead of biggest increase direction 8 :

Powell iter=49 Big Iter=25 -2*LL=3587.503348901822 gain=7.07e-008 1 sec. 70 sec.
#model=  1      +     age 
12    9.9815677    7.0895234 
13  117.4480040    4.9471443 
21    0.3273212   -0.0266644 
23   -9.6332585    0.0702128 
1...............2...............3...............4...................5.................6.....................7....................8.......................Gaining to use new average direction of P0 P8 instead of biggest increase direction 3 :

Powell iter=50 Big Iter=26 -2*LL=3587.503348676872 gain=2.25e-007 2 sec. 72 sec.
#model=  1      +     age 
12    9.9815685    7.0895234 
13  117.4491601    4.9471195 
21    0.3273613   -0.0266647 
23   -9.6331920    0.0702120 
1.............2.................3...........4.............5...............6............................7.....................8....................Gaining to use new average direction of P0 P8 instead of biggest increase direction 8 :

Powell iter=51 Big Iter=26 -2*LL=3587.503347563713 gain=1.11e-006 2 sec. 74 sec.
#model=  1      +     age 
12    9.9815705    7.0895234 
13  117.4353966    4.9473821 
21    0.3274765   -0.0266656 
23   -9.6330009    0.0702097 
1.........2...................3..........4.............5...............6....................7.........................8..................Gaining to use new average direction of P0 P8 instead of biggest increase direction 8 :

Powell iter=52 Big Iter=27 -2*LL=3587.503340132724 gain=7.43e-006 1 sec. 75 sec.
#model=  1      +     age 
12    9.9815771    7.0895226 
13  117.4084150    4.9478975 
21    0.3277835   -0.0266683 
23   -9.6324922    0.0702037 
1......2.................3......4..............5..................6.....................7......................8............Gaining to use new average direction of P0 P8 instead of biggest increase direction 8 :

Powell iter=53 Big Iter=27 -2*LL=3587.503287676920 gain=5.25e-005 1 sec. 76 sec.
#model=  1      +     age 
12    9.9816062    7.0895153 
13  117.3668651    4.9486855 
21    0.3285971   -0.0266752 
23   -9.6311472    0.0701880 
1......2.................3......4.......5................6...................7......................8.............Gaining to use new average direction of P0 P8 instead of biggest increase direction 8 :

Powell iter=54 Big Iter=28 -2*LL=3587.502927395390 gain=0.00036 2 sec. 78 sec.
#model=  1      +     age 
12    9.9817574    7.0894623 
13  117.3525319    4.9489048 
21    0.3304739   -0.0266889 
23   -9.6280682    0.0701526 
1......2..........3.....4.......5........6...........7....................8...........Gaining to use new average direction of P0 P8 instead of biggest increase direction 8 :

Powell iter=55 Big Iter=28 -2*LL=3587.500487248178 gain=0.00244 1 sec. 79 sec.
#model=  1      +     age 
12    9.9826598    7.0890967 
13  117.5365356    4.9450098 
21    0.3342976   -0.0267078 
23   -9.6219611    0.0700853 
1.....2..........3.......4......5.......6.........7..................8...........Gaining to use new average direction of P0 P8 instead of biggest increase direction 8 :

Powell iter=56 Big Iter=29 -2*LL=3587.484277873556 gain=0.0162 1 sec. 80 sec.
#model=  1      +     age 
12    9.9883536    7.0866537 
13  118.4058847    4.9259525 
21    0.3407913   -0.0267062 
23   -9.6127463    0.0699949 
1.....2.........3......4.......5........6.................7......................8...........Gaining to use new average direction of P0 P8 instead of biggest increase direction 8 :

Powell iter=57 Big Iter=29 -2*LL=3587.377765133938 gain=0.107 1 sec. 81 sec.
#model=  1      +     age 
12   10.0251030    7.0705345 
13  121.0147011    4.8603889 
21    0.3498492   -0.0265912 
23   -9.6078975    0.0700006 
1......2.........3......4......5.......6........7....................8...........Gaining to use new average direction of P0 P8 instead of biggest increase direction 8 :

Powell iter=58 Big Iter=30 -2*LL=3586.685885480883 gain=0.692 1 sec. 82 sec.
#model=  1      +     age 
12   10.2624286    6.9655497 
13  127.0348156    4.6442981 
21    0.3653860   -0.0261961 
23   -9.6479991    0.0706689 
1......2.........3.......4......5......6........7..................8............Gaining to use new average direction of P0 P8 instead of biggest increase direction 1 :

Powell iter=59 Big Iter=30 -2*LL=3582.339651992089 gain=4.35 1 sec. 83 sec.
#model=  1      +     age 
12   11.7522991    6.3042429 
13  137.6016029    3.8087224 
21    0.4552429   -0.0260165 
23   -9.9125005    0.0743449 
1......2........3.......4......5........6.......7..................8.............Gaining to use new average direction of P0 P8 instead of biggest increase direction 8 :

Powell iter=60 Big Iter=31 -2*LL=3572.615185739985 gain=9.72 1 sec. 84 sec.
#model=  1      +     age 
12   15.2409778    4.7541245 
13  132.7265120    2.4121401 
21    0.7437433   -0.0285604 
23  -10.4019739    0.0807435 
1......2........3........4......5........6......7..................8......................Gaining to use new average direction of P0 P8 instead of biggest increase direction 8 :

Powell iter=61 Big Iter=31 -2*LL=3531.926184113461 gain=40.7 1 sec. 85 sec.
#model=  1      +     age 
12   26.4307909   -0.2228608 
13  128.0297696   -2.2707210 
21    1.8983792   -0.0444711 
23  -11.5910196    0.0952469 
1.......2........3.........4.....5........6.......7..................8..................directest= 94721.905024052132 (if directest<0 or t<0 we include P0 Pn as new direction), t= -165202802428.856540000000, f1= 3531.926184113461,f2= 3505.374390726277,f3= 98237.568386387691, del= 18.420382498236
f1-2f2+f3= 94758.745789048597, f1-f2-del= 8.131410888949, f1-f3= -94705.642202274234

Powell iter=62 Big Iter=32 -2*LL=3505.374390726277 gain=26.6 1 sec. 86 sec.
#model=  1      +     age 
12   26.4949664   -0.2567147 
13  146.7504876   -2.6485628 
21    2.0428270   -0.0511697 
23  -11.3690104    0.0910911 
1.............2.......3.......4......5......6.......7..................8...............................Gaining to use new average direction of P0 P8 instead of biggest increase direction 2 :

Powell iter=63 Big Iter=32 -2*LL=3504.722533062498 gain=0.652 1 sec. 87 sec.
#model=  1      +     age 
12   26.4968082   -0.2576890 
13  124.1912789   -2.2102849 
21    1.9165361   -0.0498144 
23  -11.5793983    0.0935250 
1..............2.......................3......4.....5.......6.......7..................8........
Powell iter=64 Big Iter=33 -2*LL=3504.677242415566 gain=0.0453 1 sec. 88 sec.
#model=  1      +     age 
12   26.4970279   -0.2579225 
13  125.0021055   -2.2263416 
21    1.9405066   -0.0502693 
23  -11.5396166    0.0930399 
1..............2.......................3......4......5.......6.......7..................8...............Gaining to use new average direction of P0 P8 instead of biggest increase direction 4 :

Powell iter=65 Big Iter=33 -2*LL=3504.657256597382 gain=0.02 1 sec. 89 sec.
#model=  1      +     age 
12   26.5019703   -0.2602935 
13  128.1168941   -2.2884199 
21    1.9597971   -0.0506622 
23  -11.5089391    0.0926504 
1..................2..............................3........4...........5.........6..............7.....................8................directest= 0.005277392763 (if directest<0 or t<0 we include P0 Pn as new direction), t= -0.000000000301, f1= 3504.657256597382,f2= 3504.657232502418,f3= 3504.662507785898, del= 0.000010992840
f1-2f2+f3= 0.005299378443, f1-f2-del= 0.000013102123, f1-f3= -0.005251188516

Powell iter=66 Big Iter=34 -2*LL=3504.657232502418 gain=2.41e-005 1 sec. 90 sec.
#model=  1      +     age 
12   26.5017730   -0.2602079 
13  128.2092542   -2.2901451 
21    1.9594696   -0.0506583 
23  -11.5094292    0.0926572 
1.........................2............................3........4.............5.........6..............7......................8................
Powell iter=67 Big Iter=34 -2*LL=3504.657230243350 gain=2.26e-006 2 sec. 92 sec.
#model=  1      +     age 
12   26.5017591   -0.2602021 
13  128.2175090   -2.2902940 
21    1.9591664   -0.0506542 
23  -11.5099295    0.0926633 
1.....................2.................................3...........4...............5...............6.................7.....................8............................Gaining to use new average direction of P0 P8 instead of biggest increase direction 3 :

Powell iter=68 Big Iter=35 -2*LL=3504.657229854387 gain=3.89e-007 1 sec. 93 sec.
#model=  1      +     age 
12   26.5017589   -0.2602021 
13  128.2318338   -2.2905687 
21    1.9589968   -0.0506518 
23  -11.5102115    0.0926668 
1.............................2.............................3............................4...........................5............6................7...................8......................directest= 0.000000069900 (if directest<0 or t<0 we include P0 Pn as new direction), t= -0.000000000000, f1= 3504.657229854387,f2= 3504.657229853604,f3= 3504.657229923606, del= 0.000000000442
f1-2f2+f3= 0.000000070784, f1-f2-del= 0.000000000340, f1-f3= -0.000000069220

Powell iter=69 Big Iter=35 -2*LL=3504.657229853604 gain=7.82e-010 2 sec. 95 sec.
#model=  1      +     age 
12   26.5017589   -0.2602021 
13  128.2318217   -2.2905684 
21    1.9589966   -0.0506518 
23  -11.5102118    0.0926668 
1..............................2............................3..........................4............................5.....................6................7......................8................................Gaining to use new average direction of P0 P8 instead of biggest increase direction 5 :

Powell iter=70 Big Iter=36 -2*LL=3504.657229839891 gain=1.37e-008 2 sec. 97 sec.
#model=  1      +     age 
12   26.5017588   -0.2602019 
13  128.2305102   -2.2905437 
21    1.9589906   -0.0506516 
23  -11.5102217    0.0926670 
1.....................2.....................3.............4.........................5.................................6........................7.............................8..................Gaining to use new average direction of P0 P8 instead of biggest increase direction 8 :

Powell iter=71 Big Iter=36 -2*LL=3504.657229804602 gain=3.53e-008 2 sec. 99 sec.
#model=  1      +     age 
12   26.5017623   -0.2602034 
13  128.2283311   -2.2905036 
21    1.9589875   -0.0506515 
23  -11.5102278    0.0926671 
1....................2............................3..............4.................5..................6.............7........................8......................Gaining to use new average direction of P0 P8 instead of biggest increase direction 8 :

Powell iter=72 Big Iter=37 -2*LL=3504.657229597343 gain=2.07e-007 2 sec. 101 sec.
#model=  1      +     age 
12   26.5017803   -0.2602110 
13  128.2196334   -2.2903443 
21    1.9589789   -0.0506512 
23  -11.5102470    0.0926674 
1..................2............................3............4...............5...............6..............7......................8..........................Gaining to use new average direction of P0 P8 instead of biggest increase direction 8 :

Powell iter=73 Big Iter=37 -2*LL=3504.657228639269 gain=9.58e-007 1 sec. 102 sec.
#model=  1      +     age 
12   26.5018231   -0.2602296 
13  128.2018723   -2.2900200 
21    1.9589648   -0.0506510 
23  -11.5102824    0.0926679 
1..................2............................3..............4.............5......6..............7........................8.................Gaining to use new average direction of P0 P8 instead of biggest increase direction 8 :

Powell iter=74 Big Iter=38 -2*LL=3504.657223235869 gain=5.4e-006 1 sec. 103 sec.
#model=  1      +     age 
12   26.5019313   -0.2602762 
13  128.1565533   -2.2891893 
21    1.9589223   -0.0506507 
23  -11.5103831    0.0926691 
1..................2...........................3............4..........5..........6..........7......................8....................Gaining to use new average direction of P0 P8 instead of biggest increase direction 8 :

Powell iter=75 Big Iter=38 -2*LL=3504.657191912943 gain=3.13e-005 2 sec. 105 sec.
#model=  1      +     age 
12   26.5021771   -0.2603783 
13  128.0472018   -2.2871713 
21    1.9587873   -0.0506499 
23  -11.5106764    0.0926724 
1.......................2.........................3............4.........5......6..........7......................8..................Gaining to use new average direction of P0 P8 instead of biggest increase direction 8 :

Powell iter=76 Big Iter=39 -2*LL=3504.656999722472 gain=0.000192 1 sec. 106 sec.
#model=  1      +     age 
12   26.5027988   -0.2606115 
13  127.7611554   -2.2818559 
21    1.9583443   -0.0506472 
23  -11.5115904    0.0926828 
1..............2.......................3............4........5......6...........7.....................8.............Gaining to use new average direction of P0 P8 instead of biggest increase direction 8 :

Powell iter=77 Big Iter=39 -2*LL=3504.655818802387 gain=0.00118 1 sec. 107 sec.
#model=  1      +     age 
12   26.5045542   -0.2611298 
13  127.0278599   -2.2681453 
21    1.9570283   -0.0506379 
23  -11.5143005    0.0927137 
1..............2......................3.............4........5.....6........7....................8.............Gaining to use new average direction of P0 P8 instead of biggest increase direction 8 :

Powell iter=78 Big Iter=40 -2*LL=3504.648652530563 gain=0.00717 2 sec. 109 sec.
#model=  1      +     age 
12   26.5106638   -0.2622785 
13  125.2080085   -2.2339549 
21    1.9536010   -0.0506119 
23  -11.5219122    0.0928016 
1..............2......................3...................4........5......6........7..................8..............Gaining to use new average direction of P0 P8 instead of biggest increase direction 8 :

Powell iter=79 Big Iter=40 -2*LL=3504.606926110154 gain=0.0417 1 sec. 110 sec.
#model=  1      +     age 
12   26.5361803   -0.2648070 
13  121.1125667   -2.1567529 
21    1.9468530   -0.0505659 
23  -11.5414631    0.0930297 
1.............2......................3.........4.......5......6.......7..................8..............Gaining to use new average direction of P0 P8 instead of biggest increase direction 8 :

Powell iter=80 Big Iter=41 -2*LL=3504.383403003320 gain=0.224 1 sec. 111 sec.
#model=  1      +     age 
12   26.6476788   -0.2703321 
13  113.6365978   -2.0155190 
21    1.9427115   -0.0506075 
23  -11.5855935    0.0935476 
1................2......................3.......4......5......6......7..................8................Gaining to use new average direction of P0 P8 instead of biggest increase direction 8 :

Powell iter=81 Big Iter=41 -2*LL=3503.349693664890 gain=1.03 1 sec. 112 sec.
#model=  1      +     age 
12   27.0860831   -0.2821797 
13  105.0387944   -1.8525636 
21    1.9796695   -0.0513198 
23  -11.6721061    0.0945619 
1.............2......................3.......4.......5......6.......7..................8................Gaining to use new average direction of P0 P8 instead of biggest increase direction 8 :

Powell iter=82 Big Iter=42 -2*LL=3499.285462437084 gain=4.06 1 sec. 113 sec.
#model=  1      +     age 
12   28.6767399   -0.3097463 
13  104.0640730   -1.8301850 
21    2.1879619   -0.0546477 
23  -11.8649888    0.0968110 
1...............2......................3........4.......5......6.......7..................8.............Gaining to use new average direction of P0 P8 instead of biggest increase direction 8 :

Powell iter=83 Big Iter=42 -2*LL=3480.878867687356 gain=18.4 1 sec. 114 sec.
#model=  1      +     age 
12   39.1989891   -0.4543617 
13  138.4778692   -2.4346603 
21    3.6139016   -0.0765663 
23  -13.0664988    0.1108389 
1..........2....................3........4.......5......6.......7.................8.........
Powell iter=84 Big Iter=43 -2*LL=3454.887986369149 gain=26 1 sec. 115 sec.
#model=  1      +     age 
12   51.6962996   -0.5951097 
13  180.6491607   -3.1474131 
21    5.2194540   -0.1009080 
23  -14.6442612    0.1292398 
1............2....................3......4........5......6.......7..................8..........
Powell iter=85 Big Iter=43 -2*LL=3453.274673669806 gain=1.61 1 sec. 116 sec.
#model=  1      +     age 
12   54.6030629   -0.6265323 
13  172.9413332   -2.9773442 
21    5.7145035   -0.1083061 
23  -14.8091188    0.1310372 
1.............2........................3......4.......5......6......7..................8............
Powell iter=86 Big Iter=44 -2*LL=3453.131000245562 gain=0.144 1 sec. 117 sec.
#model=  1      +     age 
12   54.9976846   -0.6312604 
13  162.0730786   -2.7658995 
21    5.7924715   -0.1094970 
23  -14.8134843    0.1310789 
1.............2......................3.......4........5.....6.......7....................8.................Gaining to use new average direction of P0 P8 instead of biggest increase direction 1 :

Powell iter=87 Big Iter=44 -2*LL=3453.039802840970 gain=0.0912 1 sec. 118 sec.
#model=  1      +     age 
12   54.8603824   -0.6302428 
13  149.5083006   -2.5260538 
21    5.7767279   -0.1092123 
23  -14.7928308    0.1308461 
1.................2......................3........4........5......6......7..................8........
Powell iter=88 Big Iter=45 -2*LL=3453.022572838174 gain=0.0172 1 sec. 119 sec.
#model=  1      +     age 
12   54.8443982   -0.6303568 
13  151.0311063   -2.5558085 
21    5.7629002   -0.1089528 
23  -14.8103444    0.1310579 
1..........2.....................3........4........5......6........7..................8........
Powell iter=89 Big Iter=45 -2*LL=3453.015659103404 gain=0.00691 1 sec. 120 sec.
#model=  1      +     age 
12   54.6779842   -0.6279928 
13  151.1160797   -2.5583061 
21    5.7333114   -0.1084689 
23  -14.8030489    0.1309763 
1..........2.....................3........4........5.....6........7.................8...............Gaining to use new average direction of P0 P8 instead of biggest increase direction 5 :

Powell iter=90 Big Iter=46 -2*LL=3453.012854507242 gain=0.0028 1 sec. 121 sec.
#model=  1      +     age 
12   54.5531320   -0.6260399 
13  151.2438817   -2.5612659 
21    5.7049881   -0.1079882 
23  -14.8077773    0.1310360 
1..........2.....................3........4..........5.........6...........7...................8.........directest= 0.000797803061 (if directest<0 or t<0 we include P0 Pn as new direction), t= -0.000000000052, f1= 3453.012854507242,f2= 3453.012580890131,f3= 3453.013473996836, del= 0.000184460377
f1-2f2+f3= 0.001166723815, f1-f2-del= 0.000089156733, f1-f3= -0.000619489595

Powell iter=91 Big Iter=46 -2*LL=3453.012580890131 gain=0.000274 1 sec. 122 sec.
#model=  1      +     age 
12   54.5847906   -0.6263961 
13  151.2428628   -2.5610105 
21    5.7083543   -0.1080327 
23  -14.8129374    0.1310963 
1..........2.......................3............4..............5..........6............7......................8................Gaining to use new average direction of P0 P8 instead of biggest increase direction 1 :

Powell iter=92 Big Iter=47 -2*LL=3453.012478568597 gain=0.000102 1 sec. 123 sec.
#model=  1      +     age 
12   54.6161001   -0.6267728 
13  151.2855527   -2.5616197 
21    5.7110211   -0.1080677 
23  -14.8191388    0.1311690 
1...............2........................3..............4............5..............6...........7......................8..................directest= 0.000017885243 (if directest<0 or t<0 we include P0 Pn as new direction), t= -0.000000000000, f1= 3453.012478568597,f2= 3453.012474104656,f3= 3453.012492753301, del= 0.000002613671
f1-2f2+f3= 0.000023112586, f1-f2-del= 0.000001850270, f1-f3= -0.000014184704

Powell iter=93 Big Iter=47 -2*LL=3453.012474104656 gain=4.46e-006 2 sec. 125 sec.
#model=  1      +     age 
12   54.6169512   -0.6267893 
13  151.2875217   -2.5616533 
21    5.7108513   -0.1080665 
23  -14.8197096    0.1311757 
1...........2..........................3.........................4..........5.............6...........7...........................8........................Gaining to use new average direction of P0 P8 instead of biggest increase direction 4 :

Powell iter=94 Big Iter=48 -2*LL=3453.012472241114 gain=1.86e-006 1 sec. 126 sec.
#model=  1      +     age 
12   54.6154382   -0.6267638 
13  151.2844541   -2.5615945 
21    5.7100801   -0.1080550 
23  -14.8204787    0.1311848 
1......................2............................3......................4..................5..........6.................................7..................8......................directest= 0.000000443700 (if directest<0 or t<0 we include P0 Pn as new direction), t= -0.000000000000, f1= 3453.012472241114,f2= 3453.012472240703,f3= 3453.012472684529, del= 0.000000000269
f1-2f2+f3= 0.000000444238, f1-f2-del= 0.000000000143, f1-f3= -0.000000443415

Powell iter=95 Big Iter=48 -2*LL=3453.012472240703 gain=4.12e-010 2 sec. 128 sec.
#model=  1      +     age 
12   54.6154327   -0.6267636 
13  151.2842469   -2.5615904 
21    5.7100773   -0.1080550 
23  -14.8204815    0.1311848 
1.........................2........................3......................................4..................................5...........................6..................................7....................8....................................
Powell iter=96 Big Iter=49 -2*LL=3453.012472240696 gain=6.37e-012 2 sec. 130 sec.
#model=  1      +     age 
12   54.6154319   -0.6267636 
13  151.2842478   -2.5615904 
21    5.7100771   -0.1080550 
23  -14.8204815    0.1311848 
1..............................2..........................3......................................4....................................5.............................6.........................................7....................8.....................................
Powell iter=97 Big Iter=49 -2*LL=3453.012472240693 gain=3.64e-012 2 sec. 132 sec.
#model=  1      +     age 
12   54.6154319   -0.6267636 
13  151.2842478   -2.5615904 
21    5.7100771   -0.1080550 
23  -14.8204815    0.1311848 
1..............................2...........................3.......................................4...................................5............................6......................................7.....................8......................................
#Number of iterations & function calls = 97 & 14946, -2 Log likelihood = 3453.012472240693
# Parameters nlstate*nlstate*ncov a12*1 + b12 * age + ...
#model=  1      +     age 
12   54.6154319   -0.6267636 
13  151.2842478   -2.5615904 
21    5.7100771   -0.1080550 
23  -14.8204815    0.1311848 

Calculation of the hessian matrix. Wait...
1-2-3-4-5-6-7-8-.1-2.1-3.1-4.1-5Warning: directions 1-5, you are not estimating the Hessian at the exact maximum likelihood; you could increase ftol=1.00e-018
1 5 k=1, k1=1.607737265658e-003 k2=4.042142511025e-002 k3=-2.381648133905e-003 k4=2.987116103759e-002 delti*k=1.000000000000e-002 deltj*k=1.000000000000e-002, xi-de*k=5.460543191008e+001 xj-de*k=5.700077117594e+000  res=-8.201098341374e+000 k1234=-6.560878673099e-003,k1-2=-3.881368784459e-002,k3-4=-3.225280917150e-002
Warning: directions 1-5, you are not estimating the Hessian at the exact maximum likelihood; you could increase ftol=1.00e-018
1 5 k=11, k1=1.735889920885e+000 k2=2.530947142606e+000 k3=2.070545631837e+000 k4=2.071103885340e+000 delti*k=9.090909090909e-004 deltj*k=9.090909090909e-004, xi-de*k=5.461452281917e+001 xj-de*k=5.709168026685e+000  res=-8.207633969187e+000 k1234=-7.944989682173e-001,k1-2=-7.950572217205e-001,k3-4=-5.582535031863e-004
.1-6.1-7.1-8.2-3.2-4.2-5.2-6.2-7.2-8.3-4.3-5.3-6.3-7.3-8.4-5.4-6.4-7.4-8.5-6Warning: directions 5-6, you are not estimating the Hessian at the exact maximum likelihood; you could increase ftol=1.00e-018
5 6 k=1, k1=1.399487208346e-003 k2=-3.128948578251e-003 k3=3.240691888641e-002 k4=3.694452680520e-002 delti*k=1.000000000000e-002 deltj*k=1.000000000000e-005, xi-de*k=5.700077117594e+000 xj-de*k=-1.080649916902e-001  res=1.133255463174e+004 k1234=9.066043705388e-003,k1-2=4.528435786597e-003,k3-4=-4.537607918792e-003
Warning: directions 5-6, you are not estimating the Hessian at the exact maximum likelihood; you could increase ftol=1.00e-018
5 6 k=11, k1=2.114625207448e+000 k2=1.567003310676e+000 k3=1.974014906941e+000 k4=2.522441121962e+000 delti*k=9.090909090909e-004 deltj*k=9.090909090909e-007, xi-de*k=5.709168026685e+000 xj-de*k=-1.080559007811e-001  res=1.132281107225e+004 k1234=1.096048111794e+000,k1-2=5.476218967724e-001,k3-4=-5.484262150212e-001
.5-7Warning: directions 5-7, you are not estimating the Hessian at the exact maximum likelihood; you could increase ftol=1.00e-018
5 7 k=1, k1=3.201082017767e-005 k2=-1.628053392778e-003 k3=3.604458587597e-002 k4=3.344102947540e-002 delti*k=1.000000000000e-002 deltj*k=1.000000000000e-003, xi-de*k=5.700077117594e+000 xj-de*k=-1.482148150241e+001  res=-1.179365234520e+001 k1234=-9.434921876164e-004,k1-2=1.660064212956e-003,k3-4=2.603556400572e-003
Warning: directions 5-7, you are not estimating the Hessian at the exact maximum likelihood; you could increase ftol=1.00e-018
5 7 k=11, k1=1.830839715681e+000 k2=1.866506126546e+000 k3=2.295868025345e+000 k4=2.217304684909e+000 delti*k=9.090909090909e-004 deltj*k=9.090909090909e-005, xi-de*k=5.709168026685e+000 xj-de*k=-1.482057241150e+001  res=-1.180059414281e+001 k1234=-1.142297513024e-001,k1-2=-3.566641086582e-002,k3-4=7.856334043663e-002
.5-8.6-7.6-8.7-8

Inverting the hessian to get the covariance matrix. Wait...

#Hessian matrix#
5.526512e+000 3.613246e+002 -3.714432e+000 -1.930751e+002 -8.207634e+000 -6.940759e+002 7.994788e-001 7.397365e+001 
3.613246e+002 2.564284e+004 -1.930725e+002 -1.003719e+004 -6.940446e+002 -5.973125e+004 7.302223e+001 6.591137e+003 
-3.714432e+000 -1.930725e+002 3.714406e+000 1.930725e+002 8.060333e-001 4.176106e+001 1.276282e-001 6.794778e+000 
-1.930751e+002 -1.003719e+004 1.930725e+002 1.003722e+004 4.193310e+001 2.172679e+003 6.794841e+000 3.619903e+002 
-8.207634e+000 -6.940446e+002 8.060333e-001 4.193310e+001 1.682040e+002 1.132281e+004 -1.180059e+001 -9.023411e+002 
-6.940759e+002 -5.973125e+004 4.176106e+001 2.172679e+003 1.132281e+004 7.810767e+005 -9.004433e+002 -6.997655e+004 
7.994788e-001 7.302223e+001 1.276282e-001 6.794841e+000 -1.180059e+001 -9.004433e+002 1.450048e+002 1.225342e+004 
7.397365e+001 6.591137e+003 6.794778e+000 3.619903e+002 -9.023411e+002 -6.997655e+004 1.225342e+004 1.045295e+006 
Parameters, Wald tests and Wald-based confidence intervals
 W is simply the result of the division of the parameter by the square root of covariance of the parameter.
 And Wald-based confidence intervals plus and minus 1.96 * W 
  It might be better to visualize the covariance matrix. See the page 'Matrix of variance-covariance of one-step probabilities' and its graphs.
12   54.6154319(  -1.#IND000) W=  -1.#IO CI=[  -1.#IND000 ;   -1.#IND000]   -0.6267636(  -1.#IND000) W=  -1.#IO CI=[  -1.#IND000 ;   -1.#IND000] 
13  151.2842478(  42.9427316) W=   3.523 CI=[  67.1164938 ;  235.4520017]   -2.5615904(   0.8355532) W=  -3.066 CI=[  -4.1992747 ;   -0.9239062] 
21    5.7100771(   0.4280433) W=  13.340 CI=[   4.8711122 ;    6.5490420]   -0.1080550(   0.0059698) W= -18.100 CI=[  -0.1197557 ;   -0.0963542] 
23  -14.8204815(   0.8592772) W= -17.248 CI=[ -16.5046648 ;  -13.1362982]    0.1311848(   0.0101153) W=  12.969 CI=[   0.1113588 ;    0.1510109] 
# Scales (for hessian or gradient estimation)
12 1.00000e-002 1.00000e-005
13 1.00000e-003 1.00000e-005
21 1.00000e-002 1.00000e-005
23 1.00000e-003 1.00000e-006
# Covariance matrix 
# 121 Var(a12)
# 122 Cov(b12,a12) Var(b12)
#   ...
# 232 Cov(b23,a12)  Cov(b23,b12) ... Var (b23)
#121 Var(a12)
#122 Cov(b12,a12) Var(b12)
#131 Cov(a13,a12) Cov(a13,b12) Var(a13)
#132 Cov(b13,a12) Cov(b13,b12) Cov(b13,a13) Var(b13)
#211 Cov(a21,a12) Cov(a21,b12) Cov(a21,a13) Cov(a21,b13) Var(a21)
#212 Cov(b21,a12) Cov(b21,b12) Cov(b21,a13) Cov(b21,b13) Cov(b21,a21) Var(b21)
#231 Cov(a23,a12) Cov(a23,b12) Cov(a23,a13) Cov(a23,b13) Cov(a23,a21) Cov(a23,b21) Var(a23)
#232 Cov(b23,a12) Cov(b23,b12) Cov(b23,a13) Cov(b23,b13) Cov(b23,a21) Cov(b23,b21) Cov(b23,a23) Var(b23)
121 -5.5495975e+001
122 4.86253e-001 -3.9432315e-003
131 -5.31937e+001 4.67272e-001 1.8440782e+003
132 4.37882e-001 -3.53292e-003 -3.60324e+001 6.9814915e-001
211 6.25886e+000 -6.91061e-002 6.01549e+000 -6.46467e-002 1.8322107e-001
212 -1.01318e-001 1.11811e-003 -9.69961e-002 1.03781e-003 -2.52182e-003 3.5638121e-005
231 -5.30613e-001 5.77045e-003 1.04518e+000 -2.47636e-002 2.10312e-002 -2.45922e-004 7.3835727e-001
232 5.89574e-003 -6.38089e-005 -1.22435e-002 2.87700e-004 -2.81088e-004 3.48255e-006 -8.65072e-003 1.0231985e-004
# agemin agemax for life expectancy, bage fage (if mle==0 ie no data nor Max likelihood).
# Observed prevalence period
begin-prev-date=1/1/2013 end-prev-date=1/9/2018 mov_average=0
# Health expectancies computed from stable (period) prevalence (pop_based=0) or population based (1)
pop_based=0
# Prevalence forecasting and backcasting is skept here
##prevforecast=0  starting-proj-date=1/1/1989 final-proj-date=1/1/1990 mobil_average=0
#prevforecast=1 yearsfproj=10 mobil_average=0
#prevbackcast=1 yearsbproj=10 mobil_average=1
End of resultlines.

Computing forward period (stable) prevalence: result on file 'PL_BEFchr.txt' 
Computing pij: result on file 'PIJ_BEFchr.txt' 
Computing standard deviation of one-step probabilities: result on file 'PROB_rBEFchr.txt' 
Computing matrix of variance covariance of one-step probabilities: result on file 'PROBCOV_BEFchr.txt' 
and correlation matrix of one-step probabilities: result on file 'PROBCOR_BEFchr.txt' 
Prevalence combination of varying and fixed dummies 1
Warning Observed prevalence doesn't sum to 1 for state 2: probs[50][2][1]=0.000000 because of lack of cases.
Warning Observed prevalence doesn't sum to 1 for state 1: probs[98][1][1]=0.000000 because of lack of cases.
Warning Observed prevalence doesn't sum to 1 for state 2: probs[98][2][1]=0.000000 because of lack of cases.
Warning Observed prevalence doesn't sum to 1 for state 1: probs[99][1][1]=0.000000 because of lack of cases.
Warning Observed prevalence doesn't sum to 1 for state 2: probs[99][2][1]=0.000000 because of lack of cases.
Warning Observed prevalence doesn't sum to 1 for state 1: probs[100][1][1]=0.000000 because of lack of cases.
Warning Observed prevalence doesn't sum to 1 for state 2: probs[100][2][1]=0.000000 because of lack of cases.
Computing Health Expectancies: result on file 'E_BEFchr.txt' ...done evsij
Computing Total Life expectancies with their standard errors: file 'T_BEFchr.txt' ...
  Computing State-specific Expectancies and standard errors: result on file 'STDE_BEFchr.txt' 
    Computing Covar. of State-specific Expectancies: result on file 'CVE_BEFchr.txt' 
      Computing Variance-covariance of State-specific Expectancies: file 'V_BEFchr.txt' ... done State-specific expectancies
Computing Variance-covariance of forward period (stable) prevalence: file 'VPL_BEFchr.txt' ...done variance-covariance of forward period prevalence
End of Imach with 0 errors and/or warnings 1. Please look at the log file for details.
Local time at start Tue May 28 07:03:20 2024

Local time at end   Tue May 28 07:05:38 2024

Total time used 0 day(s) 0 hour(s) 2 minute(s) 18 second(s)
Total time was 138 Sec.
