Log filename:CZFsr.log
Version 0.99r45 $Revision: 1.353 $ $Date: 2023/05/08 18:48:22 $
Enter the parameter file name: 
pathimach=C:\PROGRA~1\IMACH-~2.99R\bin\
pathtot=C:\Users\mmusz\Dropbox\gender_paradox\data\IMACH\CZFsr.txt
 path=C:\Users\mmusz\Dropbox\gender_paradox\data\IMACH\ 
 optionfile=CZFsr.txt
 optionfilext=txt
 optionfilefiname='CZFsr'
Compiled with: Microsoft Visual Studio for Windows (x64 and x86)  64-bit
The programm is not running under WOW64 (i.e probably on a 64bit Windows).
Local time (at start): Mon May 27 20:51:15 2024
title=sr datafile=dataCZFsr.txt lastobs=15000 firstpass=1 lastpass=2
ftol=1.000000e-018 stepm=3 ncovcol=0 nqv=0 ntv=0 nqtv=0 nlstate=2 ndeath=1 maxwav=2 mle=1 weight=1
model=1+age+
# Parameters nlstate*nlstate*ncov a12*1 + b12 * age + ...
12 0.000000 0.000000
13 0.000000 0.000000
21 0.000000 0.000000
23 0.000000 0.000000
# Scales (for hessian or gradient estimation)
12 0.000000e+000 0.000000e+000
13 0.000000e+000 0.000000e+000
21 0.000000e+000 0.000000e+000
23 0.000000e+000 0.000000e+000
# Covariance matrix
121 0.00000e+000
122 0.00000e+000 0.00000e+000
131 0.00000e+000 0.00000e+000 0.00000e+000
132 0.00000e+000 0.00000e+000 0.00000e+000 0.00000e+000
211 0.00000e+000 0.00000e+000 0.00000e+000 0.00000e+000 0.00000e+000
212 0.00000e+000 0.00000e+000 0.00000e+000 0.00000e+000 0.00000e+000 0.00000e+000
231 0.00000e+000 0.00000e+000 0.00000e+000 0.00000e+000 0.00000e+000 0.00000e+000 0.00000e+000
232 0.00000e+000 0.00000e+000 0.00000e+000 0.00000e+000 0.00000e+000 0.00000e+000 0.00000e+000 0.00000e+000

Model=1+age+
Typevar: 0 for simple covariate (dummy, quantitative, fixed or varying), 1 for age product, 2 for  product, 3 for double product with age  
Fixed[k] 0=fixed (product or simple), 1 varying, 2 fixed with age product, 3 varying with age product 
Dummy[k] 0=dummy (0 1), 1 quantitative (single or product without age), 2 dummy with age product, 3 quant with age product
ncoveff=0, nqfveff=0, ntveff=0, nqtveff=0, cptcovn=0
ncovf=0, ncovv=0, ncova=0, nsd=0, nsq=0
Warning: The value of parameter lastobs=15000 is big compared to the 
  effective number of cases imx=2340, please adjust, 
  otherwise you are allocating more memory than necessary.
Total number of individuals= 2340, Agemin = 51.08, Agemax= 104.50

Information, you have to check 0 informations which haven't been logged!
Delay (in months) between two waves Min=2 (for indiviudal 2000) Max=35 (829) Mean=24.828987

 Age 51 1.=1 loss[1]=0.0% 2.=1 loss[2]=0.0% 1.=1 prev[1]=56.1% 2.=1 prev[2]=43.9% 11=1 22=1
Age 52 1.=3 loss[1]=0.0% 2.=0 loss[2]=0.0% 1.=3 prev[1]=98.1% 2.=0 prev[2]=1.9% 11=3 12=0 22=0
Age 53 1.=3 loss[1]=0.0% 2.=1 loss[2]=0.0% 1.=3 prev[1]=75.6% 2.=1 prev[2]=24.4% 11=2 12=1 21=0 22=1
Age 54 1.=2 loss[1]=0.0% 2.=2 loss[2]=0.0% 1.=2 prev[1]=51.9% 2.=2 prev[2]=48.1% 11=2 12=0 21=1 22=1 23=0
Age 55 1.=1 loss[1]=0.0% 2.=0 loss[2]=0.0% 1.=1 prev[1]=69.0% 2.=0 prev[2]=31.0% 11=1 12=0 21=0 22=0
Age 56 1.=1 loss[1]=0.0% 2.=0 loss[2]=0.0% 1.=1 prev[1]=79.7% 2.=0 prev[2]=20.3% 11=1 12=0 21=0 22=0
Age 57 1.=2 loss[1]=0.0% 2.=1 loss[2]=0.0% 1.=2 prev[1]=69.0% 2.=1 prev[2]=31.0% 11=2 12=0 21=0 22=0 23=0
Age 58 1.=1 loss[1]=0.0% 2.=1 loss[2]=0.0% 1.=1 prev[1]=58.1% 2.=1 prev[2]=41.9% 11=1 12=0 21=1 22=0 23=0
Age 59 1.=1 loss[1]=0.0% 2.=1 loss[2]=0.0% 1.=1 prev[1]=66.1% 2.=1 prev[2]=33.9% 11=1 12=0 13=0 21=0 22=0
Age 60 1.=2 loss[1]=0.0% 2.=1 loss[2]=0.0% 1.=2 prev[1]=73.3% 2.=1 prev[2]=26.7% 11=2 12=0 21=0 22=0
Age 61 1.=2 loss[1]=0.0% 2.=1 loss[2]=0.0% 1.=2 prev[1]=69.8% 2.=1 prev[2]=30.2% 11=1 12=0 21=0 22=0
Age 62 1.=1 loss[1]=0.0% 2.=1 loss[2]=0.0% 1.=1 prev[1]=64.4% 2.=1 prev[2]=35.6% 11=1 12=0 21=0 22=0 23=0
Age 63 1.=3 loss[1]=0.0% 2.=1 loss[2]=0.0% 1.=3 prev[1]=71.2% 2.=1 prev[2]=28.8% 11=2 12=0 13=0 21=0 22=0 23=0
Age 64 1.=2 loss[1]=0.0% 2.=1 loss[2]=0.0% 1.=2 prev[1]=65.4% 2.=1 prev[2]=34.6% 11=2 12=0 13=0 21=1 22=1 23=0
Age 65 1.=2 loss[1]=0.0% 2.=1 loss[2]=0.0% 1.=2 prev[1]=54.6% 2.=1 prev[2]=45.4% 11=1 12=0 13=0 21=0 22=1 23=0
Age 66 1.=2 loss[1]=0.0% 2.=1 loss[2]=0.0% 1.=2 prev[1]=70.0% 2.=1 prev[2]=30.0% 11=2 12=0 21=0 22=0 23=0
Age 67 1.=2 loss[1]=0.0% 2.=1 loss[2]=0.0% 1.=2 prev[1]=61.0% 2.=1 prev[2]=39.0% 11=2 12=0 13=0 21=1 22=1 23=0
Age 68 1.=2 loss[1]=0.0% 2.=1 loss[2]=0.0% 1.=2 prev[1]=69.4% 2.=1 prev[2]=30.6% 11=2 12=0 13=0 21=0 22=0 23=0
Age 69 1.=2 loss[1]=0.0% 2.=2 loss[2]=0.0% 1.=2 prev[1]=50.6% 2.=2 prev[2]=49.4% 11=1 12=0 13=0 21=1 22=1 23=0
Age 70 1.=2 loss[1]=0.0% 2.=1 loss[2]=0.0% 1.=2 prev[1]=52.7% 2.=1 prev[2]=47.3% 11=1 12=0 13=0 21=1 22=1 23=0
Age 71 1.=1 loss[1]=0.0% 2.=1 loss[2]=0.0% 1.=1 prev[1]=53.8% 2.=1 prev[2]=46.2% 11=1 12=0 21=1 22=0 23=0
Age 72 1.=1 loss[1]=0.0% 2.=1 loss[2]=0.0% 1.=1 prev[1]=54.6% 2.=1 prev[2]=45.4% 11=1 12=0 21=1 22=0 23=0
Age 73 1.=1 loss[1]=0.0% 2.=1 loss[2]=0.0% 1.=1 prev[1]=44.4% 2.=1 prev[2]=55.6% 11=1 12=0 21=0 22=1 23=0
Age 74 1.=1 loss[1]=0.0% 2.=1 loss[2]=0.0% 1.=1 prev[1]=37.8% 2.=1 prev[2]=62.2% 11=0 12=0 13=0 21=0 22=1
Age 75 1.=1 loss[1]=0.0% 2.=1 loss[2]=0.0% 1.=1 prev[1]=36.7% 2.=1 prev[2]=63.3% 11=0 12=0 13=0 21=0 22=1 23=0
Age 76 1.=0 loss[1]=0.0% 2.=1 loss[2]=0.0% 1.=0 prev[1]=27.5% 2.=1 prev[2]=72.5% 11=0 12=0 13=0 21=0 22=0 23=0
Age 77 1.=0 loss[1]=0.0% 2.=1 loss[2]=0.0% 1.=0 prev[1]=43.3% 2.=1 prev[2]=56.7% 11=0 12=0 21=0 22=0 23=0
Age 78 1.=1 loss[1]=0.0% 2.=1 loss[2]=0.0% 1.=1 prev[1]=46.4% 2.=1 prev[2]=53.6% 11=0 12=0 13=0 21=0 22=0 23=0
Age 79 1.=1 loss[1]=0.0% 2.=0 loss[2]=0.0% 1.=1 prev[1]=70.1% 2.=0 prev[2]=29.9% 11=1 12=0 13=0 21=0 22=0 23=0
Age 80 1.=1 loss[1]=0.0% 2.=1 loss[2]=0.0% 1.=1 prev[1]=35.2% 2.=1 prev[2]=64.8% 11=0 12=0 21=0 22=1 23=0
Age 81 1.=1 loss[1]=0.0% 2.=1 loss[2]=0.0% 1.=1 prev[1]=36.5% 2.=1 prev[2]=63.5% 11=0 12=0 13=0 21=1 22=1 23=0
Age 82 1.=0 loss[1]=0.0% 2.=1 loss[2]=0.0% 1.=0 prev[1]=22.3% 2.=1 prev[2]=77.7% 11=0 13=0 21=0 22=1 23=0
Age 83 1.=1 loss[1]=0.0% 2.=1 loss[2]=0.0% 1.=1 prev[1]=37.3% 2.=1 prev[2]=62.7% 11=0 12=0 13=0 21=0 22=0 23=0
Age 84 1.=1 loss[1]=0.0% 2.=0 loss[2]=0.0% 1.=1 prev[1]=66.4% 2.=0 prev[2]=33.6% 11=1 13=0 21=0 22=0 23=0
Age 85 1.=0 loss[1]=0.0% 2.=1 loss[2]=0.0% 1.=0 prev[1]=6.2% 2.=1 prev[2]=93.8% 13=0 21=0 22=0 23=0
Age 86 1.=0 loss[1]=0.0% 2.=0 loss[2]=0.0% 1.=0 prev[1]=56.2% 2.=0 prev[2]=43.8% 11=0 12=0 13=0 22=0 23=0
Age 87 1.=0 loss[1]=0.0% 2.=0 loss[2]=0.0% 1.=0 prev[1]=54.3% 2.=0 prev[2]=45.7% 11=0 12=0 21=0 22=0 23=0
Age 88 1.=0 loss[1]=0.0% 2.=0 loss[2]=0.0% 1.=0 prev[1]=33.4% 2.=0 prev[2]=66.6% 11=0 21=0 22=0 23=0
Age 89 1.=0 loss[1]=0.0% 2.=1 loss[2]=0.0% 1.=0 prev[1]=5.1% 2.=1 prev[2]=94.9% 11=0 21=0 22=0 23=0
Age 90 1.=0 loss[1]=0.0% 2.=0 loss[2]=0.0% 1.=0 prev[1]=4.7% 2.=0 prev[2]=95.3% 12=0 21=0 22=0 23=0
Age 91 1.=0 loss[1]=0.0% 2.=0 loss[2]=0.0% 1.=0 prev[1]=18.9% 2.=0 prev[2]=81.1% 11=0 13=0 21=0 22=0 23=0
Age 92 1.=0 loss[1]=NaNQ% 2.=0 loss[2]=0.0% 1.=0 prev[1]=0.0% 2.=0 prev[2]=100.0% 22=0 23=0
Age 93 1.=0 loss[1]=NaNQ% 2.=0 loss[2]=0.0% 1.=0 prev[1]=0.0% 2.=0 prev[2]=100.0% 22=0 23=0
Age 94 1.=0 loss[1]=NaNQ% 2.=0 loss[2]=NaNQ% 1.=0 prev[1]=NaNQ% 2.=0 prev[2]=NaNQ%
Age 95 1.=0 loss[1]=NaNQ% 2.=0 loss[2]=NaNQ% 1.=0 prev[1]=NaNQ% 2.=0 prev[2]=NaNQ%
Age 96 1.=0 loss[1]=NaNQ% 2.=0 loss[2]=NaNQ% 1.=0 prev[1]=NaNQ% 2.=0 prev[2]=NaNQ%
Age 97 1.=0 loss[1]=NaNQ% 2.=0 loss[2]=NaNQ% 1.=0 prev[1]=NaNQ% 2.=0 prev[2]=NaNQ%
Age 98 1.=0 loss[1]=NaNQ% 2.=0 loss[2]=NaNQ% 1.=0 prev[1]=NaNQ% 2.=0 prev[2]=NaNQ%
Age 99 1.=0 loss[1]=NaNQ% 2.=0 loss[2]=NaNQ% 1.=0 prev[1]=NaNQ% 2.=0 prev[2]=NaNQ%
Age 100 1.=0 loss[1]=NaNQ% 2.=0 loss[2]=NaNQ% 1.=0 prev[1]=NaNQ% 2.=0 prev[2]=NaNQ%
Age 101 1.=0 loss[1]=NaNQ% 2.=0 loss[2]=NaNQ% 1.=0 prev[1]=NaNQ% 2.=0 prev[2]=NaNQ%
Age 102 1.=0 loss[1]=NaNQ% 2.=0 loss[2]=0.0% 1.=0 prev[1]=0.0% 2.=0 prev[2]=100.0% 21=0
Age 103 1.=0 loss[1]=NaNQ% 2.=0 loss[2]=NaNQ% 1.=0 prev[1]=NaNQ% 2.=0 prev[2]=NaNQ%
Age 104 1.=0 loss[1]=NaNQ% 2.=0 loss[2]=NaNQ% 1.=0 prev[1]=NaNQ% 2.=0 prev[2]=NaNQ%
1 1.=0 loss[1]=NaNQ% 2.=0 loss[2]=NaNQ% 1.=0 prev[1]=NaNQ% 2.=0 prev[2]=NaNQ%
0 1.=0 loss[1]=NaNQ% 2.=0 loss[2]=NaNQ% 1.=0 prev[1]=NaNQ% 2.=0 prev[2]=NaNQ%
Total 1.=49 loss[1]=0.0% 2.=35 loss[2]=0.0% 1.=49 prev[1]=58.0% 2.=35 prev[2]=42.0% 11=41 12=6 13=1 21=14 22=18 23=3


12    0.0000000 ln(6/41)=   -1.8657468 
13    0.0000000 ln(1/41)=   -3.8260622 
21    0.0000000 ln(14/18)=   -0.2342032 
23    0.0000000 ln(3/18)=   -1.6665786 

 -1-1=0 -10=0 -11=0 -12=0 -13=0 0-1=0 00=0 01=0 02=0 03=0 1-1=0 10=0 11=41 12=6 13=1 2-1=0 20=0 21=14 22=18 23=3 3-1=0 30=0 31=0 32=0 33=0
Powell

Powell iter=1 Big Iter=1 -2*LL=18884.432169285268 gain=0 0 sec. 0 sec.
#model=  1      +     age 
12    0.0000000    0.0000000 
13    0.0000000    0.0000000 
21    0.0000000    0.0000000 
23    0.0000000    0.0000000 
1234..................5......6................7.........8.................. p(1)=41.390876 flat=1  p(2)=1.000000 flat=1  p(3)=1.000000 flat=1 ...........3 flat directions :1 2 3 
Gaining to use new average direction of P0 P8 instead of biggest increase direction 5 :

Powell iter=2 Big Iter=2 -2*LL=4997.989166605088 gain=1.39e+004 2 sec. 2 sec.
#model=  1      +     age 
12   34.9655045    0.8447636 
13    0.8447636    0.5222840 
21    2.6591449   -0.0007762 
23   -1.1040096    0.0021220 

Considering the time needed for this last iteration #2: 2 seconds,
   - if your program needs 1 BIG iterations  (2 iterations) to converge, convergence will be 
   reached in 0 day(s) 0 hour(s) 0 minute(s) 0 second(s) i.e.
   on Mon May 27 20:51:17 2024 (current time is Mon May 27 20:51:17 2024);
   - if your program needs 11 BIG iterations  (22 iterations) to converge, convergence will be 
   reached in 0 day(s) 0 hour(s) 0 minute(s) 40 second(s) i.e.
   on Mon May 27 20:51:57 2024 (current time is Mon May 27 20:51:17 2024);
   - if your program needs 21 BIG iterations  (42 iterations) to converge, convergence will be 
   reached in 0 day(s) 0 hour(s) 1 minute(s) 20 second(s) i.e.
   on Mon May 27 20:52:37 2024 (current time is Mon May 27 20:51:17 2024);
   - if your program needs 31 BIG iterations  (62 iterations) to converge, convergence will be 
   reached in 0 day(s) 0 hour(s) 2 minute(s) 0 second(s) i.e.
   on Mon May 27 20:53:17 2024 (current time is Mon May 27 20:51:17 2024);
12.................34...............5................6...............7.........8.............. p(1)=35.531982 flat=1  p(3)=1.834290 flat=1 
Powell iter=3 Big Iter=2 -2*LL=4594.945737222351 gain=403 1 sec. 3 sec.
#model=  1      +     age 
12   35.5319821    2.6934167 
13    1.8342897    3.0462820 
21    2.6261753   -0.0096079 
23   -1.8008248   -0.0159402 

Considering the time needed for this last iteration #3: 1 seconds,
   - if your program needs 1 BIG iterations  (2 iterations) to converge, convergence will be 
   reached in 0 day(s) 0 hour(s) 0 minute(s) -1 second(s) i.e.
   on Mon May 27 20:51:17 2024 (current time is Mon May 27 20:51:18 2024);
   - if your program needs 11 BIG iterations  (22 iterations) to converge, convergence will be 
   reached in 0 day(s) 0 hour(s) 0 minute(s) 19 second(s) i.e.
   on Mon May 27 20:51:37 2024 (current time is Mon May 27 20:51:18 2024);
   - if your program needs 21 BIG iterations  (42 iterations) to converge, convergence will be 
   reached in 0 day(s) 0 hour(s) 0 minute(s) 39 second(s) i.e.
   on Mon May 27 20:51:57 2024 (current time is Mon May 27 20:51:18 2024);
   - if your program needs 31 BIG iterations  (62 iterations) to converge, convergence will be 
   reached in 0 day(s) 0 hour(s) 0 minute(s) 59 second(s) i.e.
   on Mon May 27 20:52:17 2024 (current time is Mon May 27 20:51:18 2024);
1.........2............3..........4..................5.................6.............7..........8..............
Powell iter=4 Big Iter=3 -2*LL=4582.038803945203 gain=12.9 1 sec. 4 sec.
#model=  1      +     age 
12   35.4645737    2.6921827 
13    1.8872845    3.0445308 
21    2.6203660   -0.0120700 
23   -2.0813734   -0.0170160 
1..........2............3.........4..................5...................6..............7..........8....................Gaining to use new average direction of P0 P8 instead of biggest increase direction 7 :

Powell iter=5 Big Iter=3 -2*LL=4576.875700300995 gain=5.16 1 sec. 5 sec.
#model=  1      +     age 
12   35.2961890    2.6925715 
13    2.1107302    3.0406963 
21    2.6136532   -0.0140563 
23   -2.7222187   -0.0109833 
1...........2............3..........4..................5..................6.............7..............8.............Gaining to use new average direction of P0 P8 instead of biggest increase direction 6 :

Powell iter=6 Big Iter=4 -2*LL=4568.063154576915 gain=8.81 2 sec. 7 sec.
#model=  1      +     age 
12   34.9386687    2.6958034 
13    2.6435727    3.0330165 
21    2.6049774   -0.0153872 
23   -3.9640058    0.0064932 
1..........2............3...........4..................5..................6.......7..............8........
Powell iter=7 Big Iter=4 -2*LL=4561.879282779713 gain=6.18 2 sec. 9 sec.
#model=  1      +     age 
12   34.8414862    2.6992567 
13    2.8545879    3.0313574 
21    2.6084579   -0.0154415 
23   -4.3139476    0.0149150 
1...........2............3...........4..................5..................6.......7..............8.................Gaining to use new average direction of P0 P8 instead of biggest increase direction 6 :

Powell iter=8 Big Iter=5 -2*LL=4544.366627183703 gain=17.5 2 sec. 11 sec.
#model=  1      +     age 
12   33.9450270    2.7152110 
13    4.1160918    3.0184663 
21    2.6143571   -0.0145906 
23   -6.2130305    0.0483724 
1..........2............3...........4....................5...................6.......7..............8..........
Powell iter=9 Big Iter=5 -2*LL=4533.624324521378 gain=10.7 2 sec. 13 sec.
#model=  1      +     age 
12   33.5516577    2.7201034 
13    4.6998960    3.0109232 
21    2.6091710   -0.0142107 
23   -7.0160978    0.0588362 
1..........2............3...........4...................5...................6........7...............8................Gaining to use new average direction of P0 P8 instead of biggest increase direction 5 :

Powell iter=10 Big Iter=6 -2*LL=4509.487315323134 gain=24.1 2 sec. 15 sec.
#model=  1      +     age 
12   31.0333408    2.7443506 
13    7.7652460    2.9704167 
21    2.5773777   -0.0107785 
23  -10.7782401    0.1074655 
1...........2............3...........4...................5..........6........7..............8.........
Powell iter=11 Big Iter=6 -2*LL=4508.271067338722 gain=1.22 2 sec. 17 sec.
#model=  1      +     age 
12   30.6305276    2.7454453 
13    8.0913848    2.9651662 
21    2.5692748   -0.0105978 
23  -11.1177198    0.1107093 
1...........2............3...........4....................5.........6........7...............8..................Gaining to use new average direction of P0 P8 instead of biggest increase direction 5 :

Powell iter=12 Big Iter=7 -2*LL=4504.934363169060 gain=3.34 2 sec. 19 sec.
#model=  1      +     age 
12   28.4261801    2.7566315 
13   10.4343191    2.9295202 
21    2.5215617   -0.0095791 
23  -13.5874197    0.1380216 
1..........2............3...........4....................5..........6........7..............8.........directest= 62.371410362078 (if directest<0 or t<0 we include P0 Pn as new direction), t= -3662.110986665278, f1= 4504.934363169060,f2= 4501.789037383629,f3= 4563.438190323610, del= 1.211534181667
f1-2f2+f3= 64.794478725412, f1-f2-del= 1.933791603764, f1-f3= -58.503827154550

Powell iter=13 Big Iter=7 -2*LL=4501.789037383629 gain=3.15 2 sec. 21 sec.
#model=  1      +     age 
12   27.5284044    2.7657669 
13   11.7590362    2.9111068 
21    2.5034352   -0.0089979 
23  -15.2008817    0.1579618 
1..........2............3..........4...................5..........6........7................8...............Gaining to use new average direction of P0 P8 instead of biggest increase direction 1 :

Powell iter=14 Big Iter=8 -2*LL=4500.242288683400 gain=1.55 1 sec. 22 sec.
#model=  1      +     age 
12   26.8914539    2.7709848 
13   12.8496786    2.8943164 
21    2.4808356   -0.0089674 
23  -16.3495609    0.1710927 
1..........2...........3..........4..................5..........6........7..............8.......
Powell iter=15 Big Iter=8 -2*LL=4499.708127046197 gain=0.534 1 sec. 23 sec.
#model=  1      +     age 
12   27.0006766    2.7690881 
13   12.7656754    2.8945589 
21    2.4776419   -0.0090778 
23  -16.1332061    0.1680639 
1..........2...........3..........4..................5..........6........7..............8................Gaining to use new average direction of P0 P8 instead of biggest increase direction 7 :

Powell iter=16 Big Iter=9 -2*LL=4498.735959439985 gain=0.972 1 sec. 24 sec.
#model=  1      +     age 
12   27.1179382    2.7621141 
13   12.7032636    2.8911461 
21    2.4582775   -0.0090803 
23  -15.4495873    0.1576996 
1..........2...........3..........4..................5..........6........7........8........directest= 0.490669387109 (if directest<0 or t<0 we include P0 Pn as new direction), t= -0.000425615050, f1= 4498.735959439985,f2= 4498.629064908429,f3= 4499.095574742455, del= 0.041367489236
f1-2f2+f3= 0.573404365581, f1-f2-del= 0.065527042319, f1-f3= -0.359615302470

Powell iter=17 Big Iter=9 -2*LL=4498.629064908429 gain=0.107 1 sec. 25 sec.
#model=  1      +     age 
12   27.1623046    2.7615357 
13   12.6844184    2.8911394 
21    2.4574272   -0.0090750 
23  -15.3654271    0.1566462 
1..........2...........3..........4..................5..........6........7........8................Gaining to use new average direction of P0 P8 instead of biggest increase direction 3 :

Powell iter=18 Big Iter=10 -2*LL=4494.192651139147 gain=4.44 1 sec. 26 sec.
#model=  1      +     age 
12   28.2792367    2.7354686 
13   13.5072178    2.8666515 
21    2.4005737   -0.0084408 
23  -12.4423421    0.1241329 
1...........2............3........4.....................5...........6........7........8..........directest= 8.669798001366 (if directest<0 or t<0 we include P0 Pn as new direction), t= -5.300489297197, f1= 4494.192651139147,f2= 4494.012454258334,f3= 4502.655361036962, del= 0.076652829037
f1-2f2+f3= 8.823103659440, f1-f2-del= 0.103544051775, f1-f3= -8.462709897815

Powell iter=19 Big Iter=10 -2*LL=4494.012454258334 gain=0.18 1 sec. 27 sec.
#model=  1      +     age 
12   28.1185964    2.7360211 
13   13.7943778    2.8619719 
21    2.3941768   -0.0080820 
23  -12.5340960    0.1253505 
1..........2...........3........4..................5..........6........7........8..........
Powell iter=20 Big Iter=11 -2*LL=4494.009744684958 gain=0.00271 1 sec. 28 sec.
#model=  1      +     age 
12   28.1077392    2.7358834 
13   13.8236687    2.8613267 
21    2.3927674   -0.0080710 
23  -12.5300992    0.1252401 
1.............2...............3............4........................5..........6...............7..........8...............
Powell iter=21 Big Iter=11 -2*LL=4494.009695875497 gain=4.88e-005 1 sec. 29 sec.
#model=  1      +     age 
12   28.1075377    2.7358567 
13   13.8254518    2.8612735 
21    2.3926216   -0.0080691 
23  -12.5277064    0.1252023 
1............2................3..........4..........................5............6.............7............8............................Gaining to use new average direction of P0 P8 instead of biggest increase direction 1 :

Powell iter=22 Big Iter=12 -2*LL=4494.009677669428 gain=1.82e-005 2 sec. 31 sec.
#model=  1      +     age 
12   28.1083205    2.7358180 
13   13.8263868    2.8612318 
21    2.3924845   -0.0080681 
23  -12.5254487    0.1251673 
1.................2............3..........4...........................5...............6..............7................8...................Gaining to use new average direction of P0 P8 instead of biggest increase direction 8 :

Powell iter=23 Big Iter=12 -2*LL=4494.009646213467 gain=3.15e-005 2 sec. 33 sec.
#model=  1      +     age 
12   28.1099647    2.7357602 
13   13.8277850    2.8611760 
21    2.3923112   -0.0080663 
23  -12.5232546    0.1251361 
1..................2...........3........4......................5....................6....................7..................8...........Gaining to use new average direction of P0 P8 instead of biggest increase direction 8 :

Powell iter=24 Big Iter=13 -2*LL=4494.009395838123 gain=0.00025 3 sec. 36 sec.
#model=  1      +     age 
12   28.1239165    2.7352988 
13   13.8404155    2.8607259 
21    2.3909784   -0.0080499 
23  -12.5134764    0.1249994 
1.........2..........3........4....................5............6.............7............8...........Gaining to use new average direction of P0 P8 instead of biggest increase direction 8 :

Powell iter=25 Big Iter=13 -2*LL=4494.007964389241 gain=0.00143 2 sec. 38 sec.
#model=  1      +     age 
12   28.1934931    2.7330856 
13   13.9056137    2.8585570 
21    2.3847584   -0.0079647 
23  -12.4941928    0.1247413 
1..........2..........3........4...........................5...........6.............7...........8...........Gaining to use new average direction of P0 P8 instead of biggest increase direction 8 :

Powell iter=26 Big Iter=14 -2*LL=4494.000974017670 gain=0.00699 2 sec. 40 sec.
#model=  1      +     age 
12   28.5232354    2.7227379 
13   14.2215573    2.8483673 
21    2.3559497   -0.0075502 
23  -12.4747674    0.1245167 
1.........2..........3........4..................5............6..........7.........8......
Powell iter=27 Big Iter=14 -2*LL=4493.991161880844 gain=0.00981 2 sec. 42 sec.
#model=  1      +     age 
12   28.7522411    2.7156499 
13   14.4468469    2.8413437 
21    2.3363953   -0.0072527 
23  -12.5231698    0.1252046 
1..........2..........3........4..................5...........6............7.................8.............Gaining to use new average direction of P0 P8 instead of biggest increase direction 3 :

Powell iter=28 Big Iter=15 -2*LL=4493.987368298001 gain=0.00379 2 sec. 44 sec.
#model=  1      +     age 
12   29.0058507    2.7077871 
13   14.6963323    2.8335517 
21    2.3146533   -0.0069220 
23  -12.5842873    0.1260487 
1...............2............3..............4........................5...............6...................7................8..........directest= 0.001066027732 (if directest<0 or t<0 we include P0 Pn as new direction), t= -0.000000000000, f1= 4493.987368298001,f2= 4493.987368222811,f3= 4493.988434273650, del= 0.000000049148
f1-2f2+f3= 0.001066126028, f1-f2-del= 0.000000026042, f1-f3= -0.001065975649

Powell iter=29 Big Iter=15 -2*LL=4493.987368222811 gain=7.52e-008 2 sec. 46 sec.
#model=  1      +     age 
12   29.0060619    2.7077809 
13   14.6964514    2.8335465 
21    2.3146358   -0.0069218 
23  -12.5844517    0.1260504 
1...................2............3..................4........................5....................6.......................7..........................8....................
Powell iter=30 Big Iter=16 -2*LL=4493.987368219249 gain=3.56e-009 3 sec. 49 sec.
#model=  1      +     age 
12   29.0059637    2.7077840 
13   14.6963403    2.8335498 
21    2.3146445   -0.0069219 
23  -12.5844762    0.1260506 
1............................2............3....................4.......................5...........6.........................7............................8......................................Gaining to use new average direction of P0 P8 instead of biggest increase direction 4 :

Powell iter=31 Big Iter=16 -2*LL=4493.987368218877 gain=3.72e-010 4 sec. 53 sec.
#model=  1      +     age 
12   29.0059511    2.7077844 
13   14.6963231    2.8335504 
21    2.3146456   -0.0069220 
23  -12.5844742    0.1260505 
1.........................2...............3....................4...............................5........................6......................7...........................8..............................................
Powell iter=32 Big Iter=17 -2*LL=4493.987368218836 gain=4.09e-011 3 sec. 56 sec.
#model=  1      +     age 
12   29.0059759    2.7077836 
13   14.6963484    2.8335496 
21    2.3146434   -0.0069219 
23  -12.5844728    0.1260505 
1.........................2...............3.............................4.............................5........................6.....................7..........................8.............................................
#Number of iterations & function calls = 32 & 4532, -2 Log likelihood = 4493.987368218836
# Parameters nlstate*nlstate*ncov a12*1 + b12 * age + ...
#model=  1      +     age 
12   29.0059759    2.7077836 
13   14.6963484    2.8335496 
21    2.3146434   -0.0069219 
23  -12.5844728    0.1260505 

Calculation of the hessian matrix. Wait...
1-2-3-4-5-6-7-8-.1-2.1-3.1-4.1-5.1-6.1-7.1-8.2-3.2-4Warning: sub Hessian matrix '24' does not have positive eigen values 
2 4 k=1, k1=3.637978807092e-012 k2=3.728982628672e-004 k3=3.740090824067e-004 k4=1.818989403546e-012 delti/k=2.000000000000e-005 deltj/k=2.000000000000e-005, xi-de/k=2.707763620118e+000 xj-de/k=2.833529551587e+000  res=-2.334085436928e+005 k1234=-7.469073398170e-004,k1-2=-3.728982592293e-004,k3-4=3.740090805877e-004
.2-5.2-6.2-7.2-8.3-4.3-5.3-6.3-7.3-8.4-5.4-6.4-7.4-8.5-6.5-7.5-8.6-7.6-8.7-8

Inverting the hessian to get the covariance matrix. Wait...

#Hessian matrix#
3.634869e+001 2.892063e+003 -3.634869e+001 -2.892063e+003 1.762126e+001 1.423613e+003 -2.035677e+001 -1.644635e+003 
2.892063e+003 2.334084e+005 -2.892063e+003 -2.334085e+005 1.424383e+003 1.168135e+005 -1.644627e+003 -1.345867e+005 
-3.634869e+001 -2.892063e+003 3.634869e+001 2.892063e+003 -1.762126e+001 -1.423613e+003 2.035677e+001 1.644635e+003 
-2.892063e+003 -2.334085e+005 2.892063e+003 2.334084e+005 -1.424383e+003 -1.168135e+005 1.644627e+003 1.345867e+005 
1.762126e+001 1.424383e+003 -1.762126e+001 -1.424383e+003 2.390997e+002 1.638333e+004 -3.233344e+001 -2.608637e+003 
1.423613e+003 1.168135e+005 -1.423613e+003 -1.168135e+005 1.638333e+004 1.145846e+006 -2.609265e+003 -2.131145e+005 
-2.035677e+001 -1.644627e+003 2.035677e+001 1.644627e+003 -3.233344e+001 -2.609265e+003 3.871694e+001 3.126447e+003 
-1.644635e+003 -1.345867e+005 1.644635e+003 1.345867e+005 -2.608637e+003 -2.131145e+005 3.126447e+003 2.558525e+005 
Parameters, Wald tests and Wald-based confidence intervals
 W is simply the result of the division of the parameter by the square root of covariance of the parameter.
 And Wald-based confidence intervals plus and minus 1.96 * W 
  It might be better to visualize the covariance matrix. See the page 'Matrix of variance-covariance of one-step probabilities' and its graphs.
12   29.0059759(1482.6944530) W=   0.020 CI=[-2877.0751521 ; 2935.0871038]    2.7077836(  -1.#IND000) W=  -1.#IO CI=[  -1.#IND000 ;   -1.#IND000] 
13   14.6963484(1482.6950361) W=   0.010 CI=[-2891.3859223 ; 2920.7786191]    2.8335496(  -1.#IND000) W=  -1.#IO CI=[  -1.#IND000 ;   -1.#IND000] 
21    2.3146434(   0.5229656) W=   4.426 CI=[   1.2896309 ;    3.3396558]   -0.0069219(   0.0077408) W=  -0.894 CI=[  -0.0220938 ;    0.0082500] 
23  -12.5844728(   1.6543420) W=  -7.607 CI=[ -15.8269830 ;   -9.3419625]    0.1260505(   0.0206904) W=   6.092 CI=[   0.0854973 ;    0.1666038] 
# Scales (for hessian or gradient estimation)
12 1.00000e-003 2.00000e-005
13 1.00000e-003 2.00000e-005
21 1.00000e-004 1.00000e-006
23 1.00000e-003 1.00000e-005
# Covariance matrix 
# 121 Var(a12)
# 122 Cov(b12,a12) Var(b12)
#   ...
# 232 Cov(b23,a12)  Cov(b23,b12) ... Var (b23)
#121 Var(a12)
#122 Cov(b12,a12) Var(b12)
#131 Cov(a13,a12) Cov(a13,b12) Var(a13)
#132 Cov(b13,a12) Cov(b13,b12) Cov(b13,a13) Var(b13)
#211 Cov(a21,a12) Cov(a21,b12) Cov(a21,a13) Cov(a21,b13) Var(a21)
#212 Cov(b21,a12) Cov(b21,b12) Cov(b21,a13) Cov(b21,b13) Cov(b21,a21) Var(b21)
#231 Cov(a23,a12) Cov(a23,b12) Cov(a23,a13) Cov(a23,b13) Cov(a23,a21) Cov(a23,b21) Var(a23)
#232 Cov(b23,a12) Cov(b23,b12) Cov(b23,a13) Cov(b23,b13) Cov(b23,a21) Cov(b23,b21) Cov(b23,a23) Var(b23)
121 2.1983828e+006
122 -5.17279e+001 -4.1380144e+000
131 2.19838e+006 -5.17112e+001 2.1983846e+006
132 -5.17223e+001 -4.13822e+000 -5.17386e+001 -4.1380178e+000
211 -1.18775e+000 7.68065e-005 -1.12853e+000 -6.89882e-004 2.7349297e-001
212 1.77452e-002 -1.22947e-006 1.68557e-002 1.03064e-005 -4.01310e-003 5.9919328e-005
231 -1.95293e+000 -8.52740e-003 -3.24847e+000 7.60366e-003 1.73981e-001 -2.53231e-003 2.7368473e+000
232 2.68472e-002 1.07737e-004 4.28856e-002 -9.51187e-005 -2.65763e-003 3.95871e-005 -3.39366e-002 4.2809385e-004
# agemin agemax for life expectancy, bage fage (if mle==0 ie no data nor Max likelihood).
# Observed prevalence period
begin-prev-date=1/1/2013 end-prev-date=1/9/2018 mov_average=0
# Health expectancies computed from stable (period) prevalence (pop_based=0) or population based (1)
pop_based=0
# Prevalence forecasting and backcasting is skept here
##prevforecast=0  starting-proj-date=1/1/1989 final-proj-date=1/1/1990 mobil_average=0
#prevforecast=1 yearsfproj=10 mobil_average=0
#prevbackcast=1 yearsbproj=10 mobil_average=1
End of resultlines.

Computing forward period (stable) prevalence: result on file 'PL_CZFsr.txt' 
Computing pij: result on file 'PIJ_CZFsr.txt' 
Computing standard deviation of one-step probabilities: result on file 'PROB_rCZFsr.txt' 
Computing matrix of variance covariance of one-step probabilities: result on file 'PROBCOV_CZFsr.txt' 
and correlation matrix of one-step probabilities: result on file 'PROBCOR_CZFsr.txt' 
Prevalence combination of varying and fixed dummies 1
Warning Observed prevalence doesn't sum to 1 for state 2: probs[50][2][1]=0.000000 because of lack of cases.
Warning Observed prevalence doesn't sum to 1 for state 1: probs[94][1][1]=0.000000 because of lack of cases.
Warning Observed prevalence doesn't sum to 1 for state 2: probs[94][2][1]=0.000000 because of lack of cases.
Warning Observed prevalence doesn't sum to 1 for state 1: probs[95][1][1]=0.000000 because of lack of cases.
Warning Observed prevalence doesn't sum to 1 for state 2: probs[95][2][1]=0.000000 because of lack of cases.
Warning Observed prevalence doesn't sum to 1 for state 1: probs[96][1][1]=0.000000 because of lack of cases.
Warning Observed prevalence doesn't sum to 1 for state 2: probs[96][2][1]=0.000000 because of lack of cases.
Warning Observed prevalence doesn't sum to 1 for state 1: probs[97][1][1]=0.000000 because of lack of cases.
Warning Observed prevalence doesn't sum to 1 for state 2: probs[97][2][1]=0.000000 because of lack of cases.
Warning Observed prevalence doesn't sum to 1 for state 1: probs[98][1][1]=0.000000 because of lack of cases.
Warning Observed prevalence doesn't sum to 1 for state 2: probs[98][2][1]=0.000000 because of lack of cases.
Warning Observed prevalence doesn't sum to 1 for state 1: probs[99][1][1]=0.000000 because of lack of cases.
Warning Observed prevalence doesn't sum to 1 for state 2: probs[99][2][1]=0.000000 because of lack of cases.
Warning Observed prevalence doesn't sum to 1 for state 1: probs[100][1][1]=0.000000 because of lack of cases.
Warning Observed prevalence doesn't sum to 1 for state 2: probs[100][2][1]=0.000000 because of lack of cases.
Computing Health Expectancies: result on file 'E_CZFsr.txt' ...done evsij
Computing Total Life expectancies with their standard errors: file 'T_CZFsr.txt' ...
  Computing State-specific Expectancies and standard errors: result on file 'STDE_CZFsr.txt' 
    Computing Covar. of State-specific Expectancies: result on file 'CVE_CZFsr.txt' 
      Computing Variance-covariance of State-specific Expectancies: file 'V_CZFsr.txt' ... done State-specific expectancies
Computing Variance-covariance of forward period (stable) prevalence: file 'VPL_CZFsr.txt' ...done variance-covariance of forward period prevalence
End of Imach with 0 errors and/or warnings 1. Please look at the log file for details.
Local time at start Mon May 27 20:51:15 2024

Local time at end   Mon May 27 20:52:19 2024

Total time used 0 day(s) 0 hour(s) 1 minute(s) 4 second(s)
Total time was 64 Sec.
