Log filename:DEFsr.log
Version 0.99r45 $Revision: 1.353 $ $Date: 2023/05/08 18:48:22 $
Enter the parameter file name: 
pathimach=C:\PROGRA~1\IMACH-~2.99R\bin\
pathtot=C:\Users\mmusz\Dropbox\gender_paradox\data\IMACH\DEFsr.txt
 path=C:\Users\mmusz\Dropbox\gender_paradox\data\IMACH\ 
 optionfile=DEFsr.txt
 optionfilext=txt
 optionfilefiname='DEFsr'
Compiled with: Microsoft Visual Studio for Windows (x64 and x86)  64-bit
The programm is not running under WOW64 (i.e probably on a 64bit Windows).
Local time (at start): Mon May 27 21:26:24 2024
title=sr datafile=dataDEFsr.txt lastobs=15000 firstpass=1 lastpass=2
ftol=1.000000e-018 stepm=3 ncovcol=0 nqv=0 ntv=0 nqtv=0 nlstate=2 ndeath=1 maxwav=2 mle=1 weight=1
model=1+age+
# Parameters nlstate*nlstate*ncov a12*1 + b12 * age + ...
12 0.000000 0.000000
13 0.000000 0.000000
21 0.000000 0.000000
23 0.000000 0.000000
# Scales (for hessian or gradient estimation)
12 0.000000e+000 0.000000e+000
13 0.000000e+000 0.000000e+000
21 0.000000e+000 0.000000e+000
23 0.000000e+000 0.000000e+000
# Covariance matrix
121 0.00000e+000
122 0.00000e+000 0.00000e+000
131 0.00000e+000 0.00000e+000 0.00000e+000
132 0.00000e+000 0.00000e+000 0.00000e+000 0.00000e+000
211 0.00000e+000 0.00000e+000 0.00000e+000 0.00000e+000 0.00000e+000
212 0.00000e+000 0.00000e+000 0.00000e+000 0.00000e+000 0.00000e+000 0.00000e+000
231 0.00000e+000 0.00000e+000 0.00000e+000 0.00000e+000 0.00000e+000 0.00000e+000 0.00000e+000
232 0.00000e+000 0.00000e+000 0.00000e+000 0.00000e+000 0.00000e+000 0.00000e+000 0.00000e+000 0.00000e+000

Model=1+age+
Typevar: 0 for simple covariate (dummy, quantitative, fixed or varying), 1 for age product, 2 for  product, 3 for double product with age  
Fixed[k] 0=fixed (product or simple), 1 varying, 2 fixed with age product, 3 varying with age product 
Dummy[k] 0=dummy (0 1), 1 quantitative (single or product without age), 2 dummy with age product, 3 quant with age product
ncoveff=0, nqfveff=0, ntveff=0, nqtveff=0, cptcovn=0
ncovf=0, ncovv=0, ncova=0, nsd=0, nsq=0
Warning: The value of parameter lastobs=15000 is big compared to the 
  effective number of cases imx=1858, please adjust, 
  otherwise you are allocating more memory than necessary.
Total number of individuals= 1858, Agemin = 51.08, Agemax= 94.42

Information, you have to check 0 informations which haven't been logged!
Error! Negative delay (1 to death) between waves 1 and 2 of individual 1103 at line 1103 who is aged 57.5 with statuses from 1 to 3
    We assumed that the date of interview was correct (and not the date of death) and postponed the death 3 month(s) (one stepm) after the interview. You MUST fix the contradiction between dates.
Delay (in months) between two waves Min=1 (for indiviudal 1103) Max=31 (41) Mean=22.849300

 Age 51 1.=1 loss[1]=0.0% 2.=1 loss[2]=0.0% 1.=1 prev[1]=61.1% 2.=1 prev[2]=38.9% 11=1 21=0 22=0
Age 52 1.=2 loss[1]=0.0% 2.=1 loss[2]=0.0% 1.=2 prev[1]=72.3% 2.=1 prev[2]=27.7% 11=2 12=0 21=0 22=1
Age 53 1.=3 loss[1]=0.0% 2.=1 loss[2]=0.0% 1.=3 prev[1]=69.6% 2.=1 prev[2]=30.4% 11=2 12=0 21=0 22=1
Age 54 1.=3 loss[1]=0.0% 2.=1 loss[2]=0.0% 1.=3 prev[1]=75.6% 2.=1 prev[2]=24.4% 11=2 12=0 21=0 22=0 23=0
Age 55 1.=2 loss[1]=0.0% 2.=1 loss[2]=0.0% 1.=2 prev[1]=68.0% 2.=1 prev[2]=32.0% 11=2 12=0 21=0 22=1
Age 56 1.=2 loss[1]=0.0% 2.=1 loss[2]=0.0% 1.=2 prev[1]=64.7% 2.=1 prev[2]=35.3% 11=2 12=0 21=0 22=1 23=0
Age 57 1.=2 loss[1]=0.0% 2.=1 loss[2]=0.0% 1.=2 prev[1]=73.8% 2.=1 prev[2]=26.2% 11=1 12=0 13=0 21=0 22=1
Age 58 1.=2 loss[1]=0.0% 2.=2 loss[2]=0.0% 1.=2 prev[1]=53.3% 2.=2 prev[2]=46.7% 11=1 12=0 21=0 22=1 23=0
Age 59 1.=2 loss[1]=0.0% 2.=1 loss[2]=0.0% 1.=2 prev[1]=68.9% 2.=1 prev[2]=31.1% 11=2 12=0 21=0 22=1 23=0
Age 60 1.=2 loss[1]=0.0% 2.=1 loss[2]=0.0% 1.=2 prev[1]=74.2% 2.=1 prev[2]=25.8% 11=1 12=0 21=0 22=0 23=0
Age 61 1.=2 loss[1]=0.0% 2.=1 loss[2]=0.0% 1.=2 prev[1]=61.3% 2.=1 prev[2]=38.7% 11=2 12=0 21=0 22=1 23=0
Age 62 1.=2 loss[1]=0.0% 2.=1 loss[2]=0.0% 1.=2 prev[1]=64.7% 2.=1 prev[2]=35.3% 11=1 12=0 21=0 22=1 23=0
Age 63 1.=2 loss[1]=0.0% 2.=1 loss[2]=0.0% 1.=2 prev[1]=65.4% 2.=1 prev[2]=34.6% 11=1 12=0 21=0 22=1
Age 64 1.=2 loss[1]=0.0% 2.=1 loss[2]=0.0% 1.=2 prev[1]=68.1% 2.=1 prev[2]=31.9% 11=2 12=0 13=0 21=0 22=1
Age 65 1.=2 loss[1]=0.0% 2.=1 loss[2]=0.0% 1.=2 prev[1]=69.3% 2.=1 prev[2]=30.7% 11=1 12=0 21=0 22=1
Age 66 1.=2 loss[1]=0.0% 2.=1 loss[2]=0.0% 1.=2 prev[1]=61.9% 2.=1 prev[2]=38.1% 11=1 12=0 21=0 22=1
Age 67 1.=1 loss[1]=0.0% 2.=1 loss[2]=0.0% 1.=1 prev[1]=59.3% 2.=1 prev[2]=40.7% 11=1 12=0 13=0 21=0 22=1
Age 68 1.=1 loss[1]=0.0% 2.=1 loss[2]=0.0% 1.=1 prev[1]=69.7% 2.=1 prev[2]=30.3% 11=1 12=0 21=0 22=0
Age 69 1.=1 loss[1]=0.0% 2.=1 loss[2]=0.0% 1.=1 prev[1]=51.1% 2.=1 prev[2]=48.9% 11=0 12=0 21=0 22=0
Age 70 1.=1 loss[1]=0.0% 2.=1 loss[2]=0.0% 1.=1 prev[1]=52.5% 2.=1 prev[2]=47.5% 11=1 12=0 21=0 22=1 23=0
Age 71 1.=1 loss[1]=0.0% 2.=1 loss[2]=0.0% 1.=1 prev[1]=66.1% 2.=1 prev[2]=33.9% 11=1 12=0 21=0 22=0 23=0
Age 72 1.=1 loss[1]=0.0% 2.=1 loss[2]=0.0% 1.=1 prev[1]=49.9% 2.=1 prev[2]=50.1% 11=1 12=0 21=0 22=1 23=0
Age 73 1.=1 loss[1]=0.0% 2.=1 loss[2]=0.0% 1.=1 prev[1]=51.4% 2.=1 prev[2]=48.6% 11=1 12=0 21=0 22=1 23=0
Age 74 1.=2 loss[1]=0.0% 2.=1 loss[2]=0.0% 1.=2 prev[1]=54.2% 2.=1 prev[2]=45.8% 11=1 12=1 13=0 21=0 22=1 23=0
Age 75 1.=1 loss[1]=0.0% 2.=1 loss[2]=0.0% 1.=1 prev[1]=49.0% 2.=1 prev[2]=51.0% 11=1 12=0 21=0 22=1 23=0
Age 76 1.=1 loss[1]=0.0% 2.=2 loss[2]=0.0% 1.=1 prev[1]=38.3% 2.=2 prev[2]=61.7% 11=1 12=0 21=0 22=1
Age 77 1.=1 loss[1]=0.0% 2.=1 loss[2]=0.0% 1.=1 prev[1]=52.0% 2.=1 prev[2]=48.0% 11=1 12=0 21=0 22=1
Age 78 1.=1 loss[1]=0.0% 2.=1 loss[2]=0.0% 1.=1 prev[1]=50.4% 2.=1 prev[2]=49.6% 11=1 12=0 13=0 21=0 22=1 23=0
Age 79 1.=1 loss[1]=0.0% 2.=1 loss[2]=0.0% 1.=1 prev[1]=45.6% 2.=1 prev[2]=54.4% 11=0 12=0 22=1 23=0
Age 80 1.=1 loss[1]=0.0% 2.=1 loss[2]=0.0% 1.=1 prev[1]=35.3% 2.=1 prev[2]=64.7% 11=0 12=0 21=0 22=1 23=0
Age 81 1.=1 loss[1]=0.0% 2.=1 loss[2]=0.0% 1.=1 prev[1]=40.6% 2.=1 prev[2]=59.4% 11=1 12=0 13=0 21=0 22=1 23=0
Age 82 1.=0 loss[1]=0.0% 2.=1 loss[2]=0.0% 1.=0 prev[1]=29.3% 2.=1 prev[2]=70.7% 11=0 12=0 21=0 22=1
Age 83 1.=0 loss[1]=0.0% 2.=1 loss[2]=0.0% 1.=0 prev[1]=31.4% 2.=1 prev[2]=68.6% 11=0 12=0 21=0 22=0 23=0
Age 84 1.=0 loss[1]=0.0% 2.=0 loss[2]=0.0% 1.=0 prev[1]=19.5% 2.=0 prev[2]=80.5% 11=0 12=0 22=0 23=0
Age 85 1.=1 loss[1]=0.0% 2.=1 loss[2]=0.0% 1.=1 prev[1]=39.1% 2.=1 prev[2]=60.9% 11=0 12=0 21=0 22=1 23=0
Age 86 1.=0 loss[1]=0.0% 2.=0 loss[2]=0.0% 1.=0 prev[1]=21.0% 2.=0 prev[2]=79.0% 12=0 13=0 22=0 23=0
Age 87 1.=0 loss[1]=0.0% 2.=0 loss[2]=0.0% 1.=0 prev[1]=32.2% 2.=0 prev[2]=67.8% 11=0 12=0 21=0 22=0
Age 88 1.=0 loss[1]=0.0% 2.=0 loss[2]=0.0% 1.=0 prev[1]=30.5% 2.=0 prev[2]=69.5% 11=0 12=0 22=0 23=0
Age 89 1.=0 loss[1]=0.0% 2.=1 loss[2]=0.0% 1.=0 prev[1]=24.0% 2.=1 prev[2]=76.0% 11=0 12=0 22=0 23=0
Age 90 1.=0 loss[1]=NaNQ% 2.=0 loss[2]=0.0% 1.=0 prev[1]=0.0% 2.=0 prev[2]=100.0% 22=0 23=0
Age 91 1.=0 loss[1]=0.0% 2.=0 loss[2]=0.0% 1.=0 prev[1]=32.2% 2.=0 prev[2]=67.8% 12=0 22=0
Age 92 1.=0 loss[1]=NaNQ% 2.=0 loss[2]=0.0% 1.=0 prev[1]=0.0% 2.=0 prev[2]=100.0% 22=0 23=0
Age 93 1.=0 loss[1]=NaNQ% 2.=0 loss[2]=NaNQ% 1.=0 prev[1]=NaNQ% 2.=0 prev[2]=NaNQ%
Age 94 1.=0 loss[1]=NaNQ% 2.=0 loss[2]=0.0% 1.=0 prev[1]=0.0% 2.=0 prev[2]=100.0% 23=0
1 1.=0 loss[1]=NaNQ% 2.=0 loss[2]=NaNQ% 1.=0 prev[1]=NaNQ% 2.=0 prev[2]=NaNQ%
0 1.=0 loss[1]=NaNQ% 2.=0 loss[2]=NaNQ% 1.=0 prev[1]=NaNQ% 2.=0 prev[2]=NaNQ%
Total 1.=49 loss[1]=0.0% 2.=36 loss[2]=0.0% 1.=49 prev[1]=57.5% 2.=36 prev[2]=42.5% 11=38 12=11 13=1 21=6 22=27 23=3


12    0.0000000 ln(11/38)=   -1.2754416 
13    0.0000000 ln(1/38)=   -4.2971027 
21    0.0000000 ln(6/27)=   -1.4434851 
23    0.0000000 ln(3/27)=   -2.3578945 

 -1-1=0 -10=0 -11=0 -12=0 -13=0 0-1=0 00=0 01=0 02=0 03=0 1-1=0 10=0 11=38 12=11 13=1 2-1=0 20=0 21=6 22=27 23=3 3-1=0 30=0 31=0 32=0 33=0
Powell

Powell iter=1 Big Iter=1 -2*LL=14014.811129503323 gain=0 0 sec. 0 sec.
#model=  1      +     age 
12    0.0000000    0.0000000 
13    0.0000000    0.0000000 
21    0.0000000    0.0000000 
23    0.0000000    0.0000000 
1......2..................3.........4.................5......6...................7........8..................
Powell iter=2 Big Iter=2 -2*LL=3845.746907327313 gain=1.02e+004 1 sec. 1 sec.
#model=  1      +     age 
12    7.1712505   -0.0008579 
13   -0.5230587    0.0010056 
21    3.1249440   -0.0005140 
23   -1.7892979    0.0029382 

Considering the time needed for this last iteration #2: 1 seconds,
   - if your program needs 1 BIG iterations  (2 iterations) to converge, convergence will be 
   reached in 0 day(s) 0 hour(s) 0 minute(s) 0 second(s) i.e.
   on Mon May 27 21:26:25 2024 (current time is Mon May 27 21:26:25 2024);
   - if your program needs 11 BIG iterations  (22 iterations) to converge, convergence will be 
   reached in 0 day(s) 0 hour(s) 0 minute(s) 20 second(s) i.e.
   on Mon May 27 21:26:45 2024 (current time is Mon May 27 21:26:25 2024);
   - if your program needs 21 BIG iterations  (42 iterations) to converge, convergence will be 
   reached in 0 day(s) 0 hour(s) 0 minute(s) 40 second(s) i.e.
   on Mon May 27 21:27:05 2024 (current time is Mon May 27 21:26:25 2024);
   - if your program needs 31 BIG iterations  (62 iterations) to converge, convergence will be 
   reached in 0 day(s) 0 hour(s) 1 minute(s) 0 second(s) i.e.
   on Mon May 27 21:27:25 2024 (current time is Mon May 27 21:26:25 2024);
1........2..................3.......4..................5.........6...................7.......8..................
Powell iter=3 Big Iter=2 -2*LL=3430.208744805447 gain=416 0 sec. 1 sec.
#model=  1      +     age 
12    3.7194834   -0.0015443 
13   -1.8945041    0.0044515 
21    2.3388678   -0.0012254 
23   -3.2678319    0.0065414 

Considering the time needed for this last iteration #3: 0 seconds,
   - if your program needs 1 BIG iterations  (2 iterations) to converge, convergence will be 
   reached in 0 day(s) 0 hour(s) 0 minute(s) 0 second(s) i.e.
   on Mon May 27 21:26:25 2024 (current time is Mon May 27 21:26:25 2024);
   - if your program needs 11 BIG iterations  (22 iterations) to converge, convergence will be 
   reached in 0 day(s) 0 hour(s) 0 minute(s) 0 second(s) i.e.
   on Mon May 27 21:26:25 2024 (current time is Mon May 27 21:26:25 2024);
   - if your program needs 21 BIG iterations  (42 iterations) to converge, convergence will be 
   reached in 0 day(s) 0 hour(s) 0 minute(s) 0 second(s) i.e.
   on Mon May 27 21:26:25 2024 (current time is Mon May 27 21:26:25 2024);
   - if your program needs 31 BIG iterations  (62 iterations) to converge, convergence will be 
   reached in 0 day(s) 0 hour(s) 0 minute(s) 0 second(s) i.e.
   on Mon May 27 21:26:25 2024 (current time is Mon May 27 21:26:25 2024);
1.........2..................3........4..................5.........6.................7.........8..................
Powell iter=4 Big Iter=3 -2*LL=3347.577882263284 gain=82.6 0 sec. 1 sec.
#model=  1      +     age 
12    2.9691083   -0.0021792 
13   -2.8651529    0.0082122 
21    1.9428933   -0.0025283 
23   -3.9229957    0.0102575 
1...........2..................3.........4...................5.........6.................7..........8...........................Gaining to use new average direction of P0 P8 instead of biggest increase direction 3 :

Powell iter=5 Big Iter=3 -2*LL=3264.402543064492 gain=83.2 1 sec. 2 sec.
#model=  1      +     age 
12    0.8938304   -0.0050277 
13   -7.3031379    0.0333861 
21    2.1733541   -0.0134149 
23   -5.4307505    0.0305038 
1.........2...................3..................4...................5.........6..................7..........8..........directest= 470.783026896895 (if directest<0 or t<0 we include P0 Pn as new direction), t= -1730197.130528134300, f1= 3264.402543064492,f2= 3245.178911581084,f3= 3714.798271968252, del= 9.029982486840
f1-2f2+f3= 488.842991870575, f1-f2-del= 10.193648996567, f1-f3= -450.395728903760

Powell iter=6 Big Iter=4 -2*LL=3245.178911581084 gain=19.2 0 sec. 2 sec.
#model=  1      +     age 
12    0.6570049   -0.0028545 
13   -8.2550436    0.0400718 
21    2.4324845   -0.0190030 
23   -5.9188176    0.0354993 
1..........2....................3...................4..................5.........6...................7..........8....................Gaining to use new average direction of P0 P8 instead of biggest increase direction 8 :

Powell iter=7 Big Iter=4 -2*LL=2988.684749589665 gain=256 0 sec. 2 sec.
#model=  1      +     age 
12   -7.2929629    0.0612372 
13  -35.8147753    0.3154195 
21    8.2347013   -0.1727262 
23  -21.5732765    0.2073455 
1.........2.................3..................4...............5........6.............7.........8..........directest= 1957.575501621451 (if directest<0 or t<0 we include P0 Pn as new direction), t= -302817890.463970600000, f1= 2988.684749589665,f2= 2865.475815360411,f3= 4873.498892966958, del= 86.828255107175
f1-2f2+f3= 2131.232011835801, f1-f2-del= 36.380679122079, f1-f3= -1884.814143377293

Powell iter=8 Big Iter=5 -2*LL=2865.475815360411 gain=123 1 sec. 3 sec.
#model=  1      +     age 
12   -6.8143095    0.0558041 
13  -33.9453818    0.3361846 
21    7.0416893   -0.1591153 
23  -20.4430981    0.1986393 
1.........2...............3.................4.................5.........6............7.........8..................Gaining to use new average direction of P0 P8 instead of biggest increase direction 5 :

Powell iter=9 Big Iter=5 -2*LL=2631.437911305762 gain=234 0 sec. 3 sec.
#model=  1      +     age 
12   -4.5898190    0.0215634 
13  -21.2117016    0.1932795 
21    1.9161435   -0.0706013 
23  -12.7492916    0.1101787 
1.........2...............3.................4.................5.........6.............7.........8.........directest= 395.712332601685 (if directest<0 or t<0 we include P0 Pn as new direction), t= -1096304.460539051600, f1= 2631.437911305762,f2= 2568.809661831672,f3= 2949.755240600652, del= 23.930747820692
f1-2f2+f3= 443.573828243069, f1-f2-del= 38.697501653397, f1-f3= -318.317329294890

Powell iter=10 Big Iter=6 -2*LL=2568.809661831672 gain=62.6 0 sec. 3 sec.
#model=  1      +     age 
12   -4.3211002    0.0150556 
13  -19.0252273    0.1608099 
21    0.7372988   -0.0583050 
23  -11.2542079    0.0899476 
1.........2................3.................4..................5.........6.............7..........8.........
Powell iter=11 Big Iter=6 -2*LL=2558.212943648353 gain=10.6 1 sec. 4 sec.
#model=  1      +     age 
12   -4.1004613    0.0126106 
13  -18.0891427    0.1493680 
21    0.2691420   -0.0526097 
23  -10.6453022    0.0812757 
1...........2.................3.................4..................5..........6.............7..........8.................Gaining to use new average direction of P0 P8 instead of biggest increase direction 8 :

Powell iter=12 Big Iter=7 -2*LL=2554.718275830654 gain=3.49 0 sec. 4 sec.
#model=  1      +     age 
12   -3.9652112    0.0107525 
13  -17.1960296    0.1374274 
21   -0.2485339   -0.0464452 
23  -10.0515359    0.0727004 
1.........2................3..................4..................5..........6............7.........8........
Powell iter=13 Big Iter=7 -2*LL=2553.923146546627 gain=0.795 0 sec. 4 sec.
#model=  1      +     age 
12   -3.9999666    0.0112594 
13  -17.2215723    0.1376973 
21   -0.2929822   -0.0457651 
23  -10.0653072    0.0728798 
1.........2................3..................4..................5..........6............7.........8...............Gaining to use new average direction of P0 P8 instead of biggest increase direction 6 :

Powell iter=14 Big Iter=8 -2*LL=2535.446681605463 gain=18.5 0 sec. 4 sec.
#model=  1      +     age 
12   -5.7174246    0.0360283 
13  -18.9586735    0.1601627 
21   -2.1648097   -0.0180860 
23  -11.0325014    0.0855465 
1..........2...............3..................4..................5..........6........7.........8........directest= 17.065823526897 (if directest<0 or t<0 we include P0 Pn as new direction), t= -43.523369900069, f1= 2535.446681605463,f2= 2535.094056034464,f3= 2552.129205818866, del= 0.160975914252
f1-2f2+f3= 17.387775355401, f1-f2-del= 0.191649656747, f1-f3= -16.682524213402

Powell iter=15 Big Iter=8 -2*LL=2535.094056034464 gain=0.353 1 sec. 5 sec.
#model=  1      +     age 
12   -5.7675867    0.0369530 
13  -19.2171638    0.1640723 
21   -2.1025355   -0.0191254 
23  -11.2056660    0.0874264 
1.........2...............3..................4..................5..........6........7.........8..............Gaining to use new average direction of P0 P8 instead of biggest increase direction 1 :

Powell iter=16 Big Iter=9 -2*LL=2535.015296371797 gain=0.0788 0 sec. 5 sec.
#model=  1      +     age 
12   -5.7983380    0.0375613 
13  -19.4038403    0.1663699 
21   -2.0489767   -0.0200003 
23  -11.3368762    0.0890590 
1..............2...............3..................4..................5............6........7.........8......
Powell iter=17 Big Iter=9 -2*LL=2535.010879602779 gain=0.00442 0 sec. 5 sec.
#model=  1      +     age 
12   -5.7974770    0.0375473 
13  -19.4007960    0.1662959 
21   -2.0509243   -0.0199786 
23  -11.3407878    0.0891106 
1.................2...............3..................4...................5..........6........7.........8.............Gaining to use new average direction of P0 P8 instead of biggest increase direction 3 :

Powell iter=18 Big Iter=10 -2*LL=2534.820624933875 gain=0.19 1 sec. 6 sec.
#model=  1      +     age 
12   -5.6710165    0.0357390 
13  -19.0805563    0.1626449 
21   -2.1371710   -0.0188292 
23  -11.6712577    0.0932100 
1........2...............3......4..................5........................6........7.........8........directest= 0.180917675731 (if directest<0 or t<0 we include P0 Pn as new direction), t= -0.000330079140, f1= 2534.820624933875,f2= 2534.802315802988,f3= 2534.989237638148, del= 0.012156645158
f1-2f2+f3= 0.205230966047, f1-f2-del= 0.006152485729, f1-f3= -0.168612704273

Powell iter=19 Big Iter=10 -2*LL=2534.802315802988 gain=0.0183 0 sec. 6 sec.
#model=  1      +     age 
12   -5.6836237    0.0359042 
13  -19.1373448    0.1633614 
21   -2.1194815   -0.0190081 
23  -11.7542974    0.0942305 
1.......2.................3......4..................5..........6........7..........8..............Gaining to use new average direction of P0 P8 instead of biggest increase direction 6 :

Powell iter=20 Big Iter=11 -2*LL=2534.799787623148 gain=0.00253 0 sec. 6 sec.
#model=  1      +     age 
12   -5.6870465    0.0359266 
13  -19.1509846    0.1634844 
21   -2.1128734   -0.0190750 
23  -11.7843684    0.0946035 
1.............2...............3......4....................5..........6...........7..................8............Gaining to use new average direction of P0 P8 instead of biggest increase direction 2 :

Powell iter=21 Big Iter=11 -2*LL=2534.791460545741 gain=0.00833 1 sec. 7 sec.
#model=  1      +     age 
12   -5.6940963    0.0359719 
13  -19.1418130    0.1632032 
21   -2.1104046   -0.0190914 
23  -11.8220249    0.0950715 
1........2......3......4..................5..........6........7..........8............Gaining to use new average direction of P0 P8 instead of biggest increase direction 8 :

Powell iter=22 Big Iter=12 -2*LL=2534.771660497500 gain=0.0198 0 sec. 7 sec.
#model=  1      +     age 
12   -5.6948718    0.0359147 
13  -19.0856496    0.1623854 
21   -2.0973164   -0.0192613 
23  -11.8620324    0.0955649 
1........2......3......4..................5..........6........7..........8...........Gaining to use new average direction of P0 P8 instead of biggest increase direction 8 :

Powell iter=23 Big Iter=12 -2*LL=2534.617859350629 gain=0.154 0 sec. 7 sec.
#model=  1      +     age 
12   -5.6760661    0.0353692 
13  -18.4970942    0.1547151 
21   -2.0263390   -0.0202597 
23  -11.9907925    0.0971386 
1........2......3......4....................5..........6........7..........8...............Gaining to use new average direction of P0 P8 instead of biggest increase direction 8 :

Powell iter=24 Big Iter=13 -2*LL=2533.782393089069 gain=0.835 0 sec. 7 sec.
#model=  1      +     age 
12   -5.5893199    0.0336159 
13  -15.4756847    0.1169782 
21   -1.8475472   -0.0229675 
23  -12.1735735    0.0993076 
1........2.......3.....4..................5..........6........7.........8........
Powell iter=25 Big Iter=13 -2*LL=2532.337033582519 gain=1.45 1 sec. 8 sec.
#model=  1      +     age 
12   -5.6329484    0.0346358 
13  -13.4114818    0.0916624 
21   -1.9218984   -0.0220595 
23  -12.0893109    0.0982227 
1........2......3.....4..................5..........6.......7.........8.................Gaining to use new average direction of P0 P8 instead of biggest increase direction 8 :

Powell iter=26 Big Iter=14 -2*LL=2531.563298670886 gain=0.774 0 sec. 8 sec.
#model=  1      +     age 
12   -5.8725113    0.0385274 
13  -11.3565676    0.0637810 
21   -2.0396922   -0.0202071 
23  -12.4266648    0.1024013 
1........2.....3......4..................5..........6.......7..........8........directest= 0.254751793550 (if directest<0 or t<0 we include P0 Pn as new direction), t= -0.001857081560, f1= 2531.563298670886,f2= 2531.518095486080,f3= 2531.797695317346, del= 0.035025611260
f1-2f2+f3= 0.324803016071, f1-f2-del= 0.010177573545, f1-f3= -0.234396646460

Powell iter=27 Big Iter=14 -2*LL=2531.518095486080 gain=0.0452 0 sec. 8 sec.
#model=  1      +     age 
12   -5.8767676    0.0386279 
13  -11.3278178    0.0619919 
21   -2.0006467   -0.0207432 
23  -12.4449218    0.1026456 
1........2.....3......4..................5..........6.......7..........8........
Powell iter=28 Big Iter=15 -2*LL=2531.511854872778 gain=0.00624 0 sec. 8 sec.
#model=  1      +     age 
12   -5.8667907    0.0384823 
13  -11.2114973    0.0603088 
21   -1.9972097   -0.0208087 
23  -12.4073183    0.1021869 
1........2......3......4..................5..........6.......7..........8........
Powell iter=29 Big Iter=15 -2*LL=2531.510736808962 gain=0.00112 1 sec. 9 sec.
#model=  1      +     age 
12   -5.8655556    0.0384568 
13  -11.1644547    0.0596246 
21   -1.9966545   -0.0208284 
23  -12.3961370    0.1020501 
1........2........3.......4....................5..........6..........7.........8........
Powell iter=30 Big Iter=16 -2*LL=2531.510469320175 gain=0.000267 0 sec. 9 sec.
#model=  1      +     age 
12   -5.8649426    0.0384440 
13  -11.1417834    0.0593066 
21   -1.9962737   -0.0208399 
23  -12.3902185    0.1019772 
1.........2................3.........4....................5..........6..........7...........8........
Powell iter=31 Big Iter=16 -2*LL=2531.510413666667 gain=5.57e-005 0 sec. 9 sec.
#model=  1      +     age 
12   -5.8647066    0.0384386 
13  -11.1314460    0.0591630 
21   -1.9960594   -0.0208457 
23  -12.3876376    0.1019453 
1..........2.........3........4........................5..........6..............7.........8..........
Powell iter=32 Big Iter=17 -2*LL=2531.510402126668 gain=1.15e-005 0 sec. 9 sec.
#model=  1      +     age 
12   -5.8645985    0.0384362 
13  -11.1267125    0.0590974 
21   -1.9959386   -0.0208486 
23  -12.3864967    0.1019312 
1..............2...........3.........4........................5..............6..............7...............8..........
Powell iter=33 Big Iter=17 -2*LL=2531.510399725407 gain=2.4e-006 1 sec. 10 sec.
#model=  1      +     age 
12   -5.8645479    0.0384350 
13  -11.1245385    0.0590673 
21   -1.9958751   -0.0208501 
23  -12.3859899    0.1019250 
1...........2............3........4...........................5................6...............7.....................8........
Powell iter=34 Big Iter=18 -2*LL=2531.510399221325 gain=5.04e-007 0 sec. 10 sec.
#model=  1      +     age 
12   -5.8645247    0.0384345 
13  -11.1235382    0.0590535 
21   -1.9958443   -0.0208508 
23  -12.3857622    0.1019221 
1...............2.............3.............4.......................5...............6................7.................8.................
Powell iter=35 Big Iter=18 -2*LL=2531.510399114341 gain=1.07e-007 0 sec. 10 sec.
#model=  1      +     age 
12   -5.8645133    0.0384343 
13  -11.1230793    0.0590471 
21   -1.9958290   -0.0208511 
23  -12.3856574    0.1019208 
1...............2...............3...........4....................5..................6.................7...................8.................
Powell iter=36 Big Iter=19 -2*LL=2531.510399091652 gain=2.27e-008 1 sec. 11 sec.
#model=  1      +     age 
12   -5.8645085    0.0384341 
13  -11.1228671    0.0590442 
21   -1.9958219   -0.0208513 
23  -12.3856104    0.1019203 
1....................2..................3................4...........................5....................6....................7..........8....................
Powell iter=37 Big Iter=19 -2*LL=2531.510399086698 gain=4.95e-009 0 sec. 11 sec.
#model=  1      +     age 
12   -5.8645059    0.0384341 
13  -11.1227684    0.0590428 
21   -1.9958184   -0.0208514 
23  -12.3855883    0.1019200 
1.................2.....................3................4.......................5.......................6........................7.................8.........................
Powell iter=38 Big Iter=20 -2*LL=2531.510399085647 gain=1.05e-009 1 sec. 12 sec.
#model=  1      +     age 
12   -5.8645056    0.0384341 
13  -11.1227227    0.0590422 
21   -1.9958168   -0.0208514 
23  -12.3855783    0.1019199 
1......................2..................3...................4...........................5...............6.........................7.........................8..............
Powell iter=39 Big Iter=20 -2*LL=2531.510399085402 gain=2.45e-010 0 sec. 12 sec.
#model=  1      +     age 
12   -5.8645042    0.0384340 
13  -11.1226981    0.0590418 
21   -1.9958166   -0.0208514 
23  -12.3855740    0.1019198 
1........................2...........................3...........................4............................5....................6....................................7..............................8..............
Powell iter=40 Big Iter=21 -2*LL=2531.510399085347 gain=5.55e-011 1 sec. 13 sec.
#model=  1      +     age 
12   -5.8645037    0.0384340 
13  -11.1226875    0.0590417 
21   -1.9958163   -0.0208514 
23  -12.3855719    0.1019198 
1....................2.................................3..............................4.............................5...............6.......................7.....................8.........................
Powell iter=41 Big Iter=21 -2*LL=2531.510399085342 gain=4.55e-012 0 sec. 13 sec.
#model=  1      +     age 
12   -5.8645042    0.0384340 
13  -11.1226889    0.0590417 
21   -1.9958159   -0.0208514 
23  -12.3855704    0.1019198 
1......................2.................................3.............................4......................5................6...........................7...............................8...................directest= 0.000000000002 (if directest<0 or t<0 we include P0 Pn as new direction), t= -0.000000000000, f1= 2531.510399085342,f2= 2531.510399085342,f3= 2531.510399085345, del= 0.000000000000
f1-2f2+f3= 0.000000000003, f1-f2-del= 0.000000000000, f1-f3= -0.000000000002

Powell iter=42 Big Iter=22 -2*LL=2531.510399085342 gain=4.55e-013 1 sec. 14 sec.
#model=  1      +     age 
12   -5.8645042    0.0384340 
13  -11.1226889    0.0590417 
21   -1.9958159   -0.0208514 
23  -12.3855704    0.1019198 
1.....................2..................................3..............................4..........................5...............6..........................7.............................8.........................
#Number of iterations & function calls = 42 & 5892, -2 Log likelihood = 2531.510399085342
# Parameters nlstate*nlstate*ncov a12*1 + b12 * age + ...
#model=  1      +     age 
12   -5.8645042    0.0384340 
13  -11.1226889    0.0590417 
21   -1.9958159   -0.0208514 
23  -12.3855704    0.1019198 

Calculation of the hessian matrix. Wait...
1-2-3-4-5-6-7-8-.1-2.1-3.1-4.1-5.1-6.1-7.1-8.2-3.2-4.2-5.2-6.2-7.2-8.3-4.3-5.3-6.3-7.3-8.4-5.4-6.4-7.4-8.5-6.5-7.5-8.6-7.6-8.7-8

Inverting the hessian to get the covariance matrix. Wait...

#Hessian matrix#
2.190622e+002 1.507615e+004 1.609904e+000 1.171780e+002 -4.477215e+001 -3.118145e+003 -1.155076e+000 -8.117581e+001 
1.507615e+004 1.057784e+006 1.159240e+002 8.551518e+003 -3.115952e+003 -2.217498e+005 -8.235912e+001 -5.887188e+003 
1.609904e+000 1.159240e+002 4.008980e+000 2.802576e+002 -8.605900e-001 -6.322066e+001 2.248744e+000 1.637728e+002 
1.171780e+002 8.551518e+003 2.802576e+002 1.997175e+004 -6.373330e+001 -4.796195e+003 1.637309e+002 1.212800e+004 
-4.477215e+001 -3.115952e+003 -8.605900e-001 -6.373330e+001 1.340472e+002 9.131680e+003 -1.356022e+000 -1.155137e+002 
-3.118145e+003 -2.217498e+005 -6.322066e+001 -4.796195e+003 9.131680e+003 6.370352e+005 -1.144089e+002 -9.758119e+003 
-1.155076e+000 -8.235912e+001 2.248744e+000 1.637309e+002 -1.356022e+000 -1.144089e+002 5.731727e+001 4.671770e+003 
-8.117581e+001 -5.887188e+003 1.637728e+002 1.212800e+004 -1.155137e+002 -9.758119e+003 4.671770e+003 3.850144e+005 
Parameters, Wald tests and Wald-based confidence intervals
 W is simply the result of the division of the parameter by the square root of covariance of the parameter.
 And Wald-based confidence intervals plus and minus 1.96 * W 
  It might be better to visualize the covariance matrix. See the page 'Matrix of variance-covariance of one-step probabilities' and its graphs.
12   -5.8645042(   0.5076206) W= -11.553 CI=[  -6.8594405 ;   -4.8695679]    0.0384340(   0.0073236) W=   5.248 CI=[   0.0240797 ;    0.0527884] 
13  -11.1226889(   3.6643201) W=  -3.035 CI=[ -18.3047564 ;   -3.9406214]    0.0590417(   0.0518381) W=   1.139 CI=[  -0.0425610 ;    0.1606444] 
21   -1.9958159(   0.5860118) W=  -3.406 CI=[  -3.1443991 ;   -0.8472327]   -0.0208514(   0.0085250) W=  -2.446 CI=[  -0.0375605 ;   -0.0041424] 
23  -12.3855704(   1.2860627) W=  -9.631 CI=[ -14.9062533 ;   -9.8648875]    0.1019198(   0.0156640) W=   6.507 CI=[   0.0712183 ;    0.1326212] 
# Scales (for hessian or gradient estimation)
12 1.00000e-004 1.00000e-006
13 1.00000e-003 1.00000e-005
21 1.00000e-004 1.00000e-005
23 1.00000e-003 1.00000e-005
# Covariance matrix 
# 121 Var(a12)
# 122 Cov(b12,a12) Var(b12)
#   ...
# 232 Cov(b23,a12)  Cov(b23,b12) ... Var (b23)
#121 Var(a12)
#122 Cov(b12,a12) Var(b12)
#131 Cov(a13,a12) Cov(a13,b12) Var(a13)
#132 Cov(b13,a12) Cov(b13,b12) Cov(b13,a13) Var(b13)
#211 Cov(a21,a12) Cov(a21,b12) Cov(a21,a13) Cov(a21,b13) Var(a21)
#212 Cov(b21,a12) Cov(b21,b12) Cov(b21,a13) Cov(b21,b13) Cov(b21,a21) Var(b21)
#231 Cov(a23,a12) Cov(a23,b12) Cov(a23,a13) Cov(a23,b13) Cov(a23,a21) Cov(a23,b21) Var(a23)
#232 Cov(b23,a12) Cov(b23,b12) Cov(b23,a13) Cov(b23,b13) Cov(b23,a21) Cov(b23,b21) Cov(b23,a23) Var(b23)
121 2.5767863e-001
122 -3.68195e-003 5.3635692e-005
131 -5.80410e-002 8.52711e-004 1.3427242e+001
132 8.52918e-004 -1.29076e-005 -1.88088e-001 2.6871895e-003
211 7.91046e-002 -1.15014e-003 8.28184e-002 -1.21601e-003 3.4340987e-001
212 -1.15388e-003 1.71258e-005 -1.25090e-003 1.85623e-005 -4.93710e-003 7.2676019e-005
231 8.97762e-003 -1.03883e-004 -6.25961e-001 7.37970e-003 5.46574e-003 -8.69893e-005 1.6539573e+000
232 -1.18596e-004 1.43720e-006 7.80262e-003 -9.40976e-005 -8.62522e-005 1.38220e-006 -2.00356e-002 2.4536070e-004
# agemin agemax for life expectancy, bage fage (if mle==0 ie no data nor Max likelihood).
# Observed prevalence period
begin-prev-date=1/1/2013 end-prev-date=1/9/2018 mov_average=0
# Health expectancies computed from stable (period) prevalence (pop_based=0) or population based (1)
pop_based=0
# Prevalence forecasting and backcasting is skept here
##prevforecast=0  starting-proj-date=1/1/1989 final-proj-date=1/1/1990 mobil_average=0
#prevforecast=1 yearsfproj=10 mobil_average=0
#prevbackcast=1 yearsbproj=10 mobil_average=1
End of resultlines.

Computing forward period (stable) prevalence: result on file 'PL_DEFsr.txt' 
Computing pij: result on file 'PIJ_DEFsr.txt' 
Computing standard deviation of one-step probabilities: result on file 'PROB_rDEFsr.txt' 
Computing matrix of variance covariance of one-step probabilities: result on file 'PROBCOV_DEFsr.txt' 
and correlation matrix of one-step probabilities: result on file 'PROBCOR_DEFsr.txt' 
Prevalence combination of varying and fixed dummies 1
Warning Observed prevalence doesn't sum to 1 for state 2: probs[50][2][1]=0.000000 because of lack of cases.
Warning Observed prevalence doesn't sum to 1 for state 1: probs[93][1][1]=0.000000 because of lack of cases.
Warning Observed prevalence doesn't sum to 1 for state 2: probs[93][2][1]=0.000000 because of lack of cases.
Warning Observed prevalence doesn't sum to 1 for state 1: probs[95][1][1]=0.000000 because of lack of cases.
Warning Observed prevalence doesn't sum to 1 for state 2: probs[95][2][1]=0.000000 because of lack of cases.
Warning Observed prevalence doesn't sum to 1 for state 1: probs[96][1][1]=0.000000 because of lack of cases.
Warning Observed prevalence doesn't sum to 1 for state 2: probs[96][2][1]=0.000000 because of lack of cases.
Warning Observed prevalence doesn't sum to 1 for state 1: probs[97][1][1]=0.000000 because of lack of cases.
Warning Observed prevalence doesn't sum to 1 for state 2: probs[97][2][1]=0.000000 because of lack of cases.
Warning Observed prevalence doesn't sum to 1 for state 1: probs[98][1][1]=0.000000 because of lack of cases.
Warning Observed prevalence doesn't sum to 1 for state 2: probs[98][2][1]=0.000000 because of lack of cases.
Warning Observed prevalence doesn't sum to 1 for state 1: probs[99][1][1]=0.000000 because of lack of cases.
Warning Observed prevalence doesn't sum to 1 for state 2: probs[99][2][1]=0.000000 because of lack of cases.
Warning Observed prevalence doesn't sum to 1 for state 1: probs[100][1][1]=0.000000 because of lack of cases.
Warning Observed prevalence doesn't sum to 1 for state 2: probs[100][2][1]=0.000000 because of lack of cases.
Computing Health Expectancies: result on file 'E_DEFsr.txt' ...done evsij
Computing Total Life expectancies with their standard errors: file 'T_DEFsr.txt' ...
  Computing State-specific Expectancies and standard errors: result on file 'STDE_DEFsr.txt' 
    Computing Covar. of State-specific Expectancies: result on file 'CVE_DEFsr.txt' 
      Computing Variance-covariance of State-specific Expectancies: file 'V_DEFsr.txt' ... done State-specific expectancies
Computing Variance-covariance of forward period (stable) prevalence: file 'VPL_DEFsr.txt' ...done variance-covariance of forward period prevalence
End of Imach with 1 errors and/or warnings 1. Please look at the log file for details.
Local time at start Mon May 27 21:26:24 2024

Local time at end   Mon May 27 21:26:39 2024

Total time used 0 day(s) 0 hour(s) 0 minute(s) 15 second(s)
Total time was 15 Sec.
