Log filename:DEMgali.log
Version 0.99r45 $Revision: 1.353 $ $Date: 2023/05/08 18:48:22 $
Enter the parameter file name: 
pathimach=C:\PROGRA~1\IMACH-~2.99R\bin\
pathtot=C:\Users\mmusz\Dropbox\gender_paradox\data\IMACH\DEMgali.txt
 path=C:\Users\mmusz\Dropbox\gender_paradox\data\IMACH\ 
 optionfile=DEMgali.txt
 optionfilext=txt
 optionfilefiname='DEMgali'
Compiled with: Microsoft Visual Studio for Windows (x64 and x86)  64-bit
The programm is not running under WOW64 (i.e probably on a 64bit Windows).
Local time (at start): Mon May 27 10:58:32 2024
title=gali datafile=dataDEMgali.txt lastobs=15000 firstpass=1 lastpass=2
ftol=1.000000e-018 stepm=3 ncovcol=0 nqv=0 ntv=0 nqtv=0 nlstate=2 ndeath=1 maxwav=2 mle=1 weight=1
model=1+age+
# Parameters nlstate*nlstate*ncov a12*1 + b12 * age + ...
12 0.000000 0.000000
13 0.000000 0.000000
21 0.000000 0.000000
23 0.000000 0.000000
# Scales (for hessian or gradient estimation)
12 0.000000e+000 0.000000e+000
13 0.000000e+000 0.000000e+000
21 0.000000e+000 0.000000e+000
23 0.000000e+000 0.000000e+000
# Covariance matrix
121 0.00000e+000
122 0.00000e+000 0.00000e+000
131 0.00000e+000 0.00000e+000 0.00000e+000
132 0.00000e+000 0.00000e+000 0.00000e+000 0.00000e+000
211 0.00000e+000 0.00000e+000 0.00000e+000 0.00000e+000 0.00000e+000
212 0.00000e+000 0.00000e+000 0.00000e+000 0.00000e+000 0.00000e+000 0.00000e+000
231 0.00000e+000 0.00000e+000 0.00000e+000 0.00000e+000 0.00000e+000 0.00000e+000 0.00000e+000
232 0.00000e+000 0.00000e+000 0.00000e+000 0.00000e+000 0.00000e+000 0.00000e+000 0.00000e+000 0.00000e+000

Model=1+age+
Typevar: 0 for simple covariate (dummy, quantitative, fixed or varying), 1 for age product, 2 for  product, 3 for double product with age  
Fixed[k] 0=fixed (product or simple), 1 varying, 2 fixed with age product, 3 varying with age product 
Dummy[k] 0=dummy (0 1), 1 quantitative (single or product without age), 2 dummy with age product, 3 quant with age product
ncoveff=0, nqfveff=0, ntveff=0, nqtveff=0, cptcovn=0
ncovf=0, ncovv=0, ncova=0, nsd=0, nsq=0
Warning: The value of parameter lastobs=15000 is big compared to the 
  effective number of cases imx=1728, please adjust, 
  otherwise you are allocating more memory than necessary.
Total number of individuals= 1728, Agemin = 51.08, Agemax= 95.08

Information, you have to check 0 informations which haven't been logged!
Error! Negative delay (1 to death) between waves 1 and 2 of individual 1129 at line 1129 who is aged 76.2 with statuses from 2 to 3
    We assumed that the date of interview was correct (and not the date of death) and postponed the death 3 month(s) (one stepm) after the interview. You MUST fix the contradiction between dates.
Delay (in months) between two waves Min=1 (for indiviudal 1129) Max=34 (1447) Mean=22.634259

 Age 51 1.=0 loss[1]=0.0% 2.=0 loss[2]=NaNQ% 1.=0 prev[1]=100.0% 2.=0 prev[2]=0.0% 11=0
Age 52 1.=2 loss[1]=0.0% 2.=0 loss[2]=0.0% 1.=2 prev[1]=90.6% 2.=0 prev[2]=9.4% 11=1 12=0 21=0 22=0 23=0
Age 53 1.=4 loss[1]=0.0% 2.=1 loss[2]=0.0% 1.=4 prev[1]=83.3% 2.=1 prev[2]=16.7% 11=4 13=0 21=0 22=1 23=0
Age 54 1.=4 loss[1]=0.0% 2.=1 loss[2]=0.0% 1.=4 prev[1]=83.6% 2.=1 prev[2]=16.4% 11=3 12=0 21=0 22=0 23=0
Age 55 1.=4 loss[1]=0.0% 2.=0 loss[2]=0.0% 1.=4 prev[1]=93.2% 2.=0 prev[2]=6.8% 11=4 12=0 21=0 22=0
Age 56 1.=4 loss[1]=0.0% 2.=1 loss[2]=0.0% 1.=4 prev[1]=80.5% 2.=1 prev[2]=19.5% 11=3 12=1 13=0 21=0 22=1
Age 57 1.=4 loss[1]=0.0% 2.=1 loss[2]=0.0% 1.=4 prev[1]=85.0% 2.=1 prev[2]=15.0% 11=3 12=1 13=0 21=0 22=0
Age 58 1.=4 loss[1]=0.0% 2.=0 loss[2]=0.0% 1.=4 prev[1]=94.5% 2.=0 prev[2]=5.5% 11=3 12=0 13=0 21=0 22=0
Age 59 1.=3 loss[1]=0.0% 2.=0 loss[2]=0.0% 1.=3 prev[1]=89.9% 2.=0 prev[2]=10.1% 11=3 12=0 21=0 22=0 23=0
Age 60 1.=2 loss[1]=0.0% 2.=0 loss[2]=0.0% 1.=2 prev[1]=81.5% 2.=0 prev[2]=18.5% 11=2 12=0 13=0 21=0 22=0
Age 61 1.=2 loss[1]=0.0% 2.=0 loss[2]=0.0% 1.=2 prev[1]=81.5% 2.=0 prev[2]=18.5% 11=2 12=0 21=0 22=0 23=0
Age 62 1.=2 loss[1]=0.0% 2.=1 loss[2]=0.0% 1.=2 prev[1]=79.1% 2.=1 prev[2]=20.9% 11=2 12=0 13=0 21=0 22=0 23=0
Age 63 1.=2 loss[1]=0.0% 2.=0 loss[2]=0.0% 1.=2 prev[1]=89.8% 2.=0 prev[2]=10.2% 11=2 12=0 13=0 21=0 22=0
Age 64 1.=3 loss[1]=0.0% 2.=0 loss[2]=0.0% 1.=3 prev[1]=86.0% 2.=0 prev[2]=14.0% 11=3 12=0 21=0 22=0 23=0
Age 65 1.=3 loss[1]=0.0% 2.=0 loss[2]=0.0% 1.=3 prev[1]=91.1% 2.=0 prev[2]=8.9% 11=2 12=1 13=0 21=0 22=0 23=0
Age 66 1.=3 loss[1]=0.0% 2.=0 loss[2]=0.0% 1.=3 prev[1]=90.9% 2.=0 prev[2]=9.1% 11=2 12=0 13=0 21=0 22=0 23=0
Age 67 1.=2 loss[1]=0.0% 2.=0 loss[2]=0.0% 1.=2 prev[1]=87.1% 2.=0 prev[2]=12.9% 11=2 12=0 21=0 22=0 23=0
Age 68 1.=2 loss[1]=0.0% 2.=0 loss[2]=0.0% 1.=2 prev[1]=82.5% 2.=0 prev[2]=17.5% 11=1 12=0 13=0 21=0 22=0
Age 69 1.=2 loss[1]=0.0% 2.=0 loss[2]=0.0% 1.=2 prev[1]=87.4% 2.=0 prev[2]=12.6% 11=2 12=0 21=0 22=0
Age 70 1.=2 loss[1]=0.0% 2.=0 loss[2]=0.0% 1.=2 prev[1]=81.5% 2.=0 prev[2]=18.5% 11=2 12=0 21=0 22=0 23=0
Age 71 1.=2 loss[1]=0.0% 2.=1 loss[2]=0.0% 1.=2 prev[1]=74.2% 2.=1 prev[2]=25.8% 11=2 12=0 13=0 21=0 22=0 23=0
Age 72 1.=1 loss[1]=0.0% 2.=0 loss[2]=0.0% 1.=1 prev[1]=78.9% 2.=0 prev[2]=21.1% 11=1 12=0 21=0 22=0
Age 73 1.=2 loss[1]=0.0% 2.=0 loss[2]=0.0% 1.=2 prev[1]=79.5% 2.=0 prev[2]=20.5% 11=2 12=0 13=0 21=0 22=0 23=0
Age 74 1.=2 loss[1]=0.0% 2.=0 loss[2]=0.0% 1.=2 prev[1]=84.8% 2.=0 prev[2]=15.2% 11=2 12=0 13=0 21=0 22=0
Age 75 1.=2 loss[1]=0.0% 2.=0 loss[2]=0.0% 1.=2 prev[1]=82.4% 2.=0 prev[2]=17.6% 11=2 12=0 13=0 21=0 22=0 23=0
Age 76 1.=2 loss[1]=0.0% 2.=0 loss[2]=0.0% 1.=2 prev[1]=84.4% 2.=0 prev[2]=15.6% 11=1 12=0 13=0 21=0 22=0 23=0
Age 77 1.=2 loss[1]=0.0% 2.=0 loss[2]=0.0% 1.=2 prev[1]=83.9% 2.=0 prev[2]=16.1% 11=1 12=0 13=0 21=0 22=0 23=0
Age 78 1.=1 loss[1]=0.0% 2.=1 loss[2]=0.0% 1.=1 prev[1]=64.3% 2.=1 prev[2]=35.7% 11=1 12=0 13=0 21=0 22=0 23=0
Age 79 1.=1 loss[1]=0.0% 2.=0 loss[2]=0.0% 1.=1 prev[1]=86.4% 2.=0 prev[2]=13.6% 11=1 12=0 21=0 22=0 23=0
Age 80 1.=1 loss[1]=0.0% 2.=0 loss[2]=0.0% 1.=1 prev[1]=62.5% 2.=0 prev[2]=37.5% 11=1 12=0 13=0 21=0 22=0
Age 81 1.=1 loss[1]=0.0% 2.=1 loss[2]=0.0% 1.=1 prev[1]=56.1% 2.=1 prev[2]=43.9% 11=0 12=0 13=0 21=0 22=0 23=0
Age 82 1.=0 loss[1]=0.0% 2.=0 loss[2]=0.0% 1.=0 prev[1]=57.6% 2.=0 prev[2]=42.4% 11=0 12=0 13=0 21=0 22=0 23=0
Age 83 1.=0 loss[1]=0.0% 2.=0 loss[2]=0.0% 1.=0 prev[1]=90.3% 2.=0 prev[2]=9.7% 11=0 12=0 13=0 23=0
Age 84 1.=0 loss[1]=0.0% 2.=0 loss[2]=0.0% 1.=0 prev[1]=34.6% 2.=0 prev[2]=65.4% 11=0 12=0 21=0 22=0 23=0
Age 85 1.=1 loss[1]=0.0% 2.=0 loss[2]=0.0% 1.=1 prev[1]=60.0% 2.=0 prev[2]=40.0% 11=0 12=0 13=0 21=0 22=0 23=0
Age 86 1.=0 loss[1]=0.0% 2.=0 loss[2]=0.0% 1.=0 prev[1]=58.1% 2.=0 prev[2]=41.9% 11=0 12=0 22=0 23=0
Age 87 1.=0 loss[1]=0.0% 2.=0 loss[2]=0.0% 1.=0 prev[1]=67.7% 2.=0 prev[2]=32.3% 11=0 12=0 13=0 22=0 23=0
Age 88 1.=0 loss[1]=0.0% 2.=0 loss[2]=0.0% 1.=0 prev[1]=77.1% 2.=0 prev[2]=22.9% 11=0 13=0 22=0 23=0
Age 89 1.=0 loss[1]=0.0% 2.=0 loss[2]=0.0% 1.=0 prev[1]=73.3% 2.=0 prev[2]=26.7% 11=0 12=0 23=0
Age 90 1.=0 loss[1]=0.0% 2.=0 loss[2]=0.0% 1.=0 prev[1]=35.0% 2.=0 prev[2]=65.0% 11=0 21=0 22=0 23=0
Age 91 1.=0 loss[1]=NaNQ% 2.=0 loss[2]=0.0% 1.=0 prev[1]=0.0% 2.=0 prev[2]=100.0% 23=0
Age 92 1.=0 loss[1]=0.0% 2.=0 loss[2]=0.0% 1.=0 prev[1]=74.3% 2.=0 prev[2]=25.7% 11=0 13=0 21=0
Age 93 1.=0 loss[1]=NaNQ% 2.=0 loss[2]=NaNQ% 1.=0 prev[1]=NaNQ% 2.=0 prev[2]=NaNQ%
Age 94 1.=0 loss[1]=NaNQ% 2.=0 loss[2]=0.0% 1.=0 prev[1]=0.0% 2.=0 prev[2]=100.0% 23=0
Age 95 1.=0 loss[1]=NaNQ% 2.=0 loss[2]=0.0% 1.=0 prev[1]=0.0% 2.=0 prev[2]=100.0% 23=0
1 1.=0 loss[1]=NaNQ% 2.=0 loss[2]=NaNQ% 1.=0 prev[1]=NaNQ% 2.=0 prev[2]=NaNQ%
0 1.=0 loss[1]=NaNQ% 2.=0 loss[2]=NaNQ% 1.=0 prev[1]=NaNQ% 2.=0 prev[2]=NaNQ%
Total 1.=71 loss[1]=0.0% 2.=15 loss[2]=0.0% 1.=71 prev[1]=82.4% 2.=15 prev[2]=17.6% 11=62 12=7 13=2 21=4 22=8 23=3


12    0.0000000 ln(7/62)=   -2.1626807 
13    0.0000000 ln(2/62)=   -3.5367640 
21    0.0000000 ln(4/8)=   -0.6172304 
23    0.0000000 ln(3/8)=   -1.1026962 

 -1-1=0 -10=0 -11=0 -12=0 -13=0 0-1=0 00=0 01=0 02=0 03=0 1-1=0 10=0 11=62 12=7 13=2 2-1=0 20=0 21=4 22=8 23=3 3-1=0 30=0 31=0 32=0 33=0
Powell

Powell iter=1 Big Iter=1 -2*LL=12897.914383595224 gain=0 0 sec. 0 sec.
#model=  1      +     age 
12    0.0000000    0.0000000 
13    0.0000000    0.0000000 
21    0.0000000    0.0000000 
23    0.0000000    0.0000000 
1.......2..................3........4..................5.......6..................7.......8.............................Gaining to use new average direction of P0 P8 instead of biggest increase direction 5 :

Powell iter=2 Big Iter=2 -2*LL=3767.558042816342 gain=9.13e+003 0 sec. 0 sec.
#model=  1      +     age 
12    5.7017924   -0.0018880 
13   -0.6732323    0.0018354 
21    2.4838591   -0.0003706 
23   -1.1339410    0.0017744 

Considering the time needed for this last iteration #2: 0 seconds,
   - if your program needs 1 BIG iterations  (2 iterations) to converge, convergence will be 
   reached in 0 day(s) 0 hour(s) 0 minute(s) 0 second(s) i.e.
   on Mon May 27 10:58:32 2024 (current time is Mon May 27 10:58:32 2024);
   - if your program needs 11 BIG iterations  (22 iterations) to converge, convergence will be 
   reached in 0 day(s) 0 hour(s) 0 minute(s) 0 second(s) i.e.
   on Mon May 27 10:58:32 2024 (current time is Mon May 27 10:58:32 2024);
   - if your program needs 21 BIG iterations  (42 iterations) to converge, convergence will be 
   reached in 0 day(s) 0 hour(s) 0 minute(s) 0 second(s) i.e.
   on Mon May 27 10:58:32 2024 (current time is Mon May 27 10:58:32 2024);
   - if your program needs 31 BIG iterations  (62 iterations) to converge, convergence will be 
   reached in 0 day(s) 0 hour(s) 0 minute(s) 0 second(s) i.e.
   on Mon May 27 10:58:32 2024 (current time is Mon May 27 10:58:32 2024);
1............2...................3.......4...................5................6.................7..........8.................Gaining to use new average direction of P0 P8 instead of biggest increase direction 3 :

Powell iter=3 Big Iter=2 -2*LL=2680.179862465497 gain=1.09e+003 1 sec. 1 sec.
#model=  1      +     age 
12   -1.8553082   -0.0034398 
13   -5.2983252    0.0151975 
21    1.0513544   -0.0128396 
23   -1.5614917   -0.0306274 

Considering the time needed for this last iteration #3: 1 seconds,
   - if your program needs 1 BIG iterations  (2 iterations) to converge, convergence will be 
   reached in 0 day(s) 0 hour(s) 0 minute(s) -1 second(s) i.e.
   on Mon May 27 10:58:32 2024 (current time is Mon May 27 10:58:33 2024);
   - if your program needs 11 BIG iterations  (22 iterations) to converge, convergence will be 
   reached in 0 day(s) 0 hour(s) 0 minute(s) 19 second(s) i.e.
   on Mon May 27 10:58:52 2024 (current time is Mon May 27 10:58:33 2024);
   - if your program needs 21 BIG iterations  (42 iterations) to converge, convergence will be 
   reached in 0 day(s) 0 hour(s) 0 minute(s) 39 second(s) i.e.
   on Mon May 27 10:59:12 2024 (current time is Mon May 27 10:58:33 2024);
   - if your program needs 31 BIG iterations  (62 iterations) to converge, convergence will be 
   reached in 0 day(s) 0 hour(s) 0 minute(s) 59 second(s) i.e.
   on Mon May 27 10:59:32 2024 (current time is Mon May 27 10:58:33 2024);
1........2..............3.........4...................5..................6..................7...........8.........directest= 816.427646520061 (if directest<0 or t<0 we include P0 Pn as new direction), t= -14971673.910674414000, f1= 2680.179862465497,f2= 2645.177648727664,f3= 3474.695299734194, del= 24.046109112151
f1-2f2+f3= 864.519864744363, f1-f2-del= 10.956104625682, f1-f3= -794.515437268697

Powell iter=4 Big Iter=3 -2*LL=2645.177648727664 gain=35 1 sec. 2 sec.
#model=  1      +     age 
12   -1.7326943   -0.0031059 
13   -5.3580561    0.0064668 
21    1.0550414   -0.0117702 
23   -1.8370710   -0.0250463 
1........2..............3.........4..................5..................6..................7..........8.................Gaining to use new average direction of P0 P8 instead of biggest increase direction 5 :

Powell iter=5 Big Iter=3 -2*LL=2280.397302682521 gain=365 2 sec. 4 sec.
#model=  1      +     age 
12   -3.8201274    0.0032160 
13   -6.2192114    0.0061650 
21    0.3715705   -0.0441348 
23   -6.6262211    0.0555117 
1.........2..............3.........4..................5..........6...............7.........8........directest= 715.665012860333 (if directest<0 or t<0 we include P0 Pn as new direction), t= -15360168.588974912000, f1= 2280.397302682521,f2= 2207.287474592723,f3= 2930.587252755750, del= 40.372296696245
f1-2f2+f3= 796.409606252824, f1-f2-del= 32.737531393552, f1-f3= -650.189950073229

Powell iter=6 Big Iter=4 -2*LL=2207.287474592723 gain=73.1 1 sec. 5 sec.
#model=  1      +     age 
12   -4.2107262    0.0034563 
13   -6.3127269   -0.0134071 
21    0.3534536   -0.0464950 
23   -7.2962582    0.0543338 
1.........2..............3.........4..................5...........6................7.........8........
Powell iter=7 Big Iter=4 -2*LL=2201.452557996744 gain=5.83 1 sec. 6 sec.
#model=  1      +     age 
12   -4.2006250    0.0039241 
13   -6.3329945   -0.0024049 
21    0.3175017   -0.0469105 
23   -7.4244646    0.0556371 
1..........2..............3.........4..................5...........6.................7.........8................Gaining to use new average direction of P0 P8 instead of biggest increase direction 6 :

Powell iter=8 Big Iter=5 -2*LL=2193.890666725081 gain=7.56 1 sec. 7 sec.
#model=  1      +     age 
12   -4.6784023    0.0105084 
13   -6.5152522    0.0098370 
21    0.0006876   -0.0420787 
23   -8.9382377    0.0743984 
1..........2..............3.........4.................5...........6........7..........8.........
Powell iter=9 Big Iter=5 -2*LL=2188.915012973796 gain=4.98 1 sec. 8 sec.
#model=  1      +     age 
12   -4.9081318    0.0142812 
13   -6.6055507    0.0098046 
21   -0.1717608   -0.0395907 
23   -9.7532958    0.0847474 
1.........2..............3.........4...................5...........6.........7..........8..............Gaining to use new average direction of P0 P8 instead of biggest increase direction 4 :

Powell iter=10 Big Iter=6 -2*LL=2184.057609412532 gain=4.86 1 sec. 9 sec.
#model=  1      +     age 
12   -5.5085212    0.0235570 
13   -6.8127290    0.0095225 
21   -0.5887263   -0.0329758 
23  -11.6509486    0.1090250 
1.........2..............3.........4.........5...........6........7.........8........directest= 2.397649500434 (if directest<0 or t<0 we include P0 Pn as new direction), t= -0.527173946632, f1= 2184.057609412532,f2= 2183.829525508201,f3= 2186.244223467756, del= 0.122566181726
f1-2f2+f3= 2.642781863886, f1-f2-del= 0.105517722605, f1-f3= -2.186614055224

Powell iter=11 Big Iter=6 -2*LL=2183.829525508201 gain=0.228 0 sec. 9 sec.
#model=  1      +     age 
12   -5.5396828    0.0238623 
13   -6.8099592    0.0093502 
21   -0.6003960   -0.0323996 
23  -11.6737230    0.1089437 
1.........2..............3.........4.........5...........6.........7.........8..............Gaining to use new average direction of P0 P8 instead of biggest increase direction 3 :

Powell iter=12 Big Iter=7 -2*LL=2183.717667525375 gain=0.112 1 sec. 10 sec.
#model=  1      +     age 
12   -5.6111506    0.0245370 
13   -6.8055187    0.0096015 
21   -0.6403492   -0.0317215 
23  -11.7624478    0.1099758 
1..........2..............3........4.........5...........6........7.........8.............Gaining to use new average direction of P0 P8 instead of biggest increase direction 1 :

Powell iter=13 Big Iter=7 -2*LL=2183.529298078553 gain=0.188 0 sec. 10 sec.
#model=  1      +     age 
12   -5.6776373    0.0251633 
13   -6.7913382    0.0094594 
21   -0.6889268   -0.0310395 
23  -11.7564653    0.1098513 
1......2..............3........4.........5...........6.........7.........8.............Gaining to use new average direction of P0 P8 instead of biggest increase direction 8 :

Powell iter=14 Big Iter=8 -2*LL=2182.750076145071 gain=0.779 1 sec. 11 sec.
#model=  1      +     age 
12   -5.9341535    0.0282084 
13   -6.7296718    0.0084905 
21   -0.8665449   -0.0286702 
23  -11.5500166    0.1072167 
1.......2..............3........4.........5...........6.........7.........8..............Gaining to use new average direction of P0 P8 instead of biggest increase direction 8 :

Powell iter=15 Big Iter=8 -2*LL=2180.282535725521 gain=2.47 0 sec. 11 sec.
#model=  1      +     age 
12   -6.5049931    0.0363512 
13   -6.5584359    0.0049790 
21   -1.3084219   -0.0229228 
23  -10.6311309    0.0959280 
1.......2..............3........4.........5...........6........7.........8.......
Powell iter=16 Big Iter=9 -2*LL=2178.999143662275 gain=1.28 1 sec. 12 sec.
#model=  1      +     age 
12   -6.5561150    0.0384887 
13   -6.5110211    0.0034324 
21   -1.3964473   -0.0215841 
23  -10.1879096    0.0906390 
1.......2..............3........4.........5...........6.........7.........8........
Powell iter=17 Big Iter=9 -2*LL=2178.907536323821 gain=0.0916 1 sec. 13 sec.
#model=  1      +     age 
12   -6.5836398    0.0389853 
13   -6.4898302    0.0030191 
21   -1.4238422   -0.0208826 
23  -10.1581118    0.0902610 
1.......2..............3........4.........5...........6.........7...........8.............Gaining to use new average direction of P0 P8 instead of biggest increase direction 5 :

Powell iter=18 Big Iter=10 -2*LL=2178.814874208635 gain=0.0927 1 sec. 14 sec.
#model=  1      +     age 
12   -6.5979476    0.0390347 
13   -6.4585960    0.0024184 
21   -1.4420464   -0.0202470 
23  -10.1805685    0.0905515 
1.......2..............3.........4.........5........6........7.........8........
Powell iter=19 Big Iter=10 -2*LL=2178.792468747517 gain=0.0224 2 sec. 16 sec.
#model=  1      +     age 
12   -6.5884085    0.0388364 
13   -6.4599907    0.0024243 
21   -1.4377159   -0.0203722 
23  -10.1732721    0.0904642 
1.......2..............3........4.........5........6..................7.........8...............Gaining to use new average direction of P0 P8 instead of biggest increase direction 1 :

Powell iter=20 Big Iter=11 -2*LL=2177.778354783984 gain=1.01 2 sec. 18 sec.
#model=  1      +     age 
12   -6.1294328    0.0328344 
13   -6.5422497    0.0035170 
21   -1.4822086   -0.0191938 
23  -10.6188554    0.0960625 
1........2...............3........4.........5........6........7.........8........
Powell iter=21 Big Iter=11 -2*LL=2176.515831157894 gain=1.26 2 sec. 20 sec.
#model=  1      +     age 
12   -6.1080930    0.0322219 
13   -6.5119043    0.0032786 
21   -1.7612481   -0.0151434 
23  -10.5193497    0.0948360 
1......2..............3........4..........5.......6........7..........8..............Gaining to use new average direction of P0 P8 instead of biggest increase direction 5 :

Powell iter=22 Big Iter=12 -2*LL=2174.939808811968 gain=1.58 1 sec. 21 sec.
#model=  1      +     age 
12   -6.1480850    0.0326241 
13   -6.4871069    0.0030113 
21   -2.5913402   -0.0038975 
23  -10.1826007    0.0907217 
1........2..............3........4.........5........6........7.........8........directest= 0.825874475496 (if directest<0 or t<0 we include P0 Pn as new direction), t= -0.001554624215, f1= 2174.939808811968,f2= 2174.936045046599,f3= 2175.762757285372, del= 0.002300764323
f1-2f2+f3= 0.830476004141, f1-f2-del= 0.001463001046, f1-f3= -0.822948473404

Powell iter=23 Big Iter=12 -2*LL=2174.936045046599 gain=0.00376 2 sec. 23 sec.
#model=  1      +     age 
12   -6.1670423    0.0328959 
13   -6.4886792    0.0029303 
21   -2.6043377   -0.0037069 
23  -10.2212755    0.0912187 
1........2..............3............4............5........6........7.........8.................Gaining to use new average direction of P0 P8 instead of biggest increase direction 6 :

Powell iter=24 Big Iter=13 -2*LL=2174.933609989619 gain=0.00244 2 sec. 25 sec.
#model=  1      +     age 
12   -6.1572828    0.0327602 
13   -6.4824751    0.0027312 
21   -2.6099662   -0.0036235 
23  -10.2595703    0.0917092 
1........2...............3........4.........5........6........7.............8............Gaining to use new average direction of P0 P8 instead of biggest increase direction 8 :

Powell iter=25 Big Iter=13 -2*LL=2174.929430955479 gain=0.00418 2 sec. 27 sec.
#model=  1      +     age 
12   -6.1445547    0.0325588 
13   -6.4641282    0.0024434 
21   -2.6096022   -0.0036362 
23  -10.2907663    0.0921024 
1........2..............3........4.........5........6..........7...........8............Gaining to use new average direction of P0 P8 instead of biggest increase direction 8 :

Powell iter=26 Big Iter=14 -2*LL=2174.918271855172 gain=0.0112 2 sec. 29 sec.
#model=  1      +     age 
12   -6.1234651    0.0321853 
13   -6.3977455    0.0015397 
21   -2.5943611   -0.0039385 
23  -10.3357986    0.0926576 
1........2..............3........4.................5........6.........7.....................8......
Powell iter=27 Big Iter=14 -2*LL=2174.905927446422 gain=0.0123 2 sec. 31 sec.
#model=  1      +     age 
12   -6.1345351    0.0323425 
13   -6.3584931    0.0010243 
21   -2.5821964   -0.0041769 
23  -10.3107285    0.0923344 
1.......2..............3........4.........5........6........7.........8.............Gaining to use new average direction of P0 P8 instead of biggest increase direction 2 :

Powell iter=28 Big Iter=15 -2*LL=2174.782967619323 gain=0.123 1 sec. 32 sec.
#model=  1      +     age 
12   -6.1886757    0.0333661 
13   -5.6180024   -0.0105757 
21   -2.5755506   -0.0043654 
23  -10.3731296    0.0931984 
1.......2......3........4..............5........6........7..............8........directest= 0.091523110209 (if directest<0 or t<0 we include P0 Pn as new direction), t= -0.000134179700, f1= 2174.782967619323,f2= 2174.727295084570,f3= 2174.849384080213, del= 0.043119210094
f1-2f2+f3= 0.177761530396, f1-f2-del= 0.012553324659, f1-f3= -0.066416460890

Powell iter=29 Big Iter=15 -2*LL=2174.727295084570 gain=0.0557 2 sec. 34 sec.
#model=  1      +     age 
12   -6.2075724    0.0335685 
13   -5.3717846   -0.0144267 
21   -2.5898928   -0.0039777 
23  -10.3676882    0.0931542 
1.......2...........3........4.........5........6........7............8...............Gaining to use new average direction of P0 P8 instead of biggest increase direction 1 :

Powell iter=30 Big Iter=16 -2*LL=2174.723206228307 gain=0.00409 2 sec. 36 sec.
#model=  1      +     age 
12   -6.2111885    0.0336001 
13   -5.2824906   -0.0158688 
21   -2.5947386   -0.0038445 
23  -10.3613252    0.0930824 
1..........................2........3...........4..................5................6.............7.................8....................directest= 0.000290583625 (if directest<0 or t<0 we include P0 Pn as new direction), t= -0.000000000000, f1= 2174.723206228307,f2= 2174.723203325993,f3= 2174.723493824835, del= 0.000001408766
f1-2f2+f3= 0.000293401157, f1-f2-del= 0.000001493548, f1-f3= -0.000287596528

Powell iter=31 Big Iter=16 -2*LL=2174.723203325993 gain=2.9e-006 2 sec. 38 sec.
#model=  1      +     age 
12   -6.2113281    0.0336017 
13   -5.2817756   -0.0158836 
21   -2.5949081   -0.0038428 
23  -10.3622549    0.0930941 
1.............2...........3...............4.......................5..............6.................7....................8....................
Powell iter=32 Big Iter=17 -2*LL=2174.723203176424 gain=1.5e-007 2 sec. 40 sec.
#model=  1      +     age 
12   -6.2113393    0.0336016 
13   -5.2816804   -0.0158856 
21   -2.5949222   -0.0038428 
23  -10.3624846    0.0930970 
1..................2.............3...............4...............5...............6................7......................8.......................
Powell iter=33 Big Iter=17 -2*LL=2174.723203170178 gain=6.25e-009 3 sec. 43 sec.
#model=  1      +     age 
12   -6.2113392    0.0336016 
13   -5.2816666   -0.0158859 
21   -2.5949244   -0.0038429 
23  -10.3625288    0.0930976 
1........................2.................3..................4..............5...................6.........................7....................8.......................
Powell iter=34 Big Iter=18 -2*LL=2174.723203169925 gain=2.54e-010 3 sec. 46 sec.
#model=  1      +     age 
12   -6.2113392    0.0336016 
13   -5.2816604   -0.0158860 
21   -2.5949238   -0.0038429 
23  -10.3625389    0.0930977 
1................2.........................................3...........................4...........................5.........................6........................7....................8.............................directest= 0.000000000005 (if directest<0 or t<0 we include P0 Pn as new direction), t= -0.000000000000, f1= 2174.723203169925,f2= 2174.723203169921,f3= 2174.723203169929, del= 0.000000000003
f1-2f2+f3= 0.000000000011, f1-f2-del= 0.000000000000, f1-f3= -0.000000000005

Powell iter=35 Big Iter=18 -2*LL=2174.723203169921 gain=3.18e-012 3 sec. 49 sec.
#model=  1      +     age 
12   -6.2113392    0.0336016 
13   -5.2816631   -0.0158860 
21   -2.5949236   -0.0038429 
23  -10.3625375    0.0930977 
1........................2................3.........................4......................5........................6.........................7....................8............................
Powell iter=36 Big Iter=19 -2*LL=2174.723203169911 gain=1.05e-011 3 sec. 52 sec.
#model=  1      +     age 
12   -6.2113388    0.0336016 
13   -5.2816614   -0.0158860 
21   -2.5949239   -0.0038429 
23  -10.3625396    0.0930977 
1.........................2.............................3...........................4....................5........................6.........................7......................8........................................directest= 0.000000000006 (if directest<0 or t<0 we include P0 Pn as new direction), t= -0.000000000000, f1= 2174.723203169911,f2= 2174.723203169910,f3= 2174.723203169917, del= 0.000000000000
f1-2f2+f3= 0.000000000007, f1-f2-del= 0.000000000000, f1-f3= -0.000000000006

Powell iter=37 Big Iter=19 -2*LL=2174.723203169910 gain=4.55e-013 4 sec. 56 sec.
#model=  1      +     age 
12   -6.2113388    0.0336016 
13   -5.2816614   -0.0158860 
21   -2.5949239   -0.0038429 
23  -10.3625396    0.0930977 
1.........................2.............................3........................4.......................5........................6.........................7..................8.............................
#Number of iterations & function calls = 37 & 4886, -2 Log likelihood = 2174.723203169910
# Parameters nlstate*nlstate*ncov a12*1 + b12 * age + ...
#model=  1      +     age 
12   -6.2113388    0.0336016 
13   -5.2816614   -0.0158860 
21   -2.5949239   -0.0038429 
23  -10.3625396    0.0930977 

Calculation of the hessian matrix. Wait...
1-2-3-4-5-6-7-8-.1-2.1-3.1-4.1-5.1-6.1-7.1-8.2-3.2-4.2-5.2-6.2-7.2-8.3-4.3-5.3-6.3-7.3-8.4-5.4-6.4-7.4-8.5-6.5-7.5-8.6-7.6-8.7-8

Inverting the hessian to get the covariance matrix. Wait...

#Hessian matrix#
1.504140e+002 1.033921e+004 4.367215e+000 3.089040e+002 -3.231373e+001 -2.244285e+003 -2.279118e+000 -1.448863e+002 
1.033921e+004 7.246619e+005 3.055215e+002 2.208971e+004 -2.239529e+003 -1.587191e+005 -1.476390e+002 -9.576182e+003 
4.367215e+000 3.055215e+002 1.321160e+001 8.268926e+002 -1.946046e+000 -1.294522e+002 5.060257e+000 3.466470e+002 
3.089040e+002 2.208971e+004 8.268926e+002 5.237619e+004 -1.305875e+002 -8.917987e+003 3.464374e+002 2.427971e+004 
-3.231373e+001 -2.239529e+003 -1.946046e+000 -1.305875e+002 8.326949e+001 5.720748e+003 -2.811568e+000 -2.478171e+002 
-2.244285e+003 -1.587191e+005 -1.294522e+002 -8.917987e+003 5.720748e+003 4.025484e+005 -2.451131e+002 -2.127125e+004 
-2.279118e+000 -1.476390e+002 5.060257e+000 3.464374e+002 -2.811568e+000 -2.451131e+002 6.039901e+001 4.801270e+003 
-1.448863e+002 -9.576182e+003 3.466470e+002 2.427971e+004 -2.478171e+002 -2.127125e+004 4.801270e+003 3.862543e+005 
Parameters, Wald tests and Wald-based confidence intervals
 W is simply the result of the division of the parameter by the square root of covariance of the parameter.
 And Wald-based confidence intervals plus and minus 1.96 * W 
  It might be better to visualize the covariance matrix. See the page 'Matrix of variance-covariance of one-step probabilities' and its graphs.
12   -6.2113388(   0.6189941) W= -10.035 CI=[  -7.4245672 ;   -4.9981104]    0.0336016(   0.0089558) W=   3.752 CI=[   0.0160482 ;    0.0511549] 
13   -5.2816614(   2.6387013) W=  -2.002 CI=[ -10.4535160 ;   -0.1098068]   -0.0158860(   0.0419569) W=  -0.379 CI=[  -0.0981216 ;    0.0663495] 
21   -2.5949239(   0.7425609) W=  -3.495 CI=[  -4.0503432 ;   -1.1395045]   -0.0038429(   0.0107034) W=  -0.359 CI=[  -0.0248215 ;    0.0171357] 
23  -10.3625396(   1.2311386) W=  -8.417 CI=[ -12.7755713 ;   -7.9495080]    0.0930977(   0.0153619) W=   6.060 CI=[   0.0629885 ;    0.1232069] 
# Scales (for hessian or gradient estimation)
12 1.00000e-004 1.00000e-005
13 2.00000e-003 4.00000e-005
21 1.00000e-003 1.00000e-005
23 1.00000e-003 1.00000e-005
# Covariance matrix 
# 121 Var(a12)
# 122 Cov(b12,a12) Var(b12)
#   ...
# 232 Cov(b23,a12)  Cov(b23,b12) ... Var (b23)
#121 Var(a12)
#122 Cov(b12,a12) Var(b12)
#131 Cov(a13,a12) Cov(a13,b12) Var(a13)
#132 Cov(b13,a12) Cov(b13,b12) Cov(b13,a13) Var(b13)
#211 Cov(a21,a12) Cov(a21,b12) Cov(a21,a13) Cov(a21,b13) Var(a21)
#212 Cov(b21,a12) Cov(b21,b12) Cov(b21,a13) Cov(b21,b13) Cov(b21,a21) Var(b21)
#231 Cov(a23,a12) Cov(a23,b12) Cov(a23,a13) Cov(a23,b13) Cov(a23,a21) Cov(a23,b21) Var(a23)
#232 Cov(b23,a12) Cov(b23,b12) Cov(b23,a13) Cov(b23,b13) Cov(b23,a21) Cov(b23,b21) Cov(b23,a23) Var(b23)
121 3.8315370e-001
122 -5.48944e-003 8.0206431e-005
131 -2.54710e-001 4.05041e-003 6.9627447e+000
132 4.05378e-003 -6.50938e-005 -1.10043e-001 1.7603813e-003
211 1.21732e-001 -1.75290e-003 5.37986e-002 -7.60329e-004 5.5139670e-001
212 -1.75481e-003 2.58605e-005 -7.29311e-004 1.04430e-005 -7.85248e-003 1.1456223e-004
231 5.25994e-002 -6.91165e-004 -4.54369e-001 5.83410e-003 6.74121e-003 -1.62527e-004 1.5157022e+000
232 -6.90965e-004 9.27700e-006 6.31567e-003 -8.44231e-005 -1.60750e-004 3.27219e-006 -1.88017e-002 2.3598659e-004
# agemin agemax for life expectancy, bage fage (if mle==0 ie no data nor Max likelihood).
# Observed prevalence period
begin-prev-date=1/1/2013 end-prev-date=1/9/2018 mov_average=0
# Health expectancies computed from stable (period) prevalence (pop_based=0) or population based (1)
pop_based=0
# Prevalence forecasting and backcasting is skept here
##prevforecast=0  starting-proj-date=1/1/1989 final-proj-date=1/1/1990 mobil_average=0
#prevforecast=1 yearsfproj=10 mobil_average=0
#prevbackcast=1 yearsbproj=10 mobil_average=1
End of resultlines.

Computing forward period (stable) prevalence: result on file 'PL_DEMgali.txt' 
Computing pij: result on file 'PIJ_DEMgali.txt' 
Computing standard deviation of one-step probabilities: result on file 'PROB_rDEMgali.txt' 
Computing matrix of variance covariance of one-step probabilities: result on file 'PROBCOV_DEMgali.txt' 
and correlation matrix of one-step probabilities: result on file 'PROBCOR_DEMgali.txt' 
Prevalence combination of varying and fixed dummies 1
Warning Observed prevalence doesn't sum to 1 for state 2: probs[50][2][1]=0.000000 because of lack of cases.
Warning Observed prevalence doesn't sum to 1 for state 1: probs[93][1][1]=0.000000 because of lack of cases.
Warning Observed prevalence doesn't sum to 1 for state 2: probs[93][2][1]=0.000000 because of lack of cases.
Warning Observed prevalence doesn't sum to 1 for state 1: probs[96][1][1]=0.000000 because of lack of cases.
Warning Observed prevalence doesn't sum to 1 for state 2: probs[96][2][1]=0.000000 because of lack of cases.
Warning Observed prevalence doesn't sum to 1 for state 1: probs[97][1][1]=0.000000 because of lack of cases.
Warning Observed prevalence doesn't sum to 1 for state 2: probs[97][2][1]=0.000000 because of lack of cases.
Warning Observed prevalence doesn't sum to 1 for state 1: probs[98][1][1]=0.000000 because of lack of cases.
Warning Observed prevalence doesn't sum to 1 for state 2: probs[98][2][1]=0.000000 because of lack of cases.
Warning Observed prevalence doesn't sum to 1 for state 1: probs[99][1][1]=0.000000 because of lack of cases.
Warning Observed prevalence doesn't sum to 1 for state 2: probs[99][2][1]=0.000000 because of lack of cases.
Warning Observed prevalence doesn't sum to 1 for state 1: probs[100][1][1]=0.000000 because of lack of cases.
Warning Observed prevalence doesn't sum to 1 for state 2: probs[100][2][1]=0.000000 because of lack of cases.
Computing Health Expectancies: result on file 'E_DEMgali.txt' ...done evsij
Computing Total Life expectancies with their standard errors: file 'T_DEMgali.txt' ...
  Computing State-specific Expectancies and standard errors: result on file 'STDE_DEMgali.txt' 
    Computing Covar. of State-specific Expectancies: result on file 'CVE_DEMgali.txt' 
      Computing Variance-covariance of State-specific Expectancies: file 'V_DEMgali.txt' ... done State-specific expectancies
Computing Variance-covariance of forward period (stable) prevalence: file 'VPL_DEMgali.txt' ...done variance-covariance of forward period prevalence
End of Imach with 1 errors and/or warnings 1. Please look at the log file for details.
Local time at start Mon May 27 10:58:32 2024

Local time at end   Mon May 27 10:59:37 2024

Total time used 0 day(s) 0 hour(s) 1 minute(s) 5 second(s)
Total time was 65 Sec.
