Log filename:DKFchr.log
Version 0.99r45 $Revision: 1.353 $ $Date: 2023/05/08 18:48:22 $
Enter the parameter file name: 
pathimach=C:\PROGRA~1\IMACH-~2.99R\bin\
pathtot=C:\Users\mmusz\Dropbox\gender_paradox\data\IMACH\DKFchr.txt
 path=C:\Users\mmusz\Dropbox\gender_paradox\data\IMACH\ 
 optionfile=DKFchr.txt
 optionfilext=txt
 optionfilefiname='DKFchr'
Compiled with: Microsoft Visual Studio for Windows (x64 and x86)  64-bit
The programm is not running under WOW64 (i.e probably on a 64bit Windows).
Local time (at start): Tue May 28 07:52:56 2024
title=chr datafile=dataDKFchr.txt lastobs=15000 firstpass=1 lastpass=2
ftol=1.000000e-018 stepm=3 ncovcol=0 nqv=0 ntv=0 nqtv=0 nlstate=2 ndeath=1 maxwav=2 mle=1 weight=1
model=1+age+
# Parameters nlstate*nlstate*ncov a12*1 + b12 * age + ...
12 -3.593737 0.034467
13 -14.158913 0.138373
21 -0.229276 -0.037653
23 -11.606648 0.112101
# Scales (for hessian or gradient estimation)
12 0.000000e+000 0.000000e+000
13 0.000000e+000 0.000000e+000
21 0.000000e+000 0.000000e+000
23 0.000000e+000 0.000000e+000
# Covariance matrix
121 0.00000e+000
122 0.00000e+000 0.00000e+000
131 0.00000e+000 0.00000e+000 0.00000e+000
132 0.00000e+000 0.00000e+000 0.00000e+000 0.00000e+000
211 0.00000e+000 0.00000e+000 0.00000e+000 0.00000e+000 0.00000e+000
212 0.00000e+000 0.00000e+000 0.00000e+000 0.00000e+000 0.00000e+000 0.00000e+000
231 0.00000e+000 0.00000e+000 0.00000e+000 0.00000e+000 0.00000e+000 0.00000e+000 0.00000e+000
232 0.00000e+000 0.00000e+000 0.00000e+000 0.00000e+000 0.00000e+000 0.00000e+000 0.00000e+000 0.00000e+000

Model=1+age+
Typevar: 0 for simple covariate (dummy, quantitative, fixed or varying), 1 for age product, 2 for  product, 3 for double product with age  
Fixed[k] 0=fixed (product or simple), 1 varying, 2 fixed with age product, 3 varying with age product 
Dummy[k] 0=dummy (0 1), 1 quantitative (single or product without age), 2 dummy with age product, 3 quant with age product
ncoveff=0, nqfveff=0, ntveff=0, nqtveff=0, cptcovn=0
ncovf=0, ncovv=0, ncova=0, nsd=0, nsq=0
Warning: The value of parameter lastobs=15000 is big compared to the 
  effective number of cases imx=1665, please adjust, 
  otherwise you are allocating more memory than necessary.
Total number of individuals= 1665, Agemin = 51.08, Agemax= 101.08

Information, you have to check 0 informations which haven't been logged!
Delay (in months) between two waves Min=1 (for indiviudal 1310) Max=34 (1063) Mean=23.721321

 Age 51 1.=1 loss[1]=0.0% 2.=2 loss[2]=0.0% 1.=1 prev[1]=39.2% 2.=2 prev[2]=60.8% 11=1 12=0 21=0 22=1 23=0
Age 52 1.=1 loss[1]=0.0% 2.=2 loss[2]=0.0% 1.=1 prev[1]=34.1% 2.=2 prev[2]=65.9% 11=1 12=1 21=1 22=2 23=0
Age 53 1.=1 loss[1]=0.0% 2.=2 loss[2]=0.0% 1.=1 prev[1]=41.2% 2.=2 prev[2]=58.8% 11=1 12=0 21=0 22=2 23=0
Age 54 1.=1 loss[1]=0.0% 2.=2 loss[2]=0.0% 1.=1 prev[1]=38.7% 2.=2 prev[2]=61.3% 11=1 12=0 21=0 22=1 23=0
Age 55 1.=1 loss[1]=0.0% 2.=2 loss[2]=0.0% 1.=1 prev[1]=33.7% 2.=2 prev[2]=66.3% 11=1 12=0 13=0 21=0 22=2 23=0
Age 56 1.=1 loss[1]=0.0% 2.=2 loss[2]=0.0% 1.=1 prev[1]=29.8% 2.=2 prev[2]=70.2% 11=1 12=0 21=0 22=1
Age 57 1.=1 loss[1]=0.0% 2.=2 loss[2]=0.0% 1.=1 prev[1]=31.8% 2.=2 prev[2]=68.2% 11=1 12=0 21=0 22=2
Age 58 1.=1 loss[1]=0.0% 2.=2 loss[2]=0.0% 1.=1 prev[1]=20.5% 2.=2 prev[2]=79.5% 11=0 12=0 13=0 21=0 22=2
Age 59 1.=1 loss[1]=0.0% 2.=2 loss[2]=0.0% 1.=1 prev[1]=37.6% 2.=2 prev[2]=62.4% 11=1 12=0 21=0 22=2
Age 60 1.=1 loss[1]=0.0% 2.=2 loss[2]=0.0% 1.=1 prev[1]=22.6% 2.=2 prev[2]=77.4% 11=0 12=0 21=0 22=2
Age 61 1.=1 loss[1]=0.0% 2.=2 loss[2]=0.0% 1.=1 prev[1]=40.5% 2.=2 prev[2]=59.5% 11=1 12=0 21=0 22=2
Age 62 1.=1 loss[1]=0.0% 2.=2 loss[2]=0.0% 1.=1 prev[1]=28.5% 2.=2 prev[2]=71.5% 11=1 12=0 21=0 22=2 23=0
Age 63 1.=1 loss[1]=0.0% 2.=2 loss[2]=0.0% 1.=1 prev[1]=30.8% 2.=2 prev[2]=69.2% 11=0 12=0 13=0 21=0 22=2
Age 64 1.=1 loss[1]=0.0% 2.=2 loss[2]=0.0% 1.=1 prev[1]=20.9% 2.=2 prev[2]=79.1% 11=0 12=0 21=0 22=2 23=0
Age 65 1.=1 loss[1]=0.0% 2.=2 loss[2]=0.0% 1.=1 prev[1]=25.9% 2.=2 prev[2]=74.1% 11=0 12=0 21=0 22=2 23=0
Age 66 1.=1 loss[1]=0.0% 2.=2 loss[2]=0.0% 1.=1 prev[1]=26.5% 2.=2 prev[2]=73.5% 11=1 12=0 21=0 22=2
Age 67 1.=0 loss[1]=0.0% 2.=2 loss[2]=0.0% 1.=0 prev[1]=18.3% 2.=2 prev[2]=81.7% 11=0 12=0 21=0 22=2
Age 68 1.=1 loss[1]=0.0% 2.=2 loss[2]=0.0% 1.=1 prev[1]=21.7% 2.=2 prev[2]=78.3% 11=0 12=0 21=0 22=2
Age 69 1.=1 loss[1]=0.0% 2.=3 loss[2]=0.0% 1.=1 prev[1]=18.8% 2.=3 prev[2]=81.2% 11=0 12=0 21=0 22=2 23=0
Age 70 1.=1 loss[1]=0.0% 2.=2 loss[2]=0.0% 1.=1 prev[1]=23.2% 2.=2 prev[2]=76.8% 11=0 12=0 21=0 22=2 23=0
Age 71 1.=0 loss[1]=0.0% 2.=2 loss[2]=0.0% 1.=0 prev[1]=16.5% 2.=2 prev[2]=83.5% 11=0 12=0 21=0 22=2 23=0
Age 72 1.=0 loss[1]=0.0% 2.=2 loss[2]=0.0% 1.=0 prev[1]=15.2% 2.=2 prev[2]=84.8% 11=0 12=0 21=0 22=2 23=0
Age 73 1.=0 loss[1]=0.0% 2.=2 loss[2]=0.0% 1.=0 prev[1]=20.0% 2.=2 prev[2]=80.0% 11=0 12=0 21=0 22=2 23=0
Age 74 1.=0 loss[1]=0.0% 2.=2 loss[2]=0.0% 1.=0 prev[1]=18.8% 2.=2 prev[2]=81.3% 11=0 12=0 21=0 22=1 23=0
Age 75 1.=0 loss[1]=0.0% 2.=1 loss[2]=0.0% 1.=0 prev[1]=14.4% 2.=1 prev[2]=85.6% 11=0 12=0 22=1 23=0
Age 76 1.=0 loss[1]=0.0% 2.=2 loss[2]=0.0% 1.=0 prev[1]=6.9% 2.=2 prev[2]=93.1% 11=0 12=0 21=0 22=2 23=0
Age 77 1.=0 loss[1]=0.0% 2.=1 loss[2]=0.0% 1.=0 prev[1]=13.6% 2.=1 prev[2]=86.4% 11=0 12=0 22=1
Age 78 1.=0 loss[1]=0.0% 2.=1 loss[2]=0.0% 1.=0 prev[1]=26.9% 2.=1 prev[2]=73.1% 12=0 21=0 22=0 23=0
Age 79 1.=0 loss[1]=0.0% 2.=1 loss[2]=0.0% 1.=0 prev[1]=9.4% 2.=1 prev[2]=90.6% 11=0 22=1 23=0
Age 80 1.=0 loss[1]=0.0% 2.=1 loss[2]=0.0% 1.=0 prev[1]=10.8% 2.=1 prev[2]=89.2% 11=0 13=0 21=0 22=1 23=0
Age 81 1.=0 loss[1]=0.0% 2.=1 loss[2]=0.0% 1.=0 prev[1]=12.5% 2.=1 prev[2]=87.5% 11=0 12=0 21=0 22=1 23=0
Age 82 1.=0 loss[1]=0.0% 2.=1 loss[2]=0.0% 1.=0 prev[1]=13.7% 2.=1 prev[2]=86.3% 11=0 13=0 21=0 22=1 23=0
Age 83 1.=0 loss[1]=0.0% 2.=1 loss[2]=0.0% 1.=0 prev[1]=7.1% 2.=1 prev[2]=92.9% 11=0 12=0 21=0 22=1 23=0
Age 84 1.=0 loss[1]=0.0% 2.=1 loss[2]=0.0% 1.=0 prev[1]=8.5% 2.=1 prev[2]=91.5% 12=0 13=0 22=1 23=0
Age 85 1.=0 loss[1]=0.0% 2.=1 loss[2]=0.0% 1.=0 prev[1]=9.4% 2.=1 prev[2]=90.6% 11=0 21=0 22=1 23=0
Age 86 1.=0 loss[1]=0.0% 2.=1 loss[2]=0.0% 1.=0 prev[1]=4.3% 2.=1 prev[2]=95.7% 11=0 21=0 22=1 23=0
Age 87 1.=0 loss[1]=NaNQ% 2.=1 loss[2]=0.0% 1.=0 prev[1]=0.0% 2.=1 prev[2]=100.0% 22=0 23=0
Age 88 1.=0 loss[1]=NaNQ% 2.=0 loss[2]=0.0% 1.=0 prev[1]=0.0% 2.=0 prev[2]=100.0% 22=0 23=0
Age 89 1.=0 loss[1]=0.0% 2.=0 loss[2]=0.0% 1.=0 prev[1]=30.0% 2.=0 prev[2]=70.0% 12=0 13=0 21=0 22=0 23=0
Age 90 1.=0 loss[1]=NaNQ% 2.=0 loss[2]=0.0% 1.=0 prev[1]=0.0% 2.=0 prev[2]=100.0% 22=0 23=0
Age 91 1.=0 loss[1]=0.0% 2.=1 loss[2]=0.0% 1.=0 prev[1]=10.4% 2.=1 prev[2]=89.6% 12=0 22=0 23=0
Age 92 1.=0 loss[1]=NaNQ% 2.=0 loss[2]=0.0% 1.=0 prev[1]=0.0% 2.=0 prev[2]=100.0% 21=0 22=0 23=0
Age 93 1.=0 loss[1]=NaNQ% 2.=0 loss[2]=0.0% 1.=0 prev[1]=0.0% 2.=0 prev[2]=100.0% 22=0 23=0
Age 94 1.=0 loss[1]=NaNQ% 2.=0 loss[2]=0.0% 1.=0 prev[1]=0.0% 2.=0 prev[2]=100.0% 22=0 23=0
Age 95 1.=0 loss[1]=0.0% 2.=0 loss[2]=0.0% 1.=0 prev[1]=33.3% 2.=0 prev[2]=66.7% 13=0 22=0 23=0
Age 96 1.=0 loss[1]=NaNQ% 2.=0 loss[2]=0.0% 1.=0 prev[1]=0.0% 2.=0 prev[2]=100.0% 22=0
Age 97 1.=0 loss[1]=0.0% 2.=0 loss[2]=0.0% 1.=0 prev[1]=66.7% 2.=0 prev[2]=33.3% 11=0 13=0 23=0
Age 98 1.=0 loss[1]=NaNQ% 2.=0 loss[2]=0.0% 1.=0 prev[1]=0.0% 2.=0 prev[2]=100.0% 22=0
Age 99 1.=0 loss[1]=NaNQ% 2.=0 loss[2]=NaNQ% 1.=0 prev[1]=NaNQ% 2.=0 prev[2]=NaNQ%
Age 100 1.=0 loss[1]=NaNQ% 2.=0 loss[2]=NaNQ% 1.=0 prev[1]=NaNQ% 2.=0 prev[2]=NaNQ%
Age 101 1.=0 loss[1]=NaNQ% 2.=0 loss[2]=NaNQ% 1.=0 prev[1]=NaNQ% 2.=0 prev[2]=NaNQ%
1 1.=0 loss[1]=NaNQ% 2.=0 loss[2]=NaNQ% 1.=0 prev[1]=NaNQ% 2.=0 prev[2]=NaNQ%
0 1.=0 loss[1]=NaNQ% 2.=0 loss[2]=NaNQ% 1.=0 prev[1]=NaNQ% 2.=0 prev[2]=NaNQ%
Total 1.=21 loss[1]=0.0% 2.=66 loss[2]=0.0% 1.=21 prev[1]=24.0% 2.=66 prev[2]=76.0% 11=13 12=7 13=1 21=6 22=55 23=5


12   -3.5937366 ln(7/13)=   -0.6777982 
13  -14.1589128 ln(1/13)=   -3.1057218 
21   -0.2292760 ln(6/55)=   -2.1334120 
23  -11.6066480 ln(5/55)=   -2.4394330 

 -1-1=0 -10=0 -11=0 -12=0 -13=0 0-1=0 00=0 01=0 02=0 03=0 1-1=0 10=0 11=13 12=7 13=1 2-1=0 20=0 21=6 22=55 23=5 3-1=0 30=0 31=0 32=0 33=0
Powell

Powell iter=1 Big Iter=1 -2*LL=2936.594493465880 gain=0 0 sec. 0 sec.
#model=  1      +     age 
12   -3.5937366    0.0344670 
13  -14.1589128    0.1383732 
21   -0.2292760   -0.0376527 
23  -11.6066480    0.1121008 
1........2...............345........6..............7.......8................. p(3)=-45.554824 flat=1  p(4)=-1.479661 flat=1 .........2 flat directions :3 4 
Gaining to use new average direction of P0 P8 instead of biggest increase direction 7 :

Powell iter=2 Big Iter=2 -2*LL=2383.207809011798 gain=553 0 sec. 0 sec.
#model=  1      +     age 
12   -4.3501930    0.0344571 
13  -55.8317511   -2.0092972 
21   -1.2974899   -0.0369527 
23  -13.5000894    0.1120075 

Considering the time needed for this last iteration #2: 0 seconds,
   - if your program needs 1 BIG iterations  (2 iterations) to converge, convergence will be 
   reached in 0 day(s) 0 hour(s) 0 minute(s) 0 second(s) i.e.
   on Tue May 28 07:52:56 2024 (current time is Tue May 28 07:52:56 2024);
   - if your program needs 11 BIG iterations  (22 iterations) to converge, convergence will be 
   reached in 0 day(s) 0 hour(s) 0 minute(s) 0 second(s) i.e.
   on Tue May 28 07:52:56 2024 (current time is Tue May 28 07:52:56 2024);
   - if your program needs 21 BIG iterations  (42 iterations) to converge, convergence will be 
   reached in 0 day(s) 0 hour(s) 0 minute(s) 0 second(s) i.e.
   on Tue May 28 07:52:56 2024 (current time is Tue May 28 07:52:56 2024);
   - if your program needs 31 BIG iterations  (62 iterations) to converge, convergence will be 
   reached in 0 day(s) 0 hour(s) 0 minute(s) 0 second(s) i.e.
   on Tue May 28 07:52:56 2024 (current time is Tue May 28 07:52:56 2024);
1........2.............34...............5.........6...............7..................8.............. p(3)=-55.400806 flat=1 
Powell iter=3 Big Iter=2 -2*LL=2305.879566796672 gain=77.3 0 sec. 0 sec.
#model=  1      +     age 
12   -4.9295248    0.0344964 
13  -55.4008060    0.4972141 
21   -1.5816926   -0.0369150 
23  -13.5259449    0.1175653 

Considering the time needed for this last iteration #3: 0 seconds,
   - if your program needs 1 BIG iterations  (2 iterations) to converge, convergence will be 
   reached in 0 day(s) 0 hour(s) 0 minute(s) 0 second(s) i.e.
   on Tue May 28 07:52:56 2024 (current time is Tue May 28 07:52:56 2024);
   - if your program needs 11 BIG iterations  (22 iterations) to converge, convergence will be 
   reached in 0 day(s) 0 hour(s) 0 minute(s) 0 second(s) i.e.
   on Tue May 28 07:52:56 2024 (current time is Tue May 28 07:52:56 2024);
   - if your program needs 21 BIG iterations  (42 iterations) to converge, convergence will be 
   reached in 0 day(s) 0 hour(s) 0 minute(s) 0 second(s) i.e.
   on Tue May 28 07:52:56 2024 (current time is Tue May 28 07:52:56 2024);
   - if your program needs 31 BIG iterations  (62 iterations) to converge, convergence will be 
   reached in 0 day(s) 0 hour(s) 0 minute(s) 0 second(s) i.e.
   on Tue May 28 07:52:56 2024 (current time is Tue May 28 07:52:56 2024);
1.........2...............3..........4.......................5.........6...............7..................8......................Gaining to use new average direction of P0 P8 instead of biggest increase direction 1 :

Powell iter=4 Big Iter=3 -2*LL=2304.782751921313 gain=1.1 1 sec. 1 sec.
#model=  1      +     age 
12   -5.0197495    0.0345236 
13  -53.8073383    0.4990573 
21   -1.5938565   -0.0368827 
23  -13.5239477    0.1179365 
1..............2................3.........4........................5.........6...............7..................8......
Powell iter=5 Big Iter=3 -2*LL=2304.777324616858 gain=0.00543 0 sec. 1 sec.
#model=  1      +     age 
12   -5.0212025    0.0345266 
13  -54.6822372    0.4982828 
21   -1.5972951   -0.0368507 
23  -13.5241102    0.1179030 
1.............2...............3.........4........................5.........6...............7.................8..............Gaining to use new average direction of P0 P8 instead of biggest increase direction 1 :

Powell iter=6 Big Iter=4 -2*LL=2304.048884488283 gain=0.728 0 sec. 1 sec.
#model=  1      +     age 
12   -5.0271792    0.0348605 
13 -121.7794418    1.0671507 
21   -1.8022809   -0.0334085 
23  -12.9618920    0.1115420 
1......2..............3.............4..........................5.........6...............7.................8........directest= 0.750058891798 (if directest<0 or t<0 we include P0 Pn as new direction), t= -0.034663808114, f1= 2304.048884488283,f2= 2303.878211918696,f3= 2304.673832825011, del= 0.108117292052
f1-2f2+f3= 0.966293475902, f1-f2-del= 0.062555277535, f1-f3= -0.624948336728

Powell iter=7 Big Iter=4 -2*LL=2303.878211918696 gain=0.171 1 sec. 2 sec.
#model=  1      +     age 
12   -5.0297735    0.0348552 
13 -122.4282885    1.1725613 
21   -1.8570615   -0.0328063 
23  -12.8576556    0.1099692 
1......2...............3..........4.....................5..........6................7.................8...........directest= 0.246935296173 (if directest<0 or t<0 we include P0 Pn as new direction), t= -0.000199455825, f1= 2303.878211918696,f2= 2303.849804777787,f3= 2304.086595919794, del= 0.009131493372
f1-2f2+f3= 0.265198282916, f1-f2-del= 0.019275647537, f1-f3= -0.208384001098

Powell iter=8 Big Iter=5 -2*LL=2303.849804777787 gain=0.0284 0 sec. 2 sec.
#model=  1      +     age 
12   -5.0380377    0.0348796 
13 -121.6835932    1.1880953 
21   -1.8654943   -0.0327606 
23  -12.8422420    0.1097135 
1......2...............3..........4.......................5.........6...............7..................8.....................Gaining to use new average direction of P0 P8 instead of biggest increase direction 1 :

Powell iter=9 Big Iter=5 -2*LL=2303.831808823788 gain=0.018 0 sec. 2 sec.
#model=  1      +     age 
12   -5.0569069    0.0350123 
13 -125.1426004    1.2297788 
21   -1.8742303   -0.0326881 
23  -12.8008749    0.1091996 
1.............2...............3..........4........................5.........6...............7..................8.........
Powell iter=10 Big Iter=6 -2*LL=2303.821024995235 gain=0.0108 1 sec. 3 sec.
#model=  1      +     age 
12   -5.0634384    0.0351371 
13 -127.1993446    1.2508366 
21   -1.8745258   -0.0326753 
23  -12.7799599    0.1089433 
1.............2...............3..........4....................5.........6...............7...................8..............Gaining to use new average direction of P0 P8 instead of biggest increase direction 5 :

Powell iter=11 Big Iter=6 -2*LL=2303.792627145128 gain=0.0284 0 sec. 3 sec.
#model=  1      +     age 
12   -5.1012754    0.0357727 
13 -139.0866133    1.3672791 
21   -1.8696958   -0.0327143 
23  -12.6641740    0.1075516 
1..............2...............3...........4......................5........6...........................7..................8.......
Powell iter=12 Big Iter=7 -2*LL=2303.782627985725 gain=0.01 0 sec. 3 sec.
#model=  1      +     age 
12   -5.1060158    0.0358503 
13 -138.4624421    1.3597810 
21   -1.8581579   -0.0328860 
23  -12.6713761    0.1076380 
1..............2...............3...........4......................5........6...................7..................8.............Gaining to use new average direction of P0 P8 instead of biggest increase direction 1 :

Powell iter=13 Big Iter=7 -2*LL=2303.740071833718 gain=0.0426 1 sec. 4 sec.
#model=  1      +     age 
12   -5.1556993    0.0365630 
13 -133.8094158    1.3093886 
21   -1.7581054   -0.0343957 
23  -12.7192472    0.1082155 
1.........2................3............4.......................5..........6..............7....................8...........directest= 0.033433365665 (if directest<0 or t<0 we include P0 Pn as new direction), t= -0.000000116983, f1= 2303.740071833718,f2= 2303.739814687884,f3= 2303.773206737089, del= 0.000107914687
f1-2f2+f3= 0.033649195039, f1-f2-del= 0.000149231147, f1-f3= -0.033134903372

Powell iter=14 Big Iter=8 -2*LL=2303.739814687884 gain=0.000257 0 sec. 4 sec.
#model=  1      +     age 
12   -5.1543986    0.0365447 
13 -133.6863561    1.3052219 
21   -1.7569988   -0.0344152 
23  -12.7231190    0.1082614 
1........2...............3............4.......................5........6..............7....................8.................Gaining to use new average direction of P0 P8 instead of biggest increase direction 2 :

Powell iter=15 Big Iter=8 -2*LL=2303.737729387195 gain=0.00209 0 sec. 4 sec.
#model=  1      +     age 
12   -5.1493461    0.0364988 
13 -135.5913430    1.3260272 
21   -1.7454196   -0.0345827 
23  -12.6936603    0.1079032 
1.......2...........3...........4....................5........6...............7..................8.......
Powell iter=16 Big Iter=9 -2*LL=2303.735479844224 gain=0.00225 0 sec. 4 sec.
#model=  1      +     age 
12   -5.1401180    0.0363516 
13 -134.7228796    1.3196629 
21   -1.7394346   -0.0346767 
23  -12.6939997    0.1079059 
1........2........................3...........4.......................5........6................7..................8.............Gaining to use new average direction of P0 P8 instead of biggest increase direction 1 :

Powell iter=17 Big Iter=9 -2*LL=2303.731640815558 gain=0.00384 1 sec. 5 sec.
#model=  1      +     age 
12   -5.1068010    0.0358215 
13 -132.0089669    1.2974291 
21   -1.7182047   -0.0350101 
23  -12.6945649    0.1079086 
1.........2.........3...........4........................5.............6...................7.....................8.........directest= 0.002567305061 (if directest<0 or t<0 we include P0 Pn as new direction), t= -0.000000001261, f1= 2303.731640815558,f2= 2303.731373981694,f3= 2303.734098122902, del= 0.000211835005
f1-2f2+f3= 0.002990975072, f1-f2-del= 0.000054998859, f1-f3= -0.002457307343

Powell iter=18 Big Iter=10 -2*LL=2303.731373981694 gain=0.000267 0 sec. 5 sec.
#model=  1      +     age 
12   -5.1040141    0.0357737 
13 -131.7349753    1.2935432 
21   -1.7157568   -0.0350490 
23  -12.6965211    0.1079325 
1........2..................3...........4.......................5..........6..............................7.........................8...........
Powell iter=19 Big Iter=10 -2*LL=2303.731356501555 gain=1.75e-005 0 sec. 5 sec.
#model=  1      +     age 
12   -5.1033940    0.0357658 
13 -131.8494807    1.2945523 
21   -1.7144283   -0.0350687 
23  -12.6945727    0.1079088 
1....................2...........3..........4.........................5.................6..................7....................8.............
Powell iter=20 Big Iter=11 -2*LL=2303.731355820491 gain=6.81e-007 1 sec. 6 sec.
#model=  1      +     age 
12   -5.1033215    0.0357650 
13 -131.8666571    1.2947083 
21   -1.7141912   -0.0350722 
23  -12.6942154    0.1079045 
1.............2.................3.................4.......................5................6................7........................8.....................Gaining to use new average direction of P0 P8 instead of biggest increase direction 4 :

Powell iter=21 Big Iter=11 -2*LL=2303.731347437853 gain=8.38e-006 0 sec. 6 sec.
#model=  1      +     age 
12   -5.1030248    0.0357614 
13 -131.7942856    1.2938812 
21   -1.7131205   -0.0350882 
23  -12.6925495    0.1078843 
1.........2..........3.............4............5..........6.....................7......................8................Gaining to use new average direction of P0 P8 instead of biggest increase direction 8 :

Powell iter=22 Big Iter=12 -2*LL=2303.731323547643 gain=2.39e-005 0 sec. 6 sec.
#model=  1      +     age 
12   -5.1029476    0.0357615 
13 -131.4361497    1.2902025 
21   -1.7121490   -0.0351025 
23  -12.6907652    0.1078627 
1........2.........3...........4...................5...........6...................7.......................8............Gaining to use new average direction of P0 P8 instead of biggest increase direction 8 :

Powell iter=23 Big Iter=12 -2*LL=2303.731172083669 gain=0.000151 1 sec. 7 sec.
#model=  1      +     age 
12   -5.1030327    0.0357666 
13 -128.3166801    1.2583816 
21   -1.7094391   -0.0351421 
23  -12.6849470    0.1077922 
1........2.......3............4..........5..........6.................7.....................8...............Gaining to use new average direction of P0 P8 instead of biggest increase direction 1 :

Powell iter=24 Big Iter=13 -2*LL=2303.730634295181 gain=0.000538 0 sec. 7 sec.
#model=  1      +     age 
12   -5.1042391    0.0357877 
13 -116.8016526    1.1412830 
21   -1.7085860   -0.0351534 
23  -12.6795870    0.1077275 
1......2.........3............4...........5................6.........................7....................8...............Gaining to use new average direction of P0 P8 instead of biggest increase direction 1 :

Powell iter=25 Big Iter=13 -2*LL=2303.730292260128 gain=0.000342 0 sec. 7 sec.
#model=  1      +     age 
12   -5.1041972    0.0357873 
13 -108.4210810    1.0565302 
21   -1.7115975   -0.0351076 
23  -12.6797409    0.1077292 
1........2...............3...........4..........5..............6.........................7.....................8..............Gaining to use new average direction of P0 P8 instead of biggest increase direction 1 :

Powell iter=26 Big Iter=14 -2*LL=2303.730186738486 gain=0.000106 0 sec. 7 sec.
#model=  1      +     age 
12   -5.1036305    0.0357782 
13 -104.4459917    1.0162813 
21   -1.7135643   -0.0350780 
23  -12.6808771    0.1077429 
1........2.........3............4.....................5................6..................7.......................8..................Gaining to use new average direction of P0 P8 instead of biggest increase direction 8 :

Powell iter=27 Big Iter=14 -2*LL=2303.730119551557 gain=6.72e-005 1 sec. 8 sec.
#model=  1      +     age 
12   -5.1036818    0.0357776 
13 -100.4812004    0.9757869 
21   -1.7144259   -0.0350654 
23  -12.6827164    0.1077652 
1.......2..........3...................4...............5................6.................7....................8.....................Gaining to use new average direction of P0 P8 instead of biggest increase direction 1 :

Powell iter=28 Big Iter=15 -2*LL=2303.729992296400 gain=0.000127 0 sec. 8 sec.
#model=  1      +     age 
12   -5.1045677    0.0357860 
13  -99.0528022    0.9608608 
21   -1.7158008   -0.0350461 
23  -12.6894861    0.1078475 
1.......2................3..............4............5................6..................7.....................8................
Powell iter=29 Big Iter=15 -2*LL=2303.729967645497 gain=2.47e-005 1 sec. 9 sec.
#model=  1      +     age 
12   -5.1051599    0.0357943 
13 -101.0298214    0.9809814 
21   -1.7158472   -0.0350455 
23  -12.6905432    0.1078603 
1.........2.....................3...........4...............5...............6..................7..........................8....................Gaining to use new average direction of P0 P8 instead of biggest increase direction 1 :

Powell iter=30 Big Iter=16 -2*LL=2303.729957489306 gain=1.02e-005 0 sec. 9 sec.
#model=  1      +     age 
12   -5.1052800    0.0357958 
13 -103.1424900    1.0025739 
21   -1.7163754   -0.0350377 
23  -12.6917090    0.1078744 
1..................2.................3...........4................5...........................6.................7...................8...............directest= 0.000003360307 (if directest<0 or t<0 we include P0 Pn as new direction), t= -0.000000000000, f1= 2303.729957489306,f2= 2303.729957452586,f3= 2303.729960813475, del= 0.000000018651
f1-2f2+f3= 0.000003397610, f1-f2-del= 0.000000018069, f1-f3= -0.000003324169

Powell iter=31 Big Iter=16 -2*LL=2303.729957452586 gain=3.67e-008 0 sec. 9 sec.
#model=  1      +     age 
12   -5.1052246    0.0357948 
13 -103.1570412    1.0027181 
21   -1.7163387   -0.0350383 
23  -12.6917489    0.1078749 
1................2...................3.....................4.......................5................6...................7.......................8...........................Gaining to use new average direction of P0 P8 instead of biggest increase direction 3 :

Powell iter=32 Big Iter=17 -2*LL=2303.729957444899 gain=7.69e-009 1 sec. 10 sec.
#model=  1      +     age 
12   -5.1052100    0.0357946 
13 -103.1947915    1.0030976 
21   -1.7163133   -0.0350387 
23  -12.6917343    0.1078747 
1........................2..............................3...................................4.......................5........................6.................7....................8...............................directest= 0.000000001168 (if directest<0 or t<0 we include P0 Pn as new direction), t= -0.000000000000, f1= 2303.729957444899,f2= 2303.729957444845,f3= 2303.729957446031, del= 0.000000000036
f1-2f2+f3= 0.000000001241, f1-f2-del= 0.000000000018, f1-f3= -0.000000001132

Powell iter=33 Big Iter=17 -2*LL=2303.729957444845 gain=5.46e-011 0 sec. 10 sec.
#model=  1      +     age 
12   -5.1052113    0.0357946 
13 -103.1971858    1.0031219 
21   -1.7163134   -0.0350387 
23  -12.6917306    0.1078747 
1..................................2.....................................3.............................4..............................5.............................6.................7...................8........................directest= 0.000000000003 (if directest<0 or t<0 we include P0 Pn as new direction), t= -0.000000000000, f1= 2303.729957444845,f2= 2303.729957444844,f3= 2303.729957444848, del= 0.000000000000
f1-2f2+f3= 0.000000000004, f1-f2-del= 0.000000000000, f1-f3= -0.000000000003

Powell iter=34 Big Iter=18 -2*LL=2303.729957444844 gain=4.55e-013 1 sec. 11 sec.
#model=  1      +     age 
12   -5.1052115    0.0357946 
13 -103.1966611    1.0031166 
21   -1.7163138   -0.0350387 
23  -12.6917308    0.1078747 
1....................2.............................3..................................4................................5...............................6..................7....................8.........................................directest= 0.000000000006 (if directest<0 or t<0 we include P0 Pn as new direction), t= -0.000000000000, f1= 2303.729957444844,f2= 2303.729957444842,f3= 2303.729957444848, del= 0.000000000001
f1-2f2+f3= 0.000000000009, f1-f2-del= 0.000000000001, f1-f3= -0.000000000004

Powell iter=35 Big Iter=18 -2*LL=2303.729957444842 gain=2.27e-012 0 sec. 11 sec.
#model=  1      +     age 
12   -5.1052114    0.0357946 
13 -103.1971166    1.0031213 
21   -1.7163136   -0.0350387 
23  -12.6917301    0.1078746 
1...................................2.............................3..........................4................................5...........................6.................7....................8...........................................directest= 0.000000000005 (if directest<0 or t<0 we include P0 Pn as new direction), t= -0.000000000000, f1= 2303.729957444842,f2= 2303.729957444841,f3= 2303.729957444848, del= 0.000000000001
f1-2f2+f3= 0.000000000007, f1-f2-del= 0.000000000000, f1-f3= -0.000000000005

Powell iter=36 Big Iter=19 -2*LL=2303.729957444841 gain=9.09e-013 1 sec. 12 sec.
#model=  1      +     age 
12   -5.1052114    0.0357946 
13 -103.1969752    1.0031199 
21   -1.7163135   -0.0350387 
23  -12.6917301    0.1078746 
1................................2..........................3.....................................4.............................5.....................6..................7....................8............................................
#Number of iterations & function calls = 36 & 5808, -2 Log likelihood = 2303.729957444841
# Parameters nlstate*nlstate*ncov a12*1 + b12 * age + ...
#model=  1      +     age 
12   -5.1052114    0.0357946 
13 -103.1969752    1.0031199 
21   -1.7163135   -0.0350387 
23  -12.6917301    0.1078746 

Calculation of the hessian matrix. Wait...
1-2-3-4-5-6-7-8-.1-2.1-3.1-4.1-5.1-6.1-7.1-8.2-3.2-4.2-5.2-6.2-7.2-8.3-4.3-5.3-6.3-7.3-8.4-5.4-6.4-7.4-8.5-6.5-7.5-8.6-7.6-8.7-8

Inverting the hessian to get the covariance matrix. Wait...

#Hessian matrix#
1.309200e+002 8.696559e+003 1.436826e-001 1.413872e+001 -3.542793e+001 -2.365588e+003 5.974516e-001 4.934276e+001 
8.696559e+003 5.915944e+005 1.401348e+001 1.379039e+003 -2.371159e+003 -1.618474e+005 4.759333e+001 3.995290e+003 
1.436826e-001 1.401348e+001 9.410018e-003 9.286981e-001 -1.670458e-003 -1.510506e-001 7.327309e-002 7.215808e+000 
1.413872e+001 1.379039e+003 9.286981e-001 9.210444e+001 -1.503622e-001 -1.349519e+001 7.206279e+000 7.097271e+002 
-3.542793e+001 -2.371159e+003 -1.670458e-003 -1.503622e-001 1.195879e+002 7.759456e+003 -1.981612e+000 -1.562749e+002 
-2.365588e+003 -1.618474e+005 -1.510506e-001 -1.349519e+001 7.759456e+003 5.139369e+005 -1.545659e+002 -1.241075e+004 
5.974516e-001 4.759333e+001 7.327309e-002 7.206279e+000 -1.981612e+000 -1.545659e+002 9.926480e+001 8.079715e+003 
4.934276e+001 3.995290e+003 7.215808e+000 7.097271e+002 -1.562749e+002 -1.241075e+004 8.079715e+003 6.677425e+005 
Parameters, Wald tests and Wald-based confidence intervals
 W is simply the result of the division of the parameter by the square root of covariance of the parameter.
 And Wald-based confidence intervals plus and minus 1.96 * W 
  It might be better to visualize the covariance matrix. See the page 'Matrix of variance-covariance of one-step probabilities' and its graphs.
12   -5.1052114(   0.6478675) W=  -7.880 CI=[  -6.3750317 ;   -3.8353911]    0.0357946(   0.0097755) W=   3.662 CI=[   0.0166347 ;    0.0549545] 
13 -103.1969752( 147.8800730) W=  -0.698 CI=[-393.0419183 ;  186.6479679]    1.0031199(   1.4928071) W=   0.672 CI=[  -1.9227820 ;    3.9290218] 
21   -1.7163135(   0.6761898) W=  -2.538 CI=[  -3.0416455 ;   -0.3909816]   -0.0350387(   0.0103605) W=  -3.382 CI=[  -0.0553452 ;   -0.0147322] 
23  -12.6917301(   0.8236684) W= -15.409 CI=[ -14.3061202 ;  -11.0773399]    0.1078746(   0.0100587) W=  10.724 CI=[   0.0881595 ;    0.1275897] 
# Scales (for hessian or gradient estimation)
12 1.00000e-004 1.00000e-005
13 1.00000e-002 1.00000e-003
21 1.00000e-004 1.00000e-005
23 1.00000e-003 1.00000e-005
# Covariance matrix 
# 121 Var(a12)
# 122 Cov(b12,a12) Var(b12)
#   ...
# 232 Cov(b23,a12)  Cov(b23,b12) ... Var (b23)
#121 Var(a12)
#122 Cov(b12,a12) Var(b12)
#131 Cov(a13,a12) Cov(a13,b12) Var(a13)
#132 Cov(b13,a12) Cov(b13,b12) Cov(b13,a13) Var(b13)
#211 Cov(a21,a12) Cov(a21,b12) Cov(a21,a13) Cov(a21,b13) Var(a21)
#212 Cov(b21,a12) Cov(b21,b12) Cov(b21,a13) Cov(b21,b13) Cov(b21,a21) Var(b21)
#231 Cov(a23,a12) Cov(a23,b12) Cov(a23,a13) Cov(a23,b13) Cov(a23,a21) Cov(a23,b21) Var(a23)
#232 Cov(b23,a12) Cov(b23,b12) Cov(b23,a13) Cov(b23,b13) Cov(b23,a21) Cov(b23,b21) Cov(b23,a23) Var(b23)
121 4.1973230e-001
122 -6.26882e-003 9.5559713e-005
131 4.45364e+000 -7.09058e-002 2.1868516e+004
132 -1.49078e-002 2.37444e-004 -2.20077e+002 2.2284730e+000
211 1.36723e-001 -2.09941e-003 9.78239e-001 7.91517e-004 4.5723262e-001
212 -2.10608e-003 3.29302e-005 -1.59916e-002 -1.17984e-005 -6.93545e-003 1.0733924e-004
231 2.68017e-002 -4.25933e-004 1.95921e+000 -7.22020e-003 1.61180e-002 -2.48264e-004 6.7842968e-001
232 -3.57238e-004 5.67985e-006 -2.60819e-002 9.66398e-005 -2.25878e-004 3.51984e-006 -8.22280e-003 1.0117796e-004
# agemin agemax for life expectancy, bage fage (if mle==0 ie no data nor Max likelihood).
# Observed prevalence period
begin-prev-date=1/1/2013 end-prev-date=1/9/2018 mov_average=0
# Health expectancies computed from stable (period) prevalence (pop_based=0) or population based (1)
pop_based=0
# Prevalence forecasting and backcasting is skept here
##prevforecast=0  starting-proj-date=1/1/1989 final-proj-date=1/1/1990 mobil_average=0
#prevforecast=1 yearsfproj=10 mobil_average=0
#prevbackcast=1 yearsbproj=10 mobil_average=1
End of resultlines.

Computing forward period (stable) prevalence: result on file 'PL_DKFchr.txt' 
Computing pij: result on file 'PIJ_DKFchr.txt' 
Computing standard deviation of one-step probabilities: result on file 'PROB_rDKFchr.txt' 
Computing matrix of variance covariance of one-step probabilities: result on file 'PROBCOV_DKFchr.txt' 
and correlation matrix of one-step probabilities: result on file 'PROBCOR_DKFchr.txt' 
Prevalence combination of varying and fixed dummies 1
Warning Observed prevalence doesn't sum to 1 for state 2: probs[50][2][1]=0.000000 because of lack of cases.
Warning Observed prevalence doesn't sum to 1 for state 1: probs[99][1][1]=0.000000 because of lack of cases.
Warning Observed prevalence doesn't sum to 1 for state 2: probs[99][2][1]=0.000000 because of lack of cases.
Warning Observed prevalence doesn't sum to 1 for state 1: probs[100][1][1]=0.000000 because of lack of cases.
Warning Observed prevalence doesn't sum to 1 for state 2: probs[100][2][1]=0.000000 because of lack of cases.
Computing Health Expectancies: result on file 'E_DKFchr.txt' ...done evsij
Computing Total Life expectancies with their standard errors: file 'T_DKFchr.txt' ...
  Computing State-specific Expectancies and standard errors: result on file 'STDE_DKFchr.txt' 
    Computing Covar. of State-specific Expectancies: result on file 'CVE_DKFchr.txt' 
      Computing Variance-covariance of State-specific Expectancies: file 'V_DKFchr.txt' ... done State-specific expectancies
Computing Variance-covariance of forward period (stable) prevalence: file 'VPL_DKFchr.txt' ...done variance-covariance of forward period prevalence
End of Imach with 0 errors and/or warnings 1. Please look at the log file for details.
Local time at start Tue May 28 07:52:56 2024

Local time at end   Tue May 28 07:53:10 2024

Total time used 0 day(s) 0 hour(s) 0 minute(s) 14 second(s)
Total time was 14 Sec.
