Log filename:DKM.log
Version 0.99r45 $Revision: 1.353 $ $Date: 2023/05/08 18:48:22 $
Enter the parameter file name: 
pathimach=C:\PROGRA~1\IMACH-~2.99R\bin\
pathtot=C:\Users\mmusz\Dropbox\gender_paradox\data\IMACH\DKM.txt
 path=C:\Users\mmusz\Dropbox\gender_paradox\data\IMACH\ 
 optionfile=DKM.txt
 optionfilext=txt
 optionfilefiname='DKM'
Compiled with: Microsoft Visual Studio for Windows (x64 and x86)  64-bit
The programm is not running under WOW64 (i.e probably on a 64bit Windows).
Local time (at start): Sat May 25 22:26:15 2024
title=adl datafile=dataDKM.txt lastobs=15000 firstpass=1 lastpass=2
ftol=1.000000e-018 stepm=3 ncovcol=0 nqv=0 ntv=0 nqtv=0 nlstate=2 ndeath=1 maxwav=2 mle=1 weight=1
model=1+age+
# Parameters nlstate*nlstate*ncov a12*1 + b12 * age + ...
12 0.000000 0.000000
13 0.000000 0.000000
21 0.000000 0.000000
23 0.000000 0.000000
# Scales (for hessian or gradient estimation)
12 0.000000e+000 0.000000e+000
13 0.000000e+000 0.000000e+000
21 0.000000e+000 0.000000e+000
23 0.000000e+000 0.000000e+000
# Covariance matrix
121 0.00000e+000
122 0.00000e+000 0.00000e+000
131 0.00000e+000 0.00000e+000 0.00000e+000
132 0.00000e+000 0.00000e+000 0.00000e+000 0.00000e+000
211 0.00000e+000 0.00000e+000 0.00000e+000 0.00000e+000 0.00000e+000
212 0.00000e+000 0.00000e+000 0.00000e+000 0.00000e+000 0.00000e+000 0.00000e+000
231 0.00000e+000 0.00000e+000 0.00000e+000 0.00000e+000 0.00000e+000 0.00000e+000 0.00000e+000
232 0.00000e+000 0.00000e+000 0.00000e+000 0.00000e+000 0.00000e+000 0.00000e+000 0.00000e+000 0.00000e+000

Model=1+age+
Typevar: 0 for simple covariate (dummy, quantitative, fixed or varying), 1 for age product, 2 for  product, 3 for double product with age  
Fixed[k] 0=fixed (product or simple), 1 varying, 2 fixed with age product, 3 varying with age product 
Dummy[k] 0=dummy (0 1), 1 quantitative (single or product without age), 2 dummy with age product, 3 quant with age product
ncoveff=0, nqfveff=0, ntveff=0, nqtveff=0, cptcovn=0
ncovf=0, ncovv=0, ncova=0, nsd=0, nsq=0
Warning: The value of parameter lastobs=15000 is big compared to the 
  effective number of cases imx=1432, please adjust, 
  otherwise you are allocating more memory than necessary.
Total number of individuals= 1432, Agemin = 51.08, Agemax= 100.75

Information, you have to check 0 informations which haven't been logged!
Delay (in months) between two waves Min=1 (for indiviudal 546) Max=32 (1333) Mean=23.629371

 Age 51 1.=3 loss[1]=0.0% 2.=0 loss[2]=0.0% 1.=3 prev[1]=92.9% 2.=0 prev[2]=7.1% 11=3 12=0 13=0 21=0 22=0
Age 52 1.=4 loss[1]=0.0% 2.=0 loss[2]=0.0% 1.=4 prev[1]=94.6% 2.=0 prev[2]=5.4% 11=4 21=0 22=0
Age 53 1.=2 loss[1]=0.0% 2.=0 loss[2]=0.0% 1.=2 prev[1]=91.3% 2.=0 prev[2]=8.7% 11=2 12=0 21=0 23=0
Age 54 1.=3 loss[1]=0.0% 2.=0 loss[2]=0.0% 1.=3 prev[1]=92.6% 2.=0 prev[2]=7.4% 11=3 21=0 22=0
Age 55 1.=3 loss[1]=0.0% 2.=0 loss[2]=NaNQ% 1.=3 prev[1]=100.0% 2.=0 prev[2]=0.0% 11=3 12=0
Age 56 1.=3 loss[1]=0.0% 2.=0 loss[2]=0.0% 1.=3 prev[1]=94.4% 2.=0 prev[2]=5.6% 11=3 12=0 21=0 22=0
Age 57 1.=3 loss[1]=0.0% 2.=0 loss[2]=0.0% 1.=3 prev[1]=87.7% 2.=0 prev[2]=12.3% 11=3 12=0 21=0 22=0 23=0
Age 58 1.=3 loss[1]=0.0% 2.=0 loss[2]=0.0% 1.=3 prev[1]=93.5% 2.=0 prev[2]=6.5% 11=3 12=0 21=0 22=0
Age 59 1.=3 loss[1]=0.0% 2.=0 loss[2]=0.0% 1.=3 prev[1]=98.2% 2.=0 prev[2]=1.8% 11=3 12=0 13=0 21=0
Age 60 1.=3 loss[1]=0.0% 2.=0 loss[2]=0.0% 1.=3 prev[1]=95.5% 2.=0 prev[2]=4.5% 11=3 12=0 13=0 21=0 22=0
Age 61 1.=2 loss[1]=0.0% 2.=0 loss[2]=0.0% 1.=2 prev[1]=89.8% 2.=0 prev[2]=10.2% 11=2 13=0 21=0 22=0 23=0
Age 62 1.=3 loss[1]=0.0% 2.=0 loss[2]=0.0% 1.=3 prev[1]=95.0% 2.=0 prev[2]=5.0% 11=3 13=0 21=0 22=0
Age 63 1.=2 loss[1]=0.0% 2.=0 loss[2]=0.0% 1.=2 prev[1]=83.2% 2.=0 prev[2]=16.8% 11=2 12=0 21=0 22=0
Age 64 1.=2 loss[1]=0.0% 2.=0 loss[2]=NaNQ% 1.=2 prev[1]=100.0% 2.=0 prev[2]=0.0% 11=2 12=0
Age 65 1.=3 loss[1]=0.0% 2.=0 loss[2]=0.0% 1.=3 prev[1]=96.3% 2.=0 prev[2]=3.7% 11=3 12=0 13=0 22=0 23=0
Age 66 1.=2 loss[1]=0.0% 2.=0 loss[2]=0.0% 1.=2 prev[1]=93.4% 2.=0 prev[2]=6.6% 11=2 12=0 13=0 21=0 22=0
Age 67 1.=3 loss[1]=0.0% 2.=0 loss[2]=0.0% 1.=3 prev[1]=89.0% 2.=0 prev[2]=11.0% 11=3 12=0 13=0 21=0 22=0
Age 68 1.=3 loss[1]=0.0% 2.=0 loss[2]=0.0% 1.=3 prev[1]=90.1% 2.=0 prev[2]=9.9% 11=3 12=0 13=0 21=0 22=0
Age 69 1.=3 loss[1]=0.0% 2.=0 loss[2]=0.0% 1.=3 prev[1]=92.9% 2.=0 prev[2]=7.1% 11=3 12=0 13=0 21=0 22=0
Age 70 1.=2 loss[1]=0.0% 2.=0 loss[2]=0.0% 1.=2 prev[1]=89.5% 2.=0 prev[2]=10.5% 11=2 12=0 13=0 21=0 22=0 23=0
Age 71 1.=2 loss[1]=0.0% 2.=0 loss[2]=0.0% 1.=2 prev[1]=97.0% 2.=0 prev[2]=3.0% 11=2 12=0 13=0 22=0
Age 72 1.=2 loss[1]=0.0% 2.=0 loss[2]=0.0% 1.=2 prev[1]=97.1% 2.=0 prev[2]=2.9% 11=1 12=0 13=0 22=0
Age 73 1.=2 loss[1]=0.0% 2.=0 loss[2]=0.0% 1.=2 prev[1]=90.4% 2.=0 prev[2]=9.6% 11=2 12=0 21=0 22=0 23=0
Age 74 1.=1 loss[1]=0.0% 2.=0 loss[2]=0.0% 1.=1 prev[1]=74.9% 2.=0 prev[2]=25.1% 11=1 12=0 13=0 21=0 22=0 23=0
Age 75 1.=1 loss[1]=0.0% 2.=0 loss[2]=0.0% 1.=1 prev[1]=81.8% 2.=0 prev[2]=18.2% 11=1 13=0 21=0 22=0 23=0
Age 76 1.=2 loss[1]=0.0% 2.=0 loss[2]=0.0% 1.=2 prev[1]=95.7% 2.=0 prev[2]=4.3% 11=1 12=0 13=0 23=0
Age 77 1.=1 loss[1]=0.0% 2.=0 loss[2]=NaNQ% 1.=1 prev[1]=100.0% 2.=0 prev[2]=0.0% 11=1 12=0
Age 78 1.=1 loss[1]=0.0% 2.=0 loss[2]=0.0% 1.=1 prev[1]=81.2% 2.=0 prev[2]=18.8% 11=1 12=0 13=0 21=0 22=0 23=0
Age 79 1.=1 loss[1]=0.0% 2.=0 loss[2]=0.0% 1.=1 prev[1]=89.0% 2.=0 prev[2]=11.0% 11=1 12=0 13=0 22=0 23=0
Age 80 1.=1 loss[1]=0.0% 2.=0 loss[2]=0.0% 1.=1 prev[1]=94.5% 2.=0 prev[2]=5.5% 11=1 22=0
Age 81 1.=1 loss[1]=0.0% 2.=0 loss[2]=0.0% 1.=1 prev[1]=58.1% 2.=0 prev[2]=41.9% 11=1 21=0 22=0 23=0
Age 82 1.=1 loss[1]=0.0% 2.=0 loss[2]=0.0% 1.=1 prev[1]=79.5% 2.=0 prev[2]=20.5% 11=1 13=0 22=0 23=0
Age 83 1.=1 loss[1]=0.0% 2.=0 loss[2]=0.0% 1.=1 prev[1]=76.1% 2.=0 prev[2]=23.9% 11=1 13=0 22=0 23=0
Age 84 1.=0 loss[1]=0.0% 2.=0 loss[2]=0.0% 1.=0 prev[1]=58.3% 2.=0 prev[2]=41.7% 11=0 12=0 13=0 21=0 22=0 23=0
Age 85 1.=0 loss[1]=0.0% 2.=0 loss[2]=0.0% 1.=0 prev[1]=88.9% 2.=0 prev[2]=11.1% 11=0 13=0 21=0
Age 86 1.=0 loss[1]=0.0% 2.=0 loss[2]=0.0% 1.=0 prev[1]=65.2% 2.=0 prev[2]=34.8% 11=0 12=0 13=0 22=0 23=0
Age 87 1.=0 loss[1]=0.0% 2.=0 loss[2]=0.0% 1.=0 prev[1]=55.4% 2.=0 prev[2]=44.6% 11=0 12=0 13=0 23=0
Age 88 1.=0 loss[1]=0.0% 2.=0 loss[2]=NaNQ% 1.=0 prev[1]=100.0% 2.=0 prev[2]=0.0% 11=0 12=0
Age 89 1.=0 loss[1]=0.0% 2.=0 loss[2]=0.0% 1.=0 prev[1]=57.8% 2.=0 prev[2]=42.2% 11=0 12=0 13=0 23=0
Age 90 1.=0 loss[1]=0.0% 2.=0 loss[2]=0.0% 1.=0 prev[1]=72.7% 2.=0 prev[2]=27.3% 13=0 23=0
Age 91 1.=0 loss[1]=NaNQ% 2.=0 loss[2]=0.0% 1.=0 prev[1]=0.0% 2.=0 prev[2]=100.0% 23=0
Age 92 1.=0 loss[1]=NaNQ% 2.=0 loss[2]=0.0% 1.=0 prev[1]=0.0% 2.=0 prev[2]=100.0% 23=0
Age 93 1.=0 loss[1]=0.0% 2.=0 loss[2]=NaNQ% 1.=0 prev[1]=100.0% 2.=0 prev[2]=0.0% 12=0 13=0
Age 94 1.=0 loss[1]=0.0% 2.=0 loss[2]=0.0% 1.=0 prev[1]=56.9% 2.=0 prev[2]=43.1% 11=0 13=0 23=0
Age 95 1.=0 loss[1]=NaNQ% 2.=0 loss[2]=NaNQ% 1.=0 prev[1]=NaNQ% 2.=0 prev[2]=NaNQ%
Age 96 1.=0 loss[1]=0.0% 2.=0 loss[2]=NaNQ% 1.=0 prev[1]=100.0% 2.=0 prev[2]=0.0% 11=0
Age 97 1.=0 loss[1]=NaNQ% 2.=0 loss[2]=NaNQ% 1.=0 prev[1]=NaNQ% 2.=0 prev[2]=NaNQ%
Age 98 1.=0 loss[1]=0.0% 2.=0 loss[2]=NaNQ% 1.=0 prev[1]=100.0% 2.=0 prev[2]=0.0% 13=0
Age 99 1.=0 loss[1]=NaNQ% 2.=0 loss[2]=NaNQ% 1.=0 prev[1]=NaNQ% 2.=0 prev[2]=NaNQ%
Age 100 1.=0 loss[1]=NaNQ% 2.=0 loss[2]=0.0% 1.=0 prev[1]=0.0% 2.=0 prev[2]=100.0% 23=0
1 1.=0 loss[1]=NaNQ% 2.=0 loss[2]=NaNQ% 1.=0 prev[1]=NaNQ% 2.=0 prev[2]=NaNQ%
0 1.=0 loss[1]=NaNQ% 2.=0 loss[2]=NaNQ% 1.=0 prev[1]=NaNQ% 2.=0 prev[2]=NaNQ%
Total 1.=78 loss[1]=0.0% 2.=8 loss[2]=0.0% 1.=78 prev[1]=90.5% 2.=8 prev[2]=9.5% 11=71 12=4 13=3 21=2 22=3 23=3


12    0.0000000 ln(4/71)=   -2.8900874 
13    0.0000000 ln(3/71)=   -3.1725646 
21    0.0000000 ln(2/3)=   -0.2162763 
23    0.0000000 ln(3/3)=   -0.1056731 

 -1-1=0 -10=0 -11=0 -12=0 -13=0 0-1=0 00=0 01=0 02=0 03=0 1-1=0 10=0 11=71 12=4 13=3 2-1=0 20=0 21=2 22=3 23=3 3-1=0 30=0 31=0 32=0 33=0
Powell

Powell iter=1 Big Iter=1 -2*LL=11106.511107490911 gain=0 0 sec. 0 sec.
#model=  1      +     age 
12    0.0000000    0.0000000 
13    0.0000000    0.0000000 
21    0.0000000    0.0000000 
23    0.0000000    0.0000000 
1......2..................3........4.................5......6..................7........8..............................Gaining to use new average direction of P0 P8 instead of biggest increase direction 5 :

Powell iter=2 Big Iter=2 -2*LL=3199.585619808380 gain=7.91e+003 0 sec. 0 sec.
#model=  1      +     age 
12    6.8587110   -0.0012141 
13   -0.7373168    0.0011683 
21    2.7918331   -0.0011450 
23   -0.9205743    0.0027186 

Considering the time needed for this last iteration #2: 0 seconds,
   - if your program needs 1 BIG iterations  (2 iterations) to converge, convergence will be 
   reached in 0 day(s) 0 hour(s) 0 minute(s) 0 second(s) i.e.
   on Sat May 25 22:26:15 2024 (current time is Sat May 25 22:26:15 2024);
   - if your program needs 11 BIG iterations  (22 iterations) to converge, convergence will be 
   reached in 0 day(s) 0 hour(s) 0 minute(s) 0 second(s) i.e.
   on Sat May 25 22:26:15 2024 (current time is Sat May 25 22:26:15 2024);
   - if your program needs 21 BIG iterations  (42 iterations) to converge, convergence will be 
   reached in 0 day(s) 0 hour(s) 0 minute(s) 0 second(s) i.e.
   on Sat May 25 22:26:15 2024 (current time is Sat May 25 22:26:15 2024);
   - if your program needs 31 BIG iterations  (62 iterations) to converge, convergence will be 
   reached in 0 day(s) 0 hour(s) 0 minute(s) 0 second(s) i.e.
   on Sat May 25 22:26:15 2024 (current time is Sat May 25 22:26:15 2024);
1..........2...................3......4...................5................6...................7..........8.................Gaining to use new average direction of P0 P8 instead of biggest increase direction 1 :

Powell iter=3 Big Iter=2 -2*LL=2389.492040250340 gain=810 1 sec. 1 sec.
#model=  1      +     age 
12   -2.9386854   -0.0056672 
13   -4.4203463    0.0204425 
21    1.6819500   -0.0024258 
23   -1.2400203   -0.0254594 

Considering the time needed for this last iteration #3: 1 seconds,
   - if your program needs 1 BIG iterations  (2 iterations) to converge, convergence will be 
   reached in 0 day(s) 0 hour(s) 0 minute(s) -1 second(s) i.e.
   on Sat May 25 22:26:15 2024 (current time is Sat May 25 22:26:16 2024);
   - if your program needs 11 BIG iterations  (22 iterations) to converge, convergence will be 
   reached in 0 day(s) 0 hour(s) 0 minute(s) 19 second(s) i.e.
   on Sat May 25 22:26:35 2024 (current time is Sat May 25 22:26:16 2024);
   - if your program needs 21 BIG iterations  (42 iterations) to converge, convergence will be 
   reached in 0 day(s) 0 hour(s) 0 minute(s) 39 second(s) i.e.
   on Sat May 25 22:26:55 2024 (current time is Sat May 25 22:26:16 2024);
   - if your program needs 31 BIG iterations  (62 iterations) to converge, convergence will be 
   reached in 0 day(s) 0 hour(s) 0 minute(s) 59 second(s) i.e.
   on Sat May 25 22:27:15 2024 (current time is Sat May 25 22:26:16 2024);
1........2..............3......4..................5.................6................7.........8..........
Powell iter=4 Big Iter=3 -2*LL=1844.519371728787 gain=545 0 sec. 1 sec.
#model=  1      +     age 
12   -1.7343688   -0.0094859 
13   -6.1858265    0.0243403 
21    2.3354163    0.0066584 
23   -1.3921134   -0.0076283 
1.........2..............3..........4..................5................6.................7.........8................Gaining to use new average direction of P0 P8 instead of biggest increase direction 5 :

Powell iter=5 Big Iter=3 -2*LL=1810.789303045865 gain=33.7 0 sec. 1 sec.
#model=  1      +     age 
12   -1.9696481   -0.0066247 
13   -6.9458390    0.0341102 
21    2.3579563    0.0080516 
23   -2.6878955    0.0396762 
1.........2..............3........4..................5.........6..................7..........8..........directest= 140.960649734584 (if directest<0 or t<0 we include P0 Pn as new direction), t= -63317.715479896971, f1= 1810.789303045865,f2= 1779.380921731497,f3= 1917.507376552716, del= 14.287093200501
f1-2f2+f3= 169.534836135586, f1-f2-del= 17.121288113866, f1-f3= -106.718073506852

Powell iter=6 Big Iter=4 -2*LL=1779.380921731497 gain=31.4 0 sec. 1 sec.
#model=  1      +     age 
12   -2.0136705   -0.0057915 
13   -7.8604918    0.0416293 
21    2.4081094    0.0086163 
23   -3.5364901    0.0562602 
1.........2..............3..........4.................5..........6..................7...........8.................Gaining to use new average direction of P0 P8 instead of biggest increase direction 3 :

Powell iter=7 Big Iter=4 -2*LL=1724.698652428356 gain=54.7 1 sec. 2 sec.
#model=  1      +     age 
12   -2.1984256   -0.0002709 
13  -11.9568964    0.0807849 
21    2.6182450    0.0124561 
23   -6.6773993    0.1125675 
1.........2..............3..........4....................5..........6.................7..........8........
Powell iter=8 Big Iter=5 -2*LL=1700.681139586547 gain=24 0 sec. 2 sec.
#model=  1      +     age 
12   -2.3717185    0.0021050 
13  -14.1908460    0.1106028 
21    2.7114089    0.0180211 
23   -8.3782520    0.1371082 
1.........2.............3..........4....................5.........6.............7.........8...................Gaining to use new average direction of P0 P8 instead of biggest increase direction 4 :

Powell iter=9 Big Iter=5 -2*LL=1680.666627086841 gain=20 0 sec. 2 sec.
#model=  1      +     age 
12   -2.6540322    0.0055413 
13  -16.0986069    0.1491338 
21    2.7910638    0.0275068 
23   -9.7728543    0.1555237 
1.........2.............3..........4...........5.........6..........7..........8..........directest= 28.367256359086 (if directest<0 or t<0 we include P0 Pn as new direction), t= -178.640860645715, f1= 1680.666627086841,f2= 1679.749046534747,f3= 1707.750696901786, del= 0.275987280024
f1-2f2+f3= 28.919230919133, f1-f2-del= 0.641593272071, f1-f3= -27.084069814945

Powell iter=10 Big Iter=6 -2*LL=1679.749046534747 gain=0.918 1 sec. 3 sec.
#model=  1      +     age 
12   -2.6502035    0.0059296 
13  -15.9343592    0.1476992 
21    2.7899725    0.0273537 
23   -9.5825001    0.1507918 
1.........2.............3..........4..........5.........6..........7..........8.................Gaining to use new average direction of P0 P8 instead of biggest increase direction 2 :

Powell iter=11 Big Iter=6 -2*LL=1661.865423749057 gain=17.9 0 sec. 3 sec.
#model=  1      +     age 
12   -5.7341918    0.0518741 
13  -17.2530512    0.1616478 
21    2.3344216    0.0222412 
23   -8.5976515    0.1258610 
1.........2...........3...........4........5..........6..................7..........8........directest= 17.436579242341 (if directest<0 or t<0 we include P0 Pn as new direction), t= -125.133392948826, f1= 1661.865423749057,f2= 1659.970097761229,f3= 1677.026857919620, del= 0.757753451939
f1-2f2+f3= 18.952086146219, f1-f2-del= 1.137572535889, f1-f3= -15.161434170564

Powell iter=12 Big Iter=7 -2*LL=1659.970097761229 gain=1.9 0 sec. 3 sec.
#model=  1      +     age 
12   -6.0513715    0.0557435 
13  -16.8133995    0.1564303 
21    2.2371345    0.0201319 
23   -8.1341471    0.1190504 
1.........2..........3..........4.........5..........6..................7..........8........
Powell iter=13 Big Iter=7 -2*LL=1659.749417627957 gain=0.221 0 sec. 3 sec.
#model=  1      +     age 
12   -6.1203926    0.0564940 
13  -16.5532219    0.1522832 
21    2.2040716    0.0186788 
23   -7.9130735    0.1152782 
1.........2..........3..........4.........5..........6..................7..........8................Gaining to use new average direction of P0 P8 instead of biggest increase direction 7 :

Powell iter=14 Big Iter=8 -2*LL=1659.587686008857 gain=0.162 0 sec. 3 sec.
#model=  1      +     age 
12   -6.3214387    0.0586669 
13  -16.1623225    0.1466366 
21    2.1290756    0.0151103 
23   -7.6884483    0.1089861 
1.........2...........3..........4.........5..........6..................7........8..................Gaining to use new average direction of P0 P8 instead of biggest increase direction 8 :

Powell iter=15 Big Iter=8 -2*LL=1658.625899607059 gain=0.962 1 sec. 4 sec.
#model=  1      +     age 
12   -7.2930077    0.0697165 
13  -14.2845460    0.1188940 
21    1.7707599   -0.0059746 
23   -6.8754424    0.0796819 
1.........2.........3..........4.........5..........6..................7.........8..........directest= 56.461325716990 (if directest<0 or t<0 we include P0 Pn as new direction), t= -2055.148849950345, f1= 1658.625899607059,f2= 1655.524973142950,f3= 1710.791593377905, del= 0.953110491037
f1-2f2+f3= 58.367546699064, f1-f2-del= 2.147815973072, f1-f3= -52.165693770846

Powell iter=16 Big Iter=9 -2*LL=1655.524973142950 gain=3.1 0 sec. 4 sec.
#model=  1      +     age 
12   -7.4012575    0.0703607 
13  -14.1366184    0.1153651 
21    1.7217575   -0.0111205 
23   -7.0831961    0.0770820 
1.........2..........3.........4.........5..........6.................7.........8.....................Gaining to use new average direction of P0 P8 instead of biggest increase direction 8 :

Powell iter=17 Big Iter=9 -2*LL=1631.598032141750 gain=23.9 0 sec. 4 sec.
#model=  1      +     age 
12   -7.4495581    0.0612325 
13  -12.3661817    0.0769461 
21    1.4333928   -0.0428828 
23   -7.9735813    0.0641437 
1.........2.......3.........4.........5.............6..............7........8..........directest= 326.319764311167 (if directest<0 or t<0 we include P0 Pn as new direction), t= -4153150.202323115900, f1= 1631.598032141750,f2= 1490.445091967746,f3= 1875.456494978189, del= 99.922289436640
f1-2f2+f3= 526.164343184447, f1-f2-del= 41.230650737364, f1-f3= -243.858462836439

Powell iter=18 Big Iter=10 -2*LL=1490.445091967746 gain=141 0 sec. 4 sec.
#model=  1      +     age 
12   -8.6250075    0.0636344 
13  -11.2385779    0.0556376 
21    0.8743569   -0.0532496 
23   -7.1282255    0.0618936 
1.........2........3..........4.........5............6..............7........8....................Gaining to use new average direction of P0 P8 instead of biggest increase direction 2 :

Powell iter=19 Big Iter=10 -2*LL=1475.388023790545 gain=15.1 1 sec. 5 sec.
#model=  1      +     age 
12   -9.9645450    0.0784316 
13  -14.1506032    0.1149662 
21    0.7508549   -0.0511655 
23   -8.6576917    0.0798615 
1.........2.........3..........4.........5............6...............7........8............directest= 74.631011081550 (if directest<0 or t<0 we include P0 Pn as new direction), t= -4118.215240167293, f1= 1475.388023790545,f2= 1474.388490515795,f3= 1549.522052336358, del= 0.751042006881
f1-2f2+f3= 76.133095095312, f1-f2-del= 0.248491267868, f1-f3= -74.134028545813

Powell iter=20 Big Iter=11 -2*LL=1474.388490515795 gain=1 0 sec. 5 sec.
#model=  1      +     age 
12   -9.9481246    0.0778571 
13  -14.2287807    0.1165057 
21    0.7484550   -0.0519054 
23   -8.8143128    0.0809522 
1.........2.........3..........4.........5............6...............7........8...................Gaining to use new average direction of P0 P8 instead of biggest increase direction 2 :

Powell iter=21 Big Iter=11 -2*LL=1472.869885241683 gain=1.52 1 sec. 6 sec.
#model=  1      +     age 
12   -9.3256299    0.0686439 
13  -14.6015953    0.1230115 
21    0.8582753   -0.0536048 
23   -9.8598737    0.0922366 
1.........2...........3..........4.........5............6...............7........8........directest= 1.148558883634 (if directest<0 or t<0 we include P0 Pn as new direction), t= -0.031966099781, f1= 1472.869885241683,f2= 1472.794098996863,f3= 1473.931680660095, del= 0.032404512209
f1-2f2+f3= 1.213367908052, f1-f2-del= 0.043381732611, f1-f3= -1.061795418412

Powell iter=22 Big Iter=12 -2*LL=1472.794098996863 gain=0.0758 0 sec. 6 sec.
#model=  1      +     age 
12   -9.2247103    0.0674428 
13  -14.5413673    0.1223719 
21    0.8742548   -0.0537993 
23   -9.8829507    0.0927302 
1.........2...........3..........4.........5............6...............7........8...............Gaining to use new average direction of P0 P8 instead of biggest increase direction 7 :

Powell iter=23 Big Iter=12 -2*LL=1472.743397256945 gain=0.0507 0 sec. 6 sec.
#model=  1      +     age 
12   -9.0998866    0.0657540 
13  -14.3557090    0.1198943 
21    0.8851322   -0.0540744 
23   -9.8044563    0.0917508 
1.........2...........3..........4.........5............6...............7........8......
Powell iter=24 Big Iter=13 -2*LL=1472.734213655747 gain=0.00918 1 sec. 7 sec.
#model=  1      +     age 
12   -9.1077288    0.0658214 
13  -14.3484912    0.1199780 
21    0.8822416   -0.0541109 
23   -9.7867444    0.0914772 
1.........2...........3..........4.........5............6...............7..........8............Gaining to use new average direction of P0 P8 instead of biggest increase direction 2 :

Powell iter=25 Big Iter=13 -2*LL=1472.730978878934 gain=0.00323 0 sec. 7 sec.
#model=  1      +     age 
12   -9.0955853    0.0655907 
13  -14.3418154    0.1200249 
21    0.8818904   -0.0541055 
23   -9.7881181    0.0915237 
1.........2................3..........4.........5.............6...............7........8.............Gaining to use new average direction of P0 P8 instead of biggest increase direction 3 :

Powell iter=26 Big Iter=14 -2*LL=1472.728205539125 gain=0.00277 0 sec. 7 sec.
#model=  1      +     age 
12   -9.0869836    0.0654536 
13  -14.3453497    0.1201421 
21    0.8819810   -0.0540811 
23   -9.7881542    0.0915416 
1.........2.........3.......4...........5............6..................7........8............Gaining to use new average direction of P0 P8 instead of biggest increase direction 8 :

Powell iter=27 Big Iter=14 -2*LL=1472.726218496874 gain=0.00199 1 sec. 8 sec.
#model=  1      +     age 
12   -9.0754831    0.0652864 
13  -14.3407789    0.1201622 
21    0.8827385   -0.0540837 
23   -9.7801007    0.0914434 
1.........2.......3......4.........5............6...............7..........8...........Gaining to use new average direction of P0 P8 instead of biggest increase direction 8 :

Powell iter=28 Big Iter=15 -2*LL=1472.715472588046 gain=0.0107 0 sec. 8 sec.
#model=  1      +     age 
12   -9.0408319    0.0647908 
13  -14.3558069    0.1206043 
21    0.8871018   -0.0541335 
23   -9.7419309    0.0909526 
1..........2.......3......4.........5............6...............7.............8................Gaining to use new average direction of P0 P8 instead of biggest increase direction 3 :

Powell iter=29 Big Iter=15 -2*LL=1472.674558180351 gain=0.0409 1 sec. 9 sec.
#model=  1      +     age 
12   -8.9848622    0.0639909 
13  -14.4999322    0.1228107 
21    0.9025353   -0.0543706 
23   -9.6457969    0.0896974 
1.........2........3.......4.........5............6...............7.......8...............Gaining to use new average direction of P0 P8 instead of biggest increase direction 8 :

Powell iter=30 Big Iter=16 -2*LL=1472.628897593394 gain=0.0457 0 sec. 9 sec.
#model=  1      +     age 
12   -8.9388214    0.0632464 
13  -14.7286670    0.1259420 
21    0.9212630   -0.0546895 
23   -9.5717655    0.0888093 
1.........2......3......4.........5............6...............7........8.............Gaining to use new average direction of P0 P8 instead of biggest increase direction 3 :

Powell iter=31 Big Iter=16 -2*LL=1472.526321375888 gain=0.103 0 sec. 9 sec.
#model=  1      +     age 
12   -8.8309956    0.0616404 
13  -15.2254541    0.1320777 
21    0.9716022   -0.0554969 
23   -9.4228325    0.0870503 
1.........2......3........4.........5............6...............7........8.......
Powell iter=32 Big Iter=17 -2*LL=1472.483823112822 gain=0.0425 1 sec. 10 sec.
#model=  1      +     age 
12   -8.7453115    0.0605198 
13  -15.2259685    0.1318076 
21    0.9907416   -0.0557342 
23   -9.3618196    0.0863211 
1.........2......3........4.........5............6...............7.........8.......
Powell iter=33 Big Iter=17 -2*LL=1472.474283761692 gain=0.00954 0 sec. 10 sec.
#model=  1      +     age 
12   -8.7292703    0.0603510 
13  -15.2426862    0.1319062 
21    0.9972726   -0.0558169 
23   -9.3396207    0.0860207 
1.........2.......3........4.........5............6...................7........8..............Gaining to use new average direction of P0 P8 instead of biggest increase direction 3 :

Powell iter=34 Big Iter=18 -2*LL=1472.469244675735 gain=0.00504 1 sec. 11 sec.
#model=  1      +     age 
12   -8.7338166    0.0604823 
13  -15.2734437    0.1321318 
21    1.0019994   -0.0558770 
23   -9.3269312    0.0858286 
1.........2......3........4.........5............6....................7...............8................
Powell iter=35 Big Iter=18 -2*LL=1472.468920400158 gain=0.000324 0 sec. 11 sec.
#model=  1      +     age 
12   -8.7416155    0.0605920 
13  -15.2714986    0.1321081 
21    1.0004184   -0.0558541 
23   -9.3316428    0.0858858 
1.........2........3........4..........5............6.....................7................8......................Gaining to use new average direction of P0 P8 instead of biggest increase direction 1 :

Powell iter=36 Big Iter=19 -2*LL=1472.466202702373 gain=0.00272 0 sec. 11 sec.
#model=  1      +     age 
12   -8.7831999    0.0611588 
13  -15.2916238    0.1323643 
21    0.9906548   -0.0557241 
23   -9.3550118    0.0861707 
1.....................2......3........4.........5....................6...............7........8............Gaining to use new average direction of P0 P8 instead of biggest increase direction 2 :

Powell iter=37 Big Iter=19 -2*LL=1472.461038251787 gain=0.00516 1 sec. 12 sec.
#model=  1      +     age 
12   -8.8121609    0.0615590 
13  -15.3131485    0.1326087 
21    0.9792965   -0.0555647 
23   -9.3713203    0.0863700 
1........2......3........4.........5............6................7.........8............Gaining to use new average direction of P0 P8 instead of biggest increase direction 8 :

Powell iter=38 Big Iter=20 -2*LL=1472.455973507128 gain=0.00506 0 sec. 12 sec.
#model=  1      +     age 
12   -8.8491709    0.0620894 
13  -15.3140070    0.1326437 
21    0.9615855   -0.0552953 
23   -9.3908600    0.0865974 
1........2......3........4.........5............6..................7..................8...........Gaining to use new average direction of P0 P8 instead of biggest increase direction 2 :

Powell iter=39 Big Iter=20 -2*LL=1472.427597787478 gain=0.0284 0 sec. 12 sec.
#model=  1      +     age 
12   -8.9344769    0.0633238 
13  -15.3354798    0.1330763 
21    0.8854759   -0.0541234 
23   -9.4192712    0.0869022 
1.........2......3........4.........5...........6...............7..........8............Gaining to use new average direction of P0 P8 instead of biggest increase direction 8 :

Powell iter=40 Big Iter=21 -2*LL=1472.387756287636 gain=0.0398 1 sec. 13 sec.
#model=  1      +     age 
12   -8.9708437    0.0638240 
13  -15.3966238    0.1340649 
21    0.7986392   -0.0528002 
23   -9.4086345    0.0867498 
1.......2......3........4.........5............6...............7........8...........Gaining to use new average direction of P0 P8 instead of biggest increase direction 2 :

Powell iter=41 Big Iter=21 -2*LL=1472.232619047208 gain=0.155 0 sec. 13 sec.
#model=  1      +     age 
12   -8.9252527    0.0631291 
13  -15.6051108    0.1371950 
21    0.5006883   -0.0482680 
23   -9.2921273    0.0853149 
1......2......3........4.........5............6...............7........8.......
Powell iter=42 Big Iter=22 -2*LL=1472.089220134761 gain=0.143 1 sec. 14 sec.
#model=  1      +     age 
12   -8.8825288    0.0625709 
13  -15.6746374    0.1376959 
21    0.3925638   -0.0466580 
23   -9.2757678    0.0851361 
1.....2......3........4.........5............6...............7........8............Gaining to use new average direction of P0 P8 instead of biggest increase direction 8 :

Powell iter=43 Big Iter=22 -2*LL=1471.973637082954 gain=0.116 0 sec. 14 sec.
#model=  1      +     age 
12   -8.7907247    0.0613813 
13  -15.5694403    0.1358123 
21    0.1801458   -0.0434636 
23   -9.3077788    0.0856207 
1.......2......3........4.........5............6.................7........8........directest= 0.050450678358 (if directest<0 or t<0 we include P0 Pn as new direction), t= -0.000002447969, f1= 1471.973637082954,f2= 1471.971337860536,f3= 1472.021732276781, del= 0.001121480153
f1-2f2+f3= 0.052693638663, f1-f2-del= 0.001177742265, f1-f3= -0.048095193828

Powell iter=44 Big Iter=23 -2*LL=1471.971337860536 gain=0.0023 0 sec. 14 sec.
#model=  1      +     age 
12   -8.7659478    0.0610207 
13  -15.5591418    0.1357093 
21    0.2004453   -0.0437849 
23   -9.2946969    0.0854680 
1........2.......3...................4.........5............6................7..........8..............Gaining to use new average direction of P0 P8 instead of biggest increase direction 1 :

Powell iter=45 Big Iter=23 -2*LL=1471.970969501027 gain=0.000368 1 sec. 15 sec.
#model=  1      +     age 
12   -8.7531230    0.0608293 
13  -15.5554526    0.1356958 
21    0.2036187   -0.0438317 
23   -9.2872091    0.0853826 
1.................2.......3........4.........5..................6................7...............8............directest= 0.000073230453 (if directest<0 or t<0 we include P0 Pn as new direction), t= -0.000000000000, f1= 1471.970969501027,f2= 1471.970958057656,f3= 1471.971027262437, del= 0.000003708849
f1-2f2+f3= 0.000080648152, f1-f2-del= 0.000007734522, f1-f3= -0.000057761409

Powell iter=46 Big Iter=24 -2*LL=1471.970958057656 gain=1.14e-005 0 sec. 15 sec.
#model=  1      +     age 
12   -8.7531814    0.0608310 
13  -15.5581335    0.1357354 
21    0.2027339   -0.0438179 
23   -9.2853633    0.0853576 
1.........2...........................3........4..................5..................6.................7................8..........................Gaining to use new average direction of P0 P8 instead of biggest increase direction 1 :

Powell iter=47 Big Iter=24 -2*LL=1471.970953589056 gain=4.47e-006 1 sec. 16 sec.
#model=  1      +     age 
12   -8.7521503    0.0608176 
13  -15.5597698    0.1357535 
21    0.2014629   -0.0437987 
23   -9.2842530    0.0853436 
1...................2................3............4...............5...................6..................7................8...............directest= 0.000000470281 (if directest<0 or t<0 we include P0 Pn as new direction), t= -0.000000000000, f1= 1471.970953589056,f2= 1471.970953537302,f3= 1471.970954008955, del= 0.000000026563
f1-2f2+f3= 0.000000523407, f1-f2-del= 0.000000025191, f1-f3= -0.000000419899

Powell iter=48 Big Iter=25 -2*LL=1471.970953537302 gain=5.18e-008 0 sec. 16 sec.
#model=  1      +     age 
12   -8.7520446    0.0608161 
13  -15.5598497    0.1357545 
21    0.2016222   -0.0438010 
23   -9.2841564    0.0853424 
1............2...............3................4.......................5...................6....................7...............8..............
Powell iter=49 Big Iter=25 -2*LL=1471.970953523414 gain=1.39e-008 1 sec. 17 sec.
#model=  1      +     age 
12   -8.7520514    0.0608162 
13  -15.5599039    0.1357551 
21    0.2016703   -0.0438018 
23   -9.2841393    0.0853422 
1...............2...............3..................4................5.....................6...................7.....................8...........
Powell iter=50 Big Iter=26 -2*LL=1471.970953520871 gain=2.54e-009 1 sec. 18 sec.
#model=  1      +     age 
12   -8.7520504    0.0608162 
13  -15.5599305    0.1357553 
21    0.2016930   -0.0438021 
23   -9.2841292    0.0853420 
1..............2.................3................................4............................5...................6...............................7....................8...................
Powell iter=51 Big Iter=26 -2*LL=1471.970953520352 gain=5.19e-010 1 sec. 19 sec.
#model=  1      +     age 
12   -8.7520504    0.0608162 
13  -15.5599407    0.1357555 
21    0.2017028   -0.0438023 
23   -9.2841241    0.0853420 
1....................2....................3................................4...................5...............6..................7...................8..................
Powell iter=52 Big Iter=27 -2*LL=1471.970953520243 gain=1.08e-010 1 sec. 20 sec.
#model=  1      +     age 
12   -8.7520500    0.0608162 
13  -15.5599475    0.1357555 
21    0.2017076   -0.0438023 
23   -9.2841209    0.0853419 
1....................2...............3..................4........................5.................6.................7.......................8...........................................
Powell iter=53 Big Iter=27 -2*LL=1471.970953520229 gain=1.46e-011 1 sec. 21 sec.
#model=  1      +     age 
12   -8.7520495    0.0608162 
13  -15.5599480    0.1357555 
21    0.2017092   -0.0438024 
23   -9.2841208    0.0853419 
1.......................2..........................3................................4....................5...................6.................7......................8...............................
Powell iter=54 Big Iter=28 -2*LL=1471.970953520226 gain=2.27e-012 1 sec. 22 sec.
#model=  1      +     age 
12   -8.7520507    0.0608162 
13  -15.5599481    0.1357555 
21    0.2017091   -0.0438023 
23   -9.2841216    0.0853419 
1..................................2.............................3..........................4.....................5.................6..................7........................8...........................................directest= 0.000000000003 (if directest<0 or t<0 we include P0 Pn as new direction), t= -0.000000000000, f1= 1471.970953520226,f2= 1471.970953520226,f3= 1471.970953520229, del= 0.000000000000
f1-2f2+f3= 0.000000000003, f1-f2-del= 0.000000000000, f1-f3= -0.000000000003

Powell iter=55 Big Iter=28 -2*LL=1471.970953520226 gain=2.27e-013 1 sec. 23 sec.
#model=  1      +     age 
12   -8.7520507    0.0608162 
13  -15.5599481    0.1357555 
21    0.2017091   -0.0438023 
23   -9.2841216    0.0853419 
1...................................2..............................3..........................4.....................5.................6..................7........................8...........................................
#Number of iterations & function calls = 55 & 7211, -2 Log likelihood = 1471.970953520226
# Parameters nlstate*nlstate*ncov a12*1 + b12 * age + ...
#model=  1      +     age 
12   -8.7520507    0.0608162 
13  -15.5599481    0.1357555 
21    0.2017091   -0.0438023 
23   -9.2841216    0.0853419 

Calculation of the hessian matrix. Wait...
1-2-3-4-5-6-7-8-.1-2.1-3.1-4.1-5.1-6.1-7.1-8.2-3.2-4.2-5.2-6.2-7.2-8.3-4.3-5.3-6.3-7.3-8.4-5.4-6.4-7.4-8.5-6.5-7.5-8.6-7.6-8.7-8

Inverting the hessian to get the covariance matrix. Wait...

#Hessian matrix#
7.000668e+001 4.952395e+003 1.022047e+001 8.089898e+002 -1.317500e+001 -8.963106e+002 -6.528527e+000 -5.077818e+002 
4.952395e+003 3.564170e+005 8.013850e+002 6.455394e+004 -8.941919e+002 -6.195079e+004 -5.067746e+002 -4.011857e+004 
1.022047e+001 8.013850e+002 2.018647e+001 1.594372e+003 -2.461941e+000 -1.873953e+002 8.707755e+000 6.743779e+002 
8.089898e+002 6.455394e+004 1.594372e+003 1.277857e+005 -1.890514e+002 -1.473514e+004 6.730728e+002 5.306866e+004 
-1.317500e+001 -8.941919e+002 -2.461941e+000 -1.890514e+002 3.768041e+001 2.465414e+003 -7.726709e-001 -6.546287e+001 
-8.963106e+002 -6.195079e+004 -1.873953e+002 -1.473514e+004 2.465414e+003 1.648024e+005 -6.450014e+001 -5.544450e+003 
-6.528527e+000 -5.067746e+002 8.707755e+000 6.730728e+002 -7.726709e-001 -6.450014e+001 4.625050e+001 3.763408e+003 
-5.077818e+002 -4.011857e+004 6.743779e+002 5.306866e+004 -6.546287e+001 -5.544450e+003 3.763408e+003 3.109783e+005 
Parameters, Wald tests and Wald-based confidence intervals
 W is simply the result of the division of the parameter by the square root of covariance of the parameter.
 And Wald-based confidence intervals plus and minus 1.96 * W 
  It might be better to visualize the covariance matrix. See the page 'Matrix of variance-covariance of one-step probabilities' and its graphs.
12   -8.7520507(   1.0535691) W=  -8.307 CI=[ -10.8170461 ;   -6.6870553]    0.0608162(   0.0149211) W=   4.076 CI=[   0.0315708 ;    0.0900617] 
13  -15.5599481(   2.1267070) W=  -7.316 CI=[ -19.7282939 ;  -11.3916023]    0.1357555(   0.0268760) W=   5.051 CI=[   0.0830785 ;    0.1884326] 
21    0.2017091(   1.1547611) W=   0.175 CI=[  -2.0616226 ;    2.4650407]   -0.0438023(   0.0174664) W=  -2.508 CI=[  -0.0780365 ;   -0.0095682] 
23   -9.2841216(   1.3145746) W=  -7.062 CI=[ -11.8606879 ;   -6.7075553]    0.0853419(   0.0159682) W=   5.344 CI=[   0.0540442 ;    0.1166397] 
# Scales (for hessian or gradient estimation)
12 1.00000e-003 1.00000e-005
13 2.00000e-003 2.00000e-005
21 1.00000e-003 2.00000e-005
23 1.00000e-003 1.00000e-005
# Covariance matrix 
# 121 Var(a12)
# 122 Cov(b12,a12) Var(b12)
#   ...
# 232 Cov(b23,a12)  Cov(b23,b12) ... Var (b23)
#121 Var(a12)
#122 Cov(b12,a12) Var(b12)
#131 Cov(a13,a12) Cov(a13,b12) Var(a13)
#132 Cov(b13,a12) Cov(b13,b12) Cov(b13,a13) Var(b13)
#211 Cov(a21,a12) Cov(a21,b12) Cov(a21,a13) Cov(a21,b13) Var(a21)
#212 Cov(b21,a12) Cov(b21,b12) Cov(b21,a13) Cov(b21,b13) Cov(b21,a21) Var(b21)
#231 Cov(a23,a12) Cov(a23,b12) Cov(a23,a13) Cov(a23,b13) Cov(a23,a21) Cov(a23,b21) Var(a23)
#232 Cov(b23,a12) Cov(b23,b12) Cov(b23,a13) Cov(b23,b13) Cov(b23,a21) Cov(b23,b21) Cov(b23,a23) Var(b23)
121 1.1100078e+000
122 -1.55972e-002 2.2264051e-004
131 -7.91605e-001 1.10220e-002 4.5228828e+000
132 1.07640e-002 -1.51981e-004 -5.67391e-002 7.2232190e-004
211 2.41156e-001 -3.47137e-003 5.08078e-002 -6.97976e-004 1.3334731e+000
212 -3.38701e-003 4.99819e-005 -8.34658e-004 1.16303e-005 -1.99514e-002 3.0507438e-004
231 2.81218e-001 -3.74307e-003 -1.11815e+000 1.36040e-002 5.40328e-002 -7.65646e-004 1.7281065e+000
232 -3.73278e-003 5.07465e-005 1.35312e-002 -1.66826e-004 -7.74036e-004 1.12479e-005 -2.08360e-002 2.5498421e-004
# agemin agemax for life expectancy, bage fage (if mle==0 ie no data nor Max likelihood).
# Observed prevalence period
begin-prev-date=1/1/2013 end-prev-date=1/9/2018 mov_average=0
# Health expectancies computed from stable (period) prevalence (pop_based=0) or population based (1)
pop_based=0
# Prevalence forecasting and backcasting is skept here
##prevforecast=0  starting-proj-date=1/1/1989 final-proj-date=1/1/1990 mobil_average=0
#prevforecast=1 yearsfproj=10 mobil_average=0
#prevbackcast=1 yearsbproj=10 mobil_average=1
End of resultlines.

Computing forward period (stable) prevalence: result on file 'PL_DKM.txt' 
Computing pij: result on file 'PIJ_DKM.txt' 
Computing standard deviation of one-step probabilities: result on file 'PROB_rDKM.txt' 
Computing matrix of variance covariance of one-step probabilities: result on file 'PROBCOV_DKM.txt' 
and correlation matrix of one-step probabilities: result on file 'PROBCOR_DKM.txt' 
Prevalence combination of varying and fixed dummies 1
Warning Observed prevalence doesn't sum to 1 for state 2: probs[50][2][1]=0.000000 because of lack of cases.
Warning Observed prevalence doesn't sum to 1 for state 1: probs[95][1][1]=0.000000 because of lack of cases.
Warning Observed prevalence doesn't sum to 1 for state 2: probs[95][2][1]=0.000000 because of lack of cases.
Warning Observed prevalence doesn't sum to 1 for state 1: probs[97][1][1]=0.000000 because of lack of cases.
Warning Observed prevalence doesn't sum to 1 for state 2: probs[97][2][1]=0.000000 because of lack of cases.
Warning Observed prevalence doesn't sum to 1 for state 1: probs[99][1][1]=0.000000 because of lack of cases.
Warning Observed prevalence doesn't sum to 1 for state 2: probs[99][2][1]=0.000000 because of lack of cases.
Computing Health Expectancies: result on file 'E_DKM.txt' ...done evsij
Computing Total Life expectancies with their standard errors: file 'T_DKM.txt' ...
  Computing State-specific Expectancies and standard errors: result on file 'STDE_DKM.txt' 
    Computing Covar. of State-specific Expectancies: result on file 'CVE_DKM.txt' 
      Computing Variance-covariance of State-specific Expectancies: file 'V_DKM.txt' ... done State-specific expectancies
Computing Variance-covariance of forward period (stable) prevalence: file 'VPL_DKM.txt' ...done variance-covariance of forward period prevalence
End of Imach with 0 errors and/or warnings 1. Please look at the log file for details.
Local time at start Sat May 25 22:26:15 2024

Local time at end   Sat May 25 22:26:41 2024

Total time used 0 day(s) 0 hour(s) 0 minute(s) 26 second(s)
Total time was 26 Sec.
