Log filename:DKMchr.log
Version 0.99r45 $Revision: 1.353 $ $Date: 2023/05/08 18:48:22 $
Enter the parameter file name: 
pathimach=C:\PROGRA~1\IMACH-~2.99R\bin\
pathtot=C:\Users\mmusz\Dropbox\gender_paradox\data\IMACH\DKMchr.txt
 path=C:\Users\mmusz\Dropbox\gender_paradox\data\IMACH\ 
 optionfile=DKMchr.txt
 optionfilext=txt
 optionfilefiname='DKMchr'
Compiled with: Microsoft Visual Studio for Windows (x64 and x86)  64-bit
The programm is not running under WOW64 (i.e probably on a 64bit Windows).
Local time (at start): Tue May 28 07:03:20 2024
title=chr datafile=dataDKMchr.txt lastobs=15000 firstpass=1 lastpass=2
ftol=1.000000e-018 stepm=3 ncovcol=0 nqv=0 ntv=0 nqtv=0 nlstate=2 ndeath=1 maxwav=2 mle=1 weight=1
model=1+age+
# Parameters nlstate*nlstate*ncov a12*1 + b12 * age + ...
12 0.000000 0.000000
13 0.000000 0.000000
21 0.000000 0.000000
23 0.000000 0.000000
# Scales (for hessian or gradient estimation)
12 0.000000e+000 0.000000e+000
13 0.000000e+000 0.000000e+000
21 0.000000e+000 0.000000e+000
23 0.000000e+000 0.000000e+000
# Covariance matrix
121 0.00000e+000
122 0.00000e+000 0.00000e+000
131 0.00000e+000 0.00000e+000 0.00000e+000
132 0.00000e+000 0.00000e+000 0.00000e+000 0.00000e+000
211 0.00000e+000 0.00000e+000 0.00000e+000 0.00000e+000 0.00000e+000
212 0.00000e+000 0.00000e+000 0.00000e+000 0.00000e+000 0.00000e+000 0.00000e+000
231 0.00000e+000 0.00000e+000 0.00000e+000 0.00000e+000 0.00000e+000 0.00000e+000 0.00000e+000
232 0.00000e+000 0.00000e+000 0.00000e+000 0.00000e+000 0.00000e+000 0.00000e+000 0.00000e+000 0.00000e+000

Model=1+age+
Typevar: 0 for simple covariate (dummy, quantitative, fixed or varying), 1 for age product, 2 for  product, 3 for double product with age  
Fixed[k] 0=fixed (product or simple), 1 varying, 2 fixed with age product, 3 varying with age product 
Dummy[k] 0=dummy (0 1), 1 quantitative (single or product without age), 2 dummy with age product, 3 quant with age product
ncoveff=0, nqfveff=0, ntveff=0, nqtveff=0, cptcovn=0
ncovf=0, ncovv=0, ncova=0, nsd=0, nsq=0
Warning: The value of parameter lastobs=15000 is big compared to the 
  effective number of cases imx=1435, please adjust, 
  otherwise you are allocating more memory than necessary.
Total number of individuals= 1435, Agemin = 51.08, Agemax= 100.75

Information, you have to check 0 informations which haven't been logged!
Delay (in months) between two waves Min=1 (for indiviudal 545) Max=32 (1334) Mean=23.623693

 Age 51 1.=1 loss[1]=0.0% 2.=2 loss[2]=0.0% 1.=1 prev[1]=41.6% 2.=2 prev[2]=58.4% 11=1 12=1 21=0 22=2 23=0
Age 52 1.=2 loss[1]=0.0% 2.=2 loss[2]=0.0% 1.=2 prev[1]=47.6% 2.=2 prev[2]=52.4% 11=2 12=0 21=0 22=2
Age 53 1.=1 loss[1]=0.0% 2.=2 loss[2]=0.0% 1.=1 prev[1]=32.8% 2.=2 prev[2]=67.2% 11=1 12=0 21=0 22=1 23=0
Age 54 1.=2 loss[1]=0.0% 2.=2 loss[2]=0.0% 1.=2 prev[1]=44.8% 2.=2 prev[2]=55.2% 11=1 12=0 21=0 22=2
Age 55 1.=2 loss[1]=0.0% 2.=2 loss[2]=0.0% 1.=2 prev[1]=49.4% 2.=2 prev[2]=50.6% 11=1 12=1 21=0 22=1
Age 56 1.=1 loss[1]=0.0% 2.=2 loss[2]=0.0% 1.=1 prev[1]=39.0% 2.=2 prev[2]=61.0% 11=1 12=0 21=0 22=2
Age 57 1.=1 loss[1]=0.0% 2.=2 loss[2]=0.0% 1.=1 prev[1]=29.4% 2.=2 prev[2]=70.6% 11=1 12=0 21=0 22=2 23=0
Age 58 1.=1 loss[1]=0.0% 2.=2 loss[2]=0.0% 1.=1 prev[1]=34.7% 2.=2 prev[2]=65.3% 11=1 12=0 21=0 22=2
Age 59 1.=1 loss[1]=0.0% 2.=2 loss[2]=0.0% 1.=1 prev[1]=43.8% 2.=2 prev[2]=56.2% 11=1 12=1 13=0 21=0 22=2
Age 60 1.=1 loss[1]=0.0% 2.=2 loss[2]=0.0% 1.=1 prev[1]=32.0% 2.=2 prev[2]=68.0% 11=1 12=0 21=0 22=2 23=0
Age 61 1.=1 loss[1]=0.0% 2.=2 loss[2]=0.0% 1.=1 prev[1]=26.9% 2.=2 prev[2]=73.1% 11=1 12=0 21=0 22=2 23=0
Age 62 1.=1 loss[1]=0.0% 2.=2 loss[2]=0.0% 1.=1 prev[1]=34.9% 2.=2 prev[2]=65.1% 11=1 12=0 21=0 22=2 23=0
Age 63 1.=1 loss[1]=0.0% 2.=2 loss[2]=0.0% 1.=1 prev[1]=21.7% 2.=2 prev[2]=78.3% 11=0 12=0 21=0 22=2
Age 64 1.=1 loss[1]=0.0% 2.=1 loss[2]=0.0% 1.=1 prev[1]=36.9% 2.=1 prev[2]=63.1% 11=0 12=0 22=1
Age 65 1.=1 loss[1]=0.0% 2.=3 loss[2]=0.0% 1.=1 prev[1]=29.9% 2.=3 prev[2]=70.1% 11=1 12=0 21=0 22=2 23=0
Age 66 1.=1 loss[1]=0.0% 2.=2 loss[2]=0.0% 1.=1 prev[1]=27.5% 2.=2 prev[2]=72.5% 11=1 12=0 21=0 22=2 23=0
Age 67 1.=1 loss[1]=0.0% 2.=3 loss[2]=0.0% 1.=1 prev[1]=19.1% 2.=3 prev[2]=80.9% 11=1 12=0 21=0 22=3 23=0
Age 68 1.=1 loss[1]=0.0% 2.=3 loss[2]=0.0% 1.=1 prev[1]=25.1% 2.=3 prev[2]=74.9% 11=1 12=0 21=0 22=2 23=0
Age 69 1.=1 loss[1]=0.0% 2.=3 loss[2]=0.0% 1.=1 prev[1]=22.9% 2.=3 prev[2]=77.1% 11=1 12=0 21=0 22=3 23=0
Age 70 1.=1 loss[1]=0.0% 2.=2 loss[2]=0.0% 1.=1 prev[1]=25.0% 2.=2 prev[2]=75.0% 11=0 12=0 21=0 22=1 23=0
Age 71 1.=0 loss[1]=0.0% 2.=2 loss[2]=0.0% 1.=0 prev[1]=17.9% 2.=2 prev[2]=82.1% 11=0 12=0 21=0 22=2 23=0
Age 72 1.=0 loss[1]=0.0% 2.=1 loss[2]=0.0% 1.=0 prev[1]=14.7% 2.=1 prev[2]=85.3% 11=0 12=0 21=0 22=1 23=0
Age 73 1.=1 loss[1]=0.0% 2.=2 loss[2]=0.0% 1.=1 prev[1]=24.0% 2.=2 prev[2]=76.0% 11=0 12=0 21=0 22=2 23=0
Age 74 1.=0 loss[1]=0.0% 2.=1 loss[2]=0.0% 1.=0 prev[1]=13.3% 2.=1 prev[2]=86.7% 11=0 13=0 21=0 22=1 23=0
Age 75 1.=0 loss[1]=0.0% 2.=1 loss[2]=0.0% 1.=0 prev[1]=9.1% 2.=1 prev[2]=90.9% 11=0 12=0 21=0 22=1 23=0
Age 76 1.=0 loss[1]=0.0% 2.=1 loss[2]=0.0% 1.=0 prev[1]=14.3% 2.=1 prev[2]=85.7% 11=0 13=0 21=0 22=1 23=0
Age 77 1.=0 loss[1]=0.0% 2.=1 loss[2]=0.0% 1.=0 prev[1]=28.3% 2.=1 prev[2]=71.7% 11=0 12=0 22=1
Age 78 1.=0 loss[1]=0.0% 2.=1 loss[2]=0.0% 1.=0 prev[1]=17.2% 2.=1 prev[2]=82.8% 11=0 12=0 13=0 22=1 23=0
Age 79 1.=0 loss[1]=0.0% 2.=1 loss[2]=0.0% 1.=0 prev[1]=18.5% 2.=1 prev[2]=81.5% 12=0 13=0 22=1 23=0
Age 80 1.=0 loss[1]=0.0% 2.=1 loss[2]=0.0% 1.=0 prev[1]=19.5% 2.=1 prev[2]=80.5% 11=0 12=0 21=0 22=1
Age 81 1.=0 loss[1]=0.0% 2.=1 loss[2]=0.0% 1.=0 prev[1]=14.1% 2.=1 prev[2]=85.9% 11=0 12=0 22=1 23=0
Age 82 1.=0 loss[1]=0.0% 2.=1 loss[2]=0.0% 1.=0 prev[1]=5.1% 2.=1 prev[2]=94.9% 11=0 22=1 23=0
Age 83 1.=0 loss[1]=0.0% 2.=1 loss[2]=0.0% 1.=0 prev[1]=9.1% 2.=1 prev[2]=90.9% 11=0 12=0 22=1 23=0
Age 84 1.=0 loss[1]=0.0% 2.=1 loss[2]=0.0% 1.=0 prev[1]=12.6% 2.=1 prev[2]=87.4% 11=0 22=0 23=0
Age 85 1.=0 loss[1]=0.0% 2.=0 loss[2]=0.0% 1.=0 prev[1]=27.9% 2.=0 prev[2]=72.1% 11=0 22=0 23=0
Age 86 1.=0 loss[1]=NaNQ% 2.=1 loss[2]=0.0% 1.=0 prev[1]=0.0% 2.=1 prev[2]=100.0% 21=0 22=0 23=0
Age 87 1.=0 loss[1]=0.0% 2.=0 loss[2]=0.0% 1.=0 prev[1]=11.1% 2.=0 prev[2]=88.9% 11=0 22=0 23=0
Age 88 1.=0 loss[1]=0.0% 2.=0 loss[2]=0.0% 1.=0 prev[1]=18.1% 2.=0 prev[2]=81.9% 11=0 22=0
Age 89 1.=0 loss[1]=0.0% 2.=0 loss[2]=0.0% 1.=0 prev[1]=15.9% 2.=0 prev[2]=84.1% 12=0 21=0 22=0 23=0
Age 90 1.=0 loss[1]=NaNQ% 2.=0 loss[2]=0.0% 1.=0 prev[1]=0.0% 2.=0 prev[2]=100.0% 23=0
Age 91 1.=0 loss[1]=NaNQ% 2.=0 loss[2]=0.0% 1.=0 prev[1]=0.0% 2.=0 prev[2]=100.0% 23=0
Age 92 1.=0 loss[1]=NaNQ% 2.=0 loss[2]=0.0% 1.=0 prev[1]=0.0% 2.=0 prev[2]=100.0% 23=0
Age 93 1.=0 loss[1]=0.0% 2.=0 loss[2]=0.0% 1.=0 prev[1]=24.8% 2.=0 prev[2]=75.2% 13=0 21=0 23=0
Age 94 1.=0 loss[1]=NaNQ% 2.=0 loss[2]=0.0% 1.=0 prev[1]=0.0% 2.=0 prev[2]=100.0% 22=0 23=0
Age 95 1.=0 loss[1]=NaNQ% 2.=0 loss[2]=NaNQ% 1.=0 prev[1]=NaNQ% 2.=0 prev[2]=NaNQ%
Age 96 1.=0 loss[1]=NaNQ% 2.=0 loss[2]=0.0% 1.=0 prev[1]=0.0% 2.=0 prev[2]=100.0% 21=0
Age 97 1.=0 loss[1]=NaNQ% 2.=0 loss[2]=NaNQ% 1.=0 prev[1]=NaNQ% 2.=0 prev[2]=NaNQ%
Age 98 1.=0 loss[1]=NaNQ% 2.=0 loss[2]=0.0% 1.=0 prev[1]=0.0% 2.=0 prev[2]=100.0% 23=0
Age 99 1.=0 loss[1]=NaNQ% 2.=0 loss[2]=NaNQ% 1.=0 prev[1]=NaNQ% 2.=0 prev[2]=NaNQ%
Age 100 1.=0 loss[1]=NaNQ% 2.=0 loss[2]=0.0% 1.=0 prev[1]=0.0% 2.=0 prev[2]=100.0% 23=0
1 1.=0 loss[1]=NaNQ% 2.=0 loss[2]=NaNQ% 1.=0 prev[1]=NaNQ% 2.=0 prev[2]=NaNQ%
0 1.=0 loss[1]=NaNQ% 2.=0 loss[2]=NaNQ% 1.=0 prev[1]=NaNQ% 2.=0 prev[2]=NaNQ%
Total 1.=25 loss[1]=0.0% 2.=61 loss[2]=0.0% 1.=25 prev[1]=28.6% 2.=61 prev[2]=71.4% 11=16 12=8 13=0 21=5 22=51 23=5


12    0.0000000 ln(8/16)=   -0.7077385 
13    0.0000000 ln(0/16)=   -3.7152391 
21    0.0000000 ln(5/51)=   -2.2963658 
23    0.0000000 ln(5/51)=   -2.2569845 

 -1-1=0 -10=0 -11=0 -12=0 -13=0 0-1=0 00=0 01=0 02=0 03=0 1-1=0 10=0 11=16 12=8 13=0 2-1=0 20=0 21=5 22=51 23=5 3-1=0 30=0 31=0 32=0 33=0
Powell

Powell iter=1 Big Iter=1 -2*LL=11143.007091106039 gain=0 0 sec. 0 sec.
#model=  1      +     age 
12    0.0000000    0.0000000 
13    0.0000000    0.0000000 
21    0.0000000    0.0000000 
23    0.0000000    0.0000000 
1......2..................3.........4..................5......6.................7........8..................
Powell iter=2 Big Iter=2 -2*LL=3134.407951921205 gain=8.01e+003 0 sec. 0 sec.
#model=  1      +     age 
12    7.7536301   -0.0021264 
13   -0.4353487    0.0022305 
21    3.0517184   -0.0011901 
23   -1.1828016    0.0031972 

Considering the time needed for this last iteration #2: 0 seconds,
   - if your program needs 1 BIG iterations  (2 iterations) to converge, convergence will be 
   reached in 0 day(s) 0 hour(s) 0 minute(s) 0 second(s) i.e.
   on Tue May 28 07:03:20 2024 (current time is Tue May 28 07:03:20 2024);
   - if your program needs 11 BIG iterations  (22 iterations) to converge, convergence will be 
   reached in 0 day(s) 0 hour(s) 0 minute(s) 0 second(s) i.e.
   on Tue May 28 07:03:20 2024 (current time is Tue May 28 07:03:20 2024);
   - if your program needs 21 BIG iterations  (42 iterations) to converge, convergence will be 
   reached in 0 day(s) 0 hour(s) 0 minute(s) 0 second(s) i.e.
   on Tue May 28 07:03:20 2024 (current time is Tue May 28 07:03:20 2024);
   - if your program needs 31 BIG iterations  (62 iterations) to converge, convergence will be 
   reached in 0 day(s) 0 hour(s) 0 minute(s) 0 second(s) i.e.
   on Tue May 28 07:03:20 2024 (current time is Tue May 28 07:03:20 2024);
1..........2..................3.........4.................5.........6.................7........8..................directest= 1115.166251831450 (if directest<0 or t<0 we include P0 Pn as new direction), t= -28203604.249730922000, f1= 3134.407951921205,f2= 2925.486657812447,f3= 4006.318724945115, del= 87.293554704988
f1-2f2+f3= 1289.753361241425, f1-f2-del= 121.627739403770, f1-f3= -871.910773023910

Powell iter=3 Big Iter=2 -2*LL=2925.486657812447 gain=209 0 sec. 0 sec.
#model=  1      +     age 
12    4.4185636   -0.0045613 
13   -1.1399417    0.0063177 
21    2.6771943   -0.0025287 
23   -2.3485869    0.0074438 

Considering the time needed for this last iteration #3: 0 seconds,
   - if your program needs 1 BIG iterations  (2 iterations) to converge, convergence will be 
   reached in 0 day(s) 0 hour(s) 0 minute(s) 0 second(s) i.e.
   on Tue May 28 07:03:20 2024 (current time is Tue May 28 07:03:20 2024);
   - if your program needs 11 BIG iterations  (22 iterations) to converge, convergence will be 
   reached in 0 day(s) 0 hour(s) 0 minute(s) 0 second(s) i.e.
   on Tue May 28 07:03:20 2024 (current time is Tue May 28 07:03:20 2024);
   - if your program needs 21 BIG iterations  (42 iterations) to converge, convergence will be 
   reached in 0 day(s) 0 hour(s) 0 minute(s) 0 second(s) i.e.
   on Tue May 28 07:03:20 2024 (current time is Tue May 28 07:03:20 2024);
   - if your program needs 31 BIG iterations  (62 iterations) to converge, convergence will be 
   reached in 0 day(s) 0 hour(s) 0 minute(s) 0 second(s) i.e.
   on Tue May 28 07:03:20 2024 (current time is Tue May 28 07:03:20 2024);
1...........2...................3..........4..................5........6................7........8........................Gaining to use new average direction of P0 P8 instead of biggest increase direction 7 :

Powell iter=4 Big Iter=3 -2*LL=2561.768137856376 gain=364 1 sec. 1 sec.
#model=  1      +     age 
12    3.8854465   -0.0177228 
13   -3.0147858    0.0250486 
21    0.0304176   -0.0108090 
23   -7.0300412    0.0288162 
1...........2..................3..........4...................5.........6.................7..................8..........directest= 888.292870043526 (if directest<0 or t<0 we include P0 Pn as new direction), t= -1542694.008481235200, f1= 2561.768137856376,f2= 2554.842864481086,f3= 3440.317619408064, del= 2.053579129371
f1-2f2+f3= 892.400028302268, f1-f2-del= 4.871694245919, f1-f3= -878.549481551688

Powell iter=5 Big Iter=3 -2*LL=2554.842864481086 gain=6.93 0 sec. 1 sec.
#model=  1      +     age 
12    3.7955658   -0.0208844 
13   -3.1946608    0.0285070 
21   -0.0220676   -0.0117018 
23   -7.1046289    0.0333286 
1.........2...................3..........4...................5.........6.................7....................8.................Gaining to use new average direction of P0 P8 instead of biggest increase direction 1 :

Powell iter=6 Big Iter=4 -2*LL=2474.138397551639 gain=80.7 1 sec. 2 sec.
#model=  1      +     age 
12    9.5549042   -0.0704280 
13   -6.4738112    0.0830506 
21    1.3277028   -0.0260983 
23   -7.9658824    0.0576812 
1..........2...................3..........4...................5.........6..................7.................8.......
Powell iter=7 Big Iter=4 -2*LL=2446.340594427226 gain=27.8 0 sec. 2 sec.
#model=  1      +     age 
12   11.5853726   -0.0939023 
13   -7.9002425    0.1057224 
21    1.7572701   -0.0328736 
23   -8.7008742    0.0638388 
1...........2...................3..........4..................5.........6..................7..................8................Gaining to use new average direction of P0 P8 instead of biggest increase direction 1 :

Powell iter=8 Big Iter=5 -2*LL=2426.437546600073 gain=19.9 1 sec. 3 sec.
#model=  1      +     age 
12   15.4258538   -0.1398096 
13  -10.5349762    0.1476283 
21    2.4391472   -0.0459398 
23  -10.1237455    0.0767764 
1.........2.................3..........4..................5.........6................7...................8........directest= 5.130680617466 (if directest<0 or t<0 we include P0 Pn as new direction), t= -16.503992047410, f1= 2426.437546600073,f2= 2424.347752228089,f3= 2430.344474154477, del= 1.477917840453
f1-2f2+f3= 8.086516298373, f1-f2-del= 0.611876531531, f1-f3= -3.906927554403

Powell iter=9 Big Iter=5 -2*LL=2424.347752228089 gain=2.09 0 sec. 3 sec.
#model=  1      +     age 
12   16.2444173   -0.1442792 
13  -11.0406473    0.1559128 
21    2.5995680   -0.0487963 
23  -10.3512711    0.0804463 
1.........2..................3..........4..................5.........6................7..................8...............Gaining to use new average direction of P0 P8 instead of biggest increase direction 2 :

Powell iter=10 Big Iter=6 -2*LL=2421.285482297116 gain=3.06 0 sec. 3 sec.
#model=  1      +     age 
12   19.7000377   -0.1683891 
13  -13.1174777    0.1900307 
21    3.3665913   -0.0599284 
23  -11.1943164    0.0945962 
1.........2........3..........4..................5.........6..............7..................8.........directest= 2.838469162016 (if directest<0 or t<0 we include P0 Pn as new direction), t= -0.687046609712, f1= 2421.285482297116,f2= 2420.969382194239,f3= 2423.774868127880, del= 0.141558437251
f1-2f2+f3= 3.121586036518, f1-f2-del= 0.174541665626, f1-f3= -2.489385830763

Powell iter=11 Big Iter=6 -2*LL=2420.969382194239 gain=0.316 1 sec. 4 sec.
#model=  1      +     age 
12   20.0001453   -0.1703484 
13  -13.3867996    0.1926113 
21    3.4661342   -0.0612073 
23  -11.2852513    0.0957678 
1.........2........3..........4..................5..........6...............7..................8...............Gaining to use new average direction of P0 P8 instead of biggest increase direction 5 :

Powell iter=12 Big Iter=7 -2*LL=2420.797913265962 gain=0.171 0 sec. 4 sec.
#model=  1      +     age 
12   20.6343855   -0.1759590 
13  -13.7317693    0.1977888 
21    3.6445761   -0.0639242 
23  -11.4978155    0.0981460 
1..........2........3.........4..................5.........6..............7..................8........
Powell iter=13 Big Iter=7 -2*LL=2420.736897031724 gain=0.061 0 sec. 4 sec.
#model=  1      +     age 
12   20.6308018   -0.1757972 
13  -13.6493409    0.1967070 
21    3.6606736   -0.0641458 
23  -11.4966819    0.0981845 
1..........2........3.........4..................5.........6..............7..................8..................Gaining to use new average direction of P0 P8 instead of biggest increase direction 3 :

Powell iter=14 Big Iter=8 -2*LL=2418.681186505296 gain=2.06 0 sec. 4 sec.
#model=  1      +     age 
12   18.8861579   -0.1599155 
13   -7.4422457    0.1238096 
21    4.1150509   -0.0705737 
23  -11.1755309    0.0941485 
1.........2........3........4..................5.........6..............7..................8..........directest= 6.780580024572 (if directest<0 or t<0 we include P0 Pn as new direction), t= -3.807031022047, f1= 2418.681186505296,f2= 2418.473498657620,f3= 2425.232345398746, del= 0.092977282115
f1-2f2+f3= 6.966534588802, f1-f2-del= 0.114710565561, f1-f3= -6.551158893451

Powell iter=15 Big Iter=8 -2*LL=2418.473498657620 gain=0.208 1 sec. 5 sec.
#model=  1      +     age 
12   18.8452883   -0.1596672 
13   -6.8870713    0.1173273 
21    4.1979879   -0.0717195 
23  -11.2228137    0.0942396 
1..........2........3........4..................5.........6..............7..................8...............Gaining to use new average direction of P0 P8 instead of biggest increase direction 1 :

Powell iter=16 Big Iter=9 -2*LL=2418.425094013146 gain=0.0484 0 sec. 5 sec.
#model=  1      +     age 
12   18.9887467   -0.1606687 
13   -6.4055243    0.1117416 
21    4.3283895   -0.0736077 
23  -11.3136657    0.0953252 
1............2........3........4..................5.........6..............7..................8........
Powell iter=17 Big Iter=9 -2*LL=2418.413687733769 gain=0.0114 0 sec. 5 sec.
#model=  1      +     age 
12   18.9050456   -0.1598832 
13   -6.1829769    0.1087045 
21    4.3363045   -0.0737104 
23  -11.3018795    0.0952469 
1..........2........3........4.....................5.........6..............7..................8.................Gaining to use new average direction of P0 P8 instead of biggest increase direction 3 :

Powell iter=18 Big Iter=10 -2*LL=2417.828880619736 gain=0.585 0 sec. 5 sec.
#model=  1      +     age 
12   16.2599961   -0.1484194 
13    0.1438399    0.0045822 
21    4.0437955   -0.0693224 
23  -11.8970760    0.1043675 
1...........2.......3......4...................5.........6................7..................8..........directest= 109.431139689812 (if directest<0 or t<0 we include P0 Pn as new direction), t= -11255.973633513971, f1= 2417.828880619736,f2= 2415.346389455572,f3= 2524.361177872186, del= 1.033069945483
f1-2f2+f3= 111.497279580778, f1-f2-del= 1.449421218681, f1-f3= -106.532297252450

Powell iter=19 Big Iter=10 -2*LL=2415.346389455572 gain=2.48 1 sec. 6 sec.
#model=  1      +     age 
12   16.2810277   -0.1570696 
13    2.8493132   -0.0355571 
21    4.2444783   -0.0725457 
23  -12.7342342    0.1143903 
1............2........3.......4....................5..........6................7...................8...........
Powell iter=20 Big Iter=11 -2*LL=2413.463646309398 gain=1.88 0 sec. 6 sec.
#model=  1      +     age 
12   17.0315549   -0.1670384 
13    5.0344689   -0.0634645 
21    4.7719391   -0.0803030 
23  -13.4438801    0.1223767 
1............2.........3.......4...................5...........6................7..................8.....................Gaining to use new average direction of P0 P8 instead of biggest increase direction 1 :

Powell iter=21 Big Iter=11 -2*LL=2408.511328511417 gain=4.95 0 sec. 6 sec.
#model=  1      +     age 
12   17.4786705   -0.1905528 
13   10.0237458   -0.1528189 
21    5.2184552   -0.0873956 
23  -15.5231201    0.1477731 
1..........2.........3.......4..................5..........6................7..................8.........directest= 17.842847689180 (if directest<0 or t<0 we include P0 Pn as new direction), t= -5.658885710241, f1= 2408.511328511417,f2= 2405.620594689914,f3= 2422.312029269536, del= 0.869660355972
f1-2f2+f3= 19.582168401124, f1-f2-del= 2.021073465531, f1-f3= -13.800700758119

Powell iter=22 Big Iter=12 -2*LL=2405.620594689914 gain=2.89 1 sec. 7 sec.
#model=  1      +     age 
12   17.9244151   -0.2009919 
13    9.0010907   -0.1420058 
21    5.0724192   -0.0857508 
23  -15.9521923    0.1526184 
1..........2.........3......4...................5..........6................7..................8...............Gaining to use new average direction of P0 P8 instead of biggest increase direction 4 :

Powell iter=23 Big Iter=12 -2*LL=2404.075422855109 gain=1.55 0 sec. 7 sec.
#model=  1      +     age 
12   19.7679209   -0.2277697 
13    7.9917322   -0.1243810 
21    5.3248596   -0.0903102 
23  -17.0739241    0.1651888 
1..........2.........3......4.........5..........6................7..................8........directest= 1.147789706229 (if directest<0 or t<0 we include P0 Pn as new direction), t= -0.011168932886, f1= 2404.075422855109,f2= 2403.881698846859,f3= 2404.968221519206, del= 0.066228487184
f1-2f2+f3= 1.280246680597, f1-f2-del= 0.127495521066, f1-f3= -0.892798664097

Powell iter=24 Big Iter=13 -2*LL=2403.881698846859 gain=0.194 0 sec. 7 sec.
#model=  1      +     age 
12   20.0956327   -0.2329720 
13    8.1655145   -0.1256707 
21    5.4197039   -0.0916310 
23  -17.3314050    0.1678620 
1..........2.........3.......4.........5..........6................7..................8........
Powell iter=25 Big Iter=13 -2*LL=2403.814581892866 gain=0.0671 1 sec. 8 sec.
#model=  1      +     age 
12   20.2892237   -0.2352209 
13    8.1914470   -0.1248607 
21    5.4844467   -0.0924689 
23  -17.4247832    0.1687356 
1..........2.........3.......4.........5..........6................7..................8........
Powell iter=26 Big Iter=14 -2*LL=2403.794695294344 gain=0.0199 0 sec. 8 sec.
#model=  1      +     age 
12   20.3785146   -0.2361814 
13    8.1896504   -0.1242681 
21    5.5148987   -0.0928491 
23  -17.4605393    0.1690414 
1..........2.........3.......4.................5..........6................7..................8.............Gaining to use new average direction of P0 P8 instead of biggest increase direction 5 :

Powell iter=27 Big Iter=14 -2*LL=2403.779635470114 gain=0.0151 1 sec. 9 sec.
#model=  1      +     age 
12   20.5144132   -0.2375756 
13    8.1809116   -0.1232821 
21    5.5647310   -0.0934681 
23  -17.5062566    0.1694059 
1..........2.........3........4.........5........6................7..................8......
Powell iter=28 Big Iter=15 -2*LL=2403.773673818011 gain=0.00596 1 sec. 10 sec.
#model=  1      +     age 
12   20.5418416   -0.2379094 
13    8.1643378   -0.1230419 
21    5.5717326   -0.0935803 
23  -17.5157019    0.1695327 
1..........2.........3........4.........5........6................7..................8..............Gaining to use new average direction of P0 P8 instead of biggest increase direction 8 :

Powell iter=29 Big Iter=15 -2*LL=2403.663840894109 gain=0.11 0 sec. 10 sec.
#model=  1      +     age 
12   20.6181718   -0.2391368 
13    8.8963349   -0.1348539 
21    5.7755000   -0.0965248 
23  -17.5223659    0.1699365 
1..........2.........3.....4.........5........6..............7..................8........
Powell iter=30 Big Iter=16 -2*LL=2403.572372370909 gain=0.0915 1 sec. 11 sec.
#model=  1      +     age 
12   20.6077199   -0.2391523 
13    8.7676314   -0.1339210 
21    5.7924554   -0.0968131 
23  -17.4257858    0.1689418 
1..........2.........3......4.........5........6..............7..................8.................Gaining to use new average direction of P0 P8 instead of biggest increase direction 4 :

Powell iter=31 Big Iter=16 -2*LL=2402.650062286452 gain=0.922 0 sec. 11 sec.
#model=  1      +     age 
12   19.8808669   -0.2344884 
13    8.6445120   -0.1438650 
21    6.1461703   -0.1025862 
23  -15.8767118    0.1520636 
1...........2.........3......4........5........6...............7..................8........
Powell iter=32 Big Iter=17 -2*LL=2402.163092036265 gain=0.487 1 sec. 12 sec.
#model=  1      +     age 
12   20.1264231   -0.2402467 
13    8.6433911   -0.1464697 
21    6.3563805   -0.1060458 
23  -15.7157107    0.1499817 
1...........2.........3.....4........5........6..............7..................8................Gaining to use new average direction of P0 P8 instead of biggest increase direction 3 :

Powell iter=33 Big Iter=17 -2*LL=2399.952314293388 gain=2.21 1 sec. 13 sec.
#model=  1      +     age 
12   22.3514891   -0.2809310 
13   11.1287800   -0.1912668 
21    8.1809310   -0.1346625 
23  -15.5247299    0.1476081 
1..........2.........3.........4........5.........6..............7..................8........directest= 2.399979023177 (if directest<0 or t<0 we include P0 Pn as new direction), t= -0.094248039679, f1= 2399.952314293388,f2= 2399.613690329694,f3= 2401.881178312732, del= 0.103066461777
f1-2f2+f3= 2.606111946731, f1-f2-del= 0.235557501916, f1-f3= -1.928864019344

Powell iter=34 Big Iter=18 -2*LL=2399.613690329694 gain=0.339 0 sec. 13 sec.
#model=  1      +     age 
12   22.3535697   -0.2808796 
13   12.0119521   -0.2034993 
21    8.3288375   -0.1368912 
23  -15.6038622    0.1482187 
1..........2.........3.........4........5........6..............7..................8........
Powell iter=35 Big Iter=18 -2*LL=2399.561883771022 gain=0.0518 1 sec. 14 sec.
#model=  1      +     age 
12   22.2530993   -0.2797540 
13   12.1513175   -0.2055302 
21    8.3347609   -0.1370417 
23  -15.5380392    0.1474217 
1..........2.........3.........4........5.........6..............7..................8...............Gaining to use new average direction of P0 P8 instead of biggest increase direction 2 :

Powell iter=36 Big Iter=19 -2*LL=2399.458264391580 gain=0.104 1 sec. 15 sec.
#model=  1      +     age 
12   22.2435928   -0.2795642 
13   11.8650604   -0.1997307 
21    8.3418982   -0.1371478 
23  -15.3609407    0.1452211 
1..........2........3.........4........5.........6..............7..................8........
Powell iter=37 Big Iter=19 -2*LL=2399.404457258129 gain=0.0538 0 sec. 15 sec.
#model=  1      +     age 
12   22.4418901   -0.2818551 
13   11.7713594   -0.1974923 
21    8.4066864   -0.1379812 
23  -15.3987681    0.1456367 
1..........2........3.........4........5.........6..............7..................8..............Gaining to use new average direction of P0 P8 instead of biggest increase direction 1 :

Powell iter=38 Big Iter=20 -2*LL=2399.376863967433 gain=0.0276 1 sec. 16 sec.
#model=  1      +     age 
12   22.6784657   -0.2842438 
13   11.6164543   -0.1937128 
21    8.4550538   -0.1384882 
23  -15.4836023    0.1465920 
1...............2...........3.........4........5.............6.................7...................8.......directest= 0.008664731649 (if directest<0 or t<0 we include P0 Pn as new direction), t= -0.000000001730, f1= 2399.376863967433,f2= 2399.376779388126,f3= 2399.385408653516, del= 0.000024556524
f1-2f2+f3= 0.008713844698, f1-f2-del= 0.000060022783, f1-f3= -0.008544686083

Powell iter=39 Big Iter=20 -2*LL=2399.376779388126 gain=8.46e-005 0 sec. 16 sec.
#model=  1      +     age 
12   22.6867872   -0.2843693 
13   11.6306316   -0.1939256 
21    8.4586293   -0.1385431 
23  -15.4922998    0.1466922 
1..........2.........3...................4........5.........6.................7..................8.............Gaining to use new average direction of P0 P8 instead of biggest increase direction 5 :

Powell iter=40 Big Iter=21 -2*LL=2399.376384978244 gain=0.000394 1 sec. 17 sec.
#model=  1      +     age 
12   22.7076562   -0.2846936 
13   11.6450714   -0.1940399 
21    8.4681270   -0.1386902 
23  -15.5044839    0.1468285 
1........2........3.........4.............5.........6....................7..................8......
Powell iter=41 Big Iter=21 -2*LL=2399.375870208488 gain=0.000515 1 sec. 18 sec.
#model=  1      +     age 
12   22.7025352   -0.2846112 
13   11.6406964   -0.1939587 
21    8.4650151   -0.1386419 
23  -15.5054038    0.1468390 
1........2........3.........4............5........6..............7..................8..............Gaining to use new average direction of P0 P8 instead of biggest increase direction 8 :

Powell iter=42 Big Iter=22 -2*LL=2398.682900155935 gain=0.693 0 sec. 18 sec.
#model=  1      +     age 
12   18.8341377   -0.2397701 
13    8.2273115   -0.1544220 
21    8.1273157   -0.1349337 
23  -16.5012661    0.1586033 
1........2.........3.........4........5......6.............7.................8........directest= 29.848963080207 (if directest<0 or t<0 we include P0 Pn as new direction), t= -926.399874588194, f1= 2398.682900155935,f2= 2396.123469717232,f3= 2426.124149118578, del= 1.355573379921
f1-2f2+f3= 32.560109840050, f1-f2-del= 1.203857058782, f1-f3= -27.441248962642

Powell iter=43 Big Iter=22 -2*LL=2396.123469717232 gain=2.56 1 sec. 19 sec.
#model=  1      +     age 
12   15.9320730   -0.2123098 
13    5.1748275   -0.1230170 
21    8.7115259   -0.1458364 
23  -16.8405986    0.1625240 
1.......2........3........4.......5......6..............7.................8..................Gaining to use new average direction of P0 P8 instead of biggest increase direction 8 :

Powell iter=44 Big Iter=23 -2*LL=2388.712039220488 gain=7.41 0 sec. 19 sec.
#model=  1      +     age 
12   11.5431423   -0.1681965 
13   -0.6778654   -0.0513395 
21    9.6644106   -0.1649168 
23  -17.1776927    0.1661407 
1.......2........3........4........5......6.............7..................8.........directest= 70.911542893643 (if directest<0 or t<0 we include P0 Pn as new direction), t= -21641.334148085778, f1= 2388.712039220488,f2= 2376.126423440481,f3= 2449.007359194945, del= 7.277504320413
f1-2f2+f3= 85.466551534470, f1-f2-del= 5.308111459593, f1-f3= -60.295319974457

Powell iter=45 Big Iter=23 -2*LL=2376.126423440481 gain=12.6 1 sec. 20 sec.
#model=  1      +     age 
12    9.2064856   -0.1420257 
13   -4.7007507    0.0059749 
21    9.9345618   -0.1738362 
23  -17.0517396    0.1642581 
1........2........3.........4........5.......6............7..................8................Gaining to use new average direction of P0 P8 instead of biggest increase direction 8 :

Powell iter=46 Big Iter=24 -2*LL=2333.379610301213 gain=42.7 1 sec. 21 sec.
#model=  1      +     age 
12    4.7901270   -0.0974660 
13  -11.0934994    0.0853856 
21   10.3831645   -0.1960222 
23  -17.5784546    0.1706913 
1........2..........3........4........5......6...........7..................8........
Powell iter=47 Big Iter=24 -2*LL=2253.951419561218 gain=79.4 0 sec. 21 sec.
#model=  1      +     age 
12    1.6713285   -0.0607140 
13  -15.4086564    0.1446306 
21   10.1181565   -0.2089320 
23  -18.1687677    0.1780188 
1........2.........3........4.......5........6.............7...................8.......
Powell iter=48 Big Iter=25 -2*LL=2153.389984987052 gain=101 1 sec. 22 sec.
#model=  1      +     age 
12   -1.1174624   -0.0256243 
13  -18.1574319    0.1766061 
21    9.0624526   -0.2111018 
23  -18.3884101    0.1810757 
1........2........3........4......5.......6..............7.................8................Gaining to use new average direction of P0 P8 instead of biggest increase direction 3 :

Powell iter=49 Big Iter=25 -2*LL=2069.809774713115 gain=83.6 1 sec. 23 sec.
#model=  1      +     age 
12   -5.9843815    0.0498242 
13  -21.6988645    0.2104906 
21    4.4326586   -0.1424392 
23  -16.1233750    0.1545683 
1.......2........3.........4.......5.......6................7...................8........
Powell iter=50 Big Iter=26 -2*LL=2046.632642613099 gain=23.2 0 sec. 23 sec.
#model=  1      +     age 
12   -6.4827838    0.0556784 
13  -21.8163340    0.2037187 
21    3.4101970   -0.1225364 
23  -15.7625324    0.1503442 
1........2........3.........4........5.......6................7..................8...............Gaining to use new average direction of P0 P8 instead of biggest increase direction 3 :

Powell iter=51 Big Iter=26 -2*LL=2013.379404072358 gain=33.3 1 sec. 24 sec.
#model=  1      +     age 
12   -6.2401355    0.0528904 
13  -25.7763473    0.2627416 
21    0.2943056   -0.0658640 
23  -13.8754563    0.1270789 
1........2........3.......4........5........6...............7...................8.........
Powell iter=52 Big Iter=27 -2*LL=1997.835257479306 gain=15.5 1 sec. 25 sec.
#model=  1      +     age 
12   -6.2525797    0.0531681 
13  -27.0573211    0.2729374 
21   -1.2393492   -0.0434082 
23  -14.2863587    0.1322051 
1........2........3........4.......5......6...............7...................8.................Gaining to use new average direction of P0 P8 instead of biggest increase direction 2 :

Powell iter=53 Big Iter=27 -2*LL=1984.291911583634 gain=13.5 0 sec. 25 sec.
#model=  1      +     age 
12   -4.6074887    0.0272937 
13  -27.5744192    0.2681497 
21   -2.2109660   -0.0301891 
23  -15.2135450    0.1437036 
1........2.........3........4........5........6..............7.................8........directest= 3.811630788385 (if directest<0 or t<0 we include P0 Pn as new direction), t= -1.668754349112, f1= 1984.291911583634,f2= 1983.526160334954,f3= 1987.284094600314, del= 0.356027362828
f1-2f2+f3= 4.523685514040, f1-f2-del= 0.409723885853, f1-f3= -2.992183016680

Powell iter=54 Big Iter=28 -2*LL=1983.526160334954 gain=0.766 1 sec. 26 sec.
#model=  1      +     age 
12   -4.6181713    0.0272781 
13  -27.0217629    0.2597007 
21   -2.0265082   -0.0337340 
23  -15.0377800    0.1415904 
1.......2.........3........4.......5........6..............7.................8..............Gaining to use new average direction of P0 P8 instead of biggest increase direction 4 :

Powell iter=55 Big Iter=28 -2*LL=1982.229273271557 gain=1.3 0 sec. 26 sec.
#model=  1      +     age 
12   -4.3624105    0.0232885 
13  -26.5409924    0.2546808 
21   -1.9359886   -0.0351729 
23  -14.0740756    0.1298449 
1........2..........3........4........5........6................7.................8........directest= 0.697193597751 (if directest<0 or t<0 we include P0 Pn as new direction), t= -0.007500120652, f1= 1982.229273271557,f2= 1982.158314224021,f3= 1982.839902031081, del= 0.027676628423
f1-2f2+f3= 0.752546854597, f1-f2-del= 0.043282419114, f1-f3= -0.610628759524

Powell iter=56 Big Iter=29 -2*LL=1982.158314224021 gain=0.071 1 sec. 27 sec.
#model=  1      +     age 
12   -4.4206367    0.0242412 
13  -26.5576297    0.2540176 
21   -2.0858256   -0.0328192 
23  -14.0429128    0.1294368 
1........2.........3........4........5........6...............7...................8...............Gaining to use new average direction of P0 P8 instead of biggest increase direction 1 :

Powell iter=57 Big Iter=29 -2*LL=1982.138016313049 gain=0.0203 1 sec. 28 sec.
#model=  1      +     age 
12   -4.4618798    0.0249333 
13  -26.3535012    0.2504358 
21   -2.1005623   -0.0325841 
23  -14.0274934    0.1292639 
1...............2.........3........4........5........6...............7...................8........
Powell iter=58 Big Iter=30 -2*LL=1982.132947557223 gain=0.00507 0 sec. 28 sec.
#model=  1      +     age 
12   -4.4476300    0.0247147 
13  -26.2909885    0.2495816 
21   -2.0709154   -0.0330361 
23  -14.0320648    0.1293163 
1........2.........3........4........5........6...............7.........................8..............Gaining to use new average direction of P0 P8 instead of biggest increase direction 3 :

Powell iter=59 Big Iter=30 -2*LL=1982.111050751734 gain=0.0219 1 sec. 29 sec.
#model=  1      +     age 
12   -4.3721827    0.0235568 
13  -25.9991133    0.2457436 
21   -1.9955382   -0.0341910 
23  -14.0012430    0.1289382 
1........2.........3........4........5........6...............7.................8.......
Powell iter=60 Big Iter=31 -2*LL=1982.084677264194 gain=0.0264 1 sec. 30 sec.
#model=  1      +     age 
12   -4.3801905    0.0236793 
13  -25.8987177    0.2445159 
21   -1.9806820   -0.0344192 
23  -14.0137737    0.1290934 
1........2.........3........4........5........6...............7.................8...............Gaining to use new average direction of P0 P8 instead of biggest increase direction 2 :

Powell iter=61 Big Iter=31 -2*LL=1980.217988530917 gain=1.87 0 sec. 30 sec.
#model=  1      +     age 
12   -4.4248264    0.0240954 
13  -18.6704122    0.1679602 
21   -1.6927581   -0.0388884 
23  -14.2466781    0.1318930 
1........2......3.......4........5........6...............7.................8..........directest= 12.997786859691 (if directest<0 or t<0 we include P0 Pn as new direction), t= -24.838830533727, f1= 1980.217988530917,f2= 1979.813427091638,f3= 1992.742399149798, del= 0.167873318874
f1-2f2+f3= 13.333533497439, f1-f2-del= 0.236688120405, f1-f3= -12.524410618881

Powell iter=62 Big Iter=32 -2*LL=1979.813427091638 gain=0.405 1 sec. 31 sec.
#model=  1      +     age 
12   -4.3680238    0.0232875 
13  -17.2085379    0.1482227 
21   -1.8263591   -0.0368041 
23  -14.3125143    0.1326756 
1........2......3.......4........5........6..............7.................8.................Gaining to use new average direction of P0 P8 instead of biggest increase direction 2 :

Powell iter=63 Big Iter=32 -2*LL=1979.614758759766 gain=0.199 0 sec. 31 sec.
#model=  1      +     age 
12   -4.4524811    0.0246495 
13  -16.4439204    0.1383030 
21   -2.1656011   -0.0315780 
23  -14.4115258    0.1338757 
1........2..........3........4........5.............6.....................7.................8......directest= 0.057363780671 (if directest<0 or t<0 we include P0 Pn as new direction), t= -0.000086568980, f1= 1979.614758759766,f2= 1979.573034965573,f3= 1979.663937258900, del= 0.037631153425
f1-2f2+f3= 0.132626087520, f1-f2-del= 0.004092640769, f1-f3= -0.049178499134

Powell iter=64 Big Iter=33 -2*LL=1979.573034965573 gain=0.0417 1 sec. 32 sec.
#model=  1      +     age 
12   -4.4226165    0.0241902 
13  -16.3467376    0.1371515 
21   -2.1941131   -0.0311464 
23  -14.2578425    0.1319910 
1........2..........3.........4........5............6...............7.........................8.......
Powell iter=65 Big Iter=33 -2*LL=1979.571177099680 gain=0.00186 1 sec. 33 sec.
#model=  1      +     age 
12   -4.4246524    0.0242181 
13  -16.3726591    0.1376746 
21   -2.2001870   -0.0310561 
23  -14.2439682    0.1318203 
1........2..........3........4........5...........6...............7...................8.............Gaining to use new average direction of P0 P8 instead of biggest increase direction 2 :

Powell iter=66 Big Iter=34 -2*LL=1979.569625709478 gain=0.00155 0 sec. 33 sec.
#model=  1      +     age 
12   -4.4314854    0.0243237 
13  -16.5471770    0.1399856 
21   -2.2135176   -0.0308535 
23  -14.2328483    0.1316840 
1........2.............3................4.........5..............6.......................7.......................8...................directest= 0.000625780252 (if directest<0 or t<0 we include P0 Pn as new direction), t= -0.000000000001, f1= 1979.569625709478,f2= 1979.569619270146,f3= 1979.570245450076, del= 0.000003419505
f1-2f2+f3= 0.000632619262, f1-f2-del= 0.000003019827, f1-f3= -0.000619740598

Powell iter=67 Big Iter=34 -2*LL=1979.569619270146 gain=6.44e-006 1 sec. 34 sec.
#model=  1      +     age 
12   -4.4311618    0.0243192 
13  -16.5458093    0.1399589 
21   -2.2143623   -0.0308404 
23  -14.2314266    0.1316666 
1............2............3.........4.............5..................6.................7.....................8............
Powell iter=68 Big Iter=35 -2*LL=1979.569618370822 gain=8.99e-007 1 sec. 35 sec.
#model=  1      +     age 
12   -4.4309745    0.0243163 
13  -16.5469648    0.1399699 
21   -2.2140864   -0.0308446 
23  -14.2310462    0.1316620 
1.....................2...........3.................4.................5..........................6....................7.....................8.....................................Gaining to use new average direction of P0 P8 instead of biggest increase direction 2 :

Powell iter=69 Big Iter=35 -2*LL=1979.569618138547 gain=2.32e-007 1 sec. 36 sec.
#model=  1      +     age 
12   -4.4309227    0.0243156 
13  -16.5482159    0.1399827 
21   -2.2138533   -0.0308482 
23  -14.2310964    0.1316626 
1..................2..............................3..........................4......................5.........................6.................7....................8.................directest= 0.000000044546 (if directest<0 or t<0 we include P0 Pn as new direction), t= -0.000000000000, f1= 1979.569618138547,f2= 1979.569618137942,f3= 1979.569618183028, del= 0.000000000573
f1-2f2+f3= 0.000000045691, f1-f2-del= 0.000000000033, f1-f3= -0.000000044481

Powell iter=70 Big Iter=36 -2*LL=1979.569618137942 gain=6.05e-010 1 sec. 37 sec.
#model=  1      +     age 
12   -4.4309283    0.0243157 
13  -16.5482125    0.1399827 
21   -2.2138579   -0.0308481 
23  -14.2311163    0.1316629 
1.................2.................................3.............................4.........................5........................6..................7....................8.......................................
Powell iter=71 Big Iter=36 -2*LL=1979.569618137939 gain=3.64e-012 1 sec. 38 sec.
#model=  1      +     age 
12   -4.4309285    0.0243157 
13  -16.5482139    0.1399827 
21   -2.2138581   -0.0308481 
23  -14.2311167    0.1316629 
1...................................2...................................3...........................4........................5.........................6.................7....................8...................................directest= 0.000000000000 (if directest<0 or t<0 we include P0 Pn as new direction), t= -0.000000000000, f1= 1979.569618137939,f2= 1979.569618137938,f3= 1979.569618137939, del= 0.000000000000
f1-2f2+f3= 0.000000000001, f1-f2-del= 0.000000000000, f1-f3= -0.000000000000

Powell iter=72 Big Iter=37 -2*LL=1979.569618137938 gain=4.55e-013 1 sec. 39 sec.
#model=  1      +     age 
12   -4.4309285    0.0243157 
13  -16.5482139    0.1399827 
21   -2.2138581   -0.0308481 
23  -14.2311167    0.1316629 
1........................2....................................3.............................4......................5..........................6..................7....................8.....................................
#Number of iterations & function calls = 72 & 9253, -2 Log likelihood = 1979.569618137938
# Parameters nlstate*nlstate*ncov a12*1 + b12 * age + ...
#model=  1      +     age 
12   -4.4309285    0.0243157 
13  -16.5482139    0.1399827 
21   -2.2138581   -0.0308481 
23  -14.2311167    0.1316629 

Calculation of the hessian matrix. Wait...
1-2-3-4-5-6-7-8-.1-2.1-3.1-4.1-5.1-6.1-7.1-8.2-3.2-4.2-5.2-6.2-7.2-8.3-4.3-5.3-6.3-7.3-8.4-5.4-6.4-7.4-8.5-6.5-7.5-8.6-7.6-8.7-8

Inverting the hessian to get the covariance matrix. Wait...

#Hessian matrix#
1.262784e+002 8.131848e+003 1.040846e+000 8.207570e+001 -2.405241e+001 -1.568271e+003 -7.506617e-001 -5.695210e+001 
8.131848e+003 5.338694e+005 8.121225e+001 6.493286e+003 -1.570965e+003 -1.043507e+005 -5.735766e+001 -4.382642e+003 
1.040846e+000 8.121225e+001 1.680219e+000 1.300447e+002 -6.409656e-001 -4.878086e+001 1.529608e+000 1.196601e+002 
8.207570e+001 6.493286e+003 1.300447e+002 1.029266e+004 -4.916083e+001 -3.837993e+003 1.195805e+002 9.533314e+003 
-2.405241e+001 -1.570965e+003 -6.409656e-001 -4.916083e+001 8.307925e+001 5.364916e+003 -7.433940e-001 -6.013724e+001 
-1.568271e+003 -1.043507e+005 -4.878086e+001 -3.837993e+003 5.364916e+003 3.527116e+005 -5.923454e+001 -4.828572e+003 
-7.506617e-001 -5.735766e+001 1.529608e+000 1.195805e+002 -7.433940e-001 -5.923454e+001 8.569459e+001 6.894430e+003 
-5.695210e+001 -4.382642e+003 1.196601e+002 9.533314e+003 -6.013724e+001 -4.828572e+003 6.894430e+003 5.626576e+005 
Parameters, Wald tests and Wald-based confidence intervals
 W is simply the result of the division of the parameter by the square root of covariance of the parameter.
 And Wald-based confidence intervals plus and minus 1.96 * W 
  It might be better to visualize the covariance matrix. See the page 'Matrix of variance-covariance of one-step probabilities' and its graphs.
12   -4.4309285(   0.6660355) W=  -6.653 CI=[  -5.7363581 ;   -3.1254988]    0.0243157(   0.0102683) W=   2.368 CI=[   0.0041899 ;    0.0444415] 
13  -16.5482139(   5.2520327) W=  -3.151 CI=[ -26.8421980 ;   -6.2542297]    0.1399827(   0.0671787) W=   2.084 CI=[   0.0083125 ;    0.2716529] 
21   -2.2138581(   0.8495881) W=  -2.606 CI=[  -3.8790507 ;   -0.5486654]   -0.0308481(   0.0130601) W=  -2.362 CI=[  -0.0564459 ;   -0.0052503] 
23  -14.2311167(   0.9158178) W= -15.539 CI=[ -16.0261196 ;  -12.4361138]    0.1316629(   0.0112988) W=  11.653 CI=[   0.1095173 ;    0.1538084] 
# Scales (for hessian or gradient estimation)
12 1.00000e-004 1.00000e-005
13 1.00000e-003 1.00000e-005
21 1.00000e-003 1.00000e-005
23 1.00000e-003 1.00000e-005
# Covariance matrix 
# 121 Var(a12)
# 122 Cov(b12,a12) Var(b12)
#   ...
# 232 Cov(b23,a12)  Cov(b23,b12) ... Var (b23)
#121 Var(a12)
#122 Cov(b12,a12) Var(b12)
#131 Cov(a13,a12) Cov(a13,b12) Var(a13)
#132 Cov(b13,a12) Cov(b13,b12) Cov(b13,a13) Var(b13)
#211 Cov(a21,a12) Cov(a21,b12) Cov(a21,a13) Cov(a21,b13) Var(a21)
#212 Cov(b21,a12) Cov(b21,b12) Cov(b21,a13) Cov(b21,b13) Cov(b21,a21) Var(b21)
#231 Cov(a23,a12) Cov(a23,b12) Cov(a23,a13) Cov(a23,b13) Cov(a23,a21) Cov(a23,b21) Var(a23)
#232 Cov(b23,a12) Cov(b23,b12) Cov(b23,a13) Cov(b23,b13) Cov(b23,a21) Cov(b23,b21) Cov(b23,a23) Var(b23)
121 4.4360335e-001
122 -6.77385e-003 1.0543769e-004
131 -1.45197e-001 2.25502e-003 2.7583848e+001
132 2.46570e-003 -3.91997e-005 -3.48847e-001 4.5129724e-003
211 1.28923e-001 -1.98394e-003 2.43440e-001 -3.49360e-003 7.2179991e-001
212 -1.98618e-003 3.11424e-005 -3.66186e-003 5.33370e-005 -1.09972e-002 1.7056645e-004
231 1.43962e-003 -1.44491e-005 -6.43176e-001 7.89720e-003 -1.86180e-003 2.76292e-005 8.3872223e-001
232 -3.96652e-005 5.52486e-007 7.92292e-003 -9.90141e-005 1.06024e-005 -1.33591e-007 -1.02741e-002 1.2766205e-004
# agemin agemax for life expectancy, bage fage (if mle==0 ie no data nor Max likelihood).
# Observed prevalence period
begin-prev-date=1/1/2013 end-prev-date=1/9/2018 mov_average=0
# Health expectancies computed from stable (period) prevalence (pop_based=0) or population based (1)
pop_based=0
# Prevalence forecasting and backcasting is skept here
##prevforecast=0  starting-proj-date=1/1/1989 final-proj-date=1/1/1990 mobil_average=0
#prevforecast=1 yearsfproj=10 mobil_average=0
#prevbackcast=1 yearsbproj=10 mobil_average=1
End of resultlines.

Computing forward period (stable) prevalence: result on file 'PL_DKMchr.txt' 
Computing pij: result on file 'PIJ_DKMchr.txt' 
Computing standard deviation of one-step probabilities: result on file 'PROB_rDKMchr.txt' 
Computing matrix of variance covariance of one-step probabilities: result on file 'PROBCOV_DKMchr.txt' 
and correlation matrix of one-step probabilities: result on file 'PROBCOR_DKMchr.txt' 
Prevalence combination of varying and fixed dummies 1
Warning Observed prevalence doesn't sum to 1 for state 2: probs[50][2][1]=0.000000 because of lack of cases.
Warning Observed prevalence doesn't sum to 1 for state 1: probs[95][1][1]=0.000000 because of lack of cases.
Warning Observed prevalence doesn't sum to 1 for state 2: probs[95][2][1]=0.000000 because of lack of cases.
Warning Observed prevalence doesn't sum to 1 for state 1: probs[97][1][1]=0.000000 because of lack of cases.
Warning Observed prevalence doesn't sum to 1 for state 2: probs[97][2][1]=0.000000 because of lack of cases.
Warning Observed prevalence doesn't sum to 1 for state 1: probs[99][1][1]=0.000000 because of lack of cases.
Warning Observed prevalence doesn't sum to 1 for state 2: probs[99][2][1]=0.000000 because of lack of cases.
Computing Health Expectancies: result on file 'E_DKMchr.txt' ...done evsij
Computing Total Life expectancies with their standard errors: file 'T_DKMchr.txt' ...
  Computing State-specific Expectancies and standard errors: result on file 'STDE_DKMchr.txt' 
    Computing Covar. of State-specific Expectancies: result on file 'CVE_DKMchr.txt' 
      Computing Variance-covariance of State-specific Expectancies: file 'V_DKMchr.txt' ... done State-specific expectancies
Computing Variance-covariance of forward period (stable) prevalence: file 'VPL_DKMchr.txt' ...done variance-covariance of forward period prevalence
End of Imach with 0 errors and/or warnings 1. Please look at the log file for details.
Local time at start Tue May 28 07:03:20 2024

Local time at end   Tue May 28 07:04:03 2024

Total time used 0 day(s) 0 hour(s) 0 minute(s) 43 second(s)
Total time was 43 Sec.
