Log filename:EEF.log
Version 0.99r45 $Revision: 1.353 $ $Date: 2023/05/08 18:48:22 $
Enter the parameter file name: 
pathimach=C:\PROGRA~1\IMACH-~2.99R\bin\
pathtot=C:\Users\mmusz\Dropbox\gender_paradox\data\IMACH\EEF.txt
 path=C:\Users\mmusz\Dropbox\gender_paradox\data\IMACH\ 
 optionfile=EEF.txt
 optionfilext=txt
 optionfilefiname='EEF'
Compiled with: Microsoft Visual Studio for Windows (x64 and x86)  64-bit
The programm is not running under WOW64 (i.e probably on a 64bit Windows).
Local time (at start): Sat May 25 22:26:15 2024
title=adl datafile=dataEEF.txt lastobs=15000 firstpass=1 lastpass=2
ftol=1.000000e-018 stepm=3 ncovcol=0 nqv=0 ntv=0 nqtv=0 nlstate=2 ndeath=1 maxwav=2 mle=1 weight=1
model=1+age+
# Parameters nlstate*nlstate*ncov a12*1 + b12 * age + ...
12 0.000000 0.000000
13 0.000000 0.000000
21 0.000000 0.000000
23 0.000000 0.000000
# Scales (for hessian or gradient estimation)
12 0.000000e+000 0.000000e+000
13 0.000000e+000 0.000000e+000
21 0.000000e+000 0.000000e+000
23 0.000000e+000 0.000000e+000
# Covariance matrix
121 0.00000e+000
122 0.00000e+000 0.00000e+000
131 0.00000e+000 0.00000e+000 0.00000e+000
132 0.00000e+000 0.00000e+000 0.00000e+000 0.00000e+000
211 0.00000e+000 0.00000e+000 0.00000e+000 0.00000e+000 0.00000e+000
212 0.00000e+000 0.00000e+000 0.00000e+000 0.00000e+000 0.00000e+000 0.00000e+000
231 0.00000e+000 0.00000e+000 0.00000e+000 0.00000e+000 0.00000e+000 0.00000e+000 0.00000e+000
232 0.00000e+000 0.00000e+000 0.00000e+000 0.00000e+000 0.00000e+000 0.00000e+000 0.00000e+000 0.00000e+000

Model=1+age+
Typevar: 0 for simple covariate (dummy, quantitative, fixed or varying), 1 for age product, 2 for  product, 3 for double product with age  
Fixed[k] 0=fixed (product or simple), 1 varying, 2 fixed with age product, 3 varying with age product 
Dummy[k] 0=dummy (0 1), 1 quantitative (single or product without age), 2 dummy with age product, 3 quant with age product
ncoveff=0, nqfveff=0, ntveff=0, nqtveff=0, cptcovn=0
ncovf=0, ncovv=0, ncova=0, nsd=0, nsq=0
Warning: The value of parameter lastobs=15000 is big compared to the 
  effective number of cases imx=2865, please adjust, 
  otherwise you are allocating more memory than necessary.
Total number of individuals= 2865, Agemin = 51.08, Agemax= 104.50

Information, you have to check 0 informations which haven't been logged!
Delay (in months) between two waves Min=1 (for indiviudal 2374) Max=29 (1918) Mean=21.062216

 Age 51 1.=3 loss[1]=0.0% 2.=0 loss[2]=0.0% 1.=3 prev[1]=94.5% 2.=0 prev[2]=5.5% 11=3 12=0 13=0 21=0 22=0
Age 52 1.=2 loss[1]=0.0% 2.=0 loss[2]=0.0% 1.=2 prev[1]=93.8% 2.=0 prev[2]=6.2% 11=2 12=0 21=0
Age 53 1.=2 loss[1]=0.0% 2.=0 loss[2]=0.0% 1.=2 prev[1]=94.9% 2.=0 prev[2]=5.1% 11=2 21=0 22=0
Age 54 1.=2 loss[1]=0.0% 2.=0 loss[2]=0.0% 1.=2 prev[1]=90.8% 2.=0 prev[2]=9.2% 11=2 12=0 21=0 22=0
Age 55 1.=2 loss[1]=0.0% 2.=0 loss[2]=0.0% 1.=2 prev[1]=90.8% 2.=0 prev[2]=9.2% 11=2 12=0 21=0 22=0
Age 56 1.=3 loss[1]=0.0% 2.=0 loss[2]=0.0% 1.=3 prev[1]=93.2% 2.=0 prev[2]=6.8% 11=2 12=0 13=0 21=0 22=0
Age 57 1.=2 loss[1]=0.0% 2.=0 loss[2]=0.0% 1.=2 prev[1]=88.1% 2.=0 prev[2]=11.9% 11=2 12=0 21=0 22=0
Age 58 1.=3 loss[1]=0.0% 2.=0 loss[2]=0.0% 1.=3 prev[1]=88.9% 2.=0 prev[2]=11.1% 11=2 12=0 13=0 21=0 22=0 23=0
Age 59 1.=2 loss[1]=0.0% 2.=0 loss[2]=0.0% 1.=2 prev[1]=90.1% 2.=0 prev[2]=9.9% 11=2 12=0 13=0 21=0 22=0
Age 60 1.=3 loss[1]=0.0% 2.=0 loss[2]=0.0% 1.=3 prev[1]=96.7% 2.=0 prev[2]=3.3% 11=3 12=0 13=0 21=0 22=0
Age 61 1.=3 loss[1]=0.0% 2.=0 loss[2]=0.0% 1.=3 prev[1]=95.1% 2.=0 prev[2]=4.9% 11=2 12=0 13=0 21=0 22=0
Age 62 1.=2 loss[1]=0.0% 2.=0 loss[2]=0.0% 1.=2 prev[1]=92.6% 2.=0 prev[2]=7.4% 11=2 12=0 13=0 21=0 23=0
Age 63 1.=2 loss[1]=0.0% 2.=0 loss[2]=0.0% 1.=2 prev[1]=88.9% 2.=0 prev[2]=11.1% 11=2 12=0 13=0 21=0 22=0
Age 64 1.=2 loss[1]=0.0% 2.=0 loss[2]=0.0% 1.=2 prev[1]=91.2% 2.=0 prev[2]=8.8% 11=2 12=0 13=0 22=0 23=0
Age 65 1.=2 loss[1]=0.0% 2.=0 loss[2]=0.0% 1.=2 prev[1]=93.0% 2.=0 prev[2]=7.0% 11=2 12=0 13=0 21=0 22=0
Age 66 1.=2 loss[1]=0.0% 2.=0 loss[2]=0.0% 1.=2 prev[1]=88.4% 2.=0 prev[2]=11.6% 11=2 12=0 13=0 21=0 22=0
Age 67 1.=3 loss[1]=0.0% 2.=0 loss[2]=0.0% 1.=3 prev[1]=89.5% 2.=0 prev[2]=10.5% 11=2 12=0 13=0 21=0 22=0
Age 68 1.=2 loss[1]=0.0% 2.=0 loss[2]=0.0% 1.=2 prev[1]=83.0% 2.=0 prev[2]=17.0% 11=2 12=0 21=0 22=0
Age 69 1.=2 loss[1]=0.0% 2.=0 loss[2]=0.0% 1.=2 prev[1]=88.3% 2.=0 prev[2]=11.7% 11=2 12=0 13=0 22=0
Age 70 1.=2 loss[1]=0.0% 2.=0 loss[2]=0.0% 1.=2 prev[1]=94.9% 2.=0 prev[2]=5.1% 11=2 12=0 21=0 22=0
Age 71 1.=1 loss[1]=0.0% 2.=0 loss[2]=0.0% 1.=1 prev[1]=95.1% 2.=0 prev[2]=4.9% 11=1 12=0 13=0 22=0
Age 72 1.=2 loss[1]=0.0% 2.=0 loss[2]=0.0% 1.=2 prev[1]=83.0% 2.=0 prev[2]=17.0% 11=2 12=0 21=0 22=0 23=0
Age 73 1.=2 loss[1]=0.0% 2.=0 loss[2]=0.0% 1.=2 prev[1]=83.2% 2.=0 prev[2]=16.8% 11=2 12=0 13=0 21=0 22=0 23=0
Age 74 1.=2 loss[1]=0.0% 2.=0 loss[2]=0.0% 1.=2 prev[1]=82.0% 2.=0 prev[2]=18.0% 11=2 12=0 13=0 21=0 22=0
Age 75 1.=2 loss[1]=0.0% 2.=0 loss[2]=0.0% 1.=2 prev[1]=82.8% 2.=0 prev[2]=17.2% 11=2 12=0 13=0 21=0 22=0 23=0
Age 76 1.=2 loss[1]=0.0% 2.=0 loss[2]=0.0% 1.=2 prev[1]=83.1% 2.=0 prev[2]=16.9% 11=2 12=0 13=0 21=0 22=0 23=0
Age 77 1.=2 loss[1]=0.0% 2.=0 loss[2]=0.0% 1.=2 prev[1]=79.0% 2.=0 prev[2]=21.0% 11=2 12=0 13=0 21=0 22=0 23=0
Age 78 1.=2 loss[1]=0.0% 2.=1 loss[2]=0.0% 1.=2 prev[1]=68.9% 2.=1 prev[2]=31.1% 11=1 12=0 13=0 21=0 22=0 23=0
Age 79 1.=1 loss[1]=0.0% 2.=1 loss[2]=0.0% 1.=1 prev[1]=72.6% 2.=1 prev[2]=27.4% 11=1 12=0 13=0 21=0 22=0 23=0
Age 80 1.=1 loss[1]=0.0% 2.=1 loss[2]=0.0% 1.=1 prev[1]=72.2% 2.=1 prev[2]=27.8% 11=1 12=0 13=0 21=0 22=0 23=0
Age 81 1.=1 loss[1]=0.0% 2.=1 loss[2]=0.0% 1.=1 prev[1]=68.4% 2.=1 prev[2]=31.6% 11=1 12=0 13=0 21=0 22=0 23=0
Age 82 1.=1 loss[1]=0.0% 2.=1 loss[2]=0.0% 1.=1 prev[1]=59.2% 2.=1 prev[2]=40.8% 11=1 12=0 13=0 21=0 22=0 23=0
Age 83 1.=1 loss[1]=0.0% 2.=1 loss[2]=0.0% 1.=1 prev[1]=55.9% 2.=1 prev[2]=44.1% 11=1 12=0 13=0 21=0 22=1 23=0
Age 84 1.=1 loss[1]=0.0% 2.=1 loss[2]=0.0% 1.=1 prev[1]=63.7% 2.=1 prev[2]=36.3% 11=1 12=0 13=0 21=0 22=0 23=0
Age 85 1.=1 loss[1]=0.0% 2.=1 loss[2]=0.0% 1.=1 prev[1]=54.6% 2.=1 prev[2]=45.4% 11=0 12=0 13=0 21=0 22=0 23=0
Age 86 1.=1 loss[1]=0.0% 2.=0 loss[2]=0.0% 1.=1 prev[1]=67.1% 2.=0 prev[2]=32.9% 11=1 12=0 13=0 21=0 22=0 23=0
Age 87 1.=1 loss[1]=0.0% 2.=0 loss[2]=0.0% 1.=1 prev[1]=58.5% 2.=0 prev[2]=41.5% 11=0 12=0 13=0 21=0 22=0 23=0
Age 88 1.=0 loss[1]=0.0% 2.=0 loss[2]=0.0% 1.=0 prev[1]=54.6% 2.=0 prev[2]=45.4% 11=0 12=0 13=0 21=0 22=0 23=0
Age 89 1.=0 loss[1]=0.0% 2.=0 loss[2]=0.0% 1.=0 prev[1]=55.2% 2.=0 prev[2]=44.8% 11=0 12=0 13=0 22=0 23=0
Age 90 1.=0 loss[1]=0.0% 2.=0 loss[2]=0.0% 1.=0 prev[1]=64.7% 2.=0 prev[2]=35.3% 11=0 12=0 13=0 21=0 22=0 23=0
Age 91 1.=0 loss[1]=0.0% 2.=0 loss[2]=0.0% 1.=0 prev[1]=56.2% 2.=0 prev[2]=43.8% 11=0 12=0 13=0 22=0 23=0
Age 92 1.=0 loss[1]=0.0% 2.=0 loss[2]=0.0% 1.=0 prev[1]=57.1% 2.=0 prev[2]=42.9% 11=0 23=0
Age 93 1.=0 loss[1]=0.0% 2.=0 loss[2]=0.0% 1.=0 prev[1]=76.9% 2.=0 prev[2]=23.1% 11=0 12=0 13=0 22=0 23=0
Age 94 1.=0 loss[1]=0.0% 2.=0 loss[2]=NaNQ% 1.=0 prev[1]=100.0% 2.=0 prev[2]=0.0% 11=0
Age 95 1.=0 loss[1]=0.0% 2.=0 loss[2]=0.0% 1.=0 prev[1]=33.5% 2.=0 prev[2]=66.5% 11=0 23=0
Age 96 1.=0 loss[1]=NaNQ% 2.=0 loss[2]=0.0% 1.=0 prev[1]=0.0% 2.=0 prev[2]=100.0% 21=0 23=0
Age 97 1.=0 loss[1]=0.0% 2.=0 loss[2]=NaNQ% 1.=0 prev[1]=100.0% 2.=0 prev[2]=0.0% 13=0
Age 98 1.=0 loss[1]=NaNQ% 2.=0 loss[2]=NaNQ% 1.=0 prev[1]=NaNQ% 2.=0 prev[2]=NaNQ%
Age 99 1.=0 loss[1]=NaNQ% 2.=0 loss[2]=0.0% 1.=0 prev[1]=0.0% 2.=0 prev[2]=100.0% 22=0 23=0
Age 100 1.=0 loss[1]=NaNQ% 2.=0 loss[2]=0.0% 1.=0 prev[1]=0.0% 2.=0 prev[2]=100.0% 22=0
Age 101 1.=0 loss[1]=NaNQ% 2.=0 loss[2]=NaNQ% 1.=0 prev[1]=NaNQ% 2.=0 prev[2]=NaNQ%
Age 102 1.=0 loss[1]=NaNQ% 2.=0 loss[2]=NaNQ% 1.=0 prev[1]=NaNQ% 2.=0 prev[2]=NaNQ%
Age 103 1.=0 loss[1]=NaNQ% 2.=0 loss[2]=NaNQ% 1.=0 prev[1]=NaNQ% 2.=0 prev[2]=NaNQ%
Age 104 1.=0 loss[1]=NaNQ% 2.=0 loss[2]=0.0% 1.=0 prev[1]=0.0% 2.=0 prev[2]=100.0% 23=0
1 1.=0 loss[1]=NaNQ% 2.=0 loss[2]=NaNQ% 1.=0 prev[1]=NaNQ% 2.=0 prev[2]=NaNQ%
0 1.=0 loss[1]=NaNQ% 2.=0 loss[2]=NaNQ% 1.=0 prev[1]=NaNQ% 2.=0 prev[2]=NaNQ%
Total 1.=72 loss[1]=0.0% 2.=14 loss[2]=0.0% 1.=72 prev[1]=83.7% 2.=14 prev[2]=16.3% 11=64 12=6 13=3 21=5 22=7 23=2


12    0.0000000 ln(6/64)=   -2.4062588 
13    0.0000000 ln(3/64)=   -3.0593558 
21    0.0000000 ln(5/7)=   -0.4421265 
23    0.0000000 ln(2/7)=   -1.0543852 

 -1-1=0 -10=0 -11=0 -12=0 -13=0 0-1=0 00=0 01=0 02=0 03=0 1-1=0 10=0 11=64 12=6 13=3 2-1=0 20=0 21=5 22=7 23=2 3-1=0 30=0 31=0 32=0 33=0
Powell

Powell iter=1 Big Iter=1 -2*LL=20234.415282465947 gain=0 0 sec. 0 sec.
#model=  1      +     age 
12    0.0000000    0.0000000 
13    0.0000000    0.0000000 
21    0.0000000    0.0000000 
23    0.0000000    0.0000000 
1......2...................3........4..................5......6...................7.......8..................
Powell iter=2 Big Iter=2 -2*LL=6894.058066269715 gain=1.33e+004 1 sec. 1 sec.
#model=  1      +     age 
12    5.6093187   -0.0018837 
13   -0.9152667    0.0019934 
21    2.8943062   -0.0005954 
23   -1.5106586    0.0028592 

Considering the time needed for this last iteration #2: 1 seconds,
   - if your program needs 1 BIG iterations  (2 iterations) to converge, convergence will be 
   reached in 0 day(s) 0 hour(s) 0 minute(s) 0 second(s) i.e.
   on Sat May 25 22:26:16 2024 (current time is Sat May 25 22:26:16 2024);
   - if your program needs 11 BIG iterations  (22 iterations) to converge, convergence will be 
   reached in 0 day(s) 0 hour(s) 0 minute(s) 20 second(s) i.e.
   on Sat May 25 22:26:36 2024 (current time is Sat May 25 22:26:16 2024);
   - if your program needs 21 BIG iterations  (42 iterations) to converge, convergence will be 
   reached in 0 day(s) 0 hour(s) 0 minute(s) 40 second(s) i.e.
   on Sat May 25 22:26:56 2024 (current time is Sat May 25 22:26:16 2024);
   - if your program needs 31 BIG iterations  (62 iterations) to converge, convergence will be 
   reached in 0 day(s) 0 hour(s) 1 minute(s) 0 second(s) i.e.
   on Sat May 25 22:27:16 2024 (current time is Sat May 25 22:26:16 2024);
1........2...................3......4..................5.........6...................7........8..........................Gaining to use new average direction of P0 P8 instead of biggest increase direction 1 :

Powell iter=3 Big Iter=2 -2*LL=4414.062341629117 gain=2.48e+003 0 sec. 1 sec.
#model=  1      +     age 
12   -1.4131695   -0.0032907 
13   -4.7371111    0.0106271 
21    3.0005552   -0.0045101 
23   -2.9120639    0.0111537 

Considering the time needed for this last iteration #3: 0 seconds,
   - if your program needs 1 BIG iterations  (2 iterations) to converge, convergence will be 
   reached in 0 day(s) 0 hour(s) 0 minute(s) 0 second(s) i.e.
   on Sat May 25 22:26:16 2024 (current time is Sat May 25 22:26:16 2024);
   - if your program needs 11 BIG iterations  (22 iterations) to converge, convergence will be 
   reached in 0 day(s) 0 hour(s) 0 minute(s) 0 second(s) i.e.
   on Sat May 25 22:26:16 2024 (current time is Sat May 25 22:26:16 2024);
   - if your program needs 21 BIG iterations  (42 iterations) to converge, convergence will be 
   reached in 0 day(s) 0 hour(s) 0 minute(s) 0 second(s) i.e.
   on Sat May 25 22:26:16 2024 (current time is Sat May 25 22:26:16 2024);
   - if your program needs 31 BIG iterations  (62 iterations) to converge, convergence will be 
   reached in 0 day(s) 0 hour(s) 0 minute(s) 0 second(s) i.e.
   on Sat May 25 22:26:16 2024 (current time is Sat May 25 22:26:16 2024);
1..................2..............3.........4..................5..........6...................7...........8.........directest= 2535.629542924620 (if directest<0 or t<0 we include P0 Pn as new direction), t= -172634596.396984550000, f1= 4414.062341629117,f2= 4327.606769505765,f3= 6840.663985577560, del= 31.941622635264
f1-2f2+f3= 2599.512788195149, f1-f2-del= 54.513949488089, f1-f3= -2426.601643948443

Powell iter=4 Big Iter=3 -2*LL=4327.606769505765 gain=86.5 0 sec. 1 sec.
#model=  1      +     age 
12   -1.7039356    0.0005514 
13   -5.3403092    0.0133385 
21    3.1911826   -0.0187524 
23   -3.2484688    0.0085962 
1....................2..............3...........4...................5...........6...................7...........8.................Gaining to use new average direction of P0 P8 instead of biggest increase direction 3 :

Powell iter=5 Big Iter=3 -2*LL=4222.852594661679 gain=105 1 sec. 2 sec.
#model=  1      +     age 
12   -2.1631587    0.0057267 
13   -6.6125654    0.0207785 
21    3.1098006   -0.0297790 
23   -3.9143879    0.0291431 
1...................2.............3..........4...................5..........6..................7..........8..........
Powell iter=6 Big Iter=4 -2*LL=4183.367558656058 gain=39.5 1 sec. 3 sec.
#model=  1      +     age 
12   -2.3858057    0.0076685 
13   -6.9718027    0.0224002 
21    2.9644198   -0.0347029 
23   -4.3942786    0.0299943 
1..................2..............3.........4....................5..........6..................7..........8...................Gaining to use new average direction of P0 P8 instead of biggest increase direction 8 :

Powell iter=7 Big Iter=4 -2*LL=4037.695914251089 gain=146 1 sec. 4 sec.
#model=  1      +     age 
12   -3.3393236    0.0098306 
13   -8.5650666    0.0399412 
21    2.2553842   -0.0569176 
23   -6.6536842    0.0382576 
1..................2..............3...........4..................5.........6...............7..........8.........directest= 476.071737854332 (if directest<0 or t<0 we include P0 Pn as new direction), t= -7290653.505613545000, f1= 4037.695914251089,f2= 3691.222229830284,f3= 4336.087482700585, del= 257.633599718387
f1-2f2+f3= 991.338937291107, f1-f2-del= 88.840084702418, f1-f3= -298.391568449495

Powell iter=8 Big Iter=5 -2*LL=3691.222229830284 gain=346 1 sec. 5 sec.
#model=  1      +     age 
12   -3.4659051   -0.0035556 
13   -8.7283689    0.0490943 
21    1.7440176   -0.0587852 
23   -7.1513645    0.0459432 
1..................2.............3............4...................5.........6..............7..........8.........
Powell iter=9 Big Iter=5 -2*LL=3673.652697929609 gain=17.6 1 sec. 6 sec.
#model=  1      +     age 
12   -3.5548735   -0.0068826 
13   -8.7988859    0.0512726 
21    1.7291307   -0.0588864 
23   -7.3211342    0.0484568 
1...................2...............3............4..................5.........6..............7.........8................Gaining to use new average direction of P0 P8 instead of biggest increase direction 3 :

Powell iter=10 Big Iter=6 -2*LL=3651.543669387636 gain=22.1 0 sec. 6 sec.
#model=  1      +     age 
12   -4.7320240    0.0060128 
13   -9.6752429    0.0660183 
21    1.7014855   -0.0588270 
23   -8.5938114    0.0640996 
1..................2................3.........4..................5.........6.............7..........8.............Gaining to use new average direction of P0 P8 instead of biggest increase direction 2 :

Powell iter=11 Big Iter=6 -2*LL=3614.735951990804 gain=36.8 1 sec. 7 sec.
#model=  1      +     age 
12   -6.4872694    0.0317297 
13  -10.9862185    0.0837213 
21    1.6887665   -0.0579713 
23  -10.4169231    0.0872602 
1.................2........3.........4..................5.........6..............7.........8.......
Powell iter=12 Big Iter=7 -2*LL=3601.101617952641 gain=13.6 1 sec. 8 sec.
#model=  1      +     age 
12   -6.9447294    0.0387303 
13  -11.3408131    0.0863634 
21    1.5902549   -0.0572462 
23  -10.8227870    0.0918149 
1..................2........3.........4..................5.........6..............7...........8.............Gaining to use new average direction of P0 P8 instead of biggest increase direction 8 :

Powell iter=13 Big Iter=7 -2*LL=3590.993475609654 gain=10.1 1 sec. 9 sec.
#model=  1      +     age 
12   -7.5599477    0.0494754 
13  -11.7978214    0.0894028 
21    1.3499181   -0.0540291 
23  -11.3323960    0.0977415 
1..................2........3.........4..................5.........6.............7.........8........directest= 4.448281550207 (if directest<0 or t<0 we include P0 Pn as new direction), t= -4.658103486445, f1= 3590.993475609654,f2= 3590.105368696017,f3= 3594.634532083829, del= 0.484494375621
f1-2f2+f3= 5.417270301448, f1-f2-del= 0.403612538016, f1-f3= -3.641056474175

Powell iter=14 Big Iter=8 -2*LL=3590.105368696017 gain=0.888 1 sec. 10 sec.
#model=  1      +     age 
12   -7.6258151    0.0504658 
13  -11.8479555    0.0903928 
21    1.2945994   -0.0529981 
23  -11.4100516    0.0987622 
1..................2........3.........4...................5.........6.............7..........8...............Gaining to use new average direction of P0 P8 instead of biggest increase direction 6 :

Powell iter=15 Big Iter=8 -2*LL=3582.027472757075 gain=8.08 0 sec. 10 sec.
#model=  1      +     age 
12   -7.9894311    0.0559596 
13  -12.2563797    0.0985126 
21    0.2647369   -0.0377401 
23  -11.8516490    0.1042088 
1..................2.........3.........4.................5.........6........7..........8........
Powell iter=16 Big Iter=9 -2*LL=3576.355613762743 gain=5.67 1 sec. 11 sec.
#model=  1      +     age 
12   -7.8057979    0.0531845 
13  -12.2082259    0.0976997 
21   -0.1439783   -0.0327533 
23  -11.6814485    0.1018217 
1..................2.......3.........4.................5.................6........7..........8..............Gaining to use new average direction of P0 P8 instead of biggest increase direction 4 :

Powell iter=17 Big Iter=9 -2*LL=3570.595163578530 gain=5.76 1 sec. 12 sec.
#model=  1      +     age 
12   -7.5286071    0.0491099 
13  -12.1973869    0.0959284 
21   -1.1551937   -0.0192377 
23  -11.4211547    0.0987922 
1..................2........3.........4........5.........6........7..........8........directest= 2.545913548129 (if directest<0 or t<0 we include P0 Pn as new direction), t= -0.795688435808, f1= 3570.595163578530,f2= 3570.137882275979,f3= 3572.709096059213, del= 0.241290768828
f1-2f2+f3= 3.028495085784, f1-f2-del= 0.215990533723, f1-f3= -2.113932480683

Powell iter=18 Big Iter=10 -2*LL=3570.137882275979 gain=0.457 0 sec. 12 sec.
#model=  1      +     age 
12   -7.6872772    0.0509795 
13  -12.3364656    0.0976420 
21   -1.2326368   -0.0185434 
23  -11.5890044    0.1006219 
1..................2........3.........4........5.........6........7...........8..............Gaining to use new average direction of P0 P8 instead of biggest increase direction 2 :

Powell iter=19 Big Iter=10 -2*LL=3570.060756827739 gain=0.0771 1 sec. 13 sec.
#model=  1      +     age 
12   -7.7857816    0.0521697 
13  -12.4167641    0.0985349 
21   -1.2536960   -0.0182480 
23  -11.6935911    0.1018963 
1..................2...........3.........4..........5...........6........7..........8.........directest= 0.018574043736 (if directest<0 or t<0 we include P0 Pn as new direction), t= -0.000000109140, f1= 3570.060756827739,f2= 3570.059776688820,f3= 3570.078175315897, del= 0.000402361130
f1-2f2+f3= 0.019378765996, f1-f2-del= 0.000577777789, f1-f3= -0.017418488158

Powell iter=20 Big Iter=11 -2*LL=3570.059776688820 gain=0.00098 1 sec. 14 sec.
#model=  1      +     age 
12   -7.7821084    0.0521009 
13  -12.4141848    0.0985148 
21   -1.2519134   -0.0182824 
23  -11.6929834    0.1018802 
1..................2..........3...........4..........5...........6..........7..........8.................Gaining to use new average direction of P0 P8 instead of biggest increase direction 7 :

Powell iter=21 Big Iter=11 -2*LL=3570.054269956510 gain=0.00551 0 sec. 14 sec.
#model=  1      +     age 
12   -7.7733077    0.0519528 
13  -12.4067075    0.0983913 
21   -1.2526980   -0.0183524 
23  -11.7191605    0.1021928 
1..................2........3.........4........5............6........7........8......
Powell iter=22 Big Iter=12 -2*LL=3570.046141480482 gain=0.00813 1 sec. 15 sec.
#model=  1      +     age 
12   -7.7700973    0.0519201 
13  -12.4008431    0.0983118 
21   -1.2489859   -0.0183934 
23  -11.7414461    0.1025186 
1..................2........3.........4........5...............6........7........8.............Gaining to use new average direction of P0 P8 instead of biggest increase direction 8 :

Powell iter=23 Big Iter=12 -2*LL=3569.994699679432 gain=0.0514 1 sec. 16 sec.
#model=  1      +     age 
12   -7.7407744    0.0515574 
13  -12.3421811    0.0976074 
21   -1.2269941   -0.0185925 
23  -12.0352451    0.1059471 
1..................2.........3..............4........5.........6........7........8........directest= 0.042919474052 (if directest<0 or t<0 we include P0 Pn as new direction), t= -0.000001722279, f1= 3569.994699679432,f2= 3569.993138105033,f3= 3570.036499657787, del= 0.001001826551
f1-2f2+f3= 0.044923127154, f1-f2-del= 0.000559747849, f1-f3= -0.041799978354

Powell iter=24 Big Iter=13 -2*LL=3569.993138105033 gain=0.00156 1 sec. 17 sec.
#model=  1      +     age 
12   -7.7426606    0.0515721 
13  -12.3433492    0.0976440 
21   -1.2296867   -0.0185685 
23  -12.0445840    0.1060116 
1..................2...........3.........4.................5.........6........7................8..............Gaining to use new average direction of P0 P8 instead of biggest increase direction 5 :

Powell iter=25 Big Iter=13 -2*LL=3569.992475975271 gain=0.000662 1 sec. 18 sec.
#model=  1      +     age 
12   -7.7438437    0.0515792 
13  -12.3417423    0.0976366 
21   -1.2315677   -0.0185693 
23  -12.0574374    0.1061524 
1.......................2................3.........4........5........6........7.........8............Gaining to use new average direction of P0 P8 instead of biggest increase direction 3 :

Powell iter=26 Big Iter=14 -2*LL=3569.990191982638 gain=0.00228 1 sec. 19 sec.
#model=  1      +     age 
12   -7.7466439    0.0516091 
13  -12.3358177    0.0975745 
21   -1.2334997   -0.0185757 
23  -12.0736479    0.1063489 
1..................2..........3.....4.........5.................6...........7........8............Gaining to use new average direction of P0 P8 instead of biggest increase direction 8 :

Powell iter=27 Big Iter=14 -2*LL=3569.987411740451 gain=0.00278 1 sec. 20 sec.
#model=  1      +     age 
12   -7.7501953    0.0516515 
13  -12.3285932    0.0974891 
21   -1.2434308   -0.0184718 
23  -12.0899114    0.1065418 
1..................2..........3......4...........5..............6........7........8..........Gaining to use new average direction of P0 P8 instead of biggest increase direction 3 :

Powell iter=28 Big Iter=15 -2*LL=3569.971440608338 gain=0.016 1 sec. 21 sec.
#model=  1      +     age 
12   -7.7666720    0.0518673 
13  -12.2829141    0.0968981 
21   -1.2791107   -0.0180690 
23  -12.1348801    0.1071167 
1..................2........3......4..................5.........6........7................8............Gaining to use new average direction of P0 P8 instead of biggest increase direction 8 :

Powell iter=29 Big Iter=15 -2*LL=3569.944563469678 gain=0.0269 1 sec. 22 sec.
#model=  1      +     age 
12   -7.7989145    0.0523029 
13  -12.2086744    0.0959648 
21   -1.2963621   -0.0178967 
23  -12.1823298    0.1076775 
1..................2........3......4..........5..........6........7........8............Gaining to use new average direction of P0 P8 instead of biggest increase direction 3 :

Powell iter=30 Big Iter=16 -2*LL=3569.871491487329 gain=0.0731 1 sec. 23 sec.
#model=  1      +     age 
12   -7.8740507    0.0533463 
13  -12.0140825    0.0934686 
21   -1.2907648   -0.0179357 
23  -12.2125525    0.1080286 
1..................2........3......4........5............6........7.........8.......
Powell iter=31 Big Iter=16 -2*LL=3569.850376232169 gain=0.0211 0 sec. 23 sec.
#model=  1      +     age 
12   -7.8701553    0.0532961 
13  -12.0040383    0.0933068 
21   -1.2691320   -0.0181587 
23  -12.1769801    0.1076054 
1..................2........3......4.........5.........6.........7.........8.............Gaining to use new average direction of P0 P8 instead of biggest increase direction 3 :

Powell iter=32 Big Iter=17 -2*LL=3569.837495573576 gain=0.0129 1 sec. 24 sec.
#model=  1      +     age 
12   -7.8651199    0.0532458 
13  -11.9816739    0.0929363 
21   -1.2655174   -0.0181075 
23  -12.1263643    0.1070609 
1..................2........3......................4.................5...........6.........7...........8..........directest= 0.004910917884 (if directest<0 or t<0 we include P0 Pn as new direction), t= -0.000000000459, f1= 3569.837495573576,f2= 3569.837452121136,f3= 3569.842358855566, del= 0.000019634493
f1-2f2+f3= 0.004950186870, f1-f2-del= 0.000023817947, f1-f3= -0.004863281989

Powell iter=33 Big Iter=17 -2*LL=3569.837452121136 gain=4.35e-005 1 sec. 25 sec.
#model=  1      +     age 
12   -7.8660314    0.0532610 
13  -11.9820234    0.0929413 
21   -1.2641064   -0.0181259 
23  -12.1260536    0.1070637 
1.....................2.............3................4...............5....................6..........................7...................8..........
Powell iter=34 Big Iter=18 -2*LL=3569.837451819321 gain=3.02e-007 1 sec. 26 sec.
#model=  1      +     age 
12   -7.8661108    0.0532623 
13  -11.9821508    0.0929433 
21   -1.2640655   -0.0181263 
23  -12.1259848    0.1070631 
1......................2...................3..................4.................5.............6......................7...................8...........
Powell iter=35 Big Iter=18 -2*LL=3569.837451799639 gain=1.97e-008 2 sec. 28 sec.
#model=  1      +     age 
12   -7.8661162    0.0532624 
13  -11.9821894    0.0929439 
21   -1.2640481   -0.0181264 
23  -12.1259654    0.1070628 
1........................2............3..................4...........................5.......................6...................7......................................8.............
Powell iter=36 Big Iter=19 -2*LL=3569.837451797843 gain=1.8e-009 3 sec. 31 sec.
#model=  1      +     age 
12   -7.8661163    0.0532624 
13  -11.9821968    0.0929440 
21   -1.2640422   -0.0181265 
23  -12.1259611    0.1070627 
1......................2.................3....................4...................5................................6......................................7..............8.......................................
Powell iter=37 Big Iter=19 -2*LL=3569.837451797726 gain=1.16e-010 3 sec. 34 sec.
#model=  1      +     age 
12   -7.8661170    0.0532624 
13  -11.9821998    0.0929440 
21   -1.2640407   -0.0181265 
23  -12.1259622    0.1070627 
1...........................2..........................3....................................4.......................5.............................6......................................7...........................8.......................................
#Number of iterations & function calls = 37 & 4995, -2 Log likelihood = 3569.837451797726
# Parameters nlstate*nlstate*ncov a12*1 + b12 * age + ...
#model=  1      +     age 
12   -7.8661170    0.0532624 
13  -11.9821998    0.0929440 
21   -1.2640407   -0.0181265 
23  -12.1259622    0.1070627 

Calculation of the hessian matrix. Wait...
1-2-3-4-5-6-7-8-.1-2.1-3.1-4.1-5.1-6.1-7.1-8.2-3.2-4.2-5.2-6.2-7.2-8.3-4.3-5.3-6.3-7.3-8.4-5.4-6.4-7.4-8.5-6.5-7.5-8.6-7.6-8.7-8

Inverting the hessian to get the covariance matrix. Wait...

#Hessian matrix#
1.850647e+002 1.345826e+004 1.091879e+001 9.139422e+002 -4.774966e+001 -3.486584e+003 -1.020164e+001 -8.434716e+002 
1.345826e+004 9.977713e+005 9.060104e+002 7.679069e+004 -3.480334e+003 -2.593349e+005 -8.400406e+002 -7.037538e+004 
1.091879e+001 9.060104e+002 6.883294e+001 5.250615e+003 -9.736763e+000 -7.867244e+002 1.718322e+001 1.407077e+003 
9.139422e+002 7.679069e+004 5.250615e+003 4.069749e+005 -7.923281e+002 -6.487307e+004 1.406307e+003 1.166356e+005 
-4.774966e+001 -3.480334e+003 -9.736763e+000 -7.923281e+002 1.374184e+002 1.004651e+004 2.604515e+000 1.902812e+002 
-3.486584e+003 -2.593349e+005 -7.867244e+002 -6.487307e+004 1.004651e+004 7.512112e+005 1.882398e+002 1.389798e+004 
-1.020164e+001 -8.400406e+002 1.718322e+001 1.406307e+003 2.604515e+000 1.882398e+002 6.959669e+001 5.926095e+003 
-8.434716e+002 -7.037538e+004 1.407077e+003 1.166356e+005 1.902812e+002 1.389798e+004 5.926095e+003 5.083543e+005 
Parameters, Wald tests and Wald-based confidence intervals
 W is simply the result of the division of the parameter by the square root of covariance of the parameter.
 And Wald-based confidence intervals plus and minus 1.96 * W 
  It might be better to visualize the covariance matrix. See the page 'Matrix of variance-covariance of one-step probabilities' and its graphs.
12   -7.8661170(   0.5693867) W= -13.815 CI=[  -8.9821150 ;   -6.7501191]    0.0532624(   0.0077893) W=   6.838 CI=[   0.0379953 ;    0.0685295] 
13  -11.9821998(   1.0183518) W= -11.766 CI=[ -13.9781692 ;   -9.9862303]    0.0929440(   0.0133301) W=   6.972 CI=[   0.0668170 ;    0.1190711] 
21   -1.2640407(   0.5997158) W=  -2.108 CI=[  -2.4394837 ;   -0.0885977]   -0.0181265(   0.0081180) W=  -2.233 CI=[  -0.0340378 ;   -0.0022152] 
23  -12.1259622(   1.4543438) W=  -8.338 CI=[ -14.9764759 ;   -9.2754484]    0.1070627(   0.0170433) W=   6.282 CI=[   0.0736579 ;    0.1404675] 
# Scales (for hessian or gradient estimation)
12 1.00000e-004 1.00000e-005
13 1.00000e-003 1.00000e-005
21 1.00000e-004 1.00000e-005
23 1.00000e-003 1.00000e-005
# Covariance matrix 
# 121 Var(a12)
# 122 Cov(b12,a12) Var(b12)
#   ...
# 232 Cov(b23,a12)  Cov(b23,b12) ... Var (b23)
#121 Var(a12)
#122 Cov(b12,a12) Var(b12)
#131 Cov(a13,a12) Cov(a13,b12) Var(a13)
#132 Cov(b13,a12) Cov(b13,b12) Cov(b13,a13) Var(b13)
#211 Cov(a21,a12) Cov(a21,b12) Cov(a21,a13) Cov(a21,b13) Var(a21)
#212 Cov(b21,a12) Cov(b21,b12) Cov(b21,a13) Cov(b21,b13) Cov(b21,a21) Var(b21)
#231 Cov(a23,a12) Cov(a23,b12) Cov(a23,a13) Cov(a23,b13) Cov(a23,a21) Cov(a23,b21) Var(a23)
#232 Cov(b23,a12) Cov(b23,b12) Cov(b23,a13) Cov(b23,b13) Cov(b23,a21) Cov(b23,b21) Cov(b23,a23) Var(b23)
121 3.2420123e-001
122 -4.39339e-003 6.0673768e-005
131 -8.92201e-002 1.30048e-003 1.0370403e+000
132 1.25853e-003 -1.84573e-005 -1.34677e-002 1.7769265e-004
211 9.26511e-002 -1.24047e-003 4.17094e-002 -5.76072e-004 3.5965904e-001
212 -1.23652e-003 1.69177e-005 -5.91739e-004 8.32969e-006 -4.81362e-003 6.5902421e-005
231 7.95382e-002 -1.06550e-003 -3.68095e-001 4.53146e-003 -1.66923e-002 1.57194e-004 2.1151158e+000
232 -1.04017e-003 1.41678e-005 4.54316e-003 -5.67964e-005 1.90291e-004 -1.81529e-006 -2.46912e-002 2.9047267e-004
# agemin agemax for life expectancy, bage fage (if mle==0 ie no data nor Max likelihood).
# Observed prevalence period
begin-prev-date=1/1/2013 end-prev-date=1/9/2018 mov_average=0
# Health expectancies computed from stable (period) prevalence (pop_based=0) or population based (1)
pop_based=0
# Prevalence forecasting and backcasting is skept here
##prevforecast=0  starting-proj-date=1/1/1989 final-proj-date=1/1/1990 mobil_average=0
#prevforecast=1 yearsfproj=10 mobil_average=0
#prevbackcast=1 yearsbproj=10 mobil_average=1
End of resultlines.

Computing forward period (stable) prevalence: result on file 'PL_EEF.txt' 
Computing pij: result on file 'PIJ_EEF.txt' 
Computing standard deviation of one-step probabilities: result on file 'PROB_rEEF.txt' 
Computing matrix of variance covariance of one-step probabilities: result on file 'PROBCOV_EEF.txt' 
and correlation matrix of one-step probabilities: result on file 'PROBCOR_EEF.txt' 
Prevalence combination of varying and fixed dummies 1
Warning Observed prevalence doesn't sum to 1 for state 2: probs[50][2][1]=0.000000 because of lack of cases.
Warning Observed prevalence doesn't sum to 1 for state 1: probs[98][1][1]=0.000000 because of lack of cases.
Warning Observed prevalence doesn't sum to 1 for state 2: probs[98][2][1]=0.000000 because of lack of cases.
Computing Health Expectancies: result on file 'E_EEF.txt' ...done evsij
Computing Total Life expectancies with their standard errors: file 'T_EEF.txt' ...
  Computing State-specific Expectancies and standard errors: result on file 'STDE_EEF.txt' 
    Computing Covar. of State-specific Expectancies: result on file 'CVE_EEF.txt' 
      Computing Variance-covariance of State-specific Expectancies: file 'V_EEF.txt' ... done State-specific expectancies
Computing Variance-covariance of forward period (stable) prevalence: file 'VPL_EEF.txt' ...done variance-covariance of forward period prevalence
End of Imach with 0 errors and/or warnings 1. Please look at the log file for details.
Local time at start Sat May 25 22:26:15 2024

Local time at end   Sat May 25 22:26:54 2024

Total time used 0 day(s) 0 hour(s) 0 minute(s) 39 second(s)
Total time was 39 Sec.
