Log filename:EEFchr.log
Version 0.99r45 $Revision: 1.353 $ $Date: 2023/05/08 18:48:22 $
Enter the parameter file name: 
pathimach=C:\PROGRA~1\IMACH-~2.99R\bin\
pathtot=C:\Users\mmusz\Dropbox\gender_paradox\data\IMACH\EEFchr.txt
 path=C:\Users\mmusz\Dropbox\gender_paradox\data\IMACH\ 
 optionfile=EEFchr.txt
 optionfilext=txt
 optionfilefiname='EEFchr'
Compiled with: Microsoft Visual Studio for Windows (x64 and x86)  64-bit
The programm is not running under WOW64 (i.e probably on a 64bit Windows).
Local time (at start): Tue May 28 07:03:20 2024
title=chr datafile=dataEEFchr.txt lastobs=15000 firstpass=1 lastpass=2
ftol=1.000000e-018 stepm=3 ncovcol=0 nqv=0 ntv=0 nqtv=0 nlstate=2 ndeath=1 maxwav=2 mle=1 weight=1
model=1+age+
# Parameters nlstate*nlstate*ncov a12*1 + b12 * age + ...
12 0.000000 0.000000
13 0.000000 0.000000
21 0.000000 0.000000
23 0.000000 0.000000
# Scales (for hessian or gradient estimation)
12 0.000000e+000 0.000000e+000
13 0.000000e+000 0.000000e+000
21 0.000000e+000 0.000000e+000
23 0.000000e+000 0.000000e+000
# Covariance matrix
121 0.00000e+000
122 0.00000e+000 0.00000e+000
131 0.00000e+000 0.00000e+000 0.00000e+000
132 0.00000e+000 0.00000e+000 0.00000e+000 0.00000e+000
211 0.00000e+000 0.00000e+000 0.00000e+000 0.00000e+000 0.00000e+000
212 0.00000e+000 0.00000e+000 0.00000e+000 0.00000e+000 0.00000e+000 0.00000e+000
231 0.00000e+000 0.00000e+000 0.00000e+000 0.00000e+000 0.00000e+000 0.00000e+000 0.00000e+000
232 0.00000e+000 0.00000e+000 0.00000e+000 0.00000e+000 0.00000e+000 0.00000e+000 0.00000e+000 0.00000e+000

Model=1+age+
Typevar: 0 for simple covariate (dummy, quantitative, fixed or varying), 1 for age product, 2 for  product, 3 for double product with age  
Fixed[k] 0=fixed (product or simple), 1 varying, 2 fixed with age product, 3 varying with age product 
Dummy[k] 0=dummy (0 1), 1 quantitative (single or product without age), 2 dummy with age product, 3 quant with age product
ncoveff=0, nqfveff=0, ntveff=0, nqtveff=0, cptcovn=0
ncovf=0, ncovv=0, ncova=0, nsd=0, nsq=0
Warning: The value of parameter lastobs=15000 is big compared to the 
  effective number of cases imx=2883, please adjust, 
  otherwise you are allocating more memory than necessary.
Total number of individuals= 2883, Agemin = 51.08, Agemax= 104.50

Information, you have to check 0 informations which haven't been logged!
Delay (in months) between two waves Min=1 (for indiviudal 2389) Max=29 (1933) Mean=21.052723

 Age 51 1.=1 loss[1]=0.0% 2.=2 loss[2]=0.0% 1.=1 prev[1]=43.1% 2.=2 prev[2]=56.9% 11=1 12=1 21=0 22=1 23=0
Age 52 1.=1 loss[1]=0.0% 2.=2 loss[2]=0.0% 1.=1 prev[1]=27.5% 2.=2 prev[2]=72.5% 11=1 12=0 21=0 22=1
Age 53 1.=1 loss[1]=0.0% 2.=2 loss[2]=0.0% 1.=1 prev[1]=27.0% 2.=2 prev[2]=73.0% 11=1 12=0 21=0 22=1
Age 54 1.=1 loss[1]=0.0% 2.=2 loss[2]=0.0% 1.=1 prev[1]=31.7% 2.=2 prev[2]=68.3% 11=1 12=0 21=0 22=1
Age 55 1.=1 loss[1]=0.0% 2.=1 loss[2]=0.0% 1.=1 prev[1]=45.6% 2.=1 prev[2]=54.4% 11=1 12=0 21=0 22=1
Age 56 1.=1 loss[1]=0.0% 2.=2 loss[2]=0.0% 1.=1 prev[1]=38.5% 2.=2 prev[2]=61.5% 11=1 12=0 13=0 21=0 22=2
Age 57 1.=1 loss[1]=0.0% 2.=2 loss[2]=0.0% 1.=1 prev[1]=32.8% 2.=2 prev[2]=67.2% 11=1 12=0 21=0 22=1
Age 58 1.=1 loss[1]=0.0% 2.=2 loss[2]=0.0% 1.=1 prev[1]=33.2% 2.=2 prev[2]=66.8% 11=1 12=0 21=0 22=1 23=0
Age 59 1.=1 loss[1]=0.0% 2.=2 loss[2]=0.0% 1.=1 prev[1]=21.5% 2.=2 prev[2]=78.5% 11=0 12=0 21=0 22=2 23=0
Age 60 1.=1 loss[1]=0.0% 2.=2 loss[2]=0.0% 1.=1 prev[1]=25.5% 2.=2 prev[2]=74.5% 11=0 12=0 13=0 21=0 22=2 23=0
Age 61 1.=1 loss[1]=0.0% 2.=2 loss[2]=0.0% 1.=1 prev[1]=26.6% 2.=2 prev[2]=73.4% 11=0 12=0 21=0 22=2 23=0
Age 62 1.=0 loss[1]=0.0% 2.=2 loss[2]=0.0% 1.=0 prev[1]=11.1% 2.=2 prev[2]=88.9% 11=0 12=0 21=0 22=2 23=0
Age 63 1.=0 loss[1]=0.0% 2.=2 loss[2]=0.0% 1.=0 prev[1]=16.1% 2.=2 prev[2]=83.9% 11=0 12=0 21=0 22=2 23=0
Age 64 1.=0 loss[1]=0.0% 2.=2 loss[2]=0.0% 1.=0 prev[1]=17.3% 2.=2 prev[2]=82.7% 11=0 12=0 21=0 22=2 23=0
Age 65 1.=0 loss[1]=0.0% 2.=2 loss[2]=0.0% 1.=0 prev[1]=16.3% 2.=2 prev[2]=83.7% 11=0 12=0 21=0 22=2 23=0
Age 66 1.=0 loss[1]=0.0% 2.=2 loss[2]=0.0% 1.=0 prev[1]=19.8% 2.=2 prev[2]=80.2% 11=0 12=0 21=0 22=2 23=0
Age 67 1.=0 loss[1]=0.0% 2.=3 loss[2]=0.0% 1.=0 prev[1]=15.3% 2.=3 prev[2]=84.7% 11=0 12=0 21=0 22=2 23=0
Age 68 1.=0 loss[1]=0.0% 2.=2 loss[2]=0.0% 1.=0 prev[1]=14.3% 2.=2 prev[2]=85.7% 11=0 12=0 21=0 22=2
Age 69 1.=0 loss[1]=0.0% 2.=2 loss[2]=0.0% 1.=0 prev[1]=14.9% 2.=2 prev[2]=85.1% 11=0 12=0 21=0 22=2 23=0
Age 70 1.=0 loss[1]=0.0% 2.=2 loss[2]=0.0% 1.=0 prev[1]=9.5% 2.=2 prev[2]=90.5% 11=0 12=0 21=0 22=2
Age 71 1.=0 loss[1]=0.0% 2.=1 loss[2]=0.0% 1.=0 prev[1]=13.9% 2.=1 prev[2]=86.1% 11=0 12=0 21=0 22=1 23=0
Age 72 1.=0 loss[1]=0.0% 2.=2 loss[2]=0.0% 1.=0 prev[1]=12.5% 2.=2 prev[2]=87.5% 11=0 12=0 21=0 22=2 23=0
Age 73 1.=0 loss[1]=0.0% 2.=2 loss[2]=0.0% 1.=0 prev[1]=10.3% 2.=2 prev[2]=89.7% 11=0 12=0 13=0 21=0 22=2 23=0
Age 74 1.=0 loss[1]=0.0% 2.=2 loss[2]=0.0% 1.=0 prev[1]=10.4% 2.=2 prev[2]=89.6% 11=0 12=0 21=0 22=2 23=0
Age 75 1.=0 loss[1]=0.0% 2.=3 loss[2]=0.0% 1.=0 prev[1]=9.6% 2.=3 prev[2]=90.4% 11=0 12=0 21=0 22=2 23=0
Age 76 1.=0 loss[1]=0.0% 2.=2 loss[2]=0.0% 1.=0 prev[1]=5.0% 2.=2 prev[2]=95.0% 11=0 21=0 22=2 23=0
Age 77 1.=0 loss[1]=0.0% 2.=2 loss[2]=0.0% 1.=0 prev[1]=9.7% 2.=2 prev[2]=90.3% 11=0 12=0 13=0 21=0 22=2 23=0
Age 78 1.=0 loss[1]=0.0% 2.=2 loss[2]=0.0% 1.=0 prev[1]=5.7% 2.=2 prev[2]=94.3% 11=0 12=0 21=0 22=2 23=0
Age 79 1.=0 loss[1]=0.0% 2.=2 loss[2]=0.0% 1.=0 prev[1]=5.6% 2.=2 prev[2]=94.4% 11=0 12=0 13=0 21=0 22=2 23=0
Age 80 1.=0 loss[1]=0.0% 2.=2 loss[2]=0.0% 1.=0 prev[1]=6.8% 2.=2 prev[2]=93.2% 11=0 12=0 13=0 21=0 22=1 23=0
Age 81 1.=0 loss[1]=0.0% 2.=2 loss[2]=0.0% 1.=0 prev[1]=1.0% 2.=2 prev[2]=99.0% 11=0 21=0 22=1 23=0
Age 82 1.=0 loss[1]=0.0% 2.=2 loss[2]=0.0% 1.=0 prev[1]=2.2% 2.=2 prev[2]=97.8% 12=0 21=0 22=1 23=0
Age 83 1.=0 loss[1]=0.0% 2.=2 loss[2]=0.0% 1.=0 prev[1]=2.7% 2.=2 prev[2]=97.3% 12=0 21=0 22=2 23=0
Age 84 1.=0 loss[1]=0.0% 2.=1 loss[2]=0.0% 1.=0 prev[1]=7.1% 2.=1 prev[2]=92.9% 12=0 13=0 21=0 22=1 23=0
Age 85 1.=0 loss[1]=0.0% 2.=1 loss[2]=0.0% 1.=0 prev[1]=9.1% 2.=1 prev[2]=90.9% 11=0 12=0 13=0 22=1 23=0
Age 86 1.=0 loss[1]=0.0% 2.=1 loss[2]=0.0% 1.=0 prev[1]=7.0% 2.=1 prev[2]=93.0% 12=0 21=0 22=1 23=0
Age 87 1.=0 loss[1]=0.0% 2.=1 loss[2]=0.0% 1.=0 prev[1]=3.6% 2.=1 prev[2]=96.4% 12=0 21=0 22=1 23=0
Age 88 1.=0 loss[1]=0.0% 2.=1 loss[2]=0.0% 1.=0 prev[1]=4.5% 2.=1 prev[2]=95.5% 12=0 21=0 22=1 23=0
Age 89 1.=0 loss[1]=0.0% 2.=0 loss[2]=0.0% 1.=0 prev[1]=6.9% 2.=0 prev[2]=93.1% 13=0 22=0 23=0
Age 90 1.=0 loss[1]=0.0% 2.=1 loss[2]=0.0% 1.=0 prev[1]=5.9% 2.=1 prev[2]=94.1% 13=0 21=0 22=0 23=0
Age 91 1.=0 loss[1]=0.0% 2.=0 loss[2]=0.0% 1.=0 prev[1]=12.5% 2.=0 prev[2]=87.5% 11=0 22=0 23=0
Age 92 1.=0 loss[1]=0.0% 2.=0 loss[2]=0.0% 1.=0 prev[1]=28.6% 2.=0 prev[2]=71.4% 11=0 12=0 22=0 23=0
Age 93 1.=0 loss[1]=0.0% 2.=0 loss[2]=0.0% 1.=0 prev[1]=15.4% 2.=0 prev[2]=84.6% 12=0 22=0 23=0
Age 94 1.=0 loss[1]=NaNQ% 2.=0 loss[2]=0.0% 1.=0 prev[1]=0.0% 2.=0 prev[2]=100.0% 22=0
Age 95 1.=0 loss[1]=0.0% 2.=0 loss[2]=0.0% 1.=0 prev[1]=33.5% 2.=0 prev[2]=66.5% 12=0 23=0
Age 96 1.=0 loss[1]=0.0% 2.=0 loss[2]=0.0% 1.=0 prev[1]=50.0% 2.=0 prev[2]=50.0% 13=0 21=0
Age 97 1.=0 loss[1]=0.0% 2.=0 loss[2]=NaNQ% 1.=0 prev[1]=100.0% 2.=0 prev[2]=0.0% 13=0
Age 98 1.=0 loss[1]=NaNQ% 2.=0 loss[2]=NaNQ% 1.=0 prev[1]=NaNQ% 2.=0 prev[2]=NaNQ%
Age 99 1.=0 loss[1]=NaNQ% 2.=0 loss[2]=0.0% 1.=0 prev[1]=0.0% 2.=0 prev[2]=100.0% 22=0 23=0
Age 100 1.=0 loss[1]=NaNQ% 2.=0 loss[2]=0.0% 1.=0 prev[1]=0.0% 2.=0 prev[2]=100.0% 22=0
Age 101 1.=0 loss[1]=NaNQ% 2.=0 loss[2]=NaNQ% 1.=0 prev[1]=NaNQ% 2.=0 prev[2]=NaNQ%
Age 102 1.=0 loss[1]=NaNQ% 2.=0 loss[2]=NaNQ% 1.=0 prev[1]=NaNQ% 2.=0 prev[2]=NaNQ%
Age 103 1.=0 loss[1]=NaNQ% 2.=0 loss[2]=NaNQ% 1.=0 prev[1]=NaNQ% 2.=0 prev[2]=NaNQ%
Age 104 1.=0 loss[1]=NaNQ% 2.=0 loss[2]=0.0% 1.=0 prev[1]=0.0% 2.=0 prev[2]=100.0% 23=0
1 1.=0 loss[1]=NaNQ% 2.=0 loss[2]=NaNQ% 1.=0 prev[1]=NaNQ% 2.=0 prev[2]=NaNQ%
0 1.=0 loss[1]=NaNQ% 2.=0 loss[2]=NaNQ% 1.=0 prev[1]=NaNQ% 2.=0 prev[2]=NaNQ%
Total 1.=16 loss[1]=0.0% 2.=72 loss[2]=0.0% 1.=16 prev[1]=17.9% 2.=72 prev[2]=82.1% 11=9 12=6 13=0 21=6 22=61 23=5


12    0.0000000 ln(6/9)=   -0.3684423 
13    0.0000000 ln(0/9)=   -2.9673661 
21    0.0000000 ln(6/61)=   -2.3884545 
23    0.0000000 ln(5/61)=   -2.5031547 

 -1-1=0 -10=0 -11=0 -12=0 -13=0 0-1=0 00=0 01=0 02=0 03=0 1-1=0 10=0 11=9 12=6 13=0 2-1=0 20=0 21=6 22=61 23=5 3-1=0 30=0 31=0 32=0 33=0
Powell

Powell iter=1 Big Iter=1 -2*LL=20384.970129317011 gain=0 0 sec. 0 sec.
#model=  1      +     age 
12    0.0000000    0.0000000 
13    0.0000000    0.0000000 
21    0.0000000    0.0000000 
23    0.0000000    0.0000000 
1......2.................3..........4.................5.....6................7......8..................
Powell iter=2 Big Iter=2 -2*LL=6480.937179023751 gain=1.39e+004 1 sec. 1 sec.
#model=  1      +     age 
12    8.6948286    0.0018444 
13   -0.1167379   -0.0016680 
21    2.6249606   -0.0007705 
23   -1.4608133    0.0023834 

Considering the time needed for this last iteration #2: 1 seconds,
   - if your program needs 1 BIG iterations  (2 iterations) to converge, convergence will be 
   reached in 0 day(s) 0 hour(s) 0 minute(s) 0 second(s) i.e.
   on Tue May 28 07:03:21 2024 (current time is Tue May 28 07:03:21 2024);
   - if your program needs 11 BIG iterations  (22 iterations) to converge, convergence will be 
   reached in 0 day(s) 0 hour(s) 0 minute(s) 20 second(s) i.e.
   on Tue May 28 07:03:41 2024 (current time is Tue May 28 07:03:21 2024);
   - if your program needs 21 BIG iterations  (42 iterations) to converge, convergence will be 
   reached in 0 day(s) 0 hour(s) 0 minute(s) 40 second(s) i.e.
   on Tue May 28 07:04:01 2024 (current time is Tue May 28 07:03:21 2024);
   - if your program needs 31 BIG iterations  (62 iterations) to converge, convergence will be 
   reached in 0 day(s) 0 hour(s) 1 minute(s) 0 second(s) i.e.
   on Tue May 28 07:04:21 2024 (current time is Tue May 28 07:03:21 2024);
1..........2...................3........4.................5........6.................7.......8..................directest= 4512.751632675097 (if directest<0 or t<0 we include P0 Pn as new direction), t= -2715702230.086370500000, f1= 6480.937179023751,f2= 5662.725830297344,f3= 10096.333385597045, del= 369.533635675505
f1-2f2+f3= 5251.818904026108, f1-f2-del= 448.677713050902, f1-f3= -3615.396206573294

Powell iter=3 Big Iter=2 -2*LL=5662.725830297344 gain=818 0 sec. 1 sec.
#model=  1      +     age 
12    4.0400779   -0.0005837 
13   -1.0405032    0.0029039 
21    1.7466550   -0.0018672 
23   -2.9886806    0.0057088 

Considering the time needed for this last iteration #3: 0 seconds,
   - if your program needs 1 BIG iterations  (2 iterations) to converge, convergence will be 
   reached in 0 day(s) 0 hour(s) 0 minute(s) 0 second(s) i.e.
   on Tue May 28 07:03:21 2024 (current time is Tue May 28 07:03:21 2024);
   - if your program needs 11 BIG iterations  (22 iterations) to converge, convergence will be 
   reached in 0 day(s) 0 hour(s) 0 minute(s) 0 second(s) i.e.
   on Tue May 28 07:03:21 2024 (current time is Tue May 28 07:03:21 2024);
   - if your program needs 21 BIG iterations  (42 iterations) to converge, convergence will be 
   reached in 0 day(s) 0 hour(s) 0 minute(s) 0 second(s) i.e.
   on Tue May 28 07:03:21 2024 (current time is Tue May 28 07:03:21 2024);
   - if your program needs 31 BIG iterations  (62 iterations) to converge, convergence will be 
   reached in 0 day(s) 0 hour(s) 0 minute(s) 0 second(s) i.e.
   on Tue May 28 07:03:21 2024 (current time is Tue May 28 07:03:21 2024);
1.........2....................3...........4..................5........6..............7......8...........................Gaining to use new average direction of P0 P8 instead of biggest increase direction 7 :

Powell iter=4 Big Iter=3 -2*LL=4517.437480303093 gain=1.15e+003 1 sec. 2 sec.
#model=  1      +     age 
12    4.3304165   -0.0068445 
13   -1.4708249    0.0105856 
21   -0.8656829   -0.0063156 
23   -5.3906735    0.0102897 
1...........2..................3...........4...................5........6...............7....................8........directest= 317.765196167093 (if directest<0 or t<0 we include P0 Pn as new direction), t= -324736.861327323950, f1= 4517.437480303093,f2= 4503.751833554193,f3= 4816.390556952172, del= 4.279586989894
f1-2f2+f3= 326.324370146880, f1-f2-del= 9.406059759007, f1-f3= -298.953076649079

Powell iter=5 Big Iter=3 -2*LL=4503.751833554193 gain=13.7 1 sec. 3 sec.
#model=  1      +     age 
12    4.0720351   -0.0131114 
13   -1.7130396    0.0164608 
21   -0.8618866   -0.0079437 
23   -5.3634315    0.0107319 
1..........2..................3...........4....................5........6...............7..................8..................Gaining to use new average direction of P0 P8 instead of biggest increase direction 1 :

Powell iter=6 Big Iter=4 -2*LL=4334.249859476895 gain=170 2 sec. 5 sec.
#model=  1      +     age 
12    9.6453998   -0.0739074 
13   -4.6363872    0.0757522 
21    0.5959587   -0.0254812 
23   -5.0318365   -0.0044698 
1........2.................3.........4..................5........6............7..................8........directest= 141.738503246327 (if directest<0 or t<0 we include P0 Pn as new direction), t= -35001.662701312685, f1= 4334.249859476895,f2= 4306.536532380052,f3= 4442.366377176745, del= 10.902334323604
f1-2f2+f3= 163.543171893535, f1-f2-del= 16.810992773238, f1-f3= -108.116517699850

Powell iter=7 Big Iter=4 -2*LL=4306.536532380052 gain=27.7 1 sec. 6 sec.
#model=  1      +     age 
12   10.8081789   -0.0841007 
13   -5.2836539    0.0888444 
21    0.7783882   -0.0302317 
23   -5.1195964   -0.0048408 
1........2.................3.........4..................5........6.............7..................8................Gaining to use new average direction of P0 P8 instead of biggest increase direction 2 :

Powell iter=8 Big Iter=5 -2*LL=4249.790496312709 gain=56.7 1 sec. 7 sec.
#model=  1      +     age 
12   17.5803262   -0.1331880 
13   -8.9555802    0.1634802 
21    2.6518334   -0.0580562 
23   -4.9968258    0.0034173 
1........2........3.........4.................5........6............7.................8.........directest= 37.572293512407 (if directest<0 or t<0 we include P0 Pn as new direction), t= -2591.009253592988, f1= 4249.790496312709,f2= 4243.330190276416,f3= 4281.303307618146, del= 3.430564932808
f1-2f2+f3= 44.433423378023, f1-f2-del= 3.029741103485, f1-f3= -31.512811305436

Powell iter=9 Big Iter=5 -2*LL=4243.330190276416 gain=6.46 1 sec. 8 sec.
#model=  1      +     age 
12   18.5692679   -0.1407742 
13   -9.8314993    0.1741320 
21    3.0069065   -0.0623872 
23   -4.9707853    0.0030632 
1........2........3.........4.................5........6.............7..................8.........
Powell iter=10 Big Iter=6 -2*LL=4242.784427259090 gain=0.546 1 sec. 9 sec.
#model=  1      +     age 
12   18.9895163   -0.1445335 
13  -10.0905953    0.1784009 
21    3.1453861   -0.0642087 
23   -4.9566020    0.0024809 
1........2........3..........4.................5........6.............7..................8................Gaining to use new average direction of P0 P8 instead of biggest increase direction 5 :

Powell iter=11 Big Iter=6 -2*LL=4241.681701247151 gain=1.1 1 sec. 10 sec.
#model=  1      +     age 
12   19.5293653   -0.1488791 
13  -10.1557083    0.1821176 
21    3.4385427   -0.0681776 
23   -4.9698049    0.0016078 
1........2........3.........4.................5.........6.............7..................8.............Gaining to use new average direction of P0 P8 instead of biggest increase direction 2 :

Powell iter=12 Big Iter=7 -2*LL=4239.346393515419 gain=2.34 2 sec. 12 sec.
#model=  1      +     age 
12   19.5680313   -0.1470856 
13   -9.4633146    0.1776215 
21    3.7483471   -0.0725078 
23   -5.0639826    0.0021984 
1........2.......3.........4.................5.........6.............7...................8...............Gaining to use new average direction of P0 P8 instead of biggest increase direction 8 :

Powell iter=13 Big Iter=7 -2*LL=4236.118052951254 gain=3.23 1 sec. 13 sec.
#model=  1      +     age 
12   19.3811869   -0.1421348 
13   -8.1284926    0.1666813 
21    4.1772066   -0.0787420 
23   -5.2517918    0.0050300 
1........2.......3.........4.................5.........6.............7..................8........
Powell iter=14 Big Iter=8 -2*LL=4231.517812470131 gain=4.6 1 sec. 14 sec.
#model=  1      +     age 
12   18.3554528   -0.1313222 
13   -6.9146564    0.1502744 
21    4.1260748   -0.0781802 
23   -5.4147615    0.0083589 
1........2.......3.........4..................5.........6.............7..................8.............Gaining to use new average direction of P0 P8 instead of biggest increase direction 8 :

Powell iter=15 Big Iter=8 -2*LL=4226.844998553775 gain=4.67 1 sec. 15 sec.
#model=  1      +     age 
12   16.4154518   -0.1092395 
13   -4.2994318    0.1148918 
21    4.2203399   -0.0797171 
23   -5.8713250    0.0165214 
1........2.......3..........4..................5.........6..............7..................8.......
Powell iter=16 Big Iter=9 -2*LL=4225.090118069330 gain=1.75 1 sec. 16 sec.
#model=  1      +     age 
12   16.5180456   -0.1069535 
13   -3.6875259    0.1101096 
21    4.5128554   -0.0841253 
23   -6.0725328    0.0202472 
1........2.......3.........4..................5.........6............7..................8..................Gaining to use new average direction of P0 P8 instead of biggest increase direction 5 :

Powell iter=17 Big Iter=9 -2*LL=4217.610608587691 gain=7.48 1 sec. 17 sec.
#model=  1      +     age 
12   16.2713444   -0.0901269 
13   -0.5823700    0.0803541 
21    5.6397698   -0.1010688 
23   -7.0627096    0.0382861 
1........2........3........4....................5........6...........7..................8.........
Powell iter=18 Big Iter=10 -2*LL=4198.211577125077 gain=19.4 1 sec. 18 sec.
#model=  1      +     age 
12   14.6619049   -0.0674944 
13    1.6195180    0.0420030 
21    6.0930952   -0.1084468 
23   -7.8516414    0.0490758 
1........2.......3.......4.................5........6...........7.................8..............Gaining to use new average direction of P0 P8 instead of biggest increase direction 5 :

Powell iter=19 Big Iter=10 -2*LL=4178.189476584938 gain=20 2 sec. 20 sec.
#model=  1      +     age 
12   10.8607017   -0.0160307 
13    4.0074308   -0.0523729 
21    6.9070335   -0.1204626 
23   -9.5867122    0.0711233 
1........2.......3..........4........................5.........6...........7..................8.........
Powell iter=20 Big Iter=11 -2*LL=4168.294519206915 gain=9.89 1 sec. 21 sec.
#model=  1      +     age 
12    9.4099921   -0.0002395 
13    6.6378649   -0.0790790 
21    6.7319482   -0.1182570 
23  -10.0434826    0.0758892 
1........2.......3........4..................5.........6...........7..................8................Gaining to use new average direction of P0 P8 instead of biggest increase direction 2 :

Powell iter=21 Big Iter=11 -2*LL=4156.374155304280 gain=11.9 1 sec. 22 sec.
#model=  1      +     age 
12    4.4919957    0.0503014 
13   10.3106384   -0.1558900 
21    5.8038188   -0.1049425 
23  -11.1677950    0.0897096 
1........2........3..........4..................5.........6...........7..................8.........directest= 11.273324289114 (if directest<0 or t<0 we include P0 Pn as new direction), t= -45.320009007846, f1= 4156.374155304280,f2= 4155.006482002119,f3= 4166.152556136841, del= 0.620211573884
f1-2f2+f3= 12.513747436883, f1-f2-del= 0.747461728277, f1-f3= -9.778400832561

Powell iter=22 Big Iter=12 -2*LL=4155.006482002119 gain=1.37 1 sec. 23 sec.
#model=  1      +     age 
12    3.1395645    0.0655509 
13   10.9309845   -0.1800492 
21    5.7274607   -0.1039730 
23  -11.5941934    0.0948150 
1........2.........3..........4..................5.........6............7..................8................Gaining to use new average direction of P0 P8 instead of biggest increase direction 3 :

Powell iter=23 Big Iter=12 -2*LL=4154.329617754299 gain=0.677 1 sec. 24 sec.
#model=  1      +     age 
12    1.5427925    0.0825125 
13   11.2618157   -0.2033584 
21    5.5178616   -0.1009847 
23  -12.0277945    0.1001378 
1........2.........3.........4.........................5.........6............7..................8........
Powell iter=24 Big Iter=13 -2*LL=4154.113573903926 gain=0.216 2 sec. 26 sec.
#model=  1      +     age 
12    1.6670026    0.0803885 
13   10.9722887   -0.1982765 
21    5.4412928   -0.0998433 
23  -11.9521115    0.0992283 
1........2.........3.........4.................5..........6............7..................8..............Gaining to use new average direction of P0 P8 instead of biggest increase direction 2 :

Powell iter=25 Big Iter=13 -2*LL=4153.826171218559 gain=0.287 1 sec. 27 sec.
#model=  1      +     age 
12    1.8015331    0.0767357 
13   10.2046453   -0.1843069 
21    5.1932647   -0.0961681 
23  -11.8050450    0.0974853 
1........2........3..........4..................5.........6............7.................8........
Powell iter=26 Big Iter=14 -2*LL=4153.734487592627 gain=0.0917 1 sec. 28 sec.
#model=  1      +     age 
12    2.1070981    0.0734774 
13    9.9334878   -0.1762512 
21    5.2286616   -0.0966700 
23  -11.7339508    0.0966106 
1........2........3.........4..................5..........6............7.................8.................Gaining to use new average direction of P0 P8 instead of biggest increase direction 4 :

Powell iter=27 Big Iter=14 -2*LL=4149.186552498003 gain=4.55 2 sec. 30 sec.
#model=  1      +     age 
12    3.8785356    0.0550020 
13    1.4330446    0.0034209 
21    5.2821380   -0.0973774 
23  -11.8376241    0.0977147 
1........2........3..........4........5.........6............7..................8.............directest= 440.762312403271 (if directest<0 or t<0 we include P0 Pn as new direction), t= -194170.651587464210, f1= 4149.186552498003,f2= 4147.058369239646,f3= 4587.723208011717, del= 1.015354813579
f1-2f2+f3= 442.793022030428, f1-f2-del= 1.112828444779, f1-f3= -438.536655513713

Powell iter=28 Big Iter=15 -2*LL=4147.058369239646 gain=2.13 1 sec. 31 sec.
#model=  1      +     age 
12    3.5002158    0.0600937 
13   -0.5742102    0.0354022 
21    5.2867748   -0.0974265 
23  -12.1693131    0.1016172 
1........2........3..........4........5.........6............7..................8...................Gaining to use new average direction of P0 P8 instead of biggest increase direction 8 :

Powell iter=29 Big Iter=15 -2*LL=4143.321334320481 gain=3.74 1 sec. 32 sec.
#model=  1      +     age 
12    0.4609421    0.0984838 
13   -6.5229229    0.1271698 
21    5.2539364   -0.0970145 
23  -13.9773180    0.1229349 
1........2.........3.........4........5.........6............7..................8.........directest= 2.942168006053 (if directest<0 or t<0 we include P0 Pn as new direction), t= -0.208096234711, f1= 4143.321334320481,f2= 4143.022962813905,f3= 4145.827131138376, del= 0.080185912497
f1-2f2+f3= 3.102539831047, f1-f2-del= 0.218185594079, f1-f3= -2.505796817895

Powell iter=30 Big Iter=16 -2*LL=4143.022962813905 gain=0.298 1 sec. 33 sec.
#model=  1      +     age 
12   -0.4290060    0.1090560 
13   -6.8770916    0.1286731 
21    5.2155481   -0.0964700 
23  -14.3617916    0.1273080 
1........2.........3..........4.........5.........6.............7..................8.................Gaining to use new average direction of P0 P8 instead of biggest increase direction 2 :

Powell iter=31 Big Iter=16 -2*LL=4142.912975310547 gain=0.11 1 sec. 34 sec.
#model=  1      +     age 
12   -0.5955884    0.1120848 
13   -6.8160278    0.1292138 
21    5.3177884   -0.0979674 
23  -14.5057086    0.1288409 
1........2..........3.........4.........5.........6............7..................8........
Powell iter=32 Big Iter=17 -2*LL=4142.902182315243 gain=0.0108 1 sec. 35 sec.
#model=  1      +     age 
12   -0.5348566    0.1115365 
13   -6.8518248    0.1303461 
21    5.3355979   -0.0982320 
23  -14.4958223    0.1287450 
1........2.........3.........4.........5.........6............7....................8........
Powell iter=33 Big Iter=17 -2*LL=4142.898818640279 gain=0.00336 2 sec. 37 sec.
#model=  1      +     age 
12   -0.4548624    0.1106315 
13   -6.7722473    0.1293955 
21    5.3449177   -0.0983679 
23  -14.4610548    0.1283403 
1........2.........3.........4.............5.........6............7...................8........
Powell iter=34 Big Iter=18 -2*LL=4142.898002711406 gain=0.000816 0 sec. 37 sec.
#model=  1      +     age 
12   -0.4185995    0.1102205 
13   -6.7364296    0.1289679 
21    5.3493841   -0.0984331 
23  -14.4450158    0.1281540 
1..............2.........3..........4..............5...........6............7....................8.........................Gaining to use new average direction of P0 P8 instead of biggest increase direction 1 :

Powell iter=35 Big Iter=18 -2*LL=4142.897564161992 gain=0.000439 2 sec. 39 sec.
#model=  1      +     age 
12   -0.3746609    0.1097165 
13   -6.6930511    0.1284427 
21    5.3550817   -0.0985162 
23  -14.4245116    0.1279158 
1.......................2...........3.........4..........5.........6..............7..................8.......
Powell iter=36 Big Iter=19 -2*LL=4142.897466438439 gain=9.77e-005 1 sec. 40 sec.
#model=  1      +     age 
12   -0.3765327    0.1097341 
13   -6.6957378    0.1284772 
21    5.3549886   -0.0985150 
23  -14.4248165    0.1279193 
1.............2..........3..........4........5.........6..............................7..................8.........................Gaining to use new average direction of P0 P8 instead of biggest increase direction 5 :

Powell iter=37 Big Iter=19 -2*LL=4139.576524632210 gain=3.32 2 sec. 42 sec.
#model=  1      +     age 
12   -7.9314250    0.1749887 
13  -13.6822957    0.1852148 
21    5.2438501   -0.0969665 
23  -14.5760395    0.1295908 
1.......2..........3..........4........5.......6............7..................8..............directest= 1288.260952407520 (if directest<0 or t<0 we include P0 Pn as new direction), t= -2302014.913313156900, f1= 4139.576524632210,f2= 4137.048525876506,f3= 5425.569442337936, del= 1.393981404807
f1-2f2+f3= 1291.048915217134, f1-f2-del= 1.134017350897, f1-f3= -1285.992917705726

Powell iter=38 Big Iter=20 -2*LL=4137.048525876506 gain=2.53 1 sec. 43 sec.
#model=  1      +     age 
12   -8.6434987    0.1789271 
13  -14.6954825    0.1953492 
21    4.8237848   -0.0920675 
23  -14.5341415    0.1291566 
1.......2...........3...........4........5.......6............7..................8....................Gaining to use new average direction of P0 P8 instead of biggest increase direction 6 :

Powell iter=39 Big Iter=20 -2*LL=4135.188305398382 gain=1.86 1 sec. 44 sec.
#model=  1      +     age 
12   -9.2101252    0.1767939 
13  -15.4327621    0.1972022 
21    3.8791821   -0.0799117 
23  -14.1249633    0.1243592 
1.......2.........3...........4.........5......6.............7..................8.........
Powell iter=40 Big Iter=21 -2*LL=4134.850915082348 gain=0.337 1 sec. 45 sec.
#model=  1      +     age 
12   -9.0475314    0.1730181 
13  -14.8854522    0.1859637 
21    3.6802399   -0.0772410 
23  -13.8936814    0.1217329 
1........2..........3...........4.........5........6.............7..................8...............Gaining to use new average direction of P0 P8 instead of biggest increase direction 3 :

Powell iter=41 Big Iter=21 -2*LL=4134.627082826043 gain=0.224 1 sec. 46 sec.
#model=  1      +     age 
12   -9.0600475    0.1714882 
13  -13.9014605    0.1681215 
21    3.4087182   -0.0737337 
23  -13.7619790    0.1202837 
1........2..........3.........4........5.......6.............7..................8........
Powell iter=42 Big Iter=22 -2*LL=4134.481381698224 gain=0.146 1 sec. 47 sec.
#model=  1      +     age 
12   -9.1853946    0.1733897 
13  -13.9330456    0.1690510 
21    3.3796343   -0.0733001 
23  -13.8809086    0.1216844 
1........2...........3.........4........5......6.............7..................8..............Gaining to use new average direction of P0 P8 instead of biggest increase direction 2 :

Powell iter=43 Big Iter=22 -2*LL=4134.116659204245 gain=0.365 1 sec. 48 sec.
#model=  1      +     age 
12   -9.5954858    0.1793273 
13  -14.2425168    0.1744808 
21    3.1292671   -0.0694987 
23  -14.3270207    0.1270018 
1........2........3.........4........5........6..................7..................8........directest= 0.259134927737 (if directest<0 or t<0 we include P0 Pn as new direction), t= -0.000180448244, f1= 4134.116659204245,f2= 4134.111624354746,f3= 4134.371367263593, del= 0.002821415304
f1-2f2+f3= 0.264777758346, f1-f2-del= 0.002213434194, f1-f3= -0.254708059349

Powell iter=44 Big Iter=23 -2*LL=4134.111624354746 gain=0.00503 1 sec. 49 sec.
#model=  1      +     age 
12   -9.5562541    0.1789326 
13  -14.2741210    0.1750583 
21    3.1396858   -0.0695967 
23  -14.3179038    0.1268937 
1........2.............3..........4.........5........6................7....................8..........
Powell iter=45 Big Iter=23 -2*LL=4134.111535753351 gain=8.86e-005 1 sec. 50 sec.
#model=  1      +     age 
12   -9.5530107    0.1789000 
13  -14.2803993    0.1751756 
21    3.1413328   -0.0696140 
23  -14.3169746    0.1268822 
1.........2.........3..........4..........5........6..............7...................8.............Gaining to use new average direction of P0 P8 instead of biggest increase direction 5 :

Powell iter=46 Big Iter=24 -2*LL=4134.111271213339 gain=0.000265 1 sec. 51 sec.
#model=  1      +     age 
12   -9.5442495    0.1787925 
13  -14.2492162    0.1746884 
21    3.1447556   -0.0696478 
23  -14.3098313    0.1268007 
1...........2................3..............4.........5..................6.......................7............................8............directest= 0.000214673406 (if directest<0 or t<0 we include P0 Pn as new direction), t= -0.000000000000, f1= 4134.111271213339,f2= 4134.111264607271,f3= 4134.111479379249, del= 0.000003352320
f1-2f2+f3= 0.000221378046, f1-f2-del= 0.000003253748, f1-f3= -0.000208165909

Powell iter=47 Big Iter=24 -2*LL=4134.111264607271 gain=6.61e-006 1 sec. 52 sec.
#model=  1      +     age 
12   -9.5440924    0.1787861 
13  -14.2476745    0.1746502 
21    3.1445949   -0.0696459 
23  -14.3091826    0.1267936 
1...........2.............3............4............5................6.................7.....................8...................Gaining to use new average direction of P0 P8 instead of biggest increase direction 3 :

Powell iter=48 Big Iter=25 -2*LL=4134.111259454948 gain=5.15e-006 2 sec. 54 sec.
#model=  1      +     age 
12   -9.5428288    0.1787614 
13  -14.2477595    0.1746354 
21    3.1441729   -0.0696398 
23  -14.3076937    0.1267765 
1..........2..................3............4...............5.............6..................7....................8....................Gaining to use new average direction of P0 P8 instead of biggest increase direction 1 :

Powell iter=49 Big Iter=25 -2*LL=4134.111252778448 gain=6.68e-006 1 sec. 55 sec.
#model=  1      +     age 
12   -9.5420368    0.1787474 
13  -14.2481938    0.1746345 
21    3.1440168   -0.0696372 
23  -14.3069544    0.1267680 
1........2...............3.......................4.................5.............6.........................7......................8..........................Gaining to use new average direction of P0 P8 instead of biggest increase direction 8 :

Powell iter=50 Big Iter=26 -2*LL=4134.111247143834 gain=5.63e-006 2 sec. 57 sec.
#model=  1      +     age 
12   -9.5416836    0.1787408 
13  -14.2491775    0.1746436 
21    3.1437104   -0.0696322 
23  -14.3067859    0.1267663 
1........2...............3..............4...................5...........6......................7............................8...........Gaining to use new average direction of P0 P8 instead of biggest increase direction 1 :

Powell iter=51 Big Iter=26 -2*LL=4134.111211028760 gain=3.61e-005 1 sec. 58 sec.
#model=  1      +     age 
12   -9.5407890    0.1787292 
13  -14.2535230    0.1746990 
21    3.1432428   -0.0696228 
23  -14.3071913    0.1267717 
1......2...........3...............4.............5...........6................7......................8............Gaining to use new average direction of P0 P8 instead of biggest increase direction 8 :

Powell iter=52 Big Iter=27 -2*LL=4134.111129936367 gain=8.11e-005 2 sec. 60 sec.
#model=  1      +     age 
12   -9.5391294    0.1787045 
13  -14.2573310    0.1747413 
21    3.1427887   -0.0696134 
23  -14.3071570    0.1267722 
1......2..........3..............4............5..........6...............7.........................8...........Gaining to use new average direction of P0 P8 instead of biggest increase direction 8 :

Powell iter=53 Big Iter=27 -2*LL=4134.110507163828 gain=0.000623 1 sec. 61 sec.
#model=  1      +     age 
12   -9.5314712    0.1786083 
13  -14.2728893    0.1749491 
21    3.1438130   -0.0696142 
23  -14.3099488    0.1268073 
1.......2........3.........4.........5...........6.....................7...................8...........Gaining to use new average direction of P0 P8 instead of biggest increase direction 8 :

Powell iter=54 Big Iter=28 -2*LL=4134.106881376206 gain=0.00363 1 sec. 62 sec.
#model=  1      +     age 
12   -9.5061077    0.1783252 
13  -14.3064534    0.1755215 
21    3.1572180   -0.0697665 
23  -14.3289332    0.1270314 
1.......2........3.......4.........5.......6.............7..........................8............Gaining to use new average direction of P0 P8 instead of biggest increase direction 8 :

Powell iter=55 Big Iter=28 -2*LL=4134.089869427995 gain=0.017 2 sec. 64 sec.
#model=  1      +     age 
12   -9.4150430    0.1771802 
13  -14.3368318    0.1764058 
21    3.2103538   -0.0704454 
23  -14.4039263    0.1279001 
1.......2........3.....4.........5.......6.............7.........................8............Gaining to use new average direction of P0 P8 instead of biggest increase direction 8 :

Powell iter=56 Big Iter=29 -2*LL=4134.038665636491 gain=0.0512 1 sec. 65 sec.
#model=  1      +     age 
12   -9.1689925    0.1731621 
13  -14.1686681    0.1743539 
21    3.2815654   -0.0714551 
23  -14.5412495    0.1294716 
1.......2........3......4........5........6.............7..................8.............Gaining to use new average direction of P0 P8 instead of biggest increase direction 2 :

Powell iter=57 Big Iter=29 -2*LL=4133.873000775214 gain=0.166 1 sec. 66 sec.
#model=  1      +     age 
12   -8.3340810    0.1568635 
13  -13.2207443    0.1579234 
21    3.2162736   -0.0709030 
23  -14.7142979    0.1314396 
1......2.....3......4.........5.......6.............7...........................8........
Powell iter=58 Big Iter=30 -2*LL=4133.684634865623 gain=0.188 1 sec. 67 sec.
#model=  1      +     age 
12   -7.7470336    0.1452062 
13  -12.7904203    0.1485460 
21    3.1043133   -0.0695531 
23  -14.6606857    0.1308117 
1.......2.....3......4.........5.......6............7...................8...............Gaining to use new average direction of P0 P8 instead of biggest increase direction 8 :

Powell iter=59 Big Iter=30 -2*LL=4133.369912723688 gain=0.315 1 sec. 68 sec.
#model=  1      +     age 
12   -6.7114082    0.1222751 
13  -11.5558369    0.1223425 
21    2.6379839   -0.0638183 
23  -14.5309095    0.1293454 
1.......2......3......4.........5........6.............7..................8.........
Powell iter=60 Big Iter=31 -2*LL=4133.110952010067 gain=0.259 1 sec. 69 sec.
#model=  1      +     age 
12   -6.7324440    0.1197950 
13  -11.2219878    0.1140047 
21    2.3037423   -0.0597422 
23  -14.3811950    0.1276464 
1.......2.....3......4.........5........6.............7..................8...................Gaining to use new average direction of P0 P8 instead of biggest increase direction 8 :

Powell iter=61 Big Iter=31 -2*LL=4102.337958241961 gain=30.8 1 sec. 70 sec.
#model=  1      +     age 
12   -5.4685509    0.0658305 
13   -7.0411594    0.0232373 
21   -1.1850988   -0.0178344 
23  -14.5337613    0.1295685 
1........2........3.......4........5......6..........7..................8.........directest= 840.271656065378 (if directest<0 or t<0 we include P0 Pn as new direction), t= -8570519.236493498100, f1= 4102.337958241961,f2= 3896.154085528005,f3= 4715.878830331594, del= 92.818480726084
f1-2f2+f3= 1025.908617517546, f1-f2-del= 113.365391987873, f1-f3= -613.540872089633

Powell iter=62 Big Iter=32 -2*LL=3896.154085528005 gain=206 1 sec. 71 sec.
#model=  1      +     age 
12  -14.0905359    0.1878339 
13  -15.1507952    0.1423044 
21   -4.6960985    0.0229611 
23  -12.1422515    0.1009789 
1.......2........3.......4.......5.......6...........7...................8...................Gaining to use new average direction of P0 P8 instead of biggest increase direction 8 :

Powell iter=63 Big Iter=32 -2*LL=3816.003692414146 gain=80.2 1 sec. 72 sec.
#model=  1      +     age 
12   -6.4366766    0.0620572 
13   -8.9650284    0.0436356 
21   -2.4166934   -0.0139401 
23  -12.8559536    0.1091966 
1.......2........3.......4......5........6..........7...................8........
Powell iter=64 Big Iter=33 -2*LL=3758.233090182837 gain=57.8 1 sec. 73 sec.
#model=  1      +     age 
12   -4.5922173    0.0365784 
13   -6.6714775    0.0151599 
21   -0.3351955   -0.0473559 
23  -12.1915057    0.1010594 
1.......2......3.......4.......5.......6...........7..................8................Gaining to use new average direction of P0 P8 instead of biggest increase direction 3 :

Powell iter=65 Big Iter=33 -2*LL=3709.723639723633 gain=48.5 1 sec. 74 sec.
#model=  1      +     age 
12   -4.3682899    0.0296195 
13  -11.7233531    0.0944672 
21    0.5811207   -0.0685332 
23  -11.7749609    0.0956860 
1.......2........3........4.......5.......6..........7..................8.........directest= 20.329574821404 (if directest<0 or t<0 we include P0 Pn as new direction), t= -621.960987006491, f1= 3709.723639723633,f2= 3705.989163245164,f3= 3727.261844680546, del= 2.338791546223
f1-2f2+f3= 25.007157913850, f1-f2-del= 1.395684932245, f1-f3= -17.538204956913

Powell iter=66 Big Iter=34 -2*LL=3705.989163245164 gain=3.73 1 sec. 75 sec.
#model=  1      +     age 
12   -4.9185663    0.0390391 
13  -11.7956193    0.0954154 
21    0.3275348   -0.0647678 
23  -12.3730973    0.1030090 
1.......2.......3........4......5.......6..........7..................8..............Gaining to use new average direction of P0 P8 instead of biggest increase direction 1 :

Powell iter=67 Big Iter=34 -2*LL=3695.976749819536 gain=10 0 sec. 75 sec.
#model=  1      +     age 
12   -4.4702608    0.0318092 
13  -13.5144362    0.1084691 
21   -0.3198399   -0.0562338 
23  -13.3842085    0.1156519 
1........2......3........4........5........6..........7..................8.........directest= 4.477185374391 (if directest<0 or t<0 we include P0 Pn as new direction), t= -2.104240432618, f1= 3695.976749819536,f2= 3695.746166950821,f3= 3700.236908060700, del= 0.122069302101
f1-2f2+f3= 4.721323978594, f1-f2-del= 0.108513566614, f1-f3= -4.260158241164

Powell iter=68 Big Iter=35 -2*LL=3695.746166950821 gain=0.231 1 sec. 76 sec.
#model=  1      +     age 
12   -4.4984565    0.0322638 
13  -13.4614086    0.1071500 
21   -0.3752036   -0.0554241 
23  -13.3007787    0.1145409 
1........2.......3........4........5........6..........7..................8.............Gaining to use new average direction of P0 P8 instead of biggest increase direction 2 :

Powell iter=69 Big Iter=35 -2*LL=3695.398584084509 gain=0.348 1 sec. 77 sec.
#model=  1      +     age 
12   -4.6117130    0.0340340 
13  -13.2744958    0.1031264 
21   -0.5985073   -0.0521131 
23  -13.0117723    0.1110825 
1........2........3........4........5........6..........7..................8.......directest= 0.195163628803 (if directest<0 or t<0 we include P0 Pn as new direction), t= -0.000388344297, f1= 3695.398584084509,f2= 3695.373919512413,f3= 3695.573071670518, del= 0.014326550699
f1-2f2+f3= 0.223816730200, f1-f2-del= 0.010338021397, f1-f3= -0.174487586009

Powell iter=70 Big Iter=36 -2*LL=3695.373919512413 gain=0.0247 1 sec. 78 sec.
#model=  1      +     age 
12   -4.6241624    0.0342335 
13  -13.2388478    0.1025283 
21   -0.6297593   -0.0516246 
23  -13.0566476    0.1116315 
1...............2........3........4........5........6..........7..................8...............Gaining to use new average direction of P0 P8 instead of biggest increase direction 3 :

Powell iter=71 Big Iter=36 -2*LL=3694.931161124507 gain=0.443 1 sec. 79 sec.
#model=  1      +     age 
12   -4.6185298    0.0341327 
13  -10.9718995    0.0722828 
21   -0.7667511   -0.0494962 
23  -13.3582490    0.1153207 
1........2.........3........4........5........6..........7..................8.........directest= 0.830503399966 (if directest<0 or t<0 we include P0 Pn as new direction), t= -0.027198695889, f1= 3694.931161124507,f2= 3694.800893503672,f3= 3695.638880193132, del= 0.068875455164
f1-2f2+f3= 0.968254310294, f1-f2-del= 0.061392165670, f1-f3= -0.707719068625

Powell iter=72 Big Iter=37 -2*LL=3694.800893503672 gain=0.13 1 sec. 80 sec.
#model=  1      +     age 
12   -4.6741857    0.0349690 
13  -10.5518679    0.0673200 
21   -0.6901882   -0.0506987 
23  -13.2976986    0.1145623 
1........2..........3........4........5........6..........7..................8...............Gaining to use new average direction of P0 P8 instead of biggest increase direction 4 :

Powell iter=73 Big Iter=37 -2*LL=3694.722260044703 gain=0.0786 1 sec. 81 sec.
#model=  1      +     age 
12   -4.7281026    0.0357654 
13   -9.7853244    0.0552661 
21   -0.6378173   -0.0517214 
23  -13.2803564    0.1143771 
1........2.........3.........4.........5........6..........7..................8......
Powell iter=74 Big Iter=38 -2*LL=3694.679559613343 gain=0.0427 1 sec. 82 sec.
#model=  1      +     age 
12   -4.7326537    0.0358696 
13   -9.4706866    0.0496995 
21   -0.6409552   -0.0516389 
23  -13.2738236    0.1143218 
1........2.........3..............4...........5........6..........7........................8.............Gaining to use new average direction of P0 P8 instead of biggest increase direction 1 :

Powell iter=75 Big Iter=38 -2*LL=3694.627834243069 gain=0.0517 1 sec. 83 sec.
#model=  1      +     age 
12   -4.7638503    0.0364587 
13   -8.2144031    0.0286100 
21   -0.6419228   -0.0514953 
23  -13.3148478    0.1148836 
1........2.........3........4.........5........6..........7..................8........directest= 0.025911941788 (if directest<0 or t<0 we include P0 Pn as new direction), t= -0.000000062377, f1= 3694.627834243069,f2= 3694.626322840312,f3= 3694.651251068769, del= 0.000263844713
f1-2f2+f3= 0.026439631214, f1-f2-del= 0.001247558044, f1-f3= -0.023416825700

Powell iter=76 Big Iter=39 -2*LL=3694.626322840312 gain=0.00151 1 sec. 84 sec.
#model=  1      +     age 
12   -4.7668231    0.0364957 
13   -8.1696821    0.0276249 
21   -0.6429609   -0.0514907 
23  -13.3006962    0.1147042 
1..........2.........3.........4..........5........6..........7...................8.............
Powell iter=77 Big Iter=39 -2*LL=3694.626071494003 gain=0.000251 1 sec. 85 sec.
#model=  1      +     age 
12   -4.7646731    0.0364596 
13   -8.1317687    0.0269917 
21   -0.6421625   -0.0515096 
23  -13.2990721    0.1146847 
1.........2.........3....................4.........5.........6..............7...................8.................
Powell iter=78 Big Iter=40 -2*LL=3694.626025573035 gain=4.59e-005 1 sec. 86 sec.
#model=  1      +     age 
12   -4.7639865    0.0364478 
13   -8.1132707    0.0266924 
21   -0.6423072   -0.0515106 
23  -13.2987203    0.1146807 
1.....................2...........3.......................4...........5..........6................7......................8.............
Powell iter=79 Big Iter=40 -2*LL=3694.626018547492 gain=7.03e-006 1 sec. 87 sec.
#model=  1      +     age 
12   -4.7637422    0.0364435 
13   -8.1059644    0.0265738 
21   -0.6423996   -0.0515105 
23  -13.2985708    0.1146790 
1........2...........3.........................4..........................5............6..................7......................8...............
Powell iter=80 Big Iter=41 -2*LL=3694.626017488431 gain=1.06e-006 2 sec. 89 sec.
#model=  1      +     age 
12   -4.7636513    0.0364420 
13   -8.1031188    0.0265275 
21   -0.6424351   -0.0515104 
23  -13.2985127    0.1146784 
1.............2.........................3............4.............5.............6....................7......................8...................
Powell iter=81 Big Iter=41 -2*LL=3694.626017329102 gain=1.59e-007 1 sec. 90 sec.
#model=  1      +     age 
12   -4.7636160    0.0364413 
13   -8.1020162    0.0265096 
21   -0.6424469   -0.0515105 
23  -13.2984903    0.1146781 
1..............2.................3................4................5.................6......................7.......................8................
Powell iter=82 Big Iter=42 -2*LL=3694.626017305302 gain=2.38e-008 2 sec. 92 sec.
#model=  1      +     age 
12   -4.7636032    0.0364411 
13   -8.1015859    0.0265026 
21   -0.6424525   -0.0515105 
23  -13.2984805    0.1146780 
1...........................2.................3.........4...................5.........6...................7...................8.......................
Powell iter=83 Big Iter=42 -2*LL=3694.626017301724 gain=3.58e-009 1 sec. 93 sec.
#model=  1      +     age 
12   -4.7635981    0.0364410 
13   -8.1014112    0.0264997 
21   -0.6424532   -0.0515105 
23  -13.2984777    0.1146780 
1................2...................3................4...................5.................6...................7....................8..............
Powell iter=84 Big Iter=43 -2*LL=3694.626017301191 gain=5.33e-010 1 sec. 94 sec.
#model=  1      +     age 
12   -4.7635959    0.0364410 
13   -8.1013530    0.0264988 
21   -0.6424537   -0.0515105 
23  -13.2984764    0.1146780 
1..............................2..................................3.........................4............5.....................6....................7...................8.........................
Powell iter=85 Big Iter=43 -2*LL=3694.626017301113 gain=7.73e-011 2 sec. 96 sec.
#model=  1      +     age 
12   -4.7635945    0.0364410 
13   -8.1013315    0.0264984 
21   -0.6424527   -0.0515105 
23  -13.2984760    0.1146779 
1..........................2...............................3...............................4.............................5.........................6....................7....................8............................
Powell iter=86 Big Iter=44 -2*LL=3694.626017301106 gain=7.73e-012 2 sec. 98 sec.
#model=  1      +     age 
12   -4.7635943    0.0364410 
13   -8.1013325    0.0264984 
21   -0.6424531   -0.0515105 
23  -13.2984766    0.1146780 
1................................2..........................3...............................4.................................5.........................6.....................7....................8............................
#Number of iterations & function calls = 86 & 11104, -2 Log likelihood = 3694.626017301106
# Parameters nlstate*nlstate*ncov a12*1 + b12 * age + ...
#model=  1      +     age 
12   -4.7635943    0.0364410 
13   -8.1013325    0.0264984 
21   -0.6424531   -0.0515105 
23  -13.2984766    0.1146780 

Calculation of the hessian matrix. Wait...
1-2-3-4-5-6-7-8-.1-2.1-3.1-4.1-5.1-6.1-7.1-8.2-3.2-4.2-5.2-6.2-7.2-8.3-4.3-5.3-6.3-7.3-8.4-5.4-6.4-7.4-8.5-6.5-7.5-8.6-7.6-8.7-8

Inverting the hessian to get the covariance matrix. Wait...

#Hessian matrix#
1.915098e+002 1.248066e+004 1.348901e+000 1.030815e+002 -5.917486e+001 -3.897107e+003 -7.329618e-001 -3.840000e+001 
1.248066e+004 8.332761e+005 1.024384e+002 8.009236e+003 -3.905618e+003 -2.627859e+005 -3.935065e+001 -1.710788e+003 
1.348901e+000 1.024384e+002 2.439072e+000 1.480438e+002 -1.723726e+000 -1.083714e+002 2.904288e+000 1.980620e+002 
1.030815e+002 8.009236e+003 1.480438e+002 9.061016e+003 -1.094040e+002 -7.013325e+003 1.980323e+002 1.388923e+004 
-5.917486e+001 -3.905618e+003 -1.723726e+000 -1.094040e+002 1.772408e+002 1.145314e+004 -7.369977e-001 -8.519351e+001 
-3.897107e+003 -2.627859e+005 -1.083714e+002 -7.013325e+003 1.145314e+004 7.553051e+005 -8.481459e+001 -8.466287e+003 
-7.329618e-001 -3.935065e+001 2.904288e+000 1.980323e+002 -7.369977e-001 -8.481459e+001 1.664593e+002 1.362165e+004 
-3.840000e+001 -1.710788e+003 1.980620e+002 1.388923e+004 -8.519351e+001 -8.466287e+003 1.362165e+004 1.126912e+006 
Parameters, Wald tests and Wald-based confidence intervals
 W is simply the result of the division of the parameter by the square root of covariance of the parameter.
 And Wald-based confidence intervals plus and minus 1.96 * W 
  It might be better to visualize the covariance matrix. See the page 'Matrix of variance-covariance of one-step probabilities' and its graphs.
12   -4.7635943(   0.5185393) W=  -9.187 CI=[  -5.7799312 ;   -3.7472573]    0.0364410(   0.0079758) W=   4.569 CI=[   0.0208083 ;    0.0520736] 
13   -8.1013325(   7.7764693) W=  -1.042 CI=[ -23.3432123 ;    7.1405473]    0.0264984(   0.1281473) W=   0.207 CI=[  -0.2246702 ;    0.2776671] 
21   -0.6424531(   0.5592212) W=  -1.149 CI=[  -1.7385266 ;    0.4536204]   -0.0515105(   0.0085927) W=  -5.995 CI=[  -0.0683522 ;   -0.0346688] 
23  -13.2984766(   0.7698316) W= -17.275 CI=[ -14.8073464 ;  -11.7896067]    0.1146780(   0.0093397) W=  12.279 CI=[   0.0963721 ;    0.1329838] 
# Scales (for hessian or gradient estimation)
12 1.00000e-004 1.00000e-005
13 1.00000e-003 1.00000e-004
21 1.00000e-004 1.00000e-005
23 1.00000e-004 1.00000e-006
# Covariance matrix 
# 121 Var(a12)
# 122 Cov(b12,a12) Var(b12)
#   ...
# 232 Cov(b23,a12)  Cov(b23,b12) ... Var (b23)
#121 Var(a12)
#122 Cov(b12,a12) Var(b12)
#131 Cov(a13,a12) Cov(a13,b12) Var(a13)
#132 Cov(b13,a12) Cov(b13,b12) Cov(b13,a13) Var(b13)
#211 Cov(a21,a12) Cov(a21,b12) Cov(a21,a13) Cov(a21,b13) Var(a21)
#212 Cov(b21,a12) Cov(b21,b12) Cov(b21,a13) Cov(b21,b13) Cov(b21,a21) Var(b21)
#231 Cov(a23,a12) Cov(a23,b12) Cov(a23,a13) Cov(a23,b13) Cov(a23,a21) Cov(a23,b21) Var(a23)
#232 Cov(b23,a12) Cov(b23,b12) Cov(b23,a13) Cov(b23,b13) Cov(b23,a21) Cov(b23,b21) Cov(b23,a23) Var(b23)
121 2.6888297e-001
122 -4.08917e-003 6.3614164e-005
131 -1.20302e+000 2.02163e-002 6.0473475e+001
132 2.02928e-002 -3.41033e-004 -9.92819e-001 1.6421721e-002
211 8.75170e-002 -1.34796e-003 2.11303e-002 6.39968e-006 3.1272830e-001
212 -1.34700e-003 2.12144e-005 -6.67970e-006 -4.46128e-006 -4.75632e-003 7.3834505e-005
231 -2.24086e-003 4.29996e-005 -4.85335e-001 5.90262e-003 -1.15346e-002 1.49872e-004 5.9264062e-001
232 -1.21343e-005 1.45043e-007 7.46571e-003 -9.91117e-005 1.24477e-004 -1.57399e-006 -7.15080e-003 8.7230061e-005
# agemin agemax for life expectancy, bage fage (if mle==0 ie no data nor Max likelihood).
# Observed prevalence period
begin-prev-date=1/1/2013 end-prev-date=1/9/2018 mov_average=0
# Health expectancies computed from stable (period) prevalence (pop_based=0) or population based (1)
pop_based=0
# Prevalence forecasting and backcasting is skept here
##prevforecast=0  starting-proj-date=1/1/1989 final-proj-date=1/1/1990 mobil_average=0
#prevforecast=1 yearsfproj=10 mobil_average=0
#prevbackcast=1 yearsbproj=10 mobil_average=1
End of resultlines.

Computing forward period (stable) prevalence: result on file 'PL_EEFchr.txt' 
Computing pij: result on file 'PIJ_EEFchr.txt' 
Computing standard deviation of one-step probabilities: result on file 'PROB_rEEFchr.txt' 
Computing matrix of variance covariance of one-step probabilities: result on file 'PROBCOV_EEFchr.txt' 
and correlation matrix of one-step probabilities: result on file 'PROBCOR_EEFchr.txt' 
Prevalence combination of varying and fixed dummies 1
Warning Observed prevalence doesn't sum to 1 for state 2: probs[50][2][1]=0.000000 because of lack of cases.
Warning Observed prevalence doesn't sum to 1 for state 1: probs[98][1][1]=0.000000 because of lack of cases.
Warning Observed prevalence doesn't sum to 1 for state 2: probs[98][2][1]=0.000000 because of lack of cases.
Computing Health Expectancies: result on file 'E_EEFchr.txt' ...done evsij
Computing Total Life expectancies with their standard errors: file 'T_EEFchr.txt' ...
  Computing State-specific Expectancies and standard errors: result on file 'STDE_EEFchr.txt' 
    Computing Covar. of State-specific Expectancies: result on file 'CVE_EEFchr.txt' 
      Computing Variance-covariance of State-specific Expectancies: file 'V_EEFchr.txt' ... done State-specific expectancies
Computing Variance-covariance of forward period (stable) prevalence: file 'VPL_EEFchr.txt' ...done variance-covariance of forward period prevalence
End of Imach with 0 errors and/or warnings 1. Please look at the log file for details.
Local time at start Tue May 28 07:03:20 2024

Local time at end   Tue May 28 07:05:04 2024

Total time used 0 day(s) 0 hour(s) 1 minute(s) 44 second(s)
Total time was 104 Sec.
