Log filename:EEFgali.log
Version 0.99r45 $Revision: 1.353 $ $Date: 2023/05/08 18:48:22 $
Enter the parameter file name: 
pathimach=C:\PROGRA~1\IMACH-~2.99R\bin\
pathtot=C:\Users\mmusz\Dropbox\gender_paradox\data\IMACH\EEFgali.txt
 path=C:\Users\mmusz\Dropbox\gender_paradox\data\IMACH\ 
 optionfile=EEFgali.txt
 optionfilext=txt
 optionfilefiname='EEFgali'
Compiled with: Microsoft Visual Studio for Windows (x64 and x86)  64-bit
The programm is not running under WOW64 (i.e probably on a 64bit Windows).
Local time (at start): Mon May 27 10:58:32 2024
title=gali datafile=dataEEFgali.txt lastobs=15000 firstpass=1 lastpass=2
ftol=1.000000e-018 stepm=3 ncovcol=0 nqv=0 ntv=0 nqtv=0 nlstate=2 ndeath=1 maxwav=2 mle=1 weight=1
model=1+age+
# Parameters nlstate*nlstate*ncov a12*1 + b12 * age + ...
12 0.000000 0.000000
13 0.000000 0.000000
21 0.000000 0.000000
23 0.000000 0.000000
# Scales (for hessian or gradient estimation)
12 0.000000e+000 0.000000e+000
13 0.000000e+000 0.000000e+000
21 0.000000e+000 0.000000e+000
23 0.000000e+000 0.000000e+000
# Covariance matrix
121 0.00000e+000
122 0.00000e+000 0.00000e+000
131 0.00000e+000 0.00000e+000 0.00000e+000
132 0.00000e+000 0.00000e+000 0.00000e+000 0.00000e+000
211 0.00000e+000 0.00000e+000 0.00000e+000 0.00000e+000 0.00000e+000
212 0.00000e+000 0.00000e+000 0.00000e+000 0.00000e+000 0.00000e+000 0.00000e+000
231 0.00000e+000 0.00000e+000 0.00000e+000 0.00000e+000 0.00000e+000 0.00000e+000 0.00000e+000
232 0.00000e+000 0.00000e+000 0.00000e+000 0.00000e+000 0.00000e+000 0.00000e+000 0.00000e+000 0.00000e+000

Model=1+age+
Typevar: 0 for simple covariate (dummy, quantitative, fixed or varying), 1 for age product, 2 for  product, 3 for double product with age  
Fixed[k] 0=fixed (product or simple), 1 varying, 2 fixed with age product, 3 varying with age product 
Dummy[k] 0=dummy (0 1), 1 quantitative (single or product without age), 2 dummy with age product, 3 quant with age product
ncoveff=0, nqfveff=0, ntveff=0, nqtveff=0, cptcovn=0
ncovf=0, ncovv=0, ncova=0, nsd=0, nsq=0
Warning: The value of parameter lastobs=15000 is big compared to the 
  effective number of cases imx=2895, please adjust, 
  otherwise you are allocating more memory than necessary.
Total number of individuals= 2895, Agemin = 51.08, Agemax= 104.50

Information, you have to check 0 informations which haven't been logged!
Delay (in months) between two waves Min=1 (for indiviudal 2400) Max=29 (1940) Mean=21.058071

 Age 51 1.=3 loss[1]=0.0% 2.=0 loss[2]=0.0% 1.=3 prev[1]=86.4% 2.=0 prev[2]=13.6% 11=2 12=0 21=0 22=0 23=0
Age 52 1.=2 loss[1]=0.0% 2.=1 loss[2]=0.0% 1.=2 prev[1]=77.3% 2.=1 prev[2]=22.7% 11=2 12=0 21=0 22=0
Age 53 1.=2 loss[1]=0.0% 2.=0 loss[2]=0.0% 1.=2 prev[1]=80.1% 2.=0 prev[2]=19.9% 11=2 12=0 21=0 22=0
Age 54 1.=2 loss[1]=0.0% 2.=0 loss[2]=0.0% 1.=2 prev[1]=84.3% 2.=0 prev[2]=15.7% 11=2 12=0 21=0 22=0
Age 55 1.=2 loss[1]=0.0% 2.=0 loss[2]=0.0% 1.=2 prev[1]=92.0% 2.=0 prev[2]=8.0% 11=2 12=0 21=0 22=0
Age 56 1.=2 loss[1]=0.0% 2.=1 loss[2]=0.0% 1.=2 prev[1]=80.4% 2.=1 prev[2]=19.6% 11=2 12=0 13=0 21=0 22=0
Age 57 1.=2 loss[1]=0.0% 2.=1 loss[2]=0.0% 1.=2 prev[1]=77.0% 2.=1 prev[2]=23.0% 11=2 12=0 21=0 22=0
Age 58 1.=2 loss[1]=0.0% 2.=1 loss[2]=0.0% 1.=2 prev[1]=77.3% 2.=1 prev[2]=22.7% 11=2 12=0 13=0 21=0 22=0 23=0
Age 59 1.=2 loss[1]=0.0% 2.=1 loss[2]=0.0% 1.=2 prev[1]=75.9% 2.=1 prev[2]=24.1% 11=2 12=0 21=0 22=0 23=0
Age 60 1.=2 loss[1]=0.0% 2.=1 loss[2]=0.0% 1.=2 prev[1]=77.0% 2.=1 prev[2]=23.0% 11=2 12=0 13=0 21=0 22=1 23=0
Age 61 1.=2 loss[1]=0.0% 2.=1 loss[2]=0.0% 1.=2 prev[1]=79.1% 2.=1 prev[2]=20.9% 11=2 12=0 13=0 21=0 22=0
Age 62 1.=2 loss[1]=0.0% 2.=1 loss[2]=0.0% 1.=2 prev[1]=72.2% 2.=1 prev[2]=27.8% 11=1 12=0 13=0 21=0 22=0 23=0
Age 63 1.=2 loss[1]=0.0% 2.=0 loss[2]=0.0% 1.=2 prev[1]=77.2% 2.=0 prev[2]=22.8% 11=2 12=0 13=0 21=0 22=0
Age 64 1.=2 loss[1]=0.0% 2.=1 loss[2]=0.0% 1.=2 prev[1]=79.3% 2.=1 prev[2]=20.7% 11=2 12=0 13=0 21=0 22=0 23=0
Age 65 1.=2 loss[1]=0.0% 2.=0 loss[2]=0.0% 1.=2 prev[1]=83.7% 2.=0 prev[2]=16.3% 11=2 12=0 13=0 21=0 22=0
Age 66 1.=2 loss[1]=0.0% 2.=1 loss[2]=0.0% 1.=2 prev[1]=76.0% 2.=1 prev[2]=24.0% 11=2 12=0 13=0 21=0 22=0
Age 67 1.=2 loss[1]=0.0% 2.=1 loss[2]=0.0% 1.=2 prev[1]=76.2% 2.=1 prev[2]=23.8% 11=2 12=0 13=0 21=0 22=0
Age 68 1.=2 loss[1]=0.0% 2.=1 loss[2]=0.0% 1.=2 prev[1]=75.9% 2.=1 prev[2]=24.1% 11=2 12=0 21=0 22=0
Age 69 1.=2 loss[1]=0.0% 2.=1 loss[2]=0.0% 1.=2 prev[1]=70.1% 2.=1 prev[2]=29.9% 11=1 12=0 13=0 21=0 22=0 23=0
Age 70 1.=2 loss[1]=0.0% 2.=0 loss[2]=0.0% 1.=2 prev[1]=81.0% 2.=0 prev[2]=19.0% 11=2 12=0 21=0 22=0
Age 71 1.=1 loss[1]=0.0% 2.=0 loss[2]=0.0% 1.=1 prev[1]=81.6% 2.=0 prev[2]=18.4% 11=1 12=0 13=0 21=0 22=0 23=0
Age 72 1.=2 loss[1]=0.0% 2.=1 loss[2]=0.0% 1.=2 prev[1]=75.3% 2.=1 prev[2]=24.7% 11=1 12=0 21=0 22=0 23=0
Age 73 1.=2 loss[1]=0.0% 2.=1 loss[2]=0.0% 1.=2 prev[1]=72.5% 2.=1 prev[2]=27.5% 11=1 12=0 13=0 21=0 22=0 23=0
Age 74 1.=1 loss[1]=0.0% 2.=1 loss[2]=0.0% 1.=1 prev[1]=73.3% 2.=1 prev[2]=26.7% 11=1 12=0 13=0 21=0 22=0
Age 75 1.=2 loss[1]=0.0% 2.=1 loss[2]=0.0% 1.=2 prev[1]=66.9% 2.=1 prev[2]=33.1% 11=1 12=0 13=0 21=0 22=1 23=0
Age 76 1.=2 loss[1]=0.0% 2.=1 loss[2]=0.0% 1.=2 prev[1]=70.3% 2.=1 prev[2]=29.7% 11=1 12=0 13=0 21=0 22=0 23=0
Age 77 1.=1 loss[1]=0.0% 2.=1 loss[2]=0.0% 1.=1 prev[1]=61.1% 2.=1 prev[2]=38.9% 11=1 12=0 13=0 21=0 22=1 23=0
Age 78 1.=1 loss[1]=0.0% 2.=1 loss[2]=0.0% 1.=1 prev[1]=61.0% 2.=1 prev[2]=39.0% 11=1 12=1 13=0 21=0 22=1 23=0
Age 79 1.=1 loss[1]=0.0% 2.=1 loss[2]=0.0% 1.=1 prev[1]=63.5% 2.=1 prev[2]=36.5% 11=1 12=0 13=0 21=0 22=0 23=0
Age 80 1.=1 loss[1]=0.0% 2.=1 loss[2]=0.0% 1.=1 prev[1]=59.8% 2.=1 prev[2]=40.2% 11=1 12=0 13=0 21=0 22=0 23=0
Age 81 1.=1 loss[1]=0.0% 2.=1 loss[2]=0.0% 1.=1 prev[1]=51.5% 2.=1 prev[2]=48.5% 11=1 12=0 13=0 21=0 22=0 23=0
Age 82 1.=1 loss[1]=0.0% 2.=1 loss[2]=0.0% 1.=1 prev[1]=45.2% 2.=1 prev[2]=54.8% 11=0 12=0 13=0 21=0 22=1 23=0
Age 83 1.=1 loss[1]=0.0% 2.=1 loss[2]=0.0% 1.=1 prev[1]=32.2% 2.=1 prev[2]=67.8% 11=0 12=0 13=0 21=0 22=1 23=0
Age 84 1.=1 loss[1]=0.0% 2.=1 loss[2]=0.0% 1.=1 prev[1]=53.3% 2.=1 prev[2]=46.7% 11=1 12=0 13=0 21=0 22=0 23=0
Age 85 1.=1 loss[1]=0.0% 2.=1 loss[2]=0.0% 1.=1 prev[1]=50.0% 2.=1 prev[2]=50.0% 11=0 12=0 13=0 21=0 22=0 23=0
Age 86 1.=0 loss[1]=0.0% 2.=1 loss[2]=0.0% 1.=0 prev[1]=35.6% 2.=1 prev[2]=64.4% 11=0 12=0 13=0 21=0 22=0 23=0
Age 87 1.=0 loss[1]=0.0% 2.=1 loss[2]=0.0% 1.=0 prev[1]=45.5% 2.=1 prev[2]=54.5% 11=0 12=0 13=0 21=0 22=0 23=0
Age 88 1.=0 loss[1]=0.0% 2.=1 loss[2]=0.0% 1.=0 prev[1]=34.1% 2.=1 prev[2]=65.9% 11=0 12=0 13=0 21=0 22=0 23=0
Age 89 1.=0 loss[1]=0.0% 2.=0 loss[2]=0.0% 1.=0 prev[1]=51.7% 2.=0 prev[2]=48.3% 11=0 12=0 22=0 23=0
Age 90 1.=0 loss[1]=0.0% 2.=0 loss[2]=0.0% 1.=0 prev[1]=47.1% 2.=0 prev[2]=52.9% 11=0 12=0 13=0 21=0 22=0 23=0
Age 91 1.=0 loss[1]=0.0% 2.=0 loss[2]=0.0% 1.=0 prev[1]=25.1% 2.=0 prev[2]=74.9% 11=0 22=0 23=0
Age 92 1.=0 loss[1]=0.0% 2.=0 loss[2]=0.0% 1.=0 prev[1]=42.9% 2.=0 prev[2]=57.1% 11=0 12=0 21=0 23=0
Age 93 1.=0 loss[1]=0.0% 2.=0 loss[2]=0.0% 1.=0 prev[1]=61.5% 2.=0 prev[2]=38.5% 11=0 13=0 21=0 23=0
Age 94 1.=0 loss[1]=0.0% 2.=0 loss[2]=NaNQ% 1.=0 prev[1]=100.0% 2.=0 prev[2]=0.0% 12=0
Age 95 1.=0 loss[1]=0.0% 2.=0 loss[2]=0.0% 1.=0 prev[1]=33.5% 2.=0 prev[2]=66.5% 11=0 23=0
Age 96 1.=0 loss[1]=NaNQ% 2.=0 loss[2]=0.0% 1.=0 prev[1]=0.0% 2.=0 prev[2]=100.0% 22=0 23=0
Age 97 1.=0 loss[1]=0.0% 2.=0 loss[2]=NaNQ% 1.=0 prev[1]=100.0% 2.=0 prev[2]=0.0% 13=0
Age 98 1.=0 loss[1]=NaNQ% 2.=0 loss[2]=NaNQ% 1.=0 prev[1]=NaNQ% 2.=0 prev[2]=NaNQ%
Age 99 1.=0 loss[1]=NaNQ% 2.=0 loss[2]=0.0% 1.=0 prev[1]=0.0% 2.=0 prev[2]=100.0% 22=0 23=0
Age 100 1.=0 loss[1]=0.0% 2.=0 loss[2]=NaNQ% 1.=0 prev[1]=100.0% 2.=0 prev[2]=0.0% 12=0
Age 101 1.=0 loss[1]=NaNQ% 2.=0 loss[2]=NaNQ% 1.=0 prev[1]=NaNQ% 2.=0 prev[2]=NaNQ%
Age 102 1.=0 loss[1]=NaNQ% 2.=0 loss[2]=NaNQ% 1.=0 prev[1]=NaNQ% 2.=0 prev[2]=NaNQ%
Age 103 1.=0 loss[1]=NaNQ% 2.=0 loss[2]=NaNQ% 1.=0 prev[1]=NaNQ% 2.=0 prev[2]=NaNQ%
Age 104 1.=0 loss[1]=NaNQ% 2.=0 loss[2]=0.0% 1.=0 prev[1]=0.0% 2.=0 prev[2]=100.0% 23=0
1 1.=0 loss[1]=NaNQ% 2.=0 loss[2]=NaNQ% 1.=0 prev[1]=NaNQ% 2.=0 prev[2]=NaNQ%
0 1.=0 loss[1]=NaNQ% 2.=0 loss[2]=NaNQ% 1.=0 prev[1]=NaNQ% 2.=0 prev[2]=NaNQ%
Total 1.=62 loss[1]=0.0% 2.=25 loss[2]=0.0% 1.=62 prev[1]=70.9% 2.=25 prev[2]=29.1% 11=51 12=9 13=2 21=8 22=14 23=4


12    0.0000000 ln(9/51)=   -1.6961618 
13    0.0000000 ln(2/51)=   -3.3328327 
21    0.0000000 ln(8/14)=   -0.5709111 
23    0.0000000 ln(4/14)=   -1.3449493 

 -1-1=0 -10=0 -11=0 -12=0 -13=0 0-1=0 00=0 01=0 02=0 03=0 1-1=0 10=0 11=51 12=9 13=2 2-1=0 20=0 21=8 22=14 23=4 3-1=0 30=0 31=0 32=0 33=0
Powell

Powell iter=1 Big Iter=1 -2*LL=20459.156821542423 gain=0 0 sec. 1 sec.
#model=  1      +     age 
12    0.0000000    0.0000000 
13    0.0000000    0.0000000 
21    0.0000000    0.0000000 
23    0.0000000    0.0000000 
1.......2..................3........4.................5......6..................7.......8..................
Powell iter=2 Big Iter=2 -2*LL=6885.368272935760 gain=1.36e+004 1 sec. 2 sec.
#model=  1      +     age 
12    6.6091239   -0.0010511 
13   -0.7404104    0.0011877 
21    2.7779738   -0.0006495 
23   -1.4355704    0.0026024 

Considering the time needed for this last iteration #2: 1 seconds,
   - if your program needs 1 BIG iterations  (2 iterations) to converge, convergence will be 
   reached in 0 day(s) 0 hour(s) 0 minute(s) 0 second(s) i.e.
   on Mon May 27 10:58:34 2024 (current time is Mon May 27 10:58:34 2024);
   - if your program needs 11 BIG iterations  (22 iterations) to converge, convergence will be 
   reached in 0 day(s) 0 hour(s) 0 minute(s) 20 second(s) i.e.
   on Mon May 27 10:58:54 2024 (current time is Mon May 27 10:58:34 2024);
   - if your program needs 21 BIG iterations  (42 iterations) to converge, convergence will be 
   reached in 0 day(s) 0 hour(s) 0 minute(s) 40 second(s) i.e.
   on Mon May 27 10:59:14 2024 (current time is Mon May 27 10:58:34 2024);
   - if your program needs 31 BIG iterations  (62 iterations) to converge, convergence will be 
   reached in 0 day(s) 0 hour(s) 1 minute(s) 0 second(s) i.e.
   on Mon May 27 10:59:34 2024 (current time is Mon May 27 10:58:34 2024);
1..........2...................3.....4...................5..........6...................7........8............................Gaining to use new average direction of P0 P8 instead of biggest increase direction 1 :

Powell iter=3 Big Iter=2 -2*LL=5433.354860463041 gain=1.45e+003 2 sec. 4 sec.
#model=  1      +     age 
12   -0.3277148   -0.0024194 
13   -3.8847129    0.0093918 
21    2.3887648   -0.0030817 
23   -2.9905333    0.0085151 

Considering the time needed for this last iteration #3: 2 seconds,
   - if your program needs 1 BIG iterations  (2 iterations) to converge, convergence will be 
   reached in 0 day(s) 0 hour(s) 0 minute(s) -2 second(s) i.e.
   on Mon May 27 10:58:34 2024 (current time is Mon May 27 10:58:36 2024);
   - if your program needs 11 BIG iterations  (22 iterations) to converge, convergence will be 
   reached in 0 day(s) 0 hour(s) 0 minute(s) 38 second(s) i.e.
   on Mon May 27 10:59:14 2024 (current time is Mon May 27 10:58:36 2024);
   - if your program needs 21 BIG iterations  (42 iterations) to converge, convergence will be 
   reached in 0 day(s) 0 hour(s) 1 minute(s) 18 second(s) i.e.
   on Mon May 27 10:59:54 2024 (current time is Mon May 27 10:58:36 2024);
   - if your program needs 31 BIG iterations  (62 iterations) to converge, convergence will be 
   reached in 0 day(s) 0 hour(s) 1 minute(s) 58 second(s) i.e.
   on Mon May 27 11:00:34 2024 (current time is Mon May 27 10:58:36 2024);
1..................2.................3.........4..................5..........6.................7........8...........directest= 2947.279599052054 (if directest<0 or t<0 we include P0 Pn as new direction), t= -556610341.854651450000, f1= 5433.354860463041,f2= 5257.138016887315,f3= 8189.655777470131, del= 80.727502553244
f1-2f2+f3= 3108.734604158542, f1-f2-del= 95.489341022482, f1-f3= -2756.300917007090

Powell iter=4 Big Iter=3 -2*LL=5257.138016887315 gain=176 1 sec. 5 sec.
#model=  1      +     age 
12   -0.7896995    0.0023102 
13   -4.8120875    0.0125425 
21    2.7979703   -0.0109411 
23   -2.7250225   -0.0011004 
1..................2.................3...........4...................5..........6...................7..........8....................Gaining to use new average direction of P0 P8 instead of biggest increase direction 3 :

Powell iter=5 Big Iter=3 -2*LL=5106.797024815500 gain=150 1 sec. 6 sec.
#model=  1      +     age 
12   -1.5273722    0.0089551 
13   -6.6859507    0.0236085 
21    2.9357218   -0.0290282 
23   -3.4998897    0.0187015 
1.................2.................3..........4....................5..........6..................7..........8.........
Powell iter=6 Big Iter=4 -2*LL=5053.374326276703 gain=53.4 2 sec. 8 sec.
#model=  1      +     age 
12   -1.7753316    0.0105845 
13   -7.0899382    0.0166558 
21    2.7624916   -0.0342980 
23   -3.8525610    0.0177415 
1.................2.................3.........4..................5..........6.................7..........8................Gaining to use new average direction of P0 P8 instead of biggest increase direction 8 :

Powell iter=7 Big Iter=4 -2*LL=4751.972954568053 gain=301 1 sec. 9 sec.
#model=  1      +     age 
12   -3.2069741    0.0071717 
13   -9.5047048    0.0018739 
21    2.0942302   -0.0657979 
23   -6.0175730    0.0238844 
1.................2................3..........4................5.........6..............7..........8........directest= 1303.402066095404 (if directest<0 or t<0 we include P0 Pn as new direction), t= -47502250.018764600000, f1= 4751.972954568053,f2= 4518.028578203305,f3= 5782.262497296953, del= 97.388114681496
f1-2f2+f3= 1498.178295458395, f1-f2-del= 136.556261683252, f1-f3= -1030.289542728900

Powell iter=8 Big Iter=5 -2*LL=4518.028578203305 gain=234 1 sec. 10 sec.
#model=  1      +     age 
12   -3.2807770    0.0001007 
13   -9.5721216    0.0496256 
21    2.0520705   -0.0656600 
23   -6.2534976    0.0345413 
1...................2...............3..........4..................5.........6..............7..........8........
Powell iter=9 Big Iter=5 -2*LL=4512.660199038934 gain=5.37 1 sec. 11 sec.
#model=  1      +     age 
12   -3.3370955   -0.0000682 
13   -9.6085234    0.0530674 
21    2.0023544   -0.0650655 
23   -6.3652827    0.0358707 
1...................2...............3..........4...................5.........6..............7.........8................Gaining to use new average direction of P0 P8 instead of biggest increase direction 3 :

Powell iter=10 Big Iter=6 -2*LL=4476.879359729877 gain=35.8 1 sec. 12 sec.
#model=  1      +     age 
12   -4.2755618    0.0098451 
13  -10.1571028    0.0692292 
21    1.1445030   -0.0537638 
23   -7.7411085    0.0531464 
1...................2................3.........4..................5.........6..............7.........8.......
Powell iter=11 Big Iter=6 -2*LL=4441.484307768753 gain=35.4 2 sec. 14 sec.
#model=  1      +     age 
12   -4.8792403    0.0187492 
13  -10.5480555    0.0725567 
21    0.6513657   -0.0469744 
23   -8.5389566    0.0633717 
1...................2................3.........4.................5..........6..............7..........8...............Gaining to use new average direction of P0 P8 instead of biggest increase direction 2 :

Powell iter=12 Big Iter=7 -2*LL=4384.520657949111 gain=57 4 sec. 18 sec.
#model=  1      +     age 
12   -6.9635665    0.0502409 
13  -11.8620710    0.0831994 
21   -1.0858927   -0.0223155 
23  -11.3022543    0.0986511 
1..................2.........3........4...................5.........6..............7..........8........directest= 33.346203412856 (if directest<0 or t<0 we include P0 Pn as new direction), t= -986.561468384029, f1= 4384.520657949111,f2= 4383.311806266186,f3= 4417.296543653089, del= 0.923692828486
f1-2f2+f3= 35.193589069829, f1-f2-del= 0.285158854439, f1-f3= -32.775885703978

Powell iter=13 Big Iter=7 -2*LL=4383.311806266186 gain=1.21 3 sec. 21 sec.
#model=  1      +     age 
12   -6.9491809    0.0503342 
13  -11.8458922    0.0820894 
21   -1.0839522   -0.0219903 
23  -11.2722421    0.0974223 
1..................2.........3.........4..................5.........6..............7..........8.............Gaining to use new average direction of P0 P8 instead of biggest increase direction 5 :

Powell iter=14 Big Iter=8 -2*LL=4382.791605847551 gain=0.52 4 sec. 25 sec.
#model=  1      +     age 
12   -7.0222482    0.0509111 
13  -11.8763007    0.0833477 
21   -1.2783127   -0.0192961 
23  -11.3971303    0.0987128 
1..................2.........3........4...................5........6..............7..........8.............Gaining to use new average direction of P0 P8 instead of biggest increase direction 2 :

Powell iter=15 Big Iter=8 -2*LL=4382.136190515352 gain=0.655 3 sec. 28 sec.
#model=  1      +     age 
12   -7.0127707    0.0507059 
13  -11.8471004    0.0833672 
21   -1.4591397   -0.0167868 
23  -11.3916573    0.0986063 
1..................2......3.........4....................5........6..............7..........8............Gaining to use new average direction of P0 P8 instead of biggest increase direction 8 :

Powell iter=16 Big Iter=9 -2*LL=4381.611930335900 gain=0.524 4 sec. 32 sec.
#model=  1      +     age 
12   -6.9483110    0.0497373 
13  -11.7740183    0.0821460 
21   -1.6227293   -0.0146561 
23  -11.3133558    0.0977924 
1..................2.....3........4...................5........6..............7.........8..............Gaining to use new average direction of P0 P8 instead of biggest increase direction 2 :

Powell iter=17 Big Iter=9 -2*LL=4380.875724835224 gain=0.736 3 sec. 35 sec.
#model=  1      +     age 
12   -6.7682590    0.0476274 
13  -11.6180425    0.0791361 
21   -1.6829541   -0.0138213 
23  -11.0746482    0.0951396 
1..................2.......3........4...................5........6..............7.........8.......
Powell iter=18 Big Iter=10 -2*LL=4380.752217358282 gain=0.124 3 sec. 38 sec.
#model=  1      +     age 
12   -6.7512732    0.0475945 
13  -11.6036984    0.0790285 
21   -1.6396634   -0.0143005 
23  -11.0551447    0.0948510 
1..................2........3........4...................5........6..............7.........8.......
Powell iter=19 Big Iter=10 -2*LL=4380.742947180088 gain=0.00927 3 sec. 41 sec.
#model=  1      +     age 
12   -6.7485598    0.0476103 
13  -11.6002888    0.0790726 
21   -1.6340309   -0.0143448 
23  -11.0538885    0.0948163 
1......................2........3........4...................5...........6...............7..........8........
Powell iter=20 Big Iter=11 -2*LL=4380.742306724030 gain=0.00064 3 sec. 44 sec.
#model=  1      +     age 
12   -6.7482865    0.0476181 
13  -11.5995695    0.0790996 
21   -1.6341975   -0.0143347 
23  -11.0546482    0.0948191 
1...............................2............3........4...................5........6.................7..............8................Gaining to use new average direction of P0 P8 instead of biggest increase direction 7 :

Powell iter=21 Big Iter=11 -2*LL=4380.742178043798 gain=0.000129 4 sec. 48 sec.
#model=  1      +     age 
12   -6.7482877    0.0476228 
13  -11.5992354    0.0791235 
21   -1.6352611   -0.0143164 
23  -11.0561570    0.0948330 
1..................2..............3........4.......................5................6.............7.............8............
Powell iter=22 Big Iter=12 -2*LL=4380.742093432785 gain=8.46e-005 3 sec. 51 sec.
#model=  1      +     age 
12   -6.7482552    0.0476217 
13  -11.5992506    0.0791261 
21   -1.6354418   -0.0143142 
23  -11.0567668    0.0948420 
1..................2...........3.........4...................5............6..............7.................8............Gaining to use new average direction of P0 P8 instead of biggest increase direction 8 :

Powell iter=23 Big Iter=12 -2*LL=4380.739478710994 gain=0.00261 3 sec. 54 sec.
#model=  1      +     age 
12   -6.7402027    0.0474922 
13  -11.5967655    0.0791361 
21   -1.6382041   -0.0142857 
23  -11.0941250    0.0952735 
1..................2........3........4...................5.............6.....................7.......8......
Powell iter=24 Big Iter=13 -2*LL=4380.738647804405 gain=0.000831 3 sec. 57 sec.
#model=  1      +     age 
12   -6.7369360    0.0474535 
13  -11.5955768    0.0790989 
21   -1.6330584   -0.0143539 
23  -11.0992245    0.0953462 
1....................2........3.........4.....................5...........................6................7.......8...............Gaining to use new average direction of P0 P8 instead of biggest increase direction 2 :

Powell iter=25 Big Iter=13 -2*LL=4380.738444847605 gain=0.000203 4 sec. 61 sec.
#model=  1      +     age 
12   -6.7344736    0.0474268 
13  -11.5945504    0.0790829 
21   -1.6297147   -0.0143959 
23  -11.1038268    0.0954075 
1.........................2.........3........4...................5............6.................7...............8.................directest= 0.000029961776 (if directest<0 or t<0 we include P0 Pn as new direction), t= -0.000000000000, f1= 4380.738444847605,f2= 4380.738433776554,f3= 4380.738467718127, del= 0.000007525424
f1-2f2+f3= 0.000045012624, f1-f2-del= 0.000003545627, f1-f3= -0.000022870522

Powell iter=26 Big Iter=14 -2*LL=4380.738433776554 gain=1.11e-005 3 sec. 64 sec.
#model=  1      +     age 
12   -6.7344772    0.0474279 
13  -11.5945084    0.0790852 
21   -1.6298070   -0.0143938 
23  -11.1038238    0.0954054 
1....................2..................3.............4......................5.............6................7..............8...................Gaining to use new average direction of P0 P8 instead of biggest increase direction 1 :

Powell iter=27 Big Iter=14 -2*LL=4380.738428231811 gain=5.54e-006 4 sec. 68 sec.
#model=  1      +     age 
12   -6.7342702    0.0474256 
13  -11.5944361    0.0790869 
21   -1.6298590   -0.0143928 
23  -11.1045612    0.0954119 
1................2...........3.............4........................5................6................7................8......................Gaining to use new average direction of P0 P8 instead of biggest increase direction 3 :

Powell iter=28 Big Iter=15 -2*LL=4380.738423912593 gain=4.32e-006 4 sec. 72 sec.
#model=  1      +     age 
12   -6.7344221    0.0474277 
13  -11.5945281    0.0790886 
21   -1.6300339   -0.0143905 
23  -11.1041359    0.0954055 
1..........2...................3............4.......................5.................6.................7................8...........
Powell iter=29 Big Iter=15 -2*LL=4380.738421422355 gain=2.49e-006 3 sec. 75 sec.
#model=  1      +     age 
12   -6.7344303    0.0474285 
13  -11.5945335    0.0790885 
21   -1.6298823   -0.0143923 
23  -11.1038614    0.0954023 
1................2...................3................4...........................5................6.................7..................8..................Gaining to use new average direction of P0 P8 instead of biggest increase direction 8 :

Powell iter=30 Big Iter=16 -2*LL=4380.738361681412 gain=5.97e-005 4 sec. 79 sec.
#model=  1      +     age 
12   -6.7353191    0.0474440 
13  -11.5954701    0.0790959 
21   -1.6292026   -0.0144003 
23  -11.0981528    0.0953351 
1.............2.......3........4....................5............6................7..........8............Gaining to use new average direction of P0 P8 instead of biggest increase direction 2 :

Powell iter=31 Big Iter=16 -2*LL=4380.738193067581 gain=0.000169 3 sec. 82 sec.
#model=  1      +     age 
12   -6.7359966    0.0474561 
13  -11.5975877    0.0791175 
21   -1.6283558   -0.0144107 
23  -11.0925651    0.0952709 
1..........2.....3........4..........................5............6.................7..................8............Gaining to use new average direction of P0 P8 instead of biggest increase direction 8 :

Powell iter=32 Big Iter=17 -2*LL=4380.737998982097 gain=0.000194 3 sec. 85 sec.
#model=  1      +     age 
12   -6.7370312    0.0474741 
13  -11.6009481    0.0791578 
21   -1.6280428   -0.0144138 
23  -11.0862226    0.0951931 
1..............2......3................4.............................5.................6.......................7...............8..........Gaining to use new average direction of P0 P8 instead of biggest increase direction 2 :

Powell iter=33 Big Iter=17 -2*LL=4380.736770471306 gain=0.00123 4 sec. 89 sec.
#model=  1      +     age 
12   -6.7397357    0.0475216 
13  -11.6207380    0.0794142 
21   -1.6280202   -0.0144111 
23  -11.0655253    0.0949340 
1......2......3.....4.......................5...............6.................7..................8............Gaining to use new average direction of P0 P8 instead of biggest increase direction 2 :

Powell iter=34 Big Iter=18 -2*LL=4380.734771508167 gain=0.002 3 sec. 92 sec.
#model=  1      +     age 
12   -6.7399771    0.0475341 
13  -11.6501401    0.0798073 
21   -1.6273994   -0.0144165 
23  -11.0478736    0.0947103 
1.......2.....3.......4........................5............6...............7................8............Gaining to use new average direction of P0 P8 instead of biggest increase direction 8 :

Powell iter=35 Big Iter=18 -2*LL=4380.733109087893 gain=0.00166 3 sec. 95 sec.
#model=  1      +     age 
12   -6.7374979    0.0475114 
13  -11.6802177    0.0802052 
21   -1.6233958   -0.0144665 
23  -11.0332090    0.0945340 
1........2.....3...........4........................5........................6.................7...................8...........Gaining to use new average direction of P0 P8 instead of biggest increase direction 2 :

Powell iter=36 Big Iter=19 -2*LL=4380.725398140453 gain=0.00771 4 sec. 99 sec.
#model=  1      +     age 
12   -6.7222113    0.0473189 
13  -11.7978850    0.0817852 
21   -1.6120776   -0.0146118 
23  -11.0085559    0.0942426 
1......2......3...........4............................5..........6.............7........8.............Gaining to use new average direction of P0 P8 instead of biggest increase direction 8 :

Powell iter=37 Big Iter=19 -2*LL=4380.716329545003 gain=0.00907 3 sec. 102 sec.
#model=  1      +     age 
12   -6.7149593    0.0471967 
13  -11.9267940    0.0835422 
21   -1.6186999   -0.0145259 
23  -10.9820736    0.0939064 
1.....2......3.....4....................5........6..............7.........8............Gaining to use new average direction of P0 P8 instead of biggest increase direction 2 :

Powell iter=38 Big Iter=20 -2*LL=4380.707669438515 gain=0.00866 3 sec. 105 sec.
#model=  1      +     age 
12   -6.7104662    0.0470798 
13  -11.9871269    0.0844109 
21   -1.6362568   -0.0143034 
23  -11.0041196    0.0941519 
1.....2......3...............4....................5................6...............7..............8......
Powell iter=39 Big Iter=20 -2*LL=4380.706820429997 gain=0.000849 3 sec. 108 sec.
#model=  1      +     age 
12   -6.7083327    0.0470512 
13  -11.9739505    0.0842363 
21   -1.6353670   -0.0143157 
23  -11.0186442    0.0943305 
1......2........3...........4.......................5................6................7................8............Gaining to use new average direction of P0 P8 instead of biggest increase direction 2 :

Powell iter=40 Big Iter=21 -2*LL=4380.706498676527 gain=0.000322 4 sec. 112 sec.
#model=  1      +     age 
12   -6.7061954    0.0470199 
13  -11.9564322    0.0840057 
21   -1.6340021   -0.0143352 
23  -11.0334645    0.0945147 
1...............2...............3............4......................5..............6................7...............8................directest= 0.000093475565 (if directest<0 or t<0 we include P0 Pn as new direction), t= -0.000000000000, f1= 4380.706498676527,f2= 4380.706498354362,f3= 4380.706591999259, del= 0.000000245748
f1-2f2+f3= 0.000093967062, f1-f2-del= 0.000000076417, f1-f3= -0.000093322732

Powell iter=41 Big Iter=21 -2*LL=4380.706498354362 gain=3.22e-007 4 sec. 116 sec.
#model=  1      +     age 
12   -6.7062271    0.0470202 
13  -11.9563454    0.0840031 
21   -1.6339692   -0.0143358 
23  -11.0334586    0.0945147 
1................2...............3...................4...........................5.....................6..................7..................8.....................
Powell iter=42 Big Iter=22 -2*LL=4380.706498345994 gain=8.37e-009 5 sec. 121 sec.
#model=  1      +     age 
12   -6.7062160    0.0470200 
13  -11.9563574    0.0840032 
21   -1.6339539   -0.0143361 
23  -11.0334616    0.0945147 
1....................2..................3................4..................5.......................6..................7....................8...........................
Powell iter=43 Big Iter=22 -2*LL=4380.706498345273 gain=7.21e-010 4 sec. 125 sec.
#model=  1      +     age 
12   -6.7062121    0.0470200 
13  -11.9563733    0.0840033 
21   -1.6339494   -0.0143361 
23  -11.0334591    0.0945146 
1..................2................3....................................4............................5.....................6....................7...........8...................
Powell iter=44 Big Iter=23 -2*LL=4380.706498345141 gain=1.32e-010 5 sec. 130 sec.
#model=  1      +     age 
12   -6.7062096    0.0470199 
13  -11.9563795    0.0840034 
21   -1.6339471   -0.0143362 
23  -11.0334586    0.0945146 
1..........................................2.............................3...................................4........................5...................................6........................7...........................8.................................................Gaining to use new average direction of P0 P8 instead of biggest increase direction 1 :

Powell iter=45 Big Iter=23 -2*LL=4380.706498345136 gain=4.55e-012 8 sec. 138 sec.
#model=  1      +     age 
12   -6.7062096    0.0470199 
13  -11.9563795    0.0840034 
21   -1.6339471   -0.0143362 
23  -11.0334586    0.0945146 
1....................................2................................3...................................4.......................5.....................6........................7...........................8...........................
#Number of iterations & function calls = 45 & 6611, -2 Log likelihood = 4380.706498345136
# Parameters nlstate*nlstate*ncov a12*1 + b12 * age + ...
#model=  1      +     age 
12   -6.7062096    0.0470199 
13  -11.9563795    0.0840034 
21   -1.6339471   -0.0143362 
23  -11.0334586    0.0945146 

Calculation of the hessian matrix. Wait...
1-2-3-4-5-6-7-8-.1-2.1-3.1-4.1-5.1-6.1-7.1-8.2-3.2-4.2-5.2-6.2-7.2-8.3-4.3-5.3-6.3-7.3-8.4-5.4-6.4-7.4-8.5-6.5-7.5-8.6-7.6-8.7-8

Inverting the hessian to get the covariance matrix. Wait...

#Hessian matrix#
2.997636e+002 2.143669e+004 1.155460e+001 9.275234e+002 -9.084697e+001 -6.579464e+003 -8.396421e+000 -6.622411e+002 
2.143669e+004 1.564477e+006 9.200917e+002 7.503457e+004 -6.574438e+003 -4.863361e+005 -6.632649e+002 -5.318673e+004 
1.155460e+001 9.200917e+002 2.015989e+001 1.483488e+003 -7.246863e+000 -5.625951e+002 1.517951e+001 1.196316e+003 
9.275234e+002 7.503457e+004 1.483488e+003 1.108778e+005 -5.665740e+002 -4.492043e+004 1.195717e+003 9.590251e+004 
-9.084697e+001 -6.574438e+003 -7.246863e+000 -5.665740e+002 2.363166e+002 1.669885e+004 -4.581500e+000 -4.074218e+002 
-6.579464e+003 -4.863361e+005 -5.625951e+002 -4.492043e+004 1.669885e+004 1.209229e+006 -4.043500e+002 -3.562825e+004 
-8.396421e+000 -6.632649e+002 1.517951e+001 1.195717e+003 -4.581500e+000 -4.043500e+002 1.204062e+002 9.963518e+003 
-6.622411e+002 -5.318673e+004 1.196316e+003 9.590251e+004 -4.074218e+002 -3.562825e+004 9.963518e+003 8.327336e+005 
Parameters, Wald tests and Wald-based confidence intervals
 W is simply the result of the division of the parameter by the square root of covariance of the parameter.
 And Wald-based confidence intervals plus and minus 1.96 * W 
  It might be better to visualize the covariance matrix. See the page 'Matrix of variance-covariance of one-step probabilities' and its graphs.
12   -6.7062096(   0.4479117) W= -14.972 CI=[  -7.5841165 ;   -5.8283027]    0.0470199(   0.0062736) W=   7.495 CI=[   0.0347236 ;    0.0593163] 
13  -11.9563795(   2.0500495) W=  -5.832 CI=[ -15.9744765 ;   -7.9382826]    0.0840034(   0.0278748) W=   3.014 CI=[   0.0293689 ;    0.1386379] 
21   -1.6339471(   0.4455040) W=  -3.668 CI=[  -2.5071349 ;   -0.7607594]   -0.0143362(   0.0062623) W=  -2.289 CI=[  -0.0266103 ;   -0.0020620] 
23  -11.0334586(   0.9982913) W= -11.052 CI=[ -12.9901096 ;   -9.0768077]    0.0945146(   0.0120489) W=   7.844 CI=[   0.0708988 ;    0.1181304] 
# Scales (for hessian or gradient estimation)
12 1.00000e-004 1.00000e-006
13 2.00000e-003 3.00000e-005
21 1.00000e-004 1.00000e-006
23 1.00000e-004 1.00000e-005
# Covariance matrix 
# 121 Var(a12)
# 122 Cov(b12,a12) Var(b12)
#   ...
# 232 Cov(b23,a12)  Cov(b23,b12) ... Var (b23)
#121 Var(a12)
#122 Cov(b12,a12) Var(b12)
#131 Cov(a13,a12) Cov(a13,b12) Var(a13)
#132 Cov(b13,a12) Cov(b13,b12) Cov(b13,a13) Var(b13)
#211 Cov(a21,a12) Cov(a21,b12) Cov(a21,a13) Cov(a21,b13) Var(a21)
#212 Cov(b21,a12) Cov(b21,b12) Cov(b21,a13) Cov(b21,b13) Cov(b21,a21) Var(b21)
#231 Cov(a23,a12) Cov(a23,b12) Cov(a23,a13) Cov(a23,b13) Cov(a23,a21) Cov(a23,b21) Var(a23)
#232 Cov(b23,a12) Cov(b23,b12) Cov(b23,a13) Cov(b23,b13) Cov(b23,a21) Cov(b23,b21) Cov(b23,a23) Var(b23)
121 2.0062488e-001
122 -2.78238e-003 3.9358503e-005
131 -2.11617e-001 3.14522e-003 4.2027028e+000
132 3.04087e-003 -4.55108e-005 -5.67415e-002 7.7700219e-004
211 6.04078e-002 -8.46855e-004 6.31045e-002 -8.61150e-004 1.9847379e-001
212 -8.50093e-004 1.22033e-005 -8.81111e-004 1.21729e-005 -2.75583e-003 3.9216472e-005
231 4.80793e-002 -6.72439e-004 -7.66053e-001 9.90260e-003 -4.21761e-003 4.14507e-005 9.9658552e-001
232 -6.46432e-004 9.17733e-006 9.68850e-003 -1.26840e-004 3.21303e-005 -1.99105e-007 -1.19689e-002 1.4517513e-004
# agemin agemax for life expectancy, bage fage (if mle==0 ie no data nor Max likelihood).
# Observed prevalence period
begin-prev-date=1/1/2013 end-prev-date=1/9/2018 mov_average=0
# Health expectancies computed from stable (period) prevalence (pop_based=0) or population based (1)
pop_based=0
# Prevalence forecasting and backcasting is skept here
##prevforecast=0  starting-proj-date=1/1/1989 final-proj-date=1/1/1990 mobil_average=0
#prevforecast=1 yearsfproj=10 mobil_average=0
#prevbackcast=1 yearsbproj=10 mobil_average=1
End of resultlines.

Computing forward period (stable) prevalence: result on file 'PL_EEFgali.txt' 
Computing pij: result on file 'PIJ_EEFgali.txt' 
Computing standard deviation of one-step probabilities: result on file 'PROB_rEEFgali.txt' 
Computing matrix of variance covariance of one-step probabilities: result on file 'PROBCOV_EEFgali.txt' 
and correlation matrix of one-step probabilities: result on file 'PROBCOR_EEFgali.txt' 
Prevalence combination of varying and fixed dummies 1
Warning Observed prevalence doesn't sum to 1 for state 2: probs[50][2][1]=0.000000 because of lack of cases.
Warning Observed prevalence doesn't sum to 1 for state 1: probs[98][1][1]=0.000000 because of lack of cases.
Warning Observed prevalence doesn't sum to 1 for state 2: probs[98][2][1]=0.000000 because of lack of cases.
Computing Health Expectancies: result on file 'E_EEFgali.txt' ...done evsij
Computing Total Life expectancies with their standard errors: file 'T_EEFgali.txt' ...
  Computing State-specific Expectancies and standard errors: result on file 'STDE_EEFgali.txt' 
    Computing Covar. of State-specific Expectancies: result on file 'CVE_EEFgali.txt' 
      Computing Variance-covariance of State-specific Expectancies: file 'V_EEFgali.txt' ... done State-specific expectancies
Computing Variance-covariance of forward period (stable) prevalence: file 'VPL_EEFgali.txt' ...done variance-covariance of forward period prevalence
End of Imach with 0 errors and/or warnings 1. Please look at the log file for details.
Local time at start Mon May 27 10:58:32 2024

Local time at end   Mon May 27 11:01:07 2024

Total time used 0 day(s) 0 hour(s) 2 minute(s) 35 second(s)
Total time was 155 Sec.
