Log filename:ESF.log
Version 0.99r45 $Revision: 1.353 $ $Date: 2023/05/08 18:48:22 $
Enter the parameter file name: 
pathimach=C:\PROGRA~1\IMACH-~2.99R\bin\
pathtot=C:\Users\mmusz\Dropbox\gender_paradox\data\IMACH\ESF.txt
 path=C:\Users\mmusz\Dropbox\gender_paradox\data\IMACH\ 
 optionfile=ESF.txt
 optionfilext=txt
 optionfilefiname='ESF'
Compiled with: Microsoft Visual Studio for Windows (x64 and x86)  64-bit
The programm is not running under WOW64 (i.e probably on a 64bit Windows).
Local time (at start): Sat May 25 22:26:15 2024
title=adl datafile=dataESF.txt lastobs=15000 firstpass=1 lastpass=2
ftol=1.000000e-018 stepm=3 ncovcol=0 nqv=0 ntv=0 nqtv=0 nlstate=2 ndeath=1 maxwav=2 mle=1 weight=1
model=1+age+
# Parameters nlstate*nlstate*ncov a12*1 + b12 * age + ...
12 0.000000 0.000000
13 0.000000 0.000000
21 0.000000 0.000000
23 0.000000 0.000000
# Scales (for hessian or gradient estimation)
12 0.000000e+000 0.000000e+000
13 0.000000e+000 0.000000e+000
21 0.000000e+000 0.000000e+000
23 0.000000e+000 0.000000e+000
# Covariance matrix
121 0.00000e+000
122 0.00000e+000 0.00000e+000
131 0.00000e+000 0.00000e+000 0.00000e+000
132 0.00000e+000 0.00000e+000 0.00000e+000 0.00000e+000
211 0.00000e+000 0.00000e+000 0.00000e+000 0.00000e+000 0.00000e+000
212 0.00000e+000 0.00000e+000 0.00000e+000 0.00000e+000 0.00000e+000 0.00000e+000
231 0.00000e+000 0.00000e+000 0.00000e+000 0.00000e+000 0.00000e+000 0.00000e+000 0.00000e+000
232 0.00000e+000 0.00000e+000 0.00000e+000 0.00000e+000 0.00000e+000 0.00000e+000 0.00000e+000 0.00000e+000

Model=1+age+
Typevar: 0 for simple covariate (dummy, quantitative, fixed or varying), 1 for age product, 2 for  product, 3 for double product with age  
Fixed[k] 0=fixed (product or simple), 1 varying, 2 fixed with age product, 3 varying with age product 
Dummy[k] 0=dummy (0 1), 1 quantitative (single or product without age), 2 dummy with age product, 3 quant with age product
ncoveff=0, nqfveff=0, ntveff=0, nqtveff=0, cptcovn=0
ncovf=0, ncovv=0, ncova=0, nsd=0, nsq=0
Warning: The value of parameter lastobs=15000 is big compared to the 
  effective number of cases imx=2427, please adjust, 
  otherwise you are allocating more memory than necessary.
Total number of individuals= 2427, Agemin = 51.08, Agemax= 105.42

Information, you have to check 0 informations which haven't been logged!
Delay (in months) between two waves Min=1 (for indiviudal 2210) Max=33 (1446) Mean=24.404536

 Age 51 1.=3 loss[1]=0.0% 2.=0 loss[2]=0.0% 1.=3 prev[1]=99.9% 2.=0 prev[2]=0.1% 11=3 21=0
Age 52 1.=2 loss[1]=0.0% 2.=0 loss[2]=0.0% 1.=2 prev[1]=98.4% 2.=0 prev[2]=1.6% 11=2 22=0
Age 53 1.=1 loss[1]=0.0% 2.=0 loss[2]=0.0% 1.=1 prev[1]=100.0% 2.=0 prev[2]=0.0% 11=1 21=0
Age 54 1.=5 loss[1]=0.0% 2.=0 loss[2]=0.0% 1.=5 prev[1]=99.2% 2.=0 prev[2]=0.8% 11=5 12=0 22=0
Age 55 1.=6 loss[1]=0.0% 2.=0 loss[2]=NaNQ% 1.=6 prev[1]=100.0% 2.=0 prev[2]=0.0% 11=6 12=0 13=0
Age 56 1.=5 loss[1]=0.0% 2.=0 loss[2]=0.0% 1.=5 prev[1]=99.6% 2.=0 prev[2]=0.4% 11=5 12=0 22=0
Age 57 1.=3 loss[1]=0.0% 2.=1 loss[2]=0.0% 1.=3 prev[1]=84.4% 2.=1 prev[2]=15.6% 11=3 12=0 22=1
Age 58 1.=1 loss[1]=0.0% 2.=0 loss[2]=0.0% 1.=1 prev[1]=99.5% 2.=0 prev[2]=0.5% 11=1 12=0 13=0 21=0
Age 59 1.=1 loss[1]=0.0% 2.=0 loss[2]=0.0% 1.=1 prev[1]=99.6% 2.=0 prev[2]=0.4% 11=1 12=0 13=0 21=0
Age 60 1.=1 loss[1]=0.0% 2.=0 loss[2]=0.0% 1.=1 prev[1]=92.5% 2.=0 prev[2]=7.5% 11=1 12=0 13=0 21=0
Age 61 1.=2 loss[1]=0.0% 2.=0 loss[2]=0.0% 1.=2 prev[1]=92.7% 2.=0 prev[2]=7.3% 11=2 12=0 21=0 22=0
Age 62 1.=2 loss[1]=0.0% 2.=0 loss[2]=0.0% 1.=2 prev[1]=94.8% 2.=0 prev[2]=5.2% 11=2 12=0 21=0 23=0
Age 63 1.=2 loss[1]=0.0% 2.=0 loss[2]=0.0% 1.=2 prev[1]=93.0% 2.=0 prev[2]=7.0% 11=2 12=0 13=0 21=0
Age 64 1.=2 loss[1]=0.0% 2.=0 loss[2]=0.0% 1.=2 prev[1]=90.7% 2.=0 prev[2]=9.3% 11=2 12=0 22=0
Age 65 1.=2 loss[1]=0.0% 2.=0 loss[2]=0.0% 1.=2 prev[1]=98.5% 2.=0 prev[2]=1.5% 11=2 12=0 22=0
Age 66 1.=3 loss[1]=0.0% 2.=0 loss[2]=0.0% 1.=3 prev[1]=97.9% 2.=0 prev[2]=2.1% 11=3 12=0 21=0 22=0
Age 67 1.=2 loss[1]=0.0% 2.=0 loss[2]=0.0% 1.=2 prev[1]=88.9% 2.=0 prev[2]=11.1% 11=2 12=0 13=0 21=0 22=0 23=0
Age 68 1.=2 loss[1]=0.0% 2.=0 loss[2]=0.0% 1.=2 prev[1]=86.5% 2.=0 prev[2]=13.5% 11=2 12=0 13=0 21=0 22=0 23=0
Age 69 1.=2 loss[1]=0.0% 2.=0 loss[2]=0.0% 1.=2 prev[1]=95.8% 2.=0 prev[2]=4.2% 11=2 12=0 13=0 21=0 22=0
Age 70 1.=2 loss[1]=0.0% 2.=0 loss[2]=0.0% 1.=2 prev[1]=93.0% 2.=0 prev[2]=7.0% 11=2 12=0 21=0 22=0 23=0
Age 71 1.=2 loss[1]=0.0% 2.=0 loss[2]=0.0% 1.=2 prev[1]=88.0% 2.=0 prev[2]=12.0% 11=1 12=0 13=0 21=0 22=0 23=0
Age 72 1.=2 loss[1]=0.0% 2.=0 loss[2]=0.0% 1.=2 prev[1]=95.7% 2.=0 prev[2]=4.3% 11=2 12=0 13=0 21=0 22=0
Age 73 1.=2 loss[1]=0.0% 2.=0 loss[2]=0.0% 1.=2 prev[1]=87.0% 2.=0 prev[2]=13.0% 11=1 12=0 13=0 21=0 22=0 23=0
Age 74 1.=1 loss[1]=0.0% 2.=0 loss[2]=0.0% 1.=1 prev[1]=73.4% 2.=0 prev[2]=26.6% 11=1 12=0 13=0 21=0 22=0 23=0
Age 75 1.=1 loss[1]=0.0% 2.=0 loss[2]=0.0% 1.=1 prev[1]=81.5% 2.=0 prev[2]=18.5% 11=1 12=0 13=0 21=0 22=0 23=0
Age 76 1.=1 loss[1]=0.0% 2.=0 loss[2]=0.0% 1.=1 prev[1]=77.6% 2.=0 prev[2]=22.4% 11=1 12=0 13=0 21=0 22=0 23=0
Age 77 1.=1 loss[1]=0.0% 2.=0 loss[2]=0.0% 1.=1 prev[1]=89.9% 2.=0 prev[2]=10.1% 11=1 12=0 13=0 21=0 22=0
Age 78 1.=2 loss[1]=0.0% 2.=0 loss[2]=0.0% 1.=2 prev[1]=82.1% 2.=0 prev[2]=17.9% 11=1 12=0 13=0 21=0 22=0 23=0
Age 79 1.=2 loss[1]=0.0% 2.=0 loss[2]=0.0% 1.=2 prev[1]=89.2% 2.=0 prev[2]=10.8% 11=1 12=0 13=0 21=0 22=0 23=0
Age 80 1.=2 loss[1]=0.0% 2.=1 loss[2]=0.0% 1.=2 prev[1]=75.7% 2.=1 prev[2]=24.3% 11=1 12=0 13=0 21=0 22=0 23=0
Age 81 1.=1 loss[1]=0.0% 2.=1 loss[2]=0.0% 1.=1 prev[1]=61.4% 2.=1 prev[2]=38.6% 11=1 12=0 13=0 21=0 22=0 23=0
Age 82 1.=1 loss[1]=0.0% 2.=1 loss[2]=0.0% 1.=1 prev[1]=63.1% 2.=1 prev[2]=36.9% 11=1 12=0 13=0 21=0 22=0 23=0
Age 83 1.=1 loss[1]=0.0% 2.=0 loss[2]=0.0% 1.=1 prev[1]=71.4% 2.=0 prev[2]=28.6% 11=1 12=0 13=0 21=0 22=0 23=0
Age 84 1.=1 loss[1]=0.0% 2.=0 loss[2]=0.0% 1.=1 prev[1]=78.4% 2.=0 prev[2]=21.6% 11=1 12=0 13=0 21=0 22=0 23=0
Age 85 1.=1 loss[1]=0.0% 2.=1 loss[2]=0.0% 1.=1 prev[1]=47.9% 2.=1 prev[2]=52.1% 11=0 12=0 13=0 21=0 22=0 23=0
Age 86 1.=1 loss[1]=0.0% 2.=0 loss[2]=0.0% 1.=1 prev[1]=72.6% 2.=0 prev[2]=27.4% 11=0 12=0 13=0 21=0 22=0 23=0
Age 87 1.=1 loss[1]=0.0% 2.=1 loss[2]=0.0% 1.=1 prev[1]=52.4% 2.=1 prev[2]=47.6% 11=0 12=0 13=0 21=0 22=0 23=0
Age 88 1.=1 loss[1]=0.0% 2.=0 loss[2]=0.0% 1.=1 prev[1]=60.2% 2.=0 prev[2]=39.8% 11=0 12=0 13=0 21=0 22=0 23=0
Age 89 1.=0 loss[1]=0.0% 2.=0 loss[2]=0.0% 1.=0 prev[1]=56.2% 2.=0 prev[2]=43.8% 11=0 12=0 13=0 22=0 23=0
Age 90 1.=0 loss[1]=0.0% 2.=1 loss[2]=0.0% 1.=0 prev[1]=30.6% 2.=1 prev[2]=69.4% 11=0 12=0 13=0 21=0 22=0 23=0
Age 91 1.=0 loss[1]=0.0% 2.=0 loss[2]=0.0% 1.=0 prev[1]=31.1% 2.=0 prev[2]=68.9% 11=0 12=0 13=0 22=0 23=0
Age 92 1.=0 loss[1]=0.0% 2.=0 loss[2]=0.0% 1.=0 prev[1]=76.0% 2.=0 prev[2]=24.0% 11=0 12=0 13=0 22=0 23=0
Age 93 1.=0 loss[1]=0.0% 2.=0 loss[2]=0.0% 1.=0 prev[1]=15.4% 2.=0 prev[2]=84.6% 12=0 22=0 23=0
Age 94 1.=0 loss[1]=0.0% 2.=0 loss[2]=0.0% 1.=0 prev[1]=9.4% 2.=0 prev[2]=90.6% 11=0 12=0 22=0 23=0
Age 95 1.=0 loss[1]=0.0% 2.=0 loss[2]=0.0% 1.=0 prev[1]=49.5% 2.=0 prev[2]=50.5% 12=0 22=0 23=0
Age 96 1.=0 loss[1]=0.0% 2.=0 loss[2]=0.0% 1.=0 prev[1]=21.4% 2.=0 prev[2]=78.6% 12=0 23=0
Age 97 1.=0 loss[1]=NaNQ% 2.=0 loss[2]=0.0% 1.=0 prev[1]=0.0% 2.=0 prev[2]=100.0% 22=0
Age 98 1.=0 loss[1]=NaNQ% 2.=0 loss[2]=0.0% 1.=0 prev[1]=0.0% 2.=0 prev[2]=100.0% 22=0 23=0
Age 99 1.=0 loss[1]=NaNQ% 2.=0 loss[2]=0.0% 1.=0 prev[1]=0.0% 2.=0 prev[2]=100.0% 23=0
Age 100 1.=0 loss[1]=NaNQ% 2.=0 loss[2]=NaNQ% 1.=0 prev[1]=NaNQ% 2.=0 prev[2]=NaNQ%
Age 101 1.=0 loss[1]=0.0% 2.=0 loss[2]=NaNQ% 1.=0 prev[1]=100.0% 2.=0 prev[2]=0.0% 13=0
Age 102 1.=0 loss[1]=NaNQ% 2.=0 loss[2]=0.0% 1.=0 prev[1]=0.0% 2.=0 prev[2]=100.0% 23=0
Age 103 1.=0 loss[1]=NaNQ% 2.=0 loss[2]=NaNQ% 1.=0 prev[1]=NaNQ% 2.=0 prev[2]=NaNQ%
Age 104 1.=0 loss[1]=NaNQ% 2.=0 loss[2]=NaNQ% 1.=0 prev[1]=NaNQ% 2.=0 prev[2]=NaNQ%
Age 105 1.=0 loss[1]=NaNQ% 2.=0 loss[2]=0.0% 1.=0 prev[1]=0.0% 2.=0 prev[2]=100.0% 23=0
1 1.=0 loss[1]=NaNQ% 2.=0 loss[2]=NaNQ% 1.=0 prev[1]=NaNQ% 2.=0 prev[2]=NaNQ%
0 1.=0 loss[1]=NaNQ% 2.=0 loss[2]=NaNQ% 1.=0 prev[1]=NaNQ% 2.=0 prev[2]=NaNQ%
Total 1.=73 loss[1]=0.0% 2.=12 loss[2]=0.0% 1.=73 prev[1]=86.2% 2.=12 prev[2]=13.8% 11=63 12=7 13=3 21=3 22=6 23=3


12    0.0000000 ln(7/63)=   -2.2160240 
13    0.0000000 ln(3/63)=   -3.1925955 
21    0.0000000 ln(3/6)=   -0.9208537 
23    0.0000000 ln(3/6)=   -0.9000038 

 -1-1=0 -10=0 -11=0 -12=0 -13=0 0-1=0 00=0 01=0 02=0 03=0 1-1=0 10=0 11=63 12=7 13=3 2-1=0 20=0 21=3 22=6 23=3 3-1=0 30=0 31=0 32=0 33=0
Powell

Powell iter=1 Big Iter=1 -2*LL=19310.489503206714 gain=0 0 sec. 0 sec.
#model=  1      +     age 
12    0.0000000    0.0000000 
13    0.0000000    0.0000000 
21    0.0000000    0.0000000 
23    0.0000000    0.0000000 
1.......2.................3.......4..................5.......6..................7.......8.............................Gaining to use new average direction of P0 P8 instead of biggest increase direction 5 :

Powell iter=2 Big Iter=2 -2*LL=5601.471452047839 gain=1.37e+004 1 sec. 1 sec.
#model=  1      +     age 
12    5.7938546    0.0007004 
13   -0.5116564   -0.0005282 
21    2.4165203   -0.0007479 
23   -1.1838052    0.0026058 

Considering the time needed for this last iteration #2: 1 seconds,
   - if your program needs 1 BIG iterations  (2 iterations) to converge, convergence will be 
   reached in 0 day(s) 0 hour(s) 0 minute(s) 0 second(s) i.e.
   on Sat May 25 22:26:16 2024 (current time is Sat May 25 22:26:16 2024);
   - if your program needs 11 BIG iterations  (22 iterations) to converge, convergence will be 
   reached in 0 day(s) 0 hour(s) 0 minute(s) 20 second(s) i.e.
   on Sat May 25 22:26:36 2024 (current time is Sat May 25 22:26:16 2024);
   - if your program needs 21 BIG iterations  (42 iterations) to converge, convergence will be 
   reached in 0 day(s) 0 hour(s) 0 minute(s) 40 second(s) i.e.
   on Sat May 25 22:26:56 2024 (current time is Sat May 25 22:26:16 2024);
   - if your program needs 31 BIG iterations  (62 iterations) to converge, convergence will be 
   reached in 0 day(s) 0 hour(s) 1 minute(s) 0 second(s) i.e.
   on Sat May 25 22:27:16 2024 (current time is Sat May 25 22:26:16 2024);
1...........2....................3.......4..................5.................6.................7..........8................Gaining to use new average direction of P0 P8 instead of biggest increase direction 5 :

Powell iter=3 Big Iter=2 -2*LL=4029.367106287035 gain=1.57e+003 1 sec. 2 sec.
#model=  1      +     age 
12   -2.0691394   -0.0036628 
13   -5.1888074    0.0230732 
21    1.1589713   -0.0124843 
23   -1.7763031   -0.0301092 

Considering the time needed for this last iteration #3: 1 seconds,
   - if your program needs 1 BIG iterations  (2 iterations) to converge, convergence will be 
   reached in 0 day(s) 0 hour(s) 0 minute(s) -1 second(s) i.e.
   on Sat May 25 22:26:16 2024 (current time is Sat May 25 22:26:17 2024);
   - if your program needs 11 BIG iterations  (22 iterations) to converge, convergence will be 
   reached in 0 day(s) 0 hour(s) 0 minute(s) 19 second(s) i.e.
   on Sat May 25 22:26:36 2024 (current time is Sat May 25 22:26:17 2024);
   - if your program needs 21 BIG iterations  (42 iterations) to converge, convergence will be 
   reached in 0 day(s) 0 hour(s) 0 minute(s) 39 second(s) i.e.
   on Sat May 25 22:26:56 2024 (current time is Sat May 25 22:26:17 2024);
   - if your program needs 31 BIG iterations  (62 iterations) to converge, convergence will be 
   reached in 0 day(s) 0 hour(s) 0 minute(s) 59 second(s) i.e.
   on Sat May 25 22:27:16 2024 (current time is Sat May 25 22:26:17 2024);
1........2..............3.........4..................5.......6.................7........8............directest= 1376.880648041501 (if directest<0 or t<0 we include P0 Pn as new direction), t= -101464175.125193400000, f1= 4029.367106287035,f2= 3655.865144909310,f3= 5056.781229840547, del= 198.768699133730
f1-2f2+f3= 1774.418046308962, f1-f2-del= 174.733262243994, f1-f3= -1027.414123553512

Powell iter=4 Big Iter=3 -2*LL=3655.865144909310 gain=374 0 sec. 2 sec.
#model=  1      +     age 
12   -2.6029750   -0.0014634 
13   -6.5317111    0.0272232 
21    0.8601023   -0.0194810 
23   -2.6885603   -0.0323586 
1.........2...............3..........4..................5..........6...............7........8...........
Powell iter=5 Big Iter=3 -2*LL=3342.947060536520 gain=313 1 sec. 3 sec.
#model=  1      +     age 
12   -3.9210120    0.0003286 
13   -7.0401472    0.0321228 
21    0.4659207   -0.0318833 
23   -1.6412011   -0.0359912 
1.........2...............3.........4..................5........6................7........8...........
Powell iter=6 Big Iter=4 -2*LL=3214.541635597850 gain=128 1 sec. 4 sec.
#model=  1      +     age 
12   -4.2962177    0.0023689 
13   -7.3853283    0.0353683 
21    0.2616439   -0.0414150 
23   -0.8323350   -0.0366611 
1.........2..............3..........4..................5.........6...............7.........8...................Gaining to use new average direction of P0 P8 instead of biggest increase direction 3 :

Powell iter=7 Big Iter=4 -2*LL=3168.633167040419 gain=45.9 1 sec. 5 sec.
#model=  1      +     age 
12   -4.5386110    0.0073999 
13   -8.7097984    0.0415801 
21    0.1094862   -0.0430358 
23   -0.5177189   -0.0369688 
1.........2...............3............4...................5.........6................7..........8...............Gaining to use new average direction of P0 P8 instead of biggest increase direction 4 :

Powell iter=8 Big Iter=5 -2*LL=3118.633567889286 gain=50 0 sec. 5 sec.
#model=  1      +     age 
12   -5.6966761    0.0260753 
13  -12.0856326    0.0759491 
21   -0.3552686   -0.0399605 
23   -0.1192465   -0.0388668 
1..........2...............3...........4........5...........6...............7..........8................Gaining to use new average direction of P0 P8 instead of biggest increase direction 4 :

Powell iter=9 Big Iter=5 -2*LL=3038.567721588007 gain=80.1 1 sec. 6 sec.
#model=  1      +     age 
12   -8.1287989    0.0612838 
13  -17.4172606    0.1377076 
21   -1.0949994   -0.0306649 
23    0.2913613   -0.0427246 
1.........2...............3...........4........5..........6...............7.........8........
Powell iter=10 Big Iter=6 -2*LL=2997.378212257123 gain=41.2 1 sec. 7 sec.
#model=  1      +     age 
12   -9.0306618    0.0722699 
13  -18.7771244    0.1554466 
21   -1.2501394   -0.0255347 
23    0.2741164   -0.0439141 
1..........2...............3...........4........5..........6................7..........8................Gaining to use new average direction of P0 P8 instead of biggest increase direction 4 :

Powell iter=11 Big Iter=6 -2*LL=2936.855797105688 gain=60.5 0 sec. 7 sec.
#model=  1      +     age 
12  -11.1196340    0.0954645 
13  -20.1702851    0.1884361 
21   -1.3183265   -0.0189142 
23    0.0463871   -0.0462942 
1.........2..............3...........4.........5.........6................7..........8.........directest= 152.843013865889 (if directest<0 or t<0 we include P0 Pn as new direction), t= -145849.033168483760, f1= 2936.855797105688,f2= 2925.250831915306,f3= 3081.102691546416, del= 7.306905477802
f1-2f2+f3= 167.456824821492, f1-f2-del= 4.298059712581, f1-f3= -144.246894440728

Powell iter=12 Big Iter=7 -2*LL=2925.250831915306 gain=11.6 1 sec. 8 sec.
#model=  1      +     age 
12  -10.9502401    0.0948898 
13  -19.7347391    0.1861763 
21   -1.2491944   -0.0207543 
23   -0.0150595   -0.0461807 
1.........2..............3............4.........5.........6................7..........8..........
Powell iter=13 Big Iter=7 -2*LL=2924.561376735964 gain=0.689 0 sec. 8 sec.
#model=  1      +     age 
12  -10.8478854    0.0939492 
13  -19.5042729    0.1841345 
21   -1.2168227   -0.0213008 
23   -0.0585248   -0.0460534 
1.........2..............3...........4.........5.........6................7..........8..................Gaining to use new average direction of P0 P8 instead of biggest increase direction 5 :

Powell iter=14 Big Iter=8 -2*LL=2924.441208775683 gain=0.12 1 sec. 9 sec.
#model=  1      +     age 
12  -10.7650696    0.0930227 
13  -19.2874768    0.1819058 
21   -1.1987897   -0.0215736 
23   -0.0911380   -0.0459081 
1.........2..............3...........4.........5..........6................7...........8........
Powell iter=15 Big Iter=8 -2*LL=2924.385366519565 gain=0.0558 0 sec. 9 sec.
#model=  1      +     age 
12  -10.7957229    0.0935283 
13  -19.3268100    0.1824489 
21   -1.2042779   -0.0213009 
23   -0.0859972   -0.0459376 
1.........2..............3..........4........5...........6................7..................8.............Gaining to use new average direction of P0 P8 instead of biggest increase direction 2 :

Powell iter=16 Big Iter=9 -2*LL=2924.252923672666 gain=0.132 1 sec. 10 sec.
#model=  1      +     age 
12  -10.9072123    0.0952825 
13  -19.4672614    0.1840110 
21   -1.2313895   -0.0208139 
23   -0.0746793   -0.0460345 
1.........2.......3...........4.........5..........6................7..........8............Gaining to use new average direction of P0 P8 instead of biggest increase direction 1 :

Powell iter=17 Big Iter=9 -2*LL=2923.785449872774 gain=0.467 1 sec. 11 sec.
#model=  1      +     age 
12  -11.1291163    0.0984179 
13  -19.5383380    0.1846999 
21   -1.2842808   -0.0199089 
23   -0.0616629   -0.0460686 
1......2.......3...........4..........5..........6................7..........8..............Gaining to use new average direction of P0 P8 instead of biggest increase direction 8 :

Powell iter=18 Big Iter=10 -2*LL=2922.834562323327 gain=0.951 0 sec. 11 sec.
#model=  1      +     age 
12  -11.4788400    0.1030273 
13  -19.2981397    0.1814972 
21   -1.3710984   -0.0187022 
23   -0.0492444   -0.0459617 
1......2......3...........4.........5..........6................7..........8..............Gaining to use new average direction of P0 P8 instead of biggest increase direction 1 :

Powell iter=19 Big Iter=10 -2*LL=2920.594929006300 gain=2.24 1 sec. 12 sec.
#model=  1      +     age 
12  -11.8400068    0.1072493 
13  -17.7330016    0.1627625 
21   -1.4743186   -0.0177256 
23   -0.1021003   -0.0450172 
1......2.......3...........4..........5..........6................7..........8.......
Powell iter=20 Big Iter=11 -2*LL=2919.974571846460 gain=0.62 1 sec. 13 sec.
#model=  1      +     age 
12  -11.5979670    0.1037867 
13  -17.1696712    0.1562718 
21   -1.4225550   -0.0187683 
23   -0.1403593   -0.0446542 
1........2...........3...........4.........5..........6................7..........8..............Gaining to use new average direction of P0 P8 instead of biggest increase direction 1 :

Powell iter=21 Big Iter=11 -2*LL=2919.934930290083 gain=0.0396 0 sec. 13 sec.
#model=  1      +     age 
12  -11.5124456    0.1026975 
13  -16.9851555    0.1540242 
21   -1.4070831   -0.0190948 
23   -0.1508718   -0.0444932 
1............2........3...........4.........5..........6................7..........8.............Gaining to use new average direction of P0 P8 instead of biggest increase direction 2 :

Powell iter=22 Big Iter=12 -2*LL=2919.909121727961 gain=0.0258 1 sec. 14 sec.
#model=  1      +     age 
12  -11.4693872    0.1020828 
13  -16.9041807    0.1529579 
21   -1.3966120   -0.0193403 
23   -0.1548067   -0.0443982 
1........2.......3...........4.........5..........6................7..........8...............Gaining to use new average direction of P0 P8 instead of biggest increase direction 8 :

Powell iter=23 Big Iter=12 -2*LL=2919.874132704325 gain=0.035 0 sec. 14 sec.
#model=  1      +     age 
12  -11.4232754    0.1014282 
13  -16.7816144    0.1514933 
21   -1.3810649   -0.0196123 
23   -0.1663405   -0.0442384 
1.......2......3...........4.........5..........6................7..........8............Gaining to use new average direction of P0 P8 instead of biggest increase direction 8 :

Powell iter=24 Big Iter=13 -2*LL=2919.630290179114 gain=0.244 1 sec. 15 sec.
#model=  1      +     age 
12  -11.2673933    0.0992705 
13  -16.4016722    0.1470177 
21   -1.3012421   -0.0208263 
23   -0.2268703   -0.0434023 
1.......2.......3...........4.........5..........6................7..........8..............Gaining to use new average direction of P0 P8 instead of biggest increase direction 8 :

Powell iter=25 Big Iter=13 -2*LL=2918.154171905544 gain=1.48 1 sec. 16 sec.
#model=  1      +     age 
12  -10.8850381    0.0942386 
13  -15.6043553    0.1376587 
21   -0.9591010   -0.0255778 
23   -0.4903073   -0.0396236 
1........2........3...........4.........5.........6.................7..........8................Gaining to use new average direction of P0 P8 instead of biggest increase direction 8 :

Powell iter=26 Big Iter=14 -2*LL=2910.757085944038 gain=7.4 3 sec. 19 sec.
#model=  1      +     age 
12  -10.1424128    0.0851814 
13  -14.3607458    0.1222552 
21    0.3218115   -0.0429179 
23   -1.4925485   -0.0246216 
1........2........3...........4.........5.........6.................7.........8........
Powell iter=27 Big Iter=14 -2*LL=2898.172467222682 gain=12.6 2 sec. 21 sec.
#model=  1      +     age 
12  -10.4687717    0.0900197 
13  -15.1548284    0.1296890 
21    1.1204230   -0.0537423 
23   -2.2013063   -0.0140536 
1.......2........3............4.........5.........6.................7..........8................Gaining to use new average direction of P0 P8 instead of biggest increase direction 8 :

Powell iter=28 Big Iter=15 -2*LL=2888.713774643997 gain=9.46 3 sec. 24 sec.
#model=  1      +     age 
12  -11.4296331    0.1013730 
13  -14.1641704    0.1140610 
21    2.1237907   -0.0684446 
23   -3.4426523    0.0020514 
1........2........3...........4.........5.........6................7.........8........directest= 2.996264560191 (if directest<0 or t<0 we include P0 Pn as new direction), t= -2.694473891750, f1= 2888.713774643997,f2= 2888.301111674254,f3= 2891.560084752265, del= 0.337685743781
f1-2f2+f3= 3.671636047754, f1-f2-del= 0.074977225961, f1-f3= -2.846310108268

Powell iter=29 Big Iter=15 -2*LL=2888.301111674254 gain=0.413 3 sec. 27 sec.
#model=  1      +     age 
12  -11.4383819    0.1016128 
13  -14.2741030    0.1155465 
21    2.1653131   -0.0688546 
23   -3.5425328    0.0024779 
1........2......3...........4.........5.........6................7..........8........
Powell iter=30 Big Iter=16 -2*LL=2888.224537527062 gain=0.0766 1 sec. 28 sec.
#model=  1      +     age 
12  -11.4513821    0.1019417 
13  -14.1203629    0.1135388 
21    2.1849043   -0.0690685 
23   -3.5805810    0.0030050 
1........2.......3...........4.........5.........6................7..........8...............Gaining to use new average direction of P0 P8 instead of biggest increase direction 2 :

Powell iter=31 Big Iter=16 -2*LL=2888.127712830730 gain=0.0968 1 sec. 29 sec.
#model=  1      +     age 
12  -11.3823685    0.1012826 
13  -13.8966398    0.1102571 
21    2.2335234   -0.0696627 
23   -3.6491548    0.0039968 
1........2..........3...........4.........5.........6................7..........8.......
Powell iter=32 Big Iter=17 -2*LL=2888.048965860866 gain=0.0787 3 sec. 32 sec.
#model=  1      +     age 
12  -11.4112497    0.1016037 
13  -13.8236141    0.1092073 
21    2.2484598   -0.0699082 
23   -3.6822133    0.0044326 
1........2........3...........4.........5..........6................7..........8.............Gaining to use new average direction of P0 P8 instead of biggest increase direction 8 :

Powell iter=33 Big Iter=17 -2*LL=2882.207319937495 gain=5.84 1 sec. 33 sec.
#model=  1      +     age 
12  -10.4871600    0.0890697 
13  -14.2561190    0.1142573 
21    1.3590244   -0.0579036 
23   -3.5554302    0.0025997 
1........2........3...........4.........5.........6................7.........8......
Powell iter=34 Big Iter=18 -2*LL=2874.065304517859 gain=8.14 1 sec. 34 sec.
#model=  1      +     age 
12  -10.8207346    0.0933430 
13  -13.6661005    0.1074887 
21    0.7942880   -0.0502730 
23   -3.8633098    0.0063354 
1........2.......3...........4.........5.........6.................7.........8..............Gaining to use new average direction of P0 P8 instead of biggest increase direction 8 :

Powell iter=35 Big Iter=18 -2*LL=2840.345820314234 gain=33.7 1 sec. 35 sec.
#model=  1      +     age 
12  -12.6573469    0.1181115 
13  -12.6677674    0.0948602 
21   -2.4460282   -0.0066343 
23   -7.6705401    0.0535264 
1.......2.......3...........4.........5.........6..................7.........8........directest= 23.996674455821 (if directest<0 or t<0 we include P0 Pn as new direction), t= -318.557364909288, f1= 2840.345820314234,f2= 2837.088529784469,f3= 2860.422382538762, del= 1.297234414118
f1-2f2+f3= 26.591143284057, f1-f2-del= 1.960056115646, f1-f3= -20.076562224529

Powell iter=36 Big Iter=19 -2*LL=2837.088529784469 gain=3.26 0 sec. 35 sec.
#model=  1      +     age 
12  -12.5527404    0.1164023 
13  -13.2600428    0.1019390 
21   -2.3541453   -0.0089165 
23   -8.3491629    0.0607440 
1........2.......3...........4.........5.........6................7..............8...............Gaining to use new average direction of P0 P8 instead of biggest increase direction 1 :

Powell iter=37 Big Iter=19 -2*LL=2835.384897919267 gain=1.7 1 sec. 36 sec.
#model=  1      +     age 
12  -12.1324869    0.1103868 
13  -13.8265552    0.1111419 
21   -2.3688082   -0.0092405 
23   -9.0563446    0.0682364 
1........2........3...........4.........5..........6................7.........8........
Powell iter=38 Big Iter=20 -2*LL=2835.039396676356 gain=0.346 1 sec. 37 sec.
#model=  1      +     age 
12  -12.1867204    0.1113201 
13  -13.8203271    0.1114046 
21   -2.3022949   -0.0098397 
23   -9.2514702    0.0704430 
1........2........3...........4.........5.........6................7..........8..............Gaining to use new average direction of P0 P8 instead of biggest increase direction 2 :

Powell iter=39 Big Iter=20 -2*LL=2834.727233772296 gain=0.312 1 sec. 38 sec.
#model=  1      +     age 
12  -12.1877127    0.1114604 
13  -13.8676181    0.1120340 
21   -1.9216026   -0.0146179 
23   -9.5671719    0.0740848 
1........2..............3...........4.........5.........6................7..........8........
Powell iter=40 Big Iter=21 -2*LL=2834.696378422154 gain=0.0309 1 sec. 39 sec.
#model=  1      +     age 
12  -12.1612651    0.1111580 
13  -13.9108054    0.1123209 
21   -1.8955540   -0.0149344 
23   -9.4993968    0.0733587 
1........2........3...........4.........5.........6................7..........8................Gaining to use new average direction of P0 P8 instead of biggest increase direction 2 :

Powell iter=41 Big Iter=21 -2*LL=2834.682363875844 gain=0.014 0 sec. 39 sec.
#model=  1      +     age 
12  -12.1101893    0.1104613 
13  -13.9975360    0.1133790 
21   -1.8781404   -0.0151940 
23   -9.5225753    0.0736132 
1........2..........3.............4.............5..........6.........................7..........8..........directest= 0.002587708198 (if directest<0 or t<0 we include P0 Pn as new direction), t= -0.000000000453, f1= 2834.682363875844,f2= 2834.682100142420,f3= 2834.684647738614, del= 0.000111810710
f1-2f2+f3= 0.002811329619, f1-f2-del= 0.000151922714, f1-f3= -0.002283862770

Powell iter=42 Big Iter=22 -2*LL=2834.682100142420 gain=0.000264 1 sec. 40 sec.
#model=  1      +     age 
12  -12.1132971    0.1104956 
13  -13.9930517    0.1133118 
21   -1.8837831   -0.0151250 
23   -9.5295919    0.0736965 
1..........2....................3...................4..........5............6..................7................8..................
Powell iter=43 Big Iter=22 -2*LL=2834.682044245951 gain=5.59e-005 1 sec. 41 sec.
#model=  1      +     age 
12  -12.1134445    0.1104958 
13  -13.9897626    0.1132685 
21   -1.8827030   -0.0151402 
23   -9.5336211    0.0737435 
1..........2..............3...............4..........5.............6......................7..............8...........
Powell iter=44 Big Iter=23 -2*LL=2834.682029677317 gain=1.46e-005 1 sec. 42 sec.
#model=  1      +     age 
12  -12.1132780    0.1104931 
13  -13.9879637    0.1132459 
21   -1.8821092   -0.0151482 
23   -9.5358580    0.0737695 
1............2.........3..................4............5.........6.........................7........................8................................Gaining to use new average direction of P0 P8 instead of biggest increase direction 4 :

Powell iter=45 Big Iter=23 -2*LL=2834.682025049733 gain=4.63e-006 2 sec. 44 sec.
#model=  1      +     age 
12  -12.1130239    0.1104896 
13  -13.9864560    0.1132278 
21   -1.8817154   -0.0151534 
23   -9.5380463    0.0737947 
1................2................3..............4............5..................6.......................7............8......................
Powell iter=46 Big Iter=24 -2*LL=2834.682024783845 gain=2.66e-007 1 sec. 45 sec.
#model=  1      +     age 
12  -12.1130653    0.1104903 
13  -13.9866036    0.1132301 
21   -1.8818302   -0.0151517 
23   -9.5381482    0.0737958 
1.......................2.....................3................................4............5....................6.....................7..................8.................................Gaining to use new average direction of P0 P8 instead of biggest increase direction 3 :

Powell iter=47 Big Iter=24 -2*LL=2834.682024698356 gain=8.55e-008 2 sec. 47 sec.
#model=  1      +     age 
12  -12.1129684    0.1104892 
13  -13.9867661    0.1132326 
21   -1.8818832   -0.0151510 
23   -9.5381865    0.0737961 
1........................2..................3..................4..............................5.....................6................7.........................8.....................................directest= 0.000000026340 (if directest<0 or t<0 we include P0 Pn as new direction), t= -0.000000000000, f1= 2834.682024698356,f2= 2834.682024693744,f3= 2834.682024720425, del= 0.000000002477
f1-2f2+f3= 0.000000031293, f1-f2-del= 0.000000002135, f1-f3= -0.000000022069

Powell iter=48 Big Iter=25 -2*LL=2834.682024693744 gain=4.61e-009 1 sec. 48 sec.
#model=  1      +     age 
12  -12.1129816    0.1104893 
13  -13.9867390    0.1132322 
21   -1.8819394   -0.0151503 
23   -9.5381905    0.0737962 
1.....................2....................3......................................4.......................5.........................6.................................7......................8...................
Powell iter=49 Big Iter=25 -2*LL=2834.682024693677 gain=6.68e-011 2 sec. 50 sec.
#model=  1      +     age 
12  -12.1129809    0.1104893 
13  -13.9867358    0.1132322 
21   -1.8819380   -0.0151503 
23   -9.5381863    0.0737961 
1........................2......................................3......................................4..........................5................6......................7.......................8.......................................directest= 0.000000000012 (if directest<0 or t<0 we include P0 Pn as new direction), t= -0.000000000000, f1= 2834.682024693677,f2= 2834.682024693668,f3= 2834.682024693685, del= 0.000000000007
f1-2f2+f3= 0.000000000025, f1-f2-del= 0.000000000002, f1-f3= -0.000000000007

Powell iter=50 Big Iter=26 -2*LL=2834.682024693668 gain=9.09e-012 3 sec. 53 sec.
#model=  1      +     age 
12  -12.1129809    0.1104893 
13  -13.9867358    0.1132322 
21   -1.8819379   -0.0151503 
23   -9.5381861    0.0737961 
1......................2..........................3.....................................4........................5.......................6.......................7......................8....................................
#Number of iterations & function calls = 50 & 6532, -2 Log likelihood = 2834.682024693668
# Parameters nlstate*nlstate*ncov a12*1 + b12 * age + ...
#model=  1      +     age 
12  -12.1129809    0.1104893 
13  -13.9867358    0.1132322 
21   -1.8819379   -0.0151503 
23   -9.5381861    0.0737961 

Calculation of the hessian matrix. Wait...
1-2-3-4-5-6-7-8-.1-2.1-3.1-4.1-5.1-6.1-7.1-8.2-3.2-4.2-5.2-6.2-7.2-8.3-4.3-5.3-6.3-7.3-8.4-5.4-6.4-7.4-8.5-6.5-7.5-8.6-7.6-8.7-8

Inverting the hessian to get the covariance matrix. Wait...

#Hessian matrix#
1.859182e+002 1.442766e+004 1.099758e+001 9.066344e+002 -4.132857e+001 -3.281298e+003 -9.333086e+000 -7.678628e+002 
1.442766e+004 1.137400e+006 9.000531e+002 7.464528e+004 -3.276065e+003 -2.642812e+005 -7.686409e+002 -6.357782e+004 
1.099758e+001 9.000531e+002 3.649159e+001 2.821185e+003 -4.631785e+000 -3.843019e+002 1.545733e+001 1.289700e+003 
9.066344e+002 7.464528e+004 2.821185e+003 2.219309e+005 -3.861967e+002 -3.233429e+004 1.289271e+003 1.083750e+005 
-4.132857e+001 -3.276065e+003 -4.631785e+000 -3.861967e+002 7.085597e+001 5.413858e+003 -7.340768e-001 -7.630991e+001 
-3.281298e+003 -2.642812e+005 -3.843019e+002 -3.233429e+004 5.413858e+003 4.220007e+005 -7.470338e+001 -7.608709e+003 
-9.333086e+000 -7.686409e+002 1.545733e+001 1.289271e+003 -7.340768e-001 -7.470338e+001 7.646924e+001 6.623415e+003 
-7.678628e+002 -6.357782e+004 1.289700e+003 1.083750e+005 -7.630991e+001 -7.608709e+003 6.623415e+003 5.789605e+005 
Parameters, Wald tests and Wald-based confidence intervals
 W is simply the result of the division of the parameter by the square root of covariance of the parameter.
 And Wald-based confidence intervals plus and minus 1.96 * W 
  It might be better to visualize the covariance matrix. See the page 'Matrix of variance-covariance of one-step probabilities' and its graphs.
12  -12.1129809(   0.6289814) W= -19.258 CI=[ -13.3457844 ;  -10.8801773]    0.1104893(   0.0081257) W=  13.598 CI=[   0.0945630 ;    0.1264157] 
13  -13.9867358(   1.2924867) W= -10.822 CI=[ -16.5200098 ;  -11.4534618]    0.1132322(   0.0167073) W=   6.777 CI=[   0.0804858 ;    0.1459786] 
21   -1.8819379(   0.9059625) W=  -2.077 CI=[  -3.6576245 ;   -0.1062514]   -0.0151503(   0.0118572) W=  -1.278 CI=[  -0.0383904 ;    0.0080898] 
23   -9.5381861(   1.2192964) W=  -7.823 CI=[ -11.9280071 ;   -7.1483651]    0.0737961(   0.0139781) W=   5.279 CI=[   0.0463991 ;    0.1011931] 
# Scales (for hessian or gradient estimation)
12 1.00000e-004 1.00000e-006
13 1.00000e-003 2.00000e-005
21 1.00000e-003 1.00000e-005
23 1.00000e-003 1.00000e-005
# Covariance matrix 
# 121 Var(a12)
# 122 Cov(b12,a12) Var(b12)
#   ...
# 232 Cov(b23,a12)  Cov(b23,b12) ... Var (b23)
#121 Var(a12)
#122 Cov(b12,a12) Var(b12)
#131 Cov(a13,a12) Cov(a13,b12) Var(a13)
#132 Cov(b13,a12) Cov(b13,b12) Cov(b13,a13) Var(b13)
#211 Cov(a21,a12) Cov(a21,b12) Cov(a21,a13) Cov(a21,b13) Var(a21)
#212 Cov(b21,a12) Cov(b21,b12) Cov(b21,a13) Cov(b21,b13) Cov(b21,a21) Var(b21)
#231 Cov(a23,a12) Cov(a23,b12) Cov(a23,a13) Cov(a23,b13) Cov(a23,a21) Cov(a23,b21) Var(a23)
#232 Cov(b23,a12) Cov(b23,b12) Cov(b23,a13) Cov(b23,b13) Cov(b23,a21) Cov(b23,b21) Cov(b23,a23) Var(b23)
121 3.9561762e-001
122 -5.06897e-003 6.6026722e-005
131 -4.84718e-002 6.90504e-004 1.6705219e+000
132 6.92879e-004 -1.01379e-005 -2.13895e-002 2.7913553e-004
211 1.94559e-001 -2.57222e-003 4.45692e-002 -6.01716e-004 8.2076813e-001
212 -2.58702e-003 3.48094e-005 -6.23827e-004 8.53186e-006 -1.06347e-002 1.4059267e-004
231 1.78185e-002 -1.58549e-004 -1.62713e-001 1.68616e-003 2.32015e-002 -3.19921e-004 1.4866838e+000
232 -2.65869e-004 2.81957e-006 2.15328e-003 -2.40550e-005 -3.08083e-004 4.28993e-006 -1.69560e-002 1.9538628e-004
# agemin agemax for life expectancy, bage fage (if mle==0 ie no data nor Max likelihood).
# Observed prevalence period
begin-prev-date=1/1/2013 end-prev-date=1/9/2018 mov_average=0
# Health expectancies computed from stable (period) prevalence (pop_based=0) or population based (1)
pop_based=0
# Prevalence forecasting and backcasting is skept here
##prevforecast=0  starting-proj-date=1/1/1989 final-proj-date=1/1/1990 mobil_average=0
#prevforecast=1 yearsfproj=10 mobil_average=0
#prevbackcast=1 yearsbproj=10 mobil_average=1
End of resultlines.

Computing forward period (stable) prevalence: result on file 'PL_ESF.txt' 
Computing pij: result on file 'PIJ_ESF.txt' 
Computing standard deviation of one-step probabilities: result on file 'PROB_rESF.txt' 
Computing matrix of variance covariance of one-step probabilities: result on file 'PROBCOV_ESF.txt' 
and correlation matrix of one-step probabilities: result on file 'PROBCOR_ESF.txt' 
Prevalence combination of varying and fixed dummies 1
Warning Observed prevalence doesn't sum to 1 for state 2: probs[50][2][1]=0.000000 because of lack of cases.
Warning Observed prevalence doesn't sum to 1 for state 1: probs[100][1][1]=0.000000 because of lack of cases.
Warning Observed prevalence doesn't sum to 1 for state 2: probs[100][2][1]=0.000000 because of lack of cases.
Computing Health Expectancies: result on file 'E_ESF.txt' ...done evsij
Computing Total Life expectancies with their standard errors: file 'T_ESF.txt' ...
  Computing State-specific Expectancies and standard errors: result on file 'STDE_ESF.txt' 
    Computing Covar. of State-specific Expectancies: result on file 'CVE_ESF.txt' 
      Computing Variance-covariance of State-specific Expectancies: file 'V_ESF.txt' ... done State-specific expectancies
Computing Variance-covariance of forward period (stable) prevalence: file 'VPL_ESF.txt' ...done variance-covariance of forward period prevalence
End of Imach with 0 errors and/or warnings 1. Please look at the log file for details.
Local time at start Sat May 25 22:26:15 2024

Local time at end   Sat May 25 22:27:15 2024

Total time used 0 day(s) 0 hour(s) 1 minute(s) 0 second(s)
Total time was 60 Sec.
