Log filename:ESFsr.log
Version 0.99r45 $Revision: 1.353 $ $Date: 2023/05/08 18:48:22 $
Enter the parameter file name: 
pathimach=C:\PROGRA~1\IMACH-~2.99R\bin\
pathtot=C:\Users\mmusz\Dropbox\gender_paradox\data\IMACH\ESFsr.txt
 path=C:\Users\mmusz\Dropbox\gender_paradox\data\IMACH\ 
 optionfile=ESFsr.txt
 optionfilext=txt
 optionfilefiname='ESFsr'
Compiled with: Microsoft Visual Studio for Windows (x64 and x86)  64-bit
The programm is not running under WOW64 (i.e probably on a 64bit Windows).
Local time (at start): Mon May 27 20:51:16 2024
title=sr datafile=dataESFsr.txt lastobs=15000 firstpass=1 lastpass=2
ftol=1.000000e-018 stepm=3 ncovcol=0 nqv=0 ntv=0 nqtv=0 nlstate=2 ndeath=1 maxwav=2 mle=1 weight=1
model=1+age+
# Parameters nlstate*nlstate*ncov a12*1 + b12 * age + ...
12 0.000000 0.000000
13 0.000000 0.000000
21 0.000000 0.000000
23 0.000000 0.000000
# Scales (for hessian or gradient estimation)
12 0.000000e+000 0.000000e+000
13 0.000000e+000 0.000000e+000
21 0.000000e+000 0.000000e+000
23 0.000000e+000 0.000000e+000
# Covariance matrix
121 0.00000e+000
122 0.00000e+000 0.00000e+000
131 0.00000e+000 0.00000e+000 0.00000e+000
132 0.00000e+000 0.00000e+000 0.00000e+000 0.00000e+000
211 0.00000e+000 0.00000e+000 0.00000e+000 0.00000e+000 0.00000e+000
212 0.00000e+000 0.00000e+000 0.00000e+000 0.00000e+000 0.00000e+000 0.00000e+000
231 0.00000e+000 0.00000e+000 0.00000e+000 0.00000e+000 0.00000e+000 0.00000e+000 0.00000e+000
232 0.00000e+000 0.00000e+000 0.00000e+000 0.00000e+000 0.00000e+000 0.00000e+000 0.00000e+000 0.00000e+000

Model=1+age+
Typevar: 0 for simple covariate (dummy, quantitative, fixed or varying), 1 for age product, 2 for  product, 3 for double product with age  
Fixed[k] 0=fixed (product or simple), 1 varying, 2 fixed with age product, 3 varying with age product 
Dummy[k] 0=dummy (0 1), 1 quantitative (single or product without age), 2 dummy with age product, 3 quant with age product
ncoveff=0, nqfveff=0, ntveff=0, nqtveff=0, cptcovn=0
ncovf=0, ncovv=0, ncova=0, nsd=0, nsq=0
Warning: The value of parameter lastobs=15000 is big compared to the 
  effective number of cases imx=2437, please adjust, 
  otherwise you are allocating more memory than necessary.
Total number of individuals= 2437, Agemin = 51.08, Agemax= 105.42

Information, you have to check 0 informations which haven't been logged!
Delay (in months) between two waves Min=1 (for indiviudal 2219) Max=33 (1450) Mean=24.411257

 Age 51 1.=2 loss[1]=0.0% 2.=1 loss[2]=0.0% 1.=2 prev[1]=71.4% 2.=1 prev[2]=28.6% 11=2 12=0 21=1 22=0
Age 52 1.=2 loss[1]=0.0% 2.=1 loss[2]=0.0% 1.=2 prev[1]=76.4% 2.=1 prev[2]=23.6% 11=2 12=0 21=0 22=0
Age 53 1.=1 loss[1]=0.0% 2.=1 loss[2]=0.0% 1.=1 prev[1]=58.9% 2.=1 prev[2]=41.1% 11=1 12=0 21=0 22=1
Age 54 1.=4 loss[1]=0.0% 2.=1 loss[2]=0.0% 1.=4 prev[1]=83.7% 2.=1 prev[2]=16.3% 11=3 12=1 21=0 22=0
Age 55 1.=5 loss[1]=0.0% 2.=1 loss[2]=0.0% 1.=5 prev[1]=77.7% 2.=1 prev[2]=22.3% 11=4 12=1 13=0 21=0 22=1
Age 56 1.=4 loss[1]=0.0% 2.=1 loss[2]=0.0% 1.=4 prev[1]=75.1% 2.=1 prev[2]=24.9% 11=3 12=1 21=0 22=1
Age 57 1.=3 loss[1]=0.0% 2.=1 loss[2]=0.0% 1.=3 prev[1]=69.1% 2.=1 prev[2]=30.9% 11=2 12=0 21=0 22=1
Age 58 1.=1 loss[1]=0.0% 2.=0 loss[2]=0.0% 1.=1 prev[1]=73.8% 2.=0 prev[2]=26.2% 11=0 12=0 13=0 21=0 22=0
Age 59 1.=1 loss[1]=0.0% 2.=0 loss[2]=0.0% 1.=1 prev[1]=81.0% 2.=0 prev[2]=19.0% 11=0 12=0 13=0 21=0 22=0 23=0
Age 60 1.=1 loss[1]=0.0% 2.=1 loss[2]=0.0% 1.=1 prev[1]=59.6% 2.=1 prev[2]=40.4% 11=0 12=0 13=0 21=0 22=0
Age 61 1.=2 loss[1]=0.0% 2.=1 loss[2]=0.0% 1.=2 prev[1]=66.0% 2.=1 prev[2]=34.0% 11=1 12=0 21=0 22=1
Age 62 1.=1 loss[1]=0.0% 2.=1 loss[2]=0.0% 1.=1 prev[1]=59.5% 2.=1 prev[2]=40.5% 11=1 12=0 21=0 22=1 23=0
Age 63 1.=1 loss[1]=0.0% 2.=1 loss[2]=0.0% 1.=1 prev[1]=68.2% 2.=1 prev[2]=31.8% 11=1 12=0 21=0 22=1 23=0
Age 64 1.=1 loss[1]=0.0% 2.=1 loss[2]=0.0% 1.=1 prev[1]=67.2% 2.=1 prev[2]=32.8% 11=1 12=0 21=0 22=1
Age 65 1.=1 loss[1]=0.0% 2.=1 loss[2]=0.0% 1.=1 prev[1]=59.5% 2.=1 prev[2]=40.5% 11=1 12=0 21=0 22=1
Age 66 1.=2 loss[1]=0.0% 2.=1 loss[2]=0.0% 1.=2 prev[1]=69.6% 2.=1 prev[2]=30.4% 11=2 12=0 21=0 22=1
Age 67 1.=1 loss[1]=0.0% 2.=1 loss[2]=0.0% 1.=1 prev[1]=46.8% 2.=1 prev[2]=53.2% 11=1 12=0 21=0 22=1 23=0
Age 68 1.=1 loss[1]=0.0% 2.=1 loss[2]=0.0% 1.=1 prev[1]=61.2% 2.=1 prev[2]=38.8% 11=1 12=0 13=0 21=0 22=1 23=0
Age 69 1.=1 loss[1]=0.0% 2.=1 loss[2]=0.0% 1.=1 prev[1]=58.1% 2.=1 prev[2]=41.9% 11=1 12=0 21=0 22=1 23=0
Age 70 1.=1 loss[1]=0.0% 2.=1 loss[2]=0.0% 1.=1 prev[1]=56.6% 2.=1 prev[2]=43.4% 11=1 12=0 21=0 22=1 23=0
Age 71 1.=1 loss[1]=0.0% 2.=1 loss[2]=0.0% 1.=1 prev[1]=48.8% 2.=1 prev[2]=51.2% 11=1 12=0 13=0 21=0 22=1 23=0
Age 72 1.=1 loss[1]=0.0% 2.=1 loss[2]=0.0% 1.=1 prev[1]=46.7% 2.=1 prev[2]=53.3% 11=1 12=0 13=0 21=0 22=1 23=0
Age 73 1.=1 loss[1]=0.0% 2.=1 loss[2]=0.0% 1.=1 prev[1]=53.0% 2.=1 prev[2]=47.0% 11=1 12=0 21=0 22=0 23=0
Age 74 1.=1 loss[1]=0.0% 2.=1 loss[2]=0.0% 1.=1 prev[1]=41.5% 2.=1 prev[2]=58.5% 11=0 12=0 13=0 21=0 22=0 23=0
Age 75 1.=1 loss[1]=0.0% 2.=1 loss[2]=0.0% 1.=1 prev[1]=43.9% 2.=1 prev[2]=56.1% 11=0 12=0 13=0 21=0 22=0 23=0
Age 76 1.=1 loss[1]=0.0% 2.=1 loss[2]=0.0% 1.=1 prev[1]=29.4% 2.=1 prev[2]=70.6% 11=0 12=0 13=0 21=0 22=1 23=0
Age 77 1.=1 loss[1]=0.0% 2.=1 loss[2]=0.0% 1.=1 prev[1]=41.7% 2.=1 prev[2]=58.3% 11=0 12=0 21=0 22=1 23=0
Age 78 1.=1 loss[1]=0.0% 2.=1 loss[2]=0.0% 1.=1 prev[1]=34.6% 2.=1 prev[2]=65.4% 11=0 12=0 13=0 21=0 22=1 23=0
Age 79 1.=1 loss[1]=0.0% 2.=1 loss[2]=0.0% 1.=1 prev[1]=37.5% 2.=1 prev[2]=62.5% 11=0 12=0 13=0 21=0 22=1 23=0
Age 80 1.=0 loss[1]=0.0% 2.=2 loss[2]=0.0% 1.=0 prev[1]=15.8% 2.=2 prev[2]=84.2% 11=0 12=0 21=0 22=1 23=0
Age 81 1.=0 loss[1]=0.0% 2.=2 loss[2]=0.0% 1.=0 prev[1]=17.5% 2.=2 prev[2]=82.5% 11=0 12=0 21=0 22=1 23=0
Age 82 1.=0 loss[1]=0.0% 2.=1 loss[2]=0.0% 1.=0 prev[1]=20.2% 2.=1 prev[2]=79.8% 11=0 12=0 13=0 21=0 22=1 23=0
Age 83 1.=0 loss[1]=0.0% 2.=1 loss[2]=0.0% 1.=0 prev[1]=32.6% 2.=1 prev[2]=67.4% 11=0 12=0 13=0 21=0 22=1 23=0
Age 84 1.=0 loss[1]=0.0% 2.=1 loss[2]=0.0% 1.=0 prev[1]=28.3% 2.=1 prev[2]=71.7% 11=0 12=0 13=0 21=0 22=1 23=0
Age 85 1.=0 loss[1]=0.0% 2.=1 loss[2]=0.0% 1.=0 prev[1]=22.3% 2.=1 prev[2]=77.7% 11=0 12=0 13=0 21=0 22=1 23=0
Age 86 1.=0 loss[1]=0.0% 2.=1 loss[2]=0.0% 1.=0 prev[1]=12.2% 2.=1 prev[2]=87.8% 11=0 12=0 13=0 21=0 22=1 23=0
Age 87 1.=0 loss[1]=0.0% 2.=1 loss[2]=0.0% 1.=0 prev[1]=26.9% 2.=1 prev[2]=73.1% 11=0 12=0 13=0 21=0 22=1 23=0
Age 88 1.=0 loss[1]=0.0% 2.=1 loss[2]=0.0% 1.=0 prev[1]=23.6% 2.=1 prev[2]=76.4% 11=0 12=0 13=0 21=0 22=0 23=0
Age 89 1.=0 loss[1]=0.0% 2.=1 loss[2]=0.0% 1.=0 prev[1]=36.2% 2.=1 prev[2]=63.8% 11=0 12=0 13=0 21=0 22=0 23=0
Age 90 1.=0 loss[1]=0.0% 2.=1 loss[2]=0.0% 1.=0 prev[1]=27.7% 2.=1 prev[2]=72.3% 11=0 12=0 21=0 22=0 23=0
Age 91 1.=0 loss[1]=0.0% 2.=0 loss[2]=0.0% 1.=0 prev[1]=34.2% 2.=0 prev[2]=65.8% 11=0 12=0 21=0 22=0 23=0
Age 92 1.=0 loss[1]=0.0% 2.=0 loss[2]=0.0% 1.=0 prev[1]=11.7% 2.=0 prev[2]=88.3% 12=0 13=0 22=0 23=0
Age 93 1.=0 loss[1]=NaNQ% 2.=0 loss[2]=0.0% 1.=0 prev[1]=0.0% 2.=0 prev[2]=100.0% 22=0 23=0
Age 94 1.=0 loss[1]=0.0% 2.=0 loss[2]=0.0% 1.=0 prev[1]=4.9% 2.=0 prev[2]=95.1% 11=0 12=0 22=0 23=0
Age 95 1.=0 loss[1]=0.0% 2.=0 loss[2]=0.0% 1.=0 prev[1]=49.0% 2.=0 prev[2]=51.0% 11=0 22=0 23=0
Age 96 1.=0 loss[1]=0.0% 2.=0 loss[2]=0.0% 1.=0 prev[1]=69.0% 2.=0 prev[2]=31.0% 13=0 22=0 23=0
Age 97 1.=0 loss[1]=NaNQ% 2.=0 loss[2]=0.0% 1.=0 prev[1]=0.0% 2.=0 prev[2]=100.0% 22=0
Age 98 1.=0 loss[1]=0.0% 2.=0 loss[2]=0.0% 1.=0 prev[1]=42.3% 2.=0 prev[2]=57.7% 12=0 23=0
Age 99 1.=0 loss[1]=NaNQ% 2.=0 loss[2]=0.0% 1.=0 prev[1]=0.0% 2.=0 prev[2]=100.0% 23=0
Age 100 1.=0 loss[1]=NaNQ% 2.=0 loss[2]=NaNQ% 1.=0 prev[1]=NaNQ% 2.=0 prev[2]=NaNQ%
Age 101 1.=0 loss[1]=0.0% 2.=0 loss[2]=NaNQ% 1.=0 prev[1]=100.0% 2.=0 prev[2]=0.0% 13=0
Age 102 1.=0 loss[1]=NaNQ% 2.=0 loss[2]=0.0% 1.=0 prev[1]=0.0% 2.=0 prev[2]=100.0% 23=0
Age 103 1.=0 loss[1]=NaNQ% 2.=0 loss[2]=NaNQ% 1.=0 prev[1]=NaNQ% 2.=0 prev[2]=NaNQ%
Age 104 1.=0 loss[1]=NaNQ% 2.=0 loss[2]=NaNQ% 1.=0 prev[1]=NaNQ% 2.=0 prev[2]=NaNQ%
Age 105 1.=0 loss[1]=NaNQ% 2.=0 loss[2]=0.0% 1.=0 prev[1]=0.0% 2.=0 prev[2]=100.0% 23=0
1 1.=0 loss[1]=NaNQ% 2.=0 loss[2]=NaNQ% 1.=0 prev[1]=NaNQ% 2.=0 prev[2]=NaNQ%
0 1.=0 loss[1]=NaNQ% 2.=0 loss[2]=NaNQ% 1.=0 prev[1]=NaNQ% 2.=0 prev[2]=NaNQ%
Total 1.=46 loss[1]=0.0% 2.=39 loss[2]=0.0% 1.=46 prev[1]=54.4% 2.=39 prev[2]=45.6% 11=34 12=11 13=1 21=8 22=26 23=4


12    0.0000000 ln(11/34)=   -1.1510062 
13    0.0000000 ln(1/34)=   -3.5199273 
21    0.0000000 ln(8/26)=   -1.1542643 
23    0.0000000 ln(4/26)=   -1.8279201 

 -1-1=0 -10=0 -11=0 -12=0 -13=0 0-1=0 00=0 01=0 02=0 03=0 1-1=0 10=0 11=34 12=11 13=1 2-1=0 20=0 21=8 22=26 23=4 3-1=0 30=0 31=0 32=0 33=0
Powell

Powell iter=1 Big Iter=1 -2*LL=19384.040311613007 gain=0 0 sec. 1 sec.
#model=  1      +     age 
12    0.0000000    0.0000000 
13    0.0000000    0.0000000 
21    0.0000000    0.0000000 
23    0.0000000    0.0000000 
1......2.................3.........4..................5.......6.................7......8..................
Powell iter=2 Big Iter=2 -2*LL=5706.734296755159 gain=1.37e+004 2 sec. 3 sec.
#model=  1      +     age 
12    7.5204720    0.0031153 
13   -0.2615341   -0.0028746 
21    2.8501973   -0.0008967 
23   -1.4697929    0.0030800 

Considering the time needed for this last iteration #2: 2 seconds,
   - if your program needs 1 BIG iterations  (2 iterations) to converge, convergence will be 
   reached in 0 day(s) 0 hour(s) 0 minute(s) 0 second(s) i.e.
   on Mon May 27 20:51:19 2024 (current time is Mon May 27 20:51:19 2024);
   - if your program needs 11 BIG iterations  (22 iterations) to converge, convergence will be 
   reached in 0 day(s) 0 hour(s) 0 minute(s) 40 second(s) i.e.
   on Mon May 27 20:51:59 2024 (current time is Mon May 27 20:51:19 2024);
   - if your program needs 21 BIG iterations  (42 iterations) to converge, convergence will be 
   reached in 0 day(s) 0 hour(s) 1 minute(s) 20 second(s) i.e.
   on Mon May 27 20:52:39 2024 (current time is Mon May 27 20:51:19 2024);
   - if your program needs 31 BIG iterations  (62 iterations) to converge, convergence will be 
   reached in 0 day(s) 0 hour(s) 2 minute(s) 0 second(s) i.e.
   on Mon May 27 20:53:19 2024 (current time is Mon May 27 20:51:19 2024);
1.........2...................3........4.................5.........6..................7.......8..................
Powell iter=3 Big Iter=2 -2*LL=5106.760392559348 gain=600 3 sec. 6 sec.
#model=  1      +     age 
12    3.3065598    0.0015091 
13   -1.4834670    0.0019579 
21    2.4277016   -0.0022864 
23   -2.8307667    0.0074002 

Considering the time needed for this last iteration #3: 3 seconds,
   - if your program needs 1 BIG iterations  (2 iterations) to converge, convergence will be 
   reached in 0 day(s) 0 hour(s) 0 minute(s) -3 second(s) i.e.
   on Mon May 27 20:51:19 2024 (current time is Mon May 27 20:51:22 2024);
   - if your program needs 11 BIG iterations  (22 iterations) to converge, convergence will be 
   reached in 0 day(s) 0 hour(s) 0 minute(s) 57 second(s) i.e.
   on Mon May 27 20:52:19 2024 (current time is Mon May 27 20:51:22 2024);
   - if your program needs 21 BIG iterations  (42 iterations) to converge, convergence will be 
   reached in 0 day(s) 0 hour(s) 1 minute(s) 57 second(s) i.e.
   on Mon May 27 20:53:19 2024 (current time is Mon May 27 20:51:22 2024);
   - if your program needs 31 BIG iterations  (62 iterations) to converge, convergence will be 
   reached in 0 day(s) 0 hour(s) 2 minute(s) 57 second(s) i.e.
   on Mon May 27 20:54:19 2024 (current time is Mon May 27 20:51:22 2024);
1..........2...................3........4.................5.........6..................7.........8.................
Powell iter=4 Big Iter=3 -2*LL=4940.142548277562 gain=167 2 sec. 8 sec.
#model=  1      +     age 
12    2.6403333    0.0001149 
13   -2.3759944    0.0065342 
21    2.0499127   -0.0046765 
23   -3.6558766    0.0120473 
1..........2...................3.........4..................5...........6..................7...........8...........................Gaining to use new average direction of P0 P8 instead of biggest increase direction 3 :

Powell iter=5 Big Iter=3 -2*LL=4291.077503890047 gain=649 2 sec. 10 sec.
#model=  1      +     age 
12   -1.0464458   -0.0260705 
13  -15.0120927    0.0999890 
21    1.4150559   -0.0647411 
23  -12.5158136    0.0888827 
1.........2................3................4..................5.........6................7..........8..........directest= 4193.113185795598 (if directest<0 or t<0 we include P0 Pn as new direction), t= -2691981943.051132700000, f1= 4291.077503890047,f2= 4065.750655884227,f3= 8362.395801147604, del= 164.429403736800
f1-2f2+f3= 4521.971993269198, f1-f2-del= 60.897444269021, f1-f3= -4071.318297257557

Powell iter=6 Big Iter=4 -2*LL=4065.750655884227 gain=225 3 sec. 13 sec.
#model=  1      +     age 
12   -1.4010974   -0.0246850 
13  -15.1306932    0.1245328 
21    1.4673724   -0.0651350 
23  -12.7019129    0.1060684 
1.........2................3..................4...................5..........6................7.........8.................Gaining to use new average direction of P0 P8 instead of biggest increase direction 2 :

Powell iter=7 Big Iter=4 -2*LL=4023.923813112956 gain=41.8 2 sec. 15 sec.
#model=  1      +     age 
12   -2.7648421   -0.0043928 
13  -16.8231606    0.1549350 
21    1.7984166   -0.0700301 
23  -13.9582032    0.1207688 
1.........2.........3...................4...................5.........6..................7.........8........
Powell iter=8 Big Iter=5 -2*LL=3998.561206141478 gain=25.4 2 sec. 17 sec.
#model=  1      +     age 
12   -3.5074884    0.0061414 
13  -17.7851703    0.1622080 
21    1.9211850   -0.0723289 
23  -14.5945066    0.1286889 
1.........2.........3..................4.................5.........6................7.........8...............Gaining to use new average direction of P0 P8 instead of biggest increase direction 4 :

Powell iter=9 Big Iter=5 -2*LL=3981.677644490919 gain=16.9 2 sec. 19 sec.
#model=  1      +     age 
12   -4.4889150    0.0221968 
13  -19.1046861    0.1697617 
21    2.0567353   -0.0742643 
23  -15.4234383    0.1388084 
1.........2...........3..................4.........5.........6................7...........8.......
Powell iter=10 Big Iter=6 -2*LL=3977.604413082990 gain=4.07 2 sec. 21 sec.
#model=  1      +     age 
12   -4.5245076    0.0224472 
13  -19.0895883    0.1674965 
21    1.9592367   -0.0729625 
23  -15.3564077    0.1380343 
1.........2...........3..................4.........5.........6................7...........8................Gaining to use new average direction of P0 P8 instead of biggest increase direction 5 :

Powell iter=11 Big Iter=6 -2*LL=3924.462655760803 gain=53.1 2 sec. 23 sec.
#model=  1      +     age 
12   -5.2593287    0.0329588 
13  -17.8464644    0.1301407 
21   -0.9495583   -0.0299031 
23  -13.1014830    0.1136563 
1.........2...........3.................4........5.........6................7.........8........directest= 46.040565334536 (if directest<0 or t<0 we include P0 Pn as new direction), t= -10766.854021436999, f1= 3924.462655760803,f2= 3908.057930950125,f3= 3960.215832098827, del= 11.261030312423
f1-2f2+f3= 68.562625959381, f1-f2-del= 5.143694498256, f1-f3= -35.753176338024

Powell iter=12 Big Iter=7 -2*LL=3908.057930950125 gain=16.4 2 sec. 25 sec.
#model=  1      +     age 
12   -6.2401319    0.0465388 
13  -18.6355165    0.1427601 
21   -1.3925597   -0.0248044 
23  -13.4171895    0.1167316 
1.........2...........3.................4........5........6................7.........8...............Gaining to use new average direction of P0 P8 instead of biggest increase direction 4 :

Powell iter=13 Big Iter=7 -2*LL=3902.036957077102 gain=6.02 2 sec. 27 sec.
#model=  1      +     age 
12   -6.6438314    0.0528012 
13  -18.7314614    0.1563295 
21   -1.7201341   -0.0213062 
23  -13.3505741    0.1148580 
1.........2..........3..................4.........5........6................7..........8.........
Powell iter=14 Big Iter=8 -2*LL=3898.971383131278 gain=3.07 2 sec. 29 sec.
#model=  1      +     age 
12   -6.5164334    0.0507325 
13  -18.3169428    0.1569486 
21   -1.8212379   -0.0193497 
23  -13.0442539    0.1113316 
1.........2..........3..................4.........5........6................7..........8.................Gaining to use new average direction of P0 P8 instead of biggest increase direction 2 :

Powell iter=15 Big Iter=8 -2*LL=3898.361924323785 gain=0.609 1 sec. 30 sec.
#model=  1      +     age 
12   -6.4929720    0.0503227 
13  -18.1942816    0.1579023 
21   -1.7600046   -0.0196543 
23  -12.9828840    0.1106250 
1.........2.........3..................4.........5........6................7..........8.......
Powell iter=16 Big Iter=9 -2*LL=3898.158596154298 gain=0.203 0 sec. 30 sec.
#model=  1      +     age 
12   -6.5714159    0.0513838 
13  -18.2389906    0.1585481 
21   -1.7612561   -0.0196754 
23  -12.9962055    0.1107600 
1.........2.........3..................4.........5........6................7..........8.............Gaining to use new average direction of P0 P8 instead of biggest increase direction 6 :

Powell iter=17 Big Iter=9 -2*LL=3897.723966129562 gain=0.435 1 sec. 31 sec.
#model=  1      +     age 
12   -6.7429774    0.0534014 
13  -18.2303889    0.1580558 
21   -1.7526738   -0.0199491 
23  -12.9261651    0.1099518 
1.........2.........3..................4.........5........6........7..........8........
Powell iter=18 Big Iter=10 -2*LL=3897.426848428012 gain=0.297 1 sec. 32 sec.
#model=  1      +     age 
12   -6.7333753    0.0532778 
13  -18.1496163    0.1565699 
21   -1.7466704   -0.0199454 
23  -12.8459853    0.1089997 
1.........2.........3..................4.........5........6........7..........8..............Gaining to use new average direction of P0 P8 instead of biggest increase direction 1 :

Powell iter=19 Big Iter=10 -2*LL=3895.373310316246 gain=2.05 1 sec. 33 sec.
#model=  1      +     age 
12   -6.8100992    0.0548415 
13  -17.2060600    0.1447600 
21   -1.6183110   -0.0216472 
23  -11.8581468    0.0973736 
1.........2.........3..................4.........5........6........7.........8........directest= 1.877498551169 (if directest<0 or t<0 we include P0 Pn as new direction), t= -0.095360997393, f1= 3895.373310316246,f2= 3895.241249001883,f3= 3897.073896999892, del= 0.043605380602
f1-2f2+f3= 1.964709312373, f1-f2-del= 0.088455933761, f1-f3= -1.700586683647

Powell iter=20 Big Iter=11 -2*LL=3895.241249001883 gain=0.132 1 sec. 34 sec.
#model=  1      +     age 
12   -6.7378775    0.0537375 
13  -17.1480106    0.1438293 
21   -1.5425151   -0.0228088 
23  -11.8437100    0.0971460 
1........2.........3..................4.........5........6........7.........8........
Powell iter=21 Big Iter=11 -2*LL=3895.207825354077 gain=0.0334 1 sec. 35 sec.
#model=  1      +     age 
12   -6.7115653    0.0533164 
13  -17.1176223    0.1433932 
21   -1.5093491   -0.0233173 
23  -11.8353184    0.0970408 
1........2.........3..................4.........5........6........7.........8..............Gaining to use new average direction of P0 P8 instead of biggest increase direction 7 :

Powell iter=22 Big Iter=12 -2*LL=3895.158892522385 gain=0.0489 1 sec. 36 sec.
#model=  1      +     age 
12   -6.6563810    0.0524291 
13  -17.0322012    0.1422248 
21   -1.4353185   -0.0244529 
23  -11.8220768    0.0968694 
1........2..........3..................4.........5........6........7........8.......
Powell iter=23 Big Iter=12 -2*LL=3895.120787286885 gain=0.0381 0 sec. 36 sec.
#model=  1      +     age 
12   -6.6557220    0.0524162 
13  -17.0151388    0.1420073 
21   -1.4348092   -0.0244604 
23  -11.8217851    0.0969716 
1........2.........3....................4.........5........6........7........8..............Gaining to use new average direction of P0 P8 instead of biggest increase direction 8 :

Powell iter=24 Big Iter=13 -2*LL=3892.983803129301 gain=2.14 1 sec. 37 sec.
#model=  1      +     age 
12   -6.6680794    0.0523588 
13  -15.2019967    0.1241931 
21   -1.5622111   -0.0233028 
23  -11.9954768    0.0987938 
1........2.........3..................4.........5........6........7........8..........
Powell iter=25 Big Iter=13 -2*LL=3890.911810425921 gain=2.07 1 sec. 38 sec.
#model=  1      +     age 
12   -6.7162787    0.0530595 
13  -14.2801041    0.1116030 
21   -1.5338469   -0.0235581 
23  -12.1682466    0.1009287 
1........2.........3..................4.........5........6.......7........8................Gaining to use new average direction of P0 P8 instead of biggest increase direction 8 :

Powell iter=26 Big Iter=14 -2*LL=3887.002241532695 gain=3.91 1 sec. 39 sec.
#model=  1      +     age 
12   -6.8800017    0.0558133 
13  -10.5580046    0.0592877 
21   -1.5233983   -0.0230553 
23  -12.9066286    0.1099906 
1........2.........3..................4.........5........6.......7........8.........directest= 2.605019936758 (if directest<0 or t<0 we include P0 Pn as new direction), t= -0.258690497850, f1= 3887.002241532695,f2= 3886.563557300689,f3= 3889.059840346235, del= 0.164973670397
f1-2f2+f3= 2.934967277551, f1-f2-del= 0.273710561609, f1-f3= -2.057598813539

Powell iter=27 Big Iter=14 -2*LL=3886.563557300689 gain=0.439 1 sec. 40 sec.
#model=  1      +     age 
12   -6.9506384    0.0569296 
13  -10.2004011    0.0506771 
21   -1.5625633   -0.0224508 
23  -12.9261026    0.1102682 
1........2.........3..................4........5........6........7........8.................Gaining to use new average direction of P0 P8 instead of biggest increase direction 6 :

Powell iter=28 Big Iter=15 -2*LL=3886.465957566959 gain=0.0976 1 sec. 41 sec.
#model=  1      +     age 
12   -6.9041563    0.0562392 
13   -9.6567954    0.0417294 
21   -1.5982992   -0.0220280 
23  -12.8516637    0.1093901 
1........2.........3..................4........5........6..................7............8........
Powell iter=29 Big Iter=15 -2*LL=3886.451462619527 gain=0.0145 1 sec. 42 sec.
#model=  1      +     age 
12   -6.8989206    0.0561029 
13   -9.6083836    0.0410850 
21   -1.5708435   -0.0224606 
23  -12.8520066    0.1094109 
1..........2.........3..................4........5........6.........7..........8........
Powell iter=30 Big Iter=16 -2*LL=3886.449626248929 gain=0.00184 1 sec. 43 sec.
#model=  1      +     age 
12   -6.8987674    0.0560960 
13   -9.5877600    0.0407308 
21   -1.5646821   -0.0225657 
23  -12.8527006    0.1094327 
1........2.........3..................4........5........6.................7..........8........
Powell iter=31 Big Iter=16 -2*LL=3886.449241720614 gain=0.000385 1 sec. 44 sec.
#model=  1      +     age 
12   -6.8993828    0.0561049 
13   -9.5780534    0.0405608 
21   -1.5630483   -0.0225974 
23  -12.8536329    0.1094488 
1........2..........3.........................4........5........6...........7............8........
Powell iter=32 Big Iter=17 -2*LL=3886.449161424760 gain=8.03e-005 0 sec. 44 sec.
#model=  1      +     age 
12   -6.8997782    0.0561109 
13   -9.5735031    0.0404815 
21   -1.5624761   -0.0226095 
23  -12.8541856    0.1094573 
1..........2..........3....................4..........5...........6............7............8.................
Powell iter=33 Big Iter=17 -2*LL=3886.449145013987 gain=1.64e-005 1 sec. 45 sec.
#model=  1      +     age 
12   -6.8999758    0.0561139 
13   -9.5714080    0.0404451 
21   -1.5622391   -0.0226147 
23  -12.8544534    0.1094614 
1...........2............3.................4.............5.........6..............7..................8..........
Powell iter=34 Big Iter=18 -2*LL=3886.449141701989 gain=3.31e-006 1 sec. 46 sec.
#model=  1      +     age 
12   -6.9000669    0.0561153 
13   -9.5704528    0.0404285 
21   -1.5621348   -0.0226169 
23  -12.8545748    0.1094632 
1................2............3......................4............5..........6..................7................8............
Powell iter=35 Big Iter=18 -2*LL=3886.449141034266 gain=6.68e-007 2 sec. 48 sec.
#model=  1      +     age 
12   -6.9001092    0.0561159 
13   -9.5700205    0.0404210 
21   -1.5620878   -0.0226180 
23  -12.8546294    0.1094640 
1................2..............3........................4...............5.............6...................7..............8...........
Powell iter=36 Big Iter=19 -2*LL=3886.449140900627 gain=1.34e-007 1 sec. 49 sec.
#model=  1      +     age 
12   -6.9001278    0.0561162 
13   -9.5698269    0.0404176 
21   -1.5620666   -0.0226184 
23  -12.8546523    0.1094643 
1.................2...............3........................4..................5.............6.................7......................8...............
Powell iter=37 Big Iter=19 -2*LL=3886.449140874087 gain=2.65e-008 1 sec. 50 sec.
#model=  1      +     age 
12   -6.9001362    0.0561163 
13   -9.5697425    0.0404161 
21   -1.5620568   -0.0226186 
23  -12.8546641    0.1094645 
1................2.................................3......................4..................5...............6.......................7........................8...............
Powell iter=38 Big Iter=20 -2*LL=3886.449140868754 gain=5.33e-009 1 sec. 51 sec.
#model=  1      +     age 
12   -6.9001401    0.0561164 
13   -9.5696998    0.0404154 
21   -1.5620533   -0.0226187 
23  -12.8546699    0.1094646 
1....................2....................3......................4....................5.................6.........................7....................................8.................
Powell iter=39 Big Iter=20 -2*LL=3886.449140867630 gain=1.12e-009 2 sec. 53 sec.
#model=  1      +     age 
12   -6.9001422    0.0561164 
13   -9.5696813    0.0404151 
21   -1.5620515   -0.0226188 
23  -12.8546690    0.1094646 
1......................2.............................3............................4...............5...................6.......................7.......................8.............
Powell iter=40 Big Iter=21 -2*LL=3886.449140867389 gain=2.41e-010 2 sec. 55 sec.
#model=  1      +     age 
12   -6.9001426    0.0561164 
13   -9.5696709    0.0404149 
21   -1.5620494   -0.0226188 
23  -12.8546704    0.1094646 
1..........................2......................3.......................4...................5......................6........................7..........................8..............................directest= 0.000000000018 (if directest<0 or t<0 we include P0 Pn as new direction), t= -0.000000000000, f1= 3886.449140867389,f2= 3886.449140867380,f3= 3886.449140867407, del= 0.000000000010
f1-2f2+f3= 0.000000000037, f1-f2-del= 0.000000000000, f1-f3= -0.000000000018

Powell iter=41 Big Iter=21 -2*LL=3886.449140867380 gain=9.55e-012 1 sec. 56 sec.
#model=  1      +     age 
12   -6.9001435    0.0561165 
13   -9.5696711    0.0404149 
21   -1.5620494   -0.0226188 
23  -12.8546703    0.1094646 
1..............................2................................3.......................4....................5....................6........................7.........................8.............................directest= 0.000000000011 (if directest<0 or t<0 we include P0 Pn as new direction), t= -0.000000000000, f1= 3886.449140867380,f2= 3886.449140867373,f3= 3886.449140867391, del= 0.000000000006
f1-2f2+f3= 0.000000000024, f1-f2-del= 0.000000000000, f1-f3= -0.000000000011

Powell iter=42 Big Iter=22 -2*LL=3886.449140867373 gain=6.37e-012 2 sec. 58 sec.
#model=  1      +     age 
12   -6.9001431    0.0561165 
13   -9.5696643    0.0404148 
21   -1.5620498   -0.0226188 
23  -12.8546695    0.1094646 
1........................2.......................3....................4................................5.....................6........................7.....................................8.........................
Powell iter=43 Big Iter=22 -2*LL=3886.449140867352 gain=2.18e-011 2 sec. 60 sec.
#model=  1      +     age 
12   -6.9001441    0.0561165 
13   -9.5696672    0.0404148 
21   -1.5620499   -0.0226188 
23  -12.8546701    0.1094646 
1.............................2.........................3....................4.....................5.........................6.........................7.........................8..............................
Powell iter=44 Big Iter=23 -2*LL=3886.449140867348 gain=4.09e-012 2 sec. 62 sec.
#model=  1      +     age 
12   -6.9001441    0.0561165 
13   -9.5696676    0.0404148 
21   -1.5620499   -0.0226188 
23  -12.8546701    0.1094646 
1........................2.......................3.....................4......................5.......................6........................7......................................8.............................
#Number of iterations & function calls = 44 & 6111, -2 Log likelihood = 3886.449140867348
# Parameters nlstate*nlstate*ncov a12*1 + b12 * age + ...
#model=  1      +     age 
12   -6.9001441    0.0561165 
13   -9.5696676    0.0404148 
21   -1.5620499   -0.0226188 
23  -12.8546701    0.1094646 

Calculation of the hessian matrix. Wait...
1-2-3-4-5-6-7-8-.1-2.1-3.1-4.1-5.1-6.1-7.1-8.2-3.2-4.2-5.2-6.2-7.2-8.3-4.3-5.3-6.3-7.3-8.4-5.4-6.4-7.4-8.5-6.5-7.5-8.6-7.6-8.7-8

Inverting the hessian to get the covariance matrix. Wait...

#Hessian matrix#
2.957219e+002 2.062464e+004 2.886470e+000 2.252556e+002 -9.571624e+001 -6.843041e+003 1.111800e-001 4.102094e+001 
2.062464e+004 1.475516e+006 2.238319e+002 1.770006e+004 -6.843925e+003 -5.013984e+005 3.560103e+001 5.483497e+003 
2.886470e+000 2.238319e+002 6.152090e+000 3.893404e+002 -1.473657e+000 -1.121854e+002 4.166776e+000 3.195251e+002 
2.252556e+002 1.770006e+004 3.893404e+002 2.511782e+004 -1.127360e+002 -8.684378e+003 3.194492e+002 2.484650e+004 
-9.571624e+001 -6.843925e+003 -1.473657e+000 -1.127360e+002 2.209536e+002 1.536240e+004 -6.166806e+000 -5.321454e+002 
-6.843041e+003 -5.013984e+005 -1.121854e+002 -8.684378e+003 1.536240e+004 1.095489e+006 -5.272460e+002 -4.587865e+004 
1.111800e-001 3.560103e+001 4.166776e+000 3.194492e+002 -6.166806e+000 -5.272460e+002 1.284093e+002 1.089205e+004 
4.102094e+001 5.483497e+003 3.195251e+002 2.484650e+004 -5.321454e+002 -4.587865e+004 1.089205e+004 9.333242e+005 
Parameters, Wald tests and Wald-based confidence intervals
 W is simply the result of the division of the parameter by the square root of covariance of the parameter.
 And Wald-based confidence intervals plus and minus 1.96 * W 
  It might be better to visualize the covariance matrix. See the page 'Matrix of variance-covariance of one-step probabilities' and its graphs.
12   -6.9001441(   0.3990500) W= -17.291 CI=[  -7.6822821 ;   -6.1180060]    0.0561165(   0.0057156) W=   9.818 CI=[   0.0449138 ;    0.0673191] 
13   -9.5696676(   3.0327010) W=  -3.155 CI=[ -15.5137615 ;   -3.6255736]    0.0404148(   0.0478555) W=   0.845 CI=[  -0.0533819 ;    0.1342116] 
21   -1.5620499(   0.4607271) W=  -3.390 CI=[  -2.4650750 ;   -0.6590248]   -0.0226188(   0.0066044) W=  -3.425 CI=[  -0.0355634 ;   -0.0096742] 
23  -12.8546701(   0.8930901) W= -14.393 CI=[ -14.6051267 ;  -11.1042134]    0.1094646(   0.0104360) W=  10.489 CI=[   0.0890100 ;    0.1299193] 
# Scales (for hessian or gradient estimation)
12 1.00000e-004 1.00000e-006
13 4.00000e-003 1.00000e-005
21 1.00000e-004 1.00000e-006
23 1.00000e-004 1.00000e-005
# Covariance matrix 
# 121 Var(a12)
# 122 Cov(b12,a12) Var(b12)
#   ...
# 232 Cov(b23,a12)  Cov(b23,b12) ... Var (b23)
#121 Var(a12)
#122 Cov(b12,a12) Var(b12)
#131 Cov(a13,a12) Cov(a13,b12) Var(a13)
#132 Cov(b13,a12) Cov(b13,b12) Cov(b13,a13) Var(b13)
#211 Cov(a21,a12) Cov(a21,b12) Cov(a21,a13) Cov(a21,b13) Var(a21)
#212 Cov(b21,a12) Cov(b21,b12) Cov(b21,a13) Cov(b21,b13) Cov(b21,a21) Var(b21)
#231 Cov(a23,a12) Cov(a23,b12) Cov(a23,a13) Cov(a23,b13) Cov(a23,a21) Cov(a23,b21) Var(a23)
#232 Cov(b23,a12) Cov(b23,b12) Cov(b23,a13) Cov(b23,b13) Cov(b23,a21) Cov(b23,b21) Cov(b23,a23) Var(b23)
121 1.5924092e-001
122 -2.25190e-003 3.2668600e-005
131 -1.28887e-001 2.13302e-003 9.1972754e+000
132 2.14331e-003 -3.56522e-005 -1.43776e-001 2.2901470e-003
211 6.83871e-002 -9.92530e-004 -8.18785e-003 1.40855e-004 2.1226944e-001
212 -9.91842e-004 1.47511e-005 1.14967e-004 -1.93365e-006 -3.00464e-003 4.3617922e-005
231 -5.42919e-003 1.07772e-004 1.73377e-001 -3.69146e-003 9.02308e-003 -1.27007e-004 7.9760996e-001
232 4.68944e-005 -9.72603e-007 -1.35038e-003 3.14355e-005 -1.30091e-004 1.88220e-006 -9.27082e-003 1.0891093e-004
# agemin agemax for life expectancy, bage fage (if mle==0 ie no data nor Max likelihood).
# Observed prevalence period
begin-prev-date=1/1/2013 end-prev-date=1/9/2018 mov_average=0
# Health expectancies computed from stable (period) prevalence (pop_based=0) or population based (1)
pop_based=0
# Prevalence forecasting and backcasting is skept here
##prevforecast=0  starting-proj-date=1/1/1989 final-proj-date=1/1/1990 mobil_average=0
#prevforecast=1 yearsfproj=10 mobil_average=0
#prevbackcast=1 yearsbproj=10 mobil_average=1
End of resultlines.

Computing forward period (stable) prevalence: result on file 'PL_ESFsr.txt' 
Computing pij: result on file 'PIJ_ESFsr.txt' 
Computing standard deviation of one-step probabilities: result on file 'PROB_rESFsr.txt' 
Computing matrix of variance covariance of one-step probabilities: result on file 'PROBCOV_ESFsr.txt' 
and correlation matrix of one-step probabilities: result on file 'PROBCOR_ESFsr.txt' 
Prevalence combination of varying and fixed dummies 1
Warning Observed prevalence doesn't sum to 1 for state 2: probs[50][2][1]=0.000000 because of lack of cases.
Warning Observed prevalence doesn't sum to 1 for state 1: probs[100][1][1]=0.000000 because of lack of cases.
Warning Observed prevalence doesn't sum to 1 for state 2: probs[100][2][1]=0.000000 because of lack of cases.
Computing Health Expectancies: result on file 'E_ESFsr.txt' ...done evsij
Computing Total Life expectancies with their standard errors: file 'T_ESFsr.txt' ...
  Computing State-specific Expectancies and standard errors: result on file 'STDE_ESFsr.txt' 
    Computing Covar. of State-specific Expectancies: result on file 'CVE_ESFsr.txt' 
      Computing Variance-covariance of State-specific Expectancies: file 'V_ESFsr.txt' ... done State-specific expectancies
Computing Variance-covariance of forward period (stable) prevalence: file 'VPL_ESFsr.txt' ...done variance-covariance of forward period prevalence
End of Imach with 0 errors and/or warnings 1. Please look at the log file for details.
Local time at start Mon May 27 20:51:16 2024

Local time at end   Mon May 27 20:52:23 2024

Total time used 0 day(s) 0 hour(s) 1 minute(s) 7 second(s)
Total time was 67 Sec.
