Log filename:FRM.log
Version 0.99r45 $Revision: 1.353 $ $Date: 2023/05/08 18:48:22 $
Enter the parameter file name: 
pathimach=C:\PROGRA~1\IMACH-~2.99R\bin\
pathtot=C:\Users\mmusz\Dropbox\gender_paradox\data\IMACH\FRM.txt
 path=C:\Users\mmusz\Dropbox\gender_paradox\data\IMACH\ 
 optionfile=FRM.txt
 optionfilext=txt
 optionfilefiname='FRM'
Compiled with: Microsoft Visual Studio for Windows (x64 and x86)  64-bit
The programm is not running under WOW64 (i.e probably on a 64bit Windows).
Local time (at start): Sat May 25 22:26:15 2024
title=adl datafile=dataFRM.txt lastobs=15000 firstpass=1 lastpass=2
ftol=1.000000e-018 stepm=3 ncovcol=0 nqv=0 ntv=0 nqtv=0 nlstate=2 ndeath=1 maxwav=2 mle=1 weight=1
model=1+age+
# Parameters nlstate*nlstate*ncov a12*1 + b12 * age + ...
12 0.000000 0.000000
13 0.000000 0.000000
21 0.000000 0.000000
23 0.000000 0.000000
# Scales (for hessian or gradient estimation)
12 0.000000e+000 0.000000e+000
13 0.000000e+000 0.000000e+000
21 0.000000e+000 0.000000e+000
23 0.000000e+000 0.000000e+000
# Covariance matrix
121 0.00000e+000
122 0.00000e+000 0.00000e+000
131 0.00000e+000 0.00000e+000 0.00000e+000
132 0.00000e+000 0.00000e+000 0.00000e+000 0.00000e+000
211 0.00000e+000 0.00000e+000 0.00000e+000 0.00000e+000 0.00000e+000
212 0.00000e+000 0.00000e+000 0.00000e+000 0.00000e+000 0.00000e+000 0.00000e+000
231 0.00000e+000 0.00000e+000 0.00000e+000 0.00000e+000 0.00000e+000 0.00000e+000 0.00000e+000
232 0.00000e+000 0.00000e+000 0.00000e+000 0.00000e+000 0.00000e+000 0.00000e+000 0.00000e+000 0.00000e+000

Model=1+age+
Typevar: 0 for simple covariate (dummy, quantitative, fixed or varying), 1 for age product, 2 for  product, 3 for double product with age  
Fixed[k] 0=fixed (product or simple), 1 varying, 2 fixed with age product, 3 varying with age product 
Dummy[k] 0=dummy (0 1), 1 quantitative (single or product without age), 2 dummy with age product, 3 quant with age product
ncoveff=0, nqfveff=0, ntveff=0, nqtveff=0, cptcovn=0
ncovf=0, ncovv=0, ncova=0, nsd=0, nsq=0
Warning: The value of parameter lastobs=15000 is big compared to the 
  effective number of cases imx=1243, please adjust, 
  otherwise you are allocating more memory than necessary.
Total number of individuals= 1243, Agemin = 51.08, Agemax= 97.00

Information, you have to check 0 informations which haven't been logged!
Delay (in months) between two waves Min=1 (for indiviudal 1152) Max=33 (728) Mean=24.314815

 Age 51 1.=3 loss[1]=0.0% 2.=0 loss[2]=0.0% 1.=3 prev[1]=95.1% 2.=0 prev[2]=4.9% 11=3 22=0
Age 52 1.=3 loss[1]=0.0% 2.=0 loss[2]=0.0% 1.=3 prev[1]=90.2% 2.=0 prev[2]=9.8% 11=3 12=0 21=0 22=0
Age 53 1.=2 loss[1]=0.0% 2.=0 loss[2]=0.0% 1.=2 prev[1]=92.3% 2.=0 prev[2]=7.7% 11=2 22=0
Age 54 1.=3 loss[1]=0.0% 2.=1 loss[2]=0.0% 1.=3 prev[1]=82.7% 2.=1 prev[2]=17.3% 11=3 21=0 22=0
Age 55 1.=3 loss[1]=0.0% 2.=0 loss[2]=0.0% 1.=3 prev[1]=95.6% 2.=0 prev[2]=4.4% 11=2 12=0 13=0 21=0
Age 56 1.=3 loss[1]=0.0% 2.=0 loss[2]=0.0% 1.=3 prev[1]=96.1% 2.=0 prev[2]=3.9% 11=3 13=0 21=0
Age 57 1.=2 loss[1]=0.0% 2.=0 loss[2]=0.0% 1.=2 prev[1]=92.9% 2.=0 prev[2]=7.1% 11=2 21=0
Age 58 1.=1 loss[1]=0.0% 2.=0 loss[2]=NaNQ% 1.=1 prev[1]=100.0% 2.=0 prev[2]=0.0% 11=1 12=0
Age 59 1.=2 loss[1]=0.0% 2.=0 loss[2]=0.0% 1.=2 prev[1]=90.9% 2.=0 prev[2]=9.1% 11=2 12=0 13=0 21=0 22=0
Age 60 1.=2 loss[1]=0.0% 2.=0 loss[2]=0.0% 1.=2 prev[1]=90.1% 2.=0 prev[2]=9.9% 11=2 12=0 21=0 22=0
Age 61 1.=3 loss[1]=0.0% 2.=0 loss[2]=0.0% 1.=3 prev[1]=90.3% 2.=0 prev[2]=9.7% 11=2 12=0 13=0 21=0 22=0
Age 62 1.=3 loss[1]=0.0% 2.=0 loss[2]=0.0% 1.=3 prev[1]=98.5% 2.=0 prev[2]=1.5% 11=3 12=0 13=0 22=0
Age 63 1.=3 loss[1]=0.0% 2.=0 loss[2]=0.0% 1.=3 prev[1]=94.1% 2.=0 prev[2]=5.9% 11=3 12=0 21=0
Age 64 1.=3 loss[1]=0.0% 2.=0 loss[2]=0.0% 1.=3 prev[1]=94.5% 2.=0 prev[2]=5.5% 11=3 12=0 13=0 21=0 22=0
Age 65 1.=3 loss[1]=0.0% 2.=0 loss[2]=0.0% 1.=3 prev[1]=91.0% 2.=0 prev[2]=9.0% 11=3 12=0 21=0 22=0
Age 66 1.=2 loss[1]=0.0% 2.=0 loss[2]=0.0% 1.=2 prev[1]=90.9% 2.=0 prev[2]=9.1% 11=2 13=0 21=0 22=0
Age 67 1.=3 loss[1]=0.0% 2.=0 loss[2]=0.0% 1.=3 prev[1]=89.2% 2.=0 prev[2]=10.8% 11=2 12=0 13=0 21=0 22=0
Age 68 1.=2 loss[1]=0.0% 2.=0 loss[2]=0.0% 1.=2 prev[1]=94.0% 2.=0 prev[2]=6.0% 11=2 12=0 13=0 21=0
Age 69 1.=2 loss[1]=0.0% 2.=0 loss[2]=0.0% 1.=2 prev[1]=87.3% 2.=0 prev[2]=12.7% 11=1 12=0 21=0 22=0
Age 70 1.=2 loss[1]=0.0% 2.=0 loss[2]=0.0% 1.=2 prev[1]=93.3% 2.=0 prev[2]=6.7% 11=2 12=0 13=0 21=0 22=0
Age 71 1.=1 loss[1]=0.0% 2.=0 loss[2]=0.0% 1.=1 prev[1]=89.8% 2.=0 prev[2]=10.2% 11=1 12=0 13=0 21=0 23=0
Age 72 1.=2 loss[1]=0.0% 2.=0 loss[2]=0.0% 1.=2 prev[1]=78.4% 2.=0 prev[2]=21.6% 11=1 13=0 21=0 22=0 23=0
Age 73 1.=1 loss[1]=0.0% 2.=0 loss[2]=0.0% 1.=1 prev[1]=80.0% 2.=0 prev[2]=20.0% 11=1 12=0 22=0
Age 74 1.=1 loss[1]=0.0% 2.=0 loss[2]=0.0% 1.=1 prev[1]=86.3% 2.=0 prev[2]=13.7% 11=1 12=0 13=0 21=0 23=0
Age 75 1.=1 loss[1]=0.0% 2.=0 loss[2]=0.0% 1.=1 prev[1]=77.3% 2.=0 prev[2]=22.7% 11=1 12=0 13=0 21=0 22=0
Age 76 1.=1 loss[1]=0.0% 2.=0 loss[2]=0.0% 1.=1 prev[1]=73.3% 2.=0 prev[2]=26.7% 11=1 12=0 13=0 21=0 22=0 23=0
Age 77 1.=1 loss[1]=0.0% 2.=0 loss[2]=0.0% 1.=1 prev[1]=84.7% 2.=0 prev[2]=15.3% 11=1 12=0 13=0 21=0 22=0 23=0
Age 78 1.=1 loss[1]=0.0% 2.=0 loss[2]=0.0% 1.=1 prev[1]=89.1% 2.=0 prev[2]=10.9% 11=1 12=0 13=0 21=0 22=0
Age 79 1.=1 loss[1]=0.0% 2.=0 loss[2]=0.0% 1.=1 prev[1]=81.2% 2.=0 prev[2]=18.8% 11=1 12=0 13=0 21=0 22=0 23=0
Age 80 1.=1 loss[1]=0.0% 2.=0 loss[2]=0.0% 1.=1 prev[1]=65.1% 2.=0 prev[2]=34.9% 11=1 12=0 21=0 22=0
Age 81 1.=1 loss[1]=0.0% 2.=0 loss[2]=0.0% 1.=1 prev[1]=70.7% 2.=0 prev[2]=29.3% 11=0 12=0 13=0 21=0 22=0 23=0
Age 82 1.=1 loss[1]=0.0% 2.=0 loss[2]=0.0% 1.=1 prev[1]=75.9% 2.=0 prev[2]=24.1% 11=1 12=0 13=0 21=0 22=0 23=0
Age 83 1.=1 loss[1]=0.0% 2.=0 loss[2]=0.0% 1.=1 prev[1]=56.4% 2.=0 prev[2]=43.6% 11=1 12=0 13=0 21=0 22=0 23=0
Age 84 1.=1 loss[1]=0.0% 2.=0 loss[2]=0.0% 1.=1 prev[1]=65.8% 2.=0 prev[2]=34.2% 11=0 12=0 13=0 22=0 23=0
Age 85 1.=0 loss[1]=0.0% 2.=0 loss[2]=0.0% 1.=0 prev[1]=72.9% 2.=0 prev[2]=27.1% 11=0 12=0 13=0 22=0 23=0
Age 86 1.=0 loss[1]=0.0% 2.=0 loss[2]=0.0% 1.=0 prev[1]=74.1% 2.=0 prev[2]=25.9% 11=0 12=0 22=0
Age 87 1.=0 loss[1]=0.0% 2.=0 loss[2]=0.0% 1.=0 prev[1]=52.3% 2.=0 prev[2]=47.7% 11=0 13=0 21=0 22=0 23=0
Age 88 1.=0 loss[1]=0.0% 2.=0 loss[2]=0.0% 1.=0 prev[1]=79.8% 2.=0 prev[2]=20.2% 11=0 12=0 13=0 22=0 23=0
Age 89 1.=0 loss[1]=0.0% 2.=0 loss[2]=0.0% 1.=0 prev[1]=50.3% 2.=0 prev[2]=49.7% 11=0 21=0 23=0
Age 90 1.=0 loss[1]=0.0% 2.=0 loss[2]=0.0% 1.=0 prev[1]=31.3% 2.=0 prev[2]=68.7% 11=0 13=0 22=0 23=0
Age 91 1.=0 loss[1]=0.0% 2.=0 loss[2]=0.0% 1.=0 prev[1]=62.1% 2.=0 prev[2]=37.9% 11=0 22=0 23=0
Age 92 1.=0 loss[1]=0.0% 2.=0 loss[2]=0.0% 1.=0 prev[1]=46.0% 2.=0 prev[2]=54.0% 11=0 23=0
Age 93 1.=0 loss[1]=NaNQ% 2.=0 loss[2]=0.0% 1.=0 prev[1]=0.0% 2.=0 prev[2]=100.0% 21=0
Age 94 1.=0 loss[1]=0.0% 2.=0 loss[2]=0.0% 1.=0 prev[1]=22.2% 2.=0 prev[2]=77.8% 12=0 22=0 23=0
Age 95 1.=0 loss[1]=NaNQ% 2.=0 loss[2]=0.0% 1.=0 prev[1]=0.0% 2.=0 prev[2]=100.0% 23=0
Age 96 1.=0 loss[1]=NaNQ% 2.=0 loss[2]=NaNQ% 1.=0 prev[1]=NaNQ% 2.=0 prev[2]=NaNQ%
Age 97 1.=0 loss[1]=NaNQ% 2.=0 loss[2]=0.0% 1.=0 prev[1]=0.0% 2.=0 prev[2]=100.0% 23=0
1 1.=0 loss[1]=NaNQ% 2.=0 loss[2]=NaNQ% 1.=0 prev[1]=NaNQ% 2.=0 prev[2]=NaNQ%
0 1.=0 loss[1]=NaNQ% 2.=0 loss[2]=NaNQ% 1.=0 prev[1]=NaNQ% 2.=0 prev[2]=NaNQ%
Total 1.=67 loss[1]=0.0% 2.=10 loss[2]=0.0% 1.=67 prev[1]=87.2% 2.=10 prev[2]=12.8% 11=61 12=3 13=2 21=4 22=4 23=2


12    0.0000000 ln(3/61)=   -2.9586580 
13    0.0000000 ln(2/61)=   -3.2887802 
21    0.0000000 ln(4/4)=    0.0966051 
23    0.0000000 ln(2/4)=   -0.5953287 

 -1-1=0 -10=0 -11=0 -12=0 -13=0 0-1=0 00=0 01=0 02=0 03=0 1-1=0 10=0 11=61 12=3 13=2 2-1=0 20=0 21=4 22=4 23=2 3-1=0 30=0 31=0 32=0 33=0
Powell

Powell iter=1 Big Iter=1 -2*LL=9899.696326914598 gain=0 0 sec. 0 sec.
#model=  1      +     age 
12    0.0000000    0.0000000 
13    0.0000000    0.0000000 
21    0.0000000    0.0000000 
23    0.0000000    0.0000000 
1......2.................3........4..................5......6...................7........8.............................Gaining to use new average direction of P0 P8 instead of biggest increase direction 5 :

Powell iter=2 Big Iter=2 -2*LL=2531.976834461180 gain=7.37e+003 1 sec. 1 sec.
#model=  1      +     age 
12    5.4162606   -0.0013750 
13   -0.6949732    0.0013583 
21    3.0081534   -0.0009250 
23   -1.0337604    0.0028483 

Considering the time needed for this last iteration #2: 1 seconds,
   - if your program needs 1 BIG iterations  (2 iterations) to converge, convergence will be 
   reached in 0 day(s) 0 hour(s) 0 minute(s) 0 second(s) i.e.
   on Sat May 25 22:26:16 2024 (current time is Sat May 25 22:26:16 2024);
   - if your program needs 11 BIG iterations  (22 iterations) to converge, convergence will be 
   reached in 0 day(s) 0 hour(s) 0 minute(s) 20 second(s) i.e.
   on Sat May 25 22:26:36 2024 (current time is Sat May 25 22:26:16 2024);
   - if your program needs 21 BIG iterations  (42 iterations) to converge, convergence will be 
   reached in 0 day(s) 0 hour(s) 0 minute(s) 40 second(s) i.e.
   on Sat May 25 22:26:56 2024 (current time is Sat May 25 22:26:16 2024);
   - if your program needs 31 BIG iterations  (62 iterations) to converge, convergence will be 
   reached in 0 day(s) 0 hour(s) 1 minute(s) 0 second(s) i.e.
   on Sat May 25 22:27:16 2024 (current time is Sat May 25 22:26:16 2024);
1.........2...................3........4..................5.................6...................7..........8........
Powell iter=3 Big Iter=2 -2*LL=2419.780232308061 gain=112 0 sec. 1 sec.
#model=  1      +     age 
12    3.6542139   -0.0029207 
13   -1.6412535    0.0049298 
21    2.8273534   -0.0015607 
23   -1.2635715   -0.0102799 

Considering the time needed for this last iteration #3: 0 seconds,
   - if your program needs 1 BIG iterations  (2 iterations) to converge, convergence will be 
   reached in 0 day(s) 0 hour(s) 0 minute(s) 0 second(s) i.e.
   on Sat May 25 22:26:16 2024 (current time is Sat May 25 22:26:16 2024);
   - if your program needs 11 BIG iterations  (22 iterations) to converge, convergence will be 
   reached in 0 day(s) 0 hour(s) 0 minute(s) 0 second(s) i.e.
   on Sat May 25 22:26:16 2024 (current time is Sat May 25 22:26:16 2024);
   - if your program needs 21 BIG iterations  (42 iterations) to converge, convergence will be 
   reached in 0 day(s) 0 hour(s) 0 minute(s) 0 second(s) i.e.
   on Sat May 25 22:26:16 2024 (current time is Sat May 25 22:26:16 2024);
   - if your program needs 31 BIG iterations  (62 iterations) to converge, convergence will be 
   reached in 0 day(s) 0 hour(s) 0 minute(s) 0 second(s) i.e.
   on Sat May 25 22:26:16 2024 (current time is Sat May 25 22:26:16 2024);
1.........2..................3.........4..................5..................6...................7.........8...............Gaining to use new average direction of P0 P8 instead of biggest increase direction 3 :

Powell iter=4 Big Iter=3 -2*LL=1590.826828292795 gain=829 0 sec. 1 sec.
#model=  1      +     age 
12   -1.2395312   -0.0152352 
13   -6.2983558    0.0267783 
21    1.8262897    0.0506764 
23    0.3851668   -0.0271146 
1.........2.............3.........4.................5..................6.................7..........8.........directest= 1036.396977459714 (if directest<0 or t<0 we include P0 Pn as new direction), t= -9863791.836375238400, f1= 1590.826828292795,f2= 1570.980131487130,f3= 2607.049334883654, del= 9.759461371237
f1-2f2+f3= 1055.915900202188, f1-f2-del= 10.087235434427, f1-f3= -1016.222506590859

Powell iter=5 Big Iter=3 -2*LL=1570.980131487130 gain=19.8 1 sec. 2 sec.
#model=  1      +     age 
12   -1.2619378   -0.0138390 
13   -6.3890465    0.0242797 
21    1.7475843    0.0523703 
23    0.1487356   -0.0017057 
1.........2..............3.........4..................5..................6.................7..........8..................Gaining to use new average direction of P0 P8 instead of biggest increase direction 2 :

Powell iter=6 Big Iter=4 -2*LL=1522.159003043987 gain=48.8 0 sec. 2 sec.
#model=  1      +     age 
12   -3.2245974    0.0137144 
13   -7.0924310    0.0339964 
21    0.5148798    0.0703755 
23   -4.5022148    0.0991715 
1.........2..........3.........4.................5...................6..........7..........8...........directest= 776.469258094703 (if directest<0 or t<0 we include P0 Pn as new direction), t= -7936008.536312537300, f1= 1522.159003043987,f2= 1492.642567741426,f3= 2269.274958576022, del= 14.839784021227
f1-2f2+f3= 806.148826137157, f1-f2-del= 14.676651281334, f1-f3= -747.115955532035

Powell iter=7 Big Iter=4 -2*LL=1492.642567741426 gain=29.5 0 sec. 2 sec.
#model=  1      +     age 
12   -3.5352141    0.0208156 
13   -7.4495847    0.0325795 
21    0.3226777    0.0766957 
23   -6.0152660    0.1256126 
1.........2............3.........4.................5..................6...........7..........8..................Gaining to use new average direction of P0 P8 instead of biggest increase direction 8 :

Powell iter=8 Big Iter=5 -2*LL=1468.056370788348 gain=24.6 1 sec. 3 sec.
#model=  1      +     age 
12   -4.2809808    0.0321138 
13   -7.9998209    0.0234174 
21    0.0761084    0.0863062 
23   -8.4720312    0.1677645 
1.........2..........3.........4..................5...................6.........7.........8........
Powell iter=9 Big Iter=5 -2*LL=1454.768032048296 gain=13.3 0 sec. 3 sec.
#model=  1      +     age 
12   -4.6227168    0.0371052 
13   -8.2821698    0.0259541 
21    0.0376005    0.0907869 
23   -9.6552434    0.1826379 
1.........2..........3........4..................5..................6.............7.........8................Gaining to use new average direction of P0 P8 instead of biggest increase direction 4 :

Powell iter=10 Big Iter=6 -2*LL=1431.500775352350 gain=23.3 1 sec. 4 sec.
#model=  1      +     age 
12   -5.7774989    0.0527798 
13   -8.9671119    0.0533701 
21   -0.2986636    0.1032064 
23  -13.2333474    0.2303473 
1.........2..........3.........4........5..................6.............7..........8...........directest= 36.388213028189 (if directest<0 or t<0 we include P0 Pn as new direction), t= -1106.734979253926, f1= 1431.500775352350,f2= 1426.665049516231,f3= 1462.055039331076, del= 1.918751311388
f1-2f2+f3= 40.225715650965, f1-f2-del= 2.916974524731, f1-f3= -30.554263978726

Powell iter=11 Big Iter=6 -2*LL=1426.665049516231 gain=4.84 0 sec. 4 sec.
#model=  1      +     age 
12   -6.1740961    0.0588511 
13   -9.3026149    0.0581486 
21   -0.3897987    0.1087003 
23  -14.6326771    0.2493939 
1.........2...........3.........4........5..................6..............7..........8...............Gaining to use new average direction of P0 P8 instead of biggest increase direction 8 :

Powell iter=12 Big Iter=7 -2*LL=1422.061696235056 gain=4.6 0 sec. 4 sec.
#model=  1      +     age 
12   -7.3705253    0.0753563 
13  -10.2062777    0.0703710 
21   -0.6621541    0.1236079 
23  -18.3995256    0.3028808 
1.........2..........3.........4..........5..................6...........7..........8........directest= 1.932378504876 (if directest<0 or t<0 we include P0 Pn as new direction), t= -0.176002436280, f1= 1422.061696235056,f2= 1421.879381782424,f3= 1423.780681014216, del= 0.075617589774
f1-2f2+f3= 2.083613684425, f1-f2-del= 0.106696862858, f1-f3= -1.718984779159

Powell iter=13 Big Iter=7 -2*LL=1421.879381782424 gain=0.182 1 sec. 5 sec.
#model=  1      +     age 
12   -7.4138068    0.0760438 
13  -10.2639035    0.0717261 
21   -0.6623003    0.1244199 
23  -18.5524582    0.3045732 
1.........2..........3.........4..........5..................6............7..........8................Gaining to use new average direction of P0 P8 instead of biggest increase direction 2 :

Powell iter=14 Big Iter=8 -2*LL=1421.662220928495 gain=0.217 0 sec. 5 sec.
#model=  1      +     age 
12   -7.5178357    0.0775751 
13  -10.4735594    0.0760238 
21   -0.6464065    0.1270816 
23  -18.8002096    0.3094117 
1.........2..............3.........4.........5..................6...........7..........8........
Powell iter=15 Big Iter=8 -2*LL=1421.498698864288 gain=0.164 0 sec. 5 sec.
#model=  1      +     age 
12   -7.5959758    0.0788430 
13  -10.6050853    0.0778197 
21   -0.6458302    0.1288525 
23  -19.0131737    0.3134091 
1.........2........3.........4.........5..................6.................7..........8................Gaining to use new average direction of P0 P8 instead of biggest increase direction 4 :

Powell iter=16 Big Iter=9 -2*LL=1417.374556657204 gain=4.12 0 sec. 5 sec.
#model=  1      +     age 
12   -7.5294544    0.0774478 
13  -13.2509433    0.1144542 
21    0.2647347    0.1551688 
23  -15.2900213    0.3055642 
1.........2.........3.........4........5..................6.............7..........8........directest= 3.914849472766 (if directest<0 or t<0 we include P0 Pn as new direction), t= -0.958850921610, f1= 1417.374556657204,f2= 1417.038181421221,f3= 1420.844169839106, del= 0.113757090551
f1-2f2+f3= 4.142363653868, f1-f2-del= 0.222618145432, f1-f3= -3.469613181902

Powell iter=17 Big Iter=9 -2*LL=1417.038181421221 gain=0.336 0 sec. 5 sec.
#model=  1      +     age 
12   -7.3589662    0.0754305 
13  -13.4689267    0.1166172 
21    0.4123128    0.1566510 
23  -14.3821902    0.2977042 
1.........2.........3.........4........5...................6..................7..........8.........
Powell iter=18 Big Iter=10 -2*LL=1417.013387796603 gain=0.0248 1 sec. 6 sec.
#model=  1      +     age 
12   -7.3630336    0.0753718 
13  -13.5165357    0.1171557 
21    0.4316512    0.1571073 
23  -14.2938576    0.2971127 
1.........2........3..........4.........5..................6.................7..........8.................Gaining to use new average direction of P0 P8 instead of biggest increase direction 5 :

Powell iter=19 Big Iter=10 -2*LL=1417.006947335124 gain=0.00644 0 sec. 6 sec.
#model=  1      +     age 
12   -7.3679412    0.0753448 
13  -13.5274521    0.1173395 
21    0.4363752    0.1572072 
23  -14.2473866    0.2965201 
1.........2..........3.........4..........5..................6.............7..........8......
Powell iter=20 Big Iter=11 -2*LL=1417.002716495327 gain=0.00423 0 sec. 6 sec.
#model=  1      +     age 
12   -7.3688371    0.0753559 
13  -13.5357856    0.1174850 
21    0.4381044    0.1572986 
23  -14.2195245    0.2962968 
1.........2.........3.........4.........5.........6.............7..........8.............Gaining to use new average direction of P0 P8 instead of biggest increase direction 8 :

Powell iter=21 Big Iter=11 -2*LL=1416.866030005126 gain=0.137 0 sec. 6 sec.
#model=  1      +     age 
12   -7.4083893    0.0760986 
13  -13.5716285    0.1176195 
21    0.4015054    0.1580899 
23  -13.0692332    0.2832444 
1.........2.........3.........4........5.........6.........7..........8........
Powell iter=22 Big Iter=12 -2*LL=1416.804836011398 gain=0.0612 0 sec. 6 sec.
#model=  1      +     age 
12   -7.5334335    0.0777621 
13  -13.5971029    0.1180393 
21    0.3437143    0.1586838 
23  -13.0734925    0.2833236 
1.........2.........3..........4.........5.........6.........7..........8........
Powell iter=23 Big Iter=12 -2*LL=1416.793502535148 gain=0.0113 1 sec. 7 sec.
#model=  1      +     age 
12   -7.5830023    0.0784612 
13  -13.5561208    0.1174807 
21    0.3035853    0.1583975 
23  -13.1776029    0.2838684 
1.........2.........3.........4.........5.........6.........7..................8........
Powell iter=24 Big Iter=13 -2*LL=1416.790518359824 gain=0.00298 0 sec. 7 sec.
#model=  1      +     age 
12   -7.6070248    0.0787942 
13  -13.5319376    0.1171744 
21    0.2827761    0.1582305 
23  -13.2254662    0.2840352 
1.........2.........3...........4.........5.........6.........7..........8........
Powell iter=25 Big Iter=13 -2*LL=1416.789732941099 gain=0.000785 0 sec. 7 sec.
#model=  1      +     age 
12   -7.6188902    0.0789565 
13  -13.5212893    0.1170501 
21    0.2729233    0.1581661 
23  -13.2445455    0.2840780 
1........2...........3..........4........5.........6..........7..............8........
Powell iter=26 Big Iter=14 -2*LL=1416.789547888859 gain=0.000185 0 sec. 7 sec.
#model=  1      +     age 
12   -7.6245375    0.0790335 
13  -13.5166635    0.1169991 
21    0.2683730    0.1581409 
23  -13.2525376    0.2840907 
1..........2.........3..................4.........5........6..........7................8........
Powell iter=27 Big Iter=14 -2*LL=1416.789507301880 gain=4.06e-005 0 sec. 7 sec.
#model=  1      +     age 
12   -7.6271599    0.0790692 
13  -13.5146019    0.1169770 
21    0.2662857    0.1581302 
23  -13.2560604    0.2840952 
1..........2..........3....................4.........5.........6...............7.................8..........
Powell iter=28 Big Iter=15 -2*LL=1416.789498652699 gain=8.65e-006 1 sec. 8 sec.
#model=  1      +     age 
12   -7.6283638    0.0790856 
13  -13.5136697    0.1169671 
21    0.2653306    0.1581252 
23  -13.2576486    0.2840970 
1...........2...........3...........4..........5...........6.........7...................8..........
Powell iter=29 Big Iter=15 -2*LL=1416.789496814147 gain=1.84e-006 0 sec. 8 sec.
#model=  1      +     age 
12   -7.6289141    0.0790931 
13  -13.5132453    0.1169626 
21    0.2648933    0.1581229 
23  -13.2583680    0.2840975 
1...........2.....................3.............4.............5.........6..............7..............8........
Powell iter=30 Big Iter=16 -2*LL=1416.789496410614 gain=4.04e-007 0 sec. 8 sec.
#model=  1      +     age 
12   -7.6291662    0.0790965 
13  -13.5130525    0.1169606 
21    0.2646924    0.1581216 
23  -13.2586983    0.2840977 
1..............2..............3..............4.............5..............6.........7..................8.................
Powell iter=31 Big Iter=16 -2*LL=1416.789496309602 gain=1.01e-007 0 sec. 8 sec.
#model=  1      +     age 
12   -7.6292805    0.0790981 
13  -13.5129635    0.1169597 
21    0.2645996    0.1581209 
23  -13.2588508    0.2840976 
1..................2...............3..........4............................5.................6...............7.............8....................Gaining to use new average direction of P0 P8 instead of biggest increase direction 6 :

Powell iter=32 Big Iter=17 -2*LL=1416.789496234820 gain=7.48e-008 1 sec. 9 sec.
#model=  1      +     age 
12   -7.6294637    0.0791005 
13  -13.5128241    0.1169582 
21    0.2644477    0.1581193 
23  -13.2590915    0.2840969 
1...............2...............3...............4....................5..................6...............7.................8................
Powell iter=33 Big Iter=17 -2*LL=1416.789496212844 gain=2.2e-008 0 sec. 9 sec.
#model=  1      +     age 
12   -7.6294631    0.0791005 
13  -13.5128257    0.1169582 
21    0.2644446    0.1581190 
23  -13.2590822    0.2840964 
1...............2.............3..................4...................5.............6............7.................8...................Gaining to use new average direction of P0 P8 instead of biggest increase direction 8 :

Powell iter=34 Big Iter=18 -2*LL=1416.789467782147 gain=2.84e-005 0 sec. 9 sec.
#model=  1      +     age 
12   -7.6285655    0.0790804 
13  -13.5139519    0.1169799 
21    0.2556531    0.1573527 
23  -13.2717677    0.2833703 
1.........2.................3............4.........5.............6.........7..................8.............Gaining to use new average direction of P0 P8 instead of biggest increase direction 8 :

Powell iter=35 Big Iter=18 -2*LL=1416.789381700637 gain=8.61e-005 0 sec. 9 sec.
#model=  1      +     age 
12   -7.6247330    0.0790203 
13  -13.5160571    0.1170149 
21    0.2284842    0.1550230 
23  -13.3022783    0.2810735 
1.........2..........3...........4..................5.........6........7..........8...................Gaining to use new average direction of P0 P8 instead of biggest increase direction 8 :

Powell iter=36 Big Iter=19 -2*LL=1416.624458871259 gain=0.165 1 sec. 10 sec.
#model=  1      +     age 
12   -7.4927815    0.0770626 
13  -13.5806285    0.1179958 
21   -0.8671739    0.0630449 
23  -14.4490997    0.1895618 
1.........2.........3.........4.........5...........6........7...........8..............directest= 1614.643579822889 (if directest<0 or t<0 we include P0 Pn as new direction), t= -142418.333713449130, f1= 1416.624458871259,f2= 1416.427606891485,f3= 3030.983678638508, del= 0.054671951954
f1-2f2+f3= 1614.752923726796, f1-f2-del= 0.142180027820, f1-f3= -1614.359219767248

Powell iter=37 Big Iter=19 -2*LL=1416.427606891485 gain=0.197 0 sec. 10 sec.
#model=  1      +     age 
12   -7.5906099    0.0781420 
13  -13.4335787    0.1155770 
21   -1.0248379    0.0571924 
23  -14.3647596    0.1816008 
1.........2.........3.........4.........5...........6.......7...........8......................Gaining to use new average direction of P0 P8 instead of biggest increase direction 1 :

Powell iter=38 Big Iter=20 -2*LL=1415.976915312666 gain=0.451 0 sec. 10 sec.
#model=  1      +     age 
12   -7.9092296    0.0816442 
13  -13.0347986    0.1094911 
21   -1.4047987    0.0463596 
23  -14.4914147    0.1692973 
1...............2.........3.........4........5.............6........7..........8..........directest= 2.365592568600 (if directest<0 or t<0 we include P0 Pn as new direction), t= -0.020160889621, f1= 1415.976915312666,f2= 1415.549345942821,f3= 1417.769944626353, del= 0.141287742389
f1-2f2+f3= 2.648168053378, f1-f2-del= 0.286281627457, f1-f3= -1.793029313687

Powell iter=39 Big Iter=20 -2*LL=1415.549345942821 gain=0.428 0 sec. 10 sec.
#model=  1      +     age 
12   -8.1188549    0.0838698 
13  -12.7780963    0.1051589 
21   -1.5944653    0.0449380 
23  -14.4311180    0.1662106 
1..............2.........3.........4.......5.............6........7..........8...................Gaining to use new average direction of P0 P8 instead of biggest increase direction 3 :

Powell iter=40 Big Iter=21 -2*LL=1411.274863115012 gain=4.27 0 sec. 10 sec.
#model=  1      +     age 
12   -9.0358392    0.0912338 
13  -11.0759294    0.0748433 
21   -2.6410982    0.0320276 
23  -13.1324680    0.1347523 
1.............2.........3.........4........5.............6........7..........8...........directest= 96.491350892905 (if directest<0 or t<0 we include P0 Pn as new direction), t= -21874.895340288782, f1= 1411.274863115012,f2= 1402.291948545728,f3= 1497.266670081114, del= 3.733142605883
f1-2f2+f3= 103.957636104672, f1-f2-del= 5.249771963401, f1-f3= -85.991806966102

Powell iter=41 Big Iter=21 -2*LL=1402.291948545728 gain=8.98 1 sec. 11 sec.
#model=  1      +     age 
12   -9.6185805    0.0976549 
13  -10.7584070    0.0696298 
21   -3.0036201    0.0333235 
23  -14.1105855    0.1439506 
1.............2.........3.........4........5.............6........7.........8.................Gaining to use new average direction of P0 P8 instead of biggest increase direction 8 :

Powell iter=42 Big Iter=22 -2*LL=1359.712477611498 gain=42.6 0 sec. 11 sec.
#model=  1      +     age 
12  -13.0348553    0.1356874 
13   -8.9238153    0.0381169 
21   -5.1598109    0.0471916 
23  -15.1057294    0.1497404 
1............2.........3.........4.......5..........6.............7.........8........
Powell iter=43 Big Iter=22 -2*LL=1337.437832157064 gain=22.3 0 sec. 11 sec.
#model=  1      +     age 
12  -14.0704278    0.1471303 
13   -8.3249502    0.0283470 
21   -5.7481855    0.0574516 
23  -15.3125630    0.1554077 
1............2.........3.........4........5..........6........7.........8...............Gaining to use new average direction of P0 P8 instead of biggest increase direction 1 :

Powell iter=44 Big Iter=23 -2*LL=1329.674958921321 gain=7.76 0 sec. 11 sec.
#model=  1      +     age 
12  -15.0527013    0.1573825 
13   -7.4711414    0.0148462 
21   -6.3869375    0.0675417 
23  -14.2550211    0.1453592 
1.........2........3.........4........5..........6.......7..........8........
Powell iter=45 Big Iter=23 -2*LL=1327.837365198346 gain=1.84 0 sec. 11 sec.
#model=  1      +     age 
12  -14.9124799    0.1549945 
13   -7.2148633    0.0115450 
21   -6.3672855    0.0663655 
23  -14.1252184    0.1434096 
1.........2........3.........4........5..........6........7.........8................Gaining to use new average direction of P0 P8 instead of biggest increase direction 2 :

Powell iter=46 Big Iter=24 -2*LL=1316.890899159409 gain=10.9 1 sec. 12 sec.
#model=  1      +     age 
12  -12.4338866    0.1179206 
13   -4.8522548   -0.0162836 
21   -5.5354345    0.0490278 
23  -13.8790229    0.1383396 
1........2........3........4........5.........6........7.........8.........directest= 13.773387566417 (if directest<0 or t<0 we include P0 Pn as new direction), t= -13.050830670590, f1= 1316.890899159409,f2= 1316.778861124114,f3= 1330.580026718698, del= 0.069908031731
f1-2f2+f3= 13.913203629879, f1-f2-del= 0.042130003564, f1-f3= -13.689127559289

Powell iter=47 Big Iter=24 -2*LL=1316.778861124114 gain=0.112 0 sec. 12 sec.
#model=  1      +     age 
12  -12.3788963    0.1172262 
13   -4.8894804   -0.0156652 
21   -5.4963748    0.0486892 
23  -13.9693070    0.1394464 
1........2........3........4........5.........6........7.........8..................Gaining to use new average direction of P0 P8 instead of biggest increase direction 5 :

Powell iter=48 Big Iter=25 -2*LL=1307.980767382801 gain=8.8 0 sec. 12 sec.
#model=  1      +     age 
12   -9.8806280    0.0778327 
13   -6.4500492    0.0072777 
21   -3.7842692    0.0236707 
23  -14.8265203    0.1487202 
1........2.......3........4......5.........6.......7.........8........
Powell iter=49 Big Iter=25 -2*LL=1297.585221376437 gain=10.4 0 sec. 12 sec.
#model=  1      +     age 
12   -8.7544268    0.0613808 
13   -7.9940589    0.0285781 
21   -2.9152076    0.0088755 
23  -14.0511231    0.1374082 
1........2.......3........4.......5.........6........7.........8..............Gaining to use new average direction of P0 P8 instead of biggest increase direction 2 :

Powell iter=50 Big Iter=26 -2*LL=1291.122936610842 gain=6.46 0 sec. 12 sec.
#model=  1      +     age 
12   -7.5146124    0.0438997 
13  -10.9261873    0.0689509 
21   -1.7447091   -0.0094862 
23  -12.0837603    0.1107514 
1........2........3.........4.......5.........6........7..........8.......
Powell iter=51 Big Iter=26 -2*LL=1289.855366207117 gain=1.27 0 sec. 12 sec.
#model=  1      +     age 
12   -7.3020504    0.0409924 
13  -11.5545408    0.0783239 
21   -1.5082827   -0.0122388 
23  -12.0070857    0.1100374 
1........2........3.........4.......5.........6........7.........8.................Gaining to use new average direction of P0 P8 instead of biggest increase direction 4 :

Powell iter=52 Big Iter=27 -2*LL=1282.162078167255 gain=7.69 1 sec. 13 sec.
#model=  1      +     age 
12   -7.7762981    0.0461003 
13  -14.0042697    0.1168576 
21   -1.2635294   -0.0161285 
23  -12.9183675    0.1204656 
1........2........3.........4........5.........6........7.........8.........directest= 11.094432669200 (if directest<0 or t<0 we include P0 Pn as new direction), t= -22.757919025758, f1= 1282.162078167255,f2= 1280.402106031982,f3= 1291.064246621694, del= 0.663840027892
f1-2f2+f3= 12.422112724984, f1-f2-del= 1.096132107381, f1-f3= -8.902168454439

Powell iter=53 Big Iter=27 -2*LL=1280.402106031982 gain=1.76 0 sec. 13 sec.
#model=  1      +     age 
12   -8.4743105    0.0559969 
13  -13.6410099    0.1123979 
21   -1.7267220   -0.0102101 
23  -12.4898308    0.1150921 
1.........2........3.........4.........5.........6........7.........8................Gaining to use new average direction of P0 P8 instead of biggest increase direction 5 :

Powell iter=54 Big Iter=28 -2*LL=1279.420908587316 gain=0.981 0 sec. 13 sec.
#model=  1      +     age 
12   -8.7347308    0.0594599 
13  -12.7654260    0.1023672 
21   -2.0445175   -0.0054571 
23  -12.2160365    0.1113570 
1.........2........3.........4........5.........6........7.........8........directest= 0.494673310078 (if directest<0 or t<0 we include P0 Pn as new direction), t= -0.003576338141, f1= 1279.420908587316,f2= 1279.352470271426,f3= 1279.838565660094, del= 0.029930197240
f1-2f2+f3= 0.554533704558, f1-f2-del= 0.038508118650, f1-f3= -0.417657072778

Powell iter=55 Big Iter=28 -2*LL=1279.352470271426 gain=0.0684 0 sec. 13 sec.
#model=  1      +     age 
12   -8.6647913    0.0583405 
13  -12.7575337    0.1022068 
21   -2.0046782   -0.0057531 
23  -12.1844213    0.1110908 
1.........2........3..........4........5.........6........7.........8...................Gaining to use new average direction of P0 P8 instead of biggest increase direction 1 :

Powell iter=56 Big Iter=29 -2*LL=1279.295879093313 gain=0.0566 0 sec. 13 sec.
#model=  1      +     age 
12   -8.6836426    0.0581425 
13  -12.8153995    0.1029094 
21   -2.0005057   -0.0059419 
23  -12.0606438    0.1095648 
1.............2........3.........4........5.........6........7.........8.......directest= 0.017394632198 (if directest<0 or t<0 we include P0 Pn as new direction), t= -0.000000197106, f1= 1279.295879093313,f2= 1279.290798007437,f3= 1279.308611982131, del= 0.002750214186
f1-2f2+f3= 0.022895060569, f1-f2-del= 0.002330871690, f1-f3= -0.012732888817

Powell iter=57 Big Iter=29 -2*LL=1279.290798007437 gain=0.00508 1 sec. 14 sec.
#model=  1      +     age 
12   -8.7287926    0.0587748 
13  -12.8175831    0.1029709 
21   -2.0238865   -0.0055934 
23  -12.0778293    0.1097761 
1........2........3.........4........5.........6........7.........8..............Gaining to use new average direction of P0 P8 instead of biggest increase direction 2 :

Powell iter=58 Big Iter=30 -2*LL=1279.288164503228 gain=0.00263 0 sec. 14 sec.
#model=  1      +     age 
12   -8.7732394    0.0594093 
13  -12.8297312    0.1030693 
21   -2.0446186   -0.0052892 
23  -12.1057766    0.1101299 
1........2...............3........................4........5..............6........7..........8.......directest= 0.000528496856 (if directest<0 or t<0 we include P0 Pn as new direction), t= -0.000000000021, f1= 1279.288164503228,f2= 1279.288045846883,f3= 1279.288644463300, del= 0.000094387953
f1-2f2+f3= 0.000717272762, f1-f2-del= 0.000024268392, f1-f3= -0.000479960072

Powell iter=59 Big Iter=30 -2*LL=1279.288045846883 gain=0.000119 0 sec. 14 sec.
#model=  1      +     age 
12   -8.7695548    0.0593593 
13  -12.8360209    0.1031395 
21   -2.0414076   -0.0053356 
23  -12.1052448    0.1101246 
1.................2...........3.............4........5..........6.............7..........8................Gaining to use new average direction of P0 P8 instead of biggest increase direction 4 :

Powell iter=60 Big Iter=31 -2*LL=1279.287835851261 gain=0.00021 0 sec. 14 sec.
#model=  1      +     age 
12   -8.7668771    0.0593231 
13  -12.8449534    0.1032608 
21   -2.0379995   -0.0053581 
23  -12.1040808    0.1101083 
1..................2................3.........4........5..........6........7.........8............Gaining to use new average direction of P0 P8 instead of biggest increase direction 3 :

Powell iter=61 Big Iter=31 -2*LL=1279.287593278926 gain=0.000243 0 sec. 14 sec.
#model=  1      +     age 
12   -8.7652284    0.0593026 
13  -12.8543428    0.1033818 
21   -2.0352892   -0.0053879 
23  -12.0971617    0.1100250 
1........2........3......4.......5.........6........7.........8............Gaining to use new average direction of P0 P8 instead of biggest increase direction 8 :

Powell iter=62 Big Iter=32 -2*LL=1279.287334819843 gain=0.000258 1 sec. 15 sec.
#model=  1      +     age 
12   -8.7645512    0.0592982 
13  -12.8579002    0.1034367 
21   -2.0338487   -0.0053868 
23  -12.1043919    0.1101089 
1........2........3.....4..........5.........6.........7..................8...........Gaining to use new average direction of P0 P8 instead of biggest increase direction 8 :

Powell iter=63 Big Iter=32 -2*LL=1279.286113566505 gain=0.00122 0 sec. 15 sec.
#model=  1      +     age 
12   -8.7663986    0.0593314 
13  -12.8496360    0.1033529 
21   -2.0350926   -0.0053239 
23  -12.1304228    0.1104152 
1........2........3......4.......5.........6........7..........8............Gaining to use new average direction of P0 P8 instead of biggest increase direction 3 :

Powell iter=64 Big Iter=33 -2*LL=1279.281698854074 gain=0.00441 0 sec. 15 sec.
#model=  1      +     age 
12   -8.7726046    0.0594049 
13  -12.7983824    0.1027096 
21   -2.0449808   -0.0051430 
23  -12.1805043    0.1110123 
1........2........3.....4......5.........6........7.........8............Gaining to use new average direction of P0 P8 instead of biggest increase direction 8 :

Powell iter=65 Big Iter=33 -2*LL=1279.274947312529 gain=0.00675 1 sec. 16 sec.
#model=  1      +     age 
12   -8.7525930    0.0590629 
13  -12.7801661    0.1024282 
21   -2.0321912   -0.0052699 
23  -12.2106280    0.1113708 
1........2........3......4.......5.........6........7.........8............Gaining to use new average direction of P0 P8 instead of biggest increase direction 8 :

Powell iter=66 Big Iter=34 -2*LL=1279.257044628953 gain=0.0179 1 sec. 17 sec.
#model=  1      +     age 
12   -8.7015983    0.0582013 
13  -12.8046879    0.1026046 
21   -1.9889832   -0.0058771 
23  -12.2045257    0.1112961 
1........2.......3......4......5..........6........7.........8............Gaining to use new average direction of P0 P8 instead of biggest increase direction 8 :

Powell iter=67 Big Iter=34 -2*LL=1279.194632665531 gain=0.0624 1 sec. 18 sec.
#model=  1      +     age 
12   -8.6234011    0.0569001 
13  -12.9136295    0.1037779 
21   -1.8968388   -0.0072771 
23  -12.1101963    0.1101679 
1........2......3......4......5...........6........7.........8............Gaining to use new average direction of P0 P8 instead of biggest increase direction 8 :

Powell iter=68 Big Iter=35 -2*LL=1278.873726633912 gain=0.321 2 sec. 20 sec.
#model=  1      +     age 
12   -8.5052212    0.0549566 
13  -13.1760672    0.1067264 
21   -1.6351389   -0.0111468 
23  -11.8309133    0.1068432 
1........2......3.....4.......5.........6........7..........8............Gaining to use new average direction of P0 P8 instead of biggest increase direction 8 :

Powell iter=69 Big Iter=35 -2*LL=1277.471875982894 gain=1.4 0 sec. 20 sec.
#model=  1      +     age 
12   -8.5619952    0.0557890 
13  -13.4897406    0.1102391 
21   -0.9703589   -0.0205031 
23  -11.2766252    0.1003246 
1........2.......3......4.......5.........6........7...........8......
Powell iter=70 Big Iter=36 -2*LL=1275.454879911166 gain=2.02 1 sec. 21 sec.
#model=  1      +     age 
12   -9.0204835    0.0629290 
13  -12.9659844    0.1038963 
21   -0.8503352   -0.0217529 
23  -11.4704642    0.1027722 
1........2......3......4......5.........6........7..........8.............Gaining to use new average direction of P0 P8 instead of biggest increase direction 1 :

Powell iter=71 Big Iter=36 -2*LL=1273.803848656726 gain=1.65 0 sec. 21 sec.
#model=  1      +     age 
12   -9.8077099    0.0741376 
13  -11.5290549    0.0851714 
21   -0.6141096   -0.0251588 
23  -12.0194747    0.1096427 
1.......2.......3......4......5.........6........7..........8........directest= 0.930435007878 (if directest<0 or t<0 we include P0 Pn as new direction), t= -0.014667981483, f1= 1273.803848656726,f2= 1273.720515130695,f3= 1274.627503413073, del= 0.029943400265
f1-2f2+f3= 0.990321808408, f1-f2-del= 0.053390125765, f1-f3= -0.823654756347

Powell iter=72 Big Iter=37 -2*LL=1273.720515130695 gain=0.0833 1 sec. 22 sec.
#model=  1      +     age 
12   -9.7648215    0.0732618 
13  -11.3661624    0.0826334 
21   -0.5610469   -0.0261233 
23  -11.9880684    0.1093067 
1.......2........3......4......5.........6........7.........8..........
Powell iter=73 Big Iter=37 -2*LL=1273.717120222489 gain=0.00339 0 sec. 22 sec.
#model=  1      +     age 
12   -9.7510677    0.0730439 
13  -11.3208606    0.0819752 
21   -0.5699014   -0.0260185 
23  -12.0045328    0.1095132 
1............2........3......4........5.........6........7.........8...........
Powell iter=74 Big Iter=38 -2*LL=1273.716935560395 gain=0.000185 0 sec. 22 sec.
#model=  1      +     age 
12   -9.7484014    0.0730021 
13  -11.3133030    0.0818588 
21   -0.5693878   -0.0260258 
23  -12.0120191    0.1096048 
1........2........3........4...........5.........6........7............8............
Powell iter=75 Big Iter=38 -2*LL=1273.716911942321 gain=2.36e-005 1 sec. 23 sec.
#model=  1      +     age 
12   -9.7478321    0.0729915 
13  -11.3115306    0.0818289 
21   -0.5683391   -0.0260411 
23  -12.0141797    0.1096313 
1.......2..........3...................4.................5...............6.........7..............8..........................
Powell iter=76 Big Iter=39 -2*LL=1273.716909121383 gain=2.82e-006 1 sec. 24 sec.
#model=  1      +     age 
12   -9.7476544    0.0729879 
13  -11.3108628    0.0818177 
21   -0.5679943   -0.0260464 
23  -12.0148012    0.1096389 
1...............2..............3...............4...............5..............6................7...............8..........
Powell iter=77 Big Iter=39 -2*LL=1273.716908828530 gain=2.93e-007 0 sec. 24 sec.
#model=  1      +     age 
12   -9.7475895    0.0729867 
13  -11.3106185    0.0818137 
21   -0.5679051   -0.0260479 
23  -12.0149988    0.1096414 
1...................2.................3...............4................5................6....................7....................8............
Powell iter=78 Big Iter=40 -2*LL=1273.716908799462 gain=2.91e-008 1 sec. 25 sec.
#model=  1      +     age 
12   -9.7475672    0.0729863 
13  -11.3105389    0.0818125 
21   -0.5678794   -0.0260483 
23  -12.0150635    0.1096422 
1...............2...................3......................4..................5.................6...................7................8....................
Powell iter=79 Big Iter=40 -2*LL=1273.716908796442 gain=3.02e-009 0 sec. 25 sec.
#model=  1      +     age 
12   -9.7475605    0.0729862 
13  -11.3105139    0.0818121 
21   -0.5678705   -0.0260484 
23  -12.0150859    0.1096425 
1...................2......................3............................4..........................5..................6..................7.............8........................
Powell iter=80 Big Iter=41 -2*LL=1273.716908796119 gain=3.23e-010 1 sec. 26 sec.
#model=  1      +     age 
12   -9.7475582    0.0729861 
13  -11.3105068    0.0818119 
21   -0.5678676   -0.0260484 
23  -12.0150928    0.1096425 
1..............2.........................3...............................4.........................5..................6...................7...................8.........................
Powell iter=81 Big Iter=41 -2*LL=1273.716908796078 gain=4.14e-011 1 sec. 27 sec.
#model=  1      +     age 
12   -9.7475574    0.0729861 
13  -11.3105040    0.0818119 
21   -0.5678667   -0.0260485 
23  -12.0150950    0.1096426 
1....................2..........................3............................4......................................5................................6........................7......................8.......................
Powell iter=82 Big Iter=42 -2*LL=1273.716908796073 gain=4.32e-012 1 sec. 28 sec.
#model=  1      +     age 
12   -9.7475571    0.0729861 
13  -11.3105029    0.0818119 
21   -0.5678664   -0.0260485 
23  -12.0150960    0.1096426 
1........................2...........................3..............................4............................5..........................6........................7......................8.......................
#Number of iterations & function calls = 82 & 9791, -2 Log likelihood = 1273.716908796073
# Parameters nlstate*nlstate*ncov a12*1 + b12 * age + ...
#model=  1      +     age 
12   -9.7475571    0.0729861 
13  -11.3105029    0.0818119 
21   -0.5678664   -0.0260485 
23  -12.0150960    0.1096426 

Calculation of the hessian matrix. Wait...
1-2-3-4-5-6-7-8-.1-2.1-3.1-4.1-5.1-6.1-7.1-8.2-3.2-4.2-5.2-6.2-7.2-8.3-4.3-5.3-6.3-7.3-8.4-5.4-6.4-7.4-8.5-6.5-7.5-8.6-7.6-8.7-8

Inverting the hessian to get the covariance matrix. Wait...

#Hessian matrix#
5.173244e+001 3.748916e+003 4.135076e+000 3.405174e+002 -1.654413e+001 -1.195119e+003 -3.348279e+000 -2.751894e+002 
3.748916e+003 2.766923e+005 3.377344e+002 2.804280e+004 -1.193632e+003 -8.809280e+004 -2.748965e+002 -2.280677e+004 
4.135076e+000 3.377344e+002 2.603736e+001 1.870625e+003 -2.626522e+000 -2.157223e+002 5.325954e+000 4.341848e+002 
3.405174e+002 2.804280e+004 1.870625e+003 1.368626e+005 -2.172347e+002 -1.796695e+004 4.338069e+002 3.569161e+004 
-1.654413e+001 -1.193632e+003 -2.626522e+000 -2.172347e+002 5.816941e+001 4.010259e+003 -8.790642e-001 -7.659735e+001 
-1.195119e+003 -8.809280e+004 -2.157223e+002 -1.796695e+004 4.010259e+003 2.840163e+005 -7.582157e+001 -6.751750e+003 
-3.348279e+000 -2.748965e+002 5.325954e+000 4.338069e+002 -8.790642e-001 -7.582157e+001 2.935230e+001 2.480596e+003 
-2.751894e+002 -2.280677e+004 4.341848e+002 3.569161e+004 -7.659735e+001 -6.751750e+003 2.480596e+003 2.116913e+005 
Parameters, Wald tests and Wald-based confidence intervals
 W is simply the result of the division of the parameter by the square root of covariance of the parameter.
 And Wald-based confidence intervals plus and minus 1.96 * W 
  It might be better to visualize the covariance matrix. See the page 'Matrix of variance-covariance of one-step probabilities' and its graphs.
12   -9.7475571(   1.1074806) W=  -8.802 CI=[ -11.9182191 ;   -7.5768951]    0.0729861(   0.0152910) W=   4.773 CI=[   0.0430157 ;    0.1029565] 
13  -11.3105029(   1.5284779) W=  -7.400 CI=[ -14.3063197 ;   -8.3146862]    0.0818119(   0.0213198) W=   3.837 CI=[   0.0400251 ;    0.1235986] 
21   -0.5678664(   0.8476017) W=  -0.670 CI=[  -2.2291657 ;    1.0934329]   -0.0260485(   0.0121941) W=  -2.136 CI=[  -0.0499489 ;   -0.0021480] 
23  -12.0150960(   1.8897476) W=  -6.358 CI=[ -15.7190014 ;   -8.3111906]    0.1096426(   0.0222612) W=   4.925 CI=[   0.0660106 ;    0.1532746] 
# Scales (for hessian or gradient estimation)
12 1.00000e-003 1.00000e-005
13 1.00000e-003 2.00000e-005
21 1.00000e-003 1.00000e-005
23 1.00000e-003 2.00000e-005
# Covariance matrix 
# 121 Var(a12)
# 122 Cov(b12,a12) Var(b12)
#   ...
# 232 Cov(b23,a12)  Cov(b23,b12) ... Var (b23)
#121 Var(a12)
#122 Cov(b12,a12) Var(b12)
#131 Cov(a13,a12) Cov(a13,b12) Var(a13)
#132 Cov(b13,a12) Cov(b13,b12) Cov(b13,a13) Var(b13)
#211 Cov(a21,a12) Cov(a21,b12) Cov(a21,a13) Cov(a21,b13) Var(a21)
#212 Cov(b21,a12) Cov(b21,b12) Cov(b21,a13) Cov(b21,b13) Cov(b21,a21) Var(b21)
#231 Cov(a23,a12) Cov(a23,b12) Cov(a23,a13) Cov(a23,b13) Cov(a23,a21) Cov(a23,b21) Var(a23)
#232 Cov(b23,a12) Cov(b23,b12) Cov(b23,a13) Cov(b23,b13) Cov(b23,a21) Cov(b23,b21) Cov(b23,a23) Var(b23)
121 1.2265133e+000
122 -1.67800e-002 2.3381549e-004
131 -2.75933e-001 4.17166e-003 2.3362448e+000
132 4.17233e-003 -6.33919e-005 -3.22959e-002 4.5453217e-004
211 2.65863e-001 -3.74143e-003 3.88603e-002 -6.08315e-004 7.1842861e-001
212 -3.75331e-003 5.40559e-005 -6.64728e-004 1.04045e-005 -1.01982e-002 1.4869608e-004
231 1.10609e-001 -1.41038e-003 -1.90518e-001 2.18406e-003 8.70512e-002 -1.24900e-003 3.5711462e+000
232 -1.67054e-003 2.24061e-005 2.96954e-003 -3.72821e-005 -1.11999e-003 1.62421e-005 -4.18406e-002 4.9556192e-004
# agemin agemax for life expectancy, bage fage (if mle==0 ie no data nor Max likelihood).
# Observed prevalence period
begin-prev-date=1/1/2013 end-prev-date=1/9/2018 mov_average=0
# Health expectancies computed from stable (period) prevalence (pop_based=0) or population based (1)
pop_based=0
# Prevalence forecasting and backcasting is skept here
##prevforecast=0  starting-proj-date=1/1/1989 final-proj-date=1/1/1990 mobil_average=0
#prevforecast=1 yearsfproj=10 mobil_average=0
#prevbackcast=1 yearsbproj=10 mobil_average=1
End of resultlines.

Computing forward period (stable) prevalence: result on file 'PL_FRM.txt' 
Computing pij: result on file 'PIJ_FRM.txt' 
Computing standard deviation of one-step probabilities: result on file 'PROB_rFRM.txt' 
Computing matrix of variance covariance of one-step probabilities: result on file 'PROBCOV_FRM.txt' 
and correlation matrix of one-step probabilities: result on file 'PROBCOR_FRM.txt' 
Prevalence combination of varying and fixed dummies 1
Warning Observed prevalence doesn't sum to 1 for state 2: probs[50][2][1]=0.000000 because of lack of cases.
Warning Observed prevalence doesn't sum to 1 for state 1: probs[96][1][1]=0.000000 because of lack of cases.
Warning Observed prevalence doesn't sum to 1 for state 2: probs[96][2][1]=0.000000 because of lack of cases.
Warning Observed prevalence doesn't sum to 1 for state 1: probs[98][1][1]=0.000000 because of lack of cases.
Warning Observed prevalence doesn't sum to 1 for state 2: probs[98][2][1]=0.000000 because of lack of cases.
Warning Observed prevalence doesn't sum to 1 for state 1: probs[99][1][1]=0.000000 because of lack of cases.
Warning Observed prevalence doesn't sum to 1 for state 2: probs[99][2][1]=0.000000 because of lack of cases.
Warning Observed prevalence doesn't sum to 1 for state 1: probs[100][1][1]=0.000000 because of lack of cases.
Warning Observed prevalence doesn't sum to 1 for state 2: probs[100][2][1]=0.000000 because of lack of cases.
Computing Health Expectancies: result on file 'E_FRM.txt' ...done evsij
Computing Total Life expectancies with their standard errors: file 'T_FRM.txt' ...
  Computing State-specific Expectancies and standard errors: result on file 'STDE_FRM.txt' 
    Computing Covar. of State-specific Expectancies: result on file 'CVE_FRM.txt' 
      Computing Variance-covariance of State-specific Expectancies: file 'V_FRM.txt' ... done State-specific expectancies
Computing Variance-covariance of forward period (stable) prevalence: file 'VPL_FRM.txt' ...done variance-covariance of forward period prevalence
End of Imach with 0 errors and/or warnings 1. Please look at the log file for details.
Local time at start Sat May 25 22:26:15 2024

Local time at end   Sat May 25 22:26:45 2024

Total time used 0 day(s) 0 hour(s) 0 minute(s) 30 second(s)
Total time was 30 Sec.
