Log filename:FRMsr.log
Version 0.99r45 $Revision: 1.353 $ $Date: 2023/05/08 18:48:22 $
Enter the parameter file name: 
pathimach=C:\PROGRA~1\IMACH-~2.99R\bin\
pathtot=C:\Users\mmusz\Dropbox\gender_paradox\data\IMACH\FRMsr.txt
 path=C:\Users\mmusz\Dropbox\gender_paradox\data\IMACH\ 
 optionfile=FRMsr.txt
 optionfilext=txt
 optionfilefiname='FRMsr'
Compiled with: Microsoft Visual Studio for Windows (x64 and x86)  64-bit
The programm is not running under WOW64 (i.e probably on a 64bit Windows).
Local time (at start): Mon May 27 21:41:28 2024
title=sr datafile=dataFRMsr.txt lastobs=15000 firstpass=1 lastpass=2
ftol=1.000000e-018 stepm=3 ncovcol=0 nqv=0 ntv=0 nqtv=0 nlstate=2 ndeath=1 maxwav=2 mle=1 weight=1
model=1+age+
# Parameters nlstate*nlstate*ncov a12*1 + b12 * age + ...
12 1.408534 -0.001422
13 -11.466393 0.126049
21 15.522537 0.244646
23 3.326393 0.367366
# Scales (for hessian or gradient estimation)
12 0.000000e+000 0.000000e+000
13 0.000000e+000 0.000000e+000
21 0.000000e+000 0.000000e+000
23 0.000000e+000 0.000000e+000
# Covariance matrix
121 0.00000e+000
122 0.00000e+000 0.00000e+000
131 0.00000e+000 0.00000e+000 0.00000e+000
132 0.00000e+000 0.00000e+000 0.00000e+000 0.00000e+000
211 0.00000e+000 0.00000e+000 0.00000e+000 0.00000e+000 0.00000e+000
212 0.00000e+000 0.00000e+000 0.00000e+000 0.00000e+000 0.00000e+000 0.00000e+000
231 0.00000e+000 0.00000e+000 0.00000e+000 0.00000e+000 0.00000e+000 0.00000e+000 0.00000e+000
232 0.00000e+000 0.00000e+000 0.00000e+000 0.00000e+000 0.00000e+000 0.00000e+000 0.00000e+000 0.00000e+000

Model=1+age+
Typevar: 0 for simple covariate (dummy, quantitative, fixed or varying), 1 for age product, 2 for  product, 3 for double product with age  
Fixed[k] 0=fixed (product or simple), 1 varying, 2 fixed with age product, 3 varying with age product 
Dummy[k] 0=dummy (0 1), 1 quantitative (single or product without age), 2 dummy with age product, 3 quant with age product
ncoveff=0, nqfveff=0, ntveff=0, nqtveff=0, cptcovn=0
ncovf=0, ncovv=0, ncova=0, nsd=0, nsq=0
Warning: The value of parameter lastobs=15000 is big compared to the 
  effective number of cases imx=1251, please adjust, 
  otherwise you are allocating more memory than necessary.
Total number of individuals= 1251, Agemin = 51.08, Agemax= 97.00

Information, you have to check 0 informations which haven't been logged!
Delay (in months) between two waves Min=1 (for indiviudal 1160) Max=33 (734) Mean=24.318655

 Age 51 1.=2 loss[1]=0.0% 2.=1 loss[2]=0.0% 1.=2 prev[1]=70.6% 2.=1 prev[2]=29.4% 11=2 21=0 22=1
Age 52 1.=2 loss[1]=0.0% 2.=1 loss[2]=0.0% 1.=2 prev[1]=65.6% 2.=1 prev[2]=34.4% 11=1 12=1 21=0 22=1
Age 53 1.=2 loss[1]=0.0% 2.=0 loss[2]=0.0% 1.=2 prev[1]=84.2% 2.=0 prev[2]=15.8% 11=1 12=0 21=0 22=0
Age 54 1.=2 loss[1]=0.0% 2.=1 loss[2]=0.0% 1.=2 prev[1]=69.9% 2.=1 prev[2]=30.1% 11=2 12=0 21=0 22=1
Age 55 1.=2 loss[1]=0.0% 2.=0 loss[2]=0.0% 1.=2 prev[1]=82.2% 2.=0 prev[2]=17.8% 11=1 12=1 13=0 21=0 22=0 23=0
Age 56 1.=3 loss[1]=0.0% 2.=1 loss[2]=0.0% 1.=3 prev[1]=78.5% 2.=1 prev[2]=21.5% 11=3 12=0 13=0 21=0 22=1
Age 57 1.=2 loss[1]=0.0% 2.=0 loss[2]=0.0% 1.=2 prev[1]=82.5% 2.=0 prev[2]=17.5% 11=1 12=1 21=0 22=0
Age 58 1.=1 loss[1]=0.0% 2.=0 loss[2]=0.0% 1.=1 prev[1]=78.6% 2.=0 prev[2]=21.4% 11=1 12=0 21=0 22=0
Age 59 1.=2 loss[1]=0.0% 2.=0 loss[2]=0.0% 1.=2 prev[1]=82.8% 2.=0 prev[2]=17.2% 11=2 12=0 21=0 22=0 23=0
Age 60 1.=2 loss[1]=0.0% 2.=1 loss[2]=0.0% 1.=2 prev[1]=71.3% 2.=1 prev[2]=28.7% 11=2 12=0 21=0 22=1
Age 61 1.=2 loss[1]=0.0% 2.=1 loss[2]=0.0% 1.=2 prev[1]=67.7% 2.=1 prev[2]=32.3% 11=2 12=0 13=0 21=0 22=1 23=0
Age 62 1.=3 loss[1]=0.0% 2.=1 loss[2]=0.0% 1.=3 prev[1]=75.5% 2.=1 prev[2]=24.5% 11=2 12=0 21=0 22=0 23=0
Age 63 1.=2 loss[1]=0.0% 2.=1 loss[2]=0.0% 1.=2 prev[1]=66.8% 2.=1 prev[2]=33.2% 11=2 12=0 21=0 22=1
Age 64 1.=3 loss[1]=0.0% 2.=1 loss[2]=0.0% 1.=3 prev[1]=75.9% 2.=1 prev[2]=24.1% 11=2 12=0 21=0 22=1 23=0
Age 65 1.=2 loss[1]=0.0% 2.=1 loss[2]=0.0% 1.=2 prev[1]=71.3% 2.=1 prev[2]=28.7% 11=2 12=0 21=0 22=1
Age 66 1.=2 loss[1]=0.0% 2.=1 loss[2]=0.0% 1.=2 prev[1]=72.4% 2.=1 prev[2]=27.6% 11=2 12=0 21=0 22=0 23=0
Age 67 1.=2 loss[1]=0.0% 2.=1 loss[2]=0.0% 1.=2 prev[1]=62.7% 2.=1 prev[2]=37.3% 11=2 12=0 13=0 21=0 22=1
Age 68 1.=2 loss[1]=0.0% 2.=0 loss[2]=0.0% 1.=2 prev[1]=83.4% 2.=0 prev[2]=16.6% 11=2 12=0 21=0 22=0 23=0
Age 69 1.=1 loss[1]=0.0% 2.=0 loss[2]=0.0% 1.=1 prev[1]=73.9% 2.=0 prev[2]=26.1% 11=1 12=0 21=0 22=0
Age 70 1.=1 loss[1]=0.0% 2.=0 loss[2]=0.0% 1.=1 prev[1]=77.3% 2.=0 prev[2]=22.7% 11=1 12=0 21=0 22=0 23=0
Age 71 1.=1 loss[1]=0.0% 2.=1 loss[2]=0.0% 1.=1 prev[1]=67.8% 2.=1 prev[2]=32.2% 11=1 12=0 21=0 22=0 23=0
Age 72 1.=1 loss[1]=0.0% 2.=1 loss[2]=0.0% 1.=1 prev[1]=47.9% 2.=1 prev[2]=52.1% 11=1 12=0 21=0 22=1 23=0
Age 73 1.=1 loss[1]=0.0% 2.=1 loss[2]=0.0% 1.=1 prev[1]=49.6% 2.=1 prev[2]=50.4% 11=1 12=0 21=0 22=0
Age 74 1.=1 loss[1]=0.0% 2.=0 loss[2]=0.0% 1.=1 prev[1]=70.7% 2.=0 prev[2]=29.3% 11=1 12=0 13=0 21=0 22=0 23=0
Age 75 1.=1 loss[1]=0.0% 2.=1 loss[2]=0.0% 1.=1 prev[1]=61.2% 2.=1 prev[2]=38.8% 11=1 12=0 13=0 21=0 22=0 23=0
Age 76 1.=1 loss[1]=0.0% 2.=1 loss[2]=0.0% 1.=1 prev[1]=62.5% 2.=1 prev[2]=37.5% 11=1 12=0 21=0 22=0 23=0
Age 77 1.=1 loss[1]=0.0% 2.=1 loss[2]=0.0% 1.=1 prev[1]=64.0% 2.=1 prev[2]=36.0% 11=1 12=0 21=0 22=0 23=0
Age 78 1.=1 loss[1]=0.0% 2.=1 loss[2]=0.0% 1.=1 prev[1]=52.0% 2.=1 prev[2]=48.0% 11=0 12=0 13=0 22=0 23=0
Age 79 1.=1 loss[1]=0.0% 2.=1 loss[2]=0.0% 1.=1 prev[1]=59.6% 2.=1 prev[2]=40.4% 11=0 12=0 13=0 21=0 22=0 23=0
Age 80 1.=0 loss[1]=0.0% 2.=1 loss[2]=0.0% 1.=0 prev[1]=41.3% 2.=1 prev[2]=58.7% 11=0 12=0 21=0 22=0
Age 81 1.=0 loss[1]=0.0% 2.=1 loss[2]=0.0% 1.=0 prev[1]=44.0% 2.=1 prev[2]=56.0% 11=0 12=0 13=0 21=0 22=0 23=0
Age 82 1.=1 loss[1]=0.0% 2.=1 loss[2]=0.0% 1.=1 prev[1]=52.7% 2.=1 prev[2]=47.3% 11=0 12=0 13=0 21=0 22=0 23=0
Age 83 1.=0 loss[1]=0.0% 2.=1 loss[2]=0.0% 1.=0 prev[1]=36.8% 2.=1 prev[2]=63.2% 11=0 12=0 21=0 22=0 23=0
Age 84 1.=0 loss[1]=0.0% 2.=0 loss[2]=0.0% 1.=0 prev[1]=46.6% 2.=0 prev[2]=53.4% 11=0 12=0 13=0 21=0 22=0 23=0
Age 85 1.=0 loss[1]=0.0% 2.=0 loss[2]=0.0% 1.=0 prev[1]=33.3% 2.=0 prev[2]=66.7% 11=0 22=0 23=0
Age 86 1.=0 loss[1]=0.0% 2.=0 loss[2]=0.0% 1.=0 prev[1]=55.4% 2.=0 prev[2]=44.6% 11=0 12=0 22=0
Age 87 1.=0 loss[1]=0.0% 2.=1 loss[2]=0.0% 1.=0 prev[1]=16.9% 2.=1 prev[2]=83.1% 11=0 21=0 22=0 23=1
Age 88 1.=0 loss[1]=0.0% 2.=0 loss[2]=0.0% 1.=0 prev[1]=31.2% 2.=0 prev[2]=68.8% 12=0 22=0 23=0
Age 89 1.=0 loss[1]=0.0% 2.=0 loss[2]=0.0% 1.=0 prev[1]=24.7% 2.=0 prev[2]=75.3% 11=0 22=0 23=0
Age 90 1.=0 loss[1]=NaNQ% 2.=0 loss[2]=0.0% 1.=0 prev[1]=0.0% 2.=0 prev[2]=100.0% 22=0 23=0
Age 91 1.=0 loss[1]=0.0% 2.=0 loss[2]=0.0% 1.=0 prev[1]=40.9% 2.=0 prev[2]=59.1% 12=0 22=0 23=0
Age 92 1.=0 loss[1]=0.0% 2.=0 loss[2]=0.0% 1.=0 prev[1]=46.0% 2.=0 prev[2]=54.0% 12=0 23=0
Age 93 1.=0 loss[1]=0.0% 2.=0 loss[2]=NaNQ% 1.=0 prev[1]=100.0% 2.=0 prev[2]=0.0% 11=0
Age 94 1.=0 loss[1]=0.0% 2.=0 loss[2]=0.0% 1.=0 prev[1]=15.7% 2.=0 prev[2]=84.3% 13=0 21=0 22=0
Age 95 1.=0 loss[1]=NaNQ% 2.=0 loss[2]=0.0% 1.=0 prev[1]=0.0% 2.=0 prev[2]=100.0% 23=0
Age 96 1.=0 loss[1]=NaNQ% 2.=0 loss[2]=NaNQ% 1.=0 prev[1]=NaNQ% 2.=0 prev[2]=NaNQ%
Age 97 1.=0 loss[1]=NaNQ% 2.=0 loss[2]=0.0% 1.=0 prev[1]=0.0% 2.=0 prev[2]=100.0% 23=0
1 1.=0 loss[1]=NaNQ% 2.=0 loss[2]=NaNQ% 1.=0 prev[1]=NaNQ% 2.=0 prev[2]=NaNQ%
0 1.=0 loss[1]=NaNQ% 2.=0 loss[2]=NaNQ% 1.=0 prev[1]=NaNQ% 2.=0 prev[2]=NaNQ%
Total 1.=52 loss[1]=0.0% 2.=25 loss[2]=0.0% 1.=52 prev[1]=67.5% 2.=25 prev[2]=32.5% 11=42 12=9 13=1 21=5 22=16 23=4


12    1.4085339 ln(9/42)=   -1.5203470 
13  -11.4663929 ln(1/42)=   -4.0986090 
21   15.5225369 ln(5/16)=   -1.0762277 
23    3.3263931 ln(4/16)=   -1.4820987 

 -1-1=0 -10=0 -11=0 -12=0 -13=0 0-1=0 00=0 01=0 02=0 03=0 1-1=0 10=0 11=42 12=9 13=1 2-1=0 20=0 21=5 22=16 23=4 3-1=0 30=0 31=0 32=0 33=0
Powell

Powell iter=1 Big Iter=1 -2*LL=2515.205512209348 gain=0 0 sec. 1 sec.
#model=  1      +     age 
12    1.4085339   -0.0014217 
13  -11.4663929    0.1260485 
21   15.5225369    0.2446457 
23    3.3263931    0.3673659 
1........2............3......4............5.........6...........7..........8...................
Powell iter=2 Big Iter=2 -2*LL=2303.613423517795 gain=212 1 sec. 2 sec.
#model=  1      +     age 
12    2.0616678   -0.0002902 
13  -13.0533072    0.1261398 
21   16.9147699    0.2448387 
23    3.3415372    0.3671771 

Considering the time needed for this last iteration #2: 1 seconds,
   - if your program needs 1 BIG iterations  (2 iterations) to converge, convergence will be 
   reached in 0 day(s) 0 hour(s) 0 minute(s) 0 second(s) i.e.
   on Mon May 27 21:41:30 2024 (current time is Mon May 27 21:41:30 2024);
   - if your program needs 11 BIG iterations  (22 iterations) to converge, convergence will be 
   reached in 0 day(s) 0 hour(s) 0 minute(s) 20 second(s) i.e.
   on Mon May 27 21:41:50 2024 (current time is Mon May 27 21:41:30 2024);
   - if your program needs 21 BIG iterations  (42 iterations) to converge, convergence will be 
   reached in 0 day(s) 0 hour(s) 0 minute(s) 40 second(s) i.e.
   on Mon May 27 21:42:10 2024 (current time is Mon May 27 21:41:30 2024);
   - if your program needs 31 BIG iterations  (62 iterations) to converge, convergence will be 
   reached in 0 day(s) 0 hour(s) 1 minute(s) 0 second(s) i.e.
   on Mon May 27 21:42:30 2024 (current time is Mon May 27 21:41:30 2024);
1.........2.............3..........4............5.........6..........7..........8............................Gaining to use new average direction of P0 P8 instead of biggest increase direction 1 :

Powell iter=3 Big Iter=2 -2*LL=2243.048640585995 gain=60.6 0 sec. 2 sec.
#model=  1      +     age 
12   -0.1342645    0.0044495 
13  -13.5185542    0.1262886 
21   16.9751273    0.2451331 
23    3.3649317    0.3668865 

Considering the time needed for this last iteration #3: 0 seconds,
   - if your program needs 1 BIG iterations  (2 iterations) to converge, convergence will be 
   reached in 0 day(s) 0 hour(s) 0 minute(s) 0 second(s) i.e.
   on Mon May 27 21:41:30 2024 (current time is Mon May 27 21:41:30 2024);
   - if your program needs 11 BIG iterations  (22 iterations) to converge, convergence will be 
   reached in 0 day(s) 0 hour(s) 0 minute(s) 0 second(s) i.e.
   on Mon May 27 21:41:30 2024 (current time is Mon May 27 21:41:30 2024);
   - if your program needs 21 BIG iterations  (42 iterations) to converge, convergence will be 
   reached in 0 day(s) 0 hour(s) 0 minute(s) 0 second(s) i.e.
   on Mon May 27 21:41:30 2024 (current time is Mon May 27 21:41:30 2024);
   - if your program needs 31 BIG iterations  (62 iterations) to converge, convergence will be 
   reached in 0 day(s) 0 hour(s) 0 minute(s) 0 second(s) i.e.
   on Mon May 27 21:41:30 2024 (current time is Mon May 27 21:41:30 2024);
1...................2.............3..........4............5...........6...........7..........8.........directest= 18.481945998367 (if directest<0 or t<0 we include P0 Pn as new direction), t= -212.576364657059, f1= 2243.048640585995,f2= 2240.873834756919,f3= 2259.223546638886, del= 1.021285856338
f1-2f2+f3= 20.524517711043, f1-f2-del= 1.153519972738, f1-f3= -16.174906052891

Powell iter=4 Big Iter=3 -2*LL=2240.873834756919 gain=2.17 0 sec. 2 sec.
#model=  1      +     age 
12   -0.3159816    0.0069184 
13  -13.5867313    0.1263832 
21   16.9073831    0.2453422 
23    3.3815852    0.3665205 
1..................2.............3............4............5...........6...........7..........8................Gaining to use new average direction of P0 P8 instead of biggest increase direction 2 :

Powell iter=5 Big Iter=3 -2*LL=2227.469937952973 gain=13.4 1 sec. 3 sec.
#model=  1      +     age 
12   -2.7384491    0.0409496 
13  -14.0901381    0.1281460 
21   16.3304076    0.2482164 
23    3.6104890    0.3626071 
1..................2.........3...........4............5.........6..........7..........8........directest= 12.281985446140 (if directest<0 or t<0 we include P0 Pn as new direction), t= -7.137914472124, f1= 2227.469937952973,f2= 2224.443507266462,f3= 2236.247790891448, del= 1.274364432678
f1-2f2+f3= 14.830714311496, f1-f2-del= 1.752066253832, f1-f3= -8.777852938476

Powell iter=6 Big Iter=4 -2*LL=2224.443507266462 gain=3.03 0 sec. 3 sec.
#model=  1      +     age 
12   -3.0879180    0.0471240 
13  -13.8544266    0.1289550 
21   16.3740812    0.2487013 
23    3.6490968    0.3613014 
1..................2.........3.........4.............5..........6..........7..........8................Gaining to use new average direction of P0 P8 instead of biggest increase direction 3 :

Powell iter=7 Big Iter=4 -2*LL=2222.561227148146 gain=1.88 1 sec. 4 sec.
#model=  1      +     age 
12   -3.6516313    0.0571018 
13  -13.5680036    0.1309129 
21   16.4542075    0.2493559 
23    3.7012024    0.3599923 
1...................2.........3........4............5.........6..........7..........8.........directest= 0.719920529857 (if directest<0 or t<0 we include P0 Pn as new direction), t= -0.004104779394, f1= 2222.561227148146,f2= 2222.436452912667,f3= 2223.122470679380, del= 0.045435736168
f1-2f2+f3= 0.810792002193, f1-f2-del= 0.079338499311, f1-f3= -0.561243531235

Powell iter=8 Big Iter=5 -2*LL=2222.436452912667 gain=0.125 0 sec. 4 sec.
#model=  1      +     age 
12   -3.6529662    0.0573980 
13  -13.5942390    0.1312965 
21   16.4599103    0.2492506 
23    3.6928054    0.3601407 
1..................2.........3........4............5.........6..........7..........8...............Gaining to use new average direction of P0 P8 instead of biggest increase direction 4 :

Powell iter=9 Big Iter=5 -2*LL=2219.360013740035 gain=3.08 0 sec. 4 sec.
#model=  1      +     age 
12   -4.1779651    0.0673642 
13  -15.6134277    0.1614150 
21   17.3340265    0.2404359 
23    2.9896807    0.3694490 
1..................2.........3........4.........5..........6..........7..........8........directest= 3.313511761927 (if directest<0 or t<0 we include P0 Pn as new direction), t= -0.882970529000, f1= 2219.360013740035,f2= 2219.050567290267,f3= 2222.311203658621, del= 0.128285528097
f1-2f2+f3= 3.570082818122, f1-f2-del= 0.181160921670, f1-f3= -2.951189918586

Powell iter=10 Big Iter=6 -2*LL=2219.050567290267 gain=0.309 0 sec. 4 sec.
#model=  1      +     age 
12   -4.4495927    0.0706866 
13  -15.8806411    0.1646241 
21   17.3666006    0.2399632 
23    2.9525494    0.3697578 
1..................2.........3........4.........5..........6...........7..........8................Gaining to use new average direction of P0 P8 instead of biggest increase direction 1 :

Powell iter=11 Big Iter=6 -2*LL=2218.726033266213 gain=0.325 1 sec. 5 sec.
#model=  1      +     age 
12   -4.6457213    0.0738975 
13  -16.3868717    0.1701246 
21   17.1535339    0.2419630 
23    3.1211742    0.3674773 
1........2.........3........4........5..........6...........7..........8...............Gaining to use new average direction of P0 P8 instead of biggest increase direction 8 :

Powell iter=12 Big Iter=7 -2*LL=2218.007381980674 gain=0.719 0 sec. 5 sec.
#model=  1      +     age 
12   -4.8632118    0.0780288 
13  -17.5298949    0.1843759 
21   16.6904380    0.2473453 
23    3.5754069    0.3619907 
1........2.........3........4........5..........6...........7..........8................Gaining to use new average direction of P0 P8 instead of biggest increase direction 3 :

Powell iter=13 Big Iter=7 -2*LL=2215.946423334145 gain=2.06 1 sec. 6 sec.
#model=  1      +     age 
12   -5.0315902    0.0816991 
13  -19.7437140    0.2129466 
21   15.6574768    0.2600363 
23    4.6430954    0.3492244 
1........2.........3.........4........5.........6...........7..........8.........
Powell iter=14 Big Iter=8 -2*LL=2214.995462290956 gain=0.951 0 sec. 6 sec.
#model=  1      +     age 
12   -5.2509619    0.0837224 
13  -20.3577164    0.2208744 
21   15.4601431    0.2632330 
23    4.9116973    0.3461176 
1........2.........3........4........5.........6..........7..........8.............Gaining to use new average direction of P0 P8 instead of biggest increase direction 8 :

Powell iter=15 Big Iter=8 -2*LL=2214.563184002395 gain=0.432 0 sec. 6 sec.
#model=  1      +     age 
12   -5.1129025    0.0807423 
13  -21.0701902    0.2290448 
21   15.3033621    0.2665759 
23    5.1928134    0.3434127 
1........2.........3........4........5..........6..........7..........8.......
Powell iter=16 Big Iter=9 -2*LL=2214.412010374244 gain=0.151 0 sec. 6 sec.
#model=  1      +     age 
12   -4.9474782    0.0784220 
13  -20.8807640    0.2265427 
21   15.3925211    0.2658138 
23    5.1279570    0.3444115 
1........2.........3.........4........5...........6.........7..........8.............Gaining to use new average direction of P0 P8 instead of biggest increase direction 2 :

Powell iter=17 Big Iter=9 -2*LL=2214.335451872520 gain=0.0766 1 sec. 7 sec.
#model=  1      +     age 
12   -4.7650337    0.0759433 
13  -20.7242236    0.2244777 
21   15.3622452    0.2666089 
23    5.1911056    0.3439079 
1........2........3........4........5..........6..........7..........8.........directest= 0.022889493773 (if directest<0 or t<0 we include P0 Pn as new direction), t= -0.000000978295, f1= 2214.335451872520,f2= 2214.332263691189,f3= 2214.356555219416, del= 0.002295107892
f1-2f2+f3= 0.027479709557, f1-f2-del= 0.000893073438, f1-f3= -0.021103346896

Powell iter=18 Big Iter=10 -2*LL=2214.332263691189 gain=0.00319 0 sec. 7 sec.
#model=  1      +     age 
12   -4.7828780    0.0762555 
13  -20.7126830    0.2244750 
21   15.3470289    0.2667999 
23    5.2066480    0.3436978 
1........2........3.........4........5..........6............7...........8....................Gaining to use new average direction of P0 P8 instead of biggest increase direction 1 :

Powell iter=19 Big Iter=10 -2*LL=2214.331250895701 gain=0.00101 0 sec. 7 sec.
#model=  1      +     age 
12   -4.7836672    0.0762334 
13  -20.6993137    0.2243384 
21   15.3320057    0.2670430 
23    5.2264311    0.3434614 
1..................2........3..........4........5...............6..............7............8......
Powell iter=20 Big Iter=11 -2*LL=2214.331173162898 gain=7.77e-005 1 sec. 8 sec.
#model=  1      +     age 
12   -4.7837212    0.0762345 
13  -20.6929027    0.2242526 
21   15.3311490    0.2670498 
23    5.2269118    0.3434526 
1.........2..........3.............4..................5............6................7..................8..............Gaining to use new average direction of P0 P8 instead of biggest increase direction 2 :

Powell iter=21 Big Iter=11 -2*LL=2214.331147986131 gain=2.52e-005 0 sec. 8 sec.
#model=  1      +     age 
12   -4.7833722    0.0762258 
13  -20.6848878    0.2241448 
21   15.3311988    0.2670438 
23    5.2263272    0.3434567 
1....................2...............................3........4................5............6...............7......................8.............directest= 0.000007259269 (if directest<0 or t<0 we include P0 Pn as new direction), t= -0.000000000000, f1= 2214.331147986131,f2= 2214.331147718932,f3= 2214.331154910374, del= 0.000000099686
f1-2f2+f3= 0.000007458641, f1-f2-del= 0.000000167513, f1-f3= -0.000006924242

Powell iter=22 Big Iter=12 -2*LL=2214.331147718932 gain=2.67e-007 0 sec. 8 sec.
#model=  1      +     age 
12   -4.7834035    0.0762263 
13  -20.6841652    0.2241369 
21   15.3313384    0.2670420 
23    5.2261722    0.3434584 
1........2............3...................4..............5.................6..............7.........................8.........................Gaining to use new average direction of P0 P8 instead of biggest increase direction 4 :

Powell iter=23 Big Iter=12 -2*LL=2214.331147658845 gain=6.01e-008 1 sec. 9 sec.
#model=  1      +     age 
12   -4.7834252    0.0762270 
13  -20.6838381    0.2241336 
21   15.3314419    0.2670406 
23    5.2260481    0.3434597 
1..............2................3..............4........................5.......................6............7......................8..........................directest= 0.000000010173 (if directest<0 or t<0 we include P0 Pn as new direction), t= -0.000000000000, f1= 2214.331147658845,f2= 2214.331147658415,f3= 2214.331147668750, del= 0.000000000296
f1-2f2+f3= 0.000000010765, f1-f2-del= 0.000000000134, f1-f3= -0.000000009905

Powell iter=24 Big Iter=13 -2*LL=2214.331147658415 gain=4.3e-010 0 sec. 9 sec.
#model=  1      +     age 
12   -4.7834264    0.0762270 
13  -20.6838615    0.2241339 
21   15.3314376    0.2670406 
23    5.2260521    0.3434597 
1............................2..............................3....................................4...............................5..................6.............7......................8..........................................directest= 0.000000000005 (if directest<0 or t<0 we include P0 Pn as new direction), t= -0.000000000000, f1= 2214.331147658415,f2= 2214.331147658411,f3= 2214.331147658419, del= 0.000000000003
f1-2f2+f3= 0.000000000011, f1-f2-del= 0.000000000001, f1-f3= -0.000000000004

Powell iter=25 Big Iter=13 -2*LL=2214.331147658411 gain=3.64e-012 1 sec. 10 sec.
#model=  1      +     age 
12   -4.7834271    0.0762270 
13  -20.6838639    0.2241339 
21   15.3314366    0.2670406 
23    5.2260531    0.3434597 
1..........................2....................................3...........................4...................................5..................6.............7......................8..........................................
#Number of iterations & function calls = 25 & 3266, -2 Log likelihood = 2214.331147658411
# Parameters nlstate*nlstate*ncov a12*1 + b12 * age + ...
#model=  1      +     age 
12   -4.7834271    0.0762270 
13  -20.6838639    0.2241339 
21   15.3314366    0.2670406 
23    5.2260531    0.3434597 

Calculation of the hessian matrix. Wait...
1-2-3-4-5-6-7-8-.1-2.1-3.1-4.1-5.1-6.1-7.1-8.2-3.2-4.2-5.2-6.2-7.2-8.3-4.3-5.3-6.3-7.3-8.4-5.4-6.4-7.4-8.5-6.5-7.5-8.6-7.6-8Warning: sub Hessian matrix '68' does not have positive eigen values 
6 8 k=1, k1=0.000000000000e+000 k2=2.445378404445e-004 k3=2.452893431837e-004 k4=0.000000000000e+000 delti/k=2.000000000000e-005 deltj/k=2.000000000000e-005, xi-de/k=2.670206203482e-001 xj-de/k=3.434396748943e-001  res=-1.530709948838e+005 k1234=-4.898271836282e-004,k1-2=-2.445378404445e-004,k3-4=2.452893431837e-004
.7-8

Inverting the hessian to get the covariance matrix. Wait...

#Hessian matrix#
6.067654e+001 4.163607e+003 -1.819640e+001 -1.552324e+003 4.029828e+000 3.824269e+002 -4.029828e+000 -3.824269e+002 
4.163607e+003 2.982024e+005 -1.552534e+003 -1.332373e+005 3.827653e+002 3.513122e+004 -3.827653e+002 -3.513122e+004 
-1.819640e+001 -1.552534e+003 2.271013e+001 1.906112e+003 -9.483514e+000 -7.542739e+002 9.483514e+000 7.542739e+002 
-1.552324e+003 -1.332373e+005 1.906112e+003 1.614003e+005 -7.542697e+002 -6.085786e+004 7.542698e+002 6.085785e+004 
4.029828e+000 3.827653e+002 -9.483514e+000 -7.542697e+002 2.647367e+001 1.994856e+003 -2.647367e+001 -1.994856e+003 
3.824269e+002 3.513122e+004 -7.542739e+002 -6.085786e+004 1.994856e+003 1.530709e+005 -1.994856e+003 -1.530710e+005 
-4.029828e+000 -3.827653e+002 9.483514e+000 7.542698e+002 -2.647367e+001 -1.994856e+003 2.647367e+001 1.994856e+003 
-3.824269e+002 -3.513122e+004 7.542739e+002 6.085785e+004 -1.994856e+003 -1.530710e+005 1.994856e+003 1.530709e+005 
Parameters, Wald tests and Wald-based confidence intervals
 W is simply the result of the division of the parameter by the square root of covariance of the parameter.
 And Wald-based confidence intervals plus and minus 1.96 * W 
  It might be better to visualize the covariance matrix. See the page 'Matrix of variance-covariance of one-step probabilities' and its graphs.
12   -4.7834271(   0.8343722) W=  -5.733 CI=[  -6.4187966 ;   -3.1480576]    0.0762270(   0.0130659) W=   5.834 CI=[   0.0506178 ;    0.1018363] 
13  -20.6838639(   2.6003230) W=  -7.954 CI=[ -25.7804970 ;  -15.5872308]    0.2241339(   0.0317868) W=   7.051 CI=[   0.1618318 ;    0.2864359] 
21   15.3314366(66117.4040850) W=   0.000 CI=[-129574.7805700 ; 129605.4434431]    0.2670406(   0.0330717) W=   8.075 CI=[   0.2022201 ;    0.3318612] 
23    5.2260531(66117.4140765) W=   0.000 CI=[-129584.9055369 ; 129595.3576431]    0.3434597(   0.0426625) W=   8.051 CI=[   0.2598412 ;    0.4270781] 
# Scales (for hessian or gradient estimation)
12 1.00000e-003 1.00000e-005
13 2.00000e-003 2.00000e-005
21 1.00000e-003 2.00000e-005
23 1.00000e-003 2.00000e-005
# Covariance matrix 
# 121 Var(a12)
# 122 Cov(b12,a12) Var(b12)
#   ...
# 232 Cov(b23,a12)  Cov(b23,b12) ... Var (b23)
#121 Var(a12)
#122 Cov(b12,a12) Var(b12)
#131 Cov(a13,a12) Cov(a13,b12) Var(a13)
#132 Cov(b13,a12) Cov(b13,b12) Cov(b13,a13) Var(b13)
#211 Cov(a21,a12) Cov(a21,b12) Cov(a21,a13) Cov(a21,b13) Var(a21)
#212 Cov(b21,a12) Cov(b21,b12) Cov(b21,a13) Cov(b21,b13) Cov(b21,a21) Var(b21)
#231 Cov(a23,a12) Cov(a23,b12) Cov(a23,a13) Cov(a23,b13) Cov(a23,a21) Cov(a23,b21) Var(a23)
#232 Cov(b23,a12) Cov(b23,b12) Cov(b23,a13) Cov(b23,b13) Cov(b23,a21) Cov(b23,b21) Cov(b23,a23) Var(b23)
121 6.9617696e-001
122 -1.07255e-002 1.7071892e-004
131 6.79598e-001 -1.07112e-002 6.7616797e+000
132 -1.01859e-002 1.64391e-004 -8.19404e-002 1.0103984e-003
211 -4.15426e+002 6.24264e+000 6.89372e+002 -6.75202e+000 4.3715111e+009
212 1.65636e-002 -2.51420e-004 -3.60899e-002 3.73711e-004 -1.75951e+005 1.0937378e-003
231 -4.15466e+002 6.24283e+000 6.87933e+002 -6.73471e+000 4.37151e+009 -1.75951e+005 4.3715124e+009
232 1.70706e-002 -2.54143e-004 -1.88438e-002 1.62482e-004 -1.75960e+005 1.24115e-003 -1.75960e+005 1.8200870e-003
# agemin agemax for life expectancy, bage fage (if mle==0 ie no data nor Max likelihood).
# Observed prevalence period
begin-prev-date=1/1/2013 end-prev-date=1/9/2018 mov_average=0
# Health expectancies computed from stable (period) prevalence (pop_based=0) or population based (1)
pop_based=0
# Prevalence forecasting and backcasting is skept here
##prevforecast=0  starting-proj-date=1/1/1989 final-proj-date=1/1/1990 mobil_average=0
#prevforecast=1 yearsfproj=10 mobil_average=0
#prevbackcast=1 yearsbproj=10 mobil_average=1
End of resultlines.

Computing forward period (stable) prevalence: result on file 'PL_FRMsr.txt' 
Computing pij: result on file 'PIJ_FRMsr.txt' 
Computing standard deviation of one-step probabilities: result on file 'PROB_rFRMsr.txt' 
Computing matrix of variance covariance of one-step probabilities: result on file 'PROBCOV_FRMsr.txt' 
and correlation matrix of one-step probabilities: result on file 'PROBCOR_FRMsr.txt' 
Prevalence combination of varying and fixed dummies 1
Warning Observed prevalence doesn't sum to 1 for state 2: probs[50][2][1]=0.000000 because of lack of cases.
Warning Observed prevalence doesn't sum to 1 for state 1: probs[96][1][1]=0.000000 because of lack of cases.
Warning Observed prevalence doesn't sum to 1 for state 2: probs[96][2][1]=0.000000 because of lack of cases.
Warning Observed prevalence doesn't sum to 1 for state 1: probs[98][1][1]=0.000000 because of lack of cases.
Warning Observed prevalence doesn't sum to 1 for state 2: probs[98][2][1]=0.000000 because of lack of cases.
Warning Observed prevalence doesn't sum to 1 for state 1: probs[99][1][1]=0.000000 because of lack of cases.
Warning Observed prevalence doesn't sum to 1 for state 2: probs[99][2][1]=0.000000 because of lack of cases.
Warning Observed prevalence doesn't sum to 1 for state 1: probs[100][1][1]=0.000000 because of lack of cases.
Warning Observed prevalence doesn't sum to 1 for state 2: probs[100][2][1]=0.000000 because of lack of cases.
Computing Health Expectancies: result on file 'E_FRMsr.txt' ...done evsij
Computing Total Life expectancies with their standard errors: file 'T_FRMsr.txt' ...
  Computing State-specific Expectancies and standard errors: result on file 'STDE_FRMsr.txt' 
    Computing Covar. of State-specific Expectancies: result on file 'CVE_FRMsr.txt' 
      Computing Variance-covariance of State-specific Expectancies: file 'V_FRMsr.txt' ... done State-specific expectancies
Computing Variance-covariance of forward period (stable) prevalence: file 'VPL_FRMsr.txt' ...done variance-covariance of forward period prevalence
End of Imach with 0 errors and/or warnings 1. Please look at the log file for details.
Local time at start Mon May 27 21:41:28 2024

Local time at end   Mon May 27 21:41:40 2024

Total time used 0 day(s) 0 hour(s) 0 minute(s) 12 second(s)
Total time was 12 Sec.
