Log filename:GRF.log
Version 0.99r45 $Revision: 1.353 $ $Date: 2023/05/08 18:48:22 $
Enter the parameter file name: 
pathimach=C:\PROGRA~1\IMACH-~2.99R\bin\
pathtot=C:\Users\mmusz\Dropbox\gender_paradox\data\IMACH\GRF.txt
 path=C:\Users\mmusz\Dropbox\gender_paradox\data\IMACH\ 
 optionfile=GRF.txt
 optionfilext=txt
 optionfilefiname='GRF'
Compiled with: Microsoft Visual Studio for Windows (x64 and x86)  64-bit
The programm is not running under WOW64 (i.e probably on a 64bit Windows).
Local time (at start): Sat May 25 22:26:15 2024
title=adl datafile=dataGRF.txt lastobs=15000 firstpass=1 lastpass=2
ftol=1.000000e-018 stepm=3 ncovcol=0 nqv=0 ntv=0 nqtv=0 nlstate=2 ndeath=1 maxwav=2 mle=1 weight=1
model=1+age+
# Parameters nlstate*nlstate*ncov a12*1 + b12 * age + ...
12 0.000000 0.000000
13 0.000000 0.000000
21 0.000000 0.000000
23 0.000000 0.000000
# Scales (for hessian or gradient estimation)
12 0.000000e+000 0.000000e+000
13 0.000000e+000 0.000000e+000
21 0.000000e+000 0.000000e+000
23 0.000000e+000 0.000000e+000
# Covariance matrix
121 0.00000e+000
122 0.00000e+000 0.00000e+000
131 0.00000e+000 0.00000e+000 0.00000e+000
132 0.00000e+000 0.00000e+000 0.00000e+000 0.00000e+000
211 0.00000e+000 0.00000e+000 0.00000e+000 0.00000e+000 0.00000e+000
212 0.00000e+000 0.00000e+000 0.00000e+000 0.00000e+000 0.00000e+000 0.00000e+000
231 0.00000e+000 0.00000e+000 0.00000e+000 0.00000e+000 0.00000e+000 0.00000e+000 0.00000e+000
232 0.00000e+000 0.00000e+000 0.00000e+000 0.00000e+000 0.00000e+000 0.00000e+000 0.00000e+000 0.00000e+000

Model=1+age+
Typevar: 0 for simple covariate (dummy, quantitative, fixed or varying), 1 for age product, 2 for  product, 3 for double product with age  
Fixed[k] 0=fixed (product or simple), 1 varying, 2 fixed with age product, 3 varying with age product 
Dummy[k] 0=dummy (0 1), 1 quantitative (single or product without age), 2 dummy with age product, 3 quant with age product
ncoveff=0, nqfveff=0, ntveff=0, nqtveff=0, cptcovn=0
ncovf=0, ncovv=0, ncova=0, nsd=0, nsq=0
Warning: The value of parameter lastobs=15000 is big compared to the 
  effective number of cases imx=1654, please adjust, 
  otherwise you are allocating more memory than necessary.
Total number of individuals= 1654, Agemin = 51.08, Agemax= 97.33

Information, you have to check 0 informations which haven't been logged!
Delay (in months) between two waves Min=2 (for indiviudal 1335) Max=30 (1470) Mean=23.053237

 Age 51 1.=2 loss[1]=0.0% 2.=0 loss[2]=NaNQ% 1.=2 prev[1]=100.0% 2.=0 prev[2]=0.0% 11=2
Age 52 1.=1 loss[1]=0.0% 2.=0 loss[2]=NaNQ% 1.=1 prev[1]=100.0% 2.=0 prev[2]=0.0% 11=1
Age 53 1.=1 loss[1]=0.0% 2.=0 loss[2]=0.0% 1.=1 prev[1]=95.7% 2.=0 prev[2]=4.3% 11=1 12=0 22=0
Age 54 1.=2 loss[1]=0.0% 2.=0 loss[2]=NaNQ% 1.=2 prev[1]=100.0% 2.=0 prev[2]=0.0% 11=2
Age 55 1.=2 loss[1]=0.0% 2.=0 loss[2]=0.0% 1.=2 prev[1]=97.2% 2.=0 prev[2]=2.8% 11=2 21=0 22=0
Age 56 1.=1 loss[1]=0.0% 2.=0 loss[2]=0.0% 1.=1 prev[1]=92.3% 2.=0 prev[2]=7.7% 11=1 12=0 23=0
Age 57 1.=1 loss[1]=0.0% 2.=0 loss[2]=0.0% 1.=1 prev[1]=95.5% 2.=0 prev[2]=4.5% 11=1 12=0 22=0
Age 58 1.=1 loss[1]=0.0% 2.=0 loss[2]=0.0% 1.=1 prev[1]=96.4% 2.=0 prev[2]=3.6% 11=1 21=0
Age 59 1.=2 loss[1]=0.0% 2.=0 loss[2]=NaNQ% 1.=2 prev[1]=100.0% 2.=0 prev[2]=0.0% 11=1 12=0 13=0
Age 60 1.=2 loss[1]=0.0% 2.=0 loss[2]=0.0% 1.=2 prev[1]=96.1% 2.=0 prev[2]=3.9% 11=2 21=0 22=0
Age 61 1.=2 loss[1]=0.0% 2.=0 loss[2]=0.0% 1.=2 prev[1]=97.4% 2.=0 prev[2]=2.6% 11=2 12=0 22=0
Age 62 1.=2 loss[1]=0.0% 2.=0 loss[2]=0.0% 1.=2 prev[1]=96.1% 2.=0 prev[2]=3.9% 11=2 12=0 21=0 22=0
Age 63 1.=2 loss[1]=0.0% 2.=0 loss[2]=0.0% 1.=2 prev[1]=97.2% 2.=0 prev[2]=2.8% 11=2 12=0 13=0 22=0
Age 64 1.=2 loss[1]=0.0% 2.=0 loss[2]=0.0% 1.=2 prev[1]=94.1% 2.=0 prev[2]=5.9% 11=2 21=0 22=0 23=0
Age 65 1.=2 loss[1]=0.0% 2.=0 loss[2]=0.0% 1.=2 prev[1]=97.2% 2.=0 prev[2]=2.8% 11=2 12=0 22=0
Age 66 1.=2 loss[1]=0.0% 2.=0 loss[2]=0.0% 1.=2 prev[1]=95.0% 2.=0 prev[2]=5.0% 11=2 13=0 21=0 22=0
Age 67 1.=1 loss[1]=0.0% 2.=0 loss[2]=0.0% 1.=1 prev[1]=94.2% 2.=0 prev[2]=5.8% 11=1 21=0 22=0
Age 68 1.=1 loss[1]=0.0% 2.=0 loss[2]=0.0% 1.=1 prev[1]=95.0% 2.=0 prev[2]=5.0% 11=1 12=0 22=0
Age 69 1.=2 loss[1]=0.0% 2.=0 loss[2]=0.0% 1.=2 prev[1]=98.2% 2.=0 prev[2]=1.8% 11=2 13=0 21=0
Age 70 1.=2 loss[1]=0.0% 2.=0 loss[2]=0.0% 1.=2 prev[1]=92.4% 2.=0 prev[2]=7.6% 11=1 12=0 21=0 22=0
Age 71 1.=2 loss[1]=0.0% 2.=0 loss[2]=0.0% 1.=2 prev[1]=94.4% 2.=0 prev[2]=5.6% 11=2 12=0 21=0 22=0
Age 72 1.=1 loss[1]=0.0% 2.=0 loss[2]=0.0% 1.=1 prev[1]=91.2% 2.=0 prev[2]=8.8% 11=1 13=0 21=0 22=0
Age 73 1.=1 loss[1]=0.0% 2.=0 loss[2]=0.0% 1.=1 prev[1]=88.3% 2.=0 prev[2]=11.7% 11=1 21=0 22=0 23=0
Age 74 1.=1 loss[1]=0.0% 2.=0 loss[2]=0.0% 1.=1 prev[1]=94.4% 2.=0 prev[2]=5.6% 11=1 21=0 22=0
Age 75 1.=1 loss[1]=0.0% 2.=0 loss[2]=0.0% 1.=1 prev[1]=92.2% 2.=0 prev[2]=7.8% 11=1 13=0 21=0 22=0
Age 76 1.=1 loss[1]=0.0% 2.=0 loss[2]=0.0% 1.=1 prev[1]=81.2% 2.=0 prev[2]=18.8% 11=1 12=0 13=0 21=0 22=0 23=0
Age 77 1.=1 loss[1]=0.0% 2.=0 loss[2]=0.0% 1.=1 prev[1]=82.1% 2.=0 prev[2]=17.9% 11=1 12=0 13=0 21=0 22=0
Age 78 1.=1 loss[1]=0.0% 2.=0 loss[2]=0.0% 1.=1 prev[1]=85.5% 2.=0 prev[2]=14.5% 11=1 12=0 13=0 21=0 22=0 23=0
Age 79 1.=1 loss[1]=0.0% 2.=0 loss[2]=0.0% 1.=1 prev[1]=79.6% 2.=0 prev[2]=20.4% 11=1 12=0 13=0 21=0 22=0
Age 80 1.=2 loss[1]=0.0% 2.=0 loss[2]=0.0% 1.=2 prev[1]=94.5% 2.=0 prev[2]=5.5% 11=1 12=0 13=0 21=0 22=0
Age 81 1.=2 loss[1]=0.0% 2.=0 loss[2]=0.0% 1.=2 prev[1]=82.5% 2.=0 prev[2]=17.5% 11=1 12=0 13=0 21=0 22=0 23=0
Age 82 1.=1 loss[1]=0.0% 2.=0 loss[2]=0.0% 1.=1 prev[1]=87.1% 2.=0 prev[2]=12.9% 11=1 13=0 22=0 23=0
Age 83 1.=1 loss[1]=0.0% 2.=1 loss[2]=0.0% 1.=1 prev[1]=69.3% 2.=1 prev[2]=30.7% 11=1 12=0 13=0 21=0 22=0 23=0
Age 84 1.=1 loss[1]=0.0% 2.=0 loss[2]=0.0% 1.=1 prev[1]=78.1% 2.=0 prev[2]=21.9% 11=1 12=0 13=0 22=0 23=0
Age 85 1.=1 loss[1]=0.0% 2.=0 loss[2]=0.0% 1.=1 prev[1]=82.7% 2.=0 prev[2]=17.3% 11=0 12=0 13=1 21=0 22=0 23=0
Age 86 1.=0 loss[1]=0.0% 2.=0 loss[2]=0.0% 1.=0 prev[1]=48.0% 2.=0 prev[2]=52.0% 11=0 12=0 13=0 21=0 22=0 23=0
Age 87 1.=1 loss[1]=0.0% 2.=0 loss[2]=0.0% 1.=1 prev[1]=66.4% 2.=0 prev[2]=33.6% 11=0 12=0 13=0 21=0 22=0 23=0
Age 88 1.=0 loss[1]=0.0% 2.=0 loss[2]=0.0% 1.=0 prev[1]=63.4% 2.=0 prev[2]=36.6% 11=0 12=0 13=0 21=0 22=0 23=0
Age 89 1.=0 loss[1]=0.0% 2.=0 loss[2]=0.0% 1.=0 prev[1]=41.4% 2.=0 prev[2]=58.6% 11=0 12=0 13=0 21=0 22=0 23=0
Age 90 1.=0 loss[1]=0.0% 2.=0 loss[2]=0.0% 1.=0 prev[1]=29.8% 2.=0 prev[2]=70.2% 11=0 23=0
Age 91 1.=0 loss[1]=0.0% 2.=0 loss[2]=0.0% 1.=0 prev[1]=46.8% 2.=0 prev[2]=53.2% 11=0 13=0 21=0 23=0
Age 92 1.=0 loss[1]=0.0% 2.=0 loss[2]=0.0% 1.=0 prev[1]=58.2% 2.=0 prev[2]=41.8% 13=0 22=0 23=0
Age 93 1.=0 loss[1]=0.0% 2.=0 loss[2]=0.0% 1.=0 prev[1]=34.6% 2.=0 prev[2]=65.4% 13=0 23=0
Age 94 1.=0 loss[1]=0.0% 2.=0 loss[2]=0.0% 1.=0 prev[1]=50.6% 2.=0 prev[2]=49.4% 13=0 22=0
Age 95 1.=0 loss[1]=NaNQ% 2.=0 loss[2]=0.0% 1.=0 prev[1]=0.0% 2.=0 prev[2]=100.0% 23=0
Age 96 1.=0 loss[1]=NaNQ% 2.=0 loss[2]=NaNQ% 1.=0 prev[1]=NaNQ% 2.=0 prev[2]=NaNQ%
Age 97 1.=0 loss[1]=NaNQ% 2.=0 loss[2]=0.0% 1.=0 prev[1]=0.0% 2.=0 prev[2]=100.0% 23=0
1 1.=0 loss[1]=NaNQ% 2.=0 loss[2]=NaNQ% 1.=0 prev[1]=NaNQ% 2.=0 prev[2]=NaNQ%
0 1.=0 loss[1]=NaNQ% 2.=0 loss[2]=NaNQ% 1.=0 prev[1]=NaNQ% 2.=0 prev[2]=NaNQ%
Total 1.=55 loss[1]=0.0% 2.=7 loss[2]=0.0% 1.=55 prev[1]=89.3% 2.=7 prev[2]=10.7% 11=50 12=2 13=3 21=2 22=3 23=2


12    0.0000000 ln(2/50)=   -3.1613842 
13    0.0000000 ln(3/50)=   -2.8634788 
21    0.0000000 ln(2/3)=   -0.6110975 
23    0.0000000 ln(2/3)=   -0.3496576 

 -1-1=0 -10=0 -11=0 -12=0 -13=0 0-1=0 00=0 01=0 02=0 03=0 1-1=0 10=0 11=50 12=2 13=3 2-1=0 20=0 21=2 22=3 23=2 3-1=0 30=0 31=0 32=0 33=0
Powell

Powell iter=1 Big Iter=1 -2*LL=12515.198001359911 gain=0 0 sec. 0 sec.
#model=  1      +     age 
12    0.0000000    0.0000000 
13    0.0000000    0.0000000 
21    0.0000000    0.0000000 
23    0.0000000    0.0000000 
12345......6.................7.........8.................. p(1)=33.845062 flat=1  p(2)=1.000000 flat=1  p(3)=1.000000 flat=1  p(4)=0.000000 flat=1 ............4 flat directions :1 2 3 4 
Gaining to use new average direction of P0 P8 instead of biggest increase direction 5 :

Powell iter=2 Big Iter=2 -2*LL=4097.834598831912 gain=8.42e+003 1 sec. 1 sec.
#model=  1      +     age 
12   29.4887403    0.8712864 
13    0.8712864    0.0000000 
21    2.4447632   -0.0010307 
23   -0.9729943    0.0023525 

Considering the time needed for this last iteration #2: 1 seconds,
   - if your program needs 1 BIG iterations  (2 iterations) to converge, convergence will be 
   reached in 0 day(s) 0 hour(s) 0 minute(s) 0 second(s) i.e.
   on Sat May 25 22:26:16 2024 (current time is Sat May 25 22:26:16 2024);
   - if your program needs 11 BIG iterations  (22 iterations) to converge, convergence will be 
   reached in 0 day(s) 0 hour(s) 0 minute(s) 20 second(s) i.e.
   on Sat May 25 22:26:36 2024 (current time is Sat May 25 22:26:16 2024);
   - if your program needs 21 BIG iterations  (42 iterations) to converge, convergence will be 
   reached in 0 day(s) 0 hour(s) 0 minute(s) 40 second(s) i.e.
   on Sat May 25 22:26:56 2024 (current time is Sat May 25 22:26:16 2024);
   - if your program needs 31 BIG iterations  (62 iterations) to converge, convergence will be 
   reached in 0 day(s) 0 hour(s) 1 minute(s) 0 second(s) i.e.
   on Sat May 25 22:27:16 2024 (current time is Sat May 25 22:26:16 2024);
1234...............5...............6................7.........8.............. p(1)=30.325188 flat=1  p(2)=1.866454 flat=1  p(3)=1.866454 flat=1 
Powell iter=3 Big Iter=2 -2*LL=3679.977568619466 gain=418 0 sec. 1 sec.
#model=  1      +     age 
12   30.3251880    1.8664540 
13    1.8664540    2.1643040 
21    2.4312039   -0.0081544 
23   -1.6690203   -0.0194432 

Considering the time needed for this last iteration #3: 0 seconds,
   - if your program needs 1 BIG iterations  (2 iterations) to converge, convergence will be 
   reached in 0 day(s) 0 hour(s) 0 minute(s) 0 second(s) i.e.
   on Sat May 25 22:26:16 2024 (current time is Sat May 25 22:26:16 2024);
   - if your program needs 11 BIG iterations  (22 iterations) to converge, convergence will be 
   reached in 0 day(s) 0 hour(s) 0 minute(s) 0 second(s) i.e.
   on Sat May 25 22:26:16 2024 (current time is Sat May 25 22:26:16 2024);
   - if your program needs 21 BIG iterations  (42 iterations) to converge, convergence will be 
   reached in 0 day(s) 0 hour(s) 0 minute(s) 0 second(s) i.e.
   on Sat May 25 22:26:16 2024 (current time is Sat May 25 22:26:16 2024);
   - if your program needs 31 BIG iterations  (62 iterations) to converge, convergence will be 
   reached in 0 day(s) 0 hour(s) 0 minute(s) 0 second(s) i.e.
   on Sat May 25 22:26:16 2024 (current time is Sat May 25 22:26:16 2024);
1..........2...........3..........4..................5...........6................7..........8..............
Powell iter=4 Big Iter=3 -2*LL=3674.962682959508 gain=5.01 1 sec. 2 sec.
#model=  1      +     age 
12   30.2947188    1.8663490 
13    1.8933908    2.1639957 
21    2.4300414   -0.0094837 
23   -1.9619262   -0.0197484 
1..........2...........3..........4.................5..............6................7..........8......................Gaining to use new average direction of P0 P8 instead of biggest increase direction 7 :

Powell iter=5 Big Iter=3 -2*LL=3637.644672711306 gain=37.3 0 sec. 2 sec.
#model=  1      +     age 
12   29.6808721    1.8746427 
13    2.6831761    2.1550742 
21    2.4281969   -0.0136448 
23   -7.9920342    0.0628685 
1.........2...........3..........4..................5..............6.............7..............8.........directest= 191.991305997497 (if directest<0 or t<0 we include P0 Pn as new direction), t= -479038.764076501130, f1= 3637.644672711306,f2= 3609.242857673561,f3= 3808.867112105003, del= 18.017381735845
f1-2f2+f3= 228.026069469187, f1-f2-del= 10.384433301900, f1-f3= -171.222439393697

Powell iter=6 Big Iter=4 -2*LL=3609.242857673561 gain=28.4 1 sec. 3 sec.
#model=  1      +     age 
12   29.5247885    1.8782672 
13    3.0110624    2.1513734 
21    2.4279482   -0.0114112 
23  -10.3281934    0.0976071 
1.........2............3..........4..................5.............6..............7...............8................Gaining to use new average direction of P0 P8 instead of biggest increase direction 6 :

Powell iter=7 Big Iter=4 -2*LL=3598.469821833241 gain=10.8 0 sec. 3 sec.
#model=  1      +     age 
12   29.5501770    1.8814224 
13    3.3468524    2.1475798 
21    2.4261212   -0.0090818 
23  -12.5345246    0.1296828 
1.........2............3..........4...................5...........6...........7...............8........directest= 2.771110597149 (if directest<0 or t<0 we include P0 Pn as new direction), t= -0.616717345482, f1= 3598.469821833241,f2= 3597.689009092132,f3= 3600.485450181513, del= 0.403071616670
f1-2f2+f3= 3.577253830489, f1-f2-del= 0.377741124439, f1-f3= -2.015628348272

Powell iter=8 Big Iter=5 -2*LL=3597.689009092132 gain=0.781 1 sec. 4 sec.
#model=  1      +     age 
12   29.5649553    1.8820412 
13    3.4250793    2.1466972 
21    2.4253719   -0.0091703 
23  -12.8959815    0.1336614 
1..........2............3..........4...................5.............6..........7...............8................Gaining to use new average direction of P0 P8 instead of biggest increase direction 5 :

Powell iter=9 Big Iter=5 -2*LL=3596.408523114008 gain=1.28 0 sec. 4 sec.
#model=  1      +     age 
12   29.2801902    1.8847675 
13    3.7888946    2.1425918 
21    2.4214616   -0.0091914 
23  -14.3721259    0.1500773 
1..........2............3..........4...................5........6..........7...............8........
Powell iter=10 Big Iter=6 -2*LL=3596.260415005141 gain=0.148 1 sec. 5 sec.
#model=  1      +     age 
12   29.2509911    1.8849165 
13    3.8155125    2.1422916 
21    2.4210344   -0.0091242 
23  -14.3203826    0.1493380 
1..........2............3..........4...................5........6..........7...............8.................Gaining to use new average direction of P0 P8 instead of biggest increase direction 3 :

Powell iter=11 Big Iter=6 -2*LL=3594.131458921225 gain=2.13 0 sec. 5 sec.
#model=  1      +     age 
12   28.3273010    1.8946418 
13    5.0062730    2.1288710 
21    2.4105215   -0.0076228 
23  -14.7512805    0.1548060 
1..........2............3.............4.....................5........6..........7...............8........
Powell iter=12 Big Iter=7 -2*LL=3592.189058151761 gain=1.94 1 sec. 6 sec.
#model=  1      +     age 
12   27.8368317    1.9002630 
13    5.5903614    2.1222928 
21    2.4070113   -0.0077583 
23  -14.9493278    0.1568283 
1..........2...........3.........4.................5........6...........7..............8.............Gaining to use new average direction of P0 P8 instead of biggest increase direction 6 :

Powell iter=13 Big Iter=7 -2*LL=3588.689344048141 gain=3.5 0 sec. 6 sec.
#model=  1      +     age 
12   26.1546553    1.9203370 
13    7.6365490    2.0993152 
21    2.3955619   -0.0082848 
23  -15.4907751    0.1628708 
1..........2..........3.........4..................5........6.........7...............8.........directest= 2.631319992598 (if directest<0 or t<0 we include P0 Pn as new direction), t= -0.822266546968, f1= 3588.689344048141,f2= 3588.523893166951,f3= 3591.244274654157, del= 0.127256187899
f1-2f2+f3= 2.885832368395, f1-f2-del= 0.038194693291, f1-f3= -2.554930606016

Powell iter=14 Big Iter=8 -2*LL=3588.523893166951 gain=0.165 1 sec. 7 sec.
#model=  1      +     age 
12   26.1534459    1.9210929 
13    7.7028816    2.0985975 
21    2.3953395   -0.0083790 
23  -15.4434448    0.1623992 
1..........2.................3.........4......................5........6.........7...............8...............Gaining to use new average direction of P0 P8 instead of biggest increase direction 5 :

Powell iter=15 Big Iter=8 -2*LL=3588.501137336518 gain=0.0228 0 sec. 7 sec.
#model=  1      +     age 
12   26.1329612    1.9216014 
13    7.7523823    2.0980391 
21    2.3950451   -0.0083913 
23  -15.5667146    0.1641052 
1..........2...................3.........4..................5..........6.........7..................8........directest= 0.005320536192 (if directest<0 or t<0 we include P0 Pn as new direction), t= -0.000000014090, f1= 3588.501137336518,f2= 3588.500328312774,f3= 3588.506051440301, del= 0.000605807540
f1-2f2+f3= 0.006532151272, f1-f2-del= 0.000203216205, f1-f3= -0.004914103783

Powell iter=16 Big Iter=9 -2*LL=3588.500328312774 gain=0.000809 1 sec. 8 sec.
#model=  1      +     age 
12   26.1292575    1.9216204 
13    7.7559238    2.0979877 
21    2.3949881   -0.0083961 
23  -15.6091444    0.1645839 
1....................2...............3.........4......................5............6........7...............8..................Gaining to use new average direction of P0 P8 instead of biggest increase direction 1 :

Powell iter=17 Big Iter=9 -2*LL=3588.500166821978 gain=0.000161 0 sec. 8 sec.
#model=  1      +     age 
12   26.1220268    1.9216913 
13    7.7607662    2.0979279 
21    2.3950153   -0.0083995 
23  -15.6319096    0.1648429 
1.......................2...............3.........4............................5.............6.......................7....................8............Gaining to use new average direction of P0 P8 instead of biggest increase direction 8 :

Powell iter=18 Big Iter=10 -2*LL=3588.499919731873 gain=0.000247 0 sec. 8 sec.
#model=  1      +     age 
12   26.1139416    1.9217819 
13    7.7632826    2.0978965 
21    2.3951640   -0.0084030 
23  -15.6496281    0.1650519 
1........2...........3.........4..................5..........6.......................7...............8...........Gaining to use new average direction of P0 P8 instead of biggest increase direction 8 :

Powell iter=19 Big Iter=10 -2*LL=3588.498499342035 gain=0.00142 1 sec. 9 sec.
#model=  1      +     age 
12   26.0722432    1.9222678 
13    7.7586487    2.0979419 
21    2.3964334   -0.0084226 
23  -15.7089492    0.1657682 
1.........2..........3.........4..........................5.........6.....................7...............8............Gaining to use new average direction of P0 P8 instead of biggest increase direction 8 :

Powell iter=20 Big Iter=11 -2*LL=3588.492248972064 gain=0.00625 0 sec. 9 sec.
#model=  1      +     age 
12   25.9369583    1.9238675 
13    7.6788770    2.0988453 
21    2.4023191   -0.0084990 
23  -15.7922989    0.1668197 
1.......2...........3.........4..................5..........6.........7................8............Gaining to use new average direction of P0 P8 instead of biggest increase direction 8 :

Powell iter=21 Big Iter=11 -2*LL=3588.463278320064 gain=0.029 0 sec. 9 sec.
#model=  1      +     age 
12   25.3665445    1.9305204 
13    7.1744268    2.1045954 
21    2.4314027   -0.0088751 
23  -15.8861375    0.1680867 
1......2...........3.........4..................5.........6.........7...............8.............Gaining to use new average direction of P0 P8 instead of biggest increase direction 1 :

Powell iter=22 Big Iter=12 -2*LL=3588.364576988243 gain=0.0987 1 sec. 10 sec.
#model=  1      +     age 
12   23.5342273    1.9515639 
13    5.2983318    2.1259961 
21    2.5309038   -0.0102084 
23  -15.8006676    0.1671603 
1......2..........3.........4..................5.........6.........7..................8.............Gaining to use new average direction of P0 P8 instead of biggest increase direction 1 :

Powell iter=23 Big Iter=12 -2*LL=3588.293203428076 gain=0.0714 0 sec. 10 sec.
#model=  1      +     age 
12   22.0688697    1.9682668 
13    3.7646068    2.1434904 
21    2.6110869   -0.0113483 
23  -15.6424479    0.1651531 
1......2...........3.........4..................5.........6.........7................8............Gaining to use new average direction of P0 P8 instead of biggest increase direction 1 :

Powell iter=24 Big Iter=13 -2*LL=3588.259961894392 gain=0.0332 0 sec. 10 sec.
#model=  1      +     age 
12   21.0993192    1.9792750 
13    2.8208433    2.1542431 
21    2.6621302   -0.0121156 
23  -15.6011699    0.1644723 
1......2..............3..............4..................5..........6.........7...............8............Gaining to use new average direction of P0 P8 instead of biggest increase direction 1 :

Powell iter=25 Big Iter=13 -2*LL=3588.245850100269 gain=0.0141 1 sec. 11 sec.
#model=  1      +     age 
12   20.6494782    1.9843527 
13    2.4103307    2.1589145 
21    2.6850143   -0.0124660 
23  -15.5998683    0.1643074 
1......2..........3.........4............................5.........6.........7...............8............Gaining to use new average direction of P0 P8 instead of biggest increase direction 8 :

Powell iter=26 Big Iter=14 -2*LL=3588.236805530739 gain=0.00904 0 sec. 11 sec.
#model=  1      +     age 
12   20.2441083    1.9889226 
13    1.9933340    2.1636658 
21    2.7069318   -0.0127717 
23  -15.5535109    0.1636466 
1.....2................3.........4..................5.........6.........7...............8.............Gaining to use new average direction of P0 P8 instead of biggest increase direction 1 :

Powell iter=27 Big Iter=14 -2*LL=3588.210208778110 gain=0.0266 1 sec. 12 sec.
#model=  1      +     age 
12   20.1175699    1.9901823 
13    1.7539157    2.1663968 
21    2.7165258   -0.0128934 
23  -15.3858644    0.1614313 
1......2.............3.........4...................5...........6.........7...............8.......
Powell iter=28 Big Iter=15 -2*LL=3588.200984648263 gain=0.00922 0 sec. 12 sec.
#model=  1      +     age 
12   20.5258712    1.9855045 
13    2.1034366    2.1624187 
21    2.6962782   -0.0126129 
23  -15.3415287    0.1609355 
1......2..............3..........4.....................5.........6.........7..................8.............Gaining to use new average direction of P0 P8 instead of biggest increase direction 1 :

Powell iter=29 Big Iter=15 -2*LL=3588.196136163303 gain=0.00485 1 sec. 13 sec.
#model=  1      +     age 
12   21.0856611    1.9790941 
13    2.6453959    2.1562433 
21    2.6667928   -0.0122213 
23  -15.3298448    0.1607961 
1.............2.............3...................4........................5.................6.........7................8..........directest= 0.001934275145 (if directest<0 or t<0 we include P0 Pn as new direction), t= -0.000000000049, f1= 3588.196136163303,f2= 3588.196114776867,f3= 3588.198054249422, del= 0.000013291924
f1-2f2+f3= 0.001960858992, f1-f2-del= 0.000008094513, f1-f3= -0.001918086118

Powell iter=30 Big Iter=16 -2*LL=3588.196114776867 gain=2.14e-005 0 sec. 13 sec.
#model=  1      +     age 
12   21.0882504    1.9790663 
13    2.6557455    2.1561253 
21    2.6664441   -0.0122145 
23  -15.3334812    0.1608377 
1.............2..........3...................4.....................5..............6...........7....................8...........
Powell iter=31 Big Iter=16 -2*LL=3588.196112884739 gain=1.89e-006 1 sec. 14 sec.
#model=  1      +     age 
12   21.0923339    1.9790201 
13    2.6599316    2.1560777 
21    2.6662238   -0.0122105 
23  -15.3339320    0.1608446 
1..............2............3....................4......................5............6...............7......................8.............
Powell iter=32 Big Iter=17 -2*LL=3588.196112714977 gain=1.7e-007 0 sec. 14 sec.
#model=  1      +     age 
12   21.0936753    1.9790048 
13    2.6611210    2.1560641 
21    2.6661563   -0.0122093 
23  -15.3340862    0.1608469 
1...............2............3............................4......................5...............6................7.......................8.........................
Powell iter=33 Big Iter=17 -2*LL=3588.196112704341 gain=1.06e-008 1 sec. 15 sec.
#model=  1      +     age 
12   21.0940336    1.9790007 
13    2.6614285    2.1560606 
21    2.6661386   -0.0122090 
23  -15.3341342    0.1608476 
1.....................2.............3.........................4........................5................6...................7........................8..........................
Powell iter=34 Big Iter=18 -2*LL=3588.196112703811 gain=5.29e-010 1 sec. 16 sec.
#model=  1      +     age 
12   21.0940810    1.9790002 
13    2.6614660    2.1560602 
21    2.6661363   -0.0122090 
23  -15.3341463    0.1608478 
1.................................2..............3.......................4......................5..........................6........................7.....................8..............................
Powell iter=35 Big Iter=18 -2*LL=3588.196112703778 gain=3.32e-011 1 sec. 17 sec.
#model=  1      +     age 
12   21.0940951    1.9790000 
13    2.6614732    2.1560601 
21    2.6661357   -0.0122090 
23  -15.3341487    0.1608478 
1............................2..............3..........................4.....................5.........................6........................7.....................8..............................
#Number of iterations & function calls = 35 & 4834, -2 Log likelihood = 3588.196112703778
# Parameters nlstate*nlstate*ncov a12*1 + b12 * age + ...
#model=  1      +     age 
12   21.0940951    1.9790000 
13    2.6614732    2.1560601 
21    2.6661357   -0.0122090 
23  -15.3341487    0.1608478 

Calculation of the hessian matrix. Wait...
1-2-3-4-5-6-7-8-.1-2.1-3.1-4.1-5.1-6.1-7.1-8.2-3.2-4.2-5.2-6.2-7.2-8.3-4.3-5.3-6.3-7.3-8.4-5.4-6.4-7.4-8.5-6.5-7.5-8.6-7.6-8.7-8

Inverting the hessian to get the covariance matrix. Wait...

#Hessian matrix#
3.774220e+001 3.190451e+003 -3.774220e+001 -3.190451e+003 1.873762e+001 1.589348e+003 -2.104686e+001 -1.795280e+003 
3.190451e+003 2.715140e+005 -3.190451e+003 -2.715140e+005 1.589550e+003 1.355866e+005 -1.795271e+003 -1.542200e+005 
-3.774220e+001 -3.190451e+003 3.774220e+001 3.190451e+003 -1.873762e+001 -1.589348e+003 2.104686e+001 1.795280e+003 
-3.190451e+003 -2.715140e+005 3.190451e+003 2.715140e+005 -1.589550e+003 -1.355866e+005 1.795271e+003 1.542200e+005 
1.873762e+001 1.589550e+003 -1.873762e+001 -1.589550e+003 2.341425e+002 1.675355e+004 -3.619627e+001 -3.063687e+003 
1.589348e+003 1.355866e+005 -1.589348e+003 -1.355866e+005 1.675355e+004 1.226894e+006 -3.064103e+003 -2.614230e+005 
-2.104686e+001 -1.795271e+003 2.104686e+001 1.795271e+003 -3.619627e+001 -3.064103e+003 4.531442e+001 3.833399e+003 
-1.795280e+003 -1.542200e+005 1.795280e+003 1.542200e+005 -3.063687e+003 -2.614230e+005 3.833399e+003 3.265799e+005 
Parameters, Wald tests and Wald-based confidence intervals
 W is simply the result of the division of the parameter by the square root of covariance of the parameter.
 And Wald-based confidence intervals plus and minus 1.96 * W 
  It might be better to visualize the covariance matrix. See the page 'Matrix of variance-covariance of one-step probabilities' and its graphs.
12   21.0940951(  14.5306124) W=   1.452 CI=[  -7.3859052 ;   49.5740955]    1.9790000(  -1.#IND000) W=  -1.#IO CI=[  -1.#IND000 ;   -1.#IND000] 
13    2.6614732(  14.0203198) W=   0.190 CI=[ -24.8183537 ;   30.1413001]    2.1560601(  -1.#IND000) W=  -1.#IO CI=[  -1.#IND000 ;   -1.#IND000] 
21    2.6661357(   0.4923463) W=   5.415 CI=[   1.7011370 ;    3.6311345]   -0.0122090(   0.0069939) W=  -1.746 CI=[  -0.0259171 ;    0.0014991] 
23  -15.3341487(   2.1662254) W=  -7.079 CI=[ -19.5799504 ;  -11.0883469]    0.1608478(   0.0259327) W=   6.203 CI=[   0.1100197 ;    0.2116760] 
# Scales (for hessian or gradient estimation)
12 1.00000e-003 1.00000e-005
13 1.00000e-003 1.00000e-005
21 1.00000e-004 1.00000e-006
23 1.00000e-003 1.00000e-005
# Covariance matrix 
# 121 Var(a12)
# 122 Cov(b12,a12) Var(b12)
#   ...
# 232 Cov(b23,a12)  Cov(b23,b12) ... Var (b23)
#121 Var(a12)
#122 Cov(b12,a12) Var(b12)
#131 Cov(a13,a12) Cov(a13,b12) Var(a13)
#132 Cov(b13,a12) Cov(b13,b12) Cov(b13,a13) Var(b13)
#211 Cov(a21,a12) Cov(a21,b12) Cov(a21,a13) Cov(a21,b13) Var(a21)
#212 Cov(b21,a12) Cov(b21,b12) Cov(b21,a13) Cov(b21,b13) Cov(b21,a21) Var(b21)
#231 Cov(a23,a12) Cov(a23,b12) Cov(a23,a13) Cov(a23,b13) Cov(a23,a21) Cov(a23,b21) Var(a23)
#232 Cov(b23,a12) Cov(b23,b12) Cov(b23,a13) Cov(b23,b13) Cov(b23,a21) Cov(b23,b21) Cov(b23,a23) Var(b23)
121 2.1113870e+002
122 -4.39788e+004 -2.1988814e+002
131 2.01062e+002 -4.39789e+004 1.9656937e+002
132 -4.39787e+004 -2.19887e+002 -4.39788e+004 -2.1988578e+002
211 6.91809e+000 5.49491e-002 6.84155e+000 5.58373e-002 2.4240489e-001
212 -9.87753e-002 -7.84496e-004 -9.76397e-002 -7.97629e-004 -3.40862e-003 4.8915010e-005
231 1.00548e+001 1.43323e-001 7.33411e+000 1.75716e-001 2.62488e-001 -3.73026e-003 4.6925323e+000
232 -1.32567e-001 -1.80685e-003 -9.99549e-002 -2.19739e-003 -3.53431e-003 5.09240e-005 -5.59454e-002 6.7250619e-004
# agemin agemax for life expectancy, bage fage (if mle==0 ie no data nor Max likelihood).
# Observed prevalence period
begin-prev-date=1/1/2013 end-prev-date=1/9/2018 mov_average=0
# Health expectancies computed from stable (period) prevalence (pop_based=0) or population based (1)
pop_based=0
# Prevalence forecasting and backcasting is skept here
##prevforecast=0  starting-proj-date=1/1/1989 final-proj-date=1/1/1990 mobil_average=0
#prevforecast=1 yearsfproj=10 mobil_average=0
#prevbackcast=1 yearsbproj=10 mobil_average=1
End of resultlines.

Computing forward period (stable) prevalence: result on file 'PL_GRF.txt' 
Computing pij: result on file 'PIJ_GRF.txt' 
Computing standard deviation of one-step probabilities: result on file 'PROB_rGRF.txt' 
Computing matrix of variance covariance of one-step probabilities: result on file 'PROBCOV_GRF.txt' 
and correlation matrix of one-step probabilities: result on file 'PROBCOR_GRF.txt' 
Prevalence combination of varying and fixed dummies 1
Warning Observed prevalence doesn't sum to 1 for state 2: probs[50][2][1]=0.000000 because of lack of cases.
Warning Observed prevalence doesn't sum to 1 for state 1: probs[96][1][1]=0.000000 because of lack of cases.
Warning Observed prevalence doesn't sum to 1 for state 2: probs[96][2][1]=0.000000 because of lack of cases.
Warning Observed prevalence doesn't sum to 1 for state 1: probs[98][1][1]=0.000000 because of lack of cases.
Warning Observed prevalence doesn't sum to 1 for state 2: probs[98][2][1]=0.000000 because of lack of cases.
Warning Observed prevalence doesn't sum to 1 for state 1: probs[99][1][1]=0.000000 because of lack of cases.
Warning Observed prevalence doesn't sum to 1 for state 2: probs[99][2][1]=0.000000 because of lack of cases.
Warning Observed prevalence doesn't sum to 1 for state 1: probs[100][1][1]=0.000000 because of lack of cases.
Warning Observed prevalence doesn't sum to 1 for state 2: probs[100][2][1]=0.000000 because of lack of cases.
Computing Health Expectancies: result on file 'E_GRF.txt' ...done evsij
Computing Total Life expectancies with their standard errors: file 'T_GRF.txt' ...
  Computing State-specific Expectancies and standard errors: result on file 'STDE_GRF.txt' 
    Computing Covar. of State-specific Expectancies: result on file 'CVE_GRF.txt' 
      Computing Variance-covariance of State-specific Expectancies: file 'V_GRF.txt' ... done State-specific expectancies
Computing Variance-covariance of forward period (stable) prevalence: file 'VPL_GRF.txt' ...done variance-covariance of forward period prevalence
End of Imach with 0 errors and/or warnings 1. Please look at the log file for details.
Local time at start Sat May 25 22:26:15 2024

Local time at end   Sat May 25 22:26:35 2024

Total time used 0 day(s) 0 hour(s) 0 minute(s) 20 second(s)
Total time was 20 Sec.
