Log filename:GRFgali.log
Version 0.99r45 $Revision: 1.353 $ $Date: 2023/05/08 18:48:22 $
Enter the parameter file name: 
pathimach=C:\PROGRA~1\IMACH-~2.99R\bin\
pathtot=C:\Users\mmusz\Dropbox\gender_paradox\data\IMACH\GRFgali.txt
 path=C:\Users\mmusz\Dropbox\gender_paradox\data\IMACH\ 
 optionfile=GRFgali.txt
 optionfilext=txt
 optionfilefiname='GRFgali'
Compiled with: Microsoft Visual Studio for Windows (x64 and x86)  64-bit
The programm is not running under WOW64 (i.e probably on a 64bit Windows).
Local time (at start): Mon May 27 10:58:33 2024
title=gali datafile=dataGRFgali.txt lastobs=15000 firstpass=1 lastpass=2
ftol=1.000000e-018 stepm=3 ncovcol=0 nqv=0 ntv=0 nqtv=0 nlstate=2 ndeath=1 maxwav=2 mle=1 weight=1
model=1+age+
# Parameters nlstate*nlstate*ncov a12*1 + b12 * age + ...
12 0.000000 0.000000
13 0.000000 0.000000
21 0.000000 0.000000
23 0.000000 0.000000
# Scales (for hessian or gradient estimation)
12 0.000000e+000 0.000000e+000
13 0.000000e+000 0.000000e+000
21 0.000000e+000 0.000000e+000
23 0.000000e+000 0.000000e+000
# Covariance matrix
121 0.00000e+000
122 0.00000e+000 0.00000e+000
131 0.00000e+000 0.00000e+000 0.00000e+000
132 0.00000e+000 0.00000e+000 0.00000e+000 0.00000e+000
211 0.00000e+000 0.00000e+000 0.00000e+000 0.00000e+000 0.00000e+000
212 0.00000e+000 0.00000e+000 0.00000e+000 0.00000e+000 0.00000e+000 0.00000e+000
231 0.00000e+000 0.00000e+000 0.00000e+000 0.00000e+000 0.00000e+000 0.00000e+000 0.00000e+000
232 0.00000e+000 0.00000e+000 0.00000e+000 0.00000e+000 0.00000e+000 0.00000e+000 0.00000e+000 0.00000e+000

Model=1+age+
Typevar: 0 for simple covariate (dummy, quantitative, fixed or varying), 1 for age product, 2 for  product, 3 for double product with age  
Fixed[k] 0=fixed (product or simple), 1 varying, 2 fixed with age product, 3 varying with age product 
Dummy[k] 0=dummy (0 1), 1 quantitative (single or product without age), 2 dummy with age product, 3 quant with age product
ncoveff=0, nqfveff=0, ntveff=0, nqtveff=0, cptcovn=0
ncovf=0, ncovv=0, ncova=0, nsd=0, nsq=0
Warning: The value of parameter lastobs=15000 is big compared to the 
  effective number of cases imx=1661, please adjust, 
  otherwise you are allocating more memory than necessary.
Total number of individuals= 1661, Agemin = 51.08, Agemax= 97.33

Information, you have to check 0 informations which haven't been logged!
Delay (in months) between two waves Min=2 (for indiviudal 1338) Max=30 (1475) Mean=23.053582

 Age 51 1.=2 loss[1]=0.0% 2.=0 loss[2]=NaNQ% 1.=2 prev[1]=100.0% 2.=0 prev[2]=0.0% 11=2
Age 52 1.=1 loss[1]=0.0% 2.=0 loss[2]=NaNQ% 1.=1 prev[1]=100.0% 2.=0 prev[2]=0.0% 11=1 12=0
Age 53 1.=1 loss[1]=0.0% 2.=0 loss[2]=NaNQ% 1.=1 prev[1]=100.0% 2.=0 prev[2]=0.0% 11=1
Age 54 1.=2 loss[1]=0.0% 2.=0 loss[2]=NaNQ% 1.=2 prev[1]=100.0% 2.=0 prev[2]=0.0% 11=2
Age 55 1.=2 loss[1]=0.0% 2.=0 loss[2]=0.0% 1.=2 prev[1]=98.8% 2.=0 prev[2]=1.2% 11=1 12=0 22=0
Age 56 1.=1 loss[1]=0.0% 2.=0 loss[2]=0.0% 1.=1 prev[1]=92.3% 2.=0 prev[2]=7.7% 11=1 23=0
Age 57 1.=1 loss[1]=0.0% 2.=0 loss[2]=0.0% 1.=1 prev[1]=95.5% 2.=0 prev[2]=4.5% 11=1 22=0
Age 58 1.=2 loss[1]=0.0% 2.=0 loss[2]=NaNQ% 1.=2 prev[1]=100.0% 2.=0 prev[2]=0.0% 11=2 12=0
Age 59 1.=1 loss[1]=0.0% 2.=0 loss[2]=0.0% 1.=1 prev[1]=94.2% 2.=0 prev[2]=5.8% 11=1 13=0 21=0 22=0
Age 60 1.=2 loss[1]=0.0% 2.=0 loss[2]=0.0% 1.=2 prev[1]=98.9% 2.=0 prev[2]=1.1% 11=2 12=0 22=0
Age 61 1.=2 loss[1]=0.0% 2.=0 loss[2]=0.0% 1.=2 prev[1]=95.9% 2.=0 prev[2]=4.1% 11=2 22=0
Age 62 1.=2 loss[1]=0.0% 2.=0 loss[2]=0.0% 1.=2 prev[1]=97.2% 2.=0 prev[2]=2.8% 11=2 21=0 22=0
Age 63 1.=2 loss[1]=0.0% 2.=0 loss[2]=0.0% 1.=2 prev[1]=95.4% 2.=0 prev[2]=4.6% 11=2 12=0 13=0 21=0 22=0
Age 64 1.=2 loss[1]=0.0% 2.=0 loss[2]=0.0% 1.=2 prev[1]=98.7% 2.=0 prev[2]=1.3% 11=2 13=0 22=0
Age 65 1.=2 loss[1]=0.0% 2.=0 loss[2]=0.0% 1.=2 prev[1]=97.3% 2.=0 prev[2]=2.7% 11=2 12=0 21=0 22=0
Age 66 1.=2 loss[1]=0.0% 2.=0 loss[2]=0.0% 1.=2 prev[1]=96.6% 2.=0 prev[2]=3.4% 11=2 12=0 13=0 21=0 22=0
Age 67 1.=1 loss[1]=0.0% 2.=0 loss[2]=0.0% 1.=1 prev[1]=94.5% 2.=0 prev[2]=5.5% 11=1 22=0
Age 68 1.=1 loss[1]=0.0% 2.=0 loss[2]=0.0% 1.=1 prev[1]=94.8% 2.=0 prev[2]=5.2% 11=1 21=0
Age 69 1.=2 loss[1]=0.0% 2.=0 loss[2]=0.0% 1.=2 prev[1]=96.6% 2.=0 prev[2]=3.4% 11=2 13=0 21=0
Age 70 1.=2 loss[1]=0.0% 2.=0 loss[2]=0.0% 1.=2 prev[1]=95.5% 2.=0 prev[2]=4.5% 11=2 12=0 22=0
Age 71 1.=2 loss[1]=0.0% 2.=0 loss[2]=0.0% 1.=2 prev[1]=94.9% 2.=0 prev[2]=5.1% 11=2 12=0 21=0 22=0
Age 72 1.=1 loss[1]=0.0% 2.=0 loss[2]=0.0% 1.=1 prev[1]=92.8% 2.=0 prev[2]=7.2% 11=1 12=0 13=0 21=0 22=0
Age 73 1.=1 loss[1]=0.0% 2.=0 loss[2]=0.0% 1.=1 prev[1]=94.3% 2.=0 prev[2]=5.7% 11=1 12=0 13=0 22=0
Age 74 1.=1 loss[1]=0.0% 2.=0 loss[2]=0.0% 1.=1 prev[1]=89.2% 2.=0 prev[2]=10.8% 11=1 21=0 22=0
Age 75 1.=1 loss[1]=0.0% 2.=0 loss[2]=0.0% 1.=1 prev[1]=90.1% 2.=0 prev[2]=9.9% 11=1 13=0 21=0 22=0
Age 76 1.=1 loss[1]=0.0% 2.=0 loss[2]=0.0% 1.=1 prev[1]=85.3% 2.=0 prev[2]=14.7% 11=1 12=0 13=0 21=0 22=0 23=0
Age 77 1.=1 loss[1]=0.0% 2.=0 loss[2]=0.0% 1.=1 prev[1]=84.1% 2.=0 prev[2]=15.9% 11=1 12=0 13=0 21=0 22=0
Age 78 1.=1 loss[1]=0.0% 2.=0 loss[2]=0.0% 1.=1 prev[1]=92.2% 2.=0 prev[2]=7.8% 11=1 12=0 13=0 22=0
Age 79 1.=1 loss[1]=0.0% 2.=0 loss[2]=0.0% 1.=1 prev[1]=81.7% 2.=0 prev[2]=18.3% 11=1 12=0 13=0 21=0 22=0 23=0
Age 80 1.=2 loss[1]=0.0% 2.=0 loss[2]=0.0% 1.=2 prev[1]=81.5% 2.=0 prev[2]=18.5% 11=1 12=0 13=0 21=0 22=0 23=0
Age 81 1.=2 loss[1]=0.0% 2.=0 loss[2]=0.0% 1.=2 prev[1]=81.9% 2.=0 prev[2]=18.1% 11=1 12=0 13=0 22=0 23=0
Age 82 1.=1 loss[1]=0.0% 2.=0 loss[2]=0.0% 1.=1 prev[1]=82.2% 2.=0 prev[2]=17.8% 11=1 12=0 13=0 21=0 22=0
Age 83 1.=1 loss[1]=0.0% 2.=0 loss[2]=0.0% 1.=1 prev[1]=80.4% 2.=0 prev[2]=19.6% 11=1 12=0 13=0 22=0 23=0
Age 84 1.=1 loss[1]=0.0% 2.=0 loss[2]=0.0% 1.=1 prev[1]=81.8% 2.=0 prev[2]=18.2% 11=1 12=0 13=0 22=0 23=0
Age 85 1.=1 loss[1]=0.0% 2.=0 loss[2]=0.0% 1.=1 prev[1]=77.9% 2.=0 prev[2]=22.1% 11=0 13=0 22=0 23=0
Age 86 1.=1 loss[1]=0.0% 2.=0 loss[2]=0.0% 1.=1 prev[1]=57.0% 2.=0 prev[2]=43.0% 11=0 13=0 21=0 22=0 23=0
Age 87 1.=1 loss[1]=0.0% 2.=0 loss[2]=0.0% 1.=1 prev[1]=84.6% 2.=0 prev[2]=15.4% 11=0 12=0 13=0 21=0 22=0 23=0
Age 88 1.=1 loss[1]=0.0% 2.=0 loss[2]=0.0% 1.=1 prev[1]=76.4% 2.=0 prev[2]=23.6% 11=0 12=0 13=0 21=0 23=0
Age 89 1.=0 loss[1]=0.0% 2.=0 loss[2]=0.0% 1.=0 prev[1]=64.0% 2.=0 prev[2]=36.0% 11=0 12=0 13=0 21=0 22=0 23=0
Age 90 1.=0 loss[1]=0.0% 2.=0 loss[2]=0.0% 1.=0 prev[1]=29.8% 2.=0 prev[2]=70.2% 11=0 23=0
Age 91 1.=0 loss[1]=0.0% 2.=0 loss[2]=0.0% 1.=0 prev[1]=80.4% 2.=0 prev[2]=19.6% 11=0 13=0 23=0
Age 92 1.=0 loss[1]=0.0% 2.=0 loss[2]=NaNQ% 1.=0 prev[1]=100.0% 2.=0 prev[2]=0.0% 11=0 13=0
Age 93 1.=0 loss[1]=0.0% 2.=0 loss[2]=NaNQ% 1.=0 prev[1]=100.0% 2.=0 prev[2]=0.0% 13=0
Age 94 1.=0 loss[1]=0.0% 2.=0 loss[2]=0.0% 1.=0 prev[1]=50.6% 2.=0 prev[2]=49.4% 13=0 22=0
Age 95 1.=0 loss[1]=0.0% 2.=0 loss[2]=NaNQ% 1.=0 prev[1]=100.0% 2.=0 prev[2]=0.0% 13=0
Age 96 1.=0 loss[1]=NaNQ% 2.=0 loss[2]=NaNQ% 1.=0 prev[1]=NaNQ% 2.=0 prev[2]=NaNQ%
Age 97 1.=0 loss[1]=NaNQ% 2.=0 loss[2]=0.0% 1.=0 prev[1]=0.0% 2.=0 prev[2]=100.0% 23=0
1 1.=0 loss[1]=NaNQ% 2.=0 loss[2]=NaNQ% 1.=0 prev[1]=NaNQ% 2.=0 prev[2]=NaNQ%
0 1.=0 loss[1]=NaNQ% 2.=0 loss[2]=NaNQ% 1.=0 prev[1]=NaNQ% 2.=0 prev[2]=NaNQ%
Total 1.=57 loss[1]=0.0% 2.=5 loss[2]=0.0% 1.=57 prev[1]=91.3% 2.=5 prev[2]=8.7% 11=51 12=2 13=4 21=1 22=3 23=1


12    0.0000000 ln(2/51)=   -3.2718467 
13    0.0000000 ln(4/51)=   -2.6590261 
21    0.0000000 ln(1/3)=   -0.8884485 
23    0.0000000 ln(1/3)=   -0.7516846 

 -1-1=0 -10=0 -11=0 -12=0 -13=0 0-1=0 00=0 01=0 02=0 03=0 1-1=0 10=0 11=51 12=2 13=4 2-1=0 20=0 21=1 22=3 23=1 3-1=0 30=0 31=0 32=0 33=0
Powell

Powell iter=1 Big Iter=1 -2*LL=12576.320786012702 gain=0 0 sec. 1 sec.
#model=  1      +     age 
12    0.0000000    0.0000000 
13    0.0000000    0.0000000 
21    0.0000000    0.0000000 
23    0.0000000    0.0000000 
1......2..................3........4..................5......6.................7........8..............................Gaining to use new average direction of P0 P8 instead of biggest increase direction 5 :

Powell iter=2 Big Iter=2 -2*LL=4069.187677552970 gain=8.51e+003 1 sec. 2 sec.
#model=  1      +     age 
12    6.4784312   -0.0034359 
13   -0.9341797    0.0034076 
21    2.4592417   -0.0010111 
23   -0.9812234    0.0024608 

Considering the time needed for this last iteration #2: 1 seconds,
   - if your program needs 1 BIG iterations  (2 iterations) to converge, convergence will be 
   reached in 0 day(s) 0 hour(s) 0 minute(s) 0 second(s) i.e.
   on Mon May 27 10:58:35 2024 (current time is Mon May 27 10:58:35 2024);
   - if your program needs 11 BIG iterations  (22 iterations) to converge, convergence will be 
   reached in 0 day(s) 0 hour(s) 0 minute(s) 20 second(s) i.e.
   on Mon May 27 10:58:55 2024 (current time is Mon May 27 10:58:35 2024);
   - if your program needs 21 BIG iterations  (42 iterations) to converge, convergence will be 
   reached in 0 day(s) 0 hour(s) 0 minute(s) 40 second(s) i.e.
   on Mon May 27 10:59:15 2024 (current time is Mon May 27 10:58:35 2024);
   - if your program needs 31 BIG iterations  (62 iterations) to converge, convergence will be 
   reached in 0 day(s) 0 hour(s) 1 minute(s) 0 second(s) i.e.
   on Mon May 27 10:59:35 2024 (current time is Mon May 27 10:58:35 2024);
1.........2...................3.......4..................5................6...................7.........8................Gaining to use new average direction of P0 P8 instead of biggest increase direction 1 :

Powell iter=3 Big Iter=2 -2*LL=2658.154293052012 gain=1.41e+003 2 sec. 4 sec.
#model=  1      +     age 
12   -3.0295074   -0.0053374 
13   -5.1323963    0.0264894 
21    1.2086771   -0.0023594 
23   -1.1155961   -0.0227367 

Considering the time needed for this last iteration #3: 2 seconds,
   - if your program needs 1 BIG iterations  (2 iterations) to converge, convergence will be 
   reached in 0 day(s) 0 hour(s) 0 minute(s) -2 second(s) i.e.
   on Mon May 27 10:58:35 2024 (current time is Mon May 27 10:58:37 2024);
   - if your program needs 11 BIG iterations  (22 iterations) to converge, convergence will be 
   reached in 0 day(s) 0 hour(s) 0 minute(s) 38 second(s) i.e.
   on Mon May 27 10:59:15 2024 (current time is Mon May 27 10:58:37 2024);
   - if your program needs 21 BIG iterations  (42 iterations) to converge, convergence will be 
   reached in 0 day(s) 0 hour(s) 1 minute(s) 18 second(s) i.e.
   on Mon May 27 10:59:55 2024 (current time is Mon May 27 10:58:37 2024);
   - if your program needs 31 BIG iterations  (62 iterations) to converge, convergence will be 
   reached in 0 day(s) 0 hour(s) 1 minute(s) 58 second(s) i.e.
   on Mon May 27 11:00:35 2024 (current time is Mon May 27 10:58:37 2024);
1........2..............3........4..................5.................6.................7.........8...........directest= 1177.125983694730 (if directest<0 or t<0 we include P0 Pn as new direction), t= -386113.161905139680, f1= 2658.154293052012,f2= 2287.840070538350,f3= 3452.446550184412, del= 178.897359232497
f1-2f2+f3= 1534.920702159724, f1-f2-del= 191.416863281165, f1-f3= -794.292257132400

Powell iter=4 Big Iter=3 -2*LL=2287.840070538350 gain=370 1 sec. 5 sec.
#model=  1      +     age 
12   -1.8969880   -0.0078360 
13   -6.5114377    0.0303060 
21    1.7261460    0.0089994 
23   -1.1349967   -0.0228575 
1.........2...............3.........4..................5.................6................7.........8...................Gaining to use new average direction of P0 P8 instead of biggest increase direction 8 :

Powell iter=5 Big Iter=3 -2*LL=2209.526003884444 gain=78.3 0 sec. 5 sec.
#model=  1      +     age 
12   -3.0117359    0.0087146 
13   -8.0199640    0.0540590 
21    1.7136428    0.0328427 
23   -3.7338721    0.0649024 
1.........2..............3.........4....................5..................6..................7..........8..........directest= 710.274418202066 (if directest<0 or t<0 we include P0 Pn as new direction), t= -11913584.538742244000, f1= 2209.526003884444,f2= 2136.095410348959,f3= 2843.521502538999, del= 35.291133761729
f1-2f2+f3= 780.856685725525, f1-f2-del= 38.139459773756, f1-f3= -633.995498654554

Powell iter=6 Big Iter=4 -2*LL=2136.095410348959 gain=73.4 1 sec. 6 sec.
#model=  1      +     age 
12   -3.2736818    0.0155884 
13   -9.3255852    0.0664116 
21    1.7883100    0.0435338 
23   -5.1978628    0.0996114 
1.........2..............3.........4....................5...................6...................7..........8.................Gaining to use new average direction of P0 P8 instead of biggest increase direction 3 :

Powell iter=7 Big Iter=4 -2*LL=2066.866769112744 gain=69.2 2 sec. 8 sec.
#model=  1      +     age 
12   -4.1860811    0.0268885 
13  -12.2023369    0.0889395 
21    1.6996155    0.0588365 
23   -7.3330564    0.1521672 
1.........2..........3..........4...................5..................6..............7..........8........
Powell iter=8 Big Iter=5 -2*LL=2040.082440043039 gain=26.8 1 sec. 9 sec.
#model=  1      +     age 
12   -4.5219342    0.0301492 
13  -13.4931455    0.0961104 
21    1.6589047    0.0640544 
23   -8.2145365    0.1673665 
1.........2..........3.........4...................5..................6..........7.........8..............Gaining to use new average direction of P0 P8 instead of biggest increase direction 8 :

Powell iter=9 Big Iter=5 -2*LL=1994.192993396733 gain=45.9 1 sec. 10 sec.
#model=  1      +     age 
12   -5.0979165    0.0443808 
13  -17.9281806    0.1451154 
21    1.7619539    0.0832251 
23  -11.4245349    0.2204857 
1........2............3..........4...................5..................6..........7.........8.......
Powell iter=10 Big Iter=6 -2*LL=1972.813017014991 gain=21.4 1 sec. 11 sec.
#model=  1      +     age 
12   -5.5737590    0.0492203 
13  -19.2045087    0.1687136 
21    1.6726038    0.0887288 
23  -12.3250412    0.2325430 
1........2............3..........4...................5...................6..........7.........8...............Gaining to use new average direction of P0 P8 instead of biggest increase direction 1 :

Powell iter=11 Big Iter=6 -2*LL=1952.520337248460 gain=20.3 1 sec. 12 sec.
#model=  1      +     age 
12   -6.6304031    0.0615503 
13  -21.1322245    0.2034220 
21    1.4456260    0.0991739 
23  -13.8361671    0.2568078 
1........2............3..........4...................5..................6............7..........8.........directest= 35.074732446950 (if directest<0 or t<0 we include P0 Pn as new direction), t= -617.034830140428, f1= 1952.520337248460,f2= 1949.765675016786,f3= 1983.864068949845, del= 0.889161858892
f1-2f2+f3= 36.853056164734, f1-f2-del= 1.865500372782, f1-f3= -31.343731701385

Powell iter=12 Big Iter=7 -2*LL=1949.765675016786 gain=2.75 2 sec. 14 sec.
#model=  1      +     age 
12   -6.7940481    0.0627110 
13  -21.6956809    0.2108596 
21    1.4170930    0.1012162 
23  -14.1834370    0.2606476 
1........2...........3...........4....................5...................6............7..........8................Gaining to use new average direction of P0 P8 instead of biggest increase direction 8 :

Powell iter=13 Big Iter=7 -2*LL=1948.482213031060 gain=1.28 2 sec. 16 sec.
#model=  1      +     age 
12   -7.0836347    0.0674400 
13  -22.8602796    0.2246354 
21    1.3880705    0.1060805 
23  -14.9525980    0.2727833 
1........2...........3...........4....................5...................6...........7..........8........
Powell iter=14 Big Iter=8 -2*LL=1947.618518472726 gain=0.864 2 sec. 18 sec.
#model=  1      +     age 
12   -7.0914342    0.0675128 
13  -22.7792842    0.2229263 
21    1.3714476    0.1052953 
23  -14.8146205    0.2701683 
1........2...........3..........4....................5....................6...........7..........8...............Gaining to use new average direction of P0 P8 instead of biggest increase direction 1 :

Powell iter=15 Big Iter=8 -2*LL=1942.512036232622 gain=5.11 2 sec. 20 sec.
#model=  1      +     age 
12   -7.4342836    0.0735225 
13  -22.1085660    0.2091131 
21    1.1546033    0.1003681 
23  -13.6759599    0.2529479 
1.......2.............3..........4....................5..................6...........7..........8.........
Powell iter=16 Big Iter=9 -2*LL=1939.188566383122 gain=3.32 2 sec. 22 sec.
#model=  1      +     age 
12   -7.6415826    0.0753861 
13  -22.0891808    0.2073348 
21    1.0595072    0.0994971 
23  -13.3697150    0.2482488 
1........2.............3..........4....................5..................6..........7..........8................Gaining to use new average direction of P0 P8 instead of biggest increase direction 2 :

Powell iter=17 Big Iter=9 -2*LL=1926.000454335881 gain=13.2 3 sec. 25 sec.
#model=  1      +     age 
12  -10.5981533    0.1134158 
13  -26.7202111    0.2560551 
21    0.1262257    0.1118618 
23  -13.8677089    0.2551968 
1......2.........3..........4...................5..................6..............7.........8.........
Powell iter=18 Big Iter=10 -2*LL=1923.147804111424 gain=2.85 2 sec. 27 sec.
#model=  1      +     age 
12  -10.7740869    0.1146799 
13  -26.6848481    0.2594223 
21    0.0333048    0.1104296 
23  -13.4808334    0.2469696 
1......2.........3..........4....................5..................6.............7.........8...............Gaining to use new average direction of P0 P8 instead of biggest increase direction 3 :

Powell iter=19 Big Iter=10 -2*LL=1917.943263693021 gain=5.2 2 sec. 29 sec.
#model=  1      +     age 
12  -11.4300327    0.1214977 
13  -25.2175304    0.2469957 
21   -0.4399249    0.0976769 
23  -10.6767994    0.1950988 
1.......2.........3.........4...................5..................6............7..........8........
Powell iter=20 Big Iter=11 -2*LL=1916.003116345381 gain=1.94 2 sec. 31 sec.
#model=  1      +     age 
12  -11.6099916    0.1247351 
13  -25.1851590    0.2467695 
21   -0.5342749    0.0962477 
23  -10.3161161    0.1876431 
1.......2.........3.........4....................5..................6.............7..........8...............Gaining to use new average direction of P0 P8 instead of biggest increase direction 1 :

Powell iter=21 Big Iter=11 -2*LL=1914.812472067064 gain=1.19 2 sec. 33 sec.
#model=  1      +     age 
12  -11.6615312    0.1266488 
13  -24.9430242    0.2475133 
21   -0.5953611    0.0938668 
23   -9.8691524    0.1773313 
1........2........3.........4.....................5..................6.............7..........8........directest= 0.541634314588 (if directest<0 or t<0 we include P0 Pn as new direction), t= -0.006701101503, f1= 1914.812472067064,f2= 1914.735293317184,f3= 1915.278090967532, del= 0.039171042820
f1-2f2+f3= 0.619976400228, f1-f2-del= 0.038007707060, f1-f3= -0.465618900468

Powell iter=22 Big Iter=12 -2*LL=1914.735293317184 gain=0.0772 2 sec. 35 sec.
#model=  1      +     age 
12  -11.7959554    0.1283860 
13  -25.2284198    0.2513438 
21   -0.6318151    0.0947793 
23   -9.9588420    0.1784561 
1........2........3.........4.....................5..................6..........7..........8........
Powell iter=23 Big Iter=12 -2*LL=1914.725854712757 gain=0.00944 2 sec. 37 sec.
#model=  1      +     age 
12  -11.8634231    0.1292223 
13  -25.2752793    0.2520385 
21   -0.6597802    0.0946723 
23   -9.8968913    0.1771987 
1........2........3.........4...................5..................6...........7..........8..............Gaining to use new average direction of P0 P8 instead of biggest increase direction 1 :

Powell iter=24 Big Iter=13 -2*LL=1914.724540145916 gain=0.00131 1 sec. 38 sec.
#model=  1      +     age 
12  -11.8891511    0.1295293 
13  -25.2825613    0.2522220 
21   -0.6717741    0.0945519 
23   -9.8576765    0.1764185 
1........................2........3.........4...................5............................6...........7..........8.......
Powell iter=25 Big Iter=13 -2*LL=1914.724272953439 gain=0.000267 3 sec. 41 sec.
#model=  1      +     age 
12  -11.8858441    0.1294816 
13  -25.2772294    0.2521542 
21   -0.6708147    0.0945313 
23   -9.8552915    0.1763849 
1.........2........3.............4...................5............................6..........7..........8.............Gaining to use new average direction of P0 P8 instead of biggest increase direction 4 :

Powell iter=26 Big Iter=14 -2*LL=1914.721684150489 gain=0.00259 2 sec. 43 sec.
#model=  1      +     age 
12  -11.8515207    0.1290022 
13  -25.2315757    0.2516104 
21   -0.6612015    0.0942711 
23   -9.8166440    0.1757982 
1........2........3.........4......5..................6............7............8..............Gaining to use new average direction of P0 P8 instead of biggest increase direction 3 :

Powell iter=27 Big Iter=14 -2*LL=1914.718456918336 gain=0.00323 1 sec. 44 sec.
#model=  1      +     age 
12  -11.8351131    0.1287727 
13  -25.2327760    0.2515816 
21   -0.6560389    0.0941403 
23   -9.7882552    0.1754157 
1........2........3.......4.........5..................6.............7..........8......
Powell iter=28 Big Iter=15 -2*LL=1914.716408307271 gain=0.00205 2 sec. 46 sec.
#model=  1      +     age 
12  -11.8298655    0.1287191 
13  -25.2327902    0.2516846 
21   -0.6548715    0.0940673 
23   -9.7735071    0.1751219 
1........2........3.......4...............5..................6.........7..........8.............Gaining to use new average direction of P0 P8 instead of biggest increase direction 8 :

Powell iter=29 Big Iter=15 -2*LL=1914.689890021918 gain=0.0265 2 sec. 48 sec.
#model=  1      +     age 
12  -11.7998681    0.1284944 
13  -25.4537948    0.2548539 
21   -0.6456853    0.0933337 
23   -9.5365127    0.1713185 
1........2........3......4.......5..................6..........7..........8................Gaining to use new average direction of P0 P8 instead of biggest increase direction 1 :

Powell iter=30 Big Iter=16 -2*LL=1914.625993147694 gain=0.0639 1 sec. 49 sec.
#model=  1      +     age 
12  -11.8247248    0.1289860 
13  -26.0979276    0.2628222 
21   -0.6433511    0.0928652 
23   -9.1999095    0.1665692 
1........2.........3......4.......5..................6............7...........8................Gaining to use new average direction of P0 P8 instead of biggest increase direction 1 :

Powell iter=31 Big Iter=16 -2*LL=1914.584068745885 gain=0.0419 2 sec. 51 sec.
#model=  1      +     age 
12  -11.8480172    0.1293616 
13  -26.6150851    0.2691608 
21   -0.6412810    0.0926090 
23   -8.9564437    0.1632138 
1........2........3.......4......5..................6.............7............8...............Gaining to use new average direction of P0 P8 instead of biggest increase direction 8 :

Powell iter=32 Big Iter=17 -2*LL=1914.557083328077 gain=0.027 2 sec. 53 sec.
#model=  1      +     age 
12  -11.8515471    0.1294494 
13  -27.0052696    0.2738517 
21   -0.6350216    0.0923178 
23   -8.7521185    0.1603992 
1.......2.........3.......4......5..................6...........7............8...............Gaining to use new average direction of P0 P8 instead of biggest increase direction 1 :

Powell iter=33 Big Iter=17 -2*LL=1914.458997495727 gain=0.0981 1 sec. 54 sec.
#model=  1      +     age 
12  -11.8768382    0.1297740 
13  -28.0372373    0.2856461 
21   -0.6191394    0.0919712 
23   -8.3025726    0.1548488 
1.....2........3......4.....5..................6............7..........8........
Powell iter=34 Big Iter=18 -2*LL=1914.399743320429 gain=0.0593 2 sec. 56 sec.
#model=  1      +     age 
12  -11.8870844    0.1298715 
13  -28.1662073    0.2867454 
21   -0.6143198    0.0923587 
23   -8.3465283    0.1560627 
1.......2........3.......4......5..................6.............7..........8...............Gaining to use new average direction of P0 P8 instead of biggest increase direction 1 :

Powell iter=35 Big Iter=18 -2*LL=1914.288233418038 gain=0.112 1 sec. 57 sec.
#model=  1      +     age 
12  -11.9472919    0.1304174 
13  -28.7781263    0.2924927 
21   -0.5969296    0.0941823 
23   -8.5534500    0.1614150 
1........2........3.......4......5..................6.............7............8..........directest= 0.073472090118 (if directest<0 or t<0 we include P0 Pn as new direction), t= -0.000004732083, f1= 1914.288233418038,f2= 1914.286790634536,f3= 1914.360641341390, del= 0.000910700119
f1-2f2+f3= 0.075293490356, f1-f2-del= 0.000532083383, f1-f3= -0.072407923352

Powell iter=36 Big Iter=19 -2*LL=1914.286790634536 gain=0.00144 2 sec. 59 sec.
#model=  1      +     age 
12  -11.9466317    0.1304167 
13  -28.8608608    0.2934050 
21   -0.5929217    0.0942813 
23   -8.5497113    0.1614841 
1........2........3............4.......5..................6............7.....................8.........
Powell iter=37 Big Iter=19 -2*LL=1914.286679330357 gain=0.000111 2 sec. 61 sec.
#model=  1      +     age 
12  -11.9461147    0.1304144 
13  -28.8793423    0.2935915 
21   -0.5922476    0.0942711 
23   -8.5411943    0.1613875 
1...............2............3.............4.................5....................6..............7..........8.......................
Powell iter=38 Big Iter=20 -2*LL=1914.286675592276 gain=3.74e-006 2 sec. 63 sec.
#model=  1      +     age 
12  -11.9459357    0.1304122 
13  -28.8784214    0.2935774 
21   -0.5922319    0.0942670 
23   -8.5409868    0.1613821 
1....................2.................3.................4................5......................6..............7..........8...................................Gaining to use new average direction of P0 P8 instead of biggest increase direction 7 :

Powell iter=39 Big Iter=20 -2*LL=1914.286664249401 gain=1.13e-005 2 sec. 65 sec.
#model=  1      +     age 
12  -11.9455357    0.1304066 
13  -28.8687778    0.2934589 
21   -0.5925170    0.0942386 
23   -8.5425790    0.1613720 
1............2.........3...............4.............5..................6..........7.........8........
Powell iter=40 Big Iter=21 -2*LL=1914.286648633040 gain=1.56e-005 2 sec. 67 sec.
#model=  1      +     age 
12  -11.9455222    0.1304064 
13  -28.8669886    0.2934394 
21   -0.5926547    0.0942197 
23   -8.5426404    0.1613534 
1...........2........3..........4.....................5......................6.............7............8..................Gaining to use new average direction of P0 P8 instead of biggest increase direction 8 :

Powell iter=41 Big Iter=21 -2*LL=1905.117279018032 gain=9.17 2 sec. 69 sec.
#model=  1      +     age 
12  -12.0532600    0.1311699 
13  -25.6621791    0.2582061 
21   -0.9572813    0.0329824 
23   -9.6423097    0.1084313 
1.......2........3......4........5....................6..................7.....8.............directest= 1319.089728136001 (if directest<0 or t<0 we include P0 Pn as new direction), t= -3931269.294195600300, f1= 1905.117279018032,f2= 1900.535918996325,f3= 3219.610831015207, del= 2.283271952294
f1-2f2+f3= 1323.656272040589, f1-f2-del= 2.298088069413, f1-f3= -1314.493551997176

Powell iter=42 Big Iter=22 -2*LL=1900.535918996325 gain=4.58 2 sec. 71 sec.
#model=  1      +     age 
12  -12.6818695    0.1386288 
13  -29.3376245    0.2988037 
21   -1.0894924    0.0311840 
23   -8.8494892    0.0976538 
1........2........3......4.......5..................6..................7.......8......................Gaining to use new average direction of P0 P8 instead of biggest increase direction 7 :

Powell iter=43 Big Iter=22 -2*LL=1865.526945407306 gain=35 2 sec. 73 sec.
#model=  1      +     age 
12  -14.9279649    0.1560341 
13  -40.3750480    0.4017073 
21   -1.6828888   -0.0009260 
23   -7.1948310    0.0589104 
1.......2........3........4.......5................6...............7...........8...........directest= 405.457389598183 (if directest<0 or t<0 we include P0 Pn as new direction), t= -122553.884773970810, f1= 1865.526945407306,f2= 1806.119776125937,f3= 2185.704486231363, del= 16.767244894306
f1-2f2+f3= 438.991879386795, f1-f2-del= 42.639924387063, f1-f3= -320.177540824058

Powell iter=44 Big Iter=23 -2*LL=1806.119776125937 gain=59.4 2 sec. 75 sec.
#model=  1      +     age 
12  -13.5909946    0.1333062 
13  -34.5390467    0.3309051 
21   -1.3596584   -0.0143847 
23   -9.1828464    0.0803307 
1.......2.......3.......4......5................6..............7..........8.........
Powell iter=45 Big Iter=23 -2*LL=1774.420160886588 gain=31.7 1 sec. 76 sec.
#model=  1      +     age 
12  -12.8819440    0.1209229 
13  -28.7685458    0.2631807 
21   -1.2381331   -0.0202767 
23  -11.7692301    0.1124660 
1......2........3......4......5................6............7..........8................Gaining to use new average direction of P0 P8 instead of biggest increase direction 2 :

Powell iter=46 Big Iter=24 -2*LL=1759.087332735905 gain=15.3 2 sec. 78 sec.
#model=  1      +     age 
12  -12.4082968    0.1109704 
13  -26.8202671    0.2432236 
21   -1.0862082   -0.0240819 
23  -13.3645388    0.1331687 
1......2.........3......4.......5.................6...........7..........8..............Gaining to use new average direction of P0 P8 instead of biggest increase direction 1 :

Powell iter=47 Big Iter=24 -2*LL=1748.233964756441 gain=10.9 2 sec. 80 sec.
#model=  1      +     age 
12  -12.5640448    0.1112305 
13  -31.6358420    0.3049180 
21   -1.0006138   -0.0232713 
23  -12.0582162    0.1198463 
1........2.........3......4.......5..................6............7..........8.......
Powell iter=48 Big Iter=25 -2*LL=1739.090366129715 gain=9.14 2 sec. 82 sec.
#model=  1      +     age 
12  -13.0627336    0.1167578 
13  -34.9839483    0.3448197 
21   -1.1040784   -0.0228761 
23  -11.0342153    0.1069532 
1........2.........3......4.......5...................6...........7..........8...............Gaining to use new average direction of P0 P8 instead of biggest increase direction 8 :

Powell iter=49 Big Iter=25 -2*LL=1730.442304665489 gain=8.65 1 sec. 83 sec.
#model=  1      +     age 
12  -13.9321848    0.1269327 
13  -41.1467608    0.4188372 
21   -1.2902657   -0.0221102 
23   -8.7230517    0.0778875 
1........2..........3......4......5..................6...........7..........8........directest= 3.934548434334 (if directest<0 or t<0 we include P0 Pn as new direction), t= -0.688487532336, f1= 1730.442304665489,f2= 1729.886399823493,f3= 1733.633632831457, del= 0.184294707813
f1-2f2+f3= 4.303137849960, f1-f2-del= 0.371610134183, f1-f3= -3.191328165968

Powell iter=50 Big Iter=26 -2*LL=1729.886399823493 gain=0.556 2 sec. 85 sec.
#model=  1      +     age 
12  -13.8202406    0.1256950 
13  -40.6567970    0.4130934 
21   -1.2726194   -0.0221994 
23   -8.5848024    0.0755958 
1........2.........3......4......5...................6...........7..........8.................Gaining to use new average direction of P0 P8 instead of biggest increase direction 4 :

Powell iter=51 Big Iter=26 -2*LL=1687.999017951346 gain=41.9 2 sec. 87 sec.
#model=  1      +     age 
12   -9.9436671    0.0708927 
13  -24.0988640    0.2407068 
21   -0.5102137   -0.0368133 
23   -8.0497358    0.0638789 
1........2..........3......4........5...................6................7...........8............directest= 1836.261524847125 (if directest<0 or t<0 we include P0 Pn as new direction), t= -9812177.987642459600, f1= 1687.999017951346,f2= 1681.062777509680,f3= 3516.293915311804, del= 2.952926698332
f1-2f2+f3= 1842.167378243790, f1-f2-del= 3.983313743334, f1-f3= -1828.294897360458

Powell iter=52 Big Iter=27 -2*LL=1681.062777509680 gain=6.94 2 sec. 89 sec.
#model=  1      +     age 
12   -9.7529251    0.0685899 
13  -22.3511477    0.2204812 
21   -0.4831728   -0.0331114 
23   -8.6602845    0.0681863 
1........2..........3.......4........5.................6...............7...........8..................Gaining to use new average direction of P0 P8 instead of biggest increase direction 3 :

Powell iter=53 Big Iter=27 -2*LL=1674.742526889645 gain=6.32 1 sec. 90 sec.
#model=  1      +     age 
12  -10.5381447    0.0750701 
13  -21.1175112    0.2067157 
21   -0.7062586   -0.0302466 
23  -12.3825792    0.1106969 
1........2..........3............4........5..................6..............7...........8........directest= 3.261535620381 (if directest<0 or t<0 we include P0 Pn as new direction), t= -0.031585903026, f1= 1674.742526889645,f2= 1674.069650364485,f3= 1677.146462047782, del= 0.244076294038
f1-2f2+f3= 3.749688208456, f1-f2-del= 0.428800231122, f1-f3= -2.403935158137

Powell iter=54 Big Iter=28 -2*LL=1674.069650364485 gain=0.673 2 sec. 92 sec.
#model=  1      +     age 
12  -10.6583458    0.0767061 
13  -20.9485835    0.2045688 
21   -0.7471033   -0.0303586 
23  -12.6991291    0.1147141 
1........2..........3............4........5..................6...............7...........8...............Gaining to use new average direction of P0 P8 instead of biggest increase direction 1 :

Powell iter=55 Big Iter=28 -2*LL=1671.449815794729 gain=2.62 2 sec. 94 sec.
#model=  1      +     age 
12  -11.9939851    0.0954768 
13  -20.8435078    0.2028690 
21   -1.1690172   -0.0247930 
23  -15.0658322    0.1430338 
1........2..........3.............4........5..................6...............7..........8........directest= 2.231927507797 (if directest<0 or t<0 we include P0 Pn as new direction), t= -0.497901161541, f1= 1671.449815794729,f2= 1671.278618483316,f3= 1673.568290745066, del= 0.114471032683
f1-2f2+f3= 2.460869573164, f1-f2-del= 0.056726278730, f1-f3= -2.118474950338

Powell iter=56 Big Iter=29 -2*LL=1671.278618483316 gain=0.171 2 sec. 96 sec.
#model=  1      +     age 
12  -12.0776810    0.0964319 
13  -20.7092501    0.2017304 
21   -1.2001973   -0.0243671 
23  -15.2682937    0.1451179 
1........2..........3.............4........5..................6...............7...........8................Gaining to use new average direction of P0 P8 instead of biggest increase direction 3 :

Powell iter=57 Big Iter=29 -2*LL=1670.554051410016 gain=0.725 2 sec. 98 sec.
#model=  1      +     age 
12  -12.2120477    0.0982721 
13  -19.7742095    0.1914602 
21   -1.3022598   -0.0228037 
23  -15.1937527    0.1440947 
1........2..........3........4........5...................6...............7..........8...............Gaining to use new average direction of P0 P8 instead of biggest increase direction 2 :

Powell iter=58 Big Iter=30 -2*LL=1668.898537024728 gain=1.66 2 sec. 100 sec.
#model=  1      +     age 
12  -12.5073115    0.1022326 
13  -19.1322521    0.1842367 
21   -1.5037156   -0.0200740 
23  -14.1797463    0.1324394 
1........2........3........4........5..................6...............7..........8...............Gaining to use new average direction of P0 P8 instead of biggest increase direction 8 :

Powell iter=59 Big Iter=30 -2*LL=1667.413387228913 gain=1.49 1 sec. 101 sec.
#model=  1      +     age 
12  -12.8408319    0.1069528 
13  -19.4343044    0.1882382 
21   -1.7174644   -0.0171552 
23  -12.2922773    0.1107124 
1........2.......3........4........5..................6...............7..........8................Gaining to use new average direction of P0 P8 instead of biggest increase direction 2 :

Powell iter=60 Big Iter=31 -2*LL=1665.343570204280 gain=2.07 2 sec. 103 sec.
#model=  1      +     age 
12  -13.4802727    0.1149730 
13  -20.5173051    0.2007406 
21   -2.0242009   -0.0133782 
23  -10.4264480    0.0892667 
1........2........3........4........5..................6...............7..........8.......
Powell iter=61 Big Iter=31 -2*LL=1664.075797748071 gain=1.27 2 sec. 105 sec.
#model=  1      +     age 
12  -14.1025588    0.1219643 
13  -20.2807449    0.1980250 
21   -2.2736611   -0.0103856 
23  -10.9319318    0.0949681 
1........2.......3........4........5..................6...............7..........8..............Gaining to use new average direction of P0 P8 instead of biggest increase direction 8 :

Powell iter=62 Big Iter=32 -2*LL=1662.721531202933 gain=1.35 2 sec. 107 sec.
#model=  1      +     age 
12  -14.9785976    0.1316938 
13  -19.7713260    0.1912374 
21   -2.6505172   -0.0060334 
23  -11.3225979    0.0995756 
1........2.......3........4........5..................6..............7..........8........
Powell iter=63 Big Iter=32 -2*LL=1662.424324143180 gain=0.297 2 sec. 109 sec.
#model=  1      +     age 
12  -14.7478213    0.1290456 
13  -19.7720913    0.1908310 
21   -2.5491294   -0.0072991 
23  -11.4046084    0.1005876 
1........2........3........4........5..................6...............7..........8..............Gaining to use new average direction of P0 P8 instead of biggest increase direction 1 :

Powell iter=64 Big Iter=33 -2*LL=1662.309400781552 gain=0.115 1 sec. 110 sec.
#model=  1      +     age 
12  -14.6372273    0.1279298 
13  -19.8637852    0.1915142 
21   -2.5146742   -0.0077295 
23  -11.0516000    0.0965820 
1............2........3........4........5..................6....................7..............8..................directest= 0.024329042094 (if directest<0 or t<0 we include P0 Pn as new direction), t= -0.000000695207, f1= 1662.309400781552,f2= 1662.307057430854,f3= 1662.331948142926, del= 0.001452510338
f1-2f2+f3= 0.027234062770, f1-f2-del= 0.000890840360, f1-f3= -0.022547361374

Powell iter=65 Big Iter=33 -2*LL=1662.307057430854 gain=0.00234 3 sec. 113 sec.
#model=  1      +     age 
12  -14.6632241    0.1282782 
13  -19.9090183    0.1920655 
21   -2.5252028   -0.0075837 
23  -11.0089689    0.0960972 
1........2........3............4........5........................6.................7..............8................Gaining to use new average direction of P0 P8 instead of biggest increase direction 1 :

Powell iter=66 Big Iter=34 -2*LL=1662.306755160632 gain=0.000302 2 sec. 115 sec.
#model=  1      +     age 
12  -14.6810880    0.1284857 
13  -19.9103404    0.1920713 
21   -2.5326730   -0.0074937 
23  -11.0085059    0.0960938 
1....................2............3..................4.......................5.....................6.................7.............8..................directest= 0.000005335613 (if directest<0 or t<0 we include P0 Pn as new direction), t= -0.000000000000, f1= 1662.306755160632,f2= 1662.306754317033,f3= 1662.306759671342, del= 0.000000431148
f1-2f2+f3= 0.000006197909, f1-f2-del= 0.000000412451, f1-f3= -0.000004510710

Powell iter=67 Big Iter=34 -2*LL=1662.306754317033 gain=8.44e-007 2 sec. 117 sec.
#model=  1      +     age 
12  -14.6810637    0.1284854 
13  -19.9104231    0.1920722 
21   -2.5326578   -0.0074938 
23  -11.0084664    0.0960934 
1................2................3......................................4................5..........................6...................7.............8..........................Gaining to use new average direction of P0 P8 instead of biggest increase direction 7 :

Powell iter=68 Big Iter=35 -2*LL=1662.302559360541 gain=0.00419 4 sec. 121 sec.
#model=  1      +     age 
12  -14.6866127    0.1285914 
13  -19.9826687    0.1928791 
21   -2.4983206   -0.0079191 
23  -11.0262043    0.0963140 
1........2........3........4........5..................6...............7.....8............Gaining to use new average direction of P0 P8 instead of biggest increase direction 8 :

Powell iter=69 Big Iter=35 -2*LL=1662.293738869778 gain=0.00882 1 sec. 122 sec.
#model=  1      +     age 
12  -14.6968616    0.1287397 
13  -20.0191540    0.1932802 
21   -2.4335340   -0.0087406 
23  -11.0261477    0.0963240 
1.........2........3........4........5..................6...............7.....8............Gaining to use new average direction of P0 P8 instead of biggest increase direction 8 :

Powell iter=70 Big Iter=36 -2*LL=1662.270860829206 gain=0.0229 2 sec. 124 sec.
#model=  1      +     age 
12  -14.7292433    0.1291325 
13  -19.9917083    0.1929457 
21   -2.2439330   -0.0111666 
23  -11.0094350    0.0961474 
1.........2........3........4........5..................6...............7.....8........
Powell iter=71 Big Iter=36 -2*LL=1662.262456173596 gain=0.0084 2 sec. 126 sec.
#model=  1      +     age 
12  -14.7369821    0.1291738 
13  -19.8922440    0.1918256 
21   -2.2251874   -0.0114253 
23  -11.0102624    0.0961507 
1........2........3.........4........5....................6..............7........8........
Powell iter=72 Big Iter=37 -2*LL=1662.262279916032 gain=0.000176 1 sec. 127 sec.
#model=  1      +     age 
12  -14.7393197    0.1291943 
13  -19.8779324    0.1916640 
21   -2.2224459   -0.0114632 
23  -11.0186179    0.0962482 
1........2........................3..............4..........5.....................6...................7............8..........
Powell iter=73 Big Iter=37 -2*LL=1662.262276832587 gain=3.08e-006 3 sec. 130 sec.
#model=  1      +     age 
12  -14.7397188    0.1291983 
13  -19.8759728    0.1916418 
21   -2.2221249   -0.0114676 
23  -11.0196632    0.0962605 
1..............2............................3.....................4...............5.........................6......................7..........8................
Powell iter=74 Big Iter=38 -2*LL=1662.262276777283 gain=5.53e-008 2 sec. 132 sec.
#model=  1      +     age 
12  -14.7397777    0.1291989 
13  -19.8757089    0.1916388 
21   -2.2220856   -0.0114681 
23  -11.0197931    0.0962620 
1....................2..................3.................4......................5......................6....................7..................8...................
Powell iter=75 Big Iter=38 -2*LL=1662.262276776253 gain=1.03e-009 4 sec. 136 sec.
#model=  1      +     age 
12  -14.7397858    0.1291990 
13  -19.8756723    0.1916384 
21   -2.2220795   -0.0114682 
23  -11.0198104    0.0962622 
1................................2.........................3..................................4...........................5......................6..................7..................................8.............................
Powell iter=76 Big Iter=39 -2*LL=1662.262276776247 gain=5.91e-012 4 sec. 140 sec.
#model=  1      +     age 
12  -14.7397855    0.1291990 
13  -19.8756697    0.1916384 
21   -2.2220795   -0.0114682 
23  -11.0198114    0.0962622 
1..........................2.........................3.......................4.........................5.......................6..................7.................................8.............................
#Number of iterations & function calls = 76 & 9837, -2 Log likelihood = 1662.262276776247
# Parameters nlstate*nlstate*ncov a12*1 + b12 * age + ...
#model=  1      +     age 
12  -14.7397855    0.1291990 
13  -19.8756697    0.1916384 
21   -2.2220795   -0.0114682 
23  -11.0198114    0.0962622 

Calculation of the hessian matrix. Wait...
1-2-3-4-5-6-7-8-.1-2.1-3.1-4.1-5.1-6.1-7.1-8.2-3.2-4.2-5.2-6.2-7.2-8.3-4.3-5.3-6.3-7.3-8.4-5.4-6.4-7.4-8.5-6.5-7.5-8.6-7.6-8.7-8

Inverting the hessian to get the covariance matrix. Wait...

#Hessian matrix#
5.032383e+001 4.008615e+003 7.153024e+000 6.016833e+002 -8.079372e+000 -6.479901e+002 -8.661943e+000 -7.444728e+002 
4.008615e+003 3.227838e+005 5.962429e+002 5.042904e+004 -6.468563e+002 -5.243245e+004 -7.407665e+002 -6.404202e+004 
7.153024e+000 5.962429e+002 6.829582e+001 5.782036e+003 -3.089947e+000 -2.667440e+002 1.080612e+001 9.271954e+002 
6.016833e+002 5.042904e+004 5.782036e+003 4.929389e+005 -2.678071e+002 -2.322674e+004 9.270209e+002 7.995908e+004 
-8.079372e+000 -6.468563e+002 -3.089947e+000 -2.678071e+002 3.006960e+001 2.319093e+003 9.638454e-001 8.824133e+001 
-6.479901e+002 -5.243245e+004 -2.667440e+002 -2.322674e+004 2.319093e+003 1.814077e+005 8.822962e+001 8.062008e+003 
-8.661943e+000 -7.407665e+002 1.080612e+001 9.270209e+002 9.638454e-001 8.822962e+001 3.484108e+001 2.950831e+003 
-7.444728e+002 -6.404202e+004 9.271954e+002 7.995908e+004 8.824133e+001 8.062008e+003 2.950831e+003 2.513433e+005 
Parameters, Wald tests and Wald-based confidence intervals
 W is simply the result of the division of the parameter by the square root of covariance of the parameter.
 And Wald-based confidence intervals plus and minus 1.96 * W 
  It might be better to visualize the covariance matrix. See the page 'Matrix of variance-covariance of one-step probabilities' and its graphs.
12  -14.7397855(   1.4339912) W= -10.279 CI=[ -17.5504082 ;  -11.9291627]    0.1291990(   0.0180335) W=   7.164 CI=[   0.0938533 ;    0.1645447] 
13  -19.8756697(   1.4923876) W= -13.318 CI=[ -22.8007494 ;  -16.9505901]    0.1916384(   0.0176165) W=  10.878 CI=[   0.1571101 ;    0.2261667] 
21   -2.2220795(   1.5710134) W=  -1.414 CI=[  -5.3012657 ;    0.8571068]   -0.0114682(   0.0202756) W=  -0.566 CI=[  -0.0512085 ;    0.0282720] 
23  -11.0198114(   2.3502027) W=  -4.689 CI=[ -15.6262087 ;   -6.4134141]    0.0962622(   0.0278136) W=   3.461 CI=[   0.0417475 ;    0.1507769] 
# Scales (for hessian or gradient estimation)
12 1.00000e-003 1.00000e-005
13 1.00000e-003 1.00000e-005
21 1.00000e-003 2.00000e-005
23 1.00000e-003 1.00000e-005
# Covariance matrix 
# 121 Var(a12)
# 122 Cov(b12,a12) Var(b12)
#   ...
# 232 Cov(b23,a12)  Cov(b23,b12) ... Var (b23)
#121 Var(a12)
#122 Cov(b12,a12) Var(b12)
#131 Cov(a13,a12) Cov(a13,b12) Var(a13)
#132 Cov(b13,a12) Cov(b13,b12) Cov(b13,a13) Var(b13)
#211 Cov(a21,a12) Cov(a21,b12) Cov(a21,a13) Cov(a21,b13) Var(a21)
#212 Cov(b21,a12) Cov(b21,b12) Cov(b21,a13) Cov(b21,b13) Cov(b21,a21) Var(b21)
#231 Cov(a23,a12) Cov(a23,b12) Cov(a23,a13) Cov(a23,b13) Cov(a23,a21) Cov(a23,b21) Var(a23)
#232 Cov(b23,a12) Cov(b23,b12) Cov(b23,a13) Cov(b23,b13) Cov(b23,a21) Cov(b23,b21) Cov(b23,a23) Var(b23)
121 2.0563308e+000
122 -2.57188e-002 3.2520791e-004
131 -2.37114e-001 2.96011e-003 2.2272207e+000
132 2.97986e-003 -3.76863e-005 -2.61949e-002 3.1034082e-004
211 3.71211e-001 -4.76592e-003 9.23658e-002 -1.21195e-003 2.4680831e+000
212 -4.75363e-003 6.19377e-005 -1.28523e-003 1.69113e-005 -3.16274e-002 4.1110118e-004
231 6.92194e-001 -8.84738e-003 -7.39046e-001 8.92397e-003 -4.08794e-002 7.03768e-004 5.5234528e+000
232 -8.63997e-003 1.11310e-004 8.85445e-003 -1.07759e-004 5.57904e-004 -9.28231e-006 -6.51716e-002 7.7359832e-004
# agemin agemax for life expectancy, bage fage (if mle==0 ie no data nor Max likelihood).
# Observed prevalence period
begin-prev-date=1/1/2013 end-prev-date=1/9/2018 mov_average=0
# Health expectancies computed from stable (period) prevalence (pop_based=0) or population based (1)
pop_based=0
# Prevalence forecasting and backcasting is skept here
##prevforecast=0  starting-proj-date=1/1/1989 final-proj-date=1/1/1990 mobil_average=0
#prevforecast=1 yearsfproj=10 mobil_average=0
#prevbackcast=1 yearsbproj=10 mobil_average=1
End of resultlines.

Computing forward period (stable) prevalence: result on file 'PL_GRFgali.txt' 
Computing pij: result on file 'PIJ_GRFgali.txt' 
Computing standard deviation of one-step probabilities: result on file 'PROB_rGRFgali.txt' 
Computing matrix of variance covariance of one-step probabilities: result on file 'PROBCOV_GRFgali.txt' 
and correlation matrix of one-step probabilities: result on file 'PROBCOR_GRFgali.txt' 
Prevalence combination of varying and fixed dummies 1
Warning Observed prevalence doesn't sum to 1 for state 2: probs[50][2][1]=0.000000 because of lack of cases.
Warning Observed prevalence doesn't sum to 1 for state 1: probs[96][1][1]=0.000000 because of lack of cases.
Warning Observed prevalence doesn't sum to 1 for state 2: probs[96][2][1]=0.000000 because of lack of cases.
Warning Observed prevalence doesn't sum to 1 for state 1: probs[98][1][1]=0.000000 because of lack of cases.
Warning Observed prevalence doesn't sum to 1 for state 2: probs[98][2][1]=0.000000 because of lack of cases.
Warning Observed prevalence doesn't sum to 1 for state 1: probs[99][1][1]=0.000000 because of lack of cases.
Warning Observed prevalence doesn't sum to 1 for state 2: probs[99][2][1]=0.000000 because of lack of cases.
Warning Observed prevalence doesn't sum to 1 for state 1: probs[100][1][1]=0.000000 because of lack of cases.
Warning Observed prevalence doesn't sum to 1 for state 2: probs[100][2][1]=0.000000 because of lack of cases.
Computing Health Expectancies: result on file 'E_GRFgali.txt' ...done evsij
Computing Total Life expectancies with their standard errors: file 'T_GRFgali.txt' ...
  Computing State-specific Expectancies and standard errors: result on file 'STDE_GRFgali.txt' 
    Computing Covar. of State-specific Expectancies: result on file 'CVE_GRFgali.txt' 
      Computing Variance-covariance of State-specific Expectancies: file 'V_GRFgali.txt' ... done State-specific expectancies
Computing Variance-covariance of forward period (stable) prevalence: file 'VPL_GRFgali.txt' ...done variance-covariance of forward period prevalence
End of Imach with 0 errors and/or warnings 1. Please look at the log file for details.
Local time at start Mon May 27 10:58:33 2024

Local time at end   Mon May 27 11:01:02 2024

Total time used 0 day(s) 0 hour(s) 2 minute(s) 29 second(s)
Total time was 149 Sec.
