Log filename:GRMgali.log
Version 0.99r45 $Revision: 1.353 $ $Date: 2023/05/08 18:48:22 $
Enter the parameter file name: 
pathimach=C:\PROGRA~1\IMACH-~2.99R\bin\
pathtot=C:\Users\mmusz\Dropbox\gender_paradox\data\IMACH\GRMgali.txt
 path=C:\Users\mmusz\Dropbox\gender_paradox\data\IMACH\ 
 optionfile=GRMgali.txt
 optionfilext=txt
 optionfilefiname='GRMgali'
Compiled with: Microsoft Visual Studio for Windows (x64 and x86)  64-bit
The programm is not running under WOW64 (i.e probably on a 64bit Windows).
Local time (at start): Mon May 27 13:02:01 2024
title=gali datafile=dataGRMgali.txt lastobs=15000 firstpass=1 lastpass=2
ftol=1.000000e-018 stepm=3 ncovcol=0 nqv=0 ntv=0 nqtv=0 nlstate=2 ndeath=1 maxwav=2 mle=1 weight=1
model=1+age+
# Parameters nlstate*nlstate*ncov a12*1 + b12 * age + ...
12 -9.908776 0.080061
13 -13.092645 0.131508
21 1.045536 -0.030300
23 -5.018273 0.049564
# Scales (for hessian or gradient estimation)
12 0.000000e+000 0.000000e+000
13 0.000000e+000 0.000000e+000
21 0.000000e+000 0.000000e+000
23 0.000000e+000 0.000000e+000
# Covariance matrix
121 0.00000e+000
122 0.00000e+000 0.00000e+000
131 0.00000e+000 0.00000e+000 0.00000e+000
132 0.00000e+000 0.00000e+000 0.00000e+000 0.00000e+000
211 0.00000e+000 0.00000e+000 0.00000e+000 0.00000e+000 0.00000e+000
212 0.00000e+000 0.00000e+000 0.00000e+000 0.00000e+000 0.00000e+000 0.00000e+000
231 0.00000e+000 0.00000e+000 0.00000e+000 0.00000e+000 0.00000e+000 0.00000e+000 0.00000e+000
232 0.00000e+000 0.00000e+000 0.00000e+000 0.00000e+000 0.00000e+000 0.00000e+000 0.00000e+000 0.00000e+000

Model=1+age+
Typevar: 0 for simple covariate (dummy, quantitative, fixed or varying), 1 for age product, 2 for  product, 3 for double product with age  
Fixed[k] 0=fixed (product or simple), 1 varying, 2 fixed with age product, 3 varying with age product 
Dummy[k] 0=dummy (0 1), 1 quantitative (single or product without age), 2 dummy with age product, 3 quant with age product
ncoveff=0, nqfveff=0, ntveff=0, nqtveff=0, cptcovn=0
ncovf=0, ncovv=0, ncova=0, nsd=0, nsq=0
Warning: The value of parameter lastobs=15000 is big compared to the 
  effective number of cases imx=1291, please adjust, 
  otherwise you are allocating more memory than necessary.
Total number of individuals= 1291, Agemin = 51.08, Agemax= 98.75

Information, you have to check 0 informations which haven't been logged!
Delay (in months) between two waves Min=1 (for indiviudal 679) Max=30 (1144) Mean=22.655814

 Age 51 1.=2 loss[1]=0.0% 2.=0 loss[2]=0.0% 1.=2 prev[1]=97.9% 2.=0 prev[2]=2.1% 11=2 23=0
Age 52 1.=1 loss[1]=0.0% 2.=0 loss[2]=NaNQ% 1.=1 prev[1]=100.0% 2.=0 prev[2]=0.0% 11=1
Age 53 1.=1 loss[1]=0.0% 2.=0 loss[2]=0.0% 1.=1 prev[1]=91.3% 2.=0 prev[2]=8.7% 11=1 22=0
Age 54 1.=1 loss[1]=0.0% 2.=0 loss[2]=0.0% 1.=1 prev[1]=82.7% 2.=0 prev[2]=17.3% 11=1 21=0
Age 55 1.=2 loss[1]=0.0% 2.=0 loss[2]=0.0% 1.=2 prev[1]=95.1% 2.=0 prev[2]=4.9% 11=2 13=0 21=0
Age 56 1.=1 loss[1]=0.0% 2.=0 loss[2]=NaNQ% 1.=1 prev[1]=100.0% 2.=0 prev[2]=0.0% 11=1 12=0
Age 57 1.=1 loss[1]=0.0% 2.=0 loss[2]=0.0% 1.=1 prev[1]=90.3% 2.=0 prev[2]=9.7% 11=1 12=0 22=0
Age 58 1.=1 loss[1]=0.0% 2.=0 loss[2]=0.0% 1.=1 prev[1]=95.6% 2.=0 prev[2]=4.4% 11=1 13=0 21=0
Age 59 1.=1 loss[1]=0.0% 2.=0 loss[2]=0.0% 1.=1 prev[1]=97.1% 2.=0 prev[2]=2.9% 11=1 22=0
Age 60 1.=1 loss[1]=0.0% 2.=0 loss[2]=0.0% 1.=1 prev[1]=93.2% 2.=0 prev[2]=6.8% 11=1 21=0
Age 61 1.=2 loss[1]=0.0% 2.=0 loss[2]=0.0% 1.=2 prev[1]=95.7% 2.=0 prev[2]=4.3% 11=2 12=0 13=0 21=0
Age 62 1.=2 loss[1]=0.0% 2.=0 loss[2]=0.0% 1.=2 prev[1]=94.7% 2.=0 prev[2]=5.3% 11=2 13=0 21=0 22=0 23=0
Age 63 1.=3 loss[1]=0.0% 2.=0 loss[2]=0.0% 1.=3 prev[1]=98.8% 2.=0 prev[2]=1.2% 11=3 22=0
Age 64 1.=2 loss[1]=0.0% 2.=0 loss[2]=0.0% 1.=2 prev[1]=96.3% 2.=0 prev[2]=3.7% 11=2 13=0 22=0
Age 65 1.=2 loss[1]=0.0% 2.=0 loss[2]=0.0% 1.=2 prev[1]=95.8% 2.=0 prev[2]=4.2% 11=2 13=0 21=0 22=0 23=0
Age 66 1.=2 loss[1]=0.0% 2.=0 loss[2]=0.0% 1.=2 prev[1]=92.3% 2.=0 prev[2]=7.7% 11=2 12=0 13=0 21=0 22=0 23=0
Age 67 1.=2 loss[1]=0.0% 2.=0 loss[2]=0.0% 1.=2 prev[1]=95.8% 2.=0 prev[2]=4.2% 11=2 13=0 22=0 23=0
Age 68 1.=2 loss[1]=0.0% 2.=0 loss[2]=0.0% 1.=2 prev[1]=95.7% 2.=0 prev[2]=4.3% 11=2 12=0 21=0 23=0
Age 69 1.=2 loss[1]=0.0% 2.=0 loss[2]=0.0% 1.=2 prev[1]=94.9% 2.=0 prev[2]=5.1% 11=2 12=0 21=0 22=0 23=0
Age 70 1.=2 loss[1]=0.0% 2.=0 loss[2]=0.0% 1.=2 prev[1]=90.5% 2.=0 prev[2]=9.5% 11=2 12=0 13=0 22=0
Age 71 1.=2 loss[1]=0.0% 2.=0 loss[2]=0.0% 1.=2 prev[1]=96.0% 2.=0 prev[2]=4.0% 11=2 12=0 13=0 22=0 23=0
Age 72 1.=2 loss[1]=0.0% 2.=0 loss[2]=0.0% 1.=2 prev[1]=98.0% 2.=0 prev[2]=2.0% 11=2 12=0 13=0 21=0
Age 73 1.=1 loss[1]=0.0% 2.=0 loss[2]=0.0% 1.=1 prev[1]=86.1% 2.=0 prev[2]=13.9% 11=1 12=0 13=0 21=0 23=0
Age 74 1.=1 loss[1]=0.0% 2.=0 loss[2]=0.0% 1.=1 prev[1]=96.9% 2.=0 prev[2]=3.1% 11=1 12=0 22=0
Age 75 1.=1 loss[1]=0.0% 2.=0 loss[2]=0.0% 1.=1 prev[1]=92.1% 2.=0 prev[2]=7.9% 11=1 22=0
Age 76 1.=1 loss[1]=0.0% 2.=0 loss[2]=0.0% 1.=1 prev[1]=86.0% 2.=0 prev[2]=14.0% 11=1 13=0 21=0 22=0 23=0
Age 77 1.=2 loss[1]=0.0% 2.=0 loss[2]=0.0% 1.=2 prev[1]=91.6% 2.=0 prev[2]=8.4% 11=2 12=0 13=0 21=0 22=0 23=0
Age 78 1.=1 loss[1]=0.0% 2.=0 loss[2]=0.0% 1.=1 prev[1]=89.1% 2.=0 prev[2]=10.9% 11=1 12=0 13=0 21=0 23=0
Age 79 1.=1 loss[1]=0.0% 2.=0 loss[2]=0.0% 1.=1 prev[1]=91.6% 2.=0 prev[2]=8.4% 11=1 12=0 13=0 21=0 22=0 23=0
Age 80 1.=1 loss[1]=0.0% 2.=0 loss[2]=0.0% 1.=1 prev[1]=87.8% 2.=0 prev[2]=12.2% 11=1 12=0 13=0 22=0 23=0
Age 81 1.=2 loss[1]=0.0% 2.=0 loss[2]=0.0% 1.=2 prev[1]=93.5% 2.=0 prev[2]=6.5% 11=1 12=0 13=0 22=0 23=0
Age 82 1.=1 loss[1]=0.0% 2.=0 loss[2]=0.0% 1.=1 prev[1]=95.2% 2.=0 prev[2]=4.8% 11=1 13=0 23=0
Age 83 1.=0 loss[1]=0.0% 2.=0 loss[2]=0.0% 1.=0 prev[1]=82.7% 2.=0 prev[2]=17.3% 11=0 12=0 13=0 22=0 23=0
Age 84 1.=1 loss[1]=0.0% 2.=0 loss[2]=NaNQ% 1.=1 prev[1]=100.0% 2.=0 prev[2]=0.0% 11=1 13=0
Age 85 1.=1 loss[1]=0.0% 2.=0 loss[2]=0.0% 1.=1 prev[1]=90.8% 2.=0 prev[2]=9.2% 11=1 12=0 13=0 21=0 23=0
Age 86 1.=1 loss[1]=0.0% 2.=0 loss[2]=0.0% 1.=1 prev[1]=78.4% 2.=0 prev[2]=21.6% 11=0 12=0 13=0 22=0 23=0
Age 87 1.=1 loss[1]=0.0% 2.=0 loss[2]=0.0% 1.=1 prev[1]=89.7% 2.=0 prev[2]=10.3% 11=0 12=0 13=0 21=0
Age 88 1.=0 loss[1]=0.0% 2.=0 loss[2]=0.0% 1.=0 prev[1]=70.0% 2.=0 prev[2]=30.0% 11=0 13=0 21=0 23=0
Age 89 1.=0 loss[1]=0.0% 2.=0 loss[2]=0.0% 1.=0 prev[1]=65.0% 2.=0 prev[2]=35.0% 11=0 13=0 22=0 23=0
Age 90 1.=0 loss[1]=0.0% 2.=0 loss[2]=0.0% 1.=0 prev[1]=49.5% 2.=0 prev[2]=50.5% 11=0 13=0 22=0 23=0
Age 91 1.=0 loss[1]=0.0% 2.=0 loss[2]=0.0% 1.=0 prev[1]=25.6% 2.=0 prev[2]=74.4% 11=0 21=0 23=0
Age 92 1.=0 loss[1]=0.0% 2.=0 loss[2]=NaNQ% 1.=0 prev[1]=100.0% 2.=0 prev[2]=0.0% 11=0 13=0
Age 93 1.=0 loss[1]=NaNQ% 2.=0 loss[2]=NaNQ% 1.=0 prev[1]=NaNQ% 2.=0 prev[2]=NaNQ%
Age 94 1.=0 loss[1]=NaNQ% 2.=0 loss[2]=NaNQ% 1.=0 prev[1]=NaNQ% 2.=0 prev[2]=NaNQ%
Age 95 1.=0 loss[1]=NaNQ% 2.=0 loss[2]=NaNQ% 1.=0 prev[1]=NaNQ% 2.=0 prev[2]=NaNQ%
Age 96 1.=0 loss[1]=NaNQ% 2.=0 loss[2]=NaNQ% 1.=0 prev[1]=NaNQ% 2.=0 prev[2]=NaNQ%
Age 97 1.=0 loss[1]=NaNQ% 2.=0 loss[2]=NaNQ% 1.=0 prev[1]=NaNQ% 2.=0 prev[2]=NaNQ%
Age 98 1.=0 loss[1]=NaNQ% 2.=0 loss[2]=0.0% 1.=0 prev[1]=0.0% 2.=0 prev[2]=100.0% 23=0
1 1.=0 loss[1]=NaNQ% 2.=0 loss[2]=NaNQ% 1.=0 prev[1]=NaNQ% 2.=0 prev[2]=NaNQ%
0 1.=0 loss[1]=NaNQ% 2.=0 loss[2]=NaNQ% 1.=0 prev[1]=NaNQ% 2.=0 prev[2]=NaNQ%
Total 1.=54 loss[1]=0.0% 2.=4 loss[2]=0.0% 1.=54 prev[1]=92.4% 2.=4 prev[2]=7.6% 11=49 12=1 13=4 21=1 22=2 23=2


12   -9.9087758 ln(1/49)=   -3.6202777 
13  -13.0926447 ln(4/49)=   -2.5114281 
21    1.0455364 ln(1/2)=   -0.2322591 
23   -5.0182728 ln(2/2)=   -0.0488568 

 -1-1=0 -10=0 -11=0 -12=0 -13=0 0-1=0 00=0 01=0 02=0 03=0 1-1=0 10=0 11=49 12=1 13=4 2-1=0 20=0 21=1 22=2 23=2 3-1=0 30=0 31=0 32=0 33=0
Powell

Powell iter=1 Big Iter=1 -2*LL=1978.793141468047 gain=0 0 sec. 0 sec.
#model=  1      +     age 
12   -9.9087758    0.0800610 
13  -13.0926447    0.1315083 
21    1.0455364   -0.0302998 
23   -5.0182728    0.0495636 
1.........2.................3.......4..................5.......6...............7.........8....................
Powell iter=2 Big Iter=2 -2*LL=1482.045224017270 gain=497 0 sec. 0 sec.
#model=  1      +     age 
12  -10.6064841    0.0800808 
13  -14.9216562    0.1314211 
21   -0.1465451   -0.0297348 
23   -6.3778559    0.0495725 

Considering the time needed for this last iteration #2: 0 seconds,
   - if your program needs 1 BIG iterations  (2 iterations) to converge, convergence will be 
   reached in 0 day(s) 0 hour(s) 0 minute(s) 0 second(s) i.e.
   on Mon May 27 13:02:01 2024 (current time is Mon May 27 13:02:01 2024);
   - if your program needs 11 BIG iterations  (22 iterations) to converge, convergence will be 
   reached in 0 day(s) 0 hour(s) 0 minute(s) 0 second(s) i.e.
   on Mon May 27 13:02:01 2024 (current time is Mon May 27 13:02:01 2024);
   - if your program needs 21 BIG iterations  (42 iterations) to converge, convergence will be 
   reached in 0 day(s) 0 hour(s) 0 minute(s) 0 second(s) i.e.
   on Mon May 27 13:02:01 2024 (current time is Mon May 27 13:02:01 2024);
   - if your program needs 31 BIG iterations  (62 iterations) to converge, convergence will be 
   reached in 0 day(s) 0 hour(s) 0 minute(s) 0 second(s) i.e.
   on Mon May 27 13:02:01 2024 (current time is Mon May 27 13:02:01 2024);
1.........2.................3.........4..................5.........6...............7..........8..................
Powell iter=3 Big Iter=2 -2*LL=1468.812507419134 gain=13.2 0 sec. 0 sec.
#model=  1      +     age 
12  -10.9752352    0.0801216 
13  -14.6651404    0.1313625 
21   -0.5081533   -0.0296470 
23   -6.5463423    0.0496035 

Considering the time needed for this last iteration #3: 0 seconds,
   - if your program needs 1 BIG iterations  (2 iterations) to converge, convergence will be 
   reached in 0 day(s) 0 hour(s) 0 minute(s) 0 second(s) i.e.
   on Mon May 27 13:02:01 2024 (current time is Mon May 27 13:02:01 2024);
   - if your program needs 11 BIG iterations  (22 iterations) to converge, convergence will be 
   reached in 0 day(s) 0 hour(s) 0 minute(s) 0 second(s) i.e.
   on Mon May 27 13:02:01 2024 (current time is Mon May 27 13:02:01 2024);
   - if your program needs 21 BIG iterations  (42 iterations) to converge, convergence will be 
   reached in 0 day(s) 0 hour(s) 0 minute(s) 0 second(s) i.e.
   on Mon May 27 13:02:01 2024 (current time is Mon May 27 13:02:01 2024);
   - if your program needs 31 BIG iterations  (62 iterations) to converge, convergence will be 
   reached in 0 day(s) 0 hour(s) 0 minute(s) 0 second(s) i.e.
   on Mon May 27 13:02:01 2024 (current time is Mon May 27 13:02:01 2024);
1..........2....................3..........4..................5.........6...............7.........8..........................Gaining to use new average direction of P0 P8 instead of biggest increase direction 1 :

Powell iter=4 Big Iter=3 -2*LL=1467.544145222040 gain=1.27 0 sec. 0 sec.
#model=  1      +     age 
12  -11.1881777    0.0801113 
13  -14.6346866    0.1312979 
21   -0.5618100   -0.0295712 
23   -6.5957319    0.0496409 
1...................2.................3..........4..................5.........6...............7.........8........
Powell iter=5 Big Iter=3 -2*LL=1467.538359190934 gain=0.00579 0 sec. 0 sec.
#model=  1      +     age 
12  -11.1904598    0.0801436 
13  -14.6278601    0.1312415 
21   -0.5653130   -0.0295042 
23   -6.5990178    0.0496465 
1..................2.................3..........4..................5.........6...............7.........8...............Gaining to use new average direction of P0 P8 instead of biggest increase direction 4 :

Powell iter=6 Big Iter=4 -2*LL=1467.379668182653 gain=0.159 1 sec. 1 sec.
#model=  1      +     age 
12  -11.3265229    0.0819786 
13  -14.2952584    0.1272522 
21   -0.9021773   -0.0248459 
23   -6.7953135    0.0520503 
1..................2.................3..........4........5...........6...............7..............8........directest= 0.157332569855 (if directest<0 or t<0 we include P0 Pn as new direction), t= -0.000053015541, f1= 1467.379668182653,f2= 1467.376671872245,f3= 1467.535397403665, del= 0.002194635986
f1-2f2+f3= 0.161721841827, f1-f2-del= 0.000801674421, f1-f3= -0.155729221013

Powell iter=7 Big Iter=4 -2*LL=1467.376671872245 gain=0.003 0 sec. 1 sec.
#model=  1      +     age 
12  -11.3284029    0.0820073 
13  -14.2907555    0.1271282 
21   -0.9118630   -0.0247512 
23   -6.8009967    0.0521341 
1....................2.................3...............4........5.........6...............7.........8..............Gaining to use new average direction of P0 P8 instead of biggest increase direction 6 :

Powell iter=8 Big Iter=5 -2*LL=1467.367990920775 gain=0.00868 0 sec. 1 sec.
#model=  1      +     age 
12  -11.3188098    0.0819014 
13  -14.2542395    0.1265518 
21   -0.8900114   -0.0250948 
23   -6.8459461    0.0527220 
1..................2.................3..........4........5.........6........7.........8.......
Powell iter=9 Big Iter=5 -2*LL=1467.357290445246 gain=0.0107 0 sec. 1 sec.
#model=  1      +     age 
12  -11.3079107    0.0817504 
13  -14.2336521    0.1263172 
21   -0.8566018   -0.0255029 
23   -6.8715554    0.0530317 
1...............................2.......................3..........4........5.........6........7.........8.............Gaining to use new average direction of P0 P8 instead of biggest increase direction 3 :

Powell iter=10 Big Iter=6 -2*LL=1467.341121678253 gain=0.0162 0 sec. 1 sec.
#model=  1      +     age 
12  -11.2697535    0.0812198 
13  -14.1641373    0.1255379 
21   -0.7466822   -0.0270358 
23   -6.9592658    0.0540895 
1..................2...................3..............4...........5..............6............7..........8.......directest= 0.009732987777 (if directest<0 or t<0 we include P0 Pn as new direction), t= -0.000000003228, f1= 1467.341121678253,f2= 1467.341055173899,f3= 1467.350791130344, del= 0.000034736511
f1-2f2+f3= 0.009802460800, f1-f2-del= 0.000031767843, f1-f3= -0.009669452091

Powell iter=11 Big Iter=6 -2*LL=1467.341055173899 gain=6.65e-005 0 sec. 1 sec.
#model=  1      +     age 
12  -11.2694528    0.0812201 
13  -14.1639238    0.1255347 
21   -0.7461647   -0.0270434 
23   -6.9586121    0.0540809 
1..................2...................3...............4......................5..........................6...........................7.........8...................Gaining to use new average direction of P0 P8 instead of biggest increase direction 1 :

Powell iter=12 Big Iter=7 -2*LL=1467.338474791163 gain=0.00258 1 sec. 2 sec.
#model=  1      +     age 
12  -11.2570252    0.0810561 
13  -14.1379407    0.1252138 
21   -0.7322488   -0.0272432 
23   -6.8949815    0.0532992 
1..............2.........................3.........4...........5..........6...........7...................8............directest= 0.002540487511 (if directest<0 or t<0 we include P0 Pn as new direction), t= -0.000000000048, f1= 1467.338474791163,f2= 1467.338463261601,f3= 1467.341007251033, del= 0.000007515741
f1-2f2+f3= 0.002555518993, f1-f2-del= 0.000004013821, f1-f3= -0.002532459870

Powell iter=13 Big Iter=7 -2*LL=1467.338463261601 gain=1.15e-005 0 sec. 2 sec.
#model=  1      +     age 
12  -11.2568994    0.0810547 
13  -14.1367513    0.1251967 
21   -0.7314083   -0.0272484 
23   -6.8958943    0.0533106 
1..........2....................3...........4.................5..............6................7..............8......................Gaining to use new average direction of P0 P8 instead of biggest increase direction 4 :

Powell iter=14 Big Iter=8 -2*LL=1467.338451189455 gain=1.21e-005 0 sec. 2 sec.
#model=  1      +     age 
12  -11.2593942    0.0810840 
13  -14.1358615    0.1251817 
21   -0.7314984   -0.0272468 
23   -6.8964369    0.0533181 
1........2.................3............4.............5...........6............7...............8.............Gaining to use new average direction of P0 P8 instead of biggest increase direction 8 :

Powell iter=15 Big Iter=8 -2*LL=1467.338426060117 gain=2.51e-005 0 sec. 2 sec.
#model=  1      +     age 
12  -11.2640864    0.0811476 
13  -14.1349033    0.1251671 
21   -0.7310062   -0.0272531 
23   -6.8969060    0.0533256 
1........2..................3..........4...................5............6............7............8........
Powell iter=16 Big Iter=9 -2*LL=1467.338401260720 gain=2.48e-005 1 sec. 3 sec.
#model=  1      +     age 
12  -11.2671341    0.0811899 
13  -14.1347990    0.1251682 
21   -0.7302575   -0.0272643 
23   -6.8969120    0.0533260 
1.........2.........................3........4............5.............6.................7...................8................Gaining to use new average direction of P0 P8 instead of biggest increase direction 3 :

Powell iter=17 Big Iter=9 -2*LL=1467.338393871043 gain=7.39e-006 0 sec. 3 sec.
#model=  1      +     age 
12  -11.2700133    0.0812266 
13  -14.1347300    0.1251699 
21   -0.7296198   -0.0272745 
23   -6.8970898    0.0533279 
1..................2......................3....................4...................5....................6.................7......................8.........................directest= 0.000001744811 (if directest<0 or t<0 we include P0 Pn as new direction), t= -0.000000000000, f1= 1467.338393871043,f2= 1467.338393857432,f3= 1467.338395612954, del= 0.000000012161
f1-2f2+f3= 0.000001769133, f1-f2-del= 0.000000001450, f1-f3= -0.000001741911

Powell iter=18 Big Iter=10 -2*LL=1467.338393857432 gain=1.36e-008 0 sec. 3 sec.
#model=  1      +     age 
12  -11.2700142    0.0812263 
13  -14.1347475    0.1251701 
21   -0.7296416   -0.0272742 
23   -6.8970930    0.0533278 
1..............2......................3....................4.......................................5................................6........................7..........................8....................
Powell iter=19 Big Iter=10 -2*LL=1467.338393857225 gain=2.07e-010 0 sec. 3 sec.
#model=  1      +     age 
12  -11.2700171    0.0812263 
13  -14.1347537    0.1251702 
21   -0.7296503   -0.0272741 
23   -6.8970857    0.0533278 
1...................2.............................3.............................4..............................5................................6.........7......................8.....................
Powell iter=20 Big Iter=11 -2*LL=1467.338393857220 gain=5e-012 1 sec. 4 sec.
#model=  1      +     age 
12  -11.2700176    0.0812263 
13  -14.1347538    0.1251702 
21   -0.7296507   -0.0272741 
23   -6.8970857    0.0533278 
1........................2.....................3..................................4..........................5......................6.........................7......................8...........................
Powell iter=21 Big Iter=11 -2*LL=1467.338393857214 gain=5.68e-012 0 sec. 4 sec.
#model=  1      +     age 
12  -11.2700184    0.0812264 
13  -14.1347548    0.1251702 
21   -0.7296520   -0.0272741 
23   -6.8970855    0.0533278 
1.........................2............................3..........................................4............................5......................6............................7......................8...................................directest= 0.000000000004 (if directest<0 or t<0 we include P0 Pn as new direction), t= -0.000000000000, f1= 1467.338393857214,f2= 1467.338393857213,f3= 1467.338393857218, del= 0.000000000001
f1-2f2+f3= 0.000000000007, f1-f2-del= 0.000000000000, f1-f3= -0.000000000004

Powell iter=22 Big Iter=12 -2*LL=1467.338393857213 gain=1.36e-012 0 sec. 4 sec.
#model=  1      +     age 
12  -11.2700184    0.0812264 
13  -14.1347548    0.1251702 
21   -0.7296520   -0.0272741 
23   -6.8970855    0.0533278 
1..........................2............................3..........................................4.............................5.......................6............................7....................8..........................................directest= 0.000000000001 (if directest<0 or t<0 we include P0 Pn as new direction), t= -0.000000000000, f1= 1467.338393857213,f2= 1467.338393857212,f3= 1467.338393857214, del= 0.000000000001
f1-2f2+f3= 0.000000000003, f1-f2-del= 0.000000000000, f1-f3= -0.000000000001

Powell iter=23 Big Iter=12 -2*LL=1467.338393857212 gain=6.82e-013 1 sec. 5 sec.
#model=  1      +     age 
12  -11.2700184    0.0812264 
13  -14.1347548    0.1251702 
21   -0.7296520   -0.0272741 
23   -6.8970855    0.0533278 
1.............................2.......................3...................................4...........................5.......................6............................7......................8.....................................
#Number of iterations & function calls = 23 & 3821, -2 Log likelihood = 1467.338393857212
# Parameters nlstate*nlstate*ncov a12*1 + b12 * age + ...
#model=  1      +     age 
12  -11.2700184    0.0812264 
13  -14.1347548    0.1251702 
21   -0.7296520   -0.0272741 
23   -6.8970855    0.0533278 

Calculation of the hessian matrix. Wait...
1-2-3-4-5-6-7-8-.1-2.1-3.1-4.1-5.1-6.1-7.1-8.2-3.2-4.2-5.2-6.2-7.2-8.3-4.3-5.3-6.3-7.3-8.4-5.4-6.4-7.4-8.5-6.5-7.5-8.6-7.6-8.7-8

Inverting the hessian to get the covariance matrix. Wait...

#Hessian matrix#
2.883440e+001 2.204733e+003 5.947078e+000 4.830902e+002 -5.242586e+000 -3.944257e+002 -5.090607e+000 -4.165208e+002 
2.204733e+003 1.708926e+005 4.792194e+002 3.937027e+004 -3.935139e+002 -3.007886e+004 -4.151784e+002 -3.434401e+004 
5.947078e+000 4.792194e+002 7.098089e+001 5.692988e+003 -2.762564e+000 -2.258622e+002 7.298632e+000 5.961080e+002 
4.830902e+002 3.937027e+004 5.692988e+003 4.612672e+005 -2.270104e+002 -1.882865e+004 5.956947e+002 4.922247e+004 
-5.242586e+000 -3.935139e+002 -2.762564e+000 -2.270104e+002 2.585238e+001 1.837121e+003 1.824847e-001 2.309549e+001 
-3.944257e+002 -3.007886e+004 -2.258622e+002 -1.882865e+004 1.837121e+003 1.337766e+005 2.368447e+001 2.544396e+003 
-5.090607e+000 -4.151784e+002 7.298632e+000 5.956947e+002 1.824847e-001 2.368447e+001 2.986228e+001 2.430063e+003 
-4.165208e+002 -3.434401e+004 5.961080e+002 4.922247e+004 2.309549e+001 2.544396e+003 2.430063e+003 2.005759e+005 
Parameters, Wald tests and Wald-based confidence intervals
 W is simply the result of the division of the parameter by the square root of covariance of the parameter.
 And Wald-based confidence intervals plus and minus 1.96 * W 
  It might be better to visualize the covariance matrix. See the page 'Matrix of variance-covariance of one-step probabilities' and its graphs.
12  -11.2700184(   1.6700602) W=  -6.748 CI=[ -14.5433363 ;   -7.9967004]    0.0812264(   0.0217884) W=   3.728 CI=[   0.0385211 ;    0.1239316] 
13  -14.1347548(   1.2143995) W= -11.639 CI=[ -16.5149778 ;  -11.7545318]    0.1251702(   0.0151068) W=   8.286 CI=[   0.0955609 ;    0.1547796] 
21   -0.7296520(   1.2883456) W=  -0.566 CI=[  -3.2548094 ;    1.7955055]   -0.0272741(   0.0179416) W=  -1.520 CI=[  -0.0624397 ;    0.0078916] 
23   -6.8970855(   1.5826967) W=  -4.358 CI=[  -9.9991710 ;   -3.7950000]    0.0533278(   0.0193756) W=   2.752 CI=[   0.0153516 ;    0.0913039] 
# Scales (for hessian or gradient estimation)
12 1.00000e-003 2.00000e-005
13 1.00000e-003 1.00000e-005
21 1.00000e-003 2.00000e-005
23 1.00000e-003 2.00000e-005
# Covariance matrix 
# 121 Var(a12)
# 122 Cov(b12,a12) Var(b12)
#   ...
# 232 Cov(b23,a12)  Cov(b23,b12) ... Var (b23)
#121 Var(a12)
#122 Cov(b12,a12) Var(b12)
#131 Cov(a13,a12) Cov(a13,b12) Var(a13)
#132 Cov(b13,a12) Cov(b13,b12) Cov(b13,a13) Var(b13)
#211 Cov(a21,a12) Cov(a21,b12) Cov(a21,a13) Cov(a21,b13) Var(a21)
#212 Cov(b21,a12) Cov(b21,b12) Cov(b21,a13) Cov(b21,b13) Cov(b21,a21) Var(b21)
#231 Cov(a23,a12) Cov(a23,b12) Cov(a23,a13) Cov(a23,b13) Cov(a23,a21) Cov(a23,b21) Var(a23)
#232 Cov(b23,a12) Cov(b23,b12) Cov(b23,a13) Cov(b23,b13) Cov(b23,a21) Cov(b23,b21) Cov(b23,a23) Var(b23)
121 2.7891009e+000
122 -3.61379e-002 4.7473362e-004
131 -3.16175e-001 4.15508e-003 1.4747661e+000
132 4.09971e-003 -5.44635e-005 -1.82521e-002 2.2821542e-004
211 3.10406e-001 -4.16583e-003 8.29602e-002 -1.11458e-003 1.6598345e+000
212 -4.08968e-003 5.63135e-005 -1.23741e-003 1.67300e-005 -2.28323e-002 3.2190257e-004
231 4.38009e-001 -5.67893e-003 -3.40606e-001 4.24898e-003 2.12573e-002 -1.18881e-004 2.5049288e+000
232 -5.75283e-003 7.58272e-005 4.28381e-003 -5.41346e-005 -2.00763e-004 7.07442e-007 -3.04425e-002 3.7541407e-004
# agemin agemax for life expectancy, bage fage (if mle==0 ie no data nor Max likelihood).
# Observed prevalence period
begin-prev-date=1/1/2013 end-prev-date=1/9/2018 mov_average=0
# Health expectancies computed from stable (period) prevalence (pop_based=0) or population based (1)
pop_based=0
# Prevalence forecasting and backcasting is skept here
##prevforecast=0  starting-proj-date=1/1/1989 final-proj-date=1/1/1990 mobil_average=0
#prevforecast=1 yearsfproj=10 mobil_average=0
#prevbackcast=1 yearsbproj=10 mobil_average=1
End of resultlines.

Computing forward period (stable) prevalence: result on file 'PL_GRMgali.txt' 
Computing pij: result on file 'PIJ_GRMgali.txt' 
Computing standard deviation of one-step probabilities: result on file 'PROB_rGRMgali.txt' 
Computing matrix of variance covariance of one-step probabilities: result on file 'PROBCOV_GRMgali.txt' 
and correlation matrix of one-step probabilities: result on file 'PROBCOR_GRMgali.txt' 
Prevalence combination of varying and fixed dummies 1
Warning Observed prevalence doesn't sum to 1 for state 2: probs[50][2][1]=0.000000 because of lack of cases.
Warning Observed prevalence doesn't sum to 1 for state 1: probs[93][1][1]=0.000000 because of lack of cases.
Warning Observed prevalence doesn't sum to 1 for state 2: probs[93][2][1]=0.000000 because of lack of cases.
Warning Observed prevalence doesn't sum to 1 for state 1: probs[94][1][1]=0.000000 because of lack of cases.
Warning Observed prevalence doesn't sum to 1 for state 2: probs[94][2][1]=0.000000 because of lack of cases.
Warning Observed prevalence doesn't sum to 1 for state 1: probs[95][1][1]=0.000000 because of lack of cases.
Warning Observed prevalence doesn't sum to 1 for state 2: probs[95][2][1]=0.000000 because of lack of cases.
Warning Observed prevalence doesn't sum to 1 for state 1: probs[96][1][1]=0.000000 because of lack of cases.
Warning Observed prevalence doesn't sum to 1 for state 2: probs[96][2][1]=0.000000 because of lack of cases.
Warning Observed prevalence doesn't sum to 1 for state 1: probs[97][1][1]=0.000000 because of lack of cases.
Warning Observed prevalence doesn't sum to 1 for state 2: probs[97][2][1]=0.000000 because of lack of cases.
Warning Observed prevalence doesn't sum to 1 for state 1: probs[99][1][1]=0.000000 because of lack of cases.
Warning Observed prevalence doesn't sum to 1 for state 2: probs[99][2][1]=0.000000 because of lack of cases.
Warning Observed prevalence doesn't sum to 1 for state 1: probs[100][1][1]=0.000000 because of lack of cases.
Warning Observed prevalence doesn't sum to 1 for state 2: probs[100][2][1]=0.000000 because of lack of cases.
Computing Health Expectancies: result on file 'E_GRMgali.txt' ...done evsij
Computing Total Life expectancies with their standard errors: file 'T_GRMgali.txt' ...
  Computing State-specific Expectancies and standard errors: result on file 'STDE_GRMgali.txt' 
    Computing Covar. of State-specific Expectancies: result on file 'CVE_GRMgali.txt' 
      Computing Variance-covariance of State-specific Expectancies: file 'V_GRMgali.txt' ... done State-specific expectancies
Computing Variance-covariance of forward period (stable) prevalence: file 'VPL_GRMgali.txt' ...done variance-covariance of forward period prevalence
End of Imach with 0 errors and/or warnings 1. Please look at the log file for details.
Local time at start Mon May 27 13:02:01 2024

Local time at end   Mon May 27 13:02:06 2024

Total time used 0 day(s) 0 hour(s) 0 minute(s) 5 second(s)
Total time was 5 Sec.
