Log filename:HRFgali.log
Version 0.99r45 $Revision: 1.353 $ $Date: 2023/05/08 18:48:22 $
Enter the parameter file name: 
pathimach=C:\PROGRA~1\IMACH-~2.99R\bin\
pathtot=C:\Users\mmusz\Dropbox\gender_paradox\data\IMACH\HRFgali.txt
 path=C:\Users\mmusz\Dropbox\gender_paradox\data\IMACH\ 
 optionfile=HRFgali.txt
 optionfilext=txt
 optionfilefiname='HRFgali'
Compiled with: Microsoft Visual Studio for Windows (x64 and x86)  64-bit
The programm is not running under WOW64 (i.e probably on a 64bit Windows).
Local time (at start): Mon May 27 10:58:33 2024
title=gali datafile=dataHRFgali.txt lastobs=15000 firstpass=1 lastpass=2
ftol=1.000000e-018 stepm=3 ncovcol=0 nqv=0 ntv=0 nqtv=0 nlstate=2 ndeath=1 maxwav=2 mle=1 weight=1
model=1+age+
# Parameters nlstate*nlstate*ncov a12*1 + b12 * age + ...
12 0.000000 0.000000
13 0.000000 0.000000
21 0.000000 0.000000
23 0.000000 0.000000
# Scales (for hessian or gradient estimation)
12 0.000000e+000 0.000000e+000
13 0.000000e+000 0.000000e+000
21 0.000000e+000 0.000000e+000
23 0.000000e+000 0.000000e+000
# Covariance matrix
121 0.00000e+000
122 0.00000e+000 0.00000e+000
131 0.00000e+000 0.00000e+000 0.00000e+000
132 0.00000e+000 0.00000e+000 0.00000e+000 0.00000e+000
211 0.00000e+000 0.00000e+000 0.00000e+000 0.00000e+000 0.00000e+000
212 0.00000e+000 0.00000e+000 0.00000e+000 0.00000e+000 0.00000e+000 0.00000e+000
231 0.00000e+000 0.00000e+000 0.00000e+000 0.00000e+000 0.00000e+000 0.00000e+000 0.00000e+000
232 0.00000e+000 0.00000e+000 0.00000e+000 0.00000e+000 0.00000e+000 0.00000e+000 0.00000e+000 0.00000e+000

Model=1+age+
Typevar: 0 for simple covariate (dummy, quantitative, fixed or varying), 1 for age product, 2 for  product, 3 for double product with age  
Fixed[k] 0=fixed (product or simple), 1 varying, 2 fixed with age product, 3 varying with age product 
Dummy[k] 0=dummy (0 1), 1 quantitative (single or product without age), 2 dummy with age product, 3 quant with age product
ncoveff=0, nqfveff=0, ntveff=0, nqtveff=0, cptcovn=0
ncovf=0, ncovv=0, ncova=0, nsd=0, nsq=0
Warning: The value of parameter lastobs=15000 is big compared to the 
  effective number of cases imx=1121, please adjust, 
  otherwise you are allocating more memory than necessary.
Total number of individuals= 1121, Agemin = 51.08, Agemax= 95.08

Information, you have to check 0 informations which haven't been logged!
Delay (in months) between two waves Min=1 (for indiviudal 577) Max=27 (1109) Mean=19.428189

 Age 51 1.=1 loss[1]=0.0% 2.=0 loss[2]=0.0% 1.=1 prev[1]=89.6% 2.=0 prev[2]=10.4% 11=1 12=0 21=0
Age 52 1.=4 loss[1]=0.0% 2.=0 loss[2]=0.0% 1.=4 prev[1]=91.5% 2.=0 prev[2]=8.5% 11=3 12=0 21=0 22=0
Age 53 1.=2 loss[1]=0.0% 2.=0 loss[2]=0.0% 1.=2 prev[1]=97.5% 2.=0 prev[2]=2.5% 11=2 12=0 22=0
Age 54 1.=3 loss[1]=0.0% 2.=0 loss[2]=0.0% 1.=3 prev[1]=86.1% 2.=0 prev[2]=13.9% 11=2 12=0 21=0 22=0
Age 55 1.=2 loss[1]=0.0% 2.=0 loss[2]=0.0% 1.=2 prev[1]=90.8% 2.=0 prev[2]=9.2% 11=2 12=0 21=0 22=0 23=0
Age 56 1.=2 loss[1]=0.0% 2.=0 loss[2]=0.0% 1.=2 prev[1]=83.4% 2.=0 prev[2]=16.6% 11=2 21=0 22=0
Age 57 1.=3 loss[1]=0.0% 2.=1 loss[2]=0.0% 1.=3 prev[1]=75.1% 2.=1 prev[2]=24.9% 11=3 12=0 21=0 22=0 23=0
Age 58 1.=3 loss[1]=0.0% 2.=0 loss[2]=0.0% 1.=3 prev[1]=85.0% 2.=0 prev[2]=15.0% 11=2 12=0 21=0 22=0
Age 59 1.=3 loss[1]=0.0% 2.=1 loss[2]=0.0% 1.=3 prev[1]=84.0% 2.=1 prev[2]=16.0% 11=3 12=0 13=0 21=0 22=0
Age 60 1.=3 loss[1]=0.0% 2.=0 loss[2]=0.0% 1.=3 prev[1]=92.8% 2.=0 prev[2]=7.2% 11=2 12=0 22=0 23=0
Age 61 1.=2 loss[1]=0.0% 2.=0 loss[2]=0.0% 1.=2 prev[1]=88.4% 2.=0 prev[2]=11.6% 11=2 21=0 22=0
Age 62 1.=2 loss[1]=0.0% 2.=0 loss[2]=0.0% 1.=2 prev[1]=92.5% 2.=0 prev[2]=7.5% 11=2 12=0 13=0 21=0 22=0
Age 63 1.=3 loss[1]=0.0% 2.=1 loss[2]=0.0% 1.=3 prev[1]=82.1% 2.=1 prev[2]=17.9% 11=2 12=0 13=0 21=0 22=0
Age 64 1.=3 loss[1]=0.0% 2.=0 loss[2]=0.0% 1.=3 prev[1]=90.2% 2.=0 prev[2]=9.8% 11=3 12=0 13=0 21=0 22=0 23=0
Age 65 1.=1 loss[1]=0.0% 2.=1 loss[2]=0.0% 1.=1 prev[1]=73.9% 2.=1 prev[2]=26.1% 11=1 12=0 13=0 21=0 22=0
Age 66 1.=2 loss[1]=0.0% 2.=0 loss[2]=0.0% 1.=2 prev[1]=88.4% 2.=0 prev[2]=11.6% 11=2 12=0 21=0 22=0
Age 67 1.=2 loss[1]=0.0% 2.=1 loss[2]=0.0% 1.=2 prev[1]=78.9% 2.=1 prev[2]=21.1% 11=2 12=0 21=0 22=0
Age 68 1.=2 loss[1]=0.0% 2.=0 loss[2]=0.0% 1.=2 prev[1]=91.4% 2.=0 prev[2]=8.6% 11=1 12=0 21=0
Age 69 1.=1 loss[1]=0.0% 2.=1 loss[2]=0.0% 1.=1 prev[1]=65.0% 2.=1 prev[2]=35.0% 11=1 12=0 13=0 21=1 22=0
Age 70 1.=1 loss[1]=0.0% 2.=0 loss[2]=0.0% 1.=1 prev[1]=90.1% 2.=0 prev[2]=9.9% 11=1 12=0 21=0
Age 71 1.=2 loss[1]=0.0% 2.=1 loss[2]=0.0% 1.=2 prev[1]=73.8% 2.=1 prev[2]=26.2% 11=1 12=0 21=0 22=0 23=0
Age 72 1.=2 loss[1]=0.0% 2.=0 loss[2]=0.0% 1.=2 prev[1]=83.2% 2.=0 prev[2]=16.8% 11=1 12=0 13=0 21=0 22=0 23=0
Age 73 1.=2 loss[1]=0.0% 2.=0 loss[2]=0.0% 1.=2 prev[1]=84.8% 2.=0 prev[2]=15.2% 11=1 12=0 13=0 21=0 22=0
Age 74 1.=2 loss[1]=0.0% 2.=1 loss[2]=0.0% 1.=2 prev[1]=75.3% 2.=1 prev[2]=24.7% 11=2 12=0 21=0 22=1
Age 75 1.=2 loss[1]=0.0% 2.=1 loss[2]=0.0% 1.=2 prev[1]=78.5% 2.=1 prev[2]=21.5% 11=2 12=0 13=0 21=0 22=0 23=0
Age 76 1.=2 loss[1]=0.0% 2.=1 loss[2]=0.0% 1.=2 prev[1]=62.0% 2.=1 prev[2]=38.0% 11=1 12=0 21=1 22=0 23=0
Age 77 1.=1 loss[1]=0.0% 2.=1 loss[2]=0.0% 1.=1 prev[1]=69.3% 2.=1 prev[2]=30.7% 11=1 12=0 13=0 21=0 22=0 23=0
Age 78 1.=1 loss[1]=0.0% 2.=1 loss[2]=0.0% 1.=1 prev[1]=60.2% 2.=1 prev[2]=39.8% 11=1 12=0 21=0 22=0 23=0
Age 79 1.=1 loss[1]=0.0% 2.=1 loss[2]=0.0% 1.=1 prev[1]=53.6% 2.=1 prev[2]=46.4% 11=0 12=0 21=0 22=0 23=0
Age 80 1.=1 loss[1]=0.0% 2.=1 loss[2]=0.0% 1.=1 prev[1]=56.6% 2.=1 prev[2]=43.4% 11=1 13=0 21=0 23=0
Age 81 1.=1 loss[1]=0.0% 2.=0 loss[2]=0.0% 1.=1 prev[1]=86.9% 2.=0 prev[2]=13.1% 11=1 12=0 13=0 22=0
Age 82 1.=1 loss[1]=0.0% 2.=1 loss[2]=0.0% 1.=1 prev[1]=51.5% 2.=1 prev[2]=48.5% 11=1 12=0 21=0 23=0
Age 83 1.=1 loss[1]=0.0% 2.=0 loss[2]=0.0% 1.=1 prev[1]=88.6% 2.=0 prev[2]=11.4% 11=1 12=0 13=0 21=0 22=0
Age 84 1.=0 loss[1]=0.0% 2.=1 loss[2]=0.0% 1.=0 prev[1]=31.0% 2.=1 prev[2]=69.0% 11=0 12=0 22=1 23=0
Age 85 1.=1 loss[1]=0.0% 2.=0 loss[2]=0.0% 1.=1 prev[1]=92.5% 2.=0 prev[2]=7.5% 11=0 12=0 13=0 22=0
Age 86 1.=0 loss[1]=0.0% 2.=1 loss[2]=0.0% 1.=0 prev[1]=36.0% 2.=1 prev[2]=64.0% 11=0 12=0 13=0 21=0 22=0 23=0
Age 87 1.=1 loss[1]=0.0% 2.=0 loss[2]=0.0% 1.=1 prev[1]=79.4% 2.=0 prev[2]=20.6% 11=0 12=0 23=0
Age 88 1.=0 loss[1]=0.0% 2.=1 loss[2]=0.0% 1.=0 prev[1]=25.3% 2.=1 prev[2]=74.7% 13=0 22=0 23=1
Age 89 1.=0 loss[1]=NaNQ% 2.=0 loss[2]=0.0% 1.=0 prev[1]=0.0% 2.=0 prev[2]=100.0% 21=0 22=0 23=0
Age 90 1.=0 loss[1]=0.0% 2.=0 loss[2]=NaNQ% 1.=0 prev[1]=100.0% 2.=0 prev[2]=0.0% 11=0 13=0
Age 91 1.=0 loss[1]=0.0% 2.=0 loss[2]=0.0% 1.=0 prev[1]=46.8% 2.=0 prev[2]=53.2% 11=0 22=0
Age 92 1.=0 loss[1]=0.0% 2.=0 loss[2]=0.0% 1.=0 prev[1]=37.4% 2.=0 prev[2]=62.6% 12=0 22=0
Age 93 1.=0 loss[1]=NaNQ% 2.=0 loss[2]=0.0% 1.=0 prev[1]=0.0% 2.=0 prev[2]=100.0% 23=0
Age 94 1.=0 loss[1]=NaNQ% 2.=0 loss[2]=NaNQ% 1.=0 prev[1]=NaNQ% 2.=0 prev[2]=NaNQ%
Age 95 1.=0 loss[1]=NaNQ% 2.=0 loss[2]=0.0% 1.=0 prev[1]=0.0% 2.=0 prev[2]=100.0% 23=0
1 1.=0 loss[1]=NaNQ% 2.=0 loss[2]=NaNQ% 1.=0 prev[1]=NaNQ% 2.=0 prev[2]=NaNQ%
0 1.=0 loss[1]=NaNQ% 2.=0 loss[2]=NaNQ% 1.=0 prev[1]=NaNQ% 2.=0 prev[2]=NaNQ%
Total 1.=66 loss[1]=0.0% 2.=19 loss[2]=0.0% 1.=66 prev[1]=77.9% 2.=19 prev[2]=22.1% 11=56 12=8 13=2 21=8 22=7 23=4


12    0.0000000 ln(8/56)=   -1.8940730 
13    0.0000000 ln(2/56)=   -3.2439121 
21    0.0000000 ln(8/7)=    0.0144404 
23    0.0000000 ln(4/7)=   -0.6463217 

 -1-1=0 -10=0 -11=0 -12=0 -13=0 0-1=0 00=0 01=0 02=0 03=0 1-1=0 10=0 11=56 12=8 13=2 2-1=0 20=0 21=8 22=7 23=4 3-1=0 30=0 31=0 32=0 33=0
Powell

Powell iter=1 Big Iter=1 -2*LL=7374.416151509161 gain=0 0 sec. 1 sec.
#model=  1      +     age 
12    0.0000000    0.0000000 
13    0.0000000    0.0000000 
21    0.0000000    0.0000000 
23    0.0000000    0.0000000 
1......2..................3........4..................5........6..................7........8.............................Gaining to use new average direction of P0 P8 instead of biggest increase direction 5 :

Powell iter=2 Big Iter=2 -2*LL=2442.411477819164 gain=4.93e+003 1 sec. 2 sec.
#model=  1      +     age 
12    4.7047506   -0.0028510 
13   -0.7519783    0.0028134 
21    2.5675359   -0.0011873 
23   -1.0509235    0.0025656 

Considering the time needed for this last iteration #2: 1 seconds,
   - if your program needs 1 BIG iterations  (2 iterations) to converge, convergence will be 
   reached in 0 day(s) 0 hour(s) 0 minute(s) 0 second(s) i.e.
   on Mon May 27 10:58:35 2024 (current time is Mon May 27 10:58:35 2024);
   - if your program needs 11 BIG iterations  (22 iterations) to converge, convergence will be 
   reached in 0 day(s) 0 hour(s) 0 minute(s) 20 second(s) i.e.
   on Mon May 27 10:58:55 2024 (current time is Mon May 27 10:58:35 2024);
   - if your program needs 21 BIG iterations  (42 iterations) to converge, convergence will be 
   reached in 0 day(s) 0 hour(s) 0 minute(s) 40 second(s) i.e.
   on Mon May 27 10:59:15 2024 (current time is Mon May 27 10:58:35 2024);
   - if your program needs 31 BIG iterations  (62 iterations) to converge, convergence will be 
   reached in 0 day(s) 0 hour(s) 1 minute(s) 0 second(s) i.e.
   on Mon May 27 10:59:35 2024 (current time is Mon May 27 10:58:35 2024);
1.......2...................3........4..................5.................6..................7..........8........
Powell iter=3 Big Iter=2 -2*LL=2326.022001031442 gain=116 1 sec. 3 sec.
#model=  1      +     age 
12    3.2551357   -0.0046947 
13   -1.7692255    0.0066320 
21    2.3884753   -0.0032202 
23   -1.3413924   -0.0099066 

Considering the time needed for this last iteration #3: 1 seconds,
   - if your program needs 1 BIG iterations  (2 iterations) to converge, convergence will be 
   reached in 0 day(s) 0 hour(s) 0 minute(s) -1 second(s) i.e.
   on Mon May 27 10:58:35 2024 (current time is Mon May 27 10:58:36 2024);
   - if your program needs 11 BIG iterations  (22 iterations) to converge, convergence will be 
   reached in 0 day(s) 0 hour(s) 0 minute(s) 19 second(s) i.e.
   on Mon May 27 10:58:55 2024 (current time is Mon May 27 10:58:36 2024);
   - if your program needs 21 BIG iterations  (42 iterations) to converge, convergence will be 
   reached in 0 day(s) 0 hour(s) 0 minute(s) 39 second(s) i.e.
   on Mon May 27 10:59:15 2024 (current time is Mon May 27 10:58:36 2024);
   - if your program needs 31 BIG iterations  (62 iterations) to converge, convergence will be 
   reached in 0 day(s) 0 hour(s) 0 minute(s) 59 second(s) i.e.
   on Mon May 27 10:59:35 2024 (current time is Mon May 27 10:58:36 2024);
1.........2..................3.........4..................5..................6..................7.........8................Gaining to use new average direction of P0 P8 instead of biggest increase direction 3 :

Powell iter=4 Big Iter=3 -2*LL=1956.915597624730 gain=369 0 sec. 3 sec.
#model=  1      +     age 
12   -0.2982759   -0.0129147 
13   -5.1393188    0.0206934 
21    1.6661000    0.0296732 
23   -0.4230861   -0.0185001 
1........2...............3........4..................5.................6.................7..........8..........directest= 898.375742801348 (if directest<0 or t<0 we include P0 Pn as new direction), t= -7647851.288435938800, f1= 1956.915597624730,f2= 1931.930046194653,f3= 2826.550060635451, del= 10.614911534763
f1-2f2+f3= 919.605565870875, f1-f2-del= 14.370639895313, f1-f3= -869.634463010722

Powell iter=5 Big Iter=3 -2*LL=1931.930046194653 gain=25 1 sec. 4 sec.
#model=  1      +     age 
12   -0.3126280   -0.0120572 
13   -5.2692405    0.0175392 
21    1.5990340    0.0320817 
23   -0.6563177   -0.0029284 
1........2...............3........4..................5..................6..................7.........8....................Gaining to use new average direction of P0 P8 instead of biggest increase direction 5 :

Powell iter=6 Big Iter=4 -2*LL=1892.134739375834 gain=39.8 1 sec. 5 sec.
#model=  1      +     age 
12   -1.1600030   -0.0006839 
13   -5.5977553    0.0182213 
21    1.0896597    0.0418796 
23   -3.4231004    0.0630939 
1........2...............3.........4...................5.........6..................7..........8..........directest= 373.181370252767 (if directest<0 or t<0 we include P0 Pn as new direction), t= -1410662.493565404800, f1= 1892.134739375834,f2= 1869.049578622673,f3= 2243.524248128738, del= 12.189230003229
f1-2f2+f3= 397.559830259225, f1-f2-del= 10.895930749931, f1-f3= -351.389508752904

Powell iter=7 Big Iter=4 -2*LL=1869.049578622673 gain=23.1 0 sec. 5 sec.
#model=  1      +     age 
12   -1.4447484    0.0038131 
13   -5.8486910    0.0130317 
21    0.9628291    0.0469027 
23   -4.4474187    0.0826776 
1........2...............3........4..................5.........6..................7..........8................Gaining to use new average direction of P0 P8 instead of biggest increase direction 8 :

Powell iter=8 Big Iter=5 -2*LL=1825.361251487754 gain=43.7 1 sec. 6 sec.
#model=  1      +     age 
12   -3.0178133    0.0245275 
13   -6.9705692    0.0125153 
21    0.3741358    0.0769240 
23   -8.7959965    0.1645171 
1........2...............3........4..................5........6.............7.........8........
Powell iter=9 Big Iter=5 -2*LL=1798.257853880082 gain=27.1 1 sec. 7 sec.
#model=  1      +     age 
12   -3.5584240    0.0325227 
13   -7.5492411    0.0273359 
21    0.1831825    0.0935624 
23  -10.4861376    0.1951137 
1........2..............3........4..................5.........6............7..........8..............Gaining to use new average direction of P0 P8 instead of biggest increase direction 4 :

Powell iter=10 Big Iter=6 -2*LL=1765.011863277893 gain=33.2 0 sec. 7 sec.
#model=  1      +     age 
12   -4.7777378    0.0536133 
13   -8.8187367    0.0625372 
21   -0.4267948    0.1323026 
23  -14.7541183    0.2730057 
1........2.............3........4........5.........6............7..........8.........directest= 30.255462228175 (if directest<0 or t<0 we include P0 Pn as new direction), t= -548.049169666363, f1= 1765.011863277893,f2= 1760.072178020445,f3= 1789.304339098933, del= 1.958192053880
f1-2f2+f3= 34.171846335936, f1-f2-del= 2.981493203568, f1-f3= -24.292475821039

Powell iter=11 Big Iter=6 -2*LL=1760.072178020445 gain=4.94 1 sec. 8 sec.
#model=  1      +     age 
12   -5.3851158    0.0618184 
13   -9.3537810    0.0699367 
21   -0.6541276    0.1478338 
23  -16.4641582    0.3044457 
1........2.............3........4.........5.........6...........7..........8................Gaining to use new average direction of P0 P8 instead of biggest increase direction 4 :

Powell iter=12 Big Iter=7 -2*LL=1757.801023753836 gain=2.27 0 sec. 8 sec.
#model=  1      +     age 
12   -6.1907631    0.0734367 
13  -10.1281181    0.0804527 
21   -0.9805237    0.1695300 
23  -18.9573585    0.3502306 
1........2.............3........4..........5.........6..........7..........8........
Powell iter=13 Big Iter=7 -2*LL=1757.643726783641 gain=0.157 1 sec. 9 sec.
#model=  1      +     age 
12   -6.1831270    0.0731979 
13  -10.1550633    0.0808098 
21   -0.9743214    0.1696390 
23  -18.9875451    0.3507033 
1........2.............3........4..........5.........6..........7..........8................Gaining to use new average direction of P0 P8 instead of biggest increase direction 3 :

Powell iter=14 Big Iter=8 -2*LL=1752.388692569906 gain=5.26 0 sec. 9 sec.
#model=  1      +     age 
12   -5.5893533    0.0650670 
13  -11.9670441    0.1081076 
21   -0.7962811    0.1836598 
23  -21.7657856    0.3972476 
1........2...........3.........4..........5.........6.............7..........8.........directest= 6.717542747809 (if directest<0 or t<0 we include P0 Pn as new direction), t= -21.832492693331, f1= 1752.388692569906,f2= 1751.557321579263,f3= 1758.617513440145, del= 0.587010051858
f1-2f2+f3= 7.891562851524, f1-f2-del= 0.244360938785, f1-f3= -6.228820870239

Powell iter=15 Big Iter=8 -2*LL=1751.557321579263 gain=0.831 1 sec. 10 sec.
#model=  1      +     age 
12   -5.4447378    0.0627765 
13  -12.2773058    0.1110022 
21   -0.7417974    0.1850401 
23  -22.1450425    0.4035992 
1........2............3........4.........5.........6..........7..........8.................Gaining to use new average direction of P0 P8 instead of biggest increase direction 4 :

Powell iter=16 Big Iter=9 -2*LL=1751.462329594968 gain=0.095 0 sec. 10 sec.
#model=  1      +     age 
12   -5.3789774    0.0617679 
13  -12.4325898    0.1125150 
21   -0.7190351    0.1860110 
23  -22.3204054    0.4067706 
1........2.............3.......4.........5.........6..........7..........8........
Powell iter=17 Big Iter=9 -2*LL=1751.452266846121 gain=0.0101 1 sec. 11 sec.
#model=  1      +     age 
12   -5.3830509    0.0618474 
13  -12.4336280    0.1125213 
21   -0.7215834    0.1861626 
23  -22.3068883    0.4067517 
1........2.............3............4.........5.........6..........7..........8..............Gaining to use new average direction of P0 P8 instead of biggest increase direction 5 :

Powell iter=18 Big Iter=10 -2*LL=1750.567759336974 gain=0.885 0 sec. 11 sec.
#model=  1      +     age 
12   -5.5147129    0.0633588 
13  -12.7426700    0.1158842 
21   -0.8542782    0.2044566 
23  -18.9217086    0.3849714 
1........2.....................3........4.........5.......6...........7..........8........
Powell iter=19 Big Iter=10 -2*LL=1750.313794540723 gain=0.254 1 sec. 12 sec.
#model=  1      +     age 
12   -5.5519406    0.0642884 
13  -13.1459856    0.1213952 
21   -0.9084469    0.2137594 
23  -18.7760925    0.3916056 
1........2............3........4.........5........6..........7..........8.........
Powell iter=20 Big Iter=11 -2*LL=1750.288211591887 gain=0.0256 1 sec. 13 sec.
#model=  1      +     age 
12   -5.5743328    0.0647048 
13  -13.2833278    0.1232714 
21   -0.9293008    0.2170295 
23  -18.7452605    0.3941198 
1........2..................3........4.........5........6..........7..................8.........
Powell iter=21 Big Iter=11 -2*LL=1750.285176515607 gain=0.00304 1 sec. 14 sec.
#model=  1      +     age 
12   -5.5807423    0.0648292 
13  -13.3291076    0.1239028 
21   -0.9359194    0.2181183 
23  -18.7318540    0.3949176 
1........2................3........4.........5............6..........7.............8.........
Powell iter=22 Big Iter=12 -2*LL=1750.284786378124 gain=0.00039 1 sec. 15 sec.
#model=  1      +     age 
12   -5.5830829    0.0648747 
13  -13.3450358    0.1241243 
21   -0.9382925    0.2185020 
23  -18.7269234    0.3951952 
1........2................3.........4.........5.............6...........7...............8.........
Powell iter=23 Big Iter=12 -2*LL=1750.284734914178 gain=5.15e-005 1 sec. 16 sec.
#model=  1      +     age 
12   -5.5839876    0.0648921 
13  -13.3507850    0.1242045 
21   -0.9391720    0.2186414 
23  -18.7252298    0.3952969 
1..........2.........................3..........4.............5............6.............7....................8.........
Powell iter=24 Big Iter=13 -2*LL=1750.284728080415 gain=6.83e-006 1 sec. 17 sec.
#model=  1      +     age 
12   -5.5843287    0.0648986 
13  -13.3528828    0.1242338 
21   -0.9394965    0.2186924 
23  -18.7246360    0.3953344 
1.............2..................3.............4..........5.................6.............7...................8...........
Powell iter=25 Big Iter=13 -2*LL=1750.284727175666 gain=9.05e-007 1 sec. 18 sec.
#model=  1      +     age 
12   -5.5844526    0.0649009 
13  -13.3536490    0.1242444 
21   -0.9396146    0.2187110 
23  -18.7244188    0.3953480 
1...........2...............3......................4..............5...........................6...............7..................8..........................
Powell iter=26 Big Iter=14 -2*LL=1750.284727056240 gain=1.19e-007 2 sec. 20 sec.
#model=  1      +     age 
12   -5.5844987    0.0649018 
13  -13.3539283    0.1242483 
21   -0.9396580    0.2187178 
23  -18.7243388    0.3953530 
1..................2..................3.............4...............5........................6............7......................8............
Powell iter=27 Big Iter=14 -2*LL=1750.284727040807 gain=1.54e-008 2 sec. 22 sec.
#model=  1      +     age 
12   -5.5845149    0.0649021 
13  -13.3540299    0.1242498 
21   -0.9396735    0.2187202 
23  -18.7243114    0.3953548 
1...............2....................3...........4..................5..............................6................7....................8...............
Powell iter=28 Big Iter=15 -2*LL=1750.284727038855 gain=1.95e-009 1 sec. 23 sec.
#model=  1      +     age 
12   -5.5845209    0.0649022 
13  -13.3540679    0.1242503 
21   -0.9396792    0.2187211 
23  -18.7243005    0.3953555 
1.......................2...................3....................4.............5..............................6...........7...............8..................
Powell iter=29 Big Iter=15 -2*LL=1750.284727038595 gain=2.6e-010 2 sec. 25 sec.
#model=  1      +     age 
12   -5.5845230    0.0649022 
13  -13.3540805    0.1242505 
21   -0.9396811    0.2187214 
23  -18.7242980    0.3953557 
1......................2.................3...............................4........................5...........................6...........7..................8.......................................Gaining to use new average direction of P0 P8 instead of biggest increase direction 4 :

Powell iter=30 Big Iter=16 -2*LL=1750.284727038550 gain=4.46e-011 1 sec. 26 sec.
#model=  1      +     age 
12   -5.5845247    0.0649023 
13  -13.3540889    0.1242506 
21   -0.9396825    0.2187216 
23  -18.7242905    0.3953558 
1.................2.................3..........................4................5...................................6.........7......................8.........................
Powell iter=31 Big Iter=16 -2*LL=1750.284727038536 gain=1.43e-011 2 sec. 28 sec.
#model=  1      +     age 
12   -5.5845249    0.0649023 
13  -13.3540883    0.1242506 
21   -0.9396824    0.2187216 
23  -18.7242941    0.3953558 
1..................2..................3........................4........................5...............................6.............7.....................8..........................................Gaining to use new average direction of P0 P8 instead of biggest increase direction 1 :

Powell iter=32 Big Iter=17 -2*LL=1750.284727038324 gain=2.11e-010 2 sec. 30 sec.
#model=  1      +     age 
12   -5.5845259    0.0649023 
13  -13.3540816    0.1242505 
21   -0.9396796    0.2187214 
23  -18.7242734    0.3953554 
12....................3........................4......................5...................6............7...............8............. p(1)=-5.584527 flat=1 ..............1 flat directions :1 
Gaining to use new average direction of P0 P8 instead of biggest increase direction 8 :

Powell iter=33 Big Iter=17 -2*LL=1750.284727037543 gain=7.81e-010 2 sec. 32 sec.
#model=  1      +     age 
12   -5.5845301    0.0649023 
13  -13.3540759    0.1242504 
21   -0.9396703    0.2187210 
23  -18.7242378    0.3953547 
1...............2................3........................4................5....................6..........7.......................8.................Gaining to use new average direction of P0 P8 instead of biggest increase direction 8 :

Powell iter=34 Big Iter=18 -2*LL=1750.284727031989 gain=5.55e-009 1 sec. 33 sec.
#model=  1      +     age 
12   -5.5845588    0.0649027 
13  -13.3540555    0.1242502 
21   -0.9395919    0.2187173 
23  -18.7241050    0.3953504 
1.............2.................3.....................4...............5................6............7............................8...........................Gaining to use new average direction of P0 P8 instead of biggest increase direction 8 :

Powell iter=35 Big Iter=18 -2*LL=1750.284727004957 gain=2.7e-008 2 sec. 35 sec.
#model=  1      +     age 
12   -5.5846397    0.0649038 
13  -13.3540074    0.1242496 
21   -0.9392091    0.2186995 
23  -18.7237752    0.3953333 
1..............2.......................3........4..................5..............6............................7.............8...........................Gaining to use new average direction of P0 P8 instead of biggest increase direction 8 :

Powell iter=36 Big Iter=19 -2*LL=1750.284726911809 gain=9.31e-008 1 sec. 36 sec.
#model=  1      +     age 
12   -5.5847501    0.0649055 
13  -13.3538537    0.1242476 
21   -0.9377858    0.2186331 
23  -18.7228015    0.3952721 
1................2...................3.............4................5............6............................7......................8...........................Gaining to use new average direction of P0 P8 instead of biggest increase direction 3 :

Powell iter=37 Big Iter=19 -2*LL=1750.284726608472 gain=3.03e-007 2 sec. 38 sec.
#model=  1      +     age 
12   -5.5847701    0.0649058 
13  -13.3534443    0.1242418 
21   -0.9329401    0.2184100 
23  -18.7188519    0.3950598 
1............2.............3..............4................5...................6..................7.................8..................Gaining to use new average direction of P0 P8 instead of biggest increase direction 8 :

Powell iter=38 Big Iter=20 -2*LL=1750.284725912936 gain=6.96e-007 1 sec. 39 sec.
#model=  1      +     age 
12   -5.5851047    0.0649104 
13  -13.3534980    0.1242420 
21   -0.9208075    0.2178713 
23  -18.7074932    0.3945303 
1......2....................3.......4................5...........6................7...........................8....................Gaining to use new average direction of P0 P8 instead of biggest increase direction 8 :

Powell iter=39 Big Iter=20 -2*LL=1750.284723855619 gain=2.06e-006 2 sec. 41 sec.
#model=  1      +     age 
12   -5.5858305    0.0649202 
13  -13.3545482    0.1242552 
21   -0.8872595    0.2164012 
23  -18.6736875    0.3930569 
1...........2.................3.............4...................5........6..........7.......................8.....................Gaining to use new average direction of P0 P8 instead of biggest increase direction 3 :

Powell iter=40 Big Iter=21 -2*LL=1750.284718612305 gain=5.24e-006 1 sec. 42 sec.
#model=  1      +     age 
12   -5.5867064    0.0649322 
13  -13.3570461    0.1242886 
21   -0.8092980    0.2129907 
23  -18.5930485    0.3896139 
1......2.............3............4............5.........6...............7................8..................Gaining to use new average direction of P0 P8 instead of biggest increase direction 8 :

Powell iter=41 Big Iter=21 -2*LL=1750.263532309624 gain=0.0212 1 sec. 43 sec.
#model=  1      +     age 
12   -5.6375404    0.0656526 
13  -13.4212239    0.1251349 
21    4.1268490   -0.0046772 
23  -13.6175454    0.1714629 
1........2..............3..........4.........5.......6...................7..........8................directest= 3977.138069391025 (if directest<0 or t<0 we include P0 Pn as new direction), t= -1401748.669037126700, f1= 1750.263532309624,f2= 1749.944026731196,f3= 5726.939924111868, del= 0.088666784038
f1-2f2+f3= 3977.315402959101, f1-f2-del= 0.230838794391, f1-f3= -3976.676391802244

Powell iter=42 Big Iter=22 -2*LL=1749.944026731196 gain=0.32 1 sec. 44 sec.
#model=  1      +     age 
12   -5.5972581    0.0643909 
13  -13.2179542    0.1221387 
21    4.5065218   -0.0249058 
23  -13.0783639    0.1502402 
1........2................3.......4..........5.......6...................7..........8.........................Gaining to use new average direction of P0 P8 instead of biggest increase direction 2 :

Powell iter=43 Big Iter=22 -2*LL=1749.367861883484 gain=0.576 1 sec. 45 sec.
#model=  1      +     age 
12   -5.5480784    0.0623411 
13  -13.2815326    0.1223692 
21    4.9204836   -0.0431870 
23  -12.4122553    0.1304822 
1.......2................3................4..........5.......6..................7..........8........directest= 1.730401306422 (if directest<0 or t<0 we include P0 Pn as new direction), t= -0.519871143343, f1= 1749.367861883484,f2= 1748.999355848043,f3= 1750.871778157753, del= 0.255263519365
f1-2f2+f3= 2.240928345152, f1-f2-del= 0.113242516077, f1-f3= -1.503916274269

Powell iter=44 Big Iter=23 -2*LL=1748.999355848043 gain=0.369 1 sec. 46 sec.
#model=  1      +     age 
12   -5.5229822    0.0614284 
13  -13.4664501    0.1243537 
21    5.0653327   -0.0470805 
23  -12.0256528    0.1244909 
1........2................3..........4..........5......6..................7..........8..................Gaining to use new average direction of P0 P8 instead of biggest increase direction 8 :

Powell iter=45 Big Iter=23 -2*LL=1748.256737436971 gain=0.743 2 sec. 48 sec.
#model=  1      +     age 
12   -5.4150307    0.0578058 
13  -14.1269754    0.1312722 
21    5.5731994   -0.0607982 
23  -10.6141989    0.1030388 
1........2................3.........4..........5........6..................7..........8.........directest= 1.072424249489 (if directest<0 or t<0 we include P0 Pn as new direction), t= -0.041003721936, f1= 1748.256737436971,f2= 1748.114644941004,f3= 1749.175663190640, del= 0.065343248057
f1-2f2+f3= 1.203110745603, f1-f2-del= 0.076749247910, f1-f3= -0.918925753668

Powell iter=46 Big Iter=24 -2*LL=1748.114644941004 gain=0.142 0 sec. 48 sec.
#model=  1      +     age 
12   -5.3875680    0.0568309 
13  -14.3744118    0.1339867 
21    5.7017938   -0.0629015 
23  -10.1705032    0.0979505 
1.......2................3.........4..........5........6..................7..........8.................Gaining to use new average direction of P0 P8 instead of biggest increase direction 2 :

Powell iter=47 Big Iter=24 -2*LL=1748.091216160029 gain=0.0234 2 sec. 50 sec.
#model=  1      +     age 
12   -5.3671960    0.0562230 
13  -14.4740531    0.1349939 
21    5.7582499   -0.0640120 
23   -9.9643043    0.0954984 
1.......2..........3........4..........5........6..................7............8............Gaining to use new average direction of P0 P8 instead of biggest increase direction 1 :

Powell iter=48 Big Iter=25 -2*LL=1748.010291443931 gain=0.0809 0 sec. 50 sec.
#model=  1      +     age 
12   -5.3419175    0.0558114 
13  -14.4035252    0.1339126 
21    5.7059362   -0.0627186 
23  -10.0026402    0.0967715 
1......2.........3........4..........5........6..................7............8...............Gaining to use new average direction of P0 P8 instead of biggest increase direction 8 :

Powell iter=49 Big Iter=25 -2*LL=1747.816875471351 gain=0.193 1 sec. 51 sec.
#model=  1      +     age 
12   -5.2479731    0.0537744 
13  -14.4014800    0.1330053 
21    5.7336060   -0.0641360 
23   -9.6799452    0.0930391 
1.......2.........3........4..........5........6..................7.............8..................Gaining to use new average direction of P0 P8 instead of biggest increase direction 8 :

Powell iter=50 Big Iter=26 -2*LL=1741.487277983325 gain=6.33 1 sec. 52 sec.
#model=  1      +     age 
12   -3.2809804    0.0130101 
13  -13.0366619    0.0980564 
21    5.8187735   -0.0911476 
23   -4.4826746    0.0282946 
1........2........3........4.......5......6..............7..........8............directest= 220.886719515189 (if directest<0 or t<0 we include P0 Pn as new direction), t= -187971.661406230410, f1= 1741.487277983325,f2= 1728.574849870547,f3= 1946.798085833801, del= 5.124472280421
f1-2f2+f3= 231.135664076031, f1-f2-del= 7.787955832356, f1-f3= -205.310807850477

Powell iter=51 Big Iter=26 -2*LL=1728.574849870547 gain=12.9 1 sec. 53 sec.
#model=  1      +     age 
12   -2.9471374    0.0068745 
13  -12.9104918    0.0938740 
21    5.8857389   -0.0976025 
23   -4.6242828    0.0250844 
1.......2........3.......4........5......6..............7.........8..................Gaining to use new average direction of P0 P8 instead of biggest increase direction 5 :

Powell iter=52 Big Iter=27 -2*LL=1722.591518180923 gain=5.98 1 sec. 54 sec.
#model=  1      +     age 
12   -2.2097226   -0.0049806 
13  -12.2113439    0.0799162 
21    5.4653532   -0.0951575 
23   -6.4708235    0.0467052 
1......2........3........4.......5...........6...............7.........8........directest= 3.446611960965 (if directest<0 or t<0 we include P0 Pn as new direction), t= -5.270421705834, f1= 1722.591518180923,f2= 1721.834448363179,f3= 1725.685250812701, del= 0.580630153151
f1-2f2+f3= 4.607872267266, f1-f2-del= 0.176439664593, f1-f3= -3.093732631778

Powell iter=53 Big Iter=27 -2*LL=1721.834448363179 gain=0.757 1 sec. 55 sec.
#model=  1      +     age 
12   -2.1433326   -0.0059322 
13  -12.0811159    0.0778580 
21    5.3660774   -0.0930332 
23   -6.7563291    0.0510774 
1......2........3........4.........5...........6...............7.........8..............Gaining to use new average direction of P0 P8 instead of biggest increase direction 1 :

Powell iter=54 Big Iter=28 -2*LL=1720.734686200808 gain=1.1 1 sec. 56 sec.
#model=  1      +     age 
12   -2.0625427   -0.0080909 
13  -12.9179217    0.0878027 
21    5.6686985   -0.0975150 
23   -6.8324644    0.0529075 
1........2........3.......4.........5...........6................7.........8.......
Powell iter=55 Big Iter=28 -2*LL=1720.044403668129 gain=0.69 1 sec. 57 sec.
#model=  1      +     age 
12   -2.1033362   -0.0075671 
13  -13.4046386    0.0943485 
21    5.8519368   -0.1003789 
23   -7.0167789    0.0548136 
1........2.......3........4.........5...........6...............7.........8.............Gaining to use new average direction of P0 P8 instead of biggest increase direction 5 :

Powell iter=56 Big Iter=29 -2*LL=1719.555920819587 gain=0.488 0 sec. 57 sec.
#model=  1      +     age 
12   -2.2804915   -0.0048787 
13  -14.3198534    0.1073713 
21    6.2091145   -0.1052784 
23   -7.1463252    0.0560552 
1...........2.......3........4.........5.......6...............7.........8.......directest= 0.173754454585 (if directest<0 or t<0 we include P0 Pn as new direction), t= -0.000139865853, f1= 1719.555920819587,f2= 1719.533658781350,f3= 1719.703820033289, del= 0.009334417796
f1-2f2+f3= 0.192423290177, f1-f2-del= 0.012927620441, f1-f3= -0.147899213703

Powell iter=57 Big Iter=29 -2*LL=1719.533658781350 gain=0.0223 1 sec. 58 sec.
#model=  1      +     age 
12   -2.2717127   -0.0049964 
13  -14.2970301    0.1070367 
21    6.1949747   -0.1051037 
23   -7.2055109    0.0567516 
1........2.......3........4.........5.......6...............7.........8..............Gaining to use new average direction of P0 P8 instead of biggest increase direction 4 :

Powell iter=58 Big Iter=30 -2*LL=1719.118951372127 gain=0.415 1 sec. 59 sec.
#model=  1      +     age 
12   -2.3185662   -0.0038458 
13  -13.8262016    0.1016973 
21    5.9275973   -0.1009253 
23   -7.8463619    0.0648726 
1........2........3.........4........5......6...............7.........8........
Powell iter=59 Big Iter=30 -2*LL=1718.738176154576 gain=0.381 1 sec. 60 sec.
#model=  1      +     age 
12   -2.3483483   -0.0034983 
13  -13.7757992    0.1013055 
21    5.8908671   -0.1005782 
23   -7.9289477    0.0657521 
1........2........3........4.......5......6...............7.........8...................Gaining to use new average direction of P0 P8 instead of biggest increase direction 2 :

Powell iter=60 Big Iter=31 -2*LL=1694.529762291741 gain=24.2 1 sec. 61 sec.
#model=  1      +     age 
12   -3.6245495    0.0094711 
13   -7.4122761    0.0306646 
21    2.4337707   -0.0613952 
23  -10.7056838    0.0975069 
1........2......3......4......5.......6..............7..........8..........directest= 193.294853838142 (if directest<0 or t<0 we include P0 Pn as new direction), t= -107082.538921525640, f1= 1694.529762291741,f2= 1686.451397874401,f3= 1878.508314450308, del= 3.420213577552
f1-2f2+f3= 200.135280993247, f1-f2-del= 4.658150839788, f1-f3= -183.978552158567

Powell iter=61 Big Iter=31 -2*LL=1686.451397874401 gain=8.08 1 sec. 62 sec.
#model=  1      +     age 
12   -4.0796693    0.0137757 
13   -8.0909895    0.0422483 
21    2.6045949   -0.0646875 
23  -10.0887196    0.0894322 
1........2........3......4......5........6..............7..........8.................Gaining to use new average direction of P0 P8 instead of biggest increase direction 8 :

Powell iter=62 Big Iter=32 -2*LL=1682.764200968826 gain=3.69 1 sec. 63 sec.
#model=  1      +     age 
12   -4.4807334    0.0168626 
13   -8.8863553    0.0552583 
21    2.6536102   -0.0660588 
23  -10.7063172    0.0963255 
1........2.......3........4......5........6...............7.........8.......
Powell iter=63 Big Iter=32 -2*LL=1682.344620635950 gain=0.42 1 sec. 64 sec.
#model=  1      +     age 
12   -4.4358748    0.0161682 
13   -8.7751915    0.0536757 
21    2.5434287   -0.0643862 
23  -11.2450564    0.1027677 
1........2........3.........4.......5........6...............7.........8.............Gaining to use new average direction of P0 P8 instead of biggest increase direction 3 :

Powell iter=64 Big Iter=33 -2*LL=1682.153212656107 gain=0.191 1 sec. 65 sec.
#model=  1      +     age 
12   -4.3866276    0.0153839 
13   -8.7101345    0.0526809 
21    2.4313980   -0.0628244 
23  -11.9229220    0.1108710 
1........2........3.......4.......5........6...............7..................8.......
Powell iter=65 Big Iter=33 -2*LL=1682.120657703518 gain=0.0326 1 sec. 66 sec.
#model=  1      +     age 
12   -4.3847846    0.0153885 
13   -8.7491751    0.0531639 
21    2.4468818   -0.0630221 
23  -11.9300226    0.1109516 
1........2........3.......4.......5........6...............7.........8...............Gaining to use new average direction of P0 P8 instead of biggest increase direction 1 :

Powell iter=66 Big Iter=34 -2*LL=1681.581577553210 gain=0.539 1 sec. 67 sec.
#model=  1      +     age 
12   -4.3161167    0.0155584 
13   -8.9088351    0.0546203 
21    2.5037298   -0.0631456 
23  -11.8830163    0.1105149 
1........2........3.......4......5........6...............7..........8..............Gaining to use new average direction of P0 P8 instead of biggest increase direction 3 :

Powell iter=67 Big Iter=34 -2*LL=1680.621018130003 gain=0.961 1 sec. 68 sec.
#model=  1      +     age 
12   -4.2490418    0.0152484 
13   -9.0701212    0.0558596 
21    2.4721053   -0.0623627 
23  -11.7067733    0.1085873 
1........2........3.......4.......5........6...............7..........8...............Gaining to use new average direction of P0 P8 instead of biggest increase direction 8 :

Powell iter=68 Big Iter=35 -2*LL=1679.973535130486 gain=0.647 0 sec. 68 sec.
#model=  1      +     age 
12   -4.1322234    0.0138648 
13   -9.3216480    0.0576775 
21    2.5319954   -0.0631537 
23  -11.0477317    0.1010230 
1.......2........3......4........5........6...............7..........8..............Gaining to use new average direction of P0 P8 instead of biggest increase direction 3 :

Powell iter=69 Big Iter=35 -2*LL=1678.231350213191 gain=1.74 1 sec. 69 sec.
#model=  1      +     age 
12   -3.9823890    0.0113455 
13   -9.6149125    0.0590428 
21    2.4532290   -0.0624951 
23   -9.6530935    0.0848520 
1........2.......3.......4......5........6...............7.........8................Gaining to use new average direction of P0 P8 instead of biggest increase direction 8 :

Powell iter=70 Big Iter=36 -2*LL=1674.843933114019 gain=3.39 1 sec. 70 sec.
#model=  1      +     age 
12   -3.8834048    0.0100778 
13  -10.3707880    0.0659358 
21    2.0209268   -0.0565287 
23   -8.7756265    0.0750126 
1.......2......3.......4......5.......6...............7..........8.............Gaining to use new average direction of P0 P8 instead of biggest increase direction 8 :

Powell iter=71 Big Iter=36 -2*LL=1660.210764451355 gain=14.6 1 sec. 71 sec.
#model=  1      +     age 
12   -4.3498965    0.0158649 
13  -13.1270335    0.0976229 
21   -0.3311286   -0.0245271 
23   -8.2873916    0.0703730 
1........2........3......4.......5......6...............7.........8........
Powell iter=72 Big Iter=37 -2*LL=1642.654689950934 gain=17.6 1 sec. 72 sec.
#model=  1      +     age 
12   -5.5361864    0.0313511 
13  -15.0864315    0.1289943 
21   -1.4743024   -0.0090953 
23   -9.9375111    0.0890979 
1.........2........3......4.......5.......6...............7..........8........
Powell iter=73 Big Iter=37 -2*LL=1636.812788382420 gain=5.84 1 sec. 73 sec.
#model=  1      +     age 
12   -6.1862488    0.0403732 
13  -16.4182646    0.1488187 
21   -1.8171133   -0.0041500 
23   -9.1293239    0.0786683 
1.......2........3........4........5........6...............7.........8........
Powell iter=74 Big Iter=38 -2*LL=1635.372242121684 gain=1.44 0 sec. 73 sec.
#model=  1      +     age 
12   -6.4825103    0.0445361 
13  -17.3768367    0.1619739 
21   -1.9607910   -0.0020121 
23   -8.6347226    0.0722389 
1........2........3........4........5.......6...............7.........8...............Gaining to use new average direction of P0 P8 instead of biggest increase direction 4 :

Powell iter=75 Big Iter=38 -2*LL=1634.796319819405 gain=0.576 1 sec. 74 sec.
#model=  1      +     age 
12   -6.7454460    0.0483217 
13  -18.8506555    0.1810373 
21   -2.0700649   -0.0003201 
23   -8.1203304    0.0655432 
1........2........3.......4........5.......6...............7.........8........
Powell iter=76 Big Iter=39 -2*LL=1634.665392727222 gain=0.131 1 sec. 75 sec.
#model=  1      +     age 
12   -6.7083297    0.0478651 
13  -19.2034163    0.1850140 
21   -2.0143595   -0.0010761 
23   -8.0812408    0.0650149 
1........2........3.......4........5........6...............7..........8................Gaining to use new average direction of P0 P8 instead of biggest increase direction 3 :

Powell iter=77 Big Iter=39 -2*LL=1634.435340353585 gain=0.23 1 sec. 76 sec.
#model=  1      +     age 
12   -6.6230515    0.0469085 
13  -20.8178716    0.2036229 
21   -1.9663103   -0.0017182 
23   -8.0928664    0.0654507 
1........2........3........4........5........6...............7..........8..................directest= 0.120064463267 (if directest<0 or t<0 we include P0 Pn as new direction), t= -0.000026263052, f1= 1634.435340353585,f2= 1634.430617799698,f3= 1634.550196921373, del= 0.002118606147
f1-2f2+f3= 0.124301675561, f1-f2-del= 0.002603947739, f1-f3= -0.114856567788

Powell iter=78 Big Iter=40 -2*LL=1634.430617799698 gain=0.00472 1 sec. 77 sec.
#model=  1      +     age 
12   -6.6412414    0.0472260 
13  -20.8188229    0.2037327 
21   -1.9975821   -0.0012254 
23   -8.1154150    0.0657246 
1........2........3..........4........5........6...............7..........8..........
Powell iter=79 Big Iter=40 -2*LL=1634.430387918736 gain=0.00023 1 sec. 78 sec.
#model=  1      +     age 
12   -6.6410571    0.0472391 
13  -20.8068133    0.2035941 
21   -1.9951366   -0.0012499 
23   -8.1162876    0.0657359 
1........2...................3..........4........5..........6...............7.................8...................Gaining to use new average direction of P0 P8 instead of biggest increase direction 1 :

Powell iter=80 Big Iter=41 -2*LL=1634.430337921005 gain=5e-005 1 sec. 79 sec.
#model=  1      +     age 
12   -6.6399068    0.0472296 
13  -20.8043319    0.2035588 
21   -1.9921663   -0.0012874 
23   -8.1120108    0.0656828 
1........................2...........3............4.........5.........6..................7.............8.................
Powell iter=81 Big Iter=41 -2*LL=1634.430335346022 gain=2.57e-006 2 sec. 81 sec.
#model=  1      +     age 
12   -6.6397625    0.0472261 
13  -20.8057410    0.2035739 
21   -1.9920307   -0.0012902 
23   -8.1108533    0.0656683 
1................2.................3.............4...........5.............6...................7.............8.........................Gaining to use new average direction of P0 P8 instead of biggest increase direction 5 :

Powell iter=82 Big Iter=42 -2*LL=1634.430334889625 gain=4.56e-007 1 sec. 82 sec.
#model=  1      +     age 
12   -6.6396453    0.0472243 
13  -20.8081821    0.2036018 
21   -1.9919667   -0.0012913 
23   -8.1103969    0.0656628 
1....................2..........3..............4.................5.............6...................7................8.................Gaining to use new average direction of P0 P8 instead of biggest increase direction 2 :

Powell iter=83 Big Iter=42 -2*LL=1634.430334087411 gain=8.02e-007 1 sec. 83 sec.
#model=  1      +     age 
12   -6.6396166    0.0472241 
13  -20.8103060    0.2036262 
21   -1.9921891   -0.0012883 
23   -8.1100103    0.0656583 
1...........2...................................3.............4.................5..............6..................7................8..................Gaining to use new average direction of P0 P8 instead of biggest increase direction 8 :

Powell iter=84 Big Iter=43 -2*LL=1634.430332040312 gain=2.05e-006 2 sec. 85 sec.
#model=  1      +     age 
12   -6.6395554    0.0472225 
13  -20.8119355    0.2036442 
21   -1.9923074   -0.0012873 
23   -8.1089650    0.0656453 
1..........2.........3........4.........5............6..................7..................8................Gaining to use new average direction of P0 P8 instead of biggest increase direction 8 :

Powell iter=85 Big Iter=43 -2*LL=1634.430327289604 gain=4.75e-006 1 sec. 86 sec.
#model=  1      +     age 
12   -6.6396598    0.0472220 
13  -20.8078459    0.2035959 
21   -1.9922508   -0.0012890 
23   -8.1080531    0.0656332 
1..........2............3...........4.........5............6...................7...............8.................Gaining to use new average direction of P0 P8 instead of biggest increase direction 2 :

Powell iter=86 Big Iter=44 -2*LL=1634.430320503343 gain=6.79e-006 1 sec. 87 sec.
#model=  1      +     age 
12   -6.6398543    0.0472233 
13  -20.7990435    0.2034944 
21   -1.9916964   -0.0012969 
23   -8.1088910    0.0656424 
1............2........3........4.........5...........6.................7...................8...............Gaining to use new average direction of P0 P8 instead of biggest increase direction 1 :

Powell iter=87 Big Iter=44 -2*LL=1634.430301294641 gain=1.92e-005 1 sec. 88 sec.
#model=  1      +     age 
12   -6.6391125    0.0472090 
13  -20.7997312    0.2035011 
21   -1.9891460   -0.0013339 
23   -8.1085949    0.0656384 
1.......2.............3.............4.........5..........6..................7..............8......
Powell iter=88 Big Iter=45 -2*LL=1634.430288243727 gain=1.31e-005 1 sec. 89 sec.
#model=  1      +     age 
12   -6.6387658    0.0472043 
13  -20.8061900    0.2035753 
21   -1.9889040   -0.0013376 
23   -8.1081591    0.0656339 
1.............2.......3.............4........5..........6..................7...........8.............Gaining to use new average direction of P0 P8 instead of biggest increase direction 4 :

Powell iter=89 Big Iter=45 -2*LL=1634.430228863893 gain=5.94e-005 1 sec. 90 sec.
#model=  1      +     age 
12   -6.6373296    0.0471849 
13  -20.8369744    0.2039289 
21   -1.9880708   -0.0013504 
23   -8.1050363    0.0655989 
1......2.....3...........4......5......................6..................7...................8...............Gaining to use new average direction of P0 P8 instead of biggest increase direction 1 :

Powell iter=90 Big Iter=46 -2*LL=1634.430148034078 gain=8.08e-005 1 sec. 91 sec.
#model=  1      +     age 
12   -6.6366645    0.0471779 
13  -20.8544310    0.2041338 
21   -1.9865377   -0.0013713 
23   -8.1058209    0.0656109 
1.......2.......3.........4.........5..................6..................7.............8............Gaining to use new average direction of P0 P8 instead of biggest increase direction 8 :

Powell iter=91 Big Iter=46 -2*LL=1634.430084348736 gain=6.37e-005 1 sec. 92 sec.
#model=  1      +     age 
12   -6.6357727    0.0471662 
13  -20.8743040    0.2043627 
21   -1.9857384   -0.0013826 
23   -8.1042301    0.0655936 
1......2.....3...........4.......5...............6.................7....................8...........Gaining to use new average direction of P0 P8 instead of biggest increase direction 8 :

Powell iter=92 Big Iter=47 -2*LL=1634.429600381471 gain=0.000484 1 sec. 93 sec.
#model=  1      +     age 
12   -6.6327775    0.0471273 
13  -20.9461589    0.2051900 
21   -1.9828166   -0.0014236 
23   -8.0987373    0.0655346 
1......2.....3.........4.....5.............6................7...................8.............Gaining to use new average direction of P0 P8 instead of biggest increase direction 8 :

Powell iter=93 Big Iter=47 -2*LL=1634.426428914828 gain=0.00317 2 sec. 95 sec.
#model=  1      +     age 
12   -6.6272257    0.0470580 
13  -21.1168228    0.2071529 
21   -1.9758139   -0.0015203 
23   -8.0871861    0.0654140 
1.......2.....3.........4.....5.........6...............7..................8.............Gaining to use new average direction of P0 P8 instead of biggest increase direction 8 :

Powell iter=94 Big Iter=48 -2*LL=1634.403746784272 gain=0.0227 1 sec. 96 sec.
#model=  1      +     age 
12   -6.6226426    0.0470258 
13  -21.6035571    0.2127334 
21   -1.9557451   -0.0017914 
23   -8.0643050    0.0652030 
1........2.....3........4......5.....6...............7.............8..............Gaining to use new average direction of P0 P8 instead of biggest increase direction 1 :

Powell iter=95 Big Iter=48 -2*LL=1634.256108999541 gain=0.148 0 sec. 96 sec.
#model=  1      +     age 
12   -6.6899832    0.0480851 
13  -22.7533397    0.2257552 
21   -1.9121244   -0.0023534 
23   -8.0642255    0.0654313 
1........2......3........4......5.........6..................7..............8...............Gaining to use new average direction of P0 P8 instead of biggest increase direction 1 :

Powell iter=96 Big Iter=49 -2*LL=1634.011933707196 gain=0.244 1 sec. 97 sec.
#model=  1      +     age 
12   -6.8619197    0.0505628 
13  -23.5320735    0.2341354 
21   -1.9308806   -0.0020896 
23   -8.0562285    0.0655695 
1.......2......3........4......5.....6...............7..........8...............Gaining to use new average direction of P0 P8 instead of biggest increase direction 1 :

Powell iter=97 Big Iter=49 -2*LL=1633.832003978993 gain=0.18 1 sec. 98 sec.
#model=  1      +     age 
12   -7.0282829    0.0528482 
13  -23.5957276    0.2342046 
21   -2.0246085   -0.0008415 
23   -7.9963573    0.0649110 
1........2................3........4.....5........6...............7..........8...............Gaining to use new average direction of P0 P8 instead of biggest increase direction 1 :

Powell iter=98 Big Iter=50 -2*LL=1633.764927001153 gain=0.0671 1 sec. 99 sec.
#model=  1      +     age 
12   -7.1028006    0.0538363 
13  -23.3006668    0.2304591 
21   -2.0956011    0.0001216 
23   -7.9710550    0.0645628 
1........2......3........4......5.....6...............7..........8..............Gaining to use new average direction of P0 P8 instead of biggest increase direction 8 :

Powell iter=99 Big Iter=50 -2*LL=1633.723708851459 gain=0.0412 1 sec. 100 sec.
#model=  1      +     age 
12   -7.1804993    0.0549188 
13  -23.0622069    0.2274037 
21   -2.1338791    0.0006714 
23   -7.9996530    0.0649258 
1.......2......3........4......5.....6...............7..........8............Gaining to use new average direction of P0 P8 instead of biggest increase direction 8 :

Powell iter=100 Big Iter=51 -2*LL=1633.550984402754 gain=0.173 1 sec. 101 sec.
#model=  1      +     age 
12   -7.3661574    0.0574789 
13  -21.2373382    0.2058309 
21   -2.2162244    0.0018711 
23   -8.1808633    0.0670913 
1.......2......3........4......5.....6...............7..........8.......directest= 0.226214408351 (if directest<0 or t<0 we include P0 Pn as new direction), t= -0.000163269570, f1= 1633.550984402754,f2= 1633.432374601302,f3= 1633.692408957441, del= 0.076214874620
f1-2f2+f3= 0.378644157590, f1-f2-del= 0.042394926832, f1-f3= -0.141424554687

Powell iter=101 Big Iter=51 -2*LL=1633.432374601302 gain=0.119 1 sec. 102 sec.
#model=  1      +     age 
12   -7.2885411    0.0563810 
13  -20.3488938    0.1961245 
21   -2.1456863    0.0008944 
23   -8.3009096    0.0684747 
1........2......3........4......5........6...............7..................8..............Gaining to use new average direction of P0 P8 instead of biggest increase direction 2 :

Powell iter=102 Big Iter=52 -2*LL=1633.422011338334 gain=0.0104 1 sec. 103 sec.
#model=  1      +     age 
12   -7.2977631    0.0565428 
13  -20.2632450    0.1952661 
21   -2.1083740    0.0004082 
23   -8.3775598    0.0694192 
1........2.......3................4.....5...........6.........................7.............8......directest= 0.001300594532 (if directest<0 or t<0 we include P0 Pn as new direction), t= -0.000000000141, f1= 1633.422011338334,f2= 1633.421897969964,f3= 1633.423265779767, del= 0.000090291820
f1-2f2+f3= 0.001481178173, f1-f2-del= 0.000023076550, f1-f3= -0.001254441433

Powell iter=103 Big Iter=52 -2*LL=1633.421897969964 gain=0.000113 1 sec. 104 sec.
#model=  1      +     age 
12   -7.3023018    0.0566112 
13  -20.2865653    0.1955239 
21   -2.1105915    0.0004405 
23   -8.3789476    0.0694412 
1.........2..............3............4...........5.....................6...........................7.................8........
Powell iter=104 Big Iter=53 -2*LL=1633.421896289975 gain=1.68e-006 1 sec. 105 sec.
#model=  1      +     age 
12   -7.3023657    0.0566128 
13  -20.2881843    0.1955404 
21   -2.1107503    0.0004427 
23   -8.3795646    0.0694495 
1............2...............3.................4...............5................6........................7......................8..................
Powell iter=105 Big Iter=53 -2*LL=1633.421896237800 gain=5.22e-008 2 sec. 107 sec.
#model=  1      +     age 
12   -7.3023820    0.0566131 
13  -20.2885614    0.1955443 
21   -2.1107601    0.0004429 
23   -8.3796476    0.0694506 
1.................2....................3...................4.................5............................6.................7.............................8.................
Powell iter=106 Big Iter=54 -2*LL=1633.421896236236 gain=1.56e-009 1 sec. 108 sec.
#model=  1      +     age 
12   -7.3023871    0.0566132 
13  -20.2886285    0.1955450 
21   -2.1107617    0.0004429 
23   -8.3796609    0.0694508 
1......................2........................3..................4...........................5........................6.................7.....................8..............................
Powell iter=107 Big Iter=54 -2*LL=1633.421896236193 gain=4.32e-011 3 sec. 111 sec.
#model=  1      +     age 
12   -7.3023887    0.0566132 
13  -20.2886358    0.1955451 
21   -2.1107626    0.0004429 
23   -8.3796639    0.0694508 
1.........................2........................3.........................4...................................5.............................6.................7...................8.............................
Powell iter=108 Big Iter=55 -2*LL=1633.421896236192 gain=6.82e-013 2 sec. 113 sec.
#model=  1      +     age 
12   -7.3023886    0.0566132 
13  -20.2886369    0.1955451 
21   -2.1107625    0.0004429 
23   -8.3796637    0.0694508 
1............................2..........................3..........................4..................................5....................................6..................7......................8..............................
#Number of iterations & function calls = 108 & 13935, -2 Log likelihood = 1633.421896236192
# Parameters nlstate*nlstate*ncov a12*1 + b12 * age + ...
#model=  1      +     age 
12   -7.3023886    0.0566132 
13  -20.2886369    0.1955451 
21   -2.1107625    0.0004429 
23   -8.3796637    0.0694508 

Calculation of the hessian matrix. Wait...
1-2-3-4-5-6-7-8-.1-2.1-3.1-4.1-5.1-6.1-7.1-8.2-3.2-4.2-5.2-6.2-7.2-8.3-4.3-5.3-6.3-7.3-8.4-5.4-6.4-7.4-8.5-6.5-7.5-8.6-7.6-8.7-8

Inverting the hessian to get the covariance matrix. Wait...

#Hessian matrix#
1.080338e+002 7.626297e+003 4.288097e+000 3.294554e+002 -4.250623e+001 -3.084460e+003 -2.472562e+000 -2.043177e+002 
7.626297e+003 5.485655e+005 3.274239e+002 2.553681e+004 -3.082459e+003 -2.281352e+005 -2.065205e+002 -1.725575e+004 
4.288097e+000 3.274239e+002 1.196081e+001 1.002733e+003 -4.247254e+000 -3.458564e+002 7.838148e+000 6.330717e+002 
3.294554e+002 2.553681e+004 1.002733e+003 8.442666e+004 -3.477291e+002 -2.860029e+004 6.328718e+002 5.175035e+004 
-4.250623e+001 -3.082459e+003 -4.247254e+000 -3.477291e+002 8.343952e+001 5.887274e+003 -4.545167e+000 -3.499057e+002 
-3.084460e+003 -2.281352e+005 -3.458564e+002 -2.860029e+004 5.887274e+003 4.246085e+005 -3.481057e+002 -2.723399e+004 
-2.472562e+000 -2.065205e+002 7.838148e+000 6.328718e+002 -4.545167e+000 -3.481057e+002 4.701946e+001 3.722567e+003 
-2.043177e+002 -1.725575e+004 6.330717e+002 5.175035e+004 -3.499057e+002 -2.723399e+004 3.722567e+003 2.992143e+005 
Parameters, Wald tests and Wald-based confidence intervals
 W is simply the result of the division of the parameter by the square root of covariance of the parameter.
 And Wald-based confidence intervals plus and minus 1.96 * W 
  It might be better to visualize the covariance matrix. See the page 'Matrix of variance-covariance of one-step probabilities' and its graphs.
12   -7.3023886(   0.8095883) W=  -9.020 CI=[  -8.8891816 ;   -5.7155955]    0.0566132(   0.0115113) W=   4.918 CI=[   0.0340510 ;    0.0791755] 
13  -20.2886369(   5.2704598) W=  -3.850 CI=[ -30.6187381 ;   -9.9585357]    0.1955451(   0.0625663) W=   3.125 CI=[   0.0729151 ;    0.3181751] 
21   -2.1107625(   0.8503614) W=  -2.482 CI=[  -3.7774709 ;   -0.4440541]    0.0004429(   0.0121346) W=   0.037 CI=[  -0.0233409 ;    0.0242267] 
23   -8.3796637(   1.3786785) W=  -6.078 CI=[ -11.0818735 ;   -5.6774539]    0.0694508(   0.0171245) W=   4.056 CI=[   0.0358868 ;    0.1030149] 
# Scales (for hessian or gradient estimation)
12 1.00000e-004 1.00000e-005
13 2.00000e-003 3.00000e-005
21 1.00000e-003 1.00000e-005
23 1.00000e-003 1.00000e-005
# Covariance matrix 
# 121 Var(a12)
# 122 Cov(b12,a12) Var(b12)
#   ...
# 232 Cov(b23,a12)  Cov(b23,b12) ... Var (b23)
#121 Var(a12)
#122 Cov(b12,a12) Var(b12)
#131 Cov(a13,a12) Cov(a13,b12) Var(a13)
#132 Cov(b13,a12) Cov(b13,b12) Cov(b13,a13) Var(b13)
#211 Cov(a21,a12) Cov(a21,b12) Cov(a21,a13) Cov(a21,b13) Var(a21)
#212 Cov(b21,a12) Cov(b21,b12) Cov(b21,a13) Cov(b21,b13) Cov(b21,a21) Var(b21)
#231 Cov(a23,a12) Cov(a23,b12) Cov(a23,a13) Cov(a23,b13) Cov(a23,a21) Cov(a23,b21) Var(a23)
#232 Cov(b23,a12) Cov(b23,b12) Cov(b23,a13) Cov(b23,b13) Cov(b23,a21) Cov(b23,b21) Cov(b23,a23) Var(b23)
121 6.5543323e-001
122 -9.23138e-003 1.3251091e-004
131 -4.76337e-001 5.14285e-003 2.7777746e+001
132 5.72930e-003 -6.25862e-005 -3.29171e-001 3.9145461e-003
211 3.13002e-001 -4.53451e-003 2.09054e-001 -2.74531e-003 7.2311454e-001
212 -4.54510e-003 6.70793e-005 -3.34446e-003 4.38641e-005 -1.02085e-002 1.4724831e-004
231 1.30856e-001 -1.66906e-003 -3.61355e+000 4.30290e-002 5.25932e-002 -6.66231e-004 1.9007543e+000
232 -1.74356e-003 2.28494e-005 4.30280e-002 -5.14828e-004 -7.53136e-004 1.00075e-005 -2.34501e-002 2.9324968e-004
# agemin agemax for life expectancy, bage fage (if mle==0 ie no data nor Max likelihood).
# Observed prevalence period
begin-prev-date=1/1/2013 end-prev-date=1/9/2018 mov_average=0
# Health expectancies computed from stable (period) prevalence (pop_based=0) or population based (1)
pop_based=0
# Prevalence forecasting and backcasting is skept here
##prevforecast=0  starting-proj-date=1/1/1989 final-proj-date=1/1/1990 mobil_average=0
#prevforecast=1 yearsfproj=10 mobil_average=0
#prevbackcast=1 yearsbproj=10 mobil_average=1
End of resultlines.

Computing forward period (stable) prevalence: result on file 'PL_HRFgali.txt' 
Computing pij: result on file 'PIJ_HRFgali.txt' 
Computing standard deviation of one-step probabilities: result on file 'PROB_rHRFgali.txt' 
Computing matrix of variance covariance of one-step probabilities: result on file 'PROBCOV_HRFgali.txt' 
and correlation matrix of one-step probabilities: result on file 'PROBCOR_HRFgali.txt' 
Prevalence combination of varying and fixed dummies 1
Warning Observed prevalence doesn't sum to 1 for state 2: probs[50][2][1]=0.000000 because of lack of cases.
Warning Observed prevalence doesn't sum to 1 for state 1: probs[94][1][1]=0.000000 because of lack of cases.
Warning Observed prevalence doesn't sum to 1 for state 2: probs[94][2][1]=0.000000 because of lack of cases.
Warning Observed prevalence doesn't sum to 1 for state 1: probs[96][1][1]=0.000000 because of lack of cases.
Warning Observed prevalence doesn't sum to 1 for state 2: probs[96][2][1]=0.000000 because of lack of cases.
Warning Observed prevalence doesn't sum to 1 for state 1: probs[97][1][1]=0.000000 because of lack of cases.
Warning Observed prevalence doesn't sum to 1 for state 2: probs[97][2][1]=0.000000 because of lack of cases.
Warning Observed prevalence doesn't sum to 1 for state 1: probs[98][1][1]=0.000000 because of lack of cases.
Warning Observed prevalence doesn't sum to 1 for state 2: probs[98][2][1]=0.000000 because of lack of cases.
Warning Observed prevalence doesn't sum to 1 for state 1: probs[99][1][1]=0.000000 because of lack of cases.
Warning Observed prevalence doesn't sum to 1 for state 2: probs[99][2][1]=0.000000 because of lack of cases.
Warning Observed prevalence doesn't sum to 1 for state 1: probs[100][1][1]=0.000000 because of lack of cases.
Warning Observed prevalence doesn't sum to 1 for state 2: probs[100][2][1]=0.000000 because of lack of cases.
Computing Health Expectancies: result on file 'E_HRFgali.txt' ...done evsij
Computing Total Life expectancies with their standard errors: file 'T_HRFgali.txt' ...
  Computing State-specific Expectancies and standard errors: result on file 'STDE_HRFgali.txt' 
    Computing Covar. of State-specific Expectancies: result on file 'CVE_HRFgali.txt' 
      Computing Variance-covariance of State-specific Expectancies: file 'V_HRFgali.txt' ... done State-specific expectancies
Computing Variance-covariance of forward period (stable) prevalence: file 'VPL_HRFgali.txt' ...done variance-covariance of forward period prevalence
End of Imach with 0 errors and/or warnings 1. Please look at the log file for details.
Local time at start Mon May 27 10:58:33 2024

Local time at end   Mon May 27 11:00:32 2024

Total time used 0 day(s) 0 hour(s) 1 minute(s) 59 second(s)
Total time was 119 Sec.
