Log filename:HRM.log
Version 0.99r45 $Revision: 1.353 $ $Date: 2023/05/08 18:48:22 $
Enter the parameter file name: 
pathimach=C:\PROGRA~1\IMACH-~2.99R\bin\
pathtot=C:\Users\mmusz\Dropbox\gender_paradox\data\IMACH\HRM.txt
 path=C:\Users\mmusz\Dropbox\gender_paradox\data\IMACH\ 
 optionfile=HRM.txt
 optionfilext=txt
 optionfilefiname='HRM'
Compiled with: Microsoft Visual Studio for Windows (x64 and x86)  64-bit
The programm is not running under WOW64 (i.e probably on a 64bit Windows).
Local time (at start): Sat May 25 22:26:15 2024
title=adl datafile=dataHRM.txt lastobs=15000 firstpass=1 lastpass=2
ftol=1.000000e-018 stepm=3 ncovcol=0 nqv=0 ntv=0 nqtv=0 nlstate=2 ndeath=1 maxwav=2 mle=1 weight=1
model=1+age+
# Parameters nlstate*nlstate*ncov a12*1 + b12 * age + ...
12 0.000000 0.000000
13 0.000000 0.000000
21 0.000000 0.000000
23 0.000000 0.000000
# Scales (for hessian or gradient estimation)
12 0.000000e+000 0.000000e+000
13 0.000000e+000 0.000000e+000
21 0.000000e+000 0.000000e+000
23 0.000000e+000 0.000000e+000
# Covariance matrix
121 0.00000e+000
122 0.00000e+000 0.00000e+000
131 0.00000e+000 0.00000e+000 0.00000e+000
132 0.00000e+000 0.00000e+000 0.00000e+000 0.00000e+000
211 0.00000e+000 0.00000e+000 0.00000e+000 0.00000e+000 0.00000e+000
212 0.00000e+000 0.00000e+000 0.00000e+000 0.00000e+000 0.00000e+000 0.00000e+000
231 0.00000e+000 0.00000e+000 0.00000e+000 0.00000e+000 0.00000e+000 0.00000e+000 0.00000e+000
232 0.00000e+000 0.00000e+000 0.00000e+000 0.00000e+000 0.00000e+000 0.00000e+000 0.00000e+000 0.00000e+000

Model=1+age+
Typevar: 0 for simple covariate (dummy, quantitative, fixed or varying), 1 for age product, 2 for  product, 3 for double product with age  
Fixed[k] 0=fixed (product or simple), 1 varying, 2 fixed with age product, 3 varying with age product 
Dummy[k] 0=dummy (0 1), 1 quantitative (single or product without age), 2 dummy with age product, 3 quant with age product
ncoveff=0, nqfveff=0, ntveff=0, nqtveff=0, cptcovn=0
ncovf=0, ncovv=0, ncova=0, nsd=0, nsq=0
Warning: The value of parameter lastobs=15000 is big compared to the 
  effective number of cases imx=910, please adjust, 
  otherwise you are allocating more memory than necessary.
Total number of individuals= 910, Agemin = 51.25, Agemax= 94.17

Information, you have to check 0 informations which haven't been logged!
Error! Negative delay (1 to death) between waves 1 and 2 of individual 605 at line 605 who is aged 62.5 with statuses from 2 to 3
    We assumed that the date of interview was correct (and not the date of death) and postponed the death 3 month(s) (one stepm) after the interview. You MUST fix the contradiction between dates.
Delay (in months) between two waves Min=1 (for indiviudal 811) Max=27 (647) Mean=19.235683

 Age 51 1.=1 loss[1]=0.0% 2.=0 loss[2]=NaNQ% 1.=1 prev[1]=100.0% 2.=0 prev[2]=0.0% 11=1
Age 52 1.=3 loss[1]=0.0% 2.=0 loss[2]=0.0% 1.=3 prev[1]=94.3% 2.=0 prev[2]=5.7% 11=3 13=0 21=0
Age 53 1.=4 loss[1]=0.0% 2.=0 loss[2]=0.0% 1.=4 prev[1]=95.9% 2.=0 prev[2]=4.1% 11=4 22=0
Age 54 1.=5 loss[1]=0.0% 2.=0 loss[2]=0.0% 1.=5 prev[1]=92.1% 2.=0 prev[2]=7.9% 11=4 12=0 21=0 22=0
Age 55 1.=2 loss[1]=0.0% 2.=0 loss[2]=0.0% 1.=2 prev[1]=89.3% 2.=0 prev[2]=10.7% 11=2 12=0 21=0
Age 56 1.=3 loss[1]=0.0% 2.=0 loss[2]=0.0% 1.=3 prev[1]=92.1% 2.=0 prev[2]=7.9% 11=3 12=0 21=0 22=0
Age 57 1.=4 loss[1]=0.0% 2.=0 loss[2]=0.0% 1.=4 prev[1]=98.6% 2.=0 prev[2]=1.4% 11=4 12=0 21=0
Age 58 1.=3 loss[1]=0.0% 2.=0 loss[2]=0.0% 1.=3 prev[1]=89.7% 2.=0 prev[2]=10.3% 11=3 12=0 21=0 23=0
Age 59 1.=3 loss[1]=0.0% 2.=0 loss[2]=0.0% 1.=3 prev[1]=97.5% 2.=0 prev[2]=2.5% 11=3 12=0 22=0
Age 60 1.=4 loss[1]=0.0% 2.=0 loss[2]=NaNQ% 1.=4 prev[1]=100.0% 2.=0 prev[2]=0.0% 11=4 12=0 13=0
Age 61 1.=3 loss[1]=0.0% 2.=0 loss[2]=0.0% 1.=3 prev[1]=90.9% 2.=0 prev[2]=9.1% 11=3 12=0 13=0 21=0 22=0
Age 62 1.=2 loss[1]=0.0% 2.=0 loss[2]=0.0% 1.=2 prev[1]=84.5% 2.=0 prev[2]=15.5% 11=2 13=0 21=0 22=0 23=0
Age 63 1.=3 loss[1]=0.0% 2.=0 loss[2]=0.0% 1.=3 prev[1]=91.6% 2.=0 prev[2]=8.4% 11=3 13=0 21=0 22=0
Age 64 1.=2 loss[1]=0.0% 2.=0 loss[2]=0.0% 1.=2 prev[1]=93.4% 2.=0 prev[2]=6.6% 11=2 12=0 13=0 21=0 22=0
Age 65 1.=4 loss[1]=0.0% 2.=0 loss[2]=0.0% 1.=4 prev[1]=91.3% 2.=0 prev[2]=8.7% 11=3 12=0 13=0 21=0 22=0 23=0
Age 66 1.=2 loss[1]=0.0% 2.=0 loss[2]=0.0% 1.=2 prev[1]=87.1% 2.=0 prev[2]=12.9% 11=2 12=0 21=0 22=0
Age 67 1.=2 loss[1]=0.0% 2.=0 loss[2]=0.0% 1.=2 prev[1]=94.5% 2.=0 prev[2]=5.5% 11=2 12=0 13=0 21=0 22=0
Age 68 1.=2 loss[1]=0.0% 2.=0 loss[2]=0.0% 1.=2 prev[1]=94.7% 2.=0 prev[2]=5.3% 11=2 12=0 13=0 21=0
Age 69 1.=2 loss[1]=0.0% 2.=0 loss[2]=0.0% 1.=2 prev[1]=96.6% 2.=0 prev[2]=3.4% 11=2 12=0 13=0 23=0
Age 70 1.=1 loss[1]=0.0% 2.=0 loss[2]=0.0% 1.=1 prev[1]=95.2% 2.=0 prev[2]=4.8% 11=1 13=0 22=0
Age 71 1.=2 loss[1]=0.0% 2.=0 loss[2]=0.0% 1.=2 prev[1]=91.8% 2.=0 prev[2]=8.2% 11=1 12=0 13=0 21=0 22=0
Age 72 1.=2 loss[1]=0.0% 2.=0 loss[2]=0.0% 1.=2 prev[1]=78.4% 2.=0 prev[2]=21.6% 11=2 12=0 13=0 21=0 22=0 23=0
Age 73 1.=2 loss[1]=0.0% 2.=0 loss[2]=0.0% 1.=2 prev[1]=86.3% 2.=0 prev[2]=13.7% 11=1 12=0 13=0 22=0 23=0
Age 74 1.=2 loss[1]=0.0% 2.=1 loss[2]=0.0% 1.=2 prev[1]=76.1% 2.=1 prev[2]=23.9% 11=2 12=0 21=0 22=0 23=0
Age 75 1.=2 loss[1]=0.0% 2.=0 loss[2]=0.0% 1.=2 prev[1]=92.1% 2.=0 prev[2]=7.9% 11=1 12=0 13=0 22=0 23=0
Age 76 1.=1 loss[1]=0.0% 2.=0 loss[2]=NaNQ% 1.=1 prev[1]=100.0% 2.=0 prev[2]=0.0% 11=1 12=0 13=0
Age 77 1.=1 loss[1]=0.0% 2.=0 loss[2]=0.0% 1.=1 prev[1]=87.5% 2.=0 prev[2]=12.5% 11=1 12=0 13=0 22=0 23=0
Age 78 1.=1 loss[1]=0.0% 2.=0 loss[2]=0.0% 1.=1 prev[1]=79.6% 2.=0 prev[2]=20.4% 11=1 12=0 13=0 22=0 23=0
Age 79 1.=1 loss[1]=0.0% 2.=0 loss[2]=0.0% 1.=1 prev[1]=82.4% 2.=0 prev[2]=17.6% 11=1 12=0 13=0 21=0 22=0 23=0
Age 80 1.=1 loss[1]=0.0% 2.=0 loss[2]=NaNQ% 1.=1 prev[1]=100.0% 2.=0 prev[2]=0.0% 11=1 12=0
Age 81 1.=1 loss[1]=0.0% 2.=0 loss[2]=0.0% 1.=1 prev[1]=88.8% 2.=0 prev[2]=11.2% 11=1 13=0 22=0
Age 82 1.=1 loss[1]=0.0% 2.=0 loss[2]=0.0% 1.=1 prev[1]=80.2% 2.=0 prev[2]=19.8% 11=1 13=0 23=0
Age 83 1.=1 loss[1]=0.0% 2.=0 loss[2]=NaNQ% 1.=1 prev[1]=100.0% 2.=0 prev[2]=0.0% 11=0 12=0 13=0
Age 84 1.=0 loss[1]=0.0% 2.=0 loss[2]=NaNQ% 1.=0 prev[1]=100.0% 2.=0 prev[2]=0.0% 11=0 12=0 13=0
Age 85 1.=0 loss[1]=0.0% 2.=0 loss[2]=0.0% 1.=0 prev[1]=57.4% 2.=0 prev[2]=42.6% 11=0 13=0 22=0 23=0
Age 86 1.=0 loss[1]=0.0% 2.=0 loss[2]=NaNQ% 1.=0 prev[1]=100.0% 2.=0 prev[2]=0.0% 11=0 13=0
Age 87 1.=0 loss[1]=0.0% 2.=0 loss[2]=0.0% 1.=0 prev[1]=65.4% 2.=0 prev[2]=34.6% 11=0 22=0
Age 88 1.=0 loss[1]=0.0% 2.=0 loss[2]=0.0% 1.=0 prev[1]=65.9% 2.=0 prev[2]=34.1% 13=0 23=0
Age 89 1.=0 loss[1]=0.0% 2.=0 loss[2]=0.0% 1.=0 prev[1]=56.1% 2.=0 prev[2]=43.9% 11=0 12=0 22=0
Age 90 1.=0 loss[1]=0.0% 2.=0 loss[2]=0.0% 1.=0 prev[1]=40.9% 2.=0 prev[2]=59.1% 12=0 23=0
Age 91 1.=0 loss[1]=0.0% 2.=0 loss[2]=NaNQ% 1.=0 prev[1]=100.0% 2.=0 prev[2]=0.0% 12=0 13=0
Age 92 1.=0 loss[1]=NaNQ% 2.=0 loss[2]=NaNQ% 1.=0 prev[1]=NaNQ% 2.=0 prev[2]=NaNQ%
Age 93 1.=0 loss[1]=NaNQ% 2.=0 loss[2]=NaNQ% 1.=0 prev[1]=NaNQ% 2.=0 prev[2]=NaNQ%
Age 94 1.=0 loss[1]=NaNQ% 2.=0 loss[2]=0.0% 1.=0 prev[1]=0.0% 2.=0 prev[2]=100.0% 23=0
1 1.=0 loss[1]=NaNQ% 2.=0 loss[2]=NaNQ% 1.=0 prev[1]=NaNQ% 2.=0 prev[2]=NaNQ%
0 1.=0 loss[1]=NaNQ% 2.=0 loss[2]=NaNQ% 1.=0 prev[1]=NaNQ% 2.=0 prev[2]=NaNQ%
Total 1.=76 loss[1]=0.0% 2.=8 loss[2]=0.0% 1.=76 prev[1]=90.5% 2.=8 prev[2]=9.5% 11=66 12=5 13=5 21=3 22=3 23=2


12    0.0000000 ln(5/66)=   -2.5757625 
13    0.0000000 ln(5/66)=   -2.6432675 
21    0.0000000 ln(3/3)=    0.0310222 
23    0.0000000 ln(2/3)=   -0.4314928 

 -1-1=0 -10=0 -11=0 -12=0 -13=0 0-1=0 00=0 01=0 02=0 03=0 1-1=0 10=0 11=66 12=5 13=5 2-1=0 20=0 21=3 22=3 23=2 3-1=0 30=0 31=0 32=0 33=0
Powell

Powell iter=1 Big Iter=1 -2*LL=5965.011770728859 gain=0 0 sec. 0 sec.
#model=  1      +     age 
12    0.0000000    0.0000000 
13    0.0000000    0.0000000 
21    0.0000000    0.0000000 
23    0.0000000    0.0000000 
1......2.................3........4.................5........6...................7........8.............................Gaining to use new average direction of P0 P8 instead of biggest increase direction 5 :

Powell iter=2 Big Iter=2 -2*LL=2015.549027734314 gain=3.95e+003 1 sec. 1 sec.
#model=  1      +     age 
12    4.1393689   -0.0005384 
13   -0.6668780    0.0005047 
21    2.6934438   -0.0012240 
23   -0.9462046    0.0024312 

Considering the time needed for this last iteration #2: 1 seconds,
   - if your program needs 1 BIG iterations  (2 iterations) to converge, convergence will be 
   reached in 0 day(s) 0 hour(s) 0 minute(s) 0 second(s) i.e.
   on Sat May 25 22:26:16 2024 (current time is Sat May 25 22:26:16 2024);
   - if your program needs 11 BIG iterations  (22 iterations) to converge, convergence will be 
   reached in 0 day(s) 0 hour(s) 0 minute(s) 20 second(s) i.e.
   on Sat May 25 22:26:36 2024 (current time is Sat May 25 22:26:16 2024);
   - if your program needs 21 BIG iterations  (42 iterations) to converge, convergence will be 
   reached in 0 day(s) 0 hour(s) 0 minute(s) 40 second(s) i.e.
   on Sat May 25 22:26:56 2024 (current time is Sat May 25 22:26:16 2024);
   - if your program needs 31 BIG iterations  (62 iterations) to converge, convergence will be 
   reached in 0 day(s) 0 hour(s) 1 minute(s) 0 second(s) i.e.
   on Sat May 25 22:27:16 2024 (current time is Sat May 25 22:26:16 2024);
1.......2..................3.......4..................5................6..................7..........8.........
Powell iter=3 Big Iter=2 -2*LL=1908.664768739088 gain=107 0 sec. 1 sec.
#model=  1      +     age 
12    2.7415972   -0.0019084 
13   -1.5508833    0.0037853 
21    2.4598624    0.0014080 
23   -0.9335289   -0.0115183 

Considering the time needed for this last iteration #3: 0 seconds,
   - if your program needs 1 BIG iterations  (2 iterations) to converge, convergence will be 
   reached in 0 day(s) 0 hour(s) 0 minute(s) 0 second(s) i.e.
   on Sat May 25 22:26:16 2024 (current time is Sat May 25 22:26:16 2024);
   - if your program needs 11 BIG iterations  (22 iterations) to converge, convergence will be 
   reached in 0 day(s) 0 hour(s) 0 minute(s) 0 second(s) i.e.
   on Sat May 25 22:26:16 2024 (current time is Sat May 25 22:26:16 2024);
   - if your program needs 21 BIG iterations  (42 iterations) to converge, convergence will be 
   reached in 0 day(s) 0 hour(s) 0 minute(s) 0 second(s) i.e.
   on Sat May 25 22:26:16 2024 (current time is Sat May 25 22:26:16 2024);
   - if your program needs 31 BIG iterations  (62 iterations) to converge, convergence will be 
   reached in 0 day(s) 0 hour(s) 0 minute(s) 0 second(s) i.e.
   on Sat May 25 22:26:16 2024 (current time is Sat May 25 22:26:16 2024);
1.........2..................3.........4..................5.................6..................7..........8..............Gaining to use new average direction of P0 P8 instead of biggest increase direction 3 :

Powell iter=4 Big Iter=3 -2*LL=1350.838946571790 gain=558 0 sec. 1 sec.
#model=  1      +     age 
12   -1.4946312   -0.0097894 
13   -5.2425128    0.0186559 
21    1.2015274    0.0730527 
23    2.2079480   -0.0318640 
1.........2..............3.........4..................5.................6.................7.........8........directest= 613.468578932707 (if directest<0 or t<0 we include P0 Pn as new direction), t= -3462945.591698396000, f1= 1350.838946571790,f2= 1335.868355495005,f3= 1953.626107698223, del= 9.629882173648
f1-2f2+f3= 632.728343280002, f1-f2-del= 5.340708903137, f1-f3= -602.787161126433

Powell iter=5 Big Iter=3 -2*LL=1335.868355495005 gain=15 0 sec. 1 sec.
#model=  1      +     age 
12   -1.5394531   -0.0086348 
13   -5.3218178    0.0171470 
21    1.1096892    0.0750782 
23    2.0405210   -0.0084658 
1.........2..............3.........4..................5..................6.................7.........8....................Gaining to use new average direction of P0 P8 instead of biggest increase direction 5 :

Powell iter=6 Big Iter=4 -2*LL=1293.631592285293 gain=42.2 1 sec. 2 sec.
#model=  1      +     age 
12   -3.6388568    0.0215366 
13   -6.2367718    0.0278151 
21   -0.4810586    0.1022086 
23   -2.7490045    0.1027112 
1.........2..............3.........4...................5..........6...................7..........8............directest= 602.404027042908 (if directest<0 or t<0 we include P0 Pn as new direction), t= -4404499.799241212200, f1= 1293.631592285293,f2= 1269.272938836945,f3= 1874.322186257712, del= 13.501936913103
f1-2f2+f3= 629.407900869115, f1-f2-del= 10.856716535245, f1-f3= -580.690593972418

Powell iter=7 Big Iter=4 -2*LL=1269.272938836945 gain=24.4 0 sec. 2 sec.
#model=  1      +     age 
12   -4.0935195    0.0299358 
13   -6.5579558    0.0228722 
21   -0.7661150    0.1100487 
23   -4.0758387    0.1287263 
1.........2..............3.........4.................5..........6............7..........8.................Gaining to use new average direction of P0 P8 instead of biggest increase direction 8 :

Powell iter=8 Big Iter=5 -2*LL=1245.180716244932 gain=24.1 0 sec. 2 sec.
#model=  1      +     age 
12   -5.3033495    0.0473847 
13   -7.2261994    0.0119764 
21   -1.3095326    0.1290134 
23   -6.6492300    0.1784867 
1.........2............3........4.................5..........6............7.........8........
Powell iter=9 Big Iter=5 -2*LL=1231.512682195664 gain=13.7 0 sec. 2 sec.
#model=  1      +     age 
12   -5.8595985    0.0545210 
13   -7.6134290    0.0205181 
21   -1.4723294    0.1407379 
23   -7.6629729    0.1973692 
1.........2............3........4.................5..........6............7.........8..............Gaining to use new average direction of P0 P8 instead of biggest increase direction 4 :

Powell iter=10 Big Iter=6 -2*LL=1214.814549551133 gain=16.7 0 sec. 2 sec.
#model=  1      +     age 
12   -6.7790535    0.0702261 
13   -8.3462366    0.0497635 
21   -1.9646737    0.1643156 
23   -9.8497098    0.2379552 
1.........2..........3.........4........5..........6..........7.........8.........directest= 17.343983852852 (if directest<0 or t<0 we include P0 Pn as new direction), t= -148.612021205622, f1= 1214.814549551133,f2= 1212.640903374268,f3= 1229.686258453514, del= 0.937508701630
f1-2f2+f3= 19.219001256111, f1-f2-del= 1.236137475236, f1-f3= -14.871708902381

Powell iter=11 Big Iter=6 -2*LL=1212.640903374268 gain=2.17 1 sec. 3 sec.
#model=  1      +     age 
12   -7.2215537    0.0763275 
13   -8.6155776    0.0535768 
21   -2.1402661    0.1725143 
23  -10.7132304    0.2540232 
1.........2...........3.........4.........5..........6..........7.........8................Gaining to use new average direction of P0 P8 instead of biggest increase direction 4 :

Powell iter=12 Big Iter=7 -2*LL=1211.668167442336 gain=0.973 0 sec. 3 sec.
#model=  1      +     age 
12   -7.8218764    0.0845012 
13   -8.9783559    0.0590128 
21   -2.3737989    0.1834225 
23  -11.8945724    0.2757608 
1.........2...........3..........4..........5..........6..........7.........8.............directest= 0.315879749772 (if directest<0 or t<0 we include P0 Pn as new direction), t= -0.000415041057, f1= 1211.668167442336,f2= 1211.655677899713,f3= 1211.969047262791, del= 0.004989577965
f1-2f2+f3= 0.325858905701, f1-f2-del= 0.007499964659, f1-f3= -0.300879820455

Powell iter=13 Big Iter=7 -2*LL=1211.655677899713 gain=0.0125 0 sec. 3 sec.
#model=  1      +     age 
12   -7.8181670    0.0844744 
13   -8.9856218    0.0592178 
21   -2.3711778    0.1834970 
23  -11.9120579    0.2759730 
1.........2...........3.........4..........5..........6..........7.........8......................Gaining to use new average direction of P0 P8 instead of biggest increase direction 2 :

Powell iter=14 Big Iter=8 -2*LL=1211.587001052040 gain=0.0687 0 sec. 3 sec.
#model=  1      +     age 
12   -7.7882990    0.0842112 
13   -9.0525650    0.0612123 
21   -2.3468475    0.1835681 
23  -12.1438322    0.2787529 
1.........2........3.........4.........5..........6..........7..........8.......
Powell iter=15 Big Iter=8 -2*LL=1211.513427966316 gain=0.0736 0 sec. 3 sec.
#model=  1      +     age 
12   -7.7286136    0.0833361 
13   -9.0546830    0.0612045 
21   -2.3080329    0.1822617 
23  -12.1850206    0.2785077 
1.........2.........3.........4..........5..........6..........7..........8..............Gaining to use new average direction of P0 P8 instead of biggest increase direction 4 :

Powell iter=16 Big Iter=9 -2*LL=1211.287157707944 gain=0.226 1 sec. 4 sec.
#model=  1      +     age 
12   -7.3988764    0.0784705 
13   -9.1136655    0.0618182 
21   -2.0755711    0.1748729 
23  -12.5875409    0.2793463 
1.........2........3.........4...........5..........6.........7..........8........directest= 0.163327603916 (if directest<0 or t<0 we include P0 Pn as new direction), t= -0.000063610870, f1= 1211.287157707944,f2= 1211.283571408082,f3= 1211.448247747806, del= 0.002467517834
f1-2f2+f3= 0.168262639585, f1-f2-del= 0.001118782027, f1-f3= -0.161090039861

Powell iter=17 Big Iter=9 -2*LL=1211.283571408082 gain=0.00359 0 sec. 4 sec.
#model=  1      +     age 
12   -7.4151740    0.0786728 
13   -9.1249325    0.0619464 
21   -2.0822467    0.1752052 
23  -12.6027972    0.2797695 
1.........2.................3.........4........5..........6..........7..........8...............Gaining to use new average direction of P0 P8 instead of biggest increase direction 5 :

Powell iter=18 Big Iter=10 -2*LL=1211.001223731653 gain=0.282 0 sec. 4 sec.
#model=  1      +     age 
12   -7.5336229    0.0805524 
13  -10.0445835    0.0751245 
21   -2.2436220    0.1890425 
23  -12.5937390    0.2909296 
1.........2........3........4........5........6...........7..........8........directest= 0.247794900191 (if directest<0 or t<0 we include P0 Pn as new direction), t= -0.000309701746, f1= 1211.001223731653,f2= 1210.904971865986,f3= 1211.166941855244, del= 0.055213477367
f1-2f2+f3= 0.358221854926, f1-f2-del= 0.041038388300, f1-f3= -0.165718123591

Powell iter=19 Big Iter=10 -2*LL=1210.904971865986 gain=0.0963 0 sec. 4 sec.
#model=  1      +     age 
12   -7.4282303    0.0790414 
13  -10.1941276    0.0776545 
21   -2.2299957    0.1901495 
23  -12.3535070    0.2890437 
1.........2........3.........4........5........6..........7..........8...............Gaining to use new average direction of P0 P8 instead of biggest increase direction 2 :

Powell iter=20 Big Iter=11 -2*LL=1210.884987868639 gain=0.02 0 sec. 4 sec.
#model=  1      +     age 
12   -7.3765100    0.0781734 
13  -10.3040901    0.0794314 
21   -2.2273857    0.1911606 
23  -12.1917770    0.2879884 
1.........2............3........4........5.........6..........7...............8........directest= 0.003227585604 (if directest<0 or t<0 we include P0 Pn as new direction), t= -0.000000000158, f1= 1210.884987868639,f2= 1210.884929694419,f3= 1210.888133257800, del= 0.000017075999
f1-2f2+f3= 0.003261737601, f1-f2-del= 0.000041098221, f1-f3= -0.003145389161

Powell iter=21 Big Iter=11 -2*LL=1210.884929694419 gain=5.82e-005 1 sec. 5 sec.
#model=  1      +     age 
12   -7.3753542    0.0781635 
13  -10.3048059    0.0794305 
21   -2.2277280    0.1911901 
23  -12.1840108    0.2879122 
1...........2.............3...........4..............5..................6................7.......................8............................Gaining to use new average direction of P0 P8 instead of biggest increase direction 1 :

Powell iter=22 Big Iter=12 -2*LL=1210.884927340997 gain=2.35e-006 0 sec. 5 sec.
#model=  1      +     age 
12   -7.3744947    0.0781535 
13  -10.3052478    0.0794366 
21   -2.2274826    0.1911868 
23  -12.1831005    0.2879005 
1.....................................2.................3..............4.............5............6................7.................8.................directest= 0.000000209969 (if directest<0 or t<0 we include P0 Pn as new direction), t= -0.000000000000, f1= 1210.884927340997,f2= 1210.884927297246,f3= 1210.884927502600, del= 0.000000019568
f1-2f2+f3= 0.000000249104, f1-f2-del= 0.000000024183, f1-f3= -0.000000161603

Powell iter=23 Big Iter=12 -2*LL=1210.884927297246 gain=4.38e-008 0 sec. 5 sec.
#model=  1      +     age 
12   -7.3745069    0.0781537 
13  -10.3051398    0.0794345 
21   -2.2275015    0.1911860 
23  -12.1829068    0.2878974 
1......................2.........................3...............4.............5..............6..........................7..................8....................Gaining to use new average direction of P0 P8 instead of biggest increase direction 7 :

Powell iter=24 Big Iter=13 -2*LL=1210.884927214301 gain=8.29e-008 1 sec. 6 sec.
#model=  1      +     age 
12   -7.3744593    0.0781527 
13  -10.3052757    0.0794363 
21   -2.2275888    0.1911872 
23  -12.1824510    0.2878919 
1...........2.............3.............4.............5..............6..............7.......................8....................Gaining to use new average direction of P0 P8 instead of biggest increase direction 8 :

Powell iter=25 Big Iter=13 -2*LL=1210.884927020695 gain=1.94e-007 0 sec. 6 sec.
#model=  1      +     age 
12   -7.3744215    0.0781520 
13  -10.3053914    0.0794379 
21   -2.2277486    0.1911859 
23  -12.1821400    0.2878852 
1...............2..................3.................4.............5...........6................7.................8................Gaining to use new average direction of P0 P8 instead of biggest increase direction 8 :

Powell iter=26 Big Iter=14 -2*LL=1210.884925745786 gain=1.27e-006 0 sec. 6 sec.
#model=  1      +     age 
12   -7.3743398    0.0781501 
13  -10.3056012    0.0794402 
21   -2.2288782    0.1911655 
23  -12.1816111    0.2878461 
1............2...................3...........4............5..............6...............7.........8.............Gaining to use new average direction of P0 P8 instead of biggest increase direction 8 :

Powell iter=27 Big Iter=14 -2*LL=1210.884918875250 gain=6.87e-006 0 sec. 6 sec.
#model=  1      +     age 
12   -7.3743220    0.0781487 
13  -10.3054418    0.0794351 
21   -2.2343523    0.1910387 
23  -12.1837159    0.2876823 
1...........2...........3...........4........5........6..........7........8..............Gaining to use new average direction of P0 P8 instead of biggest increase direction 8 :

Powell iter=28 Big Iter=15 -2*LL=1210.884876566313 gain=4.23e-005 1 sec. 7 sec.
#model=  1      +     age 
12   -7.3745944    0.0781499 
13  -10.3036357    0.0793980 
21   -2.2681605    0.1902030 
23  -12.2082651    0.2867459 
1........2..........3.................4........5..........6..........7............8....................Gaining to use new average direction of P0 P8 instead of biggest increase direction 8 :

Powell iter=29 Big Iter=15 -2*LL=1210.462655942233 gain=0.422 0 sec. 7 sec.
#model=  1      +     age 
12   -7.3907626    0.0782613 
13  -10.2002554    0.0773574 
21   -5.0377380    0.1207351 
23  -14.5544907    0.2126549 
1.......2.........3.........4........5........6..................7......8.............directest= 956.213469312426 (if directest<0 or t<0 we include P0 Pn as new direction), t= -320014.035921891510, f1= 1210.462655942233,f2= 1209.866174114989,f3= 2166.184122013518, del= 0.350480206674
f1-2f2+f3= 956.914429725774, f1-f2-del= 0.246001620570, f1-f3= -955.721466071285

Powell iter=30 Big Iter=16 -2*LL=1209.866174114989 gain=0.596 0 sec. 7 sec.
#model=  1      +     age 
12   -7.6506919    0.0809904 
13  -10.1687060    0.0771034 
21   -5.4800977    0.1162028 
23  -14.9175393    0.2072044 
1......2.........3.........4........5........6..................7......8........................Gaining to use new average direction of P0 P8 instead of biggest increase direction 8 :

Powell iter=31 Big Iter=16 -2*LL=1207.480389810994 gain=2.39 0 sec. 7 sec.
#model=  1      +     age 
12   -8.3699677    0.0892460 
13  -10.0533855    0.0750275 
21   -6.4932488    0.1082571 
23  -15.7297137    0.1977477 
1........2..........3........4........5........6..................7........8........
Powell iter=32 Big Iter=17 -2*LL=1193.743264314090 gain=13.7 0 sec. 7 sec.
#model=  1      +     age 
12   -9.7791658    0.1021398 
13   -9.7443009    0.0679405 
21   -7.5646139    0.1087509 
23  -15.9609941    0.1928373 
1......2.........3........4.......5.........6.................7.......8................Gaining to use new average direction of P0 P8 instead of biggest increase direction 8 :

Powell iter=33 Big Iter=17 -2*LL=1186.956209008521 gain=6.79 1 sec. 8 sec.
#model=  1      +     age 
12  -11.3865271    0.1177187 
13   -9.3061112    0.0607619 
21   -8.6795645    0.1127059 
23  -16.3927405    0.1926391 
1......2.........3........4.......5.......6...............7......8........
Powell iter=34 Big Iter=18 -2*LL=1185.994374458955 gain=0.962 0 sec. 8 sec.
#model=  1      +     age 
12  -11.5635692    0.1206559 
13   -9.3777405    0.0634279 
21   -8.8429515    0.1187919 
23  -16.2731784    0.1937915 
1.......2.........3........4........5.......6...............7......8..............Gaining to use new average direction of P0 P8 instead of biggest increase direction 5 :

Powell iter=35 Big Iter=18 -2*LL=1183.519445000310 gain=2.47 0 sec. 8 sec.
#model=  1      +     age 
12  -12.5985026    0.1386107 
13   -8.5740975    0.0518420 
21   -9.5243121    0.1333308 
23  -15.9833191    0.1930214 
1........2.........3........4........5........6................7......8.........directest= 1.754338901702 (if directest<0 or t<0 we include P0 Pn as new direction), t= -0.028128323793, f1= 1183.519445000310,f2= 1183.463593818747,f3= 1185.187115398154, del= 0.012516929635
f1-2f2+f3= 1.779372760971, f1-f2-del= 0.043334251929, f1-f3= -1.667670397844

Powell iter=36 Big Iter=19 -2*LL=1183.463593818747 gain=0.0559 0 sec. 8 sec.
#model=  1      +     age 
12  -12.6449733    0.1390158 
13   -8.5016877    0.0503986 
21   -9.5769660    0.1332220 
23  -15.8384128    0.1907593 
1.......2.........3........4........5........6................7......8..............Gaining to use new average direction of P0 P8 instead of biggest increase direction 2 :

Powell iter=37 Big Iter=19 -2*LL=1183.418456454400 gain=0.0451 0 sec. 8 sec.
#model=  1      +     age 
12  -12.6698717    0.1389998 
13   -8.4866921    0.0504229 
21   -9.6522283    0.1335574 
23  -15.6541855    0.1879499 
1.......2..........3.........4........5........6................7.....8..........
Powell iter=38 Big Iter=20 -2*LL=1183.409731851362 gain=0.00872 1 sec. 9 sec.
#model=  1      +     age 
12  -12.6785425    0.1391635 
13   -8.4950893    0.0505449 
21   -9.6636408    0.1338312 
23  -15.6280749    0.1877509 
1.......2.........3........4.........5........6................7.....8..................Gaining to use new average direction of P0 P8 instead of biggest increase direction 1 :

Powell iter=39 Big Iter=20 -2*LL=1183.351901830474 gain=0.0578 0 sec. 9 sec.
#model=  1      +     age 
12  -12.7231694    0.1400281 
13   -8.7035364    0.0536951 
21   -9.7557871    0.1360147 
23  -15.4644599    0.1866790 
1........2.........3........4........5........6................7........8........
Powell iter=40 Big Iter=21 -2*LL=1183.325603543005 gain=0.0263 0 sec. 9 sec.
#model=  1      +     age 
12  -12.7395430    0.1402088 
13   -8.7650834    0.0546209 
21   -9.7815526    0.1362763 
23  -15.4739503    0.1866953 
1........2.........3........4........5........6................7.............8............Gaining to use new average direction of P0 P8 instead of biggest increase direction 3 :

Powell iter=41 Big Iter=21 -2*LL=1183.222807945085 gain=0.103 0 sec. 9 sec.
#model=  1      +     age 
12  -12.8533122    0.1419644 
13   -9.2721479    0.0623659 
21   -9.9132469    0.1383886 
23  -15.8029369    0.1905375 
1.......2.........3........4........5........6................7......8........directest= 0.079103394052 (if directest<0 or t<0 we include P0 Pn as new direction), t= -0.000007371959, f1= 1183.222807945085,f2= 1183.219346430277,f3= 1183.297847141990, del= 0.001429416234
f1-2f2+f3= 0.081962226520, f1-f2-del= 0.002032098574, f1-f3= -0.075039196905

Powell iter=42 Big Iter=22 -2*LL=1183.219346430277 gain=0.00346 0 sec. 9 sec.
#model=  1      +     age 
12  -12.8300194    0.1415966 
13   -9.2916071    0.0626442 
21   -9.8972229    0.1381315 
23  -15.8025839    0.1905096 
1.......2.........3........4........5........6................7......8................Gaining to use new average direction of P0 P8 instead of biggest increase direction 5 :

Powell iter=43 Big Iter=22 -2*LL=1183.157313532306 gain=0.062 1 sec. 10 sec.
#model=  1      +     age 
12  -12.6936777    0.1389225 
13   -9.3757401    0.0636607 
21   -9.7711980    0.1349066 
23  -15.5987039    0.1868396 
1.......2........3........4........5........6................7......8................Gaining to use new average direction of P0 P8 instead of biggest increase direction 8 :

Powell iter=44 Big Iter=23 -2*LL=1182.976579877226 gain=0.181 0 sec. 10 sec.
#model=  1      +     age 
12  -12.5013010    0.1348136 
13   -9.4814109    0.0648683 
21   -9.4431008    0.1273109 
23  -15.0692009    0.1777113 
1......2........3.......4........5........6................7......8........directest= 30.191527353883 (if directest<0 or t<0 we include P0 Pn as new direction), t= -1720.191360419822, f1= 1182.976579877226,f2= 1180.671969118009,f3= 1212.517752207667, del= 1.979433247496
f1-2f2+f3= 34.150393848875, f1-f2-del= 0.325177511721, f1-f3= -29.541172330441

Powell iter=45 Big Iter=23 -2*LL=1180.671969118009 gain=2.3 0 sec. 10 sec.
#model=  1      +     age 
12  -11.2338438    0.1081904 
13  -10.1834934    0.0730648 
21   -7.4001237    0.0801011 
23  -11.8505385    0.1219880 
1.......2..........3.......4........5.......6...............7.......8................Gaining to use new average direction of P0 P8 instead of biggest increase direction 8 :

Powell iter=46 Big Iter=24 -2*LL=1168.443710911612 gain=12.2 0 sec. 10 sec.
#model=  1      +     age 
12   -9.4631156    0.0781097 
13   -9.1878232    0.0618664 
21   -4.2627493    0.0233327 
23  -11.3928663    0.1095520 
1.......2........3......4........5......6..............7.......8........
Powell iter=47 Big Iter=24 -2*LL=1158.606551844035 gain=9.84 0 sec. 10 sec.
#model=  1      +     age 
12   -8.2561718    0.0621895 
13   -8.6246397    0.0546967 
21   -2.2269522   -0.0034128 
23  -11.7029168    0.1160690 
1......2........3......4........5........6..............7......8................Gaining to use new average direction of P0 P8 instead of biggest increase direction 8 :

Powell iter=48 Big Iter=25 -2*LL=1150.244745428729 gain=8.36 0 sec. 10 sec.
#model=  1      +     age 
12   -6.9429733    0.0436765 
13   -9.3708457    0.0695738 
21    0.5672439   -0.0406710 
23  -11.3299768    0.1115822 
1......2........3.......4........5.......6..............7......8........
Powell iter=49 Big Iter=25 -2*LL=1146.384142629053 gain=3.86 1 sec. 11 sec.
#model=  1      +     age 
12   -7.2702314    0.0483078 
13  -10.1001216    0.0792142 
21    0.3189120   -0.0355190 
23  -10.7648277    0.1042325 
1......2........3........4......5........6..............7......8...............Gaining to use new average direction of P0 P8 instead of biggest increase direction 4 :

Powell iter=50 Big Iter=26 -2*LL=1141.440626906858 gain=4.94 0 sec. 11 sec.
#model=  1      +     age 
12   -7.5272272    0.0502222 
13  -11.4977962    0.0987530 
21    0.5105592   -0.0390588 
23   -8.2890358    0.0698505 
1......2........3.......4........5........6..............7.......8........
Powell iter=51 Big Iter=26 -2*LL=1140.805409305301 gain=0.635 0 sec. 11 sec.
#model=  1      +     age 
12   -7.7047907    0.0526860 
13  -11.1853550    0.0936795 
21    0.6047649   -0.0409777 
23   -8.2227166    0.0688653 
1......2........3........4........5........6..............7......8..............Gaining to use new average direction of P0 P8 instead of biggest increase direction 6 :

Powell iter=52 Big Iter=27 -2*LL=1139.124865348720 gain=1.68 0 sec. 11 sec.
#model=  1      +     age 
12   -8.4072438    0.0635765 
13  -11.3583629    0.0946713 
21    1.2723659   -0.0507180 
23   -7.8462381    0.0665251 
1.......2........3........4........5........6........7......8........directest= 1.087712836348 (if directest<0 or t<0 we include P0 Pn as new direction), t= -0.011686450299, f1= 1139.124865348720,f2= 1139.098607148256,f3= 1140.181913676734, del= 0.010925946297
f1-2f2+f3= 1.109564728941, f1-f2-del= 0.015332254166, f1-f3= -1.057048328015

Powell iter=53 Big Iter=27 -2*LL=1139.098607148256 gain=0.0263 0 sec. 11 sec.
#model=  1      +     age 
12   -8.3723956    0.0629560 
13  -11.2942833    0.0938321 
21    1.3873418   -0.0525355 
23   -7.8002943    0.0659492 
1........2........3........4........5........6........7.....8..............Gaining to use new average direction of P0 P8 instead of biggest increase direction 4 :

Powell iter=54 Big Iter=28 -2*LL=1139.093801911671 gain=0.00481 0 sec. 11 sec.
#model=  1      +     age 
12   -8.3548583    0.0626736 
13  -11.2701788    0.0936040 
21    1.4564326   -0.0536037 
23   -7.8014823    0.0659245 
1........2........3........4........5........6........7........8........
Powell iter=55 Big Iter=28 -2*LL=1139.092365819002 gain=0.00144 1 sec. 12 sec.
#model=  1      +     age 
12   -8.3687144    0.0628814 
13  -11.2577291    0.0934294 
21    1.4517574   -0.0535670 
23   -7.8125276    0.0660412 
1........2........3........4..........5........6........7......8...........................Gaining to use new average direction of P0 P8 instead of biggest increase direction 3 :

Powell iter=56 Big Iter=29 -2*LL=1139.091952962019 gain=0.000413 0 sec. 12 sec.
#model=  1      +     age 
12   -8.3810516    0.0630659 
13  -11.2458991    0.0932694 
21    1.4456377   -0.0534972 
23   -7.8217213    0.0661321 
1.........2................3........4............5.............6..........7.........8.........................directest= 0.000089776600 (if directest<0 or t<0 we include P0 Pn as new direction), t= -0.000000000000, f1= 1139.091952962019,f2= 1139.091941355352,f3= 1139.092031266393, del= 0.000005870554
f1-2f2+f3= 0.000101517707, f1-f2-del= 0.000005736113, f1-f3= -0.000078304375

Powell iter=57 Big Iter=29 -2*LL=1139.091941355352 gain=1.16e-005 0 sec. 12 sec.
#model=  1      +     age 
12   -8.3813882    0.0630722 
13  -11.2449262    0.0932575 
21    1.4453767   -0.0534875 
23   -7.8211712    0.0661249 
1..............2.................3.................4...........5..............6.............7............8......................Gaining to use new average direction of P0 P8 instead of biggest increase direction 2 :

Powell iter=58 Big Iter=30 -2*LL=1139.091938153434 gain=3.2e-006 0 sec. 12 sec.
#model=  1      +     age 
12   -8.3818179    0.0630795 
13  -11.2441052    0.0932475 
21    1.4449034   -0.0534761 
23   -7.8204321    0.0661161 
1..........2............3..........4...............5........................6..............7..................8..........................Gaining to use new average direction of P0 P8 instead of biggest increase direction 1 :

Powell iter=59 Big Iter=30 -2*LL=1139.091937338836 gain=8.15e-007 1 sec. 13 sec.
#model=  1      +     age 
12   -8.3819920    0.0630821 
13  -11.2439060    0.0932452 
21    1.4445702   -0.0534708 
23   -7.8199875    0.0661112 
1............2................3...............4................5.............................6...............7...............8......................Gaining to use new average direction of P0 P8 instead of biggest increase direction 1 :

Powell iter=60 Big Iter=31 -2*LL=1139.091937015600 gain=3.23e-007 0 sec. 13 sec.
#model=  1      +     age 
12   -8.3820750    0.0630833 
13  -11.2437675    0.0932438 
21    1.4443642   -0.0534678 
23   -7.8197612    0.0661087 
1............2...............3..................4.....................5....................6...................7.........................8.....................Gaining to use new average direction of P0 P8 instead of biggest increase direction 1 :

Powell iter=61 Big Iter=31 -2*LL=1139.091936837469 gain=1.78e-007 0 sec. 13 sec.
#model=  1      +     age 
12   -8.3821065    0.0630837 
13  -11.2436841    0.0932430 
21    1.4442285   -0.0534659 
23   -7.8196107    0.0661071 
1...............2....................3...................4.................5...................6..............7...........................................8...........................Gaining to use new average direction of P0 P8 instead of biggest increase direction 1 :

Powell iter=62 Big Iter=32 -2*LL=1139.091936725408 gain=1.12e-007 1 sec. 14 sec.
#model=  1      +     age 
12   -8.3821340    0.0630840 
13  -11.2436378    0.0932426 
21    1.4441276   -0.0534647 
23   -7.8194732    0.0661056 
1.............2...............3.............4....................5.......................6......................7...................8...................Gaining to use new average direction of P0 P8 instead of biggest increase direction 1 :

Powell iter=63 Big Iter=32 -2*LL=1139.091936645900 gain=7.95e-008 0 sec. 14 sec.
#model=  1      +     age 
12   -8.3821726    0.0630845 
13  -11.2436228    0.0932424 
21    1.4440442   -0.0534637 
23   -7.8193473    0.0661044 
1...............2.....................3......................................4.....................5...............................6.....................7............................................8.........................Gaining to use new average direction of P0 P8 instead of biggest increase direction 1 :

Powell iter=64 Big Iter=33 -2*LL=1139.091936590744 gain=5.52e-008 0 sec. 14 sec.
#model=  1      +     age 
12   -8.3822080    0.0630850 
13  -11.2436325    0.0932425 
21    1.4439798   -0.0534630 
23   -7.8192626    0.0661035 
1...........2...............3...........4...................5.................6..................7............................8........................Gaining to use new average direction of P0 P8 instead of biggest increase direction 1 :

Powell iter=65 Big Iter=33 -2*LL=1139.091936548882 gain=4.19e-008 1 sec. 15 sec.
#model=  1      +     age 
12   -8.3822249    0.0630852 
13  -11.2436463    0.0932427 
21    1.4439350   -0.0534626 
23   -7.8192207    0.0661031 
1............2............................3................4..............5................................6................7.................8...........................Gaining to use new average direction of P0 P8 instead of biggest increase direction 1 :

Powell iter=66 Big Iter=34 -2*LL=1139.091936515797 gain=3.31e-008 0 sec. 15 sec.
#model=  1      +     age 
12   -8.3822153    0.0630850 
13  -11.2436635    0.0932430 
21    1.4439141   -0.0534626 
23   -7.8192111    0.0661030 
1.............2...................3..................4.....................5......................6...........................7...................8.............................Gaining to use new average direction of P0 P8 instead of biggest increase direction 1 :

Powell iter=67 Big Iter=34 -2*LL=1139.091936491432 gain=2.44e-008 0 sec. 15 sec.
#model=  1      +     age 
12   -8.3821922    0.0630846 
13  -11.2436820    0.0932433 
21    1.4439114   -0.0534628 
23   -7.8192147    0.0661031 
1............2........3.................4..................5....................6..........................7....................................8..............................Gaining to use new average direction of P0 P8 instead of biggest increase direction 8 :

Powell iter=68 Big Iter=35 -2*LL=1139.091936471114 gain=2.03e-008 1 sec. 16 sec.
#model=  1      +     age 
12   -8.3821774    0.0630843 
13  -11.2437101    0.0932437 
21    1.4439139   -0.0534631 
23   -7.8192107    0.0661031 
1...........2.....................3................4................5..................6..................7.................8.......................Gaining to use new average direction of P0 P8 instead of biggest increase direction 1 :

Powell iter=69 Big Iter=35 -2*LL=1139.091936382210 gain=8.89e-008 0 sec. 16 sec.
#model=  1      +     age 
12   -8.3821118    0.0630832 
13  -11.2438255    0.0932450 
21    1.4440028   -0.0534649 
23   -7.8193079    0.0661043 
1...........2................3..............4................5.............6....................7......................8................
Powell iter=70 Big Iter=36 -2*LL=1139.091936332191 gain=5e-008 0 sec. 16 sec.
#model=  1      +     age 
12   -8.3821106    0.0630832 
13  -11.2438484    0.0932452 
21    1.4440480   -0.0534655 
23   -7.8193767    0.0661050 
1............2....................3...............4....................5.................6....................7...................................8........................Gaining to use new average direction of P0 P8 instead of biggest increase direction 1 :

Powell iter=71 Big Iter=36 -2*LL=1139.091936290759 gain=4.14e-008 1 sec. 17 sec.
#model=  1      +     age 
12   -8.3820746    0.0630828 
13  -11.2438899    0.0932456 
21    1.4441551   -0.0534668 
23   -7.8195239    0.0661066 
1...............2............................3.............................4.........................5......................................6....................7......................8.......................................directest= 0.000000019196 (if directest<0 or t<0 we include P0 Pn as new direction), t= -0.000000000000, f1= 1139.091936290759,f2= 1139.091936290748,f3= 1139.091936309945, del= 0.000000000006
f1-2f2+f3= 0.000000019207, f1-f2-del= 0.000000000005, f1-f3= -0.000000019186

Powell iter=72 Big Iter=37 -2*LL=1139.091936290748 gain=1.07e-011 0 sec. 17 sec.
#model=  1      +     age 
12   -8.3820757    0.0630828 
13  -11.2438897    0.0932456 
21    1.4441551   -0.0534668 
23   -7.8195260    0.0661066 
1......................................2........................................3............................4...........................5......................................6.......................7...................................8.......................................directest= 0.000000000003 (if directest<0 or t<0 we include P0 Pn as new direction), t= -0.000000000000, f1= 1139.091936290748,f2= 1139.091936290748,f3= 1139.091936290751, del= 0.000000000000
f1-2f2+f3= 0.000000000003, f1-f2-del= 0.000000000000, f1-f3= -0.000000000003

Powell iter=73 Big Iter=37 -2*LL=1139.091936290748 gain=4.55e-013 1 sec. 18 sec.
#model=  1      +     age 
12   -8.3820757    0.0630828 
13  -11.2438897    0.0932456 
21    1.4441551   -0.0534668 
23   -7.8195260    0.0661066 
1.......................................2.............................3...........................4........................5........................6........................7..................................8.............................
#Number of iterations & function calls = 73 & 9816, -2 Log likelihood = 1139.091936290748
# Parameters nlstate*nlstate*ncov a12*1 + b12 * age + ...
#model=  1      +     age 
12   -8.3820759    0.0630828 
13  -11.2438898    0.0932456 
21    1.4441553   -0.0534669 
23   -7.8195258    0.0661066 

Calculation of the hessian matrix. Wait...
1-2-3-4-5-6-7-8-.1-2.1-3.1-4.1-5.1-6.1-7.1-8.2-3.2-4.2-5.2-6.2-7.2-8.3-4.3-5.3-6.3-7.3-8.4-5.4-6.4-7.4-8.5-6.5-7.5-8.6-7.6-8.7-8

Inverting the hessian to get the covariance matrix. Wait...

#Hessian matrix#
5.332601e+001 3.765365e+003 5.638998e+000 4.440290e+002 -1.355103e+001 -9.173857e+002 -4.673756e+000 -3.705725e+002 
3.765365e+003 2.706086e+005 4.408806e+002 3.515661e+004 -9.155120e+002 -6.313521e+004 -3.700910e+002 -2.965452e+004 
5.638998e+000 4.408806e+002 3.410929e+001 2.475530e+003 -2.142556e+000 -1.592102e+002 6.801862e+000 5.275721e+002 
4.440290e+002 3.515661e+004 2.475530e+003 1.828987e+005 -1.599900e+002 -1.210689e+004 5.272979e+002 4.148531e+004 
-1.355103e+001 -9.155120e+002 -2.142556e+000 -1.599900e+002 2.841459e+001 1.855486e+003 -1.634043e-001 -9.672347e+000 
-9.173857e+002 -6.313521e+004 -1.592102e+002 -1.210689e+004 1.855486e+003 1.238687e+005 -9.384765e+000 -6.116044e+002 
-4.673756e+000 -3.700910e+002 6.801862e+000 5.272979e+002 -1.634043e-001 -9.384765e+000 2.022839e+001 1.610026e+003 
-3.705725e+002 -2.965452e+004 5.275721e+002 4.148531e+004 -9.672347e+000 -6.116044e+002 1.610026e+003 1.304534e+005 
Parameters, Wald tests and Wald-based confidence intervals
 W is simply the result of the division of the parameter by the square root of covariance of the parameter.
 And Wald-based confidence intervals plus and minus 1.96 * W 
  It might be better to visualize the covariance matrix. See the page 'Matrix of variance-covariance of one-step probabilities' and its graphs.
12   -8.3820759(   1.1395049) W=  -7.356 CI=[ -10.6155056 ;   -6.1486463]    0.0630828(   0.0161055) W=   3.917 CI=[   0.0315160 ;    0.0946496] 
13  -11.2438898(   1.3560415) W=  -8.292 CI=[ -13.9017312 ;   -8.5860485]    0.0932456(   0.0187230) W=   4.980 CI=[   0.0565485 ;    0.1299427] 
21    1.4441553(   1.3398586) W=   1.078 CI=[  -1.1819676 ;    4.0702782]   -0.0534669(   0.0202744) W=  -2.637 CI=[  -0.0932048 ;   -0.0137289] 
23   -7.8195258(   1.7150536) W=  -4.559 CI=[ -11.1810309 ;   -4.4580207]    0.0661066(   0.0214605) W=   3.080 CI=[   0.0240439 ;    0.1081693] 
# Scales (for hessian or gradient estimation)
12 1.00000e-003 1.00000e-005
13 1.00000e-003 2.00000e-005
21 1.00000e-003 2.00000e-005
23 2.00000e-003 2.00000e-005
# Covariance matrix 
# 121 Var(a12)
# 122 Cov(b12,a12) Var(b12)
#   ...
# 232 Cov(b23,a12)  Cov(b23,b12) ... Var (b23)
#121 Var(a12)
#122 Cov(b12,a12) Var(b12)
#131 Cov(a13,a12) Cov(a13,b12) Var(a13)
#132 Cov(b13,a12) Cov(b13,b12) Cov(b13,a13) Var(b13)
#211 Cov(a21,a12) Cov(a21,b12) Cov(a21,a13) Cov(a21,b13) Var(a21)
#212 Cov(b21,a12) Cov(b21,b12) Cov(b21,a13) Cov(b21,b13) Cov(b21,a21) Var(b21)
#231 Cov(a23,a12) Cov(a23,b12) Cov(a23,a13) Cov(a23,b13) Cov(a23,a21) Cov(a23,b21) Var(a23)
#232 Cov(b23,a12) Cov(b23,b12) Cov(b23,a13) Cov(b23,b13) Cov(b23,a21) Cov(b23,b21) Cov(b23,a23) Var(b23)
121 1.2984715e+000
122 -1.81900e-002 2.5938789e-004
131 -2.92510e-001 4.41140e-003 1.8388485e+000
132 4.40766e-003 -6.70382e-005 -2.51584e-002 3.5055128e-004
211 4.54424e-001 -6.52680e-003 1.19063e-002 -1.88866e-004 1.7952211e+000
212 -6.40678e-003 9.43835e-005 -1.94751e-004 3.25626e-006 -2.68546e-002 4.1105313e-004
231 2.27490e-001 -3.15911e-003 -4.49341e-001 5.91338e-003 1.33963e-001 -1.88869e-003 2.9414090e+000
232 -3.46912e-003 4.97185e-005 6.28153e-003 -8.54329e-005 -1.82704e-003 2.62537e-005 -3.64364e-002 4.6055501e-004
# agemin agemax for life expectancy, bage fage (if mle==0 ie no data nor Max likelihood).
# Observed prevalence period
begin-prev-date=1/1/2013 end-prev-date=1/9/2018 mov_average=0
# Health expectancies computed from stable (period) prevalence (pop_based=0) or population based (1)
pop_based=0
# Prevalence forecasting and backcasting is skept here
##prevforecast=0  starting-proj-date=1/1/1989 final-proj-date=1/1/1990 mobil_average=0
#prevforecast=1 yearsfproj=10 mobil_average=0
#prevbackcast=1 yearsbproj=10 mobil_average=1
End of resultlines.

Computing forward period (stable) prevalence: result on file 'PL_HRM.txt' 
Computing pij: result on file 'PIJ_HRM.txt' 
Computing standard deviation of one-step probabilities: result on file 'PROB_rHRM.txt' 
Computing matrix of variance covariance of one-step probabilities: result on file 'PROBCOV_HRM.txt' 
and correlation matrix of one-step probabilities: result on file 'PROBCOR_HRM.txt' 
Prevalence combination of varying and fixed dummies 1
Warning Observed prevalence doesn't sum to 1 for state 2: probs[50][2][1]=0.000000 because of lack of cases.
Warning Observed prevalence doesn't sum to 1 for state 1: probs[92][1][1]=0.000000 because of lack of cases.
Warning Observed prevalence doesn't sum to 1 for state 2: probs[92][2][1]=0.000000 because of lack of cases.
Warning Observed prevalence doesn't sum to 1 for state 1: probs[93][1][1]=0.000000 because of lack of cases.
Warning Observed prevalence doesn't sum to 1 for state 2: probs[93][2][1]=0.000000 because of lack of cases.
Warning Observed prevalence doesn't sum to 1 for state 1: probs[95][1][1]=0.000000 because of lack of cases.
Warning Observed prevalence doesn't sum to 1 for state 2: probs[95][2][1]=0.000000 because of lack of cases.
Warning Observed prevalence doesn't sum to 1 for state 1: probs[96][1][1]=0.000000 because of lack of cases.
Warning Observed prevalence doesn't sum to 1 for state 2: probs[96][2][1]=0.000000 because of lack of cases.
Warning Observed prevalence doesn't sum to 1 for state 1: probs[97][1][1]=0.000000 because of lack of cases.
Warning Observed prevalence doesn't sum to 1 for state 2: probs[97][2][1]=0.000000 because of lack of cases.
Warning Observed prevalence doesn't sum to 1 for state 1: probs[98][1][1]=0.000000 because of lack of cases.
Warning Observed prevalence doesn't sum to 1 for state 2: probs[98][2][1]=0.000000 because of lack of cases.
Warning Observed prevalence doesn't sum to 1 for state 1: probs[99][1][1]=0.000000 because of lack of cases.
Warning Observed prevalence doesn't sum to 1 for state 2: probs[99][2][1]=0.000000 because of lack of cases.
Warning Observed prevalence doesn't sum to 1 for state 1: probs[100][1][1]=0.000000 because of lack of cases.
Warning Observed prevalence doesn't sum to 1 for state 2: probs[100][2][1]=0.000000 because of lack of cases.
Computing Health Expectancies: result on file 'E_HRM.txt' ...done evsij
Computing Total Life expectancies with their standard errors: file 'T_HRM.txt' ...
  Computing State-specific Expectancies and standard errors: result on file 'STDE_HRM.txt' 
    Computing Covar. of State-specific Expectancies: result on file 'CVE_HRM.txt' 
      Computing Variance-covariance of State-specific Expectancies: file 'V_HRM.txt' ... done State-specific expectancies
Computing Variance-covariance of forward period (stable) prevalence: file 'VPL_HRM.txt' ...done variance-covariance of forward period prevalence
End of Imach with 1 errors and/or warnings 1. Please look at the log file for details.
Local time at start Sat May 25 22:26:15 2024

Local time at end   Sat May 25 22:26:35 2024

Total time used 0 day(s) 0 hour(s) 0 minute(s) 20 second(s)
Total time was 20 Sec.
