Log filename:HRMchr.log
Version 0.99r45 $Revision: 1.353 $ $Date: 2023/05/08 18:48:22 $
Enter the parameter file name: 
pathimach=C:\PROGRA~1\IMACH-~2.99R\bin\
pathtot=C:\Users\mmusz\Dropbox\gender_paradox\data\IMACH\HRMchr.txt
 path=C:\Users\mmusz\Dropbox\gender_paradox\data\IMACH\ 
 optionfile=HRMchr.txt
 optionfilext=txt
 optionfilefiname='HRMchr'
Compiled with: Microsoft Visual Studio for Windows (x64 and x86)  64-bit
The programm is not running under WOW64 (i.e probably on a 64bit Windows).
Local time (at start): Tue May 28 07:49:24 2024
title=chr datafile=dataHRMchr.txt lastobs=15000 firstpass=1 lastpass=2
ftol=1.000000e-018 stepm=3 ncovcol=0 nqv=0 ntv=0 nqtv=0 nlstate=2 ndeath=1 maxwav=2 mle=1 weight=1
model=1+age+
# Parameters nlstate*nlstate*ncov a12*1 + b12 * age + ...
12 -1.678506 0.003547
13 -6.837892 0.030168
21 -0.758833 -0.038499
23 -10.984972 0.105753
# Scales (for hessian or gradient estimation)
12 0.000000e+000 0.000000e+000
13 0.000000e+000 0.000000e+000
21 0.000000e+000 0.000000e+000
23 0.000000e+000 0.000000e+000
# Covariance matrix
121 0.00000e+000
122 0.00000e+000 0.00000e+000
131 0.00000e+000 0.00000e+000 0.00000e+000
132 0.00000e+000 0.00000e+000 0.00000e+000 0.00000e+000
211 0.00000e+000 0.00000e+000 0.00000e+000 0.00000e+000 0.00000e+000
212 0.00000e+000 0.00000e+000 0.00000e+000 0.00000e+000 0.00000e+000 0.00000e+000
231 0.00000e+000 0.00000e+000 0.00000e+000 0.00000e+000 0.00000e+000 0.00000e+000 0.00000e+000
232 0.00000e+000 0.00000e+000 0.00000e+000 0.00000e+000 0.00000e+000 0.00000e+000 0.00000e+000 0.00000e+000

Model=1+age+
Typevar: 0 for simple covariate (dummy, quantitative, fixed or varying), 1 for age product, 2 for  product, 3 for double product with age  
Fixed[k] 0=fixed (product or simple), 1 varying, 2 fixed with age product, 3 varying with age product 
Dummy[k] 0=dummy (0 1), 1 quantitative (single or product without age), 2 dummy with age product, 3 quant with age product
ncoveff=0, nqfveff=0, ntveff=0, nqtveff=0, cptcovn=0
ncovf=0, ncovv=0, ncova=0, nsd=0, nsq=0
Warning: The value of parameter lastobs=15000 is big compared to the 
  effective number of cases imx=916, please adjust, 
  otherwise you are allocating more memory than necessary.
Total number of individuals= 916, Agemin = 51.25, Agemax= 94.17

Information, you have to check 0 informations which haven't been logged!
Error! Negative delay (1 to death) between waves 1 and 2 of individual 605 at line 605 who is aged 62.5 with statuses from 2 to 3
    We assumed that the date of interview was correct (and not the date of death) and postponed the death 3 month(s) (one stepm) after the interview. You MUST fix the contradiction between dates.
Delay (in months) between two waves Min=1 (for indiviudal 814) Max=27 (647) Mean=19.235808

 Age 51 1.=0 loss[1]=0.0% 2.=0 loss[2]=0.0% 1.=0 prev[1]=57.5% 2.=0 prev[2]=42.5% 11=0 12=0 22=0
Age 52 1.=2 loss[1]=0.0% 2.=2 loss[2]=0.0% 1.=2 prev[1]=47.7% 2.=2 prev[2]=52.3% 11=1 12=1 21=0 22=1 23=0
Age 53 1.=2 loss[1]=0.0% 2.=2 loss[2]=0.0% 1.=2 prev[1]=38.5% 2.=2 prev[2]=61.5% 11=1 12=0 21=1 22=2
Age 54 1.=2 loss[1]=0.0% 2.=3 loss[2]=0.0% 1.=2 prev[1]=39.9% 2.=3 prev[2]=60.1% 11=1 12=1 21=0 22=3
Age 55 1.=1 loss[1]=0.0% 2.=2 loss[2]=0.0% 1.=1 prev[1]=32.8% 2.=2 prev[2]=67.2% 11=0 12=0 21=0 22=1
Age 56 1.=1 loss[1]=0.0% 2.=3 loss[2]=0.0% 1.=1 prev[1]=29.0% 2.=3 prev[2]=71.0% 11=1 12=0 21=0 22=3
Age 57 1.=2 loss[1]=0.0% 2.=2 loss[2]=0.0% 1.=2 prev[1]=50.5% 2.=2 prev[2]=49.5% 11=1 12=1 21=0 22=2
Age 58 1.=1 loss[1]=0.0% 2.=3 loss[2]=0.0% 1.=1 prev[1]=29.4% 2.=3 prev[2]=70.6% 11=1 12=0 21=0 22=2 23=0
Age 59 1.=1 loss[1]=0.0% 2.=2 loss[2]=0.0% 1.=1 prev[1]=35.7% 2.=2 prev[2]=64.3% 11=0 12=1 21=0 22=2
Age 60 1.=1 loss[1]=0.0% 2.=3 loss[2]=0.0% 1.=1 prev[1]=29.4% 2.=3 prev[2]=70.6% 11=1 12=0 13=0 21=0 22=2 23=0
Age 61 1.=1 loss[1]=0.0% 2.=2 loss[2]=0.0% 1.=1 prev[1]=32.4% 2.=2 prev[2]=67.6% 11=0 12=1 21=0 22=2 23=0
Age 62 1.=0 loss[1]=0.0% 2.=2 loss[2]=0.0% 1.=0 prev[1]=18.1% 2.=2 prev[2]=81.9% 11=0 12=0 21=0 22=2 23=0
Age 63 1.=1 loss[1]=0.0% 2.=2 loss[2]=0.0% 1.=1 prev[1]=25.3% 2.=2 prev[2]=74.7% 11=0 12=0 13=0 21=0 22=2
Age 64 1.=1 loss[1]=0.0% 2.=2 loss[2]=0.0% 1.=1 prev[1]=26.8% 2.=2 prev[2]=73.2% 11=0 12=0 21=0 22=2 23=0
Age 65 1.=1 loss[1]=0.0% 2.=3 loss[2]=0.0% 1.=1 prev[1]=14.8% 2.=3 prev[2]=85.2% 11=0 12=0 21=0 22=3 23=0
Age 66 1.=1 loss[1]=0.0% 2.=2 loss[2]=0.0% 1.=1 prev[1]=20.8% 2.=2 prev[2]=79.2% 11=0 12=0 21=0 22=2
Age 67 1.=1 loss[1]=0.0% 2.=2 loss[2]=0.0% 1.=1 prev[1]=32.0% 2.=2 prev[2]=68.0% 11=0 12=0 21=0 22=1 23=0
Age 68 1.=1 loss[1]=0.0% 2.=2 loss[2]=0.0% 1.=1 prev[1]=22.7% 2.=2 prev[2]=77.3% 11=0 12=0 21=0 22=2 23=0
Age 69 1.=0 loss[1]=0.0% 2.=2 loss[2]=0.0% 1.=0 prev[1]=14.1% 2.=2 prev[2]=85.9% 11=0 12=0 21=0 22=1 23=0
Age 70 1.=0 loss[1]=0.0% 2.=1 loss[2]=0.0% 1.=0 prev[1]=16.2% 2.=1 prev[2]=83.8% 11=0 12=0 13=0 21=0 22=1 23=0
Age 71 1.=0 loss[1]=0.0% 2.=2 loss[2]=0.0% 1.=0 prev[1]=17.9% 2.=2 prev[2]=82.1% 11=0 12=0 21=0 22=1 23=0
Age 72 1.=0 loss[1]=0.0% 2.=2 loss[2]=0.0% 1.=0 prev[1]=20.2% 2.=2 prev[2]=79.8% 11=0 12=0 21=0 22=1 23=0
Age 73 1.=0 loss[1]=0.0% 2.=2 loss[2]=0.0% 1.=0 prev[1]=9.2% 2.=2 prev[2]=90.8% 11=0 12=0 21=0 22=2 23=1
Age 74 1.=0 loss[1]=0.0% 2.=2 loss[2]=0.0% 1.=0 prev[1]=6.2% 2.=2 prev[2]=93.8% 11=0 21=0 22=2 23=0
Age 75 1.=0 loss[1]=0.0% 2.=2 loss[2]=0.0% 1.=0 prev[1]=12.9% 2.=2 prev[2]=87.1% 11=0 12=0 21=0 22=1 23=0
Age 76 1.=0 loss[1]=0.0% 2.=1 loss[2]=0.0% 1.=0 prev[1]=17.6% 2.=1 prev[2]=82.4% 11=0 12=0 21=0 22=1 23=0
Age 77 1.=0 loss[1]=0.0% 2.=1 loss[2]=0.0% 1.=0 prev[1]=12.8% 2.=1 prev[2]=87.2% 12=0 22=1 23=0
Age 78 1.=0 loss[1]=0.0% 2.=1 loss[2]=0.0% 1.=0 prev[1]=16.6% 2.=1 prev[2]=83.4% 11=0 12=0 22=1 23=0
Age 79 1.=0 loss[1]=0.0% 2.=1 loss[2]=0.0% 1.=0 prev[1]=7.6% 2.=1 prev[2]=92.4% 11=0 22=1 23=0
Age 80 1.=0 loss[1]=0.0% 2.=1 loss[2]=0.0% 1.=0 prev[1]=32.1% 2.=1 prev[2]=67.9% 11=0 12=0 22=1
Age 81 1.=0 loss[1]=0.0% 2.=1 loss[2]=0.0% 1.=0 prev[1]=33.2% 2.=1 prev[2]=66.8% 11=0 12=0 22=0 23=0
Age 82 1.=0 loss[1]=0.0% 2.=2 loss[2]=0.0% 1.=0 prev[1]=9.7% 2.=2 prev[2]=90.3% 11=0 22=1 23=1
Age 83 1.=0 loss[1]=0.0% 2.=0 loss[2]=0.0% 1.=0 prev[1]=15.7% 2.=0 prev[2]=84.3% 13=0 22=0 23=0
Age 84 1.=0 loss[1]=NaNQ% 2.=0 loss[2]=0.0% 1.=0 prev[1]=0.0% 2.=0 prev[2]=100.0% 22=0 23=0
Age 85 1.=0 loss[1]=NaNQ% 2.=1 loss[2]=0.0% 1.=0 prev[1]=0.0% 2.=1 prev[2]=100.0% 22=0 23=0
Age 86 1.=0 loss[1]=0.0% 2.=0 loss[2]=0.0% 1.=0 prev[1]=73.2% 2.=0 prev[2]=26.8% 11=0 23=0
Age 87 1.=0 loss[1]=NaNQ% 2.=0 loss[2]=0.0% 1.=0 prev[1]=0.0% 2.=0 prev[2]=100.0% 22=0
Age 88 1.=0 loss[1]=NaNQ% 2.=0 loss[2]=0.0% 1.=0 prev[1]=0.0% 2.=0 prev[2]=100.0% 23=0
Age 89 1.=0 loss[1]=0.0% 2.=0 loss[2]=0.0% 1.=0 prev[1]=43.9% 2.=0 prev[2]=56.1% 12=0 21=0 22=0
Age 90 1.=0 loss[1]=NaNQ% 2.=0 loss[2]=0.0% 1.=0 prev[1]=0.0% 2.=0 prev[2]=100.0% 22=0 23=0
Age 91 1.=0 loss[1]=0.0% 2.=0 loss[2]=0.0% 1.=0 prev[1]=52.4% 2.=0 prev[2]=47.6% 13=0 22=0
Age 92 1.=0 loss[1]=NaNQ% 2.=0 loss[2]=NaNQ% 1.=0 prev[1]=NaNQ% 2.=0 prev[2]=NaNQ%
Age 93 1.=0 loss[1]=NaNQ% 2.=0 loss[2]=NaNQ% 1.=0 prev[1]=NaNQ% 2.=0 prev[2]=NaNQ%
Age 94 1.=0 loss[1]=NaNQ% 2.=0 loss[2]=0.0% 1.=0 prev[1]=0.0% 2.=0 prev[2]=100.0% 23=0
1 1.=0 loss[1]=NaNQ% 2.=0 loss[2]=NaNQ% 1.=0 prev[1]=NaNQ% 2.=0 prev[2]=NaNQ%
0 1.=0 loss[1]=NaNQ% 2.=0 loss[2]=NaNQ% 1.=0 prev[1]=NaNQ% 2.=0 prev[2]=NaNQ%
Total 1.=22 loss[1]=0.0% 2.=62 loss[2]=0.0% 1.=22 prev[1]=26.6% 2.=62 prev[2]=73.4% 11=12 12=10 13=1 21=5 22=51 23=6


12   -1.6785061 ln(10/12)=   -0.1244760 
13   -6.8378919 ln(1/12)=   -2.9257626 
21   -0.7588332 ln(5/51)=   -2.2603608 
23  -10.9849721 ln(6/51)=   -2.1335206 

 -1-1=0 -10=0 -11=0 -12=0 -13=0 0-1=0 00=0 01=0 02=0 03=0 1-1=0 10=0 11=12 12=10 13=1 2-1=0 20=0 21=5 22=51 23=6 3-1=0 30=0 31=0 32=0 33=0
Powell

Powell iter=1 Big Iter=1 -2*LL=1487.029930661078 gain=0 0 sec. 0 sec.
#model=  1      +     age 
12   -1.6785061    0.0035474 
13   -6.8378919    0.0301680 
21   -0.7588332   -0.0384989 
23  -10.9849721    0.1057531 
1........2...............3........4...................5.........6...............7.........8.................
Powell iter=2 Big Iter=2 -2*LL=1396.108131255022 gain=90.9 0 sec. 0 sec.
#model=  1      +     age 
12   -2.1881374    0.0034912 
13   -9.0195222    0.0280294 
21   -1.2837461   -0.0384617 
23  -11.6839663    0.1056607 

Considering the time needed for this last iteration #2: 0 seconds,
   - if your program needs 1 BIG iterations  (2 iterations) to converge, convergence will be 
   reached in 0 day(s) 0 hour(s) 0 minute(s) 0 second(s) i.e.
   on Tue May 28 07:49:24 2024 (current time is Tue May 28 07:49:24 2024);
   - if your program needs 11 BIG iterations  (22 iterations) to converge, convergence will be 
   reached in 0 day(s) 0 hour(s) 0 minute(s) 0 second(s) i.e.
   on Tue May 28 07:49:24 2024 (current time is Tue May 28 07:49:24 2024);
   - if your program needs 21 BIG iterations  (42 iterations) to converge, convergence will be 
   reached in 0 day(s) 0 hour(s) 0 minute(s) 0 second(s) i.e.
   on Tue May 28 07:49:24 2024 (current time is Tue May 28 07:49:24 2024);
   - if your program needs 31 BIG iterations  (62 iterations) to converge, convergence will be 
   reached in 0 day(s) 0 hour(s) 0 minute(s) 0 second(s) i.e.
   on Tue May 28 07:49:24 2024 (current time is Tue May 28 07:49:24 2024);
1.........2...........................3..........4..................5.........6...............7.........8.................
Powell iter=3 Big Iter=2 -2*LL=1390.745634037766 gain=5.36 0 sec. 0 sec.
#model=  1      +     age 
12   -2.3629067    0.0034917 
13   -7.6948684    0.0279183 
21   -1.3937223   -0.0384666 
23  -11.7066819    0.1056220 

Considering the time needed for this last iteration #3: 0 seconds,
   - if your program needs 1 BIG iterations  (2 iterations) to converge, convergence will be 
   reached in 0 day(s) 0 hour(s) 0 minute(s) 0 second(s) i.e.
   on Tue May 28 07:49:24 2024 (current time is Tue May 28 07:49:24 2024);
   - if your program needs 11 BIG iterations  (22 iterations) to converge, convergence will be 
   reached in 0 day(s) 0 hour(s) 0 minute(s) 0 second(s) i.e.
   on Tue May 28 07:49:24 2024 (current time is Tue May 28 07:49:24 2024);
   - if your program needs 21 BIG iterations  (42 iterations) to converge, convergence will be 
   reached in 0 day(s) 0 hour(s) 0 minute(s) 0 second(s) i.e.
   on Tue May 28 07:49:24 2024 (current time is Tue May 28 07:49:24 2024);
   - if your program needs 31 BIG iterations  (62 iterations) to converge, convergence will be 
   reached in 0 day(s) 0 hour(s) 0 minute(s) 0 second(s) i.e.
   on Tue May 28 07:49:24 2024 (current time is Tue May 28 07:49:24 2024);
1.........2...............3..........4...................5.........6.......................7.........8.........................Gaining to use new average direction of P0 P8 instead of biggest increase direction 1 :

Powell iter=4 Big Iter=3 -2*LL=1390.547584507326 gain=0.198 1 sec. 1 sec.
#model=  1      +     age 
12   -2.4095767    0.0034787 
13   -7.6692726    0.0278649 
21   -1.4138933   -0.0384687 
23  -11.7047865    0.1055825 
1....................2...............3............4..................5...............6.................7.........8.......directest= 0.001628503225 (if directest<0 or t<0 we include P0 Pn as new direction), t= -0.000000000928, f1= 1390.547584507326,f2= 1390.546970933359,f3= 1390.548990681707, del= 0.000502409545
f1-2f2+f3= 0.002633322315, f1-f2-del= 0.000111164422, f1-f3= -0.001406174381

Powell iter=5 Big Iter=3 -2*LL=1390.546970933359 gain=0.000614 0 sec. 1 sec.
#model=  1      +     age 
12   -2.4088713    0.0034677 
13   -7.6703361    0.0278231 
21   -1.4137286   -0.0384703 
23  -11.7020027    0.1055831 
1.................2...............3..........4...................5.........6.................7.........8............Gaining to use new average direction of P0 P8 instead of biggest increase direction 1 :

Powell iter=6 Big Iter=4 -2*LL=1390.514291289531 gain=0.0327 0 sec. 1 sec.
#model=  1      +     age 
12   -2.3688931    0.0028484 
13   -7.5257946    0.0252850 
21   -1.4072608   -0.0385718 
23  -11.5353263    0.1034187 
1.........2..................3.............4...................5.........6...............7.........8............directest= 0.031774560468 (if directest<0 or t<0 we include P0 Pn as new direction), t= -0.000000015343, f1= 1390.514291289531,f2= 1390.514255584986,f3= 1390.546024966121, del= 0.000015262606
f1-2f2+f3= 0.031805085680, f1-f2-del= 0.000020441939, f1-f3= -0.031733676590

Powell iter=7 Big Iter=4 -2*LL=1390.514255584986 gain=3.57e-005 0 sec. 1 sec.
#model=  1      +     age 
12   -2.3688367    0.0028487 
13   -7.5258225    0.0253270 
21   -1.4068526   -0.0385768 
23  -11.5354063    0.1034159 
1........2.................3..........4...................5..........6.......................7................8.....................Gaining to use new average direction of P0 P8 instead of biggest increase direction 4 :

Powell iter=8 Big Iter=5 -2*LL=1390.513559181520 gain=0.000696 0 sec. 1 sec.
#model=  1      +     age 
12   -2.3698085    0.0028511 
13   -7.6087669    0.0267667 
21   -1.3961413   -0.0387481 
23  -11.5292048    0.1033296 
1.......2.................3..........4.................5...........6........................7...........8........directest= 0.000632454420 (if directest<0 or t<0 we include P0 Pn as new direction), t= -0.000000000018, f1= 1390.513559181520,f2= 1390.513278013279,f3= 1390.514000311827, del= 0.000185506184
f1-2f2+f3= 0.001003466788, f1-f2-del= 0.000095662056, f1-f3= -0.000441130308

Powell iter=9 Big Iter=5 -2*LL=1390.513278013279 gain=0.000281 0 sec. 1 sec.
#model=  1      +     age 
12   -2.3693518    0.0028499 
13   -7.6406326    0.0271404 
21   -1.3928960   -0.0387945 
23  -11.5272247    0.1033059 
1..........2...................3..........4................5.........6......................7..............8..................
Powell iter=10 Big Iter=6 -2*LL=1390.513257594016 gain=2.04e-005 0 sec. 1 sec.
#model=  1      +     age 
12   -2.3691340    0.0028502 
13   -7.6489152    0.0272435 
21   -1.3919158   -0.0388077 
23  -11.5266964    0.1032994 
1...........2...................3.............4...........5............6.......................7...................8..........
Powell iter=11 Big Iter=6 -2*LL=1390.513256086834 gain=1.51e-006 0 sec. 1 sec.
#model=  1      +     age 
12   -2.3691050    0.0028507 
13   -7.6510403    0.0272694 
21   -1.3916399   -0.0388114 
23  -11.5265414    0.1032975 
1..........2...................3............4.......................5.............6..........................7...................8.................Gaining to use new average direction of P0 P8 instead of biggest increase direction 2 :

Powell iter=12 Big Iter=7 -2*LL=1390.513254925796 gain=1.16e-006 0 sec. 1 sec.
#model=  1      +     age 
12   -2.3691866    0.0028530 
13   -7.6529837    0.0272914 
21   -1.3912793   -0.0388164 
23  -11.5263330    0.1032950 
1..............2.................3............4.................5..................6................7.................8...............Gaining to use new average direction of P0 P8 instead of biggest increase direction 1 :

Powell iter=13 Big Iter=7 -2*LL=1390.513252402680 gain=2.52e-006 1 sec. 2 sec.
#model=  1      +     age 
12   -2.3695203    0.0028581 
13   -7.6549954    0.0273159 
21   -1.3906918   -0.0388254 
23  -11.5260060    0.1032908 
1........2.........3............4..............5...............6.................7...............8................Gaining to use new average direction of P0 P8 instead of biggest increase direction 8 :

Powell iter=14 Big Iter=8 -2*LL=1390.513247659459 gain=4.74e-006 0 sec. 2 sec.
#model=  1      +     age 
12   -2.3702570    0.0028698 
13   -7.6551282    0.0273158 
21   -1.3897201   -0.0388403 
23  -11.5255505    0.1032848 
1.....2........3...................4.............5.....................6................7................8.......
Powell iter=15 Big Iter=8 -2*LL=1390.513241197207 gain=6.46e-006 0 sec. 2 sec.
#model=  1      +     age 
12   -2.3707263    0.0028765 
13   -7.6496312    0.0272367 
21   -1.3897506   -0.0388402 
23  -11.5256676    0.1032863 
1..........2..............3............4.......................5..................6........................7.................8........................Gaining to use new average direction of P0 P8 instead of biggest increase direction 2 :

Powell iter=16 Big Iter=9 -2*LL=1390.513238486891 gain=2.71e-006 0 sec. 2 sec.
#model=  1      +     age 
12   -2.3712592    0.0028848 
13   -7.6423872    0.0271262 
21   -1.3898951   -0.0388382 
23  -11.5258610    0.1032889 
1......................2...............3...................4..........................5...........6..................7..........................8......................directest= 0.000000748182 (if directest<0 or t<0 we include P0 Pn as new direction), t= -0.000000000000, f1= 1390.513238486891,f2= 1390.513238480648,f3= 1390.513239228232, del= 0.000000002823
f1-2f2+f3= 0.000000753828, f1-f2-del= 0.000000003420, f1-f3= -0.000000741342

Powell iter=17 Big Iter=9 -2*LL=1390.513238480648 gain=6.24e-009 0 sec. 2 sec.
#model=  1      +     age 
12   -2.3712581    0.0028848 
13   -7.6423849    0.0271262 
21   -1.3899023   -0.0388380 
23  -11.5258609    0.1032889 
1..........2...................3...................4..........................5....................6.....................7............................8..........................Gaining to use new average direction of P0 P8 instead of biggest increase direction 5 :

Powell iter=18 Big Iter=10 -2*LL=1390.513238405240 gain=7.54e-008 0 sec. 2 sec.
#model=  1      +     age 
12   -2.3712992    0.0028858 
13   -7.6423638    0.0271254 
21   -1.3899999   -0.0388364 
23  -11.5258307    0.1032885 
1.............2...................3..............4...........5.......6...................7..........8.................
Powell iter=19 Big Iter=10 -2*LL=1390.513238377998 gain=2.72e-008 0 sec. 2 sec.
#model=  1      +     age 
12   -2.3713132    0.0028860 
13   -7.6424286    0.0271264 
21   -1.3900172   -0.0388361 
23  -11.5258264    0.1032885 
1...............2................3.................4...................5...............6.....................7.................8..........................Gaining to use new average direction of P0 P8 instead of biggest increase direction 1 :

Powell iter=20 Big Iter=11 -2*LL=1390.513238100930 gain=2.77e-007 0 sec. 2 sec.
#model=  1      +     age 
12   -2.3715628    0.0028896 
13   -7.6431377    0.0271372 
21   -1.3904388   -0.0388298 
23  -11.5256917    0.1032867 
1.........................2..................3....................4..................5..................6...................7............................8................directest= 0.000000252467 (if directest<0 or t<0 we include P0 Pn as new direction), t= -0.000000000000, f1= 1390.513238100930,f2= 1390.513238099530,f3= 1390.513238351981, del= 0.000000000692
f1-2f2+f3= 0.000000253850, f1-f2-del= 0.000000000708, f1-f3= -0.000000251051

Powell iter=21 Big Iter=11 -2*LL=1390.513238099530 gain=1.4e-009 0 sec. 2 sec.
#model=  1      +     age 
12   -2.3715536    0.0028894 
13   -7.6431464    0.0271377 
21   -1.3904524   -0.0388296 
23  -11.5257020    0.1032868 
1...................2.......................3.....................4..............................5.......................6...................7...................8.................................
Powell iter=22 Big Iter=12 -2*LL=1390.513238099469 gain=6.09e-011 1 sec. 3 sec.
#model=  1      +     age 
12   -2.3715565    0.0028895 
13   -7.6431524    0.0271378 
21   -1.3904491   -0.0388296 
23  -11.5256996    0.1032868 
1....................................2...................................3........................4....................................5......................................6..................7.......................8........................................
#Number of iterations & function calls = 22 & 3521, -2 Log likelihood = 1390.513238099469
# Parameters nlstate*nlstate*ncov a12*1 + b12 * age + ...
#model=  1      +     age 
12   -2.3715565    0.0028895 
13   -7.6431524    0.0271378 
21   -1.3904491   -0.0388296 
23  -11.5256996    0.1032868 

Calculation of the hessian matrix. Wait...
1-2-3-4-5-6-7-8-.1-2.1-3.1-4.1-5.1-6.1-7.1-8.2-3.2-4.2-5.2-6.2-7.2-8.3-4.3-5.3-6.3-7.3-8.4-5.4-6.4-7.4-8.5-6.5-7.5-8.6-7.6-8.7-8

Inverting the hessian to get the covariance matrix. Wait...

#Hessian matrix#
9.696742e+001 6.126600e+003 9.805954e-001 6.956496e+001 -2.277266e+001 -1.432785e+003 -7.440080e-001 -4.466334e+001 
6.126600e+003 3.952150e+005 6.930748e+001 4.989824e+003 -1.434123e+003 -9.174707e+004 -4.562358e+001 -2.646481e+003 
9.805954e-001 6.930748e+001 1.841065e+000 1.159542e+002 -4.413201e-001 -2.853142e+001 1.590703e+000 1.073881e+002 
6.956496e+001 4.989824e+003 1.159542e+002 7.485067e+003 -2.868166e+001 -1.904201e+003 1.073666e+002 7.386670e+003 
-2.277266e+001 -1.434123e+003 -4.413201e-001 -2.868166e+001 5.497652e+001 3.513882e+003 -8.759693e-001 -6.796344e+001 
-1.432785e+003 -9.174707e+004 -2.853142e+001 -1.904201e+003 3.513882e+003 2.283949e+005 -6.733852e+001 -5.253711e+003 
-7.440080e-001 -4.562358e+001 1.590703e+000 1.073666e+002 -8.759693e-001 -6.733852e+001 6.374734e+001 4.875582e+003 
-4.466334e+001 -2.646481e+003 1.073881e+002 7.386670e+003 -6.796344e+001 -5.253711e+003 4.875582e+003 3.788264e+005 
Parameters, Wald tests and Wald-based confidence intervals
 W is simply the result of the division of the parameter by the square root of covariance of the parameter.
 And Wald-based confidence intervals plus and minus 1.96 * W 
  It might be better to visualize the covariance matrix. See the page 'Matrix of variance-covariance of one-step probabilities' and its graphs.
12   -2.3715565(   0.7419521) W=  -3.196 CI=[  -3.8257827 ;   -0.9173303]    0.0028895(   0.0116140) W=   0.249 CI=[  -0.0198739 ;    0.0256528] 
13   -7.6431524(   4.7813369) W=  -1.599 CI=[ -17.0145728 ;    1.7282679]    0.0271378(   0.0750911) W=   0.361 CI=[  -0.1200407 ;    0.1743163] 
21   -1.3904491(   1.0911992) W=  -1.274 CI=[  -3.5291995 ;    0.7483013]   -0.0388296(   0.0168936) W=  -2.298 CI=[  -0.0719411 ;   -0.0057182] 
23  -11.5256996(   1.0158902) W= -11.345 CI=[ -13.5168444 ;   -9.5345549]    0.1032868(   0.0131512) W=   7.854 CI=[   0.0775105 ;    0.1290631] 
# Scales (for hessian or gradient estimation)
12 1.00000e-003 1.00000e-005
13 1.00000e-003 1.00000e-004
21 1.00000e-003 2.00000e-005
23 1.00000e-003 1.00000e-005
# Covariance matrix 
# 121 Var(a12)
# 122 Cov(b12,a12) Var(b12)
#   ...
# 232 Cov(b23,a12)  Cov(b23,b12) ... Var (b23)
#121 Var(a12)
#122 Cov(b12,a12) Var(b12)
#131 Cov(a13,a12) Cov(a13,b12) Var(a13)
#132 Cov(b13,a12) Cov(b13,b12) Cov(b13,a13) Var(b13)
#211 Cov(a21,a12) Cov(a21,b12) Cov(a21,a13) Cov(a21,b13) Var(a21)
#212 Cov(b21,a12) Cov(b21,b12) Cov(b21,a13) Cov(b21,b13) Cov(b21,a21) Var(b21)
#231 Cov(a23,a12) Cov(a23,b12) Cov(a23,a13) Cov(a23,b13) Cov(a23,a21) Cov(a23,b21) Var(a23)
#232 Cov(b23,a12) Cov(b23,b12) Cov(b23,a13) Cov(b23,b13) Cov(b23,a21) Cov(b23,b21) Cov(b23,a23) Var(b23)
121 5.5049295e-001
122 -8.52616e-003 1.3488408e-004
131 -2.69855e-001 4.67422e-003 2.2861182e+001
132 4.76714e-003 -8.32545e-005 -3.54515e-001 5.6386686e-003
211 2.24516e-001 -3.40072e-003 1.89050e-001 -2.80011e-003 1.1907156e+000
212 -3.42017e-003 5.29148e-005 -2.81331e-003 4.20455e-005 -1.82775e-002 2.8539362e-004
231 -6.57395e-003 1.47426e-004 -4.00278e-001 4.44228e-003 2.50583e-004 5.28249e-007 1.0320328e+000
232 6.63379e-005 -1.53826e-006 5.57945e-003 -6.65628e-005 -3.93632e-005 6.16166e-007 -1.32553e-002 1.7295375e-004
# agemin agemax for life expectancy, bage fage (if mle==0 ie no data nor Max likelihood).
# Observed prevalence period
begin-prev-date=1/1/2013 end-prev-date=1/9/2018 mov_average=0
# Health expectancies computed from stable (period) prevalence (pop_based=0) or population based (1)
pop_based=0
# Prevalence forecasting and backcasting is skept here
##prevforecast=0  starting-proj-date=1/1/1989 final-proj-date=1/1/1990 mobil_average=0
#prevforecast=1 yearsfproj=10 mobil_average=0
#prevbackcast=1 yearsbproj=10 mobil_average=1
End of resultlines.

Computing forward period (stable) prevalence: result on file 'PL_HRMchr.txt' 
Computing pij: result on file 'PIJ_HRMchr.txt' 
Computing standard deviation of one-step probabilities: result on file 'PROB_rHRMchr.txt' 
Computing matrix of variance covariance of one-step probabilities: result on file 'PROBCOV_HRMchr.txt' 
and correlation matrix of one-step probabilities: result on file 'PROBCOR_HRMchr.txt' 
Prevalence combination of varying and fixed dummies 1
Warning Observed prevalence doesn't sum to 1 for state 2: probs[50][2][1]=0.000000 because of lack of cases.
Warning Observed prevalence doesn't sum to 1 for state 1: probs[92][1][1]=0.000000 because of lack of cases.
Warning Observed prevalence doesn't sum to 1 for state 2: probs[92][2][1]=0.000000 because of lack of cases.
Warning Observed prevalence doesn't sum to 1 for state 1: probs[93][1][1]=0.000000 because of lack of cases.
Warning Observed prevalence doesn't sum to 1 for state 2: probs[93][2][1]=0.000000 because of lack of cases.
Warning Observed prevalence doesn't sum to 1 for state 1: probs[95][1][1]=0.000000 because of lack of cases.
Warning Observed prevalence doesn't sum to 1 for state 2: probs[95][2][1]=0.000000 because of lack of cases.
Warning Observed prevalence doesn't sum to 1 for state 1: probs[96][1][1]=0.000000 because of lack of cases.
Warning Observed prevalence doesn't sum to 1 for state 2: probs[96][2][1]=0.000000 because of lack of cases.
Warning Observed prevalence doesn't sum to 1 for state 1: probs[97][1][1]=0.000000 because of lack of cases.
Warning Observed prevalence doesn't sum to 1 for state 2: probs[97][2][1]=0.000000 because of lack of cases.
Warning Observed prevalence doesn't sum to 1 for state 1: probs[98][1][1]=0.000000 because of lack of cases.
Warning Observed prevalence doesn't sum to 1 for state 2: probs[98][2][1]=0.000000 because of lack of cases.
Warning Observed prevalence doesn't sum to 1 for state 1: probs[99][1][1]=0.000000 because of lack of cases.
Warning Observed prevalence doesn't sum to 1 for state 2: probs[99][2][1]=0.000000 because of lack of cases.
Warning Observed prevalence doesn't sum to 1 for state 1: probs[100][1][1]=0.000000 because of lack of cases.
Warning Observed prevalence doesn't sum to 1 for state 2: probs[100][2][1]=0.000000 because of lack of cases.
Computing Health Expectancies: result on file 'E_HRMchr.txt' ...done evsij
Computing Total Life expectancies with their standard errors: file 'T_HRMchr.txt' ...
  Computing State-specific Expectancies and standard errors: result on file 'STDE_HRMchr.txt' 
    Computing Covar. of State-specific Expectancies: result on file 'CVE_HRMchr.txt' 
      Computing Variance-covariance of State-specific Expectancies: file 'V_HRMchr.txt' ... done State-specific expectancies
Computing Variance-covariance of forward period (stable) prevalence: file 'VPL_HRMchr.txt' ...done variance-covariance of forward period prevalence
End of Imach with 1 errors and/or warnings 1. Please look at the log file for details.
Local time at start Tue May 28 07:49:24 2024

Local time at end   Tue May 28 07:49:27 2024

Total time used 0 day(s) 0 hour(s) 0 minute(s) 3 second(s)
Total time was 3 Sec.
