Log filename:ITF.log
Version 0.99r45 $Revision: 1.353 $ $Date: 2023/05/08 18:48:22 $
Enter the parameter file name: 
pathimach=C:\PROGRA~1\IMACH-~2.99R\bin\
pathtot=C:\Users\mmusz\Dropbox\gender_paradox\data\IMACH\ITF.txt
 path=C:\Users\mmusz\Dropbox\gender_paradox\data\IMACH\ 
 optionfile=ITF.txt
 optionfilext=txt
 optionfilefiname='ITF'
Compiled with: Microsoft Visual Studio for Windows (x64 and x86)  64-bit
The programm is not running under WOW64 (i.e probably on a 64bit Windows).
Local time (at start): Sat May 25 22:26:16 2024
title=adl datafile=dataITF.txt lastobs=15000 firstpass=1 lastpass=2
ftol=1.000000e-018 stepm=3 ncovcol=0 nqv=0 ntv=0 nqtv=0 nlstate=2 ndeath=1 maxwav=2 mle=1 weight=1
model=1+age+
# Parameters nlstate*nlstate*ncov a12*1 + b12 * age + ...
12 0.000000 0.000000
13 0.000000 0.000000
21 0.000000 0.000000
23 0.000000 0.000000
# Scales (for hessian or gradient estimation)
12 0.000000e+000 0.000000e+000
13 0.000000e+000 0.000000e+000
21 0.000000e+000 0.000000e+000
23 0.000000e+000 0.000000e+000
# Covariance matrix
121 0.00000e+000
122 0.00000e+000 0.00000e+000
131 0.00000e+000 0.00000e+000 0.00000e+000
132 0.00000e+000 0.00000e+000 0.00000e+000 0.00000e+000
211 0.00000e+000 0.00000e+000 0.00000e+000 0.00000e+000 0.00000e+000
212 0.00000e+000 0.00000e+000 0.00000e+000 0.00000e+000 0.00000e+000 0.00000e+000
231 0.00000e+000 0.00000e+000 0.00000e+000 0.00000e+000 0.00000e+000 0.00000e+000 0.00000e+000
232 0.00000e+000 0.00000e+000 0.00000e+000 0.00000e+000 0.00000e+000 0.00000e+000 0.00000e+000 0.00000e+000

Model=1+age+
Typevar: 0 for simple covariate (dummy, quantitative, fixed or varying), 1 for age product, 2 for  product, 3 for double product with age  
Fixed[k] 0=fixed (product or simple), 1 varying, 2 fixed with age product, 3 varying with age product 
Dummy[k] 0=dummy (0 1), 1 quantitative (single or product without age), 2 dummy with age product, 3 quant with age product
ncoveff=0, nqfveff=0, ntveff=0, nqtveff=0, cptcovn=0
ncovf=0, ncovv=0, ncova=0, nsd=0, nsq=0
Warning: The value of parameter lastobs=15000 is big compared to the 
  effective number of cases imx=2205, please adjust, 
  otherwise you are allocating more memory than necessary.
Total number of individuals= 2205, Agemin = 51.08, Agemax= 101.25

Information, you have to check 0 informations which haven't been logged!
Delay (in months) between two waves Min=2 (for indiviudal 2131) Max=32 (1784) Mean=24.319419

 Age 51 1.=1 loss[1]=0.0% 2.=0 loss[2]=0.0% 1.=1 prev[1]=84.1% 2.=0 prev[2]=15.9% 11=1 12=0 21=0
Age 52 1.=3 loss[1]=0.0% 2.=0 loss[2]=0.0% 1.=3 prev[1]=90.4% 2.=0 prev[2]=9.6% 11=3 12=0 13=0 21=0 22=0
Age 53 1.=3 loss[1]=0.0% 2.=0 loss[2]=0.0% 1.=3 prev[1]=89.2% 2.=0 prev[2]=10.8% 11=3 13=0 21=0 22=0
Age 54 1.=2 loss[1]=0.0% 2.=0 loss[2]=0.0% 1.=2 prev[1]=97.6% 2.=0 prev[2]=2.4% 11=2 12=0 21=0 22=0
Age 55 1.=2 loss[1]=0.0% 2.=0 loss[2]=0.0% 1.=2 prev[1]=98.6% 2.=0 prev[2]=1.4% 11=2 12=0 21=0 22=0
Age 56 1.=2 loss[1]=0.0% 2.=0 loss[2]=0.0% 1.=2 prev[1]=97.6% 2.=0 prev[2]=2.4% 11=2 12=0 21=0
Age 57 1.=3 loss[1]=0.0% 2.=0 loss[2]=0.0% 1.=3 prev[1]=97.2% 2.=0 prev[2]=2.8% 11=3 12=0 13=0 21=0 22=0
Age 58 1.=2 loss[1]=0.0% 2.=0 loss[2]=0.0% 1.=2 prev[1]=92.0% 2.=0 prev[2]=8.0% 11=2 21=0 22=0
Age 59 1.=2 loss[1]=0.0% 2.=0 loss[2]=0.0% 1.=2 prev[1]=97.3% 2.=0 prev[2]=2.7% 11=2 12=0 13=0 22=0
Age 60 1.=2 loss[1]=0.0% 2.=0 loss[2]=0.0% 1.=2 prev[1]=94.6% 2.=0 prev[2]=5.4% 11=2 12=0 13=0 21=0 22=0 23=0
Age 61 1.=2 loss[1]=0.0% 2.=0 loss[2]=0.0% 1.=2 prev[1]=98.3% 2.=0 prev[2]=1.7% 11=2 12=0 22=0 23=0
Age 62 1.=2 loss[1]=0.0% 2.=0 loss[2]=0.0% 1.=2 prev[1]=94.4% 2.=0 prev[2]=5.6% 11=2 12=0 13=0 21=0 22=0 23=0
Age 63 1.=2 loss[1]=0.0% 2.=0 loss[2]=0.0% 1.=2 prev[1]=95.3% 2.=0 prev[2]=4.7% 11=2 12=0 21=0 22=0 23=0
Age 64 1.=2 loss[1]=0.0% 2.=0 loss[2]=0.0% 1.=2 prev[1]=97.4% 2.=0 prev[2]=2.6% 11=2 12=0 13=0 21=0
Age 65 1.=2 loss[1]=0.0% 2.=0 loss[2]=0.0% 1.=2 prev[1]=86.0% 2.=0 prev[2]=14.0% 11=2 12=0 13=0 21=0 22=0
Age 66 1.=3 loss[1]=0.0% 2.=0 loss[2]=0.0% 1.=3 prev[1]=94.3% 2.=0 prev[2]=5.7% 11=2 12=0 13=0 21=0 23=0
Age 67 1.=3 loss[1]=0.0% 2.=0 loss[2]=0.0% 1.=3 prev[1]=88.9% 2.=0 prev[2]=11.1% 11=3 12=0 21=0 22=0
Age 68 1.=3 loss[1]=0.0% 2.=0 loss[2]=0.0% 1.=3 prev[1]=92.7% 2.=0 prev[2]=7.3% 11=2 12=0 13=0 21=0 22=0 23=0
Age 69 1.=2 loss[1]=0.0% 2.=0 loss[2]=0.0% 1.=2 prev[1]=87.4% 2.=0 prev[2]=12.6% 11=2 12=0 13=0 21=0 22=0
Age 70 1.=2 loss[1]=0.0% 2.=0 loss[2]=0.0% 1.=2 prev[1]=87.0% 2.=0 prev[2]=13.0% 11=2 12=0 21=0 22=0
Age 71 1.=2 loss[1]=0.0% 2.=0 loss[2]=0.0% 1.=2 prev[1]=88.3% 2.=0 prev[2]=11.7% 11=1 12=0 13=0 21=0 22=0
Age 72 1.=2 loss[1]=0.0% 2.=0 loss[2]=0.0% 1.=2 prev[1]=93.1% 2.=0 prev[2]=6.9% 11=2 12=0 13=0 21=0 22=0
Age 73 1.=2 loss[1]=0.0% 2.=0 loss[2]=0.0% 1.=2 prev[1]=91.5% 2.=0 prev[2]=8.5% 11=2 12=0 13=0 21=0 22=0
Age 74 1.=2 loss[1]=0.0% 2.=0 loss[2]=0.0% 1.=2 prev[1]=88.1% 2.=0 prev[2]=11.9% 11=2 12=0 13=0 21=0 22=0 23=0
Age 75 1.=2 loss[1]=0.0% 2.=0 loss[2]=0.0% 1.=2 prev[1]=92.2% 2.=0 prev[2]=7.8% 11=1 12=0 21=0 22=0 23=0
Age 76 1.=2 loss[1]=0.0% 2.=0 loss[2]=0.0% 1.=2 prev[1]=82.9% 2.=0 prev[2]=17.1% 11=1 12=0 13=0 21=0 22=0 23=0
Age 77 1.=2 loss[1]=0.0% 2.=0 loss[2]=0.0% 1.=2 prev[1]=81.2% 2.=0 prev[2]=18.8% 11=1 12=0 13=0 21=0 22=0
Age 78 1.=1 loss[1]=0.0% 2.=0 loss[2]=0.0% 1.=1 prev[1]=72.9% 2.=0 prev[2]=27.1% 11=1 12=0 13=0 21=0 22=0 23=0
Age 79 1.=1 loss[1]=0.0% 2.=0 loss[2]=0.0% 1.=1 prev[1]=78.9% 2.=0 prev[2]=21.1% 11=1 12=0 13=0 21=0 22=0 23=0
Age 80 1.=1 loss[1]=0.0% 2.=1 loss[2]=0.0% 1.=1 prev[1]=69.5% 2.=1 prev[2]=30.5% 11=1 12=0 13=0 21=0 22=0 23=0
Age 81 1.=1 loss[1]=0.0% 2.=0 loss[2]=0.0% 1.=1 prev[1]=74.7% 2.=0 prev[2]=25.3% 11=1 12=0 21=0 22=0 23=0
Age 82 1.=1 loss[1]=0.0% 2.=1 loss[2]=0.0% 1.=1 prev[1]=57.5% 2.=1 prev[2]=42.5% 11=1 12=0 13=0 21=0 22=0 23=0
Age 83 1.=1 loss[1]=0.0% 2.=1 loss[2]=0.0% 1.=1 prev[1]=57.5% 2.=1 prev[2]=42.5% 11=1 12=0 13=0 21=0 22=0 23=0
Age 84 1.=1 loss[1]=0.0% 2.=0 loss[2]=0.0% 1.=1 prev[1]=81.7% 2.=0 prev[2]=18.3% 11=1 12=0 13=0 21=0 22=0 23=0
Age 85 1.=1 loss[1]=0.0% 2.=0 loss[2]=0.0% 1.=1 prev[1]=72.2% 2.=0 prev[2]=27.8% 11=1 12=0 13=0 22=0 23=0
Age 86 1.=1 loss[1]=0.0% 2.=0 loss[2]=0.0% 1.=1 prev[1]=63.7% 2.=0 prev[2]=36.3% 11=0 12=0 13=0 22=0 23=0
Age 87 1.=0 loss[1]=0.0% 2.=1 loss[2]=0.0% 1.=0 prev[1]=33.9% 2.=1 prev[2]=66.1% 11=0 21=0 22=0 23=0
Age 88 1.=0 loss[1]=0.0% 2.=1 loss[2]=0.0% 1.=0 prev[1]=35.0% 2.=1 prev[2]=65.0% 11=0 12=0 13=0 22=0 23=0
Age 89 1.=0 loss[1]=0.0% 2.=0 loss[2]=0.0% 1.=0 prev[1]=32.3% 2.=0 prev[2]=67.7% 11=0 12=0 21=0 22=0 23=0
Age 90 1.=0 loss[1]=0.0% 2.=0 loss[2]=0.0% 1.=0 prev[1]=31.5% 2.=0 prev[2]=68.5% 13=0 21=0 22=0 23=0
Age 91 1.=0 loss[1]=0.0% 2.=1 loss[2]=0.0% 1.=0 prev[1]=7.4% 2.=1 prev[2]=92.6% 11=0 22=0 23=0
Age 92 1.=0 loss[1]=0.0% 2.=0 loss[2]=0.0% 1.=0 prev[1]=21.2% 2.=0 prev[2]=78.8% 13=0 22=0 23=0
Age 93 1.=0 loss[1]=0.0% 2.=0 loss[2]=0.0% 1.=0 prev[1]=40.5% 2.=0 prev[2]=59.5% 11=0 22=0 23=0
Age 94 1.=0 loss[1]=0.0% 2.=0 loss[2]=0.0% 1.=0 prev[1]=11.4% 2.=0 prev[2]=88.6% 11=0 22=0 23=0
Age 95 1.=0 loss[1]=NaNQ% 2.=0 loss[2]=0.0% 1.=0 prev[1]=0.0% 2.=0 prev[2]=100.0% 22=0 23=0
Age 96 1.=0 loss[1]=NaNQ% 2.=0 loss[2]=0.0% 1.=0 prev[1]=0.0% 2.=0 prev[2]=100.0% 22=0
Age 97 1.=0 loss[1]=NaNQ% 2.=0 loss[2]=NaNQ% 1.=0 prev[1]=NaNQ% 2.=0 prev[2]=NaNQ%
Age 98 1.=0 loss[1]=NaNQ% 2.=0 loss[2]=NaNQ% 1.=0 prev[1]=NaNQ% 2.=0 prev[2]=NaNQ%
Age 99 1.=0 loss[1]=NaNQ% 2.=0 loss[2]=0.0% 1.=0 prev[1]=0.0% 2.=0 prev[2]=100.0% 23=0
Age 100 1.=0 loss[1]=NaNQ% 2.=0 loss[2]=NaNQ% 1.=0 prev[1]=NaNQ% 2.=0 prev[2]=NaNQ%
Age 101 1.=0 loss[1]=NaNQ% 2.=0 loss[2]=0.0% 1.=0 prev[1]=0.0% 2.=0 prev[2]=100.0% 23=0
1 1.=0 loss[1]=NaNQ% 2.=0 loss[2]=NaNQ% 1.=0 prev[1]=NaNQ% 2.=0 prev[2]=NaNQ%
0 1.=0 loss[1]=NaNQ% 2.=0 loss[2]=NaNQ% 1.=0 prev[1]=NaNQ% 2.=0 prev[2]=NaNQ%
Total 1.=66 loss[1]=0.0% 2.=13 loss[2]=0.0% 1.=66 prev[1]=83.9% 2.=13 prev[2]=16.1% 11=60 12=4 13=2 21=3 22=7 23=3


12    0.0000000 ln(4/60)=   -2.6592307 
13    0.0000000 ln(2/60)=   -3.4286510 
21    0.0000000 ln(3/7)=   -0.7360151 
23    0.0000000 ln(3/7)=   -0.8330037 

 -1-1=0 -10=0 -11=0 -12=0 -13=0 0-1=0 00=0 01=0 02=0 03=0 1-1=0 10=0 11=60 12=4 13=2 2-1=0 20=0 21=3 22=7 23=3 3-1=0 30=0 31=0 32=0 33=0
Powell

Powell iter=1 Big Iter=1 -2*LL=17428.646789395883 gain=0 0 sec. 0 sec.
#model=  1      +     age 
12    0.0000000    0.0000000 
13    0.0000000    0.0000000 
21    0.0000000    0.0000000 
23    0.0000000    0.0000000 
12345......6.................7........8.................. p(1)=37.176649 flat=1  p(2)=1.000000 flat=1  p(3)=1.000000 flat=1  p(4)=0.000000 flat=1 ...........4 flat directions :1 2 3 4 
Gaining to use new average direction of P0 P8 instead of biggest increase direction 5 :

Powell iter=2 Big Iter=2 -2*LL=4770.581575222561 gain=1.27e+004 1 sec. 1 sec.
#model=  1      +     age 
12   32.9966904    0.8875649 
13    0.8875649    0.0000000 
21    2.8433230   -0.0009665 
23   -0.9190584    0.0023870 

Considering the time needed for this last iteration #2: 1 seconds,
   - if your program needs 1 BIG iterations  (2 iterations) to converge, convergence will be 
   reached in 0 day(s) 0 hour(s) 0 minute(s) 0 second(s) i.e.
   on Sat May 25 22:26:17 2024 (current time is Sat May 25 22:26:17 2024);
   - if your program needs 11 BIG iterations  (22 iterations) to converge, convergence will be 
   reached in 0 day(s) 0 hour(s) 0 minute(s) 20 second(s) i.e.
   on Sat May 25 22:26:37 2024 (current time is Sat May 25 22:26:17 2024);
   - if your program needs 21 BIG iterations  (42 iterations) to converge, convergence will be 
   reached in 0 day(s) 0 hour(s) 0 minute(s) 40 second(s) i.e.
   on Sat May 25 22:26:57 2024 (current time is Sat May 25 22:26:17 2024);
   - if your program needs 31 BIG iterations  (62 iterations) to converge, convergence will be 
   reached in 0 day(s) 0 hour(s) 1 minute(s) 0 second(s) i.e.
   on Sat May 25 22:27:17 2024 (current time is Sat May 25 22:26:17 2024);
1234...............5..............6.................7.........8.............. p(1)=33.814516 flat=1  p(2)=1.882665 flat=1  p(3)=1.882665 flat=1 
Powell iter=3 Big Iter=2 -2*LL=4447.384525610004 gain=323 0 sec. 1 sec.
#model=  1      +     age 
12   33.8145163    1.8826647 
13    1.8826647    2.2079777 
21    2.8276251   -0.0076942 
23   -1.5639858   -0.0127614 

Considering the time needed for this last iteration #3: 0 seconds,
   - if your program needs 1 BIG iterations  (2 iterations) to converge, convergence will be 
   reached in 0 day(s) 0 hour(s) 0 minute(s) 0 second(s) i.e.
   on Sat May 25 22:26:17 2024 (current time is Sat May 25 22:26:17 2024);
   - if your program needs 11 BIG iterations  (22 iterations) to converge, convergence will be 
   reached in 0 day(s) 0 hour(s) 0 minute(s) 0 second(s) i.e.
   on Sat May 25 22:26:17 2024 (current time is Sat May 25 22:26:17 2024);
   - if your program needs 21 BIG iterations  (42 iterations) to converge, convergence will be 
   reached in 0 day(s) 0 hour(s) 0 minute(s) 0 second(s) i.e.
   on Sat May 25 22:26:17 2024 (current time is Sat May 25 22:26:17 2024);
   - if your program needs 31 BIG iterations  (62 iterations) to converge, convergence will be 
   reached in 0 day(s) 0 hour(s) 0 minute(s) 0 second(s) i.e.
   on Sat May 25 22:26:17 2024 (current time is Sat May 25 22:26:17 2024);
1..........2...........3...........4..................5..........6................7.........8.....................Gaining to use new average direction of P0 P8 instead of biggest increase direction 6 :

Powell iter=4 Big Iter=3 -2*LL=4433.431660852913 gain=14 1 sec. 2 sec.
#model=  1      +     age 
12   33.7664164    1.8821740 
13    1.9279930    2.2074750 
21    2.8244389   -0.0108778 
23   -2.0241419   -0.0129004 
1..........2...........3...........4...................5..............6..............7..........8..............Gaining to use new average direction of P0 P8 instead of biggest increase direction 5 :

Powell iter=5 Big Iter=3 -2*LL=4428.757388212285 gain=4.67 1 sec. 3 sec.
#model=  1      +     age 
12   33.7366824    1.8838477 
13    2.0129125    2.2065608 
21    2.8268645   -0.0120370 
23   -2.4464058   -0.0070350 
1..........2...........3...........4..................5.......6..............7.........8............Gaining to use new average direction of P0 P8 instead of biggest increase direction 5 :

Powell iter=6 Big Iter=4 -2*LL=4423.805819475513 gain=4.95 0 sec. 3 sec.
#model=  1      +     age 
12   33.4566592    1.8871430 
13    2.1937825    2.2046108 
21    2.8311583   -0.0132159 
23   -3.0826666    0.0013494 
1..........2...........3..........4..................5.....6..............7..........8..............Gaining to use new average direction of P0 P8 instead of biggest increase direction 5 :

Powell iter=7 Big Iter=4 -2*LL=4419.175548757744 gain=4.63 1 sec. 4 sec.
#model=  1      +     age 
12   32.9525136    1.8922097 
13    2.4490910    2.2018628 
21    2.8385633   -0.0141655 
23   -3.7167208    0.0103261 
1..........2...........3..........4..................5......6..............7...........8...............Gaining to use new average direction of P0 P8 instead of biggest increase direction 8 :

Powell iter=8 Big Iter=5 -2*LL=4415.564152081846 gain=3.61 1 sec. 5 sec.
#model=  1      +     age 
12   32.3946824    1.8985988 
13    2.7666636    2.1984454 
21    2.8480548   -0.0149054 
23   -4.3182948    0.0191349 
1.........2...........3..........4..................5......6..............7..........8.............Gaining to use new average direction of P0 P8 instead of biggest increase direction 8 :

Powell iter=9 Big Iter=5 -2*LL=4398.888906635467 gain=16.7 0 sec. 5 sec.
#model=  1      +     age 
12   30.1680028    1.9252104 
13    4.0432001    2.1847179 
21    2.8892133   -0.0157252 
23   -6.2334130    0.0483487 
1.........2...........3..........4..................5......6................7..........8........
Powell iter=10 Big Iter=6 -2*LL=4373.904387546991 gain=25 1 sec. 6 sec.
#model=  1      +     age 
12   28.8532366    1.9423742 
13    4.8438169    2.1761125 
21    2.9165570   -0.0139514 
23   -6.9401780    0.0601174 
1.........2.................3................4.......................5......6...............7..........8..............Gaining to use new average direction of P0 P8 instead of biggest increase direction 8 :

Powell iter=11 Big Iter=6 -2*LL=4347.867762430140 gain=26 1 sec. 7 sec.
#model=  1      +     age 
12   24.9351005    1.9936633 
13    7.2826608    2.1498900 
21    2.9966362   -0.0108208 
23   -9.9339832    0.1028439 
1.........2...........3..........4...................5........6...............7..........8.........directest= 14.979539825973 (if directest<0 or t<0 we include P0 Pn as new direction), t= -568.149074003868, f1= 4347.867762430140,f2= 4343.671024357119,f3= 4361.190924243897, del= 3.368549066913
f1-2f2+f3= 21.716637959799, f1-f2-del= 0.828189006108, f1-f3= -13.323161813757

Powell iter=12 Big Iter=7 -2*LL=4343.671024357119 gain=4.2 0 sec. 7 sec.
#model=  1      +     age 
12   24.3574274    2.0025731 
13    7.6923834    2.1454848 
21    3.0110288   -0.0107002 
23  -10.7318305    0.1110748 
1..........2...........3...........4...................5........6...............7..........8.................Gaining to use new average direction of P0 P8 instead of biggest increase direction 7 :

Powell iter=13 Big Iter=7 -2*LL=4336.692047828329 gain=6.98 1 sec. 8 sec.
#model=  1      +     age 
12   22.0098340    2.0281018 
13    8.8675498    2.1328410 
21    3.0521960   -0.0116101 
23  -13.0666637    0.1381093 
1..........2............3...............4....................5........6..............7.........8.........directest= 5.267924571765 (if directest<0 or t<0 we include P0 Pn as new direction), t= -2.362248358481, f1= 4336.692047828329,f2= 4335.720878186207,f3= 4340.790616874889, del= 0.386491879519
f1-2f2+f3= 6.040908330803, f1-f2-del= 0.584677762603, f1-f3= -4.098569046560

Powell iter=14 Big Iter=8 -2*LL=4335.720878186207 gain=0.971 1 sec. 9 sec.
#model=  1      +     age 
12   21.8252884    2.0318503 
13    9.0306789    2.1310871 
21    3.0585703   -0.0122500 
23  -13.5266713    0.1433023 
1..........2...........3..........4...................5........6...............7.........8...............Gaining to use new average direction of P0 P8 instead of biggest increase direction 1 :

Powell iter=15 Big Iter=8 -2*LL=4335.339942261413 gain=0.381 0 sec. 9 sec.
#model=  1      +     age 
12   21.5614570    2.0363099 
13    9.2348370    2.1288832 
21    3.0657756   -0.0126200 
23  -14.0170252    0.1484827 
1...........2..........3..........4...................5........6...............7.........8........directest= 0.137575701978 (if directest<0 or t<0 we include P0 Pn as new direction), t= -0.000343262359, f1= 4335.339942261413,f2= 4335.301953369723,f3= 4335.457229442050, del= 0.027844631019
f1-2f2+f3= 0.193264964017, f1-f2-del= 0.010144260670, f1-f3= -0.117287180638

Powell iter=16 Big Iter=9 -2*LL=4335.301953369723 gain=0.038 1 sec. 10 sec.
#model=  1      +     age 
12   21.5941716    2.0356632 
13    9.2081468    2.1291764 
21    3.0648401   -0.0125410 
23  -13.9664318    0.1477610 
1.........2...........3..........4...................5........6...............7.........8...............Gaining to use new average direction of P0 P8 instead of biggest increase direction 5 :

Powell iter=17 Big Iter=9 -2*LL=4335.294665029702 gain=0.00729 1 sec. 11 sec.
#model=  1      +     age 
12   21.5806093    2.0356261 
13    9.2051791    2.1292225 
21    3.0649494   -0.0125162 
23  -13.9749940    0.1477736 
1.........2...........3..........4...................5........6........................7.........8..........
Powell iter=18 Big Iter=10 -2*LL=4335.292933475924 gain=0.00173 0 sec. 11 sec.
#model=  1      +     age 
12   21.5827193    2.0355892 
13    9.2012440    2.1292738 
21    3.0649459   -0.0125143 
23  -13.9754136    0.1477829 
1.........2..........3..........4...................5........6...............7..........8....................Gaining to use new average direction of P0 P8 instead of biggest increase direction 3 :

Powell iter=19 Big Iter=10 -2*LL=4335.242702398628 gain=0.0502 1 sec. 12 sec.
#model=  1      +     age 
12   21.6824769    2.0342290 
13    9.0032295    2.1319075 
21    3.0649615   -0.0124469 
23  -14.0695404    0.1489049 
1.........2...........3.......4...................5........6...............7.........8........directest= 0.050079746658 (if directest<0 or t<0 we include P0 Pn as new direction), t= -0.000002361958, f1= 4335.242702398628,f2= 4335.236216503360,f3= 4335.284596484498, del= 0.002393064874
f1-2f2+f3= 0.054865876406, f1-f2-del= 0.004092830394, f1-f3= -0.041894085870

Powell iter=20 Big Iter=11 -2*LL=4335.236216503360 gain=0.00649 0 sec. 12 sec.
#model=  1      +     age 
12   21.6683386    2.0344849 
13    8.9991255    2.1319727 
21    3.0653006   -0.0124478 
23  -14.1103989    0.1493463 
1...........2...........3...........4.......................5........6...............7.........8..............Gaining to use new average direction of P0 P8 instead of biggest increase direction 2 :

Powell iter=21 Big Iter=11 -2*LL=4335.233999809301 gain=0.00222 1 sec. 13 sec.
#model=  1      +     age 
12   21.6378985    2.0349587 
13    9.0063897    2.1319385 
21    3.0658272   -0.0124690 
23  -14.1705260    0.1500227 
1.........2.............3.......4.....................5........6...............7.........8.......
Powell iter=22 Big Iter=12 -2*LL=4335.233662280299 gain=0.000338 1 sec. 14 sec.
#model=  1      +     age 
12   21.6397846    2.0349485 
13    9.0027408    2.1320023 
21    3.0657260   -0.0124688 
23  -14.1732748    0.1500584 
1.........2.........3...............4...................5........6...............7...................8..............Gaining to use new average direction of P0 P8 instead of biggest increase direction 8 :

Powell iter=23 Big Iter=12 -2*LL=4335.214644017807 gain=0.019 1 sec. 15 sec.
#model=  1      +     age 
12   21.6175823    2.0362992 
13    9.0465175    2.1323783 
21    3.0546571   -0.0123930 
23  -14.1766162    0.1502267 
1.........2........3......4...................5........6...............7.................8..............Gaining to use new average direction of P0 P8 instead of biggest increase direction 3 :

Powell iter=24 Big Iter=13 -2*LL=4335.179201660480 gain=0.0354 0 sec. 15 sec.
#model=  1      +     age 
12   21.6076975    2.0379899 
13    9.0578906    2.1337273 
21    3.0336385   -0.0121391 
23  -14.1688631    0.1502567 
1.........2........3.......4...................5........6...............7.........8............Gaining to use new average direction of P0 P8 instead of biggest increase direction 8 :

Powell iter=25 Big Iter=13 -2*LL=4335.154077481639 gain=0.0251 1 sec. 16 sec.
#model=  1      +     age 
12   21.6435583    2.0391188 
13    8.9963560    2.1359614 
21    3.0134303   -0.0118581 
23  -14.1996621    0.1507571 
1.........2...........3......4...................5........6...............7.........8...........Gaining to use new average direction of P0 P8 instead of biggest increase direction 3 :

Powell iter=26 Big Iter=14 -2*LL=4335.075077117720 gain=0.079 1 sec. 17 sec.
#model=  1      +     age 
12   21.7283770    2.0421893 
13    8.7925318    2.1425794 
21    2.9556651   -0.0109784 
23  -14.3372625    0.1525785 
1..........2.......3......4....................5.........6...............7.........8.............Gaining to use new average direction of P0 P8 instead of biggest increase direction 8 :

Powell iter=27 Big Iter=14 -2*LL=4334.945592780829 gain=0.129 1 sec. 18 sec.
#model=  1      +     age 
12   21.6646002    2.0505552 
13    8.7423544    2.1506195 
21    2.8509168   -0.0095240 
23  -14.5353006    0.1551362 
1.........2.......3......4...................5........6...............7.........8............Gaining to use new average direction of P0 P8 instead of biggest increase direction 8 :

Powell iter=28 Big Iter=15 -2*LL=4334.706301909513 gain=0.239 1 sec. 19 sec.
#model=  1      +     age 
12   21.4696327    2.0633852 
13    8.8059350    2.1605460 
21    2.6983721   -0.0073643 
23  -14.7461934    0.1576280 
1.........2........3......4...................5........6...............7.........8.......
Powell iter=29 Big Iter=15 -2*LL=4334.613143770866 gain=0.0932 1 sec. 20 sec.
#model=  1      +     age 
12   21.5007905    2.0620158 
13    8.7957691    2.1602047 
21    2.7044287   -0.0073539 
23  -14.6322331    0.1560995 
1.........2........3........4...................5........6...............7...........8.......
Powell iter=30 Big Iter=16 -2*LL=4334.601275133213 gain=0.0119 0 sec. 20 sec.
#model=  1      +     age 
12   21.5473069    2.0619383 
13    8.7677410    2.1611360 
21    2.6959066   -0.0071952 
23  -14.5616795    0.1553048 
1.........2........3........4...................5........6...............7..............8.......
Powell iter=31 Big Iter=16 -2*LL=4334.598545045585 gain=0.00273 1 sec. 21 sec.
#model=  1      +     age 
12   21.5631739    2.0619147 
13    8.7687666    2.1613082 
21    2.6930201   -0.0071425 
23  -14.5205334    0.1548393 
1.........2........3..........4...................5........6...............7.............8..........
Powell iter=32 Big Iter=17 -2*LL=4334.597995551120 gain=0.000549 1 sec. 22 sec.
#model=  1      +     age 
12   21.5694648    2.0619085 
13    8.7707792    2.1613572 
21    2.6918443   -0.0071215 
23  -14.5016514    0.1546256 
1.........2.........3...............4...................5..........6...............7.............8.........
Powell iter=33 Big Iter=17 -2*LL=4334.597890925119 gain=0.000105 1 sec. 23 sec.
#model=  1      +     age 
12   21.5720792    2.0619065 
13    8.7718841    2.1613744 
21    2.6913493   -0.0071127 
23  -14.4933708    0.1545319 
1...............2.........3..........4.........................5........6................7................8...........
Powell iter=34 Big Iter=18 -2*LL=4334.597871390855 gain=1.95e-005 1 sec. 24 sec.
#model=  1      +     age 
12   21.5731862    2.0619057 
13    8.7723993    2.1613812 
21    2.6911389   -0.0071090 
23  -14.4897879    0.1544914 
1............2..........3..................4....................5...........6.................7...................8................
Powell iter=35 Big Iter=18 -2*LL=4334.597867768097 gain=3.62e-006 1 sec. 25 sec.
#model=  1      +     age 
12   21.5736598    2.0619054 
13    8.7726255    2.1613840 
21    2.6910485   -0.0071074 
23  -14.4882455    0.1544739 
1..................2.............3..................4.....................5..............6.......................7......................8................
Powell iter=36 Big Iter=19 -2*LL=4334.597867094915 gain=6.73e-007 1 sec. 26 sec.
#model=  1      +     age 
12   21.5738608    2.0619053 
13    8.7727269    2.1613852 
21    2.6910096   -0.0071068 
23  -14.4875814    0.1544664 
1..............2.............3...............4..........................5..................6.....................7...................8.................
Powell iter=37 Big Iter=19 -2*LL=4334.597866970752 gain=1.24e-007 1 sec. 27 sec.
#model=  1      +     age 
12   21.5739484    2.0619053 
13    8.7727686    2.1613857 
21    2.6909925   -0.0071065 
23  -14.4872964    0.1544632 
1...........2.............3...............4......................5.................6.....................7.....................8...............
Powell iter=38 Big Iter=20 -2*LL=4334.597866947492 gain=2.33e-008 1 sec. 28 sec.
#model=  1      +     age 
12   21.5739851    2.0619053 
13    8.7727886    2.1613859 
21    2.6909856   -0.0071063 
23  -14.4871729    0.1544618 
1....................2.....................3...............4........................5...............6..........................7...............................8.................
Powell iter=39 Big Iter=20 -2*LL=4334.597866943260 gain=4.23e-009 2 sec. 30 sec.
#model=  1      +     age 
12   21.5740029    2.0619052 
13    8.7727941    2.1613861 
21    2.6909824   -0.0071063 
23  -14.4871204    0.1544612 
1...................2.....................3......................4........................5.....................6........................7........................8.............
Powell iter=40 Big Iter=21 -2*LL=4334.597866942409 gain=8.51e-010 1 sec. 31 sec.
#model=  1      +     age 
12   21.5740093    2.0619053 
13    8.7727980    2.1613861 
21    2.6909805   -0.0071063 
23  -14.4870973    0.1544609 
1.....................2..........................3.............................4....................................5.....................6...........................7......................8.............................
Powell iter=41 Big Iter=21 -2*LL=4334.597866942275 gain=1.34e-010 2 sec. 33 sec.
#model=  1      +     age 
12   21.5740110    2.0619053 
13    8.7728018    2.1613861 
21    2.6909804   -0.0071063 
23  -14.4870878    0.1544608 
1...................2..............................3................................4...............................5.....................6.................7......................8...........................
Powell iter=42 Big Iter=22 -2*LL=4334.597866942249 gain=2.55e-011 2 sec. 35 sec.
#model=  1      +     age 
12   21.5740128    2.0619052 
13    8.7728003    2.1613861 
21    2.6909804   -0.0071063 
23  -14.4870843    0.1544608 
1..........................2.................3..................4........................5.............................6.......................7......................8...............................
Powell iter=43 Big Iter=22 -2*LL=4334.597866942228 gain=2.18e-011 1 sec. 36 sec.
#model=  1      +     age 
12   21.5740125    2.0619053 
13    8.7728016    2.1613861 
21    2.6909800   -0.0071062 
23  -14.4870830    0.1544608 
1...........................2............................3..........................4............................5............................6.....................7........................8....................................
Powell iter=44 Big Iter=23 -2*LL=4334.597866942222 gain=5.46e-012 2 sec. 38 sec.
#model=  1      +     age 
12   21.5740127    2.0619053 
13    8.7728015    2.1613861 
21    2.6909800   -0.0071062 
23  -14.4870828    0.1544608 
1.........................2.............................3.....................................4........................5.............................6.....................7.......................8...........................directest= 0.000000000005 (if directest<0 or t<0 we include P0 Pn as new direction), t= -0.000000000000, f1= 4334.597866942222,f2= 4334.597866942218,f3= 4334.597866942228, del= 0.000000000005
f1-2f2+f3= 0.000000000015, f1-f2-del= 0.000000000000, f1-f3= -0.000000000005

Powell iter=45 Big Iter=23 -2*LL=4334.597866942218 gain=4.55e-012 1 sec. 39 sec.
#model=  1      +     age 
12   21.5740127    2.0619053 
13    8.7728015    2.1613861 
21    2.6909800   -0.0071062 
23  -14.4870828    0.1544608 
1.........................2..........................3.....................................4........................5.............................6.....................7.......................8...........................
#Number of iterations & function calls = 45 & 6465, -2 Log likelihood = 4334.597866942218
# Parameters nlstate*nlstate*ncov a12*1 + b12 * age + ...
#model=  1      +     age 
12   21.5740127    2.0619053 
13    8.7728015    2.1613861 
21    2.6909800   -0.0071062 
23  -14.4870828    0.1544608 

Calculation of the hessian matrix. Wait...
1-2-3-4-5-6-7-8-.1-2.1-3Warning: sub Hessian matrix '13' does not have positive eigen values 
1 3 k=1, k1=0.000000000000e+000 k2=3.727313596755e-004 k3=3.742573599084e-004 k4=0.000000000000e+000 delti/k=2.000000000000e-003 deltj/k=2.000000000000e-003, xi-de/k=2.157201266599e+001 xj-de/k=8.770801473360e+000  res=-2.334339748700e+001 k1234=-7.469887195839e-004,k1-2=-3.727313596755e-004,k3-4=3.742573599084e-004
.1-4.1-5.1-6.1-7.1-8.2-3.2-4Warning: sub Hessian matrix '24' does not have positive eigen values 
2 4 k=1, k1=0.000000000000e+000 k2=2.337691312277e-004 k3=2.345604052607e-004 k4=0.000000000000e+000 delti/k=2.000000000000e-005 deltj/k=2.000000000000e-005, xi-de/k=2.061885262841e+000 xj-de/k=2.161366109708e+000  res=-1.463529801526e+005 k1234=-4.683295364885e-004,k1-2=-2.337691312277e-004,k3-4=2.345604052607e-004
.2-5.2-6.2-7.2-8.3-4.3-5.3-6.3-7.3-8.4-5.4-6.4-7.4-8.5-6.5-7.5-8.6-7.6-8.7-8

Inverting the hessian to get the covariance matrix. Wait...

#Hessian matrix#
2.334338e+001 1.834154e+003 -2.334340e+001 -1.834154e+003 1.957322e+001 1.657370e+003 -1.729817e+001 -1.448807e+003 
1.834154e+003 1.463529e+005 -1.834154e+003 -1.463530e+005 1.659339e+003 1.418832e+005 -1.448804e+003 -1.227590e+005 
-2.334340e+001 -1.834154e+003 2.334338e+001 1.834154e+003 -1.957322e+001 -1.657370e+003 1.729817e+001 1.448807e+003 
-1.834154e+003 -1.463530e+005 1.834154e+003 1.463529e+005 -1.659339e+003 -1.418831e+005 1.448804e+003 1.227590e+005 
1.957322e+001 1.659339e+003 -1.957322e+001 -1.659339e+003 2.679727e+002 1.930729e+004 -6.160053e+001 -5.286340e+003 
1.657370e+003 1.418832e+005 -1.657370e+003 -1.418831e+005 1.930729e+004 1.429537e+006 -5.287721e+003 -4.573927e+005 
-1.729817e+001 -1.448804e+003 1.729817e+001 1.448804e+003 -6.160053e+001 -5.287721e+003 7.135626e+001 6.129811e+003 
-1.448807e+003 -1.227590e+005 1.448807e+003 1.227590e+005 -5.286340e+003 -4.573927e+005 6.129811e+003 5.306590e+005 
Parameters, Wald tests and Wald-based confidence intervals
 W is simply the result of the division of the parameter by the square root of covariance of the parameter.
 And Wald-based confidence intervals plus and minus 1.96 * W 
  It might be better to visualize the covariance matrix. See the page 'Matrix of variance-covariance of one-step probabilities' and its graphs.
12   21.5740127(  -1.#IND000) W=  -1.#IO CI=[  -1.#IND000 ;   -1.#IND000]    2.0619053(  -1.#IND000) W=  -1.#IO CI=[  -1.#IND000 ;   -1.#IND000] 
13    8.7728015(  -1.#IND000) W=  -1.#IO CI=[  -1.#IND000 ;   -1.#IND000]    2.1613861(  -1.#IND000) W=  -1.#IO CI=[  -1.#IND000 ;   -1.#IND000] 
21    2.6909800(   0.4684300) W=   5.745 CI=[   1.7728572 ;    3.6091027]   -0.0071062(   0.0067718) W=  -1.049 CI=[  -0.0203790 ;    0.0061666] 
23  -14.4870828(   1.5259958) W=  -9.494 CI=[ -17.4780346 ;  -11.4961311]    0.1544608(   0.0180021) W=   8.580 CI=[   0.1191767 ;    0.1897449] 
# Scales (for hessian or gradient estimation)
12 2.00000e-003 2.00000e-005
13 2.00000e-003 2.00000e-005
21 1.00000e-004 1.00000e-006
23 1.00000e-003 1.00000e-005
# Covariance matrix 
# 121 Var(a12)
# 122 Cov(b12,a12) Var(b12)
#   ...
# 232 Cov(b23,a12)  Cov(b23,b12) ... Var (b23)
#121 Var(a12)
#122 Cov(b12,a12) Var(b12)
#131 Cov(a13,a12) Cov(a13,b12) Var(a13)
#132 Cov(b13,a12) Cov(b13,b12) Cov(b13,a13) Var(b13)
#211 Cov(a21,a12) Cov(a21,b12) Cov(a21,a13) Cov(a21,b13) Var(a21)
#212 Cov(b21,a12) Cov(b21,b12) Cov(b21,a13) Cov(b21,b13) Cov(b21,a21) Var(b21)
#231 Cov(a23,a12) Cov(a23,b12) Cov(a23,a13) Cov(a23,b13) Cov(a23,a21) Cov(a23,b21) Var(a23)
#232 Cov(b23,a12) Cov(b23,b12) Cov(b23,a13) Cov(b23,b13) Cov(b23,a21) Cov(b23,b21) Cov(b23,a23) Var(b23)
121 -2.2390535e+004
122 3.09735e-001 -5.0438135e+000
131 -2.23923e+004 3.32318e-001 -2.2390523e+004
132 3.32523e-001 -5.04410e+000 3.09351e-001 -5.0438053e+000
211 -4.85834e-002 4.28542e-004 6.68576e-002 -1.22928e-003 2.1942664e-001
212 7.74606e-004 -7.24452e-006 -1.04333e-003 1.88760e-005 -3.13791e-003 4.5857797e-005
231 5.24663e-001 -6.52084e-003 -5.12554e-001 5.95509e-003 1.64856e-001 -2.31399e-003 2.3286631e+000
232 -6.23542e-003 7.88227e-005 6.05320e-003 -7.05207e-005 -2.35474e-003 3.39174e-005 -2.73056e-002 3.2407524e-004
# agemin agemax for life expectancy, bage fage (if mle==0 ie no data nor Max likelihood).
# Observed prevalence period
begin-prev-date=1/1/2013 end-prev-date=1/9/2018 mov_average=0
# Health expectancies computed from stable (period) prevalence (pop_based=0) or population based (1)
pop_based=0
# Prevalence forecasting and backcasting is skept here
##prevforecast=0  starting-proj-date=1/1/1989 final-proj-date=1/1/1990 mobil_average=0
#prevforecast=1 yearsfproj=10 mobil_average=0
#prevbackcast=1 yearsbproj=10 mobil_average=1
End of resultlines.

Computing forward period (stable) prevalence: result on file 'PL_ITF.txt' 
Computing pij: result on file 'PIJ_ITF.txt' 
Computing standard deviation of one-step probabilities: result on file 'PROB_rITF.txt' 
Computing matrix of variance covariance of one-step probabilities: result on file 'PROBCOV_ITF.txt' 
and correlation matrix of one-step probabilities: result on file 'PROBCOR_ITF.txt' 
Prevalence combination of varying and fixed dummies 1
Warning Observed prevalence doesn't sum to 1 for state 2: probs[50][2][1]=0.000000 because of lack of cases.
Warning Observed prevalence doesn't sum to 1 for state 1: probs[97][1][1]=0.000000 because of lack of cases.
Warning Observed prevalence doesn't sum to 1 for state 2: probs[97][2][1]=0.000000 because of lack of cases.
Warning Observed prevalence doesn't sum to 1 for state 1: probs[98][1][1]=0.000000 because of lack of cases.
Warning Observed prevalence doesn't sum to 1 for state 2: probs[98][2][1]=0.000000 because of lack of cases.
Warning Observed prevalence doesn't sum to 1 for state 1: probs[100][1][1]=0.000000 because of lack of cases.
Warning Observed prevalence doesn't sum to 1 for state 2: probs[100][2][1]=0.000000 because of lack of cases.
Computing Health Expectancies: result on file 'E_ITF.txt' ...done evsij
Computing Total Life expectancies with their standard errors: file 'T_ITF.txt' ...
  Computing State-specific Expectancies and standard errors: result on file 'STDE_ITF.txt' 
    Computing Covar. of State-specific Expectancies: result on file 'CVE_ITF.txt' 
      Computing Variance-covariance of State-specific Expectancies: file 'V_ITF.txt' ... done State-specific expectancies
Computing Variance-covariance of forward period (stable) prevalence: file 'VPL_ITF.txt' ...done variance-covariance of forward period prevalence
End of Imach with 0 errors and/or warnings 1. Please look at the log file for details.
Local time at start Sat May 25 22:26:16 2024

Local time at end   Sat May 25 22:27:00 2024

Total time used 0 day(s) 0 hour(s) 0 minute(s) 44 second(s)
Total time was 44 Sec.
