Log filename:ITM.log
Version 0.99r45 $Revision: 1.353 $ $Date: 2023/05/08 18:48:22 $
Enter the parameter file name: 
pathimach=C:\PROGRA~1\IMACH-~2.99R\bin\
pathtot=C:\Users\mmusz\Dropbox\gender_paradox\data\IMACH\ITM.txt
 path=C:\Users\mmusz\Dropbox\gender_paradox\data\IMACH\ 
 optionfile=ITM.txt
 optionfilext=txt
 optionfilefiname='ITM'
Compiled with: Microsoft Visual Studio for Windows (x64 and x86)  64-bit
The programm is not running under WOW64 (i.e probably on a 64bit Windows).
Local time (at start): Sat May 25 22:26:15 2024
title=adl datafile=dataITM.txt lastobs=15000 firstpass=1 lastpass=2
ftol=1.000000e-018 stepm=3 ncovcol=0 nqv=0 ntv=0 nqtv=0 nlstate=2 ndeath=1 maxwav=2 mle=1 weight=1
model=1+age+
# Parameters nlstate*nlstate*ncov a12*1 + b12 * age + ...
12 0.000000 0.000000
13 0.000000 0.000000
21 0.000000 0.000000
23 0.000000 0.000000
# Scales (for hessian or gradient estimation)
12 0.000000e+000 0.000000e+000
13 0.000000e+000 0.000000e+000
21 0.000000e+000 0.000000e+000
23 0.000000e+000 0.000000e+000
# Covariance matrix
121 0.00000e+000
122 0.00000e+000 0.00000e+000
131 0.00000e+000 0.00000e+000 0.00000e+000
132 0.00000e+000 0.00000e+000 0.00000e+000 0.00000e+000
211 0.00000e+000 0.00000e+000 0.00000e+000 0.00000e+000 0.00000e+000
212 0.00000e+000 0.00000e+000 0.00000e+000 0.00000e+000 0.00000e+000 0.00000e+000
231 0.00000e+000 0.00000e+000 0.00000e+000 0.00000e+000 0.00000e+000 0.00000e+000 0.00000e+000
232 0.00000e+000 0.00000e+000 0.00000e+000 0.00000e+000 0.00000e+000 0.00000e+000 0.00000e+000 0.00000e+000

Model=1+age+
Typevar: 0 for simple covariate (dummy, quantitative, fixed or varying), 1 for age product, 2 for  product, 3 for double product with age  
Fixed[k] 0=fixed (product or simple), 1 varying, 2 fixed with age product, 3 varying with age product 
Dummy[k] 0=dummy (0 1), 1 quantitative (single or product without age), 2 dummy with age product, 3 quant with age product
ncoveff=0, nqfveff=0, ntveff=0, nqtveff=0, cptcovn=0
ncovf=0, ncovv=0, ncova=0, nsd=0, nsq=0
Warning: The value of parameter lastobs=15000 is big compared to the 
  effective number of cases imx=1878, please adjust, 
  otherwise you are allocating more memory than necessary.
Total number of individuals= 1878, Agemin = 51.08, Agemax= 97.67

Information, you have to check 0 informations which haven't been logged!
Delay (in months) between two waves Min=1 (for indiviudal 1152) Max=34 (1657) Mean=24.178133

 Age 51 1.=2 loss[1]=0.0% 2.=0 loss[2]=0.0% 1.=2 prev[1]=99.4% 2.=0 prev[2]=0.6% 11=2 12=0 22=0
Age 52 1.=3 loss[1]=0.0% 2.=0 loss[2]=0.0% 1.=3 prev[1]=89.9% 2.=0 prev[2]=10.1% 11=3 12=0 21=0 22=0
Age 53 1.=6 loss[1]=0.0% 2.=0 loss[2]=0.0% 1.=6 prev[1]=99.2% 2.=0 prev[2]=0.8% 11=5 12=0 21=0
Age 54 1.=3 loss[1]=0.0% 2.=0 loss[2]=0.0% 1.=3 prev[1]=96.7% 2.=0 prev[2]=3.3% 11=3 12=0 22=0
Age 55 1.=2 loss[1]=0.0% 2.=0 loss[2]=NaNQ% 1.=2 prev[1]=100.0% 2.=0 prev[2]=0.0% 11=2
Age 56 1.=3 loss[1]=0.0% 2.=0 loss[2]=0.0% 1.=3 prev[1]=98.0% 2.=0 prev[2]=2.0% 11=3 21=0
Age 57 1.=2 loss[1]=0.0% 2.=0 loss[2]=0.0% 1.=2 prev[1]=94.3% 2.=0 prev[2]=5.7% 11=2 12=0 21=0 22=0
Age 58 1.=1 loss[1]=0.0% 2.=0 loss[2]=NaNQ% 1.=1 prev[1]=100.0% 2.=0 prev[2]=0.0% 11=1 12=0
Age 59 1.=2 loss[1]=0.0% 2.=0 loss[2]=0.0% 1.=2 prev[1]=92.4% 2.=0 prev[2]=7.6% 11=2 12=0 13=0 21=0 22=0
Age 60 1.=2 loss[1]=0.0% 2.=0 loss[2]=0.0% 1.=2 prev[1]=99.4% 2.=0 prev[2]=0.6% 11=2 12=0 22=0
Age 61 1.=2 loss[1]=0.0% 2.=0 loss[2]=0.0% 1.=2 prev[1]=93.7% 2.=0 prev[2]=6.3% 11=2 12=0 13=0 21=0
Age 62 1.=2 loss[1]=0.0% 2.=0 loss[2]=0.0% 1.=2 prev[1]=92.9% 2.=0 prev[2]=7.1% 11=2 12=0 13=0 21=0 22=0
Age 63 1.=2 loss[1]=0.0% 2.=0 loss[2]=0.0% 1.=2 prev[1]=98.8% 2.=0 prev[2]=1.2% 11=2 12=0 13=0 21=0
Age 64 1.=2 loss[1]=0.0% 2.=0 loss[2]=0.0% 1.=2 prev[1]=87.7% 2.=0 prev[2]=12.3% 11=2 12=0 21=0 22=0 23=0
Age 65 1.=3 loss[1]=0.0% 2.=0 loss[2]=0.0% 1.=3 prev[1]=96.4% 2.=0 prev[2]=3.6% 11=3 12=0 21=0 22=0
Age 66 1.=2 loss[1]=0.0% 2.=0 loss[2]=0.0% 1.=2 prev[1]=95.2% 2.=0 prev[2]=4.8% 11=2 12=0 13=0 21=0 22=0
Age 67 1.=3 loss[1]=0.0% 2.=0 loss[2]=0.0% 1.=3 prev[1]=94.9% 2.=0 prev[2]=5.1% 11=2 12=0 13=0 21=0 22=0 23=0
Age 68 1.=3 loss[1]=0.0% 2.=0 loss[2]=0.0% 1.=3 prev[1]=90.0% 2.=0 prev[2]=10.0% 11=2 12=0 13=0 21=0 22=0 23=0
Age 69 1.=2 loss[1]=0.0% 2.=0 loss[2]=0.0% 1.=2 prev[1]=95.0% 2.=0 prev[2]=5.0% 11=2 12=0 13=0 21=0 23=0
Age 70 1.=2 loss[1]=0.0% 2.=0 loss[2]=0.0% 1.=2 prev[1]=94.2% 2.=0 prev[2]=5.8% 11=2 12=0 13=0 21=0
Age 71 1.=2 loss[1]=0.0% 2.=0 loss[2]=0.0% 1.=2 prev[1]=95.5% 2.=0 prev[2]=4.5% 11=2 12=0 13=0 22=0
Age 72 1.=2 loss[1]=0.0% 2.=0 loss[2]=0.0% 1.=2 prev[1]=94.7% 2.=0 prev[2]=5.3% 11=2 12=0 13=0 21=0 22=0
Age 73 1.=2 loss[1]=0.0% 2.=0 loss[2]=0.0% 1.=2 prev[1]=93.5% 2.=0 prev[2]=6.5% 11=1 12=0 13=0 21=0 22=0
Age 74 1.=3 loss[1]=0.0% 2.=0 loss[2]=0.0% 1.=3 prev[1]=94.4% 2.=0 prev[2]=5.6% 11=3 12=0 13=0 21=0 22=0 23=0
Age 75 1.=2 loss[1]=0.0% 2.=0 loss[2]=0.0% 1.=2 prev[1]=89.6% 2.=0 prev[2]=10.4% 11=2 12=0 13=0 21=0 22=0 23=0
Age 76 1.=1 loss[1]=0.0% 2.=0 loss[2]=0.0% 1.=1 prev[1]=93.2% 2.=0 prev[2]=6.8% 11=1 12=0 13=0 22=0 23=0
Age 77 1.=2 loss[1]=0.0% 2.=0 loss[2]=0.0% 1.=2 prev[1]=81.1% 2.=0 prev[2]=18.9% 11=1 12=0 13=0 21=0 22=0 23=0
Age 78 1.=1 loss[1]=0.0% 2.=0 loss[2]=0.0% 1.=1 prev[1]=92.9% 2.=0 prev[2]=7.1% 11=1 12=0 13=0 22=0
Age 79 1.=1 loss[1]=0.0% 2.=0 loss[2]=0.0% 1.=1 prev[1]=79.6% 2.=0 prev[2]=20.4% 11=1 12=0 13=0 21=0 22=0 23=0
Age 80 1.=1 loss[1]=0.0% 2.=0 loss[2]=0.0% 1.=1 prev[1]=82.5% 2.=0 prev[2]=17.5% 11=1 13=0 21=0 22=0 23=0
Age 81 1.=2 loss[1]=0.0% 2.=0 loss[2]=0.0% 1.=2 prev[1]=87.7% 2.=0 prev[2]=12.3% 11=1 12=0 13=0 21=0 22=0 23=0
Age 82 1.=1 loss[1]=0.0% 2.=0 loss[2]=0.0% 1.=1 prev[1]=75.1% 2.=0 prev[2]=24.9% 11=1 12=0 13=0 21=0 22=0
Age 83 1.=1 loss[1]=0.0% 2.=0 loss[2]=0.0% 1.=1 prev[1]=78.2% 2.=0 prev[2]=21.8% 11=1 12=0 13=0 21=0 22=0 23=0
Age 84 1.=1 loss[1]=0.0% 2.=0 loss[2]=0.0% 1.=1 prev[1]=75.9% 2.=0 prev[2]=24.1% 11=1 12=0 13=0 22=0 23=0
Age 85 1.=1 loss[1]=0.0% 2.=0 loss[2]=0.0% 1.=1 prev[1]=63.1% 2.=0 prev[2]=36.9% 11=0 12=0 13=0 21=0 22=0 23=0
Age 86 1.=0 loss[1]=0.0% 2.=0 loss[2]=0.0% 1.=0 prev[1]=54.4% 2.=0 prev[2]=45.6% 11=0 12=0 21=0 22=0
Age 87 1.=1 loss[1]=0.0% 2.=0 loss[2]=0.0% 1.=1 prev[1]=72.9% 2.=0 prev[2]=27.1% 11=0 12=0 13=0 22=0 23=0
Age 88 1.=0 loss[1]=0.0% 2.=0 loss[2]=0.0% 1.=0 prev[1]=21.1% 2.=0 prev[2]=78.9% 11=0 22=0 23=0
Age 89 1.=0 loss[1]=0.0% 2.=0 loss[2]=0.0% 1.=0 prev[1]=55.4% 2.=0 prev[2]=44.6% 11=0 12=0 21=0 22=0
Age 90 1.=0 loss[1]=0.0% 2.=0 loss[2]=0.0% 1.=0 prev[1]=56.9% 2.=0 prev[2]=43.1% 11=0 13=0 22=0 23=0
Age 91 1.=0 loss[1]=0.0% 2.=0 loss[2]=0.0% 1.=0 prev[1]=56.9% 2.=0 prev[2]=43.1% 11=0 13=0 23=0
Age 92 1.=0 loss[1]=NaNQ% 2.=0 loss[2]=0.0% 1.=0 prev[1]=0.0% 2.=0 prev[2]=100.0% 22=0
Age 93 1.=0 loss[1]=0.0% 2.=0 loss[2]=NaNQ% 1.=0 prev[1]=100.0% 2.=0 prev[2]=0.0% 11=0 12=0
Age 94 1.=0 loss[1]=NaNQ% 2.=0 loss[2]=0.0% 1.=0 prev[1]=0.0% 2.=0 prev[2]=100.0% 23=0
Age 95 1.=0 loss[1]=NaNQ% 2.=0 loss[2]=NaNQ% 1.=0 prev[1]=NaNQ% 2.=0 prev[2]=NaNQ%
Age 96 1.=0 loss[1]=NaNQ% 2.=0 loss[2]=NaNQ% 1.=0 prev[1]=NaNQ% 2.=0 prev[2]=NaNQ%
Age 97 1.=0 loss[1]=NaNQ% 2.=0 loss[2]=0.0% 1.=0 prev[1]=0.0% 2.=0 prev[2]=100.0% 23=0
1 1.=0 loss[1]=NaNQ% 2.=0 loss[2]=NaNQ% 1.=0 prev[1]=NaNQ% 2.=0 prev[2]=NaNQ%
0 1.=0 loss[1]=NaNQ% 2.=0 loss[2]=NaNQ% 1.=0 prev[1]=NaNQ% 2.=0 prev[2]=NaNQ%
Total 1.=73 loss[1]=0.0% 2.=7 loss[2]=0.0% 1.=73 prev[1]=91.5% 2.=7 prev[2]=8.5% 11=67 12=3 13=3 21=2 22=3 23=1


12    0.0000000 ln(3/67)=   -3.1519041 
13    0.0000000 ln(3/67)=   -3.1588664 
21    0.0000000 ln(2/3)=   -0.2683936 
23    0.0000000 ln(1/3)=   -0.8452749 

 -1-1=0 -10=0 -11=0 -12=0 -13=0 0-1=0 00=0 01=0 02=0 03=0 1-1=0 10=0 11=67 12=3 13=3 2-1=0 20=0 21=2 22=3 23=1 3-1=0 30=0 31=0 32=0 33=0
Powell

Powell iter=1 Big Iter=1 -2*LL=14844.116178395478 gain=0 0 sec. 1 sec.
#model=  1      +     age 
12    0.0000000    0.0000000 
13    0.0000000    0.0000000 
21    0.0000000    0.0000000 
23    0.0000000    0.0000000 
1.....2..................3........4..................5......6...................7.......8.............................Gaining to use new average direction of P0 P8 instead of biggest increase direction 5 :

Powell iter=2 Big Iter=2 -2*LL=3922.560754710255 gain=1.09e+004 0 sec. 1 sec.
#model=  1      +     age 
12    5.1686513   -0.0020882 
13   -0.7628468    0.0020482 
21    2.8197980   -0.0008718 
23   -1.1972182    0.0026114 

Considering the time needed for this last iteration #2: 0 seconds,
   - if your program needs 1 BIG iterations  (2 iterations) to converge, convergence will be 
   reached in 0 day(s) 0 hour(s) 0 minute(s) 0 second(s) i.e.
   on Sat May 25 22:26:16 2024 (current time is Sat May 25 22:26:16 2024);
   - if your program needs 11 BIG iterations  (22 iterations) to converge, convergence will be 
   reached in 0 day(s) 0 hour(s) 0 minute(s) 0 second(s) i.e.
   on Sat May 25 22:26:16 2024 (current time is Sat May 25 22:26:16 2024);
   - if your program needs 21 BIG iterations  (42 iterations) to converge, convergence will be 
   reached in 0 day(s) 0 hour(s) 0 minute(s) 0 second(s) i.e.
   on Sat May 25 22:26:16 2024 (current time is Sat May 25 22:26:16 2024);
   - if your program needs 31 BIG iterations  (62 iterations) to converge, convergence will be 
   reached in 0 day(s) 0 hour(s) 0 minute(s) 0 second(s) i.e.
   on Sat May 25 22:26:16 2024 (current time is Sat May 25 22:26:16 2024);
1.........2...................3........4...................5..................6..................7..........8....................Gaining to use new average direction of P0 P8 instead of biggest increase direction 3 :

Powell iter=3 Big Iter=2 -2*LL=2381.129007022779 gain=1.54e+003 1 sec. 2 sec.
#model=  1      +     age 
12   -3.3408256   -0.0061787 
13   -4.9008709    0.0150894 
21    0.6586584   -0.0057254 
23   -1.4701332   -0.0478414 

Considering the time needed for this last iteration #3: 1 seconds,
   - if your program needs 1 BIG iterations  (2 iterations) to converge, convergence will be 
   reached in 0 day(s) 0 hour(s) 0 minute(s) -1 second(s) i.e.
   on Sat May 25 22:26:16 2024 (current time is Sat May 25 22:26:17 2024);
   - if your program needs 11 BIG iterations  (22 iterations) to converge, convergence will be 
   reached in 0 day(s) 0 hour(s) 0 minute(s) 19 second(s) i.e.
   on Sat May 25 22:26:36 2024 (current time is Sat May 25 22:26:17 2024);
   - if your program needs 21 BIG iterations  (42 iterations) to converge, convergence will be 
   reached in 0 day(s) 0 hour(s) 0 minute(s) 39 second(s) i.e.
   on Sat May 25 22:26:56 2024 (current time is Sat May 25 22:26:17 2024);
   - if your program needs 31 BIG iterations  (62 iterations) to converge, convergence will be 
   reached in 0 day(s) 0 hour(s) 0 minute(s) 59 second(s) i.e.
   on Sat May 25 22:27:16 2024 (current time is Sat May 25 22:26:17 2024);
1........2............3.........4.................5..................6..................7..........8..........directest= 1333.874555487656 (if directest<0 or t<0 we include P0 Pn as new direction), t= -107979554.812782750000, f1= 2381.129007022779,f2= 2185.057891964582,f3= 3527.981663949951, del= 102.560165777955
f1-2f2+f3= 1538.994887043567, f1-f2-del= 93.510949280242, f1-f3= -1146.852656927173

Powell iter=4 Big Iter=3 -2*LL=2185.057891964582 gain=196 0 sec. 2 sec.
#model=  1      +     age 
12   -2.3668903   -0.0047850 
13   -4.9892171    0.0030836 
21    0.7281894    0.0072038 
23   -1.5958366   -0.0416003 
1.........2...............3.........4..................5.................6...................7........8.................Gaining to use new average direction of P0 P8 instead of biggest increase direction 8 :

Powell iter=5 Big Iter=3 -2*LL=2030.323775688381 gain=155 0 sec. 2 sec.
#model=  1      +     age 
12   -4.5289120    0.0159398 
13   -5.4774569    0.0081344 
21   -0.3930623   -0.0161118 
23   -9.5249449    0.0873068 
1........2................3........4...................5..................6..............7..........8..........directest= 871.262105711275 (if directest<0 or t<0 we include P0 Pn as new direction), t= -11135065.201135825000, f1= 2030.323775688381,f2= 1838.976985669589,f3= 2684.750700233222, del= 82.929199435575
f1-2f2+f3= 1037.120504582425, f1-f2-del= 108.417590583217, f1-f3= -654.426924544842

Powell iter=6 Big Iter=4 -2*LL=1838.976985669589 gain=191 1 sec. 3 sec.
#model=  1      +     age 
12   -5.9735567    0.0180438 
13   -5.4169969   -0.0021550 
21   -0.6832800   -0.0278790 
23   -9.6381708    0.0809336 
1.........2.................3.........4...................5..................6................7..........8.................Gaining to use new average direction of P0 P8 instead of biggest increase direction 2 :

Powell iter=7 Big Iter=4 -2*LL=1834.157795687513 gain=4.82 1 sec. 4 sec.
#model=  1      +     age 
12   -6.4314189    0.0236052 
13   -5.4330081    0.0026818 
21   -0.8339410   -0.0260002 
23  -10.1985733    0.0863258 
1.........2.........3.........4..................5..................6...............7..........8........
Powell iter=8 Big Iter=5 -2*LL=1831.411550324143 gain=2.75 0 sec. 4 sec.
#model=  1      +     age 
12   -6.6286160    0.0261931 
13   -5.4491237    0.0027290 
21   -0.8691044   -0.0248046 
23  -10.4698427    0.0887990 
1.........2.........3.........4..................5..................6...............7...............8..............Gaining to use new average direction of P0 P8 instead of biggest increase direction 8 :

Powell iter=9 Big Iter=5 -2*LL=1814.274222157761 gain=17.1 1 sec. 5 sec.
#model=  1      +     age 
12   -9.2071141    0.0632870 
13   -5.7837638    0.0050724 
21   -1.5331073   -0.0159807 
23  -15.7763748    0.1533113 
1.........2.........3.........4..................5..................6..............7..........8........directest= 14.329593066823 (if directest<0 or t<0 we include P0 Pn as new direction), t= -117.444487596834, f1= 1814.274222157761,f2= 1813.042827724835,f3= 1827.566428817508, del= 0.712701229388
f1-2f2+f3= 15.754995525599, f1-f2-del= 0.518693203538, f1-f3= -13.292206659747

Powell iter=10 Big Iter=6 -2*LL=1813.042827724835 gain=1.23 0 sec. 5 sec.
#model=  1      +     age 
12   -9.4304994    0.0661209 
13   -5.7999899    0.0050091 
21   -1.5640690   -0.0151383 
23  -16.0065020    0.1549876 
1.........2.........3........4..................5..................6..............7...........8..............Gaining to use new average direction of P0 P8 instead of biggest increase direction 2 :

Powell iter=11 Big Iter=6 -2*LL=1812.165624644068 gain=0.877 0 sec. 5 sec.
#model=  1      +     age 
12   -9.9147008    0.0719505 
13   -5.8340409    0.0067949 
21   -1.6169782   -0.0141853 
23  -16.3481589    0.1578566 
1..........2........3.........4..................5..................6..............7...........8.......
Powell iter=12 Big Iter=7 -2*LL=1811.718868627744 gain=0.447 1 sec. 6 sec.
#model=  1      +     age 
12  -10.0883380    0.0744180 
13   -5.8503536    0.0068068 
21   -1.6291884   -0.0140534 
23  -16.4491965    0.1592976 
1..........2........3..........4..................5..................6..............7...........8................Gaining to use new average direction of P0 P8 instead of biggest increase direction 8 :

Powell iter=13 Big Iter=7 -2*LL=1803.041778826522 gain=8.68 0 sec. 6 sec.
#model=  1      +     age 
12  -10.8729393    0.0861801 
13   -5.8161343    0.0032515 
21   -0.8211581   -0.0251495 
23  -10.9822516    0.0984428 
1..........2........3..........4..................5.................6..............7..........8...........directest= 18.991548826016 (if directest<0 or t<0 we include P0 Pn as new direction), t= -59.931663500439, f1= 1803.041778826522,f2= 1802.685105394376,f3= 1821.672556435684, del= 0.176287823719
f1-2f2+f3= 19.344124473454, f1-f2-del= 0.180385608427, f1-f3= -18.630777609162

Powell iter=14 Big Iter=8 -2*LL=1802.685105394376 gain=0.357 0 sec. 6 sec.
#model=  1      +     age 
12  -10.9196381    0.0872394 
13   -5.8212979    0.0022490 
21   -0.7756404   -0.0255998 
23  -10.7544534    0.0952537 
1.........2........3.........4..................5..................6..............7..........8................Gaining to use new average direction of P0 P8 instead of biggest increase direction 5 :

Powell iter=15 Big Iter=8 -2*LL=1802.577581356725 gain=0.108 1 sec. 7 sec.
#model=  1      +     age 
12  -11.0584608    0.0887903 
13   -5.8315471    0.0029941 
21   -0.7675871   -0.0257564 
23  -10.7329357    0.0945840 
1..........2........3........4..................5..........6...............7..........8......
Powell iter=16 Big Iter=9 -2*LL=1802.563687539376 gain=0.0139 0 sec. 7 sec.
#model=  1      +     age 
12  -11.1294883    0.0897266 
13   -5.8386425    0.0030247 
21   -0.7716061   -0.0257123 
23  -10.7751535    0.0951782 
1..........2........3.........4..................5..........6..............7..........8............Gaining to use new average direction of P0 P8 instead of biggest increase direction 7 :

Powell iter=17 Big Iter=9 -2*LL=1802.535186433000 gain=0.0285 0 sec. 7 sec.
#model=  1      +     age 
12  -11.2466637    0.0913130 
13   -5.8588291    0.0031939 
21   -0.7753292   -0.0256349 
23  -10.9321169    0.0970764 
1..........2........3.........4..................5..........6..............7.......8............Gaining to use new average direction of P0 P8 instead of biggest increase direction 2 :

Powell iter=18 Big Iter=10 -2*LL=1802.472224190200 gain=0.063 1 sec. 8 sec.
#model=  1      +     age 
12  -11.3162086    0.0922848 
13   -5.8851822    0.0034246 
21   -0.7511318   -0.0259455 
23  -11.0659829    0.0985590 
1..........2.....3.........4..................5...........6..............7......8............Gaining to use new average direction of P0 P8 instead of biggest increase direction 8 :

Powell iter=19 Big Iter=10 -2*LL=1802.389225925899 gain=0.083 0 sec. 8 sec.
#model=  1      +     age 
12  -11.4047635    0.0935238 
13   -5.9285397    0.0039957 
21   -0.6974514   -0.0266446 
23  -11.2469481    0.1006450 
1.........2......3.........4..................5..........6..............7......8............Gaining to use new average direction of P0 P8 instead of biggest increase direction 8 :

Powell iter=20 Big Iter=11 -2*LL=1801.917285474256 gain=0.472 0 sec. 8 sec.
#model=  1      +     age 
12  -11.4822417    0.0946063 
13   -6.1208358    0.0069152 
21   -0.3394085   -0.0314645 
23  -11.7605508    0.1063568 
1.........2......3.........4...................5..........6..............7......8..............Gaining to use new average direction of P0 P8 instead of biggest increase direction 2 :

Powell iter=21 Big Iter=11 -2*LL=1800.945126009245 gain=0.972 1 sec. 9 sec.
#model=  1      +     age 
12  -11.0055543    0.0878482 
13   -6.3709474    0.0114425 
21    0.3309805   -0.0406910 
23  -11.9770263    0.1082514 
1.........2.......3.........4..................5..........6..............7.....8.......
Powell iter=22 Big Iter=12 -2*LL=1800.720062214146 gain=0.225 0 sec. 9 sec.
#model=  1      +     age 
12  -10.8139340    0.0849748 
13   -6.3648391    0.0117290 
21    0.3625451   -0.0412305 
23  -11.9420205    0.1079592 
1..........2........3.........4..................5..........6..............7........8.......
Powell iter=23 Big Iter=12 -2*LL=1800.685691407646 gain=0.0344 0 sec. 9 sec.
#model=  1      +     age 
12  -10.7303963    0.0837806 
13   -6.3614993    0.0118490 
21    0.3735012   -0.0413950 
23  -11.9263641    0.1078085 
1..........2........3.........4..................5.........6..............7........8..............Gaining to use new average direction of P0 P8 instead of biggest increase direction 2 :

Powell iter=24 Big Iter=13 -2*LL=1800.673684668135 gain=0.012 1 sec. 10 sec.
#model=  1      +     age 
12  -10.6514492    0.0826534 
13   -6.3584000    0.0119437 
21    0.3840146   -0.0415550 
23  -11.9049524    0.1075783 
1..........2.........3.........4..................5.........6..............7.......8............Gaining to use new average direction of P0 P8 instead of biggest increase direction 1 :

Powell iter=25 Big Iter=13 -2*LL=1800.664727712656 gain=0.00896 0 sec. 10 sec.
#model=  1      +     age 
12  -10.6118213    0.0820960 
13   -6.3539073    0.0119319 
21    0.3826017   -0.0415430 
23  -11.8790255    0.1072766 
1.....2........3.........4..................5..............6...............7.......8............Gaining to use new average direction of P0 P8 instead of biggest increase direction 8 :

Powell iter=26 Big Iter=14 -2*LL=1800.655409323686 gain=0.00932 0 sec. 10 sec.
#model=  1      +     age 
12  -10.5610892    0.0813824 
13   -6.3540936    0.0119858 
21    0.3942039   -0.0417153 
23  -11.8502450    0.1069103 
1......2........3................4.................5.................6.................7........8............Gaining to use new average direction of P0 P8 instead of biggest increase direction 1 :

Powell iter=27 Big Iter=14 -2*LL=1800.609440821963 gain=0.046 1 sec. 11 sec.
#model=  1      +     age 
12  -10.4254574    0.0795174 
13   -6.3548360    0.0120527 
21    0.4248072   -0.0421675 
23  -11.7209511    0.1052249 
1......2........3........4..................5..........6................7.........8.............Gaining to use new average direction of P0 P8 instead of biggest increase direction 1 :

Powell iter=28 Big Iter=15 -2*LL=1800.563818729605 gain=0.0456 0 sec. 11 sec.
#model=  1      +     age 
12  -10.3751802    0.0788909 
13   -6.3528260    0.0119659 
21    0.4333904   -0.0422789 
23  -11.5914495    0.1035374 
1.......2........3.........4..................5..............6.............7.......8............Gaining to use new average direction of P0 P8 instead of biggest increase direction 1 :

Powell iter=29 Big Iter=15 -2*LL=1800.542056853499 gain=0.0218 0 sec. 11 sec.
#model=  1      +     age 
12  -10.3521931    0.0786283 
13   -6.3446829    0.0118195 
21    0.4219480   -0.0421021 
23  -11.4884512    0.1022346 
1......2........3.........4..................5..........6.............7........8............Gaining to use new average direction of P0 P8 instead of biggest increase direction 8 :

Powell iter=30 Big Iter=16 -2*LL=1800.520723273644 gain=0.0213 0 sec. 11 sec.
#model=  1      +     age 
12  -10.3075990    0.0780406 
13   -6.3361100    0.0117086 
21    0.4066688   -0.0418842 
23  -11.3883592    0.1009746 
1......2........3.........4..................5..........6.......................7........8...........Gaining to use new average direction of P0 P8 instead of biggest increase direction 8 :

Powell iter=31 Big Iter=16 -2*LL=1800.367000201937 gain=0.154 1 sec. 12 sec.
#model=  1      +     age 
12  -10.1583755    0.0760569 
13   -6.3190468    0.0115155 
21    0.3362690   -0.0408947 
23  -11.0458357    0.0966449 
1......2.......3.........4..................5..........6..............7........8............Gaining to use new average direction of P0 P8 instead of biggest increase direction 8 :

Powell iter=32 Big Iter=17 -2*LL=1799.404918218207 gain=0.962 0 sec. 12 sec.
#model=  1      +     age 
12   -9.8223186    0.0714923 
13   -6.3886156    0.0127544 
21    0.1221861   -0.0379225 
23  -10.3158750    0.0872336 
1.......2.......3.........4..................5..........6..............7......8.............Gaining to use new average direction of P0 P8 instead of biggest increase direction 8 :

Powell iter=33 Big Iter=17 -2*LL=1792.361314765822 gain=7.04 0 sec. 12 sec.
#model=  1      +     age 
12   -8.6130387    0.0544555 
13   -7.5521157    0.0313739 
21   -0.7288051   -0.0261981 
23   -8.3713495    0.0603935 
1.......2......3.........4..................5...........6..............7......8......
Powell iter=34 Big Iter=18 -2*LL=1774.714693567055 gain=17.6 1 sec. 13 sec.
#model=  1      +     age 
12   -8.7024027    0.0547852 
13   -9.1912496    0.0559922 
21   -0.9054221   -0.0237856 
23   -9.4206605    0.0712749 
1.......2.......3.........4..................5.........6.............7......8............Gaining to use new average direction of P0 P8 instead of biggest increase direction 1 :

Powell iter=35 Big Iter=18 -2*LL=1752.487627042749 gain=22.2 0 sec. 13 sec.
#model=  1      +     age 
12   -9.9291931    0.0704953 
13  -13.3862042    0.1137778 
21   -1.7407843   -0.0120266 
23  -11.0716941    0.0901921 
1........2.......3.........4..................5.........6.............7......8........directest= 14.488469370161 (if directest<0 or t<0 we include P0 Pn as new direction), t= -77.490010115139, f1= 1752.487627042749,f2= 1750.380347744268,f3= 1764.513870467847, del= 0.876166325950
f1-2f2+f3= 16.240802022061, f1-f2-del= 1.231112972532, f1-f3= -12.026243425097

Powell iter=36 Big Iter=19 -2*LL=1750.380347744268 gain=2.11 0 sec. 13 sec.
#model=  1      +     age 
12  -10.5303428    0.0791527 
13  -13.9261323    0.1183592 
21   -1.8352463   -0.0107127 
23  -11.0540958    0.0919253 
1........2........3.........4...................5.........6.............7......8.........
Powell iter=37 Big Iter=19 -2*LL=1749.644037123489 gain=0.736 1 sec. 14 sec.
#model=  1      +     age 
12  -10.2623283    0.0755901 
13  -14.3726376    0.1236196 
21   -1.8769629   -0.0101095 
23  -10.3305362    0.0833247 
1........2.......3.........4..................5.........6.............7......8...............Gaining to use new average direction of P0 P8 instead of biggest increase direction 7 :

Powell iter=38 Big Iter=20 -2*LL=1748.984752832170 gain=0.659 0 sec. 14 sec.
#model=  1      +     age 
12   -9.6386282    0.0670118 
13  -14.9358678    0.1306481 
21   -1.6587148   -0.0130482 
23   -9.4331279    0.0725617 
1........2.......3.........4..................5..........6.............7.........8......
Powell iter=39 Big Iter=20 -2*LL=1748.800688787455 gain=0.184 0 sec. 14 sec.
#model=  1      +     age 
12   -9.5973603    0.0661865 
13  -14.7401832    0.1285425 
21   -1.5016472   -0.0152538 
23   -9.5049033    0.0734015 
1........2........3.........4..................5.........6.............7.........8.............Gaining to use new average direction of P0 P8 instead of biggest increase direction 4 :

Powell iter=40 Big Iter=21 -2*LL=1748.722900198180 gain=0.0778 0 sec. 14 sec.
#model=  1      +     age 
12   -9.5203713    0.0650355 
13  -14.5727594    0.1267369 
21   -1.3889711   -0.0168105 
23   -9.6427253    0.0751716 
1........2........3.........4......5........6.............7.........8.......
Powell iter=41 Big Iter=21 -2*LL=1748.640500664944 gain=0.0824 1 sec. 15 sec.
#model=  1      +     age 
12   -9.4990489    0.0647311 
13  -14.5622543    0.1265347 
21   -1.4043545   -0.0166377 
23   -9.8545124    0.0778324 
1........2........3.........4......5.........6.............7.........8.............Gaining to use new average direction of P0 P8 instead of biggest increase direction 2 :

Powell iter=42 Big Iter=22 -2*LL=1748.495924016855 gain=0.145 0 sec. 15 sec.
#model=  1      +     age 
12   -9.3920413    0.0633681 
13  -14.6081207    0.1268769 
21   -1.4294168   -0.0163669 
23  -10.1583060    0.0822019 
1........2........3.........4.......5...........6...............7.........8........directest= 0.092834657124 (if directest<0 or t<0 we include P0 Pn as new direction), t= -0.000037243491, f1= 1748.495924016855,f2= 1748.483133597141,f3= 1748.576854678096, del= 0.006838421773
f1-2f2+f3= 0.106511500670, f1-f2-del= 0.005951997941, f1-f3= -0.080930661242

Powell iter=43 Big Iter=22 -2*LL=1748.483133597141 gain=0.0128 1 sec. 16 sec.
#model=  1      +     age 
12   -9.4310864    0.0639989 
13  -14.6234844    0.1270304 
21   -1.4381071   -0.0162094 
23  -10.0670976    0.0812074 
1........2........3..........4.......5.........6..............7.................8..............Gaining to use new average direction of P0 P8 instead of biggest increase direction 1 :

Powell iter=44 Big Iter=23 -2*LL=1748.471073490083 gain=0.0121 2 sec. 18 sec.
#model=  1      +     age 
12   -9.4332806    0.0640808 
13  -14.5807998    0.1265875 
21   -1.4624260   -0.0158628 
23   -9.9645353    0.0801049 
1.........................2........3.........4.......5.........6................7..........8........
Powell iter=45 Big Iter=23 -2*LL=1748.469954569736 gain=0.00112 0 sec. 18 sec.
#model=  1      +     age 
12   -9.4362920    0.0641099 
13  -14.5778939    0.1265519 
21   -1.4776842   -0.0156612 
23   -9.9712364    0.0801731 
1.............2........3.........4........5.........6..................7.........8..............Gaining to use new average direction of P0 P8 instead of biggest increase direction 2 :

Powell iter=46 Big Iter=24 -2*LL=1748.469275365785 gain=0.000679 1 sec. 19 sec.
#model=  1      +     age 
12   -9.4330029    0.0640592 
13  -14.5854488    0.1266420 
21   -1.4989955   -0.0153771 
23   -9.9596442    0.0800199 
1.........2.....................3....................4..............5............6.................7...............8...........directest= 0.000233921359 (if directest<0 or t<0 we include P0 Pn as new direction), t= -0.000000000000, f1= 1748.469275365785,f2= 1748.469273088340,f3= 1748.469507758123, del= 0.000001512934
f1-2f2+f3= 0.000236947228, f1-f2-del= 0.000000764511, f1-f3= -0.000232392337

Powell iter=47 Big Iter=24 -2*LL=1748.469273088340 gain=2.28e-006 1 sec. 20 sec.
#model=  1      +     age 
12   -9.4328729    0.0640577 
13  -14.5853772    0.1266422 
21   -1.4988792   -0.0153783 
23   -9.9593984    0.0800137 
1................2....................3..................4................5...............6.....................7............8.............
Powell iter=48 Big Iter=25 -2*LL=1748.469273025035 gain=6.33e-008 1 sec. 21 sec.
#model=  1      +     age 
12   -9.4327641    0.0640562 
13  -14.5853510    0.1266421 
21   -1.4988631   -0.0153784 
23   -9.9592614    0.0800119 
1.................2...............3.....................4.....................5.............6..........................7................8......................
Powell iter=49 Big Iter=25 -2*LL=1748.469273020567 gain=4.47e-009 1 sec. 22 sec.
#model=  1      +     age 
12   -9.4327389    0.0640559 
13  -14.5853377    0.1266420 
21   -1.4988606   -0.0153785 
23   -9.9592368    0.0800116 
1..................2...................3..............................4.....................5.................6...................7............................8............
Powell iter=50 Big Iter=26 -2*LL=1748.469273020174 gain=3.93e-010 1 sec. 23 sec.
#model=  1      +     age 
12   -9.4327295    0.0640558 
13  -14.5853352    0.1266420 
21   -1.4988594   -0.0153785 
23   -9.9592297    0.0800115 
1....................2.................3.....................4........................5.....................6...................7.............8.........................
Powell iter=51 Big Iter=26 -2*LL=1748.469273020136 gain=3.75e-011 4 sec. 27 sec.
#model=  1      +     age 
12   -9.4327281    0.0640557 
13  -14.5853341    0.1266420 
21   -1.4988601   -0.0153785 
23   -9.9592289    0.0800115 
1...........................2...................3......................4........................5.....................6..................7.......................8............................
Powell iter=52 Big Iter=27 -2*LL=1748.469273020131 gain=5e-012 3 sec. 30 sec.
#model=  1      +     age 
12   -9.4327282    0.0640557 
13  -14.5853337    0.1266420 
21   -1.4988604   -0.0153785 
23   -9.9592278    0.0800115 
1...........................2............................3...................4........................5.....................6..................7.......................8............................
#Number of iterations & function calls = 52 & 6648, -2 Log likelihood = 1748.469273020131
# Parameters nlstate*nlstate*ncov a12*1 + b12 * age + ...
#model=  1      +     age 
12   -9.4327282    0.0640557 
13  -14.5853337    0.1266420 
21   -1.4988604   -0.0153785 
23   -9.9592278    0.0800115 

Calculation of the hessian matrix. Wait...
1-2-3-4-5-6-7-8-.1-2.1-3.1-4.1-5.1-6.1-7.1-8.2-3.2-4.2-5.2-6.2-7.2-8.3-4.3-5.3-6.3-7.3-8.4-5.4-6.4-7.4-8.5-6.5-7.5-8.6-7.6-8.7-8

Inverting the hessian to get the covariance matrix. Wait...

#Hessian matrix#
6.650235e+001 4.835057e+003 5.128867e+000 4.070129e+002 -1.660555e+001 -1.208970e+003 -5.136225e+000 -4.109193e+002 
4.835057e+003 3.577900e+005 4.030588e+002 3.233114e+004 -1.205565e+003 -8.943431e+004 -4.084926e+002 -3.301644e+004 
5.128867e+000 4.030588e+002 5.537114e+001 4.323794e+003 -5.207319e+000 -4.291060e+002 8.698192e+000 7.041431e+002 
4.070129e+002 3.233114e+004 4.323794e+003 3.417027e+005 -4.329371e+002 -3.599747e+004 7.038684e+002 5.754875e+004 
-1.660555e+001 -1.205565e+003 -5.207319e+000 -4.329371e+002 5.124003e+001 3.730347e+003 2.718412e+000 2.273496e+002 
-1.208970e+003 -8.943431e+004 -4.291060e+002 -3.599747e+004 3.730347e+003 2.782246e+005 2.248717e+002 1.894085e+004 
-5.136225e+000 -4.084926e+002 8.698192e+000 7.038684e+002 2.718412e+000 2.248717e+002 2.307022e+001 1.933016e+003 
-4.109193e+002 -3.301644e+004 7.041431e+002 5.754875e+004 2.273496e+002 1.894085e+004 1.933016e+003 1.634673e+005 
Parameters, Wald tests and Wald-based confidence intervals
 W is simply the result of the division of the parameter by the square root of covariance of the parameter.
 And Wald-based confidence intervals plus and minus 1.96 * W 
  It might be better to visualize the covariance matrix. See the page 'Matrix of variance-covariance of one-step probabilities' and its graphs.
12   -9.4327282(   0.9671095) W=  -9.754 CI=[ -11.3282629 ;   -7.5371935]    0.0640557(   0.0131978) W=   4.854 CI=[   0.0381881 ;    0.0899233] 
13  -14.5853337(   1.2751581) W= -11.438 CI=[ -17.0846436 ;  -12.0860238]    0.1266420(   0.0162775) W=   7.780 CI=[   0.0947381 ;    0.1585459] 
21   -1.4988604(   0.9433130) W=  -1.589 CI=[  -3.3477539 ;    0.3500332]   -0.0153785(   0.0128337) W=  -1.198 CI=[  -0.0405326 ;    0.0097757] 
23   -9.9592278(   2.2406993) W=  -4.445 CI=[ -14.3509984 ;   -5.5674573]    0.0800115(   0.0266071) W=   3.007 CI=[   0.0278615 ;    0.1321615] 
# Scales (for hessian or gradient estimation)
12 1.00000e-003 1.00000e-005
13 1.00000e-003 1.00000e-005
21 1.00000e-003 1.00000e-005
23 2.00000e-003 2.00000e-005
# Covariance matrix 
# 121 Var(a12)
# 122 Cov(b12,a12) Var(b12)
#   ...
# 232 Cov(b23,a12)  Cov(b23,b12) ... Var (b23)
#121 Var(a12)
#122 Cov(b12,a12) Var(b12)
#131 Cov(a13,a12) Cov(a13,b12) Var(a13)
#132 Cov(b13,a12) Cov(b13,b12) Cov(b13,a13) Var(b13)
#211 Cov(a21,a12) Cov(a21,b12) Cov(a21,a13) Cov(a21,b13) Var(a21)
#212 Cov(b21,a12) Cov(b21,b12) Cov(b21,a13) Cov(b21,b13) Cov(b21,a21) Var(b21)
#231 Cov(a23,a12) Cov(a23,b12) Cov(a23,a13) Cov(a23,b13) Cov(a23,a21) Cov(a23,b21) Var(a23)
#232 Cov(b23,a12) Cov(b23,b12) Cov(b23,a13) Cov(b23,b13) Cov(b23,a21) Cov(b23,b21) Cov(b23,a23) Var(b23)
121 9.3530087e-001
122 -1.26485e-002 1.7418086e-004
131 -8.39858e-002 1.12137e-003 1.6260282e+000
132 1.14225e-003 -1.55995e-005 -2.06278e-002 2.6495675e-004
211 2.20102e-001 -2.93777e-003 1.06625e-001 -1.49087e-003 8.8983944e-001
212 -2.92051e-003 3.98948e-005 -1.61444e-003 2.27397e-005 -1.19587e-002 1.6470492e-004
231 1.46764e-001 -1.68325e-003 -6.00555e-001 7.25171e-003 -6.08094e-002 9.04934e-004 5.0207332e+000
232 -1.94712e-003 2.34143e-005 7.41358e-003 -9.10158e-005 8.92630e-004 -1.34880e-005 -5.93280e-002 7.0793972e-004
# agemin agemax for life expectancy, bage fage (if mle==0 ie no data nor Max likelihood).
# Observed prevalence period
begin-prev-date=1/1/2013 end-prev-date=1/9/2018 mov_average=0
# Health expectancies computed from stable (period) prevalence (pop_based=0) or population based (1)
pop_based=0
# Prevalence forecasting and backcasting is skept here
##prevforecast=0  starting-proj-date=1/1/1989 final-proj-date=1/1/1990 mobil_average=0
#prevforecast=1 yearsfproj=10 mobil_average=0
#prevbackcast=1 yearsbproj=10 mobil_average=1
End of resultlines.

Computing forward period (stable) prevalence: result on file 'PL_ITM.txt' 
Computing pij: result on file 'PIJ_ITM.txt' 
Computing standard deviation of one-step probabilities: result on file 'PROB_rITM.txt' 
Computing matrix of variance covariance of one-step probabilities: result on file 'PROBCOV_ITM.txt' 
and correlation matrix of one-step probabilities: result on file 'PROBCOR_ITM.txt' 
Prevalence combination of varying and fixed dummies 1
Warning Observed prevalence doesn't sum to 1 for state 2: probs[50][2][1]=0.000000 because of lack of cases.
Warning Observed prevalence doesn't sum to 1 for state 1: probs[95][1][1]=0.000000 because of lack of cases.
Warning Observed prevalence doesn't sum to 1 for state 2: probs[95][2][1]=0.000000 because of lack of cases.
Warning Observed prevalence doesn't sum to 1 for state 1: probs[96][1][1]=0.000000 because of lack of cases.
Warning Observed prevalence doesn't sum to 1 for state 2: probs[96][2][1]=0.000000 because of lack of cases.
Warning Observed prevalence doesn't sum to 1 for state 1: probs[98][1][1]=0.000000 because of lack of cases.
Warning Observed prevalence doesn't sum to 1 for state 2: probs[98][2][1]=0.000000 because of lack of cases.
Warning Observed prevalence doesn't sum to 1 for state 1: probs[99][1][1]=0.000000 because of lack of cases.
Warning Observed prevalence doesn't sum to 1 for state 2: probs[99][2][1]=0.000000 because of lack of cases.
Warning Observed prevalence doesn't sum to 1 for state 1: probs[100][1][1]=0.000000 because of lack of cases.
Warning Observed prevalence doesn't sum to 1 for state 2: probs[100][2][1]=0.000000 because of lack of cases.
Computing Health Expectancies: result on file 'E_ITM.txt' ...done evsij
Computing Total Life expectancies with their standard errors: file 'T_ITM.txt' ...
  Computing State-specific Expectancies and standard errors: result on file 'STDE_ITM.txt' 
    Computing Covar. of State-specific Expectancies: result on file 'CVE_ITM.txt' 
      Computing Variance-covariance of State-specific Expectancies: file 'V_ITM.txt' ... done State-specific expectancies
Computing Variance-covariance of forward period (stable) prevalence: file 'VPL_ITM.txt' ...done variance-covariance of forward period prevalence
End of Imach with 0 errors and/or warnings 1. Please look at the log file for details.
Local time at start Sat May 25 22:26:15 2024

Local time at end   Sat May 25 22:26:57 2024

Total time used 0 day(s) 0 hour(s) 0 minute(s) 42 second(s)
Total time was 42 Sec.
