Log filename:ITMsr.log
Version 0.99r45 $Revision: 1.353 $ $Date: 2023/05/08 18:48:22 $
Enter the parameter file name: 
pathimach=C:\PROGRA~1\IMACH-~2.99R\bin\
pathtot=C:\Users\mmusz\Dropbox\gender_paradox\data\IMACH\ITMsr.txt
 path=C:\Users\mmusz\Dropbox\gender_paradox\data\IMACH\ 
 optionfile=ITMsr.txt
 optionfilext=txt
 optionfilefiname='ITMsr'
Compiled with: Microsoft Visual Studio for Windows (x64 and x86)  64-bit
The programm is not running under WOW64 (i.e probably on a 64bit Windows).
Local time (at start): Mon May 27 20:51:17 2024
title=sr datafile=dataITMsr.txt lastobs=15000 firstpass=1 lastpass=2
ftol=1.000000e-018 stepm=3 ncovcol=0 nqv=0 ntv=0 nqtv=0 nlstate=2 ndeath=1 maxwav=2 mle=1 weight=1
model=1+age+
# Parameters nlstate*nlstate*ncov a12*1 + b12 * age + ...
12 0.000000 0.000000
13 0.000000 0.000000
21 0.000000 0.000000
23 0.000000 0.000000
# Scales (for hessian or gradient estimation)
12 0.000000e+000 0.000000e+000
13 0.000000e+000 0.000000e+000
21 0.000000e+000 0.000000e+000
23 0.000000e+000 0.000000e+000
# Covariance matrix
121 0.00000e+000
122 0.00000e+000 0.00000e+000
131 0.00000e+000 0.00000e+000 0.00000e+000
132 0.00000e+000 0.00000e+000 0.00000e+000 0.00000e+000
211 0.00000e+000 0.00000e+000 0.00000e+000 0.00000e+000 0.00000e+000
212 0.00000e+000 0.00000e+000 0.00000e+000 0.00000e+000 0.00000e+000 0.00000e+000
231 0.00000e+000 0.00000e+000 0.00000e+000 0.00000e+000 0.00000e+000 0.00000e+000 0.00000e+000
232 0.00000e+000 0.00000e+000 0.00000e+000 0.00000e+000 0.00000e+000 0.00000e+000 0.00000e+000 0.00000e+000

Model=1+age+
Typevar: 0 for simple covariate (dummy, quantitative, fixed or varying), 1 for age product, 2 for  product, 3 for double product with age  
Fixed[k] 0=fixed (product or simple), 1 varying, 2 fixed with age product, 3 varying with age product 
Dummy[k] 0=dummy (0 1), 1 quantitative (single or product without age), 2 dummy with age product, 3 quant with age product
ncoveff=0, nqfveff=0, ntveff=0, nqtveff=0, cptcovn=0
ncovf=0, ncovv=0, ncova=0, nsd=0, nsq=0
Warning: The value of parameter lastobs=15000 is big compared to the 
  effective number of cases imx=1897, please adjust, 
  otherwise you are allocating more memory than necessary.
Total number of individuals= 1897, Agemin = 51.08, Agemax= 97.67

Information, you have to check 0 informations which haven't been logged!
Delay (in months) between two waves Min=1 (for indiviudal 1164) Max=34 (1675) Mean=24.179514

 Age 51 1.=2 loss[1]=0.0% 2.=0 loss[2]=0.0% 1.=2 prev[1]=94.4% 2.=0 prev[2]=5.6% 11=2 12=0 22=0
Age 52 1.=2 loss[1]=0.0% 2.=1 loss[2]=0.0% 1.=2 prev[1]=65.0% 2.=1 prev[2]=35.0% 11=2 12=0 21=0 22=1
Age 53 1.=5 loss[1]=0.0% 2.=1 loss[2]=0.0% 1.=5 prev[1]=80.4% 2.=1 prev[2]=19.6% 11=4 12=1 21=0 22=1
Age 54 1.=2 loss[1]=0.0% 2.=1 loss[2]=0.0% 1.=2 prev[1]=74.6% 2.=1 prev[2]=25.4% 11=2 12=0 21=0 22=0
Age 55 1.=2 loss[1]=0.0% 2.=0 loss[2]=0.0% 1.=2 prev[1]=89.2% 2.=0 prev[2]=10.8% 11=2 12=0 21=0 22=0
Age 56 1.=2 loss[1]=0.0% 2.=1 loss[2]=0.0% 1.=2 prev[1]=77.9% 2.=1 prev[2]=22.1% 11=2 12=1 21=0 22=0
Age 57 1.=2 loss[1]=0.0% 2.=1 loss[2]=0.0% 1.=2 prev[1]=78.1% 2.=1 prev[2]=21.9% 11=2 12=0 21=0 22=0
Age 58 1.=1 loss[1]=0.0% 2.=0 loss[2]=0.0% 1.=1 prev[1]=76.7% 2.=0 prev[2]=23.3% 11=1 12=0 21=0 22=0
Age 59 1.=2 loss[1]=0.0% 2.=1 loss[2]=0.0% 1.=2 prev[1]=75.2% 2.=1 prev[2]=24.8% 11=1 12=0 13=0 21=0 22=0 23=0
Age 60 1.=2 loss[1]=0.0% 2.=1 loss[2]=0.0% 1.=2 prev[1]=70.5% 2.=1 prev[2]=29.5% 11=1 12=0 21=0 22=1
Age 61 1.=2 loss[1]=0.0% 2.=1 loss[2]=0.0% 1.=2 prev[1]=67.5% 2.=1 prev[2]=32.5% 11=1 12=0 13=0 21=0 22=0
Age 62 1.=1 loss[1]=0.0% 2.=1 loss[2]=0.0% 1.=1 prev[1]=62.9% 2.=1 prev[2]=37.1% 11=1 12=0 13=0 21=0 22=1
Age 63 1.=2 loss[1]=0.0% 2.=1 loss[2]=0.0% 1.=2 prev[1]=70.9% 2.=1 prev[2]=29.1% 11=1 12=1 21=0 22=0 23=0
Age 64 1.=2 loss[1]=0.0% 2.=1 loss[2]=0.0% 1.=2 prev[1]=69.8% 2.=1 prev[2]=30.2% 11=1 12=0 21=0 22=1 23=0
Age 65 1.=2 loss[1]=0.0% 2.=1 loss[2]=0.0% 1.=2 prev[1]=67.3% 2.=1 prev[2]=32.7% 11=1 12=0 21=0 22=1
Age 66 1.=2 loss[1]=0.0% 2.=1 loss[2]=0.0% 1.=2 prev[1]=73.9% 2.=1 prev[2]=26.1% 11=1 12=0 13=0 21=0 22=0 23=0
Age 67 1.=2 loss[1]=0.0% 2.=1 loss[2]=0.0% 1.=2 prev[1]=65.5% 2.=1 prev[2]=34.5% 11=1 12=1 13=0 21=0 22=1 23=0
Age 68 1.=2 loss[1]=0.0% 2.=1 loss[2]=0.0% 1.=2 prev[1]=55.9% 2.=1 prev[2]=44.1% 11=1 12=1 13=0 21=0 22=1 23=0
Age 69 1.=1 loss[1]=0.0% 2.=1 loss[2]=0.0% 1.=1 prev[1]=50.4% 2.=1 prev[2]=49.6% 11=1 12=0 13=0 21=1 22=1 23=0
Age 70 1.=1 loss[1]=0.0% 2.=1 loss[2]=0.0% 1.=1 prev[1]=61.3% 2.=1 prev[2]=38.7% 11=1 12=0 13=0 21=0 22=0 23=0
Age 71 1.=1 loss[1]=0.0% 2.=1 loss[2]=0.0% 1.=1 prev[1]=50.9% 2.=1 prev[2]=49.1% 11=1 12=0 13=0 21=0 22=1 23=0
Age 72 1.=1 loss[1]=0.0% 2.=1 loss[2]=0.0% 1.=1 prev[1]=60.2% 2.=1 prev[2]=39.8% 11=1 12=0 13=0 21=0 22=0 23=0
Age 73 1.=1 loss[1]=0.0% 2.=0 loss[2]=0.0% 1.=1 prev[1]=75.7% 2.=0 prev[2]=24.3% 11=1 12=0 13=0 21=0 22=0 23=0
Age 74 1.=2 loss[1]=0.0% 2.=1 loss[2]=0.0% 1.=2 prev[1]=56.3% 2.=1 prev[2]=43.7% 11=1 12=0 13=0 21=0 22=1 23=0
Age 75 1.=1 loss[1]=0.0% 2.=1 loss[2]=0.0% 1.=1 prev[1]=51.6% 2.=1 prev[2]=48.4% 11=1 12=1 13=0 21=0 22=1 23=0
Age 76 1.=1 loss[1]=0.0% 2.=1 loss[2]=0.0% 1.=1 prev[1]=56.2% 2.=1 prev[2]=43.8% 11=0 12=0 21=0 22=0 23=0
Age 77 1.=1 loss[1]=0.0% 2.=1 loss[2]=0.0% 1.=1 prev[1]=33.0% 2.=1 prev[2]=67.0% 11=0 12=0 21=0 22=1 23=0
Age 78 1.=1 loss[1]=0.0% 2.=1 loss[2]=0.0% 1.=1 prev[1]=57.9% 2.=1 prev[2]=42.1% 11=1 12=0 13=0 21=0 22=1 23=0
Age 79 1.=1 loss[1]=0.0% 2.=1 loss[2]=0.0% 1.=1 prev[1]=46.8% 2.=1 prev[2]=53.2% 11=1 12=0 13=0 21=0 22=0 23=0
Age 80 1.=0 loss[1]=0.0% 2.=1 loss[2]=0.0% 1.=0 prev[1]=31.8% 2.=1 prev[2]=68.2% 11=0 12=0 13=0 21=0 22=0 23=0
Age 81 1.=1 loss[1]=0.0% 2.=1 loss[2]=0.0% 1.=1 prev[1]=44.2% 2.=1 prev[2]=55.8% 11=0 12=0 13=0 21=0 22=1 23=0
Age 82 1.=1 loss[1]=0.0% 2.=1 loss[2]=0.0% 1.=1 prev[1]=50.8% 2.=1 prev[2]=49.2% 11=0 12=0 13=0 21=0 22=1
Age 83 1.=0 loss[1]=0.0% 2.=1 loss[2]=0.0% 1.=0 prev[1]=36.1% 2.=1 prev[2]=63.9% 11=0 12=0 22=1 23=0
Age 84 1.=0 loss[1]=0.0% 2.=1 loss[2]=0.0% 1.=0 prev[1]=34.2% 2.=1 prev[2]=65.8% 11=0 12=0 21=0 22=0 23=0
Age 85 1.=1 loss[1]=0.0% 2.=0 loss[2]=0.0% 1.=1 prev[1]=57.2% 2.=0 prev[2]=42.8% 11=0 12=0 13=0 21=0 22=0 23=0
Age 86 1.=0 loss[1]=0.0% 2.=0 loss[2]=0.0% 1.=0 prev[1]=32.2% 2.=0 prev[2]=67.8% 11=0 12=0 21=0 22=0
Age 87 1.=0 loss[1]=0.0% 2.=1 loss[2]=0.0% 1.=0 prev[1]=28.7% 2.=1 prev[2]=71.3% 11=0 12=0 22=0 23=0
Age 88 1.=0 loss[1]=0.0% 2.=0 loss[2]=0.0% 1.=0 prev[1]=14.8% 2.=0 prev[2]=85.2% 12=0 21=0 22=0 23=0
Age 89 1.=0 loss[1]=0.0% 2.=0 loss[2]=0.0% 1.=0 prev[1]=11.1% 2.=0 prev[2]=88.9% 11=0 21=0 22=0
Age 90 1.=0 loss[1]=0.0% 2.=0 loss[2]=0.0% 1.=0 prev[1]=54.1% 2.=0 prev[2]=45.9% 13=0 21=0 22=0 23=0
Age 91 1.=0 loss[1]=0.0% 2.=0 loss[2]=0.0% 1.=0 prev[1]=56.9% 2.=0 prev[2]=43.1% 12=0 13=0 23=0
Age 92 1.=0 loss[1]=NaNQ% 2.=0 loss[2]=0.0% 1.=0 prev[1]=0.0% 2.=0 prev[2]=100.0% 22=0
Age 93 1.=0 loss[1]=NaNQ% 2.=0 loss[2]=0.0% 1.=0 prev[1]=0.0% 2.=0 prev[2]=100.0% 21=0 22=0
Age 94 1.=0 loss[1]=0.0% 2.=0 loss[2]=NaNQ% 1.=0 prev[1]=100.0% 2.=0 prev[2]=0.0% 13=0
Age 95 1.=0 loss[1]=NaNQ% 2.=0 loss[2]=NaNQ% 1.=0 prev[1]=NaNQ% 2.=0 prev[2]=NaNQ%
Age 96 1.=0 loss[1]=NaNQ% 2.=0 loss[2]=NaNQ% 1.=0 prev[1]=NaNQ% 2.=0 prev[2]=NaNQ%
Age 97 1.=0 loss[1]=NaNQ% 2.=0 loss[2]=0.0% 1.=0 prev[1]=0.0% 2.=0 prev[2]=100.0% 23=0
1 1.=0 loss[1]=NaNQ% 2.=0 loss[2]=NaNQ% 1.=0 prev[1]=NaNQ% 2.=0 prev[2]=NaNQ%
0 1.=0 loss[1]=NaNQ% 2.=0 loss[2]=NaNQ% 1.=0 prev[1]=NaNQ% 2.=0 prev[2]=NaNQ%
Total 1.=51 loss[1]=0.0% 2.=29 loss[2]=0.0% 1.=51 prev[1]=63.7% 2.=29 prev[2]=36.3% 11=39 12=11 13=2 21=8 22=19 23=3


12    0.0000000 ln(11/39)=   -1.2549267 
13    0.0000000 ln(2/39)=   -3.2049349 
21    0.0000000 ln(8/19)=   -0.9110403 
23    0.0000000 ln(3/19)=   -1.9910557 

 -1-1=0 -10=0 -11=0 -12=0 -13=0 0-1=0 00=0 01=0 02=0 03=0 1-1=0 10=0 11=39 12=11 13=2 2-1=0 20=0 21=8 22=19 23=3 3-1=0 30=0 31=0 32=0 33=0
Powell

Powell iter=1 Big Iter=1 -2*LL=14993.985805480690 gain=0 0 sec. 0 sec.
#model=  1      +     age 
12    0.0000000    0.0000000 
13    0.0000000    0.0000000 
21    0.0000000    0.0000000 
23    0.0000000    0.0000000 
1.....2..................3........4..................5......6..................7.........8.............................Gaining to use new average direction of P0 P8 instead of biggest increase direction 5 :

Powell iter=2 Big Iter=2 -2*LL=3907.176751355382 gain=1.11e+004 2 sec. 2 sec.
#model=  1      +     age 
12    6.2311881   -0.0013938 
13   -0.5230036    0.0015307 
21    2.7321906   -0.0008001 
23   -1.0987665    0.0022982 

Considering the time needed for this last iteration #2: 2 seconds,
   - if your program needs 1 BIG iterations  (2 iterations) to converge, convergence will be 
   reached in 0 day(s) 0 hour(s) 0 minute(s) 0 second(s) i.e.
   on Mon May 27 20:51:19 2024 (current time is Mon May 27 20:51:19 2024);
   - if your program needs 11 BIG iterations  (22 iterations) to converge, convergence will be 
   reached in 0 day(s) 0 hour(s) 0 minute(s) 40 second(s) i.e.
   on Mon May 27 20:51:59 2024 (current time is Mon May 27 20:51:19 2024);
   - if your program needs 21 BIG iterations  (42 iterations) to converge, convergence will be 
   reached in 0 day(s) 0 hour(s) 1 minute(s) 20 second(s) i.e.
   on Mon May 27 20:52:39 2024 (current time is Mon May 27 20:51:19 2024);
   - if your program needs 31 BIG iterations  (62 iterations) to converge, convergence will be 
   reached in 0 day(s) 0 hour(s) 2 minute(s) 0 second(s) i.e.
   on Mon May 27 20:53:19 2024 (current time is Mon May 27 20:51:19 2024);
1..........2...................3......4..................5..................6................7........8........
Powell iter=3 Big Iter=2 -2*LL=3706.301912952954 gain=201 2 sec. 4 sec.
#model=  1      +     age 
12    4.4233314   -0.0038545 
13   -2.0668766    0.0072289 
21    2.5538001   -0.0080975 
23   -1.6624211   -0.0089817 

Considering the time needed for this last iteration #3: 2 seconds,
   - if your program needs 1 BIG iterations  (2 iterations) to converge, convergence will be 
   reached in 0 day(s) 0 hour(s) 0 minute(s) -2 second(s) i.e.
   on Mon May 27 20:51:19 2024 (current time is Mon May 27 20:51:21 2024);
   - if your program needs 11 BIG iterations  (22 iterations) to converge, convergence will be 
   reached in 0 day(s) 0 hour(s) 0 minute(s) 38 second(s) i.e.
   on Mon May 27 20:51:59 2024 (current time is Mon May 27 20:51:21 2024);
   - if your program needs 21 BIG iterations  (42 iterations) to converge, convergence will be 
   reached in 0 day(s) 0 hour(s) 1 minute(s) 18 second(s) i.e.
   on Mon May 27 20:52:39 2024 (current time is Mon May 27 20:51:21 2024);
   - if your program needs 31 BIG iterations  (62 iterations) to converge, convergence will be 
   reached in 0 day(s) 0 hour(s) 1 minute(s) 58 second(s) i.e.
   on Mon May 27 20:53:19 2024 (current time is Mon May 27 20:51:21 2024);
1.........2...................3.........4...................5..................6.................7..........8....................Gaining to use new average direction of P0 P8 instead of biggest increase direction 3 :

Powell iter=4 Big Iter=3 -2*LL=3581.813084639213 gain=124 2 sec. 6 sec.
#model=  1      +     age 
12    1.1995658   -0.0119262 
13   -5.4917615    0.0289317 
21    2.2434260   -0.0052209 
23   -2.2208793   -0.0187454 
1.........2..................3..........4..................5...................6..................7..........8............directest= 1028.300366435234 (if directest<0 or t<0 we include P0 Pn as new direction), t= -4035917.585018569600, f1= 3581.813084639213,f2= 3573.174898561907,f3= 4600.700851562041, del= 3.931886321102
f1-2f2+f3= 1036.164139077439, f1-f2-del= 4.706299756203, f1-f3= -1018.887766922828

Powell iter=5 Big Iter=3 -2*LL=3573.174898561907 gain=8.64 2 sec. 8 sec.
#model=  1      +     age 
12    1.3052976   -0.0114419 
13   -5.6516004    0.0297448 
21    2.2492541    0.0026896 
23   -2.2686724   -0.0232331 
1..........2.................3..........4...................5..................6.................7.........8.....................Gaining to use new average direction of P0 P8 instead of biggest increase direction 5 :

Powell iter=6 Big Iter=4 -2*LL=3551.303564698568 gain=21.9 1 sec. 9 sec.
#model=  1      +     age 
12    1.5189220   -0.0049206 
13   -5.8293109    0.0435562 
21    2.0977390    0.0319285 
23   -4.9411413    0.0459876 
1........2...............3.........4..................5.........6...................7..........8.........
Powell iter=7 Big Iter=4 -2*LL=3527.848655975226 gain=23.5 1 sec. 10 sec.
#model=  1      +     age 
12    1.4633909   -0.0031781 
13   -6.3349035    0.0499738 
21    2.0013266    0.0384103 
23   -6.2651941    0.0757026 
1........2...............3.........4...................5.........6.................7..........8..................Gaining to use new average direction of P0 P8 instead of biggest increase direction 8 :

Powell iter=8 Big Iter=5 -2*LL=3483.165889000760 gain=44.7 0 sec. 10 sec.
#model=  1      +     age 
12    1.2340288    0.0013033 
13   -7.4800416    0.0625682 
21    1.7635075    0.0525018 
23   -9.3814504    0.1442787 
1........2...............3.........4.................5............6..................7..........8.........
Powell iter=9 Big Iter=5 -2*LL=3443.888562590264 gain=39.3 1 sec. 11 sec.
#model=  1      +     age 
12    1.1180041    0.0016009 
13   -8.0772185    0.0546856 
21    1.7132989    0.0525473 
23   -9.9690322    0.1534425 
1........2...............3..........4...................5..........6.................7..........8...............Gaining to use new average direction of P0 P8 instead of biggest increase direction 5 :

Powell iter=10 Big Iter=6 -2*LL=3430.982258882067 gain=12.9 1 sec. 12 sec.
#model=  1      +     age 
12    0.1744729    0.0075094 
13   -9.2852340    0.0513807 
21    1.5876265    0.0578942 
23  -11.3659464    0.1767617 
1..........2................3.........4..................5..........6..................7..........8........
Powell iter=11 Big Iter=6 -2*LL=3419.427723061794 gain=11.6 2 sec. 14 sec.
#model=  1      +     age 
12   -0.2774997    0.0135936 
13   -9.8181074    0.0584289 
21    1.5254023    0.0606318 
23  -11.8320985    0.1828577 
1.........2...............3.........4..................5..........6..................7..........8................Gaining to use new average direction of P0 P8 instead of biggest increase direction 4 :

Powell iter=12 Big Iter=7 -2*LL=3388.001903275284 gain=31.4 1 sec. 15 sec.
#model=  1      +     age 
12   -2.1214789    0.0349864 
13  -11.1120773    0.0931357 
21    1.0680905    0.0693351 
23  -12.8784564    0.1971846 
1.........2...............3.........4........5.........6............7..........8.........
Powell iter=13 Big Iter=7 -2*LL=3364.290914204577 gain=23.7 2 sec. 17 sec.
#model=  1      +     age 
12   -3.0616595    0.0490705 
13  -12.1360132    0.1071512 
21    0.7833327    0.0756821 
23  -13.8186597    0.2112984 
1.........2...............3.........4.......5.........6...........7...........8...............Gaining to use new average direction of P0 P8 instead of biggest increase direction 1 :

Powell iter=14 Big Iter=8 -2*LL=3321.421157826303 gain=42.9 1 sec. 18 sec.
#model=  1      +     age 
12   -6.4630163    0.1014616 
13  -15.7960559    0.1599093 
21   -0.2738953    0.0985335 
23  -17.0097697    0.2577936 
1..........2...............3.........4.........5..........6..........7..........8........directest= 28.826056477938 (if directest<0 or t<0 we include P0 Pn as new direction), t= -79.193669868556, f1= 3321.421157826303,f2= 3321.255373620130,f3= 3350.108777650296, del= 0.096565879200
f1-2f2+f3= 29.019188236338, f1-f2-del= 0.069218326973, f1-f3= -28.687619823992

Powell iter=15 Big Iter=8 -2*LL=3321.255373620130 gain=0.166 2 sec. 20 sec.
#model=  1      +     age 
12   -6.4192677    0.1013491 
13  -15.7277777    0.1598981 
21   -0.2657780    0.0979940 
23  -16.9136700    0.2561883 
1..........2...............3.........4.........5..........6..........7..........8...............Gaining to use new average direction of P0 P8 instead of biggest increase direction 5 :

Powell iter=16 Big Iter=9 -2*LL=3321.213436377805 gain=0.0419 1 sec. 21 sec.
#model=  1      +     age 
12   -6.4719461    0.1019522 
13  -15.7544486    0.1606404 
21   -0.2763153    0.0978771 
23  -16.8889648    0.2554974 
1..........2...............3.........4........5..........6.........7..........8............Gaining to use new average direction of P0 P8 instead of biggest increase direction 1 :

Powell iter=17 Big Iter=9 -2*LL=3321.195109858521 gain=0.0183 2 sec. 23 sec.
#model=  1      +     age 
12   -6.4916958    0.1021633 
13  -15.7559103    0.1607385 
21   -0.2799442    0.0976314 
23  -16.8304014    0.2544864 
1......2...............3.........4.........5........6..........7..........8............Gaining to use new average direction of P0 P8 instead of biggest increase direction 8 :

Powell iter=18 Big Iter=10 -2*LL=3321.147400511785 gain=0.0477 1 sec. 24 sec.
#model=  1      +     age 
12   -6.5295851    0.1026075 
13  -15.7399251    0.1605600 
21   -0.2835968    0.0969086 
23  -16.6312442    0.2513497 
1......2...............3.........4.........5........6..........7...........8.............Gaining to use new average direction of P0 P8 instead of biggest increase direction 8 :

Powell iter=19 Big Iter=10 -2*LL=3321.010588873162 gain=0.137 1 sec. 25 sec.
#model=  1      +     age 
12   -6.5589218    0.1030171 
13  -15.6507435    0.1588269 
21   -0.2770643    0.0949923 
23  -16.0744622    0.2430848 
1......2...............3.........4.........5.......6..........7..........8........
Powell iter=20 Big Iter=11 -2*LL=3320.945447342282 gain=0.0651 2 sec. 27 sec.
#model=  1      +     age 
12   -6.5138964    0.1025500 
13  -15.5998293    0.1575364 
21   -0.2635450    0.0946051 
23  -15.9361917    0.2413711 
1........2...............3.........4.........5........6..........7..................8........
Powell iter=21 Big Iter=11 -2*LL=3320.944548271160 gain=0.000899 1 sec. 28 sec.
#model=  1      +     age 
12   -6.5091005    0.1024962 
13  -15.5948131    0.1574149 
21   -0.2614035    0.0945487 
23  -15.9204620    0.2411481 
1.......2...............3.........4.........5.......6.........7.................8...................Gaining to use new average direction of P0 P8 instead of biggest increase direction 3 :

Powell iter=22 Big Iter=12 -2*LL=3320.920219363849 gain=0.0243 0 sec. 28 sec.
#model=  1      +     age 
12   -6.4669479    0.1018797 
13  -15.6059660    0.1576772 
21   -0.2064176    0.0924683 
23  -15.7851554    0.2378730 
1........2...............3........4.........5........6..........7..............8..............Gaining to use new average direction of P0 P8 instead of biggest increase direction 8 :

Powell iter=23 Big Iter=12 -2*LL=3320.856883683692 gain=0.0633 1 sec. 29 sec.
#model=  1      +     age 
12   -6.4345773    0.1013750 
13  -15.7251094    0.1593501 
21   -0.0838788    0.0870776 
23  -15.5020495    0.2303638 
1.....2..................3........4.........5........6..........7..........8.................Gaining to use new average direction of P0 P8 instead of biggest increase direction 8 :

Powell iter=24 Big Iter=13 -2*LL=3317.799745535185 gain=3.06 1 sec. 30 sec.
#model=  1      +     age 
12   -6.2678487    0.0987310 
13  -17.5452193    0.1834354 
21    1.4239903    0.0179378 
23  -12.0282570    0.1365240 
1......2.................3.......4........5........6...................7.........8...........directest= 814.936596814293 (if directest<0 or t<0 we include P0 Pn as new direction), t= -1853314.495129419500, f1= 3317.799745535185,f2= 3309.435122098088,f3= 4121.889310289405, del= 2.941107407061
f1-2f2+f3= 820.818811628415, f1-f2-del= 5.423516030036, f1-f3= -804.089564754221

Powell iter=25 Big Iter=13 -2*LL=3309.435122098088 gain=8.36 0 sec. 30 sec.
#model=  1      +     age 
12   -7.3940428    0.1151999 
13  -18.8770558    0.1995939 
21    1.2815733    0.0126014 
23  -12.3315633    0.1352442 
1......2.................3........4.......5........6..................7..........8................Gaining to use new average direction of P0 P8 instead of biggest increase direction 5 :

Powell iter=26 Big Iter=14 -2*LL=3306.161087957652 gain=3.27 1 sec. 31 sec.
#model=  1      +     age 
12   -8.7239076    0.1355770 
13  -20.3753355    0.2186427 
21    1.0193184    0.0120292 
23  -13.0819157    0.1419871 
1......2.................3........4........5..........6..................7..........8........
Powell iter=27 Big Iter=14 -2*LL=3305.880874819341 gain=0.28 1 sec. 32 sec.
#model=  1      +     age 
12   -8.8052625    0.1373691 
13  -20.3722659    0.2189209 
21    0.9677358    0.0133702 
23  -13.0578809    0.1423694 
1......2.................3........4........5..........6..................7..........8.............Gaining to use new average direction of P0 P8 instead of biggest increase direction 1 :

Powell iter=28 Big Iter=15 -2*LL=3305.502825931178 gain=0.378 1 sec. 33 sec.
#model=  1      +     age 
12   -9.1016944    0.1422920 
13  -20.3575512    0.2209362 
21    0.8378178    0.0149459 
23  -12.7320702    0.1380415 
1........2.................3........4......................5..........6..................7..........8.......directest= 0.165218118982 (if directest<0 or t<0 we include P0 Pn as new direction), t= -0.000096452682, f1= 3305.502825931178,f2= 3305.498213093038,f3= 3305.666081166288, del= 0.003631396204
f1-2f2+f3= 0.172480911389, f1-f2-del= 0.000981441935, f1-f3= -0.163255235111

Powell iter=29 Big Iter=15 -2*LL=3305.498213093038 gain=0.00461 0 sec. 33 sec.
#model=  1      +     age 
12   -9.1161045    0.1424301 
13  -20.3700176    0.2211736 
21    0.8339452    0.0149631 
23  -12.7415115    0.1381166 
1............2.................3........4.........5..........6..................7..........8.............Gaining to use new average direction of P0 P8 instead of biggest increase direction 3 :

Powell iter=30 Big Iter=16 -2*LL=3305.495106632133 gain=0.00311 1 sec. 34 sec.
#model=  1      +     age 
12   -9.1312093    0.1426394 
13  -20.3872578    0.2216739 
21    0.8296165    0.0149778 
23  -12.7960603    0.1386911 
1........2.................3........4.......5................6..................7..........8................
Powell iter=31 Big Iter=16 -2*LL=3305.493594483869 gain=0.00151 1 sec. 35 sec.
#model=  1      +     age 
12   -9.1261417    0.1425531 
13  -20.3842482    0.2215932 
21    0.8310875    0.0149710 
23  -12.8074440    0.1388463 
1........2.................3.......4.......5..........6..................7..........8..............Gaining to use new average direction of P0 P8 instead of biggest increase direction 4 :

Powell iter=32 Big Iter=17 -2*LL=3305.399268547913 gain=0.0943 1 sec. 36 sec.
#model=  1      +     age 
12   -9.1626370    0.1435334 
13  -19.9908227    0.2175397 
21    0.7449302    0.0160944 
23  -13.2734167    0.1444724 
1........2..................3.......4......5..........6..................7..........8.......
Powell iter=33 Big Iter=17 -2*LL=3305.303816543156 gain=0.0955 1 sec. 37 sec.
#model=  1      +     age 
12   -9.1385965    0.1430740 
13  -19.7107650    0.2140900 
21    0.7083249    0.0166631 
23  -13.4116213    0.1462025 
1........2..................3.......4......5..........6..................7..........8................Gaining to use new average direction of P0 P8 instead of biggest increase direction 2 :

Powell iter=34 Big Iter=18 -2*LL=3304.989540453422 gain=0.314 2 sec. 39 sec.
#model=  1      +     age 
12   -9.1609081    0.1427730 
13  -18.2437234    0.1955929 
21    0.4743578    0.0192626 
23  -14.2769879    0.1562983 
1........2........3........4.......5..........6..................7..........8.........directest= 0.342432270063 (if directest<0 or t<0 we include P0 Pn as new direction), t= -0.000521642977, f1= 3304.989540453422,f2= 3304.971510827066,f3= 3305.308169206794, del= 0.006127868010
f1-2f2+f3= 0.354688006084, f1-f2-del= 0.011901758346, f1-f3= -0.318628753372

Powell iter=35 Big Iter=18 -2*LL=3304.971510827066 gain=0.018 1 sec. 40 sec.
#model=  1      +     age 
12   -9.1642158    0.1426664 
13  -18.2355360    0.1949357 
21    0.4790886    0.0190455 
23  -14.2416535    0.1557708 
1........2........3........4........5..........6..................7..........8......................Gaining to use new average direction of P0 P8 instead of biggest increase direction 5 :

Powell iter=36 Big Iter=19 -2*LL=3304.970351515401 gain=0.00116 1 sec. 41 sec.
#model=  1      +     age 
12   -9.1645327    0.1426710 
13  -18.2182027    0.1946326 
21    0.4799702    0.0189363 
23  -14.2462155    0.1557361 
1........2..........3....................4........5..........6..................7..........8............Gaining to use new average direction of P0 P8 instead of biggest increase direction 7 :

Powell iter=37 Big Iter=19 -2*LL=3304.969462058756 gain=0.000889 2 sec. 43 sec.
#model=  1      +     age 
12   -9.1606561    0.1426089 
13  -18.2086893    0.1944917 
21    0.4835237    0.0188350 
23  -14.2374691    0.1555770 
1........2........3........4.........5.........6..................7...............8......
Powell iter=38 Big Iter=20 -2*LL=3304.968824410547 gain=0.000638 1 sec. 44 sec.
#model=  1      +     age 
12   -9.1568964    0.1425467 
13  -18.2154587    0.1946044 
21    0.4874498    0.0187935 
23  -14.2250949    0.1553971 
1..........2........3............4.........5..........6..................7......8...........Gaining to use new average direction of P0 P8 instead of biggest increase direction 8 :

Powell iter=39 Big Iter=20 -2*LL=3304.967759932662 gain=0.00106 2 sec. 46 sec.
#model=  1      +     age 
12   -9.1605101    0.1425951 
13  -18.2265321    0.1949104 
21    0.4907831    0.0187211 
23  -14.2610895    0.1557487 
1..........2............3........4........5.........6.................7.....8......
Powell iter=40 Big Iter=21 -2*LL=3304.966524367299 gain=0.00124 1 sec. 47 sec.
#model=  1      +     age 
12   -9.1550697    0.1425110 
13  -18.2284724    0.1949401 
21    0.4931551    0.0187391 
23  -14.2651838    0.1558416 
1........2.........3.........4.......5............6..................7......8............Gaining to use new average direction of P0 P8 instead of biggest increase direction 4 :

Powell iter=41 Big Iter=21 -2*LL=3304.955761082832 gain=0.0108 1 sec. 48 sec.
#model=  1      +     age 
12   -9.1698838    0.1428309 
13  -18.1901572    0.1945786 
21    0.4988811    0.0188112 
23  -14.4284153    0.1579540 
1........2........3.......4......5..........6..................7......8.......
Powell iter=42 Big Iter=22 -2*LL=3304.945257115920 gain=0.0105 2 sec. 50 sec.
#model=  1      +     age 
12   -9.1755108    0.1429415 
13  -18.1953550    0.1946419 
21    0.5103478    0.0186555 
23  -14.4067206    0.1576890 
1........2........3.......4.......5.........6..................7......8.................Gaining to use new average direction of P0 P8 instead of biggest increase direction 8 :

Powell iter=43 Big Iter=22 -2*LL=3302.923077660118 gain=2.02 1 sec. 51 sec.
#model=  1      +     age 
12   -9.0098899    0.1445390 
13  -18.3522725    0.1994711 
21    4.4148723   -0.0295321 
23  -10.8420428    0.1136425 
1.......2.....3.......4......5.........6.................7.......8.........
Powell iter=44 Big Iter=23 -2*LL=3302.187634940057 gain=0.735 1 sec. 52 sec.
#model=  1      +     age 
12   -9.0786740    0.1455685 
13  -18.2549689    0.1986193 
21    5.3878774   -0.0417721 
23   -9.9356196    0.1021614 
1........2.......3........4......5.........6.................7.......8................Gaining to use new average direction of P0 P8 instead of biggest increase direction 8 :

Powell iter=45 Big Iter=23 -2*LL=3301.342594929516 gain=0.845 2 sec. 54 sec.
#model=  1      +     age 
12   -9.1020421    0.1457657 
13  -17.9557532    0.1942544 
21    8.6539237   -0.0822702 
23   -7.1009219    0.0672547 
1........2........3........4......5.........6.................7......8.........directest= 0.336355828130 (if directest<0 or t<0 we include P0 Pn as new direction), t= -0.000702015712, f1= 3301.342594929516,f2= 3301.330932432046,f3= 3301.669112678874, del= 0.006743458084
f1-2f2+f3= 0.349842744298, f1-f2-del= 0.004919039386, f1-f3= -0.326517749359

Powell iter=46 Big Iter=24 -2*LL=3301.330932432046 gain=0.0117 1 sec. 55 sec.
#model=  1      +     age 
12   -9.0191616    0.1444113 
13  -17.9002021    0.1932903 
21    8.7003924   -0.0828036 
23   -7.0598741    0.0667794 
1........2............3...........4........5.........6.................7......8...............Gaining to use new average direction of P0 P8 instead of biggest increase direction 1 :

Powell iter=47 Big Iter=24 -2*LL=3301.329393700968 gain=0.00154 1 sec. 56 sec.
#model=  1      +     age 
12   -8.9865944    0.1439162 
13  -17.8700612    0.1928562 
21    8.7588198   -0.0835153 
23   -6.9938520    0.0659740 
1................2........3........4...............5.........6.................7.........8.....................
Powell iter=48 Big Iter=25 -2*LL=3301.329156864187 gain=0.000237 2 sec. 58 sec.
#model=  1      +     age 
12   -8.9911562    0.1440019 
13  -17.8795827    0.1930240 
21    8.7594098   -0.0835497 
23   -6.9920090    0.0659205 
1............2............3........4.......5.........6..................7........8...............
Powell iter=49 Big Iter=25 -2*LL=3301.329081614583 gain=7.52e-005 1 sec. 59 sec.
#model=  1      +     age 
12   -8.9933961    0.1440426 
13  -17.8837479    0.1930996 
21    8.7753005   -0.0837616 
23   -6.9782902    0.0657344 
1..........2.....................3.........4..........5.................6....................7.......8................
Powell iter=50 Big Iter=26 -2*LL=3301.329062914097 gain=1.87e-005 2 sec. 61 sec.
#model=  1      +     age 
12   -8.9944701    0.1440621 
13  -17.8859871    0.1931397 
21    8.7831961   -0.0838669 
23   -6.9715938    0.0656431 
1...........2.............3.....................4...............5..........6...................7...............8.............
Powell iter=51 Big Iter=26 -2*LL=3301.329058315136 gain=4.6e-006 1 sec. 62 sec.
#model=  1      +     age 
12   -8.9949973    0.1440716 
13  -17.8871121    0.1931597 
21    8.7871065   -0.0839191 
23   -6.9683142    0.0655983 
1..................2..........................3.........4...........5..............6.......................7..........8................
Powell iter=52 Big Iter=27 -2*LL=3301.329057186852 gain=1.13e-006 2 sec. 64 sec.
#model=  1      +     age 
12   -8.9952574    0.1440764 
13  -17.8876670    0.1931696 
21    8.7890449   -0.0839450 
23   -6.9666994    0.0655762 
1............2.........................3.............4.............5..............6.....................7........8................
Powell iter=53 Big Iter=27 -2*LL=3301.329056909446 gain=2.77e-007 2 sec. 66 sec.
#model=  1      +     age 
12   -8.9953861    0.1440787 
13  -17.8879391    0.1931745 
21    8.7900149   -0.0839579 
23   -6.9658921    0.0655652 
1........................2.......................3...........4...............5..............6..............................7.............8...................
Powell iter=54 Big Iter=28 -2*LL=3301.329056841157 gain=6.83e-008 2 sec. 68 sec.
#model=  1      +     age 
12   -8.9954504    0.1440799 
13  -17.8880762    0.1931770 
21    8.7904982   -0.0839644 
23   -6.9654899    0.0655597 
1..............2.............................3...............4.................5.............6...............................7................8............................
Powell iter=55 Big Iter=28 -2*LL=3301.329056824616 gain=1.65e-008 3 sec. 71 sec.
#model=  1      +     age 
12   -8.9954832    0.1440805 
13  -17.8881420    0.1931782 
21    8.7907318   -0.0839675 
23   -6.9652956    0.0655570 
1.....................2....................3..................4........5.......................6......................7.................8.............................
Powell iter=56 Big Iter=29 -2*LL=3301.329056820524 gain=4.09e-009 2 sec. 73 sec.
#model=  1      +     age 
12   -8.9954978    0.1440807 
13  -17.8881770    0.1931788 
21    8.7908555   -0.0839691 
23   -6.9651912    0.0655556 
1.......................2................................3....................4...................5...................6.............................7...............8......................
Powell iter=57 Big Iter=29 -2*LL=3301.329056819584 gain=9.4e-010 2 sec. 75 sec.
#model=  1      +     age 
12   -8.9955055    0.1440809 
13  -17.8881921    0.1931791 
21    8.7909047   -0.0839698 
23   -6.9651538    0.0655551 
1......................2...................................3.............4......................5..........6..............................7.......................8...............................
Powell iter=58 Big Iter=30 -2*LL=3301.329056819348 gain=2.36e-010 3 sec. 78 sec.
#model=  1      +     age 
12   -8.9955095    0.1440810 
13  -17.8881974    0.1931792 
21    8.7909423   -0.0839703 
23   -6.9651206    0.0655546 
1.................................2...........................3................................4...........................5......................6...............................7...........8...........................
Powell iter=59 Big Iter=30 -2*LL=3301.329056819296 gain=5.23e-011 2 sec. 80 sec.
#model=  1      +     age 
12   -8.9955115    0.1440810 
13  -17.8882033    0.1931793 
21    8.7909430   -0.0839703 
23   -6.9651201    0.0655546 
1.................................2.............................3........................4...............................5..........................6.....................7................................8................................
#Number of iterations & function calls = 59 & 7703, -2 Log likelihood = 3301.329056819296
# Parameters nlstate*nlstate*ncov a12*1 + b12 * age + ...
#model=  1      +     age 
12   -8.9955115    0.1440810 
13  -17.8882033    0.1931793 
21    8.7909430   -0.0839703 
23   -6.9651201    0.0655546 

Calculation of the hessian matrix. Wait...
1-2-3-4-5-6-7-8-.1-2.1-3.1-4.1-5.1-6.1-7.1-8.2-3.2-4.2-5.2-6.2-7.2-8.3-4.3-5.3-6.3-7.3-8.4-5.4-6.4-7.4-8.5-6.5-7.5-8.6-7.6-8.7-8

Inverting the hessian to get the covariance matrix. Wait...

#Hessian matrix#
8.042428e+001 5.006332e+003 -8.597981e+000 -6.481472e+002 1.038835e+001 8.613588e+002 -1.031866e+001 -8.072449e+002 
5.006332e+003 3.181012e+005 -6.481593e+002 -4.960239e+004 8.610089e+002 7.080499e+004 -8.074104e+002 -6.372206e+004 
-8.597981e+000 -6.481593e+002 1.228566e+001 8.894359e+002 -1.257830e+001 -9.618609e+002 1.346995e+001 1.035027e+003 
-6.481472e+002 -4.960239e+004 8.894359e+002 6.566062e+004 -9.619808e+002 -7.437610e+004 1.035042e+003 8.043096e+004 
1.038835e+001 8.610089e+002 -1.257830e+001 -9.619808e+002 5.301747e+001 4.347546e+003 -5.026996e+001 -4.161409e+003 
8.613588e+002 7.080499e+004 -9.618609e+002 -7.437610e+004 4.347546e+003 3.590332e+005 -4.160983e+003 -3.468127e+005 
-1.031866e+001 -8.074104e+002 1.346995e+001 1.035042e+003 -5.026996e+001 -4.160983e+003 5.576626e+001 4.630467e+003 
-8.072449e+002 -6.372206e+004 1.035027e+003 8.043096e+004 -4.161409e+003 -3.468127e+005 4.630467e+003 3.870921e+005 
Parameters, Wald tests and Wald-based confidence intervals
 W is simply the result of the division of the parameter by the square root of covariance of the parameter.
 And Wald-based confidence intervals plus and minus 1.96 * W 
  It might be better to visualize the covariance matrix. See the page 'Matrix of variance-covariance of one-step probabilities' and its graphs.
12   -8.9955115(   0.9933585) W=  -9.056 CI=[ -10.9424942 ;   -7.0485288]    0.1440810(   0.0162184) W=   8.884 CI=[   0.1122929 ;    0.1758690] 
13  -17.8882033(   2.3910851) W=  -7.481 CI=[ -22.5747302 ;  -13.2016764]    0.1931793(   0.0334467) W=   5.776 CI=[   0.1276237 ;    0.2587348] 
21    8.7909430(   4.8401032) W=   1.816 CI=[  -0.6956593 ;   18.2775453]   -0.0839703(   0.0611956) W=  -1.372 CI=[  -0.2039137 ;    0.0359731] 
23   -6.9651201(   4.6851965) W=  -1.487 CI=[ -16.1481053 ;    2.2178652]    0.0655546(   0.0582999) W=   1.124 CI=[  -0.0487133 ;    0.1798225] 
# Scales (for hessian or gradient estimation)
12 1.00000e-003 1.00000e-005
13 2.00000e-003 3.00000e-005
21 1.00000e-003 1.00000e-005
23 1.00000e-003 1.00000e-005
# Covariance matrix 
# 121 Var(a12)
# 122 Cov(b12,a12) Var(b12)
#   ...
# 232 Cov(b23,a12)  Cov(b23,b12) ... Var (b23)
#121 Var(a12)
#122 Cov(b12,a12) Var(b12)
#131 Cov(a13,a12) Cov(a13,b12) Var(a13)
#132 Cov(b13,a12) Cov(b13,b12) Cov(b13,a13) Var(b13)
#211 Cov(a21,a12) Cov(a21,b12) Cov(a21,a13) Cov(a21,b13) Var(a21)
#212 Cov(b21,a12) Cov(b21,b12) Cov(b21,a13) Cov(b21,b13) Cov(b21,a21) Var(b21)
#231 Cov(a23,a12) Cov(a23,b12) Cov(a23,a13) Cov(a23,b13) Cov(a23,a21) Cov(a23,b21) Var(a23)
#232 Cov(b23,a12) Cov(b23,b12) Cov(b23,a13) Cov(b23,b13) Cov(b23,a21) Cov(b23,b21) Cov(b23,a23) Var(b23)
121 9.8676114e-001
122 -1.59844e-002 2.6303609e-004
131 8.27170e-001 -1.37545e-002 5.7172881e+000
132 -1.36821e-002 2.29924e-004 -7.85990e-002 1.1186833e-003
211 3.08970e-001 -1.69102e-003 3.49705e-001 -7.33569e-004 2.3426599e+001
212 -2.20364e-003 -7.07559e-006 -2.91454e-003 -1.60969e-005 -2.95242e-001 3.7449028e-003
231 4.07214e-001 -3.76208e-003 -1.14895e+000 1.27020e-002 2.03450e+001 -2.55456e-001 2.1951067e+001
232 -3.46629e-003 1.94538e-005 1.53972e-002 -1.87216e-004 -2.56461e-001 3.24244e-003 -2.72076e-001 3.3988821e-003
# agemin agemax for life expectancy, bage fage (if mle==0 ie no data nor Max likelihood).
# Observed prevalence period
begin-prev-date=1/1/2013 end-prev-date=1/9/2018 mov_average=0
# Health expectancies computed from stable (period) prevalence (pop_based=0) or population based (1)
pop_based=0
# Prevalence forecasting and backcasting is skept here
##prevforecast=0  starting-proj-date=1/1/1989 final-proj-date=1/1/1990 mobil_average=0
#prevforecast=1 yearsfproj=10 mobil_average=0
#prevbackcast=1 yearsbproj=10 mobil_average=1
End of resultlines.

Computing forward period (stable) prevalence: result on file 'PL_ITMsr.txt' 
Computing pij: result on file 'PIJ_ITMsr.txt' 
Computing standard deviation of one-step probabilities: result on file 'PROB_rITMsr.txt' 
Computing matrix of variance covariance of one-step probabilities: result on file 'PROBCOV_ITMsr.txt' 
and correlation matrix of one-step probabilities: result on file 'PROBCOR_ITMsr.txt' 
Prevalence combination of varying and fixed dummies 1
Warning Observed prevalence doesn't sum to 1 for state 2: probs[50][2][1]=0.000000 because of lack of cases.
Warning Observed prevalence doesn't sum to 1 for state 1: probs[95][1][1]=0.000000 because of lack of cases.
Warning Observed prevalence doesn't sum to 1 for state 2: probs[95][2][1]=0.000000 because of lack of cases.
Warning Observed prevalence doesn't sum to 1 for state 1: probs[96][1][1]=0.000000 because of lack of cases.
Warning Observed prevalence doesn't sum to 1 for state 2: probs[96][2][1]=0.000000 because of lack of cases.
Warning Observed prevalence doesn't sum to 1 for state 1: probs[98][1][1]=0.000000 because of lack of cases.
Warning Observed prevalence doesn't sum to 1 for state 2: probs[98][2][1]=0.000000 because of lack of cases.
Warning Observed prevalence doesn't sum to 1 for state 1: probs[99][1][1]=0.000000 because of lack of cases.
Warning Observed prevalence doesn't sum to 1 for state 2: probs[99][2][1]=0.000000 because of lack of cases.
Warning Observed prevalence doesn't sum to 1 for state 1: probs[100][1][1]=0.000000 because of lack of cases.
Warning Observed prevalence doesn't sum to 1 for state 2: probs[100][2][1]=0.000000 because of lack of cases.
Computing Health Expectancies: result on file 'E_ITMsr.txt' ...done evsij
Computing Total Life expectancies with their standard errors: file 'T_ITMsr.txt' ...
  Computing State-specific Expectancies and standard errors: result on file 'STDE_ITMsr.txt' 
    Computing Covar. of State-specific Expectancies: result on file 'CVE_ITMsr.txt' 
      Computing Variance-covariance of State-specific Expectancies: file 'V_ITMsr.txt' ... done State-specific expectancies
Computing Variance-covariance of forward period (stable) prevalence: file 'VPL_ITMsr.txt' ...done variance-covariance of forward period prevalence
End of Imach with 0 errors and/or warnings 1. Please look at the log file for details.
Local time at start Mon May 27 20:51:17 2024

Local time at end   Mon May 27 20:52:45 2024

Total time used 0 day(s) 0 hour(s) 1 minute(s) 28 second(s)
Total time was 88 Sec.
