Log filename:PLM.log
Version 0.99r45 $Revision: 1.353 $ $Date: 2023/05/08 18:48:22 $
Enter the parameter file name: 
pathimach=C:\PROGRA~1\IMACH-~2.99R\bin\
pathtot=C:\Users\mmusz\Dropbox\gender_paradox\data\IMACH\PLM.txt
 path=C:\Users\mmusz\Dropbox\gender_paradox\data\IMACH\ 
 optionfile=PLM.txt
 optionfilext=txt
 optionfilefiname='PLM'
Compiled with: Microsoft Visual Studio for Windows (x64 and x86)  64-bit
The programm is not running under WOW64 (i.e probably on a 64bit Windows).
Local time (at start): Sat May 25 22:26:16 2024
title=adl datafile=dataPLM.txt lastobs=15000 firstpass=1 lastpass=2
ftol=1.000000e-018 stepm=3 ncovcol=0 nqv=0 ntv=0 nqtv=0 nlstate=2 ndeath=1 maxwav=2 mle=1 weight=1
model=1+age+
# Parameters nlstate*nlstate*ncov a12*1 + b12 * age + ...
12 0.000000 0.000000
13 0.000000 0.000000
21 0.000000 0.000000
23 0.000000 0.000000
# Scales (for hessian or gradient estimation)
12 0.000000e+000 0.000000e+000
13 0.000000e+000 0.000000e+000
21 0.000000e+000 0.000000e+000
23 0.000000e+000 0.000000e+000
# Covariance matrix
121 0.00000e+000
122 0.00000e+000 0.00000e+000
131 0.00000e+000 0.00000e+000 0.00000e+000
132 0.00000e+000 0.00000e+000 0.00000e+000 0.00000e+000
211 0.00000e+000 0.00000e+000 0.00000e+000 0.00000e+000 0.00000e+000
212 0.00000e+000 0.00000e+000 0.00000e+000 0.00000e+000 0.00000e+000 0.00000e+000
231 0.00000e+000 0.00000e+000 0.00000e+000 0.00000e+000 0.00000e+000 0.00000e+000 0.00000e+000
232 0.00000e+000 0.00000e+000 0.00000e+000 0.00000e+000 0.00000e+000 0.00000e+000 0.00000e+000 0.00000e+000

Model=1+age+
Typevar: 0 for simple covariate (dummy, quantitative, fixed or varying), 1 for age product, 2 for  product, 3 for double product with age  
Fixed[k] 0=fixed (product or simple), 1 varying, 2 fixed with age product, 3 varying with age product 
Dummy[k] 0=dummy (0 1), 1 quantitative (single or product without age), 2 dummy with age product, 3 quant with age product
ncoveff=0, nqfveff=0, ntveff=0, nqtveff=0, cptcovn=0
ncovf=0, ncovv=0, ncova=0, nsd=0, nsq=0
Warning: The value of parameter lastobs=15000 is big compared to the 
  effective number of cases imx=660, please adjust, 
  otherwise you are allocating more memory than necessary.
Total number of individuals= 660, Agemin = 51.08, Agemax= 95.42

Information, you have to check 0 informations which haven't been logged!
Delay (in months) between two waves Min=1 (for indiviudal 414) Max=33 (246) Mean=24.265152

 Age 51 1.=3 loss[1]=0.0% 2.=0 loss[2]=0.0% 1.=3 prev[1]=92.5% 2.=0 prev[2]=7.5% 11=3 12=0 22=0
Age 52 1.=3 loss[1]=0.0% 2.=0 loss[2]=0.0% 1.=3 prev[1]=90.3% 2.=0 prev[2]=9.7% 11=2 12=0 21=0
Age 53 1.=1 loss[1]=0.0% 2.=0 loss[2]=0.0% 1.=1 prev[1]=89.9% 2.=0 prev[2]=10.1% 11=1 22=0
Age 54 1.=3 loss[1]=0.0% 2.=0 loss[2]=0.0% 1.=3 prev[1]=94.4% 2.=0 prev[2]=5.6% 11=3 21=0
Age 55 1.=2 loss[1]=0.0% 2.=1 loss[2]=0.0% 1.=2 prev[1]=71.6% 2.=1 prev[2]=28.4% 11=2 21=1
Age 56 1.=5 loss[1]=0.0% 2.=0 loss[2]=NaNQ% 1.=5 prev[1]=100.0% 2.=0 prev[2]=0.0% 11=4 12=0 13=0
Age 57 1.=3 loss[1]=0.0% 2.=0 loss[2]=NaNQ% 1.=3 prev[1]=100.0% 2.=0 prev[2]=0.0% 11=2 12=0
Age 58 1.=3 loss[1]=0.0% 2.=0 loss[2]=0.0% 1.=3 prev[1]=94.6% 2.=0 prev[2]=5.4% 11=2 12=1 21=0
Age 59 1.=4 loss[1]=0.0% 2.=0 loss[2]=0.0% 1.=4 prev[1]=93.6% 2.=0 prev[2]=6.4% 11=4 12=0 13=0 21=0
Age 60 1.=3 loss[1]=0.0% 2.=0 loss[2]=0.0% 1.=3 prev[1]=89.8% 2.=0 prev[2]=10.2% 11=2 12=0 13=1 21=0 23=0
Age 61 1.=2 loss[1]=0.0% 2.=0 loss[2]=0.0% 1.=2 prev[1]=90.6% 2.=0 prev[2]=9.4% 11=2 21=0 22=0
Age 62 1.=4 loss[1]=0.0% 2.=1 loss[2]=0.0% 1.=4 prev[1]=84.6% 2.=1 prev[2]=15.4% 11=3 12=0 13=0 21=0 22=1
Age 63 1.=4 loss[1]=0.0% 2.=1 loss[2]=0.0% 1.=4 prev[1]=86.0% 2.=1 prev[2]=14.0% 11=3 12=0 13=0 21=0 22=0
Age 64 1.=2 loss[1]=0.0% 2.=1 loss[2]=0.0% 1.=2 prev[1]=71.8% 2.=1 prev[2]=28.2% 11=2 13=0 21=0 22=0 23=0
Age 65 1.=3 loss[1]=0.0% 2.=0 loss[2]=0.0% 1.=3 prev[1]=97.8% 2.=0 prev[2]=2.2% 11=3 12=0 13=0 21=0
Age 66 1.=3 loss[1]=0.0% 2.=0 loss[2]=0.0% 1.=3 prev[1]=93.9% 2.=0 prev[2]=6.1% 11=2 12=0 13=0 21=0 22=0
Age 67 1.=2 loss[1]=0.0% 2.=0 loss[2]=0.0% 1.=2 prev[1]=85.8% 2.=0 prev[2]=14.2% 11=2 12=0 22=0 23=0
Age 68 1.=2 loss[1]=0.0% 2.=1 loss[2]=0.0% 1.=2 prev[1]=78.8% 2.=1 prev[2]=21.2% 11=2 12=0 13=0 21=0 22=0
Age 69 1.=2 loss[1]=0.0% 2.=0 loss[2]=0.0% 1.=2 prev[1]=85.0% 2.=0 prev[2]=15.0% 11=2 13=1 21=0 22=0 23=0
Age 70 1.=1 loss[1]=0.0% 2.=1 loss[2]=0.0% 1.=1 prev[1]=71.5% 2.=1 prev[2]=28.5% 11=1 12=0 13=0 22=0 23=0
Age 71 1.=2 loss[1]=0.0% 2.=0 loss[2]=0.0% 1.=2 prev[1]=96.5% 2.=0 prev[2]=3.5% 11=2 12=0 13=0 21=0
Age 72 1.=1 loss[1]=0.0% 2.=0 loss[2]=0.0% 1.=1 prev[1]=81.7% 2.=0 prev[2]=18.3% 11=1 13=0 21=0 22=0
Age 73 1.=1 loss[1]=0.0% 2.=0 loss[2]=0.0% 1.=1 prev[1]=83.4% 2.=0 prev[2]=16.6% 11=0 12=0 23=0
Age 74 1.=1 loss[1]=0.0% 2.=0 loss[2]=0.0% 1.=1 prev[1]=81.2% 2.=0 prev[2]=18.8% 11=1 12=0 22=0
Age 75 1.=1 loss[1]=0.0% 2.=0 loss[2]=0.0% 1.=1 prev[1]=85.6% 2.=0 prev[2]=14.4% 11=1 12=0 13=0 22=0
Age 76 1.=1 loss[1]=0.0% 2.=0 loss[2]=0.0% 1.=1 prev[1]=68.2% 2.=0 prev[2]=31.8% 11=1 12=0 22=0 23=0
Age 77 1.=1 loss[1]=0.0% 2.=0 loss[2]=NaNQ% 1.=1 prev[1]=100.0% 2.=0 prev[2]=0.0% 11=1 12=0
Age 78 1.=1 loss[1]=0.0% 2.=0 loss[2]=0.0% 1.=1 prev[1]=73.3% 2.=0 prev[2]=26.7% 11=1 12=0 13=0 22=0 23=0
Age 79 1.=2 loss[1]=0.0% 2.=0 loss[2]=0.0% 1.=2 prev[1]=79.0% 2.=0 prev[2]=21.0% 11=1 13=0 21=0 22=0
Age 80 1.=1 loss[1]=0.0% 2.=0 loss[2]=0.0% 1.=1 prev[1]=94.8% 2.=0 prev[2]=5.2% 11=1 12=0 13=0 21=0
Age 81 1.=0 loss[1]=0.0% 2.=0 loss[2]=0.0% 1.=0 prev[1]=74.1% 2.=0 prev[2]=25.9% 11=0 12=0 13=0 23=0
Age 82 1.=0 loss[1]=0.0% 2.=0 loss[2]=0.0% 1.=0 prev[1]=45.4% 2.=0 prev[2]=54.6% 11=0 12=0 13=0 21=0 22=0 23=0
Age 83 1.=1 loss[1]=0.0% 2.=0 loss[2]=0.0% 1.=1 prev[1]=78.4% 2.=0 prev[2]=21.6% 11=1 12=0 13=0 22=0
Age 84 1.=1 loss[1]=0.0% 2.=0 loss[2]=0.0% 1.=1 prev[1]=80.4% 2.=0 prev[2]=19.6% 11=0 12=0 13=0 22=0 23=0
Age 85 1.=0 loss[1]=0.0% 2.=0 loss[2]=0.0% 1.=0 prev[1]=86.6% 2.=0 prev[2]=13.4% 11=0 12=0 22=0
Age 86 1.=0 loss[1]=0.0% 2.=0 loss[2]=0.0% 1.=0 prev[1]=24.8% 2.=0 prev[2]=75.2% 13=0 22=0 23=0
Age 87 1.=0 loss[1]=0.0% 2.=0 loss[2]=0.0% 1.=0 prev[1]=32.3% 2.=0 prev[2]=67.7% 12=0 23=0
Age 88 1.=0 loss[1]=0.0% 2.=0 loss[2]=0.0% 1.=0 prev[1]=67.3% 2.=0 prev[2]=32.7% 11=0 22=0
Age 89 1.=0 loss[1]=0.0% 2.=0 loss[2]=NaNQ% 1.=0 prev[1]=100.0% 2.=0 prev[2]=0.0% 11=0
Age 90 1.=0 loss[1]=0.0% 2.=0 loss[2]=NaNQ% 1.=0 prev[1]=100.0% 2.=0 prev[2]=0.0% 11=0 13=0
Age 91 1.=0 loss[1]=0.0% 2.=0 loss[2]=0.0% 1.=0 prev[1]=46.7% 2.=0 prev[2]=53.3% 11=0 12=0 22=0 23=0
Age 92 1.=0 loss[1]=NaNQ% 2.=0 loss[2]=0.0% 1.=0 prev[1]=0.0% 2.=0 prev[2]=100.0% 21=0 23=0
Age 93 1.=0 loss[1]=0.0% 2.=0 loss[2]=NaNQ% 1.=0 prev[1]=100.0% 2.=0 prev[2]=0.0% 11=0
Age 94 1.=0 loss[1]=NaNQ% 2.=0 loss[2]=NaNQ% 1.=0 prev[1]=NaNQ% 2.=0 prev[2]=NaNQ%
Age 95 1.=0 loss[1]=NaNQ% 2.=0 loss[2]=NaNQ% 1.=0 prev[1]=NaNQ% 2.=0 prev[2]=NaNQ%
1 1.=0 loss[1]=NaNQ% 2.=0 loss[2]=NaNQ% 1.=0 prev[1]=NaNQ% 2.=0 prev[2]=NaNQ%
0 1.=0 loss[1]=NaNQ% 2.=0 loss[2]=NaNQ% 1.=0 prev[1]=NaNQ% 2.=0 prev[2]=NaNQ%
Total 1.=70 loss[1]=0.0% 2.=11 loss[2]=0.0% 1.=70 prev[1]=86.8% 2.=11 prev[2]=13.2% 11=60 12=6 13=5 21=4 22=5 23=2


12    0.0000000 ln(6/60)=   -2.3866851 
13    0.0000000 ln(5/60)=   -2.5421546 
21    0.0000000 ln(4/5)=   -0.1247113 
23    0.0000000 ln(2/5)=   -0.8532879 

 -1-1=0 -10=0 -11=0 -12=0 -13=0 0-1=0 00=0 01=0 02=0 03=0 1-1=0 10=0 11=60 12=6 13=5 2-1=0 20=0 21=4 22=5 23=2 3-1=0 30=0 31=0 32=0 33=0
Powell

Powell iter=1 Big Iter=1 -2*LL=5228.673623941824 gain=0 0 sec. 0 sec.
#model=  1      +     age 
12    0.0000000    0.0000000 
13    0.0000000    0.0000000 
21    0.0000000    0.0000000 
23    0.0000000    0.0000000 
1.......2.................3........4..................5.......6...................7.......8.............................Gaining to use new average direction of P0 P8 instead of biggest increase direction 5 :

Powell iter=2 Big Iter=2 -2*LL=1610.718856776378 gain=3.62e+003 0 sec. 0 sec.
#model=  1      +     age 
12    4.8964196   -0.0011764 
13   -0.6608715    0.0012217 
21    2.4460346   -0.0004500 
23   -1.0077265    0.0016646 

Considering the time needed for this last iteration #2: 0 seconds,
   - if your program needs 1 BIG iterations  (2 iterations) to converge, convergence will be 
   reached in 0 day(s) 0 hour(s) 0 minute(s) 0 second(s) i.e.
   on Sat May 25 22:26:16 2024 (current time is Sat May 25 22:26:16 2024);
   - if your program needs 11 BIG iterations  (22 iterations) to converge, convergence will be 
   reached in 0 day(s) 0 hour(s) 0 minute(s) 0 second(s) i.e.
   on Sat May 25 22:26:16 2024 (current time is Sat May 25 22:26:16 2024);
   - if your program needs 21 BIG iterations  (42 iterations) to converge, convergence will be 
   reached in 0 day(s) 0 hour(s) 0 minute(s) 0 second(s) i.e.
   on Sat May 25 22:26:16 2024 (current time is Sat May 25 22:26:16 2024);
   - if your program needs 31 BIG iterations  (62 iterations) to converge, convergence will be 
   reached in 0 day(s) 0 hour(s) 0 minute(s) 0 second(s) i.e.
   on Sat May 25 22:26:16 2024 (current time is Sat May 25 22:26:16 2024);
1..........2..................3........4...................5.................6..................7..........8...................Gaining to use new average direction of P0 P8 instead of biggest increase direction 5 :

Powell iter=3 Big Iter=2 -2*LL=1249.902971157285 gain=361 0 sec. 0 sec.
#model=  1      +     age 
12   -2.9085952   -0.0022295 
13   -3.6375206    0.0068592 
21    0.6541091   -0.0078784 
23   -1.1796906   -0.0421173 

Considering the time needed for this last iteration #3: 0 seconds,
   - if your program needs 1 BIG iterations  (2 iterations) to converge, convergence will be 
   reached in 0 day(s) 0 hour(s) 0 minute(s) 0 second(s) i.e.
   on Sat May 25 22:26:16 2024 (current time is Sat May 25 22:26:16 2024);
   - if your program needs 11 BIG iterations  (22 iterations) to converge, convergence will be 
   reached in 0 day(s) 0 hour(s) 0 minute(s) 0 second(s) i.e.
   on Sat May 25 22:26:16 2024 (current time is Sat May 25 22:26:16 2024);
   - if your program needs 21 BIG iterations  (42 iterations) to converge, convergence will be 
   reached in 0 day(s) 0 hour(s) 0 minute(s) 0 second(s) i.e.
   on Sat May 25 22:26:16 2024 (current time is Sat May 25 22:26:16 2024);
   - if your program needs 31 BIG iterations  (62 iterations) to converge, convergence will be 
   reached in 0 day(s) 0 hour(s) 0 minute(s) 0 second(s) i.e.
   on Sat May 25 22:26:16 2024 (current time is Sat May 25 22:26:16 2024);
1.......2.............3.......4...................5.........6...................7..........8...........directest= 365.605715668250 (if directest<0 or t<0 we include P0 Pn as new direction), t= -1381013.051570612900, f1= 1249.902971157285,f2= 1084.904510575190,f3= 1489.838744828251, del= 102.163489583454
f1-2f2+f3= 569.932694835157, f1-f2-del= 62.834970998642, f1-f3= -239.935773670966

Powell iter=4 Big Iter=3 -2*LL=1084.904510575190 gain=165 1 sec. 1 sec.
#model=  1      +     age 
12   -2.8368070   -0.0011866 
13   -4.9335574    0.0086877 
21    0.2885319   -0.0114093 
23   -1.4645878   -0.0442587 
1.........2..............3..........4..................5...........6.................7..........8..........directest= 81.137239451225 (if directest<0 or t<0 we include P0 Pn as new direction), t= -151933.560949737030, f1= 1084.904510575190,f2= 1017.320036431297,f3= 1144.127320909336, del= 56.627259585354
f1-2f2+f3= 194.391758621932, f1-f2-del= 10.957214558540, f1-f3= -59.222810334146

Powell iter=5 Big Iter=3 -2*LL=1017.320036431297 gain=67.6 0 sec. 1 sec.
#model=  1      +     age 
12   -4.3584352    0.0001052 
13   -4.9330336    0.0100431 
21   -0.4821669   -0.0285184 
23   -0.6945789   -0.0456764 
1.........2...............3.........4..................5.........6..............7.........8...................Gaining to use new average direction of P0 P8 instead of biggest increase direction 3 :

Powell iter=6 Big Iter=4 -2*LL=1003.007946065648 gain=14.3 0 sec. 1 sec.
#model=  1      +     age 
12   -4.2046804    0.0010517 
13   -5.6856844    0.0121385 
21   -0.5035265   -0.0291031 
23   -0.3018848   -0.0457449 
1.........2...............3...........4..................5.............6..............7.........8.........
Powell iter=7 Big Iter=4 -2*LL=1002.202517465846 gain=0.805 0 sec. 1 sec.
#model=  1      +     age 
12   -4.2421536    0.0019009 
13   -5.7983229    0.0140191 
21   -0.5116577   -0.0288932 
23   -0.3107862   -0.0458503 
1.........2...............3...........4...................5..........6..............7.........8.................Gaining to use new average direction of P0 P8 instead of biggest increase direction 4 :

Powell iter=8 Big Iter=5 -2*LL=988.280846934050 gain=13.9 0 sec. 1 sec.
#model=  1      +     age 
12   -5.9641104    0.0270051 
13   -9.2393291    0.0671113 
21   -0.7616452   -0.0246415 
23   -0.2420231   -0.0490537 
1.........2...............3...........4.......5.........6...............7.........8.........directest= 19.656718859663 (if directest<0 or t<0 we include P0 Pn as new direction), t= -214.118425321112, f1= 988.280846934050,f2= 987.427909971735,f3= 1007.416616678835, del= 0.592462404876
f1-2f2+f3= 20.841643669414, f1-f2-del= 0.260474557439, f1-f3= -19.135769744786

Powell iter=9 Big Iter=5 -2*LL=987.427909971735 gain=0.853 1 sec. 2 sec.
#model=  1      +     age 
12   -6.1149397    0.0294953 
13   -9.7125994    0.0721883 
21   -0.7912927   -0.0237419 
23   -0.2061630   -0.0494217 
1.........2...............3...........4........5.........6...............7..........8................Gaining to use new average direction of P0 P8 instead of biggest increase direction 4 :

Powell iter=10 Big Iter=6 -2*LL=987.331948752560 gain=0.096 0 sec. 2 sec.
#model=  1      +     age 
12   -6.1959818    0.0306085 
13   -9.9171535    0.0743413 
21   -0.8046485   -0.0234632 
23   -0.1889888   -0.0494653 
1.........2...............3...........4.........5.........6...............7..........8...............Gaining to use new average direction of P0 P8 instead of biggest increase direction 3 :

Powell iter=11 Big Iter=6 -2*LL=987.298889507226 gain=0.0331 0 sec. 2 sec.
#model=  1      +     age 
12   -6.2249564    0.0310536 
13   -9.9861959    0.0750858 
21   -0.8098879   -0.0234177 
23   -0.1878303   -0.0493240 
1.........2...............3.......4.........5.........6...............7..........8..............Gaining to use new average direction of P0 P8 instead of biggest increase direction 3 :

Powell iter=12 Big Iter=7 -2*LL=987.258494000753 gain=0.0404 0 sec. 2 sec.
#model=  1      +     age 
12   -6.2578860    0.0315188 
13  -10.0590034    0.0757339 
21   -0.8079417   -0.0235043 
23   -0.1880615   -0.0490662 
1.........2..............3.......4.........5.........6...............7..........8...............Gaining to use new average direction of P0 P8 instead of biggest increase direction 3 :

Powell iter=13 Big Iter=7 -2*LL=987.196682173461 gain=0.0618 0 sec. 2 sec.
#model=  1      +     age 
12   -6.2934204    0.0320591 
13  -10.1368161    0.0763818 
21   -0.7927766   -0.0238380 
23   -0.1924877   -0.0486221 
1.........2...............3.......4.........5.........6...............7...........8...............Gaining to use new average direction of P0 P8 instead of biggest increase direction 3 :

Powell iter=14 Big Iter=8 -2*LL=987.122008106779 gain=0.0747 1 sec. 3 sec.
#model=  1      +     age 
12   -6.3345732    0.0327488 
13  -10.2355690    0.0772783 
21   -0.7614220   -0.0244110 
23   -0.2039803   -0.0480083 
1.........2...............3.......4.........5.........6...............7..........8...............Gaining to use new average direction of P0 P8 instead of biggest increase direction 3 :

Powell iter=15 Big Iter=8 -2*LL=987.030126130038 gain=0.0919 0 sec. 3 sec.
#model=  1      +     age 
12   -6.3839364    0.0335890 
13  -10.3657253    0.0785471 
21   -0.7055298   -0.0252972 
23   -0.2289880   -0.0471774 
1.........2...............3.......4.........5.........6...............7............8...............Gaining to use new average direction of P0 P8 instead of biggest increase direction 3 :

Powell iter=16 Big Iter=9 -2*LL=986.918405019207 gain=0.112 0 sec. 3 sec.
#model=  1      +     age 
12   -6.4338505    0.0343892 
13  -10.5181786    0.0800419 
21   -0.6147119   -0.0266449 
23   -0.2707058   -0.0460995 
1.........2...............3.......4.........5.........6...............7..........8..............Gaining to use new average direction of P0 P8 instead of biggest increase direction 3 :

Powell iter=17 Big Iter=9 -2*LL=986.796109964715 gain=0.122 0 sec. 3 sec.
#model=  1      +     age 
12   -6.4627557    0.0348108 
13  -10.6657642    0.0814020 
21   -0.4868266   -0.0285405 
23   -0.3230877   -0.0448310 
1.........2...............3.......4..........5.........6...............7..........8...............Gaining to use new average direction of P0 P8 instead of biggest increase direction 3 :

Powell iter=18 Big Iter=10 -2*LL=986.661690016518 gain=0.134 0 sec. 3 sec.
#model=  1      +     age 
12   -6.4527358    0.0346903 
13  -10.8155750    0.0826631 
21   -0.3103273   -0.0312109 
23   -0.3841991   -0.0432714 
1..........2..............3.......4.........5...........6...............7..........8...............Gaining to use new average direction of P0 P8 instead of biggest increase direction 8 :

Powell iter=19 Big Iter=10 -2*LL=986.505953709532 gain=0.156 1 sec. 4 sec.
#model=  1      +     age 
12   -6.3890384    0.0339422 
13  -10.9962690    0.0841847 
21   -0.0711237   -0.0348593 
23   -0.4583998   -0.0412922 
1..........2...............3......4.........5.........6...............7..........8.............Gaining to use new average direction of P0 P8 instead of biggest increase direction 3 :

Powell iter=20 Big Iter=11 -2*LL=985.670850150551 gain=0.835 0 sec. 4 sec.
#model=  1      +     age 
12   -5.8908646    0.0273369 
13  -11.5144839    0.0889774 
21    0.8552911   -0.0487738 
23   -0.7132359   -0.0350574 
1..........2...............3.......4..........5.........6...............7..........8.................Gaining to use new average direction of P0 P8 instead of biggest increase direction 3 :

Powell iter=21 Big Iter=11 -2*LL=984.794756503476 gain=0.876 0 sec. 4 sec.
#model=  1      +     age 
12   -5.3688374    0.0201562 
13  -11.8528468    0.0932602 
21    1.5112937   -0.0582977 
23   -0.8912427   -0.0317647 
1..........2...............3.......4..........5.........6...............7..........8..............Gaining to use new average direction of P0 P8 instead of biggest increase direction 8 :

Powell iter=22 Big Iter=12 -2*LL=984.342711508328 gain=0.452 0 sec. 4 sec.
#model=  1      +     age 
12   -5.0443547    0.0156492 
13  -12.2489273    0.0988521 
21    1.9814586   -0.0648540 
23   -1.0594805   -0.0295786 
1..........2...............3.......4........5.........6..............7..........8...............Gaining to use new average direction of P0 P8 instead of biggest increase direction 3 :

Powell iter=23 Big Iter=12 -2*LL=983.743756311365 gain=0.599 0 sec. 4 sec.
#model=  1      +     age 
12   -4.7403136    0.0105790 
13  -12.1404206    0.0993983 
21    2.0091349   -0.0649979 
23   -1.0770830   -0.0310975 
1..........2...............3.......4.........5.........6..............7..........8.......
Powell iter=24 Big Iter=13 -2*LL=983.533522779649 gain=0.21 0 sec. 4 sec.
#model=  1      +     age 
12   -4.7290124    0.0101468 
13  -11.8245050    0.0957136 
21    1.7970660   -0.0619770 
23   -0.9899996   -0.0326695 
1..........2...............3........4.........5.........6..............7..........8..............Gaining to use new average direction of P0 P8 instead of biggest increase direction 8 :

Powell iter=25 Big Iter=13 -2*LL=983.390201927032 gain=0.143 0 sec. 4 sec.
#model=  1      +     age 
12   -4.7062576    0.0097141 
13  -11.3782393    0.0905402 
21    1.4961530   -0.0575299 
23   -0.8667704   -0.0348459 
1.........2...............3.......4............5.........6..............7..........8.........
Powell iter=26 Big Iter=14 -2*LL=983.350898492503 gain=0.0393 0 sec. 4 sec.
#model=  1      +     age 
12   -4.6677638    0.0091511 
13  -11.3801158    0.0906443 
21    1.5341378   -0.0580598 
23   -0.8846193   -0.0346546 
1.........2...............3........4.........5.........6..............7..........8...............Gaining to use new average direction of P0 P8 instead of biggest increase direction 5 :

Powell iter=27 Big Iter=14 -2*LL=982.728437767670 gain=0.622 0 sec. 4 sec.
#model=  1      +     age 
12   -4.3358508    0.0034140 
13  -11.1813212    0.0896162 
21    1.9684443   -0.0644287 
23   -1.2074173   -0.0315472 
1...........2...............3.......4.........5.......6..............7..........8........
Powell iter=28 Big Iter=15 -2*LL=982.067416365637 gain=0.661 1 sec. 5 sec.
#model=  1      +     age 
12   -4.3101595    0.0032992 
13  -11.0445941    0.0878966 
21    2.0980361   -0.0663147 
23   -1.2963210   -0.0298788 
1..........2...............3.......4.........5.......6..............7...........8................Gaining to use new average direction of P0 P8 instead of biggest increase direction 5 :

Powell iter=29 Big Iter=15 -2*LL=976.501276904271 gain=5.57 0 sec. 5 sec.
#model=  1      +     age 
12   -4.6957827    0.0108040 
13   -9.6843811    0.0688398 
21    4.4024201   -0.1008625 
23   -3.1814879    0.0003494 
1.........2...............3.......4.........5........6..............7..........8........directest= 6.173061240978 (if directest<0 or t<0 we include P0 Pn as new direction), t= -22.984477090173, f1= 976.501276904271,f2= 975.157922378772,f3= 981.819612464780, del= 0.915991685264
f1-2f2+f3= 8.005044611507, f1-f2-del= 0.427362840235, f1-f3= -5.318335560509

Powell iter=30 Big Iter=16 -2*LL=975.157922378772 gain=1.34 0 sec. 5 sec.
#model=  1      +     age 
12   -5.4985941    0.0217897 
13   -8.7599489    0.0570177 
21    3.7926655   -0.0922751 
23   -3.3046481    0.0002667 
1.........2...............3........4.........5........6..............7.........8........
Powell iter=31 Big Iter=16 -2*LL=974.981853844878 gain=0.176 0 sec. 5 sec.
#model=  1      +     age 
12   -5.7119506    0.0246858 
13   -8.6819219    0.0555663 
21    3.7351285   -0.0916447 
23   -3.3632527    0.0008946 
1.........2................3........4.........5........6..............7.........8........
Powell iter=32 Big Iter=17 -2*LL=974.918203107631 gain=0.0637 0 sec. 5 sec.
#model=  1      +     age 
12   -5.8274811    0.0261430 
13   -8.6758980    0.0552700 
21    3.7324470   -0.0917946 
23   -3.4028872    0.0014215 
1.........2...............3........4.........5........6..............7..........8........
Powell iter=33 Big Iter=17 -2*LL=974.896898303820 gain=0.0213 0 sec. 5 sec.
#model=  1      +     age 
12   -5.8928967    0.0269457 
13   -8.6717516    0.0551061 
21    3.7346967   -0.0919446 
23   -3.4301867    0.0017789 
1.................2...............3........4.........5........6..............7..........8..............Gaining to use new average direction of P0 P8 instead of biggest increase direction 2 :

Powell iter=34 Big Iter=18 -2*LL=974.880505549288 gain=0.0164 0 sec. 5 sec.
#model=  1      +     age 
12   -5.9873215    0.0281020 
13   -8.6636806    0.0548388 
21    3.7378557   -0.0921605 
23   -3.4751039    0.0023652 
1..........2........3........4.........5........6..............7..........8............Gaining to use new average direction of P0 P8 instead of biggest increase direction 1 :

Powell iter=35 Big Iter=18 -2*LL=974.862238502172 gain=0.0183 0 sec. 5 sec.
#model=  1      +     age 
12   -6.0493824    0.0289501 
13   -8.6417519    0.0543989 
21    3.7635853   -0.0926322 
23   -3.5363346    0.0031778 
1.....2........3........4.........5........6...................7..........8..............Gaining to use new average direction of P0 P8 instead of biggest increase direction 8 :

Powell iter=36 Big Iter=19 -2*LL=974.841209965028 gain=0.021 0 sec. 5 sec.
#model=  1      +     age 
12   -6.1192389    0.0298395 
13   -8.6239014    0.0540090 
21    3.7645647   -0.0927587 
23   -3.5838320    0.0038472 
1......2........3........4.........5........6..............7..........8...........Gaining to use new average direction of P0 P8 instead of biggest increase direction 8 :

Powell iter=37 Big Iter=19 -2*LL=974.682657386005 gain=0.159 0 sec. 5 sec.
#model=  1      +     age 
12   -6.3770627    0.0331408 
13   -8.5488646    0.0524393 
21    3.7328079   -0.0926830 
23   -3.8080532    0.0070351 
1.......2........3.................4.........5........6..............7..........8.............Gaining to use new average direction of P0 P8 instead of biggest increase direction 8 :

Powell iter=38 Big Iter=20 -2*LL=973.740652569125 gain=0.942 1 sec. 6 sec.
#model=  1      +     age 
12   -6.9416054    0.0404467 
13   -8.3495144    0.0485746 
21    3.4371363   -0.0890670 
23   -4.6009840    0.0182915 
1.......2.........3................4.........5........6..............7..........8..............Gaining to use new average direction of P0 P8 instead of biggest increase direction 1 :

Powell iter=39 Big Iter=20 -2*LL=970.174269498386 gain=3.57 0 sec. 6 sec.
#model=  1      +     age 
12   -7.4816416    0.0476698 
13   -8.0607790    0.0439569 
21    2.2283420   -0.0715121 
23   -6.6285318    0.0465344 
1......2.........3........4.........5........6..............7..........8.......
Powell iter=40 Big Iter=21 -2*LL=968.318741304161 gain=1.86 0 sec. 6 sec.
#model=  1      +     age 
12   -7.1237251    0.0426410 
13   -8.2199158    0.0474048 
21    1.9258418   -0.0664160 
23   -6.9632288    0.0502366 
1......2.........3........4.........5........6..............7.........8.............Gaining to use new average direction of P0 P8 instead of biggest increase direction 1 :

Powell iter=41 Big Iter=21 -2*LL=966.439269748695 gain=1.88 0 sec. 6 sec.
#model=  1      +     age 
12   -6.3933066    0.0332418 
13   -8.6158548    0.0548622 
21    1.1071934   -0.0530547 
23   -7.7392235    0.0590825 
1........2.........3........4.........5........6..............7.........8........directest= 1.031597576006 (if directest<0 or t<0 we include P0 Pn as new direction), t= -0.030284287698, f1= 966.439269748695,f2= 966.364037997729,f3= 967.394012389813, del= 0.036804283522
f1-2f2+f3= 1.105206143050, f1-f2-del= 0.038427467444, f1-f3= -0.954742641118

Powell iter=42 Big Iter=22 -2*LL=966.364037997729 gain=0.0752 0 sec. 6 sec.
#model=  1      +     age 
12   -6.3936417    0.0334057 
13   -8.4963760    0.0531236 
21    1.2011302   -0.0545148 
23   -7.9788389    0.0620504 
1........2.........3........4.........5........6..............7..........8..............Gaining to use new average direction of P0 P8 instead of biggest increase direction 2 :

Powell iter=43 Big Iter=22 -2*LL=966.343832387059 gain=0.0202 0 sec. 6 sec.
#model=  1      +     age 
12   -6.4034139    0.0337277 
13   -8.4420948    0.0522672 
21    1.2833232   -0.0556730 
23   -8.1701896    0.0645992 
1........2.........3..........4.........5........6..................7..........8.........directest= 0.002848052935 (if directest<0 or t<0 we include P0 Pn as new direction), t= -0.000000000853, f1= 966.343832387059,f2= 966.343499299953,f3= 966.346342609222, del= 0.000164171719
f1-2f2+f3= 0.003176396374, f1-f2-del= 0.000168915386, f1-f3= -0.002510222163

Powell iter=44 Big Iter=23 -2*LL=966.343499299953 gain=0.000333 0 sec. 6 sec.
#model=  1      +     age 
12   -6.4006378    0.0337074 
13   -8.4380081    0.0521942 
21    1.2865275   -0.0557152 
23   -8.1517223    0.0643755 
1........2.............3........4............5........6............................7..........8............Gaining to use new average direction of P0 P8 instead of biggest increase direction 1 :

Powell iter=45 Big Iter=23 -2*LL=966.343398142833 gain=0.000101 0 sec. 6 sec.
#model=  1      +     age 
12   -6.3982844    0.0336897 
13   -8.4343291    0.0521515 
21    1.2878947   -0.0557277 
23   -8.1417075    0.0642480 
1..................2..........3.........4..........5...........6....................7.............8............directest= 0.000022622817 (if directest<0 or t<0 we include P0 Pn as new direction), t= -0.000000000000, f1= 966.343398142833,f2= 966.343394302690,f3= 966.343417352518, del= 0.000002133577
f1-2f2+f3= 0.000026889971, f1-f2-del= 0.000001706566, f1-f3= -0.000019209685

Powell iter=46 Big Iter=24 -2*LL=966.343394302690 gain=3.84e-006 0 sec. 6 sec.
#model=  1      +     age 
12   -6.3997154    0.0337082 
13   -8.4337862    0.0521459 
21    1.2873694   -0.0557210 
23   -8.1410328    0.0642384 
1........2...............3..........4...............5..............6....................7.................8.....................Gaining to use new average direction of P0 P8 instead of biggest increase direction 1 :

Powell iter=47 Big Iter=24 -2*LL=966.343393342895 gain=9.6e-007 1 sec. 7 sec.
#model=  1      +     age 
12   -6.4003211    0.0337176 
13   -8.4330896    0.0521362 
21    1.2875856   -0.0557242 
23   -8.1423575    0.0642557 
1..........................2..............................3.................4...................5...............6..........................7.....................8................directest= 0.000000091725 (if directest<0 or t<0 we include P0 Pn as new direction), t= -0.000000000000, f1= 966.343393342895,f2= 966.343393340019,f3= 966.343393432566, del= 0.000000001849
f1-2f2+f3= 0.000000095423, f1-f2-del= 0.000000001027, f1-f3= -0.000000089672

Powell iter=48 Big Iter=25 -2*LL=966.343393340019 gain=2.88e-009 0 sec. 7 sec.
#model=  1      +     age 
12   -6.4003138    0.0337175 
13   -8.4330731    0.0521360 
21    1.2875362   -0.0557234 
23   -8.1423773    0.0642559 
1.............2...................3....................4.............................5........................6...................7.................8...............................................Gaining to use new average direction of P0 P8 instead of biggest increase direction 1 :

Powell iter=49 Big Iter=25 -2*LL=966.343393339480 gain=5.39e-010 0 sec. 7 sec.
#model=  1      +     age 
12   -6.4003205    0.0337176 
13   -8.4330766    0.0521361 
21    1.2875184   -0.0557232 
23   -8.1424071    0.0642563 
1...............................2........................3........................4.............................5.......................6................7......................8........................................directest= 0.000000000044 (if directest<0 or t<0 we include P0 Pn as new direction), t= -0.000000000000, f1= 966.343393339480,f2= 966.343393339479,f3= 966.343393339522, del= 0.000000000001
f1-2f2+f3= 0.000000000045, f1-f2-del= 0.000000000001, f1-f3= -0.000000000042

Powell iter=50 Big Iter=26 -2*LL=966.343393339479 gain=1.48e-012 0 sec. 7 sec.
#model=  1      +     age 
12   -6.4003204    0.0337176 
13   -8.4330766    0.0521361 
21    1.2875183   -0.0557232 
23   -8.1424070    0.0642563 
1....................................2........................3..........................4............................5.........................6..................7......................8............................................
#Number of iterations & function calls = 50 & 6309, -2 Log likelihood = 966.343393339479
# Parameters nlstate*nlstate*ncov a12*1 + b12 * age + ...
#model=  1      +     age 
12   -6.4003204    0.0337176 
13   -8.4330766    0.0521361 
21    1.2875183   -0.0557232 
23   -8.1424070    0.0642563 

Calculation of the hessian matrix. Wait...
1-2-3-4-5-6-7-8-.1-2.1-3.1-4.1-5.1-6.1-7.1-8.2-3.2-4.2-5.2-6.2-7.2-8.3-4.3-5.3-6.3-7.3-8.4-5.4-6.4-7.4-8.5-6.5-7.5-8.6-7.6-8.7-8

Inverting the hessian to get the covariance matrix. Wait...

#Hessian matrix#
4.423124e+001 3.035732e+003 4.151986e+000 3.138716e+002 -1.320291e+001 -8.648346e+002 -3.625497e+000 -2.723455e+002 
3.035732e+003 2.126854e+005 3.106102e+002 2.383942e+004 -8.630077e+002 -5.756168e+004 -2.709795e+002 -2.066032e+004 
4.151986e+000 3.106102e+002 2.703843e+001 1.863778e+003 -1.858332e+000 -1.345141e+002 5.139350e+000 3.802355e+002 
3.138716e+002 2.383942e+004 1.863778e+003 1.313367e+005 -1.352248e+002 -9.913285e+003 3.800053e+002 2.857317e+004 
-1.320291e+001 -8.630077e+002 -1.858332e+000 -1.352248e+002 2.994247e+001 1.971576e+003 3.790882e-001 2.849519e+001 
-8.648346e+002 -5.756168e+004 -1.345141e+002 -9.913285e+003 1.971576e+003 1.323236e+005 2.879613e+001 2.126602e+003 
-3.625497e+000 -2.709795e+002 5.139350e+000 3.800053e+002 3.790882e-001 2.879613e+001 1.554901e+001 1.215238e+003 
-2.723455e+002 -2.066032e+004 3.802355e+002 2.857317e+004 2.849519e+001 2.126602e+003 1.215238e+003 9.649507e+004 
Parameters, Wald tests and Wald-based confidence intervals
 W is simply the result of the division of the parameter by the square root of covariance of the parameter.
 And Wald-based confidence intervals plus and minus 1.96 * W 
  It might be better to visualize the covariance matrix. See the page 'Matrix of variance-covariance of one-step probabilities' and its graphs.
12   -6.4003204(   1.1567875) W=  -5.533 CI=[  -8.6676240 ;   -4.1330168]    0.0337176(   0.0166343) W=   2.027 CI=[   0.0011143 ;    0.0663209] 
13   -8.4330766(   1.3521004) W=  -6.237 CI=[ -11.0831933 ;   -5.7829599]    0.0521361(   0.0195332) W=   2.669 CI=[   0.0138509 ;    0.0904212] 
21    1.2875183(   1.4164095) W=   0.909 CI=[  -1.4886443 ;    4.0636810]   -0.0557232(   0.0211512) W=  -2.635 CI=[  -0.0971794 ;   -0.0142669] 
23   -8.1424070(   2.0841837) W=  -3.907 CI=[ -12.2274070 ;   -4.0574070]    0.0642563(   0.0264402) W=   2.430 CI=[   0.0124336 ;    0.1160790] 
# Scales (for hessian or gradient estimation)
12 1.00000e-003 2.00000e-005
13 1.00000e-003 2.00000e-005
21 1.00000e-003 2.00000e-005
23 2.00000e-003 3.00000e-005
# Covariance matrix 
# 121 Var(a12)
# 122 Cov(b12,a12) Var(b12)
#   ...
# 232 Cov(b23,a12)  Cov(b23,b12) ... Var (b23)
#121 Var(a12)
#122 Cov(b12,a12) Var(b12)
#131 Cov(a13,a12) Cov(a13,b12) Var(a13)
#132 Cov(b13,a12) Cov(b13,b12) Cov(b13,a13) Var(b13)
#211 Cov(a21,a12) Cov(a21,b12) Cov(a21,a13) Cov(a21,b13) Var(a21)
#212 Cov(b21,a12) Cov(b21,b12) Cov(b21,a13) Cov(b21,b13) Cov(b21,a21) Var(b21)
#231 Cov(a23,a12) Cov(a23,b12) Cov(a23,a13) Cov(a23,b13) Cov(a23,a21) Cov(a23,b21) Var(a23)
#232 Cov(b23,a12) Cov(b23,b12) Cov(b23,a13) Cov(b23,b13) Cov(b23,a21) Cov(b23,b21) Cov(b23,a23) Var(b23)
121 1.3381574e+000
122 -1.90437e-002 2.7670086e-004
131 -2.34909e-001 3.63181e-003 1.8281754e+000
132 3.62975e-003 -5.70124e-005 -2.61093e-002 3.8154778e-004
211 5.51879e-001 -7.74287e-003 2.26571e-003 -1.46880e-004 2.0062160e+000
212 -7.72516e-003 1.10620e-004 -8.95725e-005 3.25111e-006 -2.96647e-002 4.4737125e-004
231 2.86064e-001 -3.80759e-003 -4.96701e-001 6.36560e-003 1.87173e-001 -2.67074e-003 4.3438216e+000
232 -4.04511e-003 5.58669e-005 6.89860e-003 -9.22549e-005 -2.36153e-003 3.38069e-005 -5.46371e-002 6.9908174e-004
# agemin agemax for life expectancy, bage fage (if mle==0 ie no data nor Max likelihood).
# Observed prevalence period
begin-prev-date=1/1/2013 end-prev-date=1/9/2018 mov_average=0
# Health expectancies computed from stable (period) prevalence (pop_based=0) or population based (1)
pop_based=0
# Prevalence forecasting and backcasting is skept here
##prevforecast=0  starting-proj-date=1/1/1989 final-proj-date=1/1/1990 mobil_average=0
#prevforecast=1 yearsfproj=10 mobil_average=0
#prevbackcast=1 yearsbproj=10 mobil_average=1
End of resultlines.

Computing forward period (stable) prevalence: result on file 'PL_PLM.txt' 
Computing pij: result on file 'PIJ_PLM.txt' 
Computing standard deviation of one-step probabilities: result on file 'PROB_rPLM.txt' 
Computing matrix of variance covariance of one-step probabilities: result on file 'PROBCOV_PLM.txt' 
and correlation matrix of one-step probabilities: result on file 'PROBCOR_PLM.txt' 
Prevalence combination of varying and fixed dummies 1
Warning Observed prevalence doesn't sum to 1 for state 2: probs[50][2][1]=0.000000 because of lack of cases.
Warning Observed prevalence doesn't sum to 1 for state 1: probs[94][1][1]=0.000000 because of lack of cases.
Warning Observed prevalence doesn't sum to 1 for state 2: probs[94][2][1]=0.000000 because of lack of cases.
Warning Observed prevalence doesn't sum to 1 for state 1: probs[95][1][1]=0.000000 because of lack of cases.
Warning Observed prevalence doesn't sum to 1 for state 2: probs[95][2][1]=0.000000 because of lack of cases.
Warning Observed prevalence doesn't sum to 1 for state 1: probs[96][1][1]=0.000000 because of lack of cases.
Warning Observed prevalence doesn't sum to 1 for state 2: probs[96][2][1]=0.000000 because of lack of cases.
Warning Observed prevalence doesn't sum to 1 for state 1: probs[97][1][1]=0.000000 because of lack of cases.
Warning Observed prevalence doesn't sum to 1 for state 2: probs[97][2][1]=0.000000 because of lack of cases.
Warning Observed prevalence doesn't sum to 1 for state 1: probs[98][1][1]=0.000000 because of lack of cases.
Warning Observed prevalence doesn't sum to 1 for state 2: probs[98][2][1]=0.000000 because of lack of cases.
Warning Observed prevalence doesn't sum to 1 for state 1: probs[99][1][1]=0.000000 because of lack of cases.
Warning Observed prevalence doesn't sum to 1 for state 2: probs[99][2][1]=0.000000 because of lack of cases.
Warning Observed prevalence doesn't sum to 1 for state 1: probs[100][1][1]=0.000000 because of lack of cases.
Warning Observed prevalence doesn't sum to 1 for state 2: probs[100][2][1]=0.000000 because of lack of cases.
Computing Health Expectancies: result on file 'E_PLM.txt' ...done evsij
Computing Total Life expectancies with their standard errors: file 'T_PLM.txt' ...
  Computing State-specific Expectancies and standard errors: result on file 'STDE_PLM.txt' 
    Computing Covar. of State-specific Expectancies: result on file 'CVE_PLM.txt' 
      Computing Variance-covariance of State-specific Expectancies: file 'V_PLM.txt' ... done State-specific expectancies
Computing Variance-covariance of forward period (stable) prevalence: file 'VPL_PLM.txt' ...done variance-covariance of forward period prevalence
End of Imach with 0 errors and/or warnings 1. Please look at the log file for details.
Local time at start Sat May 25 22:26:16 2024

Local time at end   Sat May 25 22:26:25 2024

Total time used 0 day(s) 0 hour(s) 0 minute(s) 9 second(s)
Total time was 9 Sec.
