Log filename:SEFchr.log
Version 0.99r45 $Revision: 1.353 $ $Date: 2023/05/08 18:48:22 $
Enter the parameter file name: 
pathimach=C:\PROGRA~1\IMACH-~2.99R\bin\
pathtot=C:\Users\mmusz\Dropbox\gender_paradox\data\IMACH\SEFchr.txt
 path=C:\Users\mmusz\Dropbox\gender_paradox\data\IMACH\ 
 optionfile=SEFchr.txt
 optionfilext=txt
 optionfilefiname='SEFchr'
Compiled with: Microsoft Visual Studio for Windows (x64 and x86)  64-bit
The programm is not running under WOW64 (i.e probably on a 64bit Windows).
Local time (at start): Tue May 28 07:03:21 2024
title=chr datafile=dataSEFchr.txt lastobs=15000 firstpass=1 lastpass=2
ftol=1.000000e-018 stepm=3 ncovcol=0 nqv=0 ntv=0 nqtv=0 nlstate=2 ndeath=1 maxwav=2 mle=1 weight=1
model=1+age+
# Parameters nlstate*nlstate*ncov a12*1 + b12 * age + ...
12 0.000000 0.000000
13 0.000000 0.000000
21 0.000000 0.000000
23 0.000000 0.000000
# Scales (for hessian or gradient estimation)
12 0.000000e+000 0.000000e+000
13 0.000000e+000 0.000000e+000
21 0.000000e+000 0.000000e+000
23 0.000000e+000 0.000000e+000
# Covariance matrix
121 0.00000e+000
122 0.00000e+000 0.00000e+000
131 0.00000e+000 0.00000e+000 0.00000e+000
132 0.00000e+000 0.00000e+000 0.00000e+000 0.00000e+000
211 0.00000e+000 0.00000e+000 0.00000e+000 0.00000e+000 0.00000e+000
212 0.00000e+000 0.00000e+000 0.00000e+000 0.00000e+000 0.00000e+000 0.00000e+000
231 0.00000e+000 0.00000e+000 0.00000e+000 0.00000e+000 0.00000e+000 0.00000e+000 0.00000e+000
232 0.00000e+000 0.00000e+000 0.00000e+000 0.00000e+000 0.00000e+000 0.00000e+000 0.00000e+000 0.00000e+000

Model=1+age+
Typevar: 0 for simple covariate (dummy, quantitative, fixed or varying), 1 for age product, 2 for  product, 3 for double product with age  
Fixed[k] 0=fixed (product or simple), 1 varying, 2 fixed with age product, 3 varying with age product 
Dummy[k] 0=dummy (0 1), 1 quantitative (single or product without age), 2 dummy with age product, 3 quant with age product
ncoveff=0, nqfveff=0, ntveff=0, nqtveff=0, cptcovn=0
ncovf=0, ncovv=0, ncova=0, nsd=0, nsq=0
Warning: The value of parameter lastobs=15000 is big compared to the 
  effective number of cases imx=1663, please adjust, 
  otherwise you are allocating more memory than necessary.
Total number of individuals= 1663, Agemin = 51.08, Agemax= 102.33

Information, you have to check 0 informations which haven't been logged!
Delay (in months) between two waves Min=3 (for indiviudal 687) Max=34 (372) Mean=25.055923

 Age 51 1.=1 loss[1]=0.0% 2.=0 loss[2]=0.0% 1.=1 prev[1]=53.5% 2.=0 prev[2]=46.5% 11=0 12=0 21=0 22=0
Age 52 1.=0 loss[1]=0.0% 2.=1 loss[2]=0.0% 1.=0 prev[1]=35.6% 2.=1 prev[2]=64.4% 11=0 12=0 21=0 22=0
Age 53 1.=2 loss[1]=0.0% 2.=0 loss[2]=0.0% 1.=2 prev[1]=86.0% 2.=0 prev[2]=14.0% 11=2 12=0 22=0
Age 54 1.=2 loss[1]=0.0% 2.=1 loss[2]=0.0% 1.=2 prev[1]=60.1% 2.=1 prev[2]=39.9% 11=1 12=1 21=0 22=1
Age 55 1.=1 loss[1]=0.0% 2.=1 loss[2]=0.0% 1.=1 prev[1]=42.8% 2.=1 prev[2]=57.2% 11=1 12=0 21=0 22=1
Age 56 1.=1 loss[1]=0.0% 2.=1 loss[2]=0.0% 1.=1 prev[1]=53.1% 2.=1 prev[2]=46.9% 11=1 12=1 21=0 22=1
Age 57 1.=1 loss[1]=0.0% 2.=2 loss[2]=0.0% 1.=1 prev[1]=28.5% 2.=2 prev[2]=71.5% 11=1 12=0 21=0 22=2
Age 58 1.=1 loss[1]=0.0% 2.=2 loss[2]=0.0% 1.=1 prev[1]=41.6% 2.=2 prev[2]=58.4% 11=1 12=1 21=0 22=2 23=0
Age 59 1.=2 loss[1]=0.0% 2.=2 loss[2]=0.0% 1.=2 prev[1]=41.6% 2.=2 prev[2]=58.4% 11=1 12=0 21=0 22=2 23=0
Age 60 1.=1 loss[1]=0.0% 2.=1 loss[2]=0.0% 1.=1 prev[1]=43.6% 2.=1 prev[2]=56.4% 11=1 12=0 21=0 22=1
Age 61 1.=1 loss[1]=0.0% 2.=1 loss[2]=0.0% 1.=1 prev[1]=42.5% 2.=1 prev[2]=57.5% 11=1 12=0 21=0 22=1
Age 62 1.=0 loss[1]=0.0% 2.=2 loss[2]=0.0% 1.=0 prev[1]=19.2% 2.=2 prev[2]=80.8% 11=0 12=0 21=0 22=1 23=0
Age 63 1.=1 loss[1]=0.0% 2.=1 loss[2]=0.0% 1.=1 prev[1]=41.0% 2.=1 prev[2]=59.0% 11=1 12=0 21=0 22=1
Age 64 1.=1 loss[1]=0.0% 2.=2 loss[2]=0.0% 1.=1 prev[1]=24.9% 2.=2 prev[2]=75.1% 11=0 12=0 21=0 22=2 23=0
Age 65 1.=1 loss[1]=0.0% 2.=2 loss[2]=0.0% 1.=1 prev[1]=33.2% 2.=2 prev[2]=66.8% 11=0 12=0 21=0 22=1 23=0
Age 66 1.=1 loss[1]=0.0% 2.=2 loss[2]=0.0% 1.=1 prev[1]=31.1% 2.=2 prev[2]=68.9% 11=0 12=0 21=0 22=2
Age 67 1.=1 loss[1]=0.0% 2.=1 loss[2]=0.0% 1.=1 prev[1]=39.8% 2.=1 prev[2]=60.2% 11=0 12=0 21=0 22=1
Age 68 1.=1 loss[1]=0.0% 2.=2 loss[2]=0.0% 1.=1 prev[1]=38.7% 2.=2 prev[2]=61.3% 11=1 12=1 21=0 22=2 23=0
Age 69 1.=1 loss[1]=0.0% 2.=2 loss[2]=0.0% 1.=1 prev[1]=26.9% 2.=2 prev[2]=73.1% 11=1 12=0 21=0 22=2
Age 70 1.=1 loss[1]=0.0% 2.=2 loss[2]=0.0% 1.=1 prev[1]=28.0% 2.=2 prev[2]=72.0% 11=0 12=1 21=0 22=2
Age 71 1.=1 loss[1]=0.0% 2.=2 loss[2]=0.0% 1.=1 prev[1]=24.1% 2.=2 prev[2]=75.9% 11=0 12=0 21=0 22=2 23=0
Age 72 1.=0 loss[1]=0.0% 2.=2 loss[2]=0.0% 1.=0 prev[1]=12.7% 2.=2 prev[2]=87.3% 11=0 12=0 21=0 22=2 23=0
Age 73 1.=0 loss[1]=0.0% 2.=2 loss[2]=0.0% 1.=0 prev[1]=14.0% 2.=2 prev[2]=86.0% 11=0 12=0 21=0 22=1 23=0
Age 74 1.=1 loss[1]=0.0% 2.=1 loss[2]=0.0% 1.=1 prev[1]=32.5% 2.=1 prev[2]=67.5% 11=0 12=0 21=0 22=1
Age 75 1.=0 loss[1]=0.0% 2.=2 loss[2]=0.0% 1.=0 prev[1]=17.1% 2.=2 prev[2]=82.9% 11=0 12=0 21=0 22=1 23=0
Age 76 1.=0 loss[1]=0.0% 2.=1 loss[2]=0.0% 1.=0 prev[1]=27.4% 2.=1 prev[2]=72.6% 11=0 12=0 21=0 22=1 23=0
Age 77 1.=0 loss[1]=0.0% 2.=1 loss[2]=0.0% 1.=0 prev[1]=15.0% 2.=1 prev[2]=85.0% 11=0 12=0 21=0 22=1 23=0
Age 78 1.=0 loss[1]=0.0% 2.=1 loss[2]=0.0% 1.=0 prev[1]=9.7% 2.=1 prev[2]=90.3% 11=0 12=0 13=0 21=0 22=1
Age 79 1.=0 loss[1]=0.0% 2.=1 loss[2]=0.0% 1.=0 prev[1]=5.6% 2.=1 prev[2]=94.4% 12=0 21=0 22=1 23=0
Age 80 1.=0 loss[1]=0.0% 2.=1 loss[2]=0.0% 1.=0 prev[1]=13.9% 2.=1 prev[2]=86.1% 11=0 12=0 22=1 23=0
Age 81 1.=0 loss[1]=0.0% 2.=1 loss[2]=0.0% 1.=0 prev[1]=12.2% 2.=1 prev[2]=87.8% 12=0 21=0 22=1 23=0
Age 82 1.=0 loss[1]=0.0% 2.=1 loss[2]=0.0% 1.=0 prev[1]=3.4% 2.=1 prev[2]=96.6% 12=0 21=0 22=1 23=0
Age 83 1.=1 loss[1]=0.0% 2.=1 loss[2]=0.0% 1.=1 prev[1]=39.2% 2.=1 prev[2]=60.8% 11=0 12=0 13=0 21=0 22=1 23=0
Age 84 1.=0 loss[1]=0.0% 2.=1 loss[2]=0.0% 1.=0 prev[1]=8.3% 2.=1 prev[2]=91.7% 11=0 12=0 21=0 22=1 23=0
Age 85 1.=0 loss[1]=0.0% 2.=1 loss[2]=0.0% 1.=0 prev[1]=16.8% 2.=1 prev[2]=83.2% 11=0 12=0 21=0 22=1 23=0
Age 86 1.=0 loss[1]=NaNQ% 2.=1 loss[2]=0.0% 1.=0 prev[1]=0.0% 2.=1 prev[2]=100.0% 22=1 23=0
Age 87 1.=0 loss[1]=NaNQ% 2.=1 loss[2]=0.0% 1.=0 prev[1]=0.0% 2.=1 prev[2]=100.0% 21=0 22=1 23=0
Age 88 1.=0 loss[1]=0.0% 2.=0 loss[2]=0.0% 1.=0 prev[1]=40.6% 2.=0 prev[2]=59.4% 12=0 13=0 22=0
Age 89 1.=0 loss[1]=0.0% 2.=1 loss[2]=0.0% 1.=0 prev[1]=21.3% 2.=1 prev[2]=78.7% 12=0 13=0 22=1 23=0
Age 90 1.=0 loss[1]=0.0% 2.=1 loss[2]=0.0% 1.=0 prev[1]=14.9% 2.=1 prev[2]=85.1% 13=0 22=1 23=0
Age 91 1.=0 loss[1]=0.0% 2.=0 loss[2]=0.0% 1.=0 prev[1]=31.5% 2.=0 prev[2]=68.5% 12=0 13=0 21=0 22=0
Age 92 1.=0 loss[1]=NaNQ% 2.=0 loss[2]=0.0% 1.=0 prev[1]=0.0% 2.=0 prev[2]=100.0% 22=0 23=0
Age 93 1.=0 loss[1]=NaNQ% 2.=0 loss[2]=0.0% 1.=0 prev[1]=0.0% 2.=0 prev[2]=100.0% 21=0 22=0 23=0
Age 94 1.=0 loss[1]=NaNQ% 2.=0 loss[2]=0.0% 1.=0 prev[1]=0.0% 2.=0 prev[2]=100.0% 22=0 23=0
Age 95 1.=0 loss[1]=NaNQ% 2.=0 loss[2]=NaNQ% 1.=0 prev[1]=NaNQ% 2.=0 prev[2]=NaNQ%
Age 96 1.=0 loss[1]=NaNQ% 2.=0 loss[2]=NaNQ% 1.=0 prev[1]=NaNQ% 2.=0 prev[2]=NaNQ%
Age 97 1.=0 loss[1]=NaNQ% 2.=0 loss[2]=0.0% 1.=0 prev[1]=0.0% 2.=0 prev[2]=100.0% 22=0 23=0
Age 98 1.=0 loss[1]=NaNQ% 2.=0 loss[2]=NaNQ% 1.=0 prev[1]=NaNQ% 2.=0 prev[2]=NaNQ%
Age 99 1.=0 loss[1]=NaNQ% 2.=0 loss[2]=NaNQ% 1.=0 prev[1]=NaNQ% 2.=0 prev[2]=NaNQ%
Age 100 1.=0 loss[1]=NaNQ% 2.=0 loss[2]=NaNQ% 1.=0 prev[1]=NaNQ% 2.=0 prev[2]=NaNQ%
Age 101 1.=0 loss[1]=NaNQ% 2.=0 loss[2]=NaNQ% 1.=0 prev[1]=NaNQ% 2.=0 prev[2]=NaNQ%
Age 102 1.=0 loss[1]=NaNQ% 2.=0 loss[2]=0.0% 1.=0 prev[1]=0.0% 2.=0 prev[2]=100.0% 23=0
1 1.=0 loss[1]=NaNQ% 2.=0 loss[2]=NaNQ% 1.=0 prev[1]=NaNQ% 2.=0 prev[2]=NaNQ%
0 1.=0 loss[1]=NaNQ% 2.=0 loss[2]=NaNQ% 1.=0 prev[1]=NaNQ% 2.=0 prev[2]=NaNQ%
Total 1.=25 loss[1]=0.0% 2.=55 loss[2]=0.0% 1.=25 prev[1]=31.5% 2.=55 prev[2]=68.5% 11=14 12=10 13=0 21=5 22=46 23=3


12    0.0000000 ln(10/14)=   -0.3192181 
13    0.0000000 ln(0/14)=   -3.5190526 
21    0.0000000 ln(5/46)=   -2.1408955 
23    0.0000000 ln(3/46)=   -2.6249935 

 -1-1=0 -10=0 -11=0 -12=0 -13=0 0-1=0 00=0 01=0 02=0 03=0 1-1=0 10=0 11=14 12=10 13=0 2-1=0 20=0 21=5 22=46 23=3 3-1=0 30=0 31=0 32=0 33=0
Powell

Powell iter=1 Big Iter=1 -2*LL=13573.569945430343 gain=0 0 sec. 0 sec.
#model=  1      +     age 
12    0.0000000    0.0000000 
13    0.0000000    0.0000000 
21    0.0000000    0.0000000 
23    0.0000000    0.0000000 
1...........2.................................345......6.............7.......8.................. p(3)=0.000000 flat=1  p(4)=0.000000 flat=1 
Powell iter=2 Big Iter=2 -2*LL=3382.564401482547 gain=1.02e+004 1 sec. 1 sec.
#model=  1      +     age 
12   37.5621498   -0.0013268 
13    0.0000000    0.0000000 
21    3.1880882   -0.0009649 
23   -1.3440624    0.0027553 

Considering the time needed for this last iteration #2: 1 seconds,
   - if your program needs 1 BIG iterations  (2 iterations) to converge, convergence will be 
   reached in 0 day(s) 0 hour(s) 0 minute(s) 0 second(s) i.e.
   on Tue May 28 07:03:22 2024 (current time is Tue May 28 07:03:22 2024);
   - if your program needs 11 BIG iterations  (22 iterations) to converge, convergence will be 
   reached in 0 day(s) 0 hour(s) 0 minute(s) 20 second(s) i.e.
   on Tue May 28 07:03:42 2024 (current time is Tue May 28 07:03:22 2024);
   - if your program needs 21 BIG iterations  (42 iterations) to converge, convergence will be 
   reached in 0 day(s) 0 hour(s) 0 minute(s) 40 second(s) i.e.
   on Tue May 28 07:04:02 2024 (current time is Tue May 28 07:03:22 2024);
   - if your program needs 31 BIG iterations  (62 iterations) to converge, convergence will be 
   reached in 0 day(s) 0 hour(s) 1 minute(s) 0 second(s) i.e.
   on Tue May 28 07:04:22 2024 (current time is Tue May 28 07:03:22 2024);
1.............2...................3.........4...................5.......6.................7.......8..................directest= 44275.203562977527 (if directest<0 or t<0 we include P0 Pn as new direction), t= -237768073758.464630000000, f1= 3382.564401482547,f2= 3110.512770628997,f3= 47361.547573893389, del= 123.941435570206
f1-2f2+f3= 44523.086434117940, f1-f2-del= 148.110195283344, f1-f3= -43978.983172410844

Powell iter=3 Big Iter=2 -2*LL=3110.512770628997 gain=272 1 sec. 2 sec.
#model=  1      +     age 
12    5.0119466   -0.0042141 
13   -0.7836199    0.0044306 
21    2.6088807   -0.0019689 
23   -2.8024353    0.0066432 

Considering the time needed for this last iteration #3: 1 seconds,
   - if your program needs 1 BIG iterations  (2 iterations) to converge, convergence will be 
   reached in 0 day(s) 0 hour(s) 0 minute(s) -1 second(s) i.e.
   on Tue May 28 07:03:22 2024 (current time is Tue May 28 07:03:23 2024);
   - if your program needs 11 BIG iterations  (22 iterations) to converge, convergence will be 
   reached in 0 day(s) 0 hour(s) 0 minute(s) 19 second(s) i.e.
   on Tue May 28 07:03:42 2024 (current time is Tue May 28 07:03:23 2024);
   - if your program needs 21 BIG iterations  (42 iterations) to converge, convergence will be 
   reached in 0 day(s) 0 hour(s) 0 minute(s) 39 second(s) i.e.
   on Tue May 28 07:04:02 2024 (current time is Tue May 28 07:03:23 2024);
   - if your program needs 31 BIG iterations  (62 iterations) to converge, convergence will be 
   reached in 0 day(s) 0 hour(s) 0 minute(s) 59 second(s) i.e.
   on Tue May 28 07:04:22 2024 (current time is Tue May 28 07:03:23 2024);
1...........2...................3..........4..................5........6...............7........8...........................Gaining to use new average direction of P0 P8 instead of biggest increase direction 7 :

Powell iter=4 Big Iter=3 -2*LL=2703.955263566957 gain=407 1 sec. 3 sec.
#model=  1      +     age 
12    4.8532324   -0.0154159 
13   -2.1279255    0.0183678 
21    0.0088363   -0.0099796 
23   -6.8772743    0.0218094 
1...........2...................3..........4...................5.........6..................7....................8..........directest= 833.472539730961 (if directest<0 or t<0 we include P0 Pn as new direction), t= -1217330.048761172500, f1= 2703.955263566957,f2= 2696.807016094505,f3= 3526.864552890739, del= 1.866622268863
f1-2f2+f3= 837.205784268686, f1-f2-del= 5.281625203590, f1-f3= -822.909289323782

Powell iter=5 Big Iter=3 -2*LL=2696.807016094505 gain=7.15 0 sec. 3 sec.
#model=  1      +     age 
12    4.6924768   -0.0186766 
13   -2.3007170    0.0217499 
21    0.0323364   -0.0115172 
23   -6.8501249    0.0240967 
1..........2...................3..........4...................5.........6..................7...................8................Gaining to use new average direction of P0 P8 instead of biggest increase direction 1 :

Powell iter=6 Big Iter=4 -2*LL=2585.750608194262 gain=111 1 sec. 4 sec.
#model=  1      +     age 
12   16.0578188   -0.1130316 
13   -7.4928597    0.1177535 
21    3.2218910   -0.0521206 
23   -6.0261129    0.0252072 
1.........2.................3..........4....................5.........6................7..................8........
Powell iter=7 Big Iter=4 -2*LL=2543.055666853279 gain=42.7 1 sec. 5 sec.
#model=  1      +     age 
12   21.0604828   -0.1636489 
13   -9.9636887    0.1620861 
21    4.5153227   -0.0718336 
23   -6.1038632    0.0205018 
1..........2............3.................4..........................5.........6...............7...................8................Gaining to use new average direction of P0 P8 instead of biggest increase direction 1 :

Powell iter=8 Big Iter=5 -2*LL=2529.382184733422 gain=13.7 0 sec. 5 sec.
#model=  1      +     age 
12   25.8129108   -0.2122215 
13  -12.2928840    0.2039480 
21    5.6819277   -0.0906773 
23   -6.2130725    0.0170623 
1........2............3.........4..................5.........6.............7...................8........directest= 2.740963407394 (if directest<0 or t<0 we include P0 Pn as new direction), t= -0.467880481170, f1= 2529.382184733422,f2= 2529.156033808750,f3= 2531.857347446972, del= 0.093250577750
f1-2f2+f3= 2.927464562894, f1-f2-del= 0.132900346922, f1-f3= -2.475162713551

Powell iter=9 Big Iter=5 -2*LL=2529.156033808750 gain=0.226 1 sec. 6 sec.
#model=  1      +     age 
12   26.0613596   -0.2137061 
13  -12.4006019    0.2059787 
21    5.7725018   -0.0917958 
23   -6.2155476    0.0171315 
1........2...........3.........4..................5.........6.............7..................8...............Gaining to use new average direction of P0 P8 instead of biggest increase direction 5 :

Powell iter=10 Big Iter=6 -2*LL=2528.554358102645 gain=0.602 0 sec. 6 sec.
#model=  1      +     age 
12   27.4380610   -0.2239536 
13  -12.9422530    0.2166028 
21    6.3105196   -0.0987439 
23   -6.2730594    0.0196301 
1.........2..........3.........4..................5........6.............7..................8...............Gaining to use new average direction of P0 P8 instead of biggest increase direction 1 :

Powell iter=11 Big Iter=6 -2*LL=2527.368886259043 gain=1.19 0 sec. 6 sec.
#model=  1      +     age 
12   27.6293319   -0.2239942 
13  -12.8350665    0.2159849 
21    6.6633168   -0.1032529 
23   -6.5584780    0.0249400 
1........2............3.........4..................5........6.............7..................8................Gaining to use new average direction of P0 P8 instead of biggest increase direction 8 :

Powell iter=12 Big Iter=7 -2*LL=2526.205405987402 gain=1.16 1 sec. 7 sec.
#model=  1      +     age 
12   28.2504047   -0.2268708 
13  -12.8637944    0.2182970 
21    7.2100861   -0.1108035 
23   -6.9492244    0.0314123 
1........2..........3..........4..................5........6.............7..................8.................Gaining to use new average direction of P0 P8 instead of biggest increase direction 1 :

Powell iter=13 Big Iter=7 -2*LL=2522.396292172586 gain=3.81 0 sec. 7 sec.
#model=  1      +     age 
12   27.2326608   -0.2138586 
13  -11.6593206    0.2012007 
21    7.9519535   -0.1215506 
23   -8.1909943    0.0494584 
1........2.............3..........4...................5........6.............7..................8........
Powell iter=14 Big Iter=8 -2*LL=2519.577427906881 gain=2.82 1 sec. 8 sec.
#model=  1      +     age 
12   26.0942989   -0.2015829 
13  -10.8834634    0.1886390 
21    7.9842510   -0.1224488 
23   -8.6624517    0.0553190 
1.......2.............3..........4...................5........6.............7..................8..............Gaining to use new average direction of P0 P8 instead of biggest increase direction 8 :

Powell iter=15 Big Iter=8 -2*LL=2509.598344454756 gain=9.98 0 sec. 8 sec.
#model=  1      +     age 
12   16.1763915   -0.0965552 
13   -4.7732757    0.0866073 
21    7.5484663   -0.1180438 
23  -11.6542739    0.0936685 
1.......2345........6............7..................8........ p(2)=0.939014 flat=1  p(3)=-1.847950 flat=1  p(4)=0.052708 flat=1 directest= 10.836323055392 (if directest<0 or t<0 we include P0 Pn as new direction), t= -4.695071877907, f1= 2509.598344454756,f2= 2505.618085000572,f3= 2516.730328343002, del= 2.128089870611
f1-2f2+f3= 15.092502796614, f1-f2-del= 1.852169583573, f1-f3= -7.131983888246

Powell iter=16 Big Iter=9 -2*LL=2505.618085000572 gain=3.98 1 sec. 9 sec.
#model=  1      +     age 
12   12.4998879    0.9390141 
13   -1.8479501    0.0527081 
21    6.8737023   -0.1086102 
23  -12.1776966    0.0990105 
1........234..................5........6............7..................8......... p(2)=1.952244 flat=1  p(3)=-0.103073 flat=1 .......2 flat directions :2 3 
Gaining to use new average direction of P0 P8 instead of biggest increase direction 1 :

Powell iter=17 Big Iter=9 -2*LL=2505.007451183159 gain=0.611 0 sec. 9 sec.
#model=  1      +     age 
12   10.1702928    2.6986418 
13    1.1822948    1.1040735 
21    6.5611042   -0.1041836 
23  -12.6720339    0.1042400 
1.........2..................345........6............7..................8........ p(3)=2.019475 flat=1  p(4)=2.072050 flat=1 directest= 0.090143538580 (if directest<0 or t<0 we include P0 Pn as new direction), t= -0.000055791972, f1= 2505.007451183159,f2= 2504.986010335618,f3= 2505.081112591073, del= 0.013199782208
f1-2f2+f3= 0.116543102997, f1-f2-del= 0.008241065333, f1-f3= -0.073661407914

Powell iter=18 Big Iter=10 -2*LL=2504.986010335618 gain=0.0214 1 sec. 10 sec.
#model=  1      +     age 
12   10.3822181    4.2940853 
13    2.0194749    2.0720497 
21    6.6061165   -0.1047870 
23  -12.6614946    0.1040514 
1..........2.................345........6............7..................8|...... p(3)=3.033986 flat=1  p(4)=3.069323 flat=1 
Powell iter=19 Big Iter=10 -2*LL=2504.972731736377 gain=0.0133 1 sec. 11 sec.
#model=  1      +     age 
12   10.3738997    6.6728747 
13    3.0339861    3.0693235 
21    6.6271565   -0.1050770 
23  -12.6981830    0.1044605 
1.........2|.....................345........6............7..................8|...... p(3)=4.044233 flat=1  p(4)=4.066017 flat=1 ...............2 flat directions :3 4 
Gaining to use new average direction of P0 P8 instead of biggest increase direction 5 :

Powell iter=20 Big Iter=11 -2*LL=2504.959261756422 gain=0.0135 0 sec. 11 sec.
#model=  1      +     age 
12   10.3416985    6.6908312 
13    6.4364852    6.4261759 
21    6.6760575   -0.1057699 
23  -12.7876809    0.1055067 
1.........2||..............34|5|.....6...............7..................8|............. p(3)=-9.107320 flat=1  p(4)=6.454009 flat=1 
Powell iter=21 Big Iter=11 -2*LL=2504.952155202680 gain=0.00711 1 sec. 12 sec.
#model=  1      +     age 
12   10.4095168    6.6846012 
13   -9.1073203    6.4540087 
21    6.6804352   -0.1058227 
23  -12.7689595    0.1052829 
1.........2||...........34|.............5|......6........................7..........................8|.............. p(3)=-16.138735 flat=1 .....1 flat directions :3 
Gaining to use new average direction of P0 P8 instead of biggest increase direction 1 :

Powell iter=22 Big Iter=12 -2*LL=2504.958115328578 gain=-0.00596 2 sec. 14 sec.
#model=  1      +     age 
12   10.4865172    6.6713381 
13  -30.4667498    6.6539030 
21    6.6869983   -0.1059052 
23  -12.7497787    0.1050565 
1|..............2|..................................34|..................5|......6...........7...................8............ p(3)=-29.834788 flat=1 directest= -0.010198775782 (if directest<0 or t<0 we include P0 Pn as new direction), t= 0.000000008514, f1= 2504.958115328578,f2= 2504.958027555026,f3= 2504.958103877193, del= 0.005181435751
f1-2f2+f3= 0.000164095720, f1-f2-del= -0.005093662198, f1-f3= 0.000011451385
...............1 flat directions :3 
Gaining to use new average direction of P0 P8 instead of biggest increase direction 1 :

Powell iter=23 Big Iter=12 -2*LL=2504.958016652125 gain=9.87e-005 1 sec. 15 sec.
#model=  1      +     age 
12   10.5044510    6.6666591 
13  -33.4109158    6.7549510 
21    6.6894501   -0.1059406 
23  -12.7466435    0.1050186 
1......2|.......................3...............4|..............5|...........6...........7..................8.........
Powell iter=24 Big Iter=13 -2*LL=2504.472866698794 gain=0.485 1 sec. 16 sec.
#model=  1      +     age 
12   10.4874494    6.6713142 
13    0.6334955    6.7093036 
21    6.6879422   -0.1057436 
23  -12.7508052    0.1047925 
1...............2|..............3............4|...............5|.............6...........7..................8.........
Powell iter=25 Big Iter=13 -2*LL=2504.469276263499 gain=0.00359 1 sec. 17 sec.
#model=  1      +     age 
12   10.4878755    6.6711648 
13    0.5618806    6.7111297 
21    6.6879916   -0.1057769 
23  -12.7507176    0.1047680 
1..............2|..............3.............4|...............5|.............6............7..................8................Gaining to use new average direction of P0 P8 instead of biggest increase direction 1 :

Powell iter=26 Big Iter=14 -2*LL=2504.468888318092 gain=0.000388 1 sec. 18 sec.
#model=  1      +     age 
12   10.4880317    6.6711303 
13    0.5267305    6.7120842 
21    6.6880091   -0.1057811 
23  -12.7506863    0.1047577 
1...................2|......................3...............4|................5|...........6............7....................8................directest= -0.000014546936 (if directest<0 or t<0 we include P0 Pn as new direction), t= 0.000000000000, f1= 2504.468888318092,f2= 2504.468879071340,f3= 2504.468929778266, del= 0.000037250307
f1-2f2+f3= 0.000059953678, f1-f2-del= -0.000028003555, f1-f3= -0.000041460174
..........Gaining to use new average direction of P0 P8 instead of biggest increase direction 5 :

Powell iter=27 Big Iter=14 -2*LL=2504.468878732566 gain=9.59e-006 1 sec. 19 sec.
#model=  1      +     age 
12   10.4879909    6.6711688 
13    0.5226525    6.7121973 
21    6.6880032   -0.1057806 
23  -12.7506951    0.1047575 
1............2|..............3...............4|.................5..................6..............7.....................8..................Gaining to use new average direction of P0 P8 instead of biggest increase direction 3 :

Powell iter=28 Big Iter=15 -2*LL=2504.468874045972 gain=4.69e-006 1 sec. 20 sec.
#model=  1      +     age 
12   10.4879679    6.6711904 
13    0.5175056    6.7123318 
21    6.6880006   -0.1057794 
23  -12.7507012    0.1047568 
1..........2|...............3...........4|................5.........6.............7.....................8..............Gaining to use new average direction of P0 P8 instead of biggest increase direction 8 :

Powell iter=29 Big Iter=15 -2*LL=2504.468861933626 gain=1.21e-005 1 sec. 21 sec.
#model=  1      +     age 
12   10.4878401    6.6712722 
13    0.5186907    6.7124441 
21    6.6879871   -0.1057774 
23  -12.7507324    0.1047564 
1.............2|................3......4|..............5.............6..................7....................8............Gaining to use new average direction of P0 P8 instead of biggest increase direction 8 :

Powell iter=30 Big Iter=16 -2*LL=2504.468794875360 gain=6.71e-005 2 sec. 23 sec.
#model=  1      +     age 
12   10.4870453    6.6717886 
13    0.5293185    6.7129211 
21    6.6879032   -0.1057713 
23  -12.7509264    0.1047568 
1............2|...............3.......4|..................5..............6...........7..................8............Gaining to use new average direction of P0 P8 instead of biggest increase direction 8 :

Powell iter=31 Big Iter=16 -2*LL=2504.468428741535 gain=0.000366 1 sec. 24 sec.
#model=  1      +     age 
12   10.4829210    6.6745471 
13    0.5596023    6.7154482 
21    6.6874685   -0.1057561 
23  -12.7519336    0.1047646 
1.........2|...............3.......4|.................5.............6...........7....................8.............Gaining to use new average direction of P0 P8 instead of biggest increase direction 8 :

Powell iter=32 Big Iter=17 -2*LL=2504.466271186020 gain=0.00216 1 sec. 25 sec.
#model=  1      +     age 
12   10.4593079    6.6906319 
13    0.6186380    6.7310218 
21    6.6849792   -0.1057038 
23  -12.7577053    0.1048218 
1.........2||..........3........4|................5............6...........7..................8...........................Gaining to use new average direction of P0 P8 instead of biggest increase direction 8 :

Powell iter=33 Big Iter=17 -2*LL=2504.454773806749 gain=0.0115 1 sec. 26 sec.
#model=  1      +     age 
12   10.3452966    6.7687057 
13    0.6547805    6.8084021 
21    6.6729593   -0.1055134 
23  -12.7855836    0.1051263 
1.........2||.........3........4||..........5.......6...........7..................8|.....................
Powell iter=34 Big Iter=18 -2*LL=2504.437512349085 gain=0.0173 1 sec. 27 sec.
#model=  1      +     age 
12   10.3443051    6.7698713 
13    0.4002217    6.8113475 
21    6.6728540   -0.1055678 
23  -12.7858372    0.1051590 
1.........2||.........3.......4||...........5...........6...........7.............8|............................directest= -0.004266784328 (if directest<0 or t<0 we include P0 Pn as new direction), t= 0.000000067176, f1= 2504.437512349085,f2= 2504.436875694879,f3= 2504.440242476011, del= 0.004135109833
f1-2f2+f3= 0.004003435337, f1-f2-del= -0.003498455627, f1-f3= -0.002730126926
.......Gaining to use new average direction of P0 P8 instead of biggest increase direction 8 :

Powell iter=35 Big Iter=18 -2*LL=2504.440192612675 gain=-0.00268 1 sec. 28 sec.
#model=  1      +     age 
12   10.3385712    6.7737375 
13    0.4288215    6.8139553 
21    6.6722527   -0.1055684 
23  -12.7872356    0.1051904 
1.............2||..........3.......4||...............5.............6..........7................8................Gaining to use new average direction of P0 P8 instead of biggest increase direction 8 :

Powell iter=36 Big Iter=19 -2*LL=2504.439405826397 gain=0.000787 1 sec. 29 sec.
#model=  1      +     age 
12   10.3308334    6.7790718 
13    0.4116576    6.8190913 
21    6.6714374   -0.1055619 
23  -12.7891274    0.1052191 
1...........2|||.......3.......4||............5.........6...........7................8..................
Powell iter=37 Big Iter=19 -2*LL=2504.437501729639 gain=0.0019 1 sec. 30 sec.
#model=  1      +     age 
12   10.3217386    6.7853626 
13    0.3860912    6.8257059 
21    6.6704772   -0.1055483 
23  -12.7913523    0.1052436 
1...............................2|||||..........................3......................4||...........5..................6...........7................8||.....................................directest= -0.048513780062 (if directest<0 or t<0 we include P0 Pn as new direction), t= 0.000128043298, f1= 2504.437501729639,f2= 2504.436633329050,f3= 2504.488124286062, del= 0.050436568832
f1-2f2+f3= 0.052359357601, f1-f2-del= -0.049568168242, f1-f3= -0.050622556423
..............Gaining to use new average direction of P0 P8 instead of biggest increase direction 5 :

Powell iter=38 Big Iter=20 -2*LL=2504.436633305876 gain=0.000868 2 sec. 32 sec.
#model=  1      +     age 
12   10.3219131    6.7853586 
13    0.3313706    6.8272135 
21    6.6704953   -0.1055405 
23  -12.7913182    0.1052292 
1..........................................................................2|||||..........................3..............................4||......................................5||.....................................6.......................7..................8.........directest= 0.050523322047 (if directest<0 or t<0 we include P0 Pn as new direction), t= -0.000000000189, f1= 2504.436633305876,f2= 2504.436633289561,f3= 2504.487156743081, del= 0.000000073894
f1-2f2+f3= 0.050523469835, f1-f2-del= -0.000000057579, f1-f3= -0.050523437204

Powell iter=39 Big Iter=20 -2*LL=2504.436633289561 gain=1.63e-008 3 sec. 35 sec.
#model=  1      +     age 
12   10.3219131    6.7853586 
13    0.3313874    6.8272130 
21    6.6704953   -0.1055403 
23  -12.7913182    0.1052293 
1....2|||||..........................3...............................4||.......................................5||......................................6..................7............8..........................................directest= 0.050522586596 (if directest<0 or t<0 we include P0 Pn as new direction), t= -0.000000000116, f1= 2504.436633289561,f2= 2504.436633289235,f3= 2504.487155966518, del= 0.000000045506
f1-2f2+f3= 0.050522677608, f1-f2-del= -0.000000045181, f1-f3= -0.050522676957

Powell iter=40 Big Iter=21 -2*LL=2504.436633289235 gain=3.26e-010 1 sec. 36 sec.
#model=  1      +     age 
12   10.3219131    6.7853586 
13    0.3313874    6.8272130 
21    6.6704953   -0.1055403 
23  -12.7913182    0.1052293 
1..........................................................................2|||||..........................3.............4||.........................5|||............................6............7............8..............Gaining to use new average direction of P0 P8 instead of biggest increase direction 4 :

Powell iter=41 Big Iter=21 -2*LL=2504.436633266129 gain=2.31e-008 2 sec. 38 sec.
#model=  1      +     age 
12   10.3219131    6.7853585 
13    0.3314251    6.8272123 
21    6.6704953   -0.1055401 
23  -12.7913182    0.1052293 
1....2|||||..........................3...........................4................5||......................................6..................7..............8..................directest= 0.000014265898 (if directest<0 or t<0 we include P0 Pn as new direction), t= -0.000000000000, f1= 2504.436633266129,f2= 2504.436633219475,f3= 2504.436647480959, del= 0.000000021120
f1-2f2+f3= 0.000014308137, f1-f2-del= 0.000000025534, f1-f3= -0.000014214830

Powell iter=42 Big Iter=22 -2*LL=2504.436633219475 gain=4.67e-008 2 sec. 40 sec.
#model=  1      +     age 
12   10.3219129    6.7853585 
13    0.3314725    6.8272113 
21    6.6704953   -0.1055401 
23  -12.7913183    0.1052293 
1..........................................................................2|||||..........................3.....................................4.......5||...............................6................7................................8............Gaining to use new average direction of P0 P8 instead of biggest increase direction 5 :

Powell iter=43 Big Iter=22 -2*LL=2504.436612461291 gain=2.08e-005 2 sec. 42 sec.
#model=  1      +     age 
12   10.3219432    6.7852667 
13    0.3633550    6.8266351 
21    6.6705023   -0.1055393 
23  -12.7913104    0.1052297 
1....2||||...............3......4...........5............6...........7.................8............directest= 0.000017281367 (if directest<0 or t<0 we include P0 Pn as new direction), t= -0.000000000000, f1= 2504.436612461291,f2= 2504.436609536899,f3= 2504.436631011811, del= 0.000003558968
f1-2f2+f3= 0.000024399303, f1-f2-del= -0.000000634577, f1-f3= -0.000018550520

Powell iter=44 Big Iter=23 -2*LL=2504.436609536899 gain=2.92e-006 0 sec. 42 sec.
#model=  1      +     age 
12   10.3219479    6.7852619 
13    0.3640678    6.8266459 
21    6.6705030   -0.1055401 
23  -12.7913094    0.1052292 
1..........................................................................2||||.........3...........4...........5...............6...............7......................8........................Gaining to use new average direction of P0 P8 instead of biggest increase direction 2 :

Powell iter=45 Big Iter=23 -2*LL=2504.436609000775 gain=5.36e-007 2 sec. 44 sec.
#model=  1      +     age 
12   10.3219480    6.7852616 
13    0.3641964    6.8266605 
21    6.6705030   -0.1055402 
23  -12.7913093    0.1052290 
1..........................................................................2...........................3...........4......5....................6......................7.............8..............................Gaining to use new average direction of P0 P8 instead of biggest increase direction 8 :

Powell iter=46 Big Iter=24 -2*LL=2504.436608481750 gain=5.19e-007 1 sec. 45 sec.
#model=  1      +     age 
12   10.3219450    6.7852597 
13    0.3660078    6.8266382 
21    6.6705028   -0.1055401 
23  -12.7913099    0.1052289 
1..........................................................................2..............3..........4...............5.................6..............7..............8................Gaining to use new average direction of P0 P8 instead of biggest increase direction 8 :

Powell iter=47 Big Iter=24 -2*LL=2504.436605738928 gain=2.74e-006 2 sec. 47 sec.
#model=  1      +     age 
12   10.3219128    6.7852641 
13    0.3746299    6.8265283 
21    6.6704993   -0.1055400 
23  -12.7913162    0.1052289 
1..........................................................................2.........3......4..............5......................6...............7..............8.................Gaining to use new average direction of P0 P8 instead of biggest increase direction 8 :

Powell iter=48 Big Iter=25 -2*LL=2504.436593458757 gain=1.23e-005 1 sec. 48 sec.
#model=  1      +     age 
12   10.3217439    6.7853466 
13    0.3925257    6.8263421 
21    6.6704785   -0.1055393 
23  -12.7913509    0.1052295 
1............................2..........................................................................3..............4......5............6..............7.............8...................
Powell iter=49 Big Iter=25 -2*LL=2504.436589927173 gain=3.53e-006 1 sec. 49 sec.
#model=  1      +     age 
12   10.3217245    6.7853613 
13    0.3918675    6.8263489 
21    6.6704755   -0.1055395 
23  -12.7913539    0.1052297 
1....2.......................................................................3.................................4.....................5.................................6.................7............8|............................................directest= 0.050529824888 (if directest<0 or t<0 we include P0 Pn as new direction), t= -0.000000000006, f1= 2504.436589927173,f2= 2504.436589923552,f3= 2504.487119749667, del= 0.000000002424
f1-2f2+f3= 0.050529829736, f1-f2-del= 0.000000001197, f1-f3= -0.050529822494

Powell iter=50 Big Iter=26 -2*LL=2504.436589923552 gain=3.62e-009 2 sec. 51 sec.
#model=  1      +     age 
12   10.3217244    6.7853613 
13    0.3918981    6.8263481 
21    6.6704755   -0.1055396 
23  -12.7913539    0.1052297 
1....2....3................................................4.........................................5.............................6..............7............8|...........................................
Powell iter=51 Big Iter=26 -2*LL=2504.436589923545 gain=7.28e-012 2 sec. 53 sec.
#model=  1      +     age 
12   10.3217244    6.7853613 
13    0.3918981    6.8263481 
21    6.6704755   -0.1055396 
23  -12.7913539    0.1052297 
1............................2........................................................................3..........4.............5......6.....................7..............8|...................
Powell iter=52 Big Iter=27 -2*LL=2504.436588268327 gain=1.66e-006 1 sec. 54 sec.
#model=  1      +     age 
12   10.3217493    6.7853576 
13    0.3851940    6.8264408 
21    6.6704779   -0.1055396 
23  -12.7913481    0.1052296 
1..................................2...........................................................................3..............4........5.....................6.....................7.............8|....................directest= -0.000000645351 (if directest<0 or t<0 we include P0 Pn as new direction), t= 0.000000000000, f1= 2504.436588268327,f2= 2504.436588133392,f3= 2504.436588101057, del= 0.000000373976
f1-2f2+f3= 0.000000102601, f1-f2-del= -0.000000239040, f1-f3= 0.000000167270
..................Gaining to use new average direction of P0 P8 instead of biggest increase direction 1 :

Powell iter=53 Big Iter=27 -2*LL=2504.436587929234 gain=3.39e-007 2 sec. 56 sec.
#model=  1      +     age 
12   10.3217448    6.7853610 
13    0.3851211    6.8264455 
21    6.6704772   -0.1055396 
23  -12.7913491    0.1052297 
1|.....................................2...................................3............................................4.................5...................................6................7................8..........................................directest= 0.050528895808 (if directest<0 or t<0 we include P0 Pn as new direction), t= -0.000000000000, f1= 2504.436587929234,f2= 2504.436587928879,f3= 2504.487116824668, del= 0.000000000168
f1-2f2+f3= 0.050528896145, f1-f2-del= 0.000000000187, f1-f3= -0.050528895435

Powell iter=54 Big Iter=28 -2*LL=2504.436587928879 gain=3.55e-010 2 sec. 58 sec.
#model=  1      +     age 
12   10.3217447    6.7853610 
13    0.3851446    6.8264448 
21    6.6704772   -0.1055396 
23  -12.7913491    0.1052297 
1|...........................................2..........................................................................3.............................................4...........................................5................................................6..............7............8.........................................
Powell iter=55 Big Iter=28 -2*LL=2504.436587928874 gain=4.55e-012 2 sec. 60 sec.
#model=  1      +     age 
12   10.3217447    6.7853610 
13    0.3851446    6.8264448 
21    6.6704772   -0.1055396 
23  -12.7913491    0.1052297 
1|............................................2....3................................................4.........................................5..............................................6...............7...........8...............................................directest= 0.000000000000 (if directest<0 or t<0 we include P0 Pn as new direction), t= -0.000000000000, f1= 2504.436587928874,f2= 2504.436587928874,f3= 2504.436587928875, del= 0.000000000001
f1-2f2+f3= 0.000000000002, f1-f2-del= -0.000000000000, f1-f3= -0.000000000001

Powell iter=56 Big Iter=29 -2*LL=2504.436587928874 gain=4.55e-013 2 sec. 62 sec.
#model=  1      +     age 
12   10.3217447    6.7853610 
13    0.3851446    6.8264448 
21    6.6704772   -0.1055396 
23  -12.7913491    0.1052297 
1|..........................................2....3......................................4..................................5...............................................6...............7............8............................................directest= 0.050529355583 (if directest<0 or t<0 we include P0 Pn as new direction), t= -0.000000000000, f1= 2504.436587928874,f2= 2504.436587928872,f3= 2504.487117284460, del= 0.000000000003
f1-2f2+f3= 0.050529355590, f1-f2-del= -0.000000000001, f1-f3= -0.050529355586

Powell iter=57 Big Iter=29 -2*LL=2504.436587928872 gain=1.82e-012 2 sec. 64 sec.
#model=  1      +     age 
12   10.3217447    6.7853610 
13    0.3851446    6.8264448 
21    6.6704772   -0.1055396 
23  -12.7913491    0.1052297 
1|...........................................2..........................................................................3..............................................4...........................................5.................................................6..............7............8...............................................directest= 0.000000000004 (if directest<0 or t<0 we include P0 Pn as new direction), t= -0.000000000000, f1= 2504.436587928872,f2= 2504.436587928870,f3= 2504.436587928874, del= 0.000000000001
f1-2f2+f3= 0.000000000005, f1-f2-del= 0.000000000000, f1-f3= -0.000000000003

Powell iter=58 Big Iter=30 -2*LL=2504.436587928870 gain=1.36e-012 3 sec. 67 sec.
#model=  1      +     age 
12   10.3217447    6.7853610 
13    0.3851446    6.8264448 
21    6.6704772   -0.1055396 
23  -12.7913491    0.1052297 
1|...........................................2..........................................................................3.................................................4.........................................5..............................................6................7............8..............................................
#Number of iterations & function calls = 58 & 10584, -2 Log likelihood = 2504.436587928870
# Parameters nlstate*nlstate*ncov a12*1 + b12 * age + ...
#model=  1      +     age 
12   10.3217447    6.7853610 
13    0.3851446    6.8264448 
21    6.6704772   -0.1055396 
23  -12.7913491    0.1052297 

Calculation of the hessian matrix. Wait...
1-2-3-4-5-6-7-8-.1-2.1-3.1-4.1-5.1-6.1-7.1-8.2-3.2-4.2-5.2-6.2-7.2-8.3-4.3-5Warning: directions 3-5, you are not estimating the Hessian at the exact maximum likelihood; you could increase ftol=1.00e-018
3 5 k=1, k1=5.016660761657e-002 k2=5.109152395562e-002 k3=-4.099934581063e-004 k4=6.055732424102e-004 delti*k=1.000000000000e-003 deltj*k=1.000000000000e-003, xi-de*k=3.841446446075e-001 xj-de*k=6.669477239576e+000  res=1.133129518394e+001 k1234=9.065036147149e-005,k1-2=-9.249163390450e-004,k3-4=-1.015566700517e-003
Warning: directions 3-5, you are not estimating the Hessian at the exact maximum likelihood; you could increase ftol=1.00e-018
3 5 k=11, k1=5.713664819632e-002 k2=6.785894284712e-002 k3=6.587761903120e-003 k4=1.730642792063e-002 delti*k=9.090909090909e-005 deltj*k=9.090909090909e-005, xi-de*k=3.850537355166e-001 xj-de*k=6.670386330485e+000  res=-3.748588113929e-003 k1234=-3.628633294284e-006,k1-2=-1.072229465080e-002,k3-4=-1.071866601751e-002
.3-6.3-7Warning: directions 3-7, you are not estimating the Hessian at the exact maximum likelihood; you could increase ftol=1.00e-018
3 7 k=1, k1=6.800846246097e-002 k2=4.741076186701e-002 k3=1.732740581929e-002 k4=-2.970704700601e-003 delti*k=1.000000000000e-003 deltj*k=1.000000000000e-002, xi-de*k=3.841446446075e-001 xj-de*k=-1.280134911308e+001  res=3.744875925804e+000 k1234=2.995900740643e-004,k1-2=2.059770059395e-002,k3-4=2.029811051989e-002
Warning: directions 3-7, you are not estimating the Hessian at the exact maximum likelihood; you could increase ftol=1.00e-018
3 7 k=11, k1=1.069600008455e+000 k2=7.700493550897e-001 k3=1.007971293637e+000 k4=7.312879637839e-001 delti*k=9.090909090909e-005 deltj*k=9.090909090909e-004, xi-de*k=3.850537355166e-001 xj-de*k=-1.279225820399e+001  res=2.362326809132e+000 k1234=2.286732351240e-002,k1-2=2.995506533657e-001,k3-4=2.766833298533e-001
.3-8.4-5Warning: directions 4-5, you are not estimating the Hessian at the exact maximum likelihood; you could increase ftol=1.00e-018
4 5 k=1, k1=5.016626390398e-002 k2=5.108963576504e-002 k3=-4.102265702386e-004 k4=6.068838233659e-004 delti*k=1.000000000000e-005 deltj*k=1.000000000000e-003, xi-de*k=6.826434816245e+000 xj-de*k=6.669477239576e+000  res=1.171731656768e+003 k1234=9.373853254147e-005,k1-2=-9.233718610631e-004,k3-4=-1.017110393605e-003
Warning: directions 4-5, you are not estimating the Hessian at the exact maximum likelihood; you could increase ftol=1.00e-018
4 5 k=11, k1=5.718673950696e-002 k2=6.772167364488e-002 k3=6.468911395132e-003 k4=1.737388041147e-002 delti*k=9.090909090909e-007 deltj*k=9.090909090909e-005, xi-de*k=6.826443907154e+000 xj-de*k=6.670386330485e+000  res=3.822674363792e+001 k1234=3.700348784150e-004,k1-2=-1.053493413792e-002,k3-4=-1.090496901634e-002
.4-6.4-7Warning: directions 4-7, you are not estimating the Hessian at the exact maximum likelihood; you could increase ftol=1.00e-018
4 7 k=1, k1=6.799352807047e-002 k2=4.742354859309e-002 k3=1.734174861622e-002 k4=-2.984054220633e-003 delti*k=1.000000000000e-005 deltj*k=1.000000000000e-002, xi-de*k=6.826434816245e+000 xj-de*k=-1.280134911308e+001  res=3.052208006693e+002 k1234=2.441766405354e-004,k1-2=2.056997947739e-002,k3-4=2.032580283685e-002
Warning: directions 4-7, you are not estimating the Hessian at the exact maximum likelihood; you could increase ftol=1.00e-018
4 7 k=11, k1=1.067926252697e+000 k2=7.717482246112e-001 k3=1.009556873777e+000 k4=7.295392025994e-001 delti*k=9.090909090909e-007 deltj*k=9.090909090909e-004, xi-de*k=6.826443907154e+000 xj-de*k=-1.279225820399e+001  res=1.669458358231e+002 k1234=1.616035690768e-002,k1-2=2.961780280857e-001,k3-4=2.800176711780e-001
.4-8.5-6.5-7.5-8.6-7.6-8.7-8

Inverting the hessian to get the covariance matrix. Wait...
 a[1][1]=1.#QNAN0, a[1][2]=1.#QNAN0, a[1][3]=1.#QNAN0, a[1][4]=1.#QNAN0, a[1][5]=1.#QNAN0, a[1][6]=1.#QNAN0, a[1][7]=1.#QNAN0, a[1][8]=1.#QNAN0,