Log filename:SEFsr.log
Version 0.99r45 $Revision: 1.353 $ $Date: 2023/05/08 18:48:22 $
Enter the parameter file name: 
pathimach=C:\PROGRA~1\IMACH-~2.99R\bin\
pathtot=C:\Users\mmusz\Dropbox\gender_paradox\data\IMACH\SEFsr.txt
 path=C:\Users\mmusz\Dropbox\gender_paradox\data\IMACH\ 
 optionfile=SEFsr.txt
 optionfilext=txt
 optionfilefiname='SEFsr'
Compiled with: Microsoft Visual Studio for Windows (x64 and x86)  64-bit
The programm is not running under WOW64 (i.e probably on a 64bit Windows).
Local time (at start): Mon May 27 20:51:18 2024
title=sr datafile=dataSEFsr.txt lastobs=15000 firstpass=1 lastpass=2
ftol=1.000000e-018 stepm=3 ncovcol=0 nqv=0 ntv=0 nqtv=0 nlstate=2 ndeath=1 maxwav=2 mle=1 weight=1
model=1+age+
# Parameters nlstate*nlstate*ncov a12*1 + b12 * age + ...
12 0.000000 0.000000
13 0.000000 0.000000
21 0.000000 0.000000
23 0.000000 0.000000
# Scales (for hessian or gradient estimation)
12 0.000000e+000 0.000000e+000
13 0.000000e+000 0.000000e+000
21 0.000000e+000 0.000000e+000
23 0.000000e+000 0.000000e+000
# Covariance matrix
121 0.00000e+000
122 0.00000e+000 0.00000e+000
131 0.00000e+000 0.00000e+000 0.00000e+000
132 0.00000e+000 0.00000e+000 0.00000e+000 0.00000e+000
211 0.00000e+000 0.00000e+000 0.00000e+000 0.00000e+000 0.00000e+000
212 0.00000e+000 0.00000e+000 0.00000e+000 0.00000e+000 0.00000e+000 0.00000e+000
231 0.00000e+000 0.00000e+000 0.00000e+000 0.00000e+000 0.00000e+000 0.00000e+000 0.00000e+000
232 0.00000e+000 0.00000e+000 0.00000e+000 0.00000e+000 0.00000e+000 0.00000e+000 0.00000e+000 0.00000e+000

Model=1+age+
Typevar: 0 for simple covariate (dummy, quantitative, fixed or varying), 1 for age product, 2 for  product, 3 for double product with age  
Fixed[k] 0=fixed (product or simple), 1 varying, 2 fixed with age product, 3 varying with age product 
Dummy[k] 0=dummy (0 1), 1 quantitative (single or product without age), 2 dummy with age product, 3 quant with age product
ncoveff=0, nqfveff=0, ntveff=0, nqtveff=0, cptcovn=0
ncovf=0, ncovv=0, ncova=0, nsd=0, nsq=0
Warning: The value of parameter lastobs=15000 is big compared to the 
  effective number of cases imx=1667, please adjust, 
  otherwise you are allocating more memory than necessary.
Total number of individuals= 1667, Agemin = 51.08, Agemax= 102.33

Information, you have to check 0 informations which haven't been logged!
Delay (in months) between two waves Min=3 (for indiviudal 690) Max=34 (373) Mean=25.046931

 Age 51 1.=1 loss[1]=0.0% 2.=0 loss[2]=0.0% 1.=1 prev[1]=82.6% 2.=0 prev[2]=17.4% 11=1 21=0
Age 52 1.=1 loss[1]=0.0% 2.=0 loss[2]=0.0% 1.=1 prev[1]=78.6% 2.=0 prev[2]=21.4% 11=1 12=0 22=0
Age 53 1.=2 loss[1]=0.0% 2.=0 loss[2]=0.0% 1.=2 prev[1]=95.6% 2.=0 prev[2]=4.4% 11=2 12=0 21=0
Age 54 1.=2 loss[1]=0.0% 2.=1 loss[2]=0.0% 1.=2 prev[1]=74.9% 2.=1 prev[2]=25.1% 11=2 12=0 21=0 22=1
Age 55 1.=2 loss[1]=0.0% 2.=0 loss[2]=0.0% 1.=2 prev[1]=92.6% 2.=0 prev[2]=7.4% 11=2 12=0 22=0
Age 56 1.=2 loss[1]=0.0% 2.=1 loss[2]=0.0% 1.=2 prev[1]=65.7% 2.=1 prev[2]=34.3% 11=1 12=0 21=0 22=1
Age 57 1.=2 loss[1]=0.0% 2.=1 loss[2]=0.0% 1.=2 prev[1]=66.1% 2.=1 prev[2]=33.9% 11=2 12=0 21=0 22=1
Age 58 1.=2 loss[1]=0.0% 2.=1 loss[2]=0.0% 1.=2 prev[1]=72.3% 2.=1 prev[2]=27.7% 11=2 12=0 21=0 22=1 23=0
Age 59 1.=3 loss[1]=0.0% 2.=1 loss[2]=0.0% 1.=3 prev[1]=73.1% 2.=1 prev[2]=26.9% 11=3 12=0 13=0 21=0 22=1
Age 60 1.=2 loss[1]=0.0% 2.=0 loss[2]=0.0% 1.=2 prev[1]=80.0% 2.=0 prev[2]=20.0% 11=2 12=0 21=0 22=0
Age 61 1.=2 loss[1]=0.0% 2.=1 loss[2]=0.0% 1.=2 prev[1]=75.7% 2.=1 prev[2]=24.3% 11=1 12=0 21=0 22=0
Age 62 1.=1 loss[1]=0.0% 2.=1 loss[2]=0.0% 1.=1 prev[1]=67.6% 2.=1 prev[2]=32.4% 11=1 12=0 13=0 21=0 22=0 23=0
Age 63 1.=2 loss[1]=0.0% 2.=0 loss[2]=0.0% 1.=2 prev[1]=77.4% 2.=0 prev[2]=22.6% 11=1 12=0 21=0 22=0
Age 64 1.=2 loss[1]=0.0% 2.=1 loss[2]=0.0% 1.=2 prev[1]=68.1% 2.=1 prev[2]=31.9% 11=2 12=0 21=0 22=1 23=0
Age 65 1.=2 loss[1]=0.0% 2.=1 loss[2]=0.0% 1.=2 prev[1]=80.4% 2.=1 prev[2]=19.6% 11=2 12=0 13=0 21=0 22=0 23=0
Age 66 1.=2 loss[1]=0.0% 2.=1 loss[2]=0.0% 1.=2 prev[1]=80.0% 2.=1 prev[2]=20.0% 11=2 12=1 21=0 22=0
Age 67 1.=2 loss[1]=0.0% 2.=1 loss[2]=0.0% 1.=2 prev[1]=74.8% 2.=1 prev[2]=25.2% 11=2 12=0 21=0 22=0
Age 68 1.=2 loss[1]=0.0% 2.=1 loss[2]=0.0% 1.=2 prev[1]=79.7% 2.=1 prev[2]=20.3% 11=2 12=0 13=0 21=0 22=0 23=0
Age 69 1.=2 loss[1]=0.0% 2.=1 loss[2]=0.0% 1.=2 prev[1]=64.1% 2.=1 prev[2]=35.9% 11=2 12=0 21=0 22=1
Age 70 1.=2 loss[1]=0.0% 2.=1 loss[2]=0.0% 1.=2 prev[1]=70.7% 2.=1 prev[2]=29.3% 11=2 12=0 21=0 22=1
Age 71 1.=2 loss[1]=0.0% 2.=1 loss[2]=0.0% 1.=2 prev[1]=69.9% 2.=1 prev[2]=30.1% 11=1 12=0 21=0 22=0 23=0
Age 72 1.=2 loss[1]=0.0% 2.=1 loss[2]=0.0% 1.=2 prev[1]=71.4% 2.=1 prev[2]=28.6% 11=1 12=0 13=0 21=0 22=0 23=0
Age 73 1.=1 loss[1]=0.0% 2.=1 loss[2]=0.0% 1.=1 prev[1]=66.0% 2.=1 prev[2]=34.0% 11=1 12=0 21=0 22=1 23=0
Age 74 1.=1 loss[1]=0.0% 2.=0 loss[2]=0.0% 1.=1 prev[1]=76.9% 2.=0 prev[2]=23.1% 11=1 12=0 21=0 22=0
Age 75 1.=1 loss[1]=0.0% 2.=0 loss[2]=0.0% 1.=1 prev[1]=76.9% 2.=0 prev[2]=23.1% 11=1 12=0 13=0 21=0 22=0
Age 76 1.=1 loss[1]=0.0% 2.=0 loss[2]=0.0% 1.=1 prev[1]=70.9% 2.=0 prev[2]=29.1% 11=1 12=0 13=0 21=0 22=0 23=0
Age 77 1.=1 loss[1]=0.0% 2.=1 loss[2]=0.0% 1.=1 prev[1]=62.6% 2.=1 prev[2]=37.4% 11=1 12=0 21=0 22=0 23=0
Age 78 1.=1 loss[1]=0.0% 2.=0 loss[2]=0.0% 1.=1 prev[1]=70.1% 2.=0 prev[2]=29.9% 11=1 12=0 13=0 21=0 22=0
Age 79 1.=1 loss[1]=0.0% 2.=1 loss[2]=0.0% 1.=1 prev[1]=52.6% 2.=1 prev[2]=47.4% 11=1 12=0 13=0 21=0 22=0 23=0
Age 80 1.=1 loss[1]=0.0% 2.=1 loss[2]=0.0% 1.=1 prev[1]=59.3% 2.=1 prev[2]=40.7% 11=1 12=0 21=0 22=0 23=0
Age 81 1.=1 loss[1]=0.0% 2.=1 loss[2]=0.0% 1.=1 prev[1]=40.8% 2.=1 prev[2]=59.2% 11=0 12=0 13=0 22=1 23=0
Age 82 1.=1 loss[1]=0.0% 2.=1 loss[2]=0.0% 1.=1 prev[1]=52.0% 2.=1 prev[2]=48.0% 11=1 12=0 13=0 21=0 22=0 23=0
Age 83 1.=1 loss[1]=0.0% 2.=1 loss[2]=0.0% 1.=1 prev[1]=54.1% 2.=1 prev[2]=45.9% 11=0 12=0 13=0 21=0 22=0 23=0
Age 84 1.=1 loss[1]=0.0% 2.=0 loss[2]=0.0% 1.=1 prev[1]=58.2% 2.=0 prev[2]=41.8% 11=0 12=0 13=0 21=0 22=0 23=0
Age 85 1.=0 loss[1]=0.0% 2.=1 loss[2]=0.0% 1.=0 prev[1]=44.8% 2.=1 prev[2]=55.2% 11=0 12=0 13=0 21=0 22=0 23=0
Age 86 1.=0 loss[1]=0.0% 2.=1 loss[2]=0.0% 1.=0 prev[1]=33.9% 2.=1 prev[2]=66.1% 11=0 12=0 13=0 21=0 22=0 23=0
Age 87 1.=0 loss[1]=0.0% 2.=0 loss[2]=0.0% 1.=0 prev[1]=41.9% 2.=0 prev[2]=58.1% 11=0 12=0 13=0 21=0 22=0 23=0
Age 88 1.=0 loss[1]=0.0% 2.=0 loss[2]=0.0% 1.=0 prev[1]=48.6% 2.=0 prev[2]=51.4% 11=0 12=0 21=0 22=0 23=0
Age 89 1.=0 loss[1]=0.0% 2.=1 loss[2]=0.0% 1.=0 prev[1]=31.1% 2.=1 prev[2]=68.9% 12=0 13=0 21=0 22=1 23=0
Age 90 1.=0 loss[1]=0.0% 2.=0 loss[2]=0.0% 1.=0 prev[1]=64.3% 2.=0 prev[2]=35.7% 11=0 12=0 13=0 22=0 23=0
Age 91 1.=0 loss[1]=0.0% 2.=0 loss[2]=0.0% 1.=0 prev[1]=56.8% 2.=0 prev[2]=43.2% 11=0 13=0 22=0
Age 92 1.=0 loss[1]=0.0% 2.=0 loss[2]=0.0% 1.=0 prev[1]=55.9% 2.=0 prev[2]=44.1% 11=0 13=0 21=0 23=0
Age 93 1.=0 loss[1]=0.0% 2.=0 loss[2]=0.0% 1.=0 prev[1]=44.1% 2.=0 prev[2]=55.9% 11=0 12=0 22=0 23=0
Age 94 1.=0 loss[1]=NaNQ% 2.=0 loss[2]=0.0% 1.=0 prev[1]=0.0% 2.=0 prev[2]=100.0% 22=0 23=0
Age 95 1.=0 loss[1]=NaNQ% 2.=0 loss[2]=NaNQ% 1.=0 prev[1]=NaNQ% 2.=0 prev[2]=NaNQ%
Age 96 1.=0 loss[1]=NaNQ% 2.=0 loss[2]=NaNQ% 1.=0 prev[1]=NaNQ% 2.=0 prev[2]=NaNQ%
Age 97 1.=0 loss[1]=0.0% 2.=0 loss[2]=0.0% 1.=0 prev[1]=66.2% 2.=0 prev[2]=33.8% 12=0 13=0 23=0
Age 98 1.=0 loss[1]=NaNQ% 2.=0 loss[2]=NaNQ% 1.=0 prev[1]=NaNQ% 2.=0 prev[2]=NaNQ%
Age 99 1.=0 loss[1]=NaNQ% 2.=0 loss[2]=NaNQ% 1.=0 prev[1]=NaNQ% 2.=0 prev[2]=NaNQ%
Age 100 1.=0 loss[1]=NaNQ% 2.=0 loss[2]=NaNQ% 1.=0 prev[1]=NaNQ% 2.=0 prev[2]=NaNQ%
Age 101 1.=0 loss[1]=NaNQ% 2.=0 loss[2]=NaNQ% 1.=0 prev[1]=NaNQ% 2.=0 prev[2]=NaNQ%
Age 102 1.=0 loss[1]=0.0% 2.=0 loss[2]=NaNQ% 1.=0 prev[1]=100.0% 2.=0 prev[2]=0.0% 13=0
1 1.=0 loss[1]=NaNQ% 2.=0 loss[2]=NaNQ% 1.=0 prev[1]=NaNQ% 2.=0 prev[2]=NaNQ%
0 1.=0 loss[1]=NaNQ% 2.=0 loss[2]=NaNQ% 1.=0 prev[1]=NaNQ% 2.=0 prev[2]=NaNQ%
Total 1.=55 loss[1]=0.0% 2.=24 loss[2]=0.0% 1.=55 prev[1]=69.5% 2.=24 prev[2]=30.5% 11=46 12=8 13=2 21=6 22=16 23=2


12    0.0000000 ln(8/46)=   -1.7985246 
13    0.0000000 ln(2/46)=   -3.3140405 
21    0.0000000 ln(6/16)=   -1.0023800 
23    0.0000000 ln(2/16)=   -2.0255811 

 -1-1=0 -10=0 -11=0 -12=0 -13=0 0-1=0 00=0 01=0 02=0 03=0 1-1=0 10=0 11=46 12=8 13=2 2-1=0 20=0 21=6 22=16 23=2 3-1=0 30=0 31=0 32=0 33=0
Powell

Powell iter=1 Big Iter=1 -2*LL=13560.181215884446 gain=0 0 sec. 0 sec.
#model=  1      +     age 
12    0.0000000    0.0000000 
13    0.0000000    0.0000000 
21    0.0000000    0.0000000 
23    0.0000000    0.0000000 
1......2.................3........4..................5......6..................7.......8.............................Gaining to use new average direction of P0 P8 instead of biggest increase direction 5 :

Powell iter=2 Big Iter=2 -2*LL=3385.936948265587 gain=1.02e+004 2 sec. 2 sec.
#model=  1      +     age 
12    6.3709327   -0.0041991 
13   -0.7523478    0.0041586 
21    2.7884341   -0.0009477 
23   -1.1947422    0.0025809 

Considering the time needed for this last iteration #2: 2 seconds,
   - if your program needs 1 BIG iterations  (2 iterations) to converge, convergence will be 
   reached in 0 day(s) 0 hour(s) 0 minute(s) 0 second(s) i.e.
   on Mon May 27 20:51:20 2024 (current time is Mon May 27 20:51:20 2024);
   - if your program needs 11 BIG iterations  (22 iterations) to converge, convergence will be 
   reached in 0 day(s) 0 hour(s) 0 minute(s) 40 second(s) i.e.
   on Mon May 27 20:52:00 2024 (current time is Mon May 27 20:51:20 2024);
   - if your program needs 21 BIG iterations  (42 iterations) to converge, convergence will be 
   reached in 0 day(s) 0 hour(s) 1 minute(s) 20 second(s) i.e.
   on Mon May 27 20:52:40 2024 (current time is Mon May 27 20:51:20 2024);
   - if your program needs 31 BIG iterations  (62 iterations) to converge, convergence will be 
   reached in 0 day(s) 0 hour(s) 2 minute(s) 0 second(s) i.e.
   on Mon May 27 20:53:20 2024 (current time is Mon May 27 20:51:20 2024);
1..........2...................3........4..................5................6................7........8.........
Powell iter=3 Big Iter=2 -2*LL=3188.432590210559 gain=198 1 sec. 3 sec.
#model=  1      +     age 
12    4.3115569   -0.0071692 
13   -1.9419303    0.0106765 
21    2.6233363   -0.0074920 
23   -1.7594072   -0.0150991 

Considering the time needed for this last iteration #3: 1 seconds,
   - if your program needs 1 BIG iterations  (2 iterations) to converge, convergence will be 
   reached in 0 day(s) 0 hour(s) 0 minute(s) -1 second(s) i.e.
   on Mon May 27 20:51:20 2024 (current time is Mon May 27 20:51:21 2024);
   - if your program needs 11 BIG iterations  (22 iterations) to converge, convergence will be 
   reached in 0 day(s) 0 hour(s) 0 minute(s) 19 second(s) i.e.
   on Mon May 27 20:51:40 2024 (current time is Mon May 27 20:51:21 2024);
   - if your program needs 21 BIG iterations  (42 iterations) to converge, convergence will be 
   reached in 0 day(s) 0 hour(s) 0 minute(s) 39 second(s) i.e.
   on Mon May 27 20:52:00 2024 (current time is Mon May 27 20:51:21 2024);
   - if your program needs 31 BIG iterations  (62 iterations) to converge, convergence will be 
   reached in 0 day(s) 0 hour(s) 0 minute(s) 59 second(s) i.e.
   on Mon May 27 20:52:20 2024 (current time is Mon May 27 20:51:21 2024);
1..........2...................3..........4..................5..................6.................7..........8.................Gaining to use new average direction of P0 P8 instead of biggest increase direction 3 :

Powell iter=4 Big Iter=3 -2*LL=3120.016233430782 gain=68.4 1 sec. 4 sec.
#model=  1      +     age 
12    2.9394825   -0.0129177 
13   -3.1133305    0.0186487 
21    2.4103990   -0.0008079 
23   -1.9609467   -0.0359139 
1.........2.................3.........4.................5..................6...................7..........8................Gaining to use new average direction of P0 P8 instead of biggest increase direction 8 :

Powell iter=5 Big Iter=3 -2*LL=3059.272035979820 gain=60.7 1 sec. 5 sec.
#model=  1      +     age 
12    2.3654757   -0.0207703 
13   -4.2939321    0.0244832 
21    2.3293510    0.0146525 
23   -2.1801979   -0.0455654 
1.......2..............3.........4..................5................6..................7.........8........
Powell iter=6 Big Iter=4 -2*LL=2969.540745628069 gain=89.7 0 sec. 5 sec.
#model=  1      +     age 
12    2.3018657   -0.0277161 
13   -5.3575995    0.0281291 
21    2.2569322    0.0434957 
23   -1.6575254   -0.0299370 
1.........2...............3.........4.................5.................6..................7..........8........
Powell iter=7 Big Iter=4 -2*LL=2943.363930162881 gain=26.2 1 sec. 6 sec.
#model=  1      +     age 
12    2.3205930   -0.0298430 
13   -5.7796901    0.0286096 
21    2.2064386    0.0536945 
23   -1.7021608   -0.0069577 
1.........2...............3..........4.................5................6.................7..........8................Gaining to use new average direction of P0 P8 instead of biggest increase direction 5 :

Powell iter=8 Big Iter=5 -2*LL=2933.480241273519 gain=9.88 1 sec. 7 sec.
#model=  1      +     age 
12    2.1554292   -0.0294224 
13   -6.1555110    0.0289453 
21    2.0786497    0.0655810 
23   -2.1794028    0.0315303 
1.........2.................3..........4..................5...........6..................7.........8.......
Powell iter=9 Big Iter=5 -2*LL=2928.317402612462 gain=5.16 2 sec. 9 sec.
#model=  1      +     age 
12    2.0088650   -0.0281795 
13   -6.3317412    0.0309252 
21    1.9868957    0.0765352 
23   -2.6295406    0.0478132 
1.........2.................3..........4..................5..........6.................7.........8....................Gaining to use new average direction of P0 P8 instead of biggest increase direction 8 :

Powell iter=10 Big Iter=6 -2*LL=2827.906809179337 gain=100 1 sec. 10 sec.
#model=  1      +     age 
12   -0.3809246    0.0012942 
13   -9.9386648    0.0756660 
21   -0.0505710    0.2995819 
23  -12.9839316    0.4118586 
1.........2...............3..........4...................5.........6...........7.........8............directest= 1826.910321810885 (if directest<0 or t<0 we include P0 Pn as new direction), t= -20287053.650515564000, f1= 2827.906809179337,f2= 2807.618607551325,f3= 4627.206591845748, del= 6.482932055775
f1-2f2+f3= 1839.876185922435, f1-f2-del= 13.805269572237, f1-f3= -1799.299782666411

Powell iter=11 Big Iter=6 -2*LL=2807.618607551325 gain=20.3 2 sec. 12 sec.
#model=  1      +     age 
12   -0.4670179    0.0052648 
13  -10.3831882    0.0732987 
21   -0.2633710    0.3214300 
23  -14.0817624    0.4469627 
1...........2..............3..........4...................5.........6............7..........8.....................Gaining to use new average direction of P0 P8 instead of biggest increase direction 8 :

Powell iter=12 Big Iter=7 -2*LL=2797.200745230472 gain=10.4 1 sec. 13 sec.
#model=  1      +     age 
12   -1.1733944    0.0119431 
13  -11.0991965    0.0747016 
21   -0.6145620    0.3590358 
23  -15.7839270    0.5014305 
1.........2.............3..........4...................5.........6.............7..........8.......
Powell iter=13 Big Iter=7 -2*LL=2790.544285338652 gain=6.66 2 sec. 15 sec.
#model=  1      +     age 
12   -1.2925387    0.0139746 
13  -11.3186304    0.0797876 
21   -0.7082901    0.3691858 
23  -16.1591685    0.5118146 
1.........2..............3..........4.................5.........6.............7..........8................Gaining to use new average direction of P0 P8 instead of biggest increase direction 4 :

Powell iter=14 Big Iter=8 -2*LL=2767.723965055362 gain=22.8 1 sec. 16 sec.
#model=  1      +     age 
12   -2.3818023    0.0294846 
13  -12.4939954    0.1092636 
21   -1.4534189    0.4353998 
23  -18.7773437    0.5924599 
1.........2..............3..........4.......5.........6............7.............8...........
Powell iter=15 Big Iter=8 -2*LL=2755.825776431266 gain=11.9 0 sec. 16 sec.
#model=  1      +     age 
12   -2.9970926    0.0396237 
13  -13.2345729    0.1197326 
21   -1.9140852    0.4790180 
23  -20.6015201    0.6509120 
1.........2..............3..........4........5.........6............7..........8.................Gaining to use new average direction of P0 P8 instead of biggest increase direction 4 :

Powell iter=16 Big Iter=9 -2*LL=2742.854563621558 gain=13 1 sec. 17 sec.
#model=  1      +     age 
12   -5.1105489    0.0700475 
13  -15.5520847    0.1511295 
21   -3.3120182    0.6138792 
23  -26.1582875    0.8290944 
1.........2..............3.........4..........5........6.............7..........8.......directest= 6.550485482715 (if directest<0 or t<0 we include P0 Pn as new direction), t= -9.030275321417, f1= 2742.854563621558,f2= 2741.668052817816,f3= 2748.128921325027, del= 0.548446914119
f1-2f2+f3= 7.647379310953, f1-f2-del= 0.638063889623, f1-f3= -5.274357703469

Powell iter=17 Big Iter=9 -2*LL=2741.668052817816 gain=1.19 0 sec. 17 sec.
#model=  1      +     age 
12   -5.2058183    0.0722125 
13  -15.7406833    0.1548511 
21   -3.4194600    0.6259728 
23  -26.5239911    0.8416373 
1.........2..............3.........4...........5........6............7...........8................Gaining to use new average direction of P0 P8 instead of biggest increase direction 4 :

Powell iter=18 Big Iter=10 -2*LL=2741.260302482479 gain=0.408 1 sec. 18 sec.
#model=  1      +     age 
12   -5.3539942    0.0751065 
13  -15.9947608    0.1598127 
21   -3.5647050    0.6417308 
23  -26.9782531    0.8591256 
1.........2..............3.........4........5........6..........7...........8........
Powell iter=19 Big Iter=10 -2*LL=2741.152635348717 gain=0.108 1 sec. 19 sec.
#model=  1      +     age 
12   -5.3833244    0.0754338 
13  -16.0624178    0.1607589 
21   -3.5902379    0.6448334 
23  -27.0214858    0.8621569 
1.........2..............3.........4........5........6............7...........8................Gaining to use new average direction of P0 P8 instead of biggest increase direction 5 :

Powell iter=20 Big Iter=11 -2*LL=2738.083896531477 gain=3.07 0 sec. 19 sec.
#model=  1      +     age 
12   -5.3430339    0.0746097 
13  -17.8491881    0.1836120 
21   -4.0031680    0.7072835 
23  -26.1986365    0.9068858 
1.........2..............3.........4........5......6...........7...........8........directest= 3.060966155402 (if directest<0 or t<0 we include P0 Pn as new direction), t= -1.288091567884, f1= 2738.083896531477,f2= 2737.306611246666,f3= 2740.426387220975, del= 0.418047551859
f1-2f2+f3= 3.897061259120, f1-f2-del= 0.359237732952, f1-f3= -2.342490689498

Powell iter=21 Big Iter=11 -2*LL=2737.306611246666 gain=0.777 1 sec. 20 sec.
#model=  1      +     age 
12   -5.2708987    0.0738990 
13  -18.1607410    0.1866945 
21   -4.0578086    0.7160252 
23  -25.8783749    0.9123600 
1.........2..............3.........4........5........6...........7...........8.................Gaining to use new average direction of P0 P8 instead of biggest increase direction 1 :

Powell iter=22 Big Iter=12 -2*LL=2737.065770929764 gain=0.241 0 sec. 20 sec.
#model=  1      +     age 
12   -5.2532101    0.0738920 
13  -18.5078120    0.1902824 
21   -4.1414228    0.7281608 
23  -25.5482606    0.9208767 
1...........2..............3.........4........5........6............7..........8........
Powell iter=23 Big Iter=12 -2*LL=2736.989074960522 gain=0.0767 1 sec. 21 sec.
#model=  1      +     age 
12   -5.2538919    0.0739054 
13  -18.5614387    0.1909575 
21   -4.1578814    0.7311206 
23  -25.4150143    0.9221480 
1.........2..............3.........4........5........6............7...........8...................Gaining to use new average direction of P0 P8 instead of biggest increase direction 6 :

Powell iter=24 Big Iter=13 -2*LL=2732.556669687432 gain=4.43 1 sec. 22 sec.
#model=  1      +     age 
12   -5.4666151    0.0774076 
13  -19.2143704    0.1985032 
21   -4.6246004    0.8332915 
23  -17.8542429    0.9382390 
1........2..............3.........4.........5.......6.......7..........8............directest= 144.531851838619 (if directest<0 or t<0 we include P0 Pn as new direction), t= -6989.093312043580, f1= 2732.556669687432,f2= 2730.918352206226,f3= 2874.551535245283, del= 0.369824340822
f1-2f2+f3= 145.271500520264, f1-f2-del= 1.268493140384, f1-f3= -141.994865557851

Powell iter=25 Big Iter=13 -2*LL=2730.918352206226 gain=1.64 0 sec. 22 sec.
#model=  1      +     age 
12   -5.5992235    0.0797522 
13  -20.3881430    0.2118471 
21   -4.9834233    0.8867598 
23  -16.6798133    0.9736558 
1........2..............3.........4.........5......6........7..........8....................Gaining to use new average direction of P0 P8 instead of biggest increase direction 1 :

Powell iter=26 Big Iter=14 -2*LL=2729.562084696034 gain=1.36 1 sec. 23 sec.
#model=  1      +     age 
12   -5.6645368    0.0804112 
13  -22.4364293    0.2356751 
21   -5.5143481    0.9676827 
23  -15.0359699    1.0272576 
1...........2..............3.........4.........5........6........7..........8.........directest= 0.499511249054 (if directest<0 or t<0 we include P0 Pn as new direction), t= -0.000613719403, f1= 2729.562084696034,f2= 2729.466915899933,f3= 2729.939407667918, del= 0.034074657516
f1-2f2+f3= 0.567660564086, f1-f2-del= 0.061094138585, f1-f3= -0.377322971884

Powell iter=27 Big Iter=14 -2*LL=2729.466915899933 gain=0.0952 0 sec. 23 sec.
#model=  1      +     age 
12   -5.7204744    0.0811594 
13  -22.6754498    0.2382779 
21   -5.5872339    0.9757557 
23  -15.2064239    1.0362417 
1............2..............3.........4.........5........6........7..........8...............Gaining to use new average direction of P0 P8 instead of biggest increase direction 4 :

Powell iter=28 Big Iter=15 -2*LL=2729.444450682284 gain=0.0225 1 sec. 24 sec.
#model=  1      +     age 
12   -5.8005181    0.0823411 
13  -22.8372264    0.2401221 
21   -5.6596398    0.9838397 
23  -15.2725371    1.0444944 
1...........2..............3..........4.........5........6...........7..........8.......directest= 0.003953057936 (if directest<0 or t<0 we include P0 Pn as new direction), t= -0.000000008560, f1= 2729.444450682284,f2= 2729.441530089090,f3= 2729.447094257931, del= 0.002265852049
f1-2f2+f3= 0.008484762035, f1-f2-del= 0.000654741144, f1-f3= -0.002643575647

Powell iter=29 Big Iter=15 -2*LL=2729.441530089090 gain=0.00292 1 sec. 25 sec.
#model=  1      +     age 
12   -5.8147024    0.0825784 
13  -22.8504570    0.2403867 
21   -5.6703595    0.9849547 
23  -15.2944382    1.0457259 
1...........2..............3..........4.........5........6........7............8..............Gaining to use new average direction of P0 P8 instead of biggest increase direction 5 :

Powell iter=30 Big Iter=16 -2*LL=2729.440382184392 gain=0.00115 1 sec. 26 sec.
#model=  1      +     age 
12   -5.8285300    0.0827850 
13  -22.8410778    0.2403741 
21   -5.6753328    0.9853457 
23  -15.3153902    1.0462709 
1...........2..............3..............4.........5...........6........7............8..............Gaining to use new average direction of P0 P8 instead of biggest increase direction 1 :

Powell iter=31 Big Iter=16 -2*LL=2729.439064327087 gain=0.00132 1 sec. 27 sec.
#model=  1      +     age 
12   -5.8332108    0.0828529 
13  -22.8018514    0.2399902 
21   -5.6695577    0.9847347 
23  -15.2966138    1.0454177 
1.....2..............3..........4.........5.......6..............7..........8......
Powell iter=32 Big Iter=17 -2*LL=2729.438314150350 gain=0.00075 0 sec. 27 sec.
#model=  1      +     age 
12   -5.8343644    0.0828677 
13  -22.8005731    0.2399717 
21   -5.6700338    0.9849096 
23  -15.2788467    1.0453556 
1.....2..............3..................4...........5................6..............7..........8............Gaining to use new average direction of P0 P8 instead of biggest increase direction 1 :

Powell iter=33 Big Iter=17 -2*LL=2729.437303148984 gain=0.00101 1 sec. 28 sec.
#model=  1      +     age 
12   -5.8311118    0.0828132 
13  -22.7616494    0.2394984 
21   -5.6599972    0.9839292 
23  -15.2356911    1.0439240 
1....................2...............3...............4...........5............6.............7....................8...............directest= 0.000606891645 (if directest<0 or t<0 we include P0 Pn as new direction), t= -0.000000000004, f1= 2729.437303148984,f2= 2729.437290801913,f3= 2729.437905691849, del= 0.000010172681
f1-2f2+f3= 0.000627237006, f1-f2-del= 0.000002174390, f1-f3= -0.000602542865

Powell iter=34 Big Iter=18 -2*LL=2729.437290801913 gain=1.23e-005 1 sec. 29 sec.
#model=  1      +     age 
12   -5.8310905    0.0828087 
13  -22.7590243    0.2394674 
21   -5.6593687    0.9838480 
23  -15.2357368    1.0438480 
1..........2................3....................4.....................5..............6..................7....................8..........
Powell iter=35 Big Iter=18 -2*LL=2729.437288934592 gain=1.87e-006 1 sec. 30 sec.
#model=  1      +     age 
12   -5.8307709    0.0828029 
13  -22.7593546    0.2394683 
21   -5.6592618    0.9838349 
23  -15.2358618    1.0438394 
1............2.....................3.....................4..................5...............6......................7..................8...........
Powell iter=36 Big Iter=19 -2*LL=2729.437288797812 gain=1.37e-007 1 sec. 31 sec.
#model=  1      +     age 
12   -5.8306755    0.0828012 
13  -22.7594036    0.2394681 
21   -5.6592193    0.9838295 
23  -15.2359097    1.0438356 
1........2...................3.....................4................5.................6...........................7.............................8...............
Powell iter=37 Big Iter=19 -2*LL=2729.437288787375 gain=1.04e-008 1 sec. 32 sec.
#model=  1      +     age 
12   -5.8306497    0.0828007 
13  -22.7594177    0.2394680 
21   -5.6592079    0.9838281 
23  -15.2359232    1.0438346 
1..............2...................3..................4...................5.....................6.............................7...............................8.........
Powell iter=38 Big Iter=20 -2*LL=2729.437288786575 gain=8e-010 1 sec. 33 sec.
#model=  1      +     age 
12   -5.8306426    0.0828006 
13  -22.7594219    0.2394680 
21   -5.6592049    0.9838277 
23  -15.2359272    1.0438343 
1...................2................3....................4........................5........................6........................................7.................................8..................
Powell iter=39 Big Iter=20 -2*LL=2729.437288786510 gain=6.5e-011 1 sec. 34 sec.
#model=  1      +     age 
12   -5.8306407    0.0828006 
13  -22.7594260    0.2394680 
21   -5.6592047    0.9838277 
23  -15.2359273    1.0438343 
1...............................2................3.................4...............5.............................6........................7......................8............................
Powell iter=40 Big Iter=21 -2*LL=2729.437288786505 gain=5e-012 2 sec. 36 sec.
#model=  1      +     age 
12   -5.8306407    0.0828006 
13  -22.7594249    0.2394680 
21   -5.6592045    0.9838276 
23  -15.2359281    1.0438343 
1................................2.................3.........................4.........................5.............................6.........................7.......................8............................
#Number of iterations & function calls = 40 & 5323, -2 Log likelihood = 2729.437288786505
# Parameters nlstate*nlstate*ncov a12*1 + b12 * age + ...
#model=  1      +     age 
12   -5.8306407    0.0828006 
13  -22.7594249    0.2394680 
21   -5.6592045    0.9838276 
23  -15.2359281    1.0438343 

Calculation of the hessian matrix. Wait...
1-2-3-4-5-6-7-8-.1-2.1-3.1-4.1-5.1-6.1-7.1-8.2-3.2-4.2-5.2-6.2-7.2-8.3-4.3-5.3-6.3-7.3-8.4-5.4-6.4-7.4-8.5-6.5-7Warning: sub Hessian matrix '57' does not have positive eigen values 
5 7 k=1, k1=0.000000000000e+000 k2=2.345547482037e-004 k3=2.355685874136e-004 k4=0.000000000000e+000 delti/k=2.000000000000e-003 deltj/k=2.000000000000e-003, xi-de/k=-5.661204515901e+000 xj-de/k=-1.523792812515e+001  res=-1.469135423804e+001 k1234=-4.701233356172e-004,k1-2=-2.345547482037e-004,k3-4=2.355685874136e-004
.5-8.6-7.6-8Warning: sub Hessian matrix '68' does not have positive eigen values 
6 8 k=1, k1=-4.547473508865e-013 k2=3.088141170338e-004 k3=3.104450884166e-004 k4=-4.547473508865e-013 delti/k=3.000000000000e-005 deltj/k=3.000000000000e-005, xi-de/k=9.837976450817e-001 xj-de/k=1.043804282583e+000  res=-8.600822310554e+004 k1234=-6.192592063599e-004,k1-2=-3.088141174885e-004,k3-4=3.104450888713e-004
.7-8

Inverting the hessian to get the covariance matrix. Wait...

#Hessian matrix#
1.165344e+002 8.269961e+003 -2.965047e+001 -2.652726e+003 7.315878e+000 6.579542e+002 -7.315878e+000 -6.579542e+002 
8.269961e+003 6.086293e+005 -2.653640e+003 -2.382970e+005 6.573865e+002 5.845640e+004 -6.573865e+002 -5.845640e+004 
-2.965047e+001 -2.653640e+003 3.800202e+001 3.336219e+003 -1.195157e+001 -9.781320e+002 1.195157e+001 9.781320e+002 
-2.652726e+003 -2.382970e+005 3.336219e+003 2.948160e+005 -9.781156e+002 -8.096795e+004 9.781157e+002 8.096795e+004 
7.315878e+000 6.573865e+002 -1.195157e+001 -9.781156e+002 1.469134e+001 1.113161e+003 -1.469135e+001 -1.113161e+003 
6.579542e+002 5.845640e+004 -9.781320e+002 -8.096795e+004 1.113161e+003 8.600803e+004 -1.113161e+003 -8.600822e+004 
-7.315878e+000 -6.573865e+002 1.195157e+001 9.781157e+002 -1.469135e+001 -1.113161e+003 1.469134e+001 1.113161e+003 
-6.579542e+002 -5.845640e+004 9.781320e+002 8.096795e+004 -1.113161e+003 -8.600822e+004 1.113161e+003 8.600803e+004 
Parameters, Wald tests and Wald-based confidence intervals
 W is simply the result of the division of the parameter by the square root of covariance of the parameter.
 And Wald-based confidence intervals plus and minus 1.96 * W 
  It might be better to visualize the covariance matrix. See the page 'Matrix of variance-covariance of one-step probabilities' and its graphs.
12   -5.8306407(   0.6819728) W=  -8.550 CI=[  -7.1673074 ;   -4.4939740]    0.0828006(   0.0102387) W=   8.087 CI=[   0.0627327 ;    0.1028684] 
13  -22.7594249(   2.5728664) W=  -8.846 CI=[ -27.8022430 ;  -17.7166067]    0.2394680(   0.0296368) W=   8.080 CI=[   0.1813798 ;    0.2975562] 
21   -5.6592045(  -1.#IND000) W=  -1.#IO CI=[  -1.#IND000 ;   -1.#IND000]    0.9838276(  -1.#IND000) W=  -1.#IO CI=[  -1.#IND000 ;   -1.#IND000] 
23  -15.2359281(  -1.#IND000) W=  -1.#IO CI=[  -1.#IND000 ;   -1.#IND000]    1.0438343(  -1.#IND000) W=  -1.#IO CI=[  -1.#IND000 ;   -1.#IND000] 
# Scales (for hessian or gradient estimation)
12 1.00000e-004 1.00000e-005
13 1.00000e-003 1.00000e-005
21 2.00000e-003 3.00000e-005
23 2.00000e-003 3.00000e-005
# Covariance matrix 
# 121 Var(a12)
# 122 Cov(b12,a12) Var(b12)
#   ...
# 232 Cov(b23,a12)  Cov(b23,b12) ... Var (b23)
#121 Var(a12)
#122 Cov(b12,a12) Var(b12)
#131 Cov(a13,a12) Cov(a13,b12) Var(a13)
#132 Cov(b13,a12) Cov(b13,b12) Cov(b13,a13) Var(b13)
#211 Cov(a21,a12) Cov(a21,b12) Cov(a21,a13) Cov(a21,b13) Var(a21)
#212 Cov(b21,a12) Cov(b21,b12) Cov(b21,a13) Cov(b21,b13) Cov(b21,a21) Var(b21)
#231 Cov(a23,a12) Cov(a23,b12) Cov(a23,a13) Cov(a23,b13) Cov(a23,a21) Cov(a23,b21) Var(a23)
#232 Cov(b23,a12) Cov(b23,b12) Cov(b23,a13) Cov(b23,b13) Cov(b23,a21) Cov(b23,b21) Cov(b23,a23) Var(b23)
121 4.6508690e-001
122 -6.89979e-003 1.0483140e-004
131 6.03243e-001 -9.32564e-003 6.6196415e+000
132 -8.14099e-003 1.26910e-004 -7.58079e-002 8.7834099e-004
211 2.64079e-002 -2.46355e-004 7.02710e-001 -8.38999e-003 -3.1105001e+004
212 -1.96481e-004 9.32378e-007 -6.40391e-003 8.05297e-005 -1.67941e-001 -2.6208472e+000
231 -2.60302e-002 2.39530e-004 -7.22013e-001 8.61305e-003 -3.11071e+004 -1.40834e-001 -3.1104971e+004
232 1.54055e-004 -3.05826e-007 6.39534e-003 -8.02936e-005 -1.41028e-001 -2.62121e+000 -1.68121e-001 -2.6208474e+000
# agemin agemax for life expectancy, bage fage (if mle==0 ie no data nor Max likelihood).
# Observed prevalence period
begin-prev-date=1/1/2013 end-prev-date=1/9/2018 mov_average=0
# Health expectancies computed from stable (period) prevalence (pop_based=0) or population based (1)
pop_based=0
# Prevalence forecasting and backcasting is skept here
##prevforecast=0  starting-proj-date=1/1/1989 final-proj-date=1/1/1990 mobil_average=0
#prevforecast=1 yearsfproj=10 mobil_average=0
#prevbackcast=1 yearsbproj=10 mobil_average=1
End of resultlines.

Computing forward period (stable) prevalence: result on file 'PL_SEFsr.txt' 
Computing pij: result on file 'PIJ_SEFsr.txt' 
Computing standard deviation of one-step probabilities: result on file 'PROB_rSEFsr.txt' 
Computing matrix of variance covariance of one-step probabilities: result on file 'PROBCOV_SEFsr.txt' 
and correlation matrix of one-step probabilities: result on file 'PROBCOR_SEFsr.txt' 
Prevalence combination of varying and fixed dummies 1
Warning Observed prevalence doesn't sum to 1 for state 2: probs[50][2][1]=0.000000 because of lack of cases.
Warning Observed prevalence doesn't sum to 1 for state 1: probs[95][1][1]=0.000000 because of lack of cases.
Warning Observed prevalence doesn't sum to 1 for state 2: probs[95][2][1]=0.000000 because of lack of cases.
Warning Observed prevalence doesn't sum to 1 for state 1: probs[96][1][1]=0.000000 because of lack of cases.
Warning Observed prevalence doesn't sum to 1 for state 2: probs[96][2][1]=0.000000 because of lack of cases.
Warning Observed prevalence doesn't sum to 1 for state 1: probs[98][1][1]=0.000000 because of lack of cases.
Warning Observed prevalence doesn't sum to 1 for state 2: probs[98][2][1]=0.000000 because of lack of cases.
Warning Observed prevalence doesn't sum to 1 for state 1: probs[99][1][1]=0.000000 because of lack of cases.
Warning Observed prevalence doesn't sum to 1 for state 2: probs[99][2][1]=0.000000 because of lack of cases.
Warning Observed prevalence doesn't sum to 1 for state 1: probs[100][1][1]=0.000000 because of lack of cases.
Warning Observed prevalence doesn't sum to 1 for state 2: probs[100][2][1]=0.000000 because of lack of cases.
Computing Health Expectancies: result on file 'E_SEFsr.txt' ...done evsij
Computing Total Life expectancies with their standard errors: file 'T_SEFsr.txt' ...
  Computing State-specific Expectancies and standard errors: result on file 'STDE_SEFsr.txt' 
    Computing Covar. of State-specific Expectancies: result on file 'CVE_SEFsr.txt' 
      Computing Variance-covariance of State-specific Expectancies: file 'V_SEFsr.txt' ... done State-specific expectancies
Computing Variance-covariance of forward period (stable) prevalence: file 'VPL_SEFsr.txt' ...done variance-covariance of forward period prevalence
End of Imach with 0 errors and/or warnings 1. Please look at the log file for details.
Local time at start Mon May 27 20:51:18 2024

Local time at end   Mon May 27 20:52:01 2024

Total time used 0 day(s) 0 hour(s) 0 minute(s) 43 second(s)
Total time was 43 Sec.
