Log filename:SEMchr.log
Version 0.99r45 $Revision: 1.353 $ $Date: 2023/05/08 18:48:22 $
Enter the parameter file name: 
pathimach=C:\PROGRA~1\IMACH-~2.99R\bin\
pathtot=C:\Users\mmusz\Dropbox\gender_paradox\data\IMACH\SEMchr.txt
 path=C:\Users\mmusz\Dropbox\gender_paradox\data\IMACH\ 
 optionfile=SEMchr.txt
 optionfilext=txt
 optionfilefiname='SEMchr'
Compiled with: Microsoft Visual Studio for Windows (x64 and x86)  64-bit
The programm is not running under WOW64 (i.e probably on a 64bit Windows).
Local time (at start): Tue May 28 07:03:21 2024
title=chr datafile=dataSEMchr.txt lastobs=15000 firstpass=1 lastpass=2
ftol=1.000000e-018 stepm=3 ncovcol=0 nqv=0 ntv=0 nqtv=0 nlstate=2 ndeath=1 maxwav=2 mle=1 weight=1
model=1+age+
# Parameters nlstate*nlstate*ncov a12*1 + b12 * age + ...
12 0.000000 0.000000
13 0.000000 0.000000
21 0.000000 0.000000
23 0.000000 0.000000
# Scales (for hessian or gradient estimation)
12 0.000000e+000 0.000000e+000
13 0.000000e+000 0.000000e+000
21 0.000000e+000 0.000000e+000
23 0.000000e+000 0.000000e+000
# Covariance matrix
121 0.00000e+000
122 0.00000e+000 0.00000e+000
131 0.00000e+000 0.00000e+000 0.00000e+000
132 0.00000e+000 0.00000e+000 0.00000e+000 0.00000e+000
211 0.00000e+000 0.00000e+000 0.00000e+000 0.00000e+000 0.00000e+000
212 0.00000e+000 0.00000e+000 0.00000e+000 0.00000e+000 0.00000e+000 0.00000e+000
231 0.00000e+000 0.00000e+000 0.00000e+000 0.00000e+000 0.00000e+000 0.00000e+000 0.00000e+000
232 0.00000e+000 0.00000e+000 0.00000e+000 0.00000e+000 0.00000e+000 0.00000e+000 0.00000e+000 0.00000e+000

Model=1+age+
Typevar: 0 for simple covariate (dummy, quantitative, fixed or varying), 1 for age product, 2 for  product, 3 for double product with age  
Fixed[k] 0=fixed (product or simple), 1 varying, 2 fixed with age product, 3 varying with age product 
Dummy[k] 0=dummy (0 1), 1 quantitative (single or product without age), 2 dummy with age product, 3 quant with age product
ncoveff=0, nqfveff=0, ntveff=0, nqtveff=0, cptcovn=0
ncovf=0, ncovv=0, ncova=0, nsd=0, nsq=0
Warning: The value of parameter lastobs=15000 is big compared to the 
  effective number of cases imx=1445, please adjust, 
  otherwise you are allocating more memory than necessary.
Total number of individuals= 1445, Agemin = 52.33, Agemax= 101.50

Information, you have to check 0 informations which haven't been logged!
Delay (in months) between two waves Min=1 (for indiviudal 751) Max=34 (298) Mean=24.879585

 Age 52 1.=2 loss[1]=0.0% 2.=1 loss[2]=0.0% 1.=2 prev[1]=60.2% 2.=1 prev[2]=39.8% 11=1 12=1 22=1
Age 53 1.=1 loss[1]=0.0% 2.=1 loss[2]=0.0% 1.=1 prev[1]=49.6% 2.=1 prev[2]=50.4% 11=1 12=1 21=0 22=1
Age 54 1.=3 loss[1]=0.0% 2.=1 loss[2]=0.0% 1.=3 prev[1]=69.5% 2.=1 prev[2]=30.5% 11=2 12=0 21=0 22=1
Age 55 1.=1 loss[1]=0.0% 2.=2 loss[2]=0.0% 1.=1 prev[1]=36.3% 2.=2 prev[2]=63.7% 11=0 12=1 22=2
Age 56 1.=2 loss[1]=0.0% 2.=1 loss[2]=0.0% 1.=2 prev[1]=59.4% 2.=1 prev[2]=40.6% 11=1 12=1 22=1
Age 57 1.=1 loss[1]=0.0% 2.=3 loss[2]=0.0% 1.=1 prev[1]=31.6% 2.=3 prev[2]=68.4% 11=1 12=0 21=1 22=2
Age 58 1.=2 loss[1]=0.0% 2.=1 loss[2]=0.0% 1.=2 prev[1]=67.1% 2.=1 prev[2]=32.9% 11=1 12=1 21=0 22=1
Age 59 1.=1 loss[1]=0.0% 2.=2 loss[2]=0.0% 1.=1 prev[1]=22.9% 2.=2 prev[2]=77.1% 11=0 12=0 21=0 22=2
Age 60 1.=1 loss[1]=0.0% 2.=1 loss[2]=0.0% 1.=1 prev[1]=41.5% 2.=1 prev[2]=58.5% 11=0 12=0 21=0 22=1
Age 61 1.=1 loss[1]=0.0% 2.=2 loss[2]=0.0% 1.=1 prev[1]=25.7% 2.=2 prev[2]=74.3% 11=0 12=0 21=0 22=1 23=0
Age 62 1.=1 loss[1]=0.0% 2.=2 loss[2]=0.0% 1.=1 prev[1]=39.5% 2.=2 prev[2]=60.5% 11=1 12=0 21=0 22=1 23=0
Age 63 1.=2 loss[1]=0.0% 2.=2 loss[2]=0.0% 1.=2 prev[1]=44.7% 2.=2 prev[2]=55.3% 11=1 12=0 21=0 22=1 23=0
Age 64 1.=1 loss[1]=0.0% 2.=2 loss[2]=0.0% 1.=1 prev[1]=27.3% 2.=2 prev[2]=72.7% 11=0 12=0 21=0 22=2
Age 65 1.=1 loss[1]=0.0% 2.=2 loss[2]=0.0% 1.=1 prev[1]=31.4% 2.=2 prev[2]=68.6% 11=0 12=0 21=0 22=2 23=0
Age 66 1.=1 loss[1]=0.0% 2.=2 loss[2]=0.0% 1.=1 prev[1]=41.1% 2.=2 prev[2]=58.9% 11=1 12=0 21=0 22=1 23=0
Age 67 1.=1 loss[1]=0.0% 2.=2 loss[2]=0.0% 1.=1 prev[1]=28.8% 2.=2 prev[2]=71.2% 11=0 12=0 21=0 22=2
Age 68 1.=1 loss[1]=0.0% 2.=2 loss[2]=0.0% 1.=1 prev[1]=38.2% 2.=2 prev[2]=61.8% 11=1 12=1 13=0 21=0 22=2 23=0
Age 69 1.=1 loss[1]=0.0% 2.=3 loss[2]=0.0% 1.=1 prev[1]=26.0% 2.=3 prev[2]=74.0% 11=1 12=0 13=0 21=0 22=3 23=0
Age 70 1.=1 loss[1]=0.0% 2.=2 loss[2]=0.0% 1.=1 prev[1]=22.8% 2.=2 prev[2]=77.2% 11=0 12=0 21=0 22=2 23=0
Age 71 1.=1 loss[1]=0.0% 2.=2 loss[2]=0.0% 1.=1 prev[1]=28.3% 2.=2 prev[2]=71.7% 11=0 12=0 13=0 21=0 22=2 23=0
Age 72 1.=0 loss[1]=0.0% 2.=1 loss[2]=0.0% 1.=0 prev[1]=21.3% 2.=1 prev[2]=78.7% 11=0 12=0 21=0 22=1 23=0
Age 73 1.=0 loss[1]=0.0% 2.=2 loss[2]=0.0% 1.=0 prev[1]=19.8% 2.=2 prev[2]=80.2% 11=0 12=0 21=0 22=1 23=0
Age 74 1.=0 loss[1]=0.0% 2.=1 loss[2]=0.0% 1.=0 prev[1]=26.5% 2.=1 prev[2]=73.5% 11=0 12=0 21=0 22=1 23=0
Age 75 1.=0 loss[1]=0.0% 2.=1 loss[2]=0.0% 1.=0 prev[1]=22.7% 2.=1 prev[2]=77.3% 11=0 12=0 22=1 23=0
Age 76 1.=0 loss[1]=0.0% 2.=2 loss[2]=0.0% 1.=0 prev[1]=19.5% 2.=2 prev[2]=80.5% 11=0 12=0 13=0 21=0 22=1 23=0
Age 77 1.=1 loss[1]=0.0% 2.=2 loss[2]=0.0% 1.=1 prev[1]=27.9% 2.=2 prev[2]=72.1% 11=0 12=0 21=0 22=1 23=0
Age 78 1.=0 loss[1]=0.0% 2.=1 loss[2]=0.0% 1.=0 prev[1]=11.1% 2.=1 prev[2]=88.9% 11=0 12=0 21=0 22=1 23=0
Age 79 1.=0 loss[1]=0.0% 2.=1 loss[2]=0.0% 1.=0 prev[1]=24.8% 2.=1 prev[2]=75.2% 11=0 12=0 22=1 23=0
Age 80 1.=0 loss[1]=0.0% 2.=1 loss[2]=0.0% 1.=0 prev[1]=14.8% 2.=1 prev[2]=85.2% 11=0 12=0 21=0 22=1 23=0
Age 81 1.=0 loss[1]=0.0% 2.=1 loss[2]=0.0% 1.=0 prev[1]=12.6% 2.=1 prev[2]=87.4% 11=0 12=0 21=0 22=1 23=0
Age 82 1.=0 loss[1]=0.0% 2.=1 loss[2]=0.0% 1.=0 prev[1]=21.4% 2.=1 prev[2]=78.6% 12=0 13=0 21=0 22=1 23=0
Age 83 1.=0 loss[1]=0.0% 2.=1 loss[2]=0.0% 1.=0 prev[1]=15.8% 2.=1 prev[2]=84.2% 11=0 12=0 22=1 23=0
Age 84 1.=0 loss[1]=0.0% 2.=1 loss[2]=0.0% 1.=0 prev[1]=13.2% 2.=1 prev[2]=86.8% 11=0 12=0 22=1 23=0
Age 85 1.=0 loss[1]=0.0% 2.=1 loss[2]=0.0% 1.=0 prev[1]=5.2% 2.=1 prev[2]=94.8% 11=0 21=0 22=1 23=0
Age 86 1.=0 loss[1]=0.0% 2.=1 loss[2]=0.0% 1.=0 prev[1]=26.0% 2.=1 prev[2]=74.0% 11=0 12=0 13=0 22=0 23=0
Age 87 1.=0 loss[1]=NaNQ% 2.=0 loss[2]=0.0% 1.=0 prev[1]=0.0% 2.=0 prev[2]=100.0% 22=0 23=0
Age 88 1.=0 loss[1]=0.0% 2.=0 loss[2]=0.0% 1.=0 prev[1]=10.7% 2.=0 prev[2]=89.3% 12=0 22=0 23=0
Age 89 1.=0 loss[1]=0.0% 2.=0 loss[2]=0.0% 1.=0 prev[1]=40.6% 2.=0 prev[2]=59.4% 11=0 12=0 13=0 22=0 23=0
Age 90 1.=0 loss[1]=0.0% 2.=0 loss[2]=0.0% 1.=0 prev[1]=18.4% 2.=0 prev[2]=81.6% 11=0 13=0 22=0 23=0
Age 91 1.=0 loss[1]=0.0% 2.=0 loss[2]=0.0% 1.=0 prev[1]=46.8% 2.=0 prev[2]=53.2% 12=0 13=0 23=0
Age 92 1.=0 loss[1]=NaNQ% 2.=0 loss[2]=0.0% 1.=0 prev[1]=0.0% 2.=0 prev[2]=100.0% 21=0 23=0
Age 93 1.=0 loss[1]=NaNQ% 2.=0 loss[2]=0.0% 1.=0 prev[1]=0.0% 2.=0 prev[2]=100.0% 22=0 23=0
Age 94 1.=0 loss[1]=NaNQ% 2.=0 loss[2]=0.0% 1.=0 prev[1]=0.0% 2.=0 prev[2]=100.0% 22=0 23=0
Age 95 1.=0 loss[1]=0.0% 2.=0 loss[2]=0.0% 1.=0 prev[1]=50.1% 2.=0 prev[2]=49.9% 13=0 23=0
Age 96 1.=0 loss[1]=NaNQ% 2.=0 loss[2]=NaNQ% 1.=0 prev[1]=NaNQ% 2.=0 prev[2]=NaNQ%
Age 97 1.=0 loss[1]=0.0% 2.=0 loss[2]=0.0% 1.=0 prev[1]=66.0% 2.=0 prev[2]=34.0% 13=0 23=0
Age 98 1.=0 loss[1]=NaNQ% 2.=0 loss[2]=NaNQ% 1.=0 prev[1]=NaNQ% 2.=0 prev[2]=NaNQ%
Age 99 1.=0 loss[1]=NaNQ% 2.=0 loss[2]=0.0% 1.=0 prev[1]=0.0% 2.=0 prev[2]=100.0% 23=0
Age 100 1.=0 loss[1]=NaNQ% 2.=0 loss[2]=NaNQ% 1.=0 prev[1]=NaNQ% 2.=0 prev[2]=NaNQ%
Age 101 1.=0 loss[1]=NaNQ% 2.=0 loss[2]=0.0% 1.=0 prev[1]=0.0% 2.=0 prev[2]=100.0% 23=0
1 1.=0 loss[1]=NaNQ% 2.=0 loss[2]=NaNQ% 1.=0 prev[1]=NaNQ% 2.=0 prev[2]=NaNQ%
0 1.=0 loss[1]=NaNQ% 2.=0 loss[2]=NaNQ% 1.=0 prev[1]=NaNQ% 2.=0 prev[2]=NaNQ%
Total 1.=27 loss[1]=0.0% 2.=53 loss[2]=0.0% 1.=27 prev[1]=34.2% 2.=53 prev[2]=65.8% 11=16 12=10 13=1 21=5 22=44 23=4


12    0.0000000 ln(10/16)=   -0.4523005 
13    0.0000000 ln(1/16)=   -3.3667632 
21    0.0000000 ln(5/44)=   -2.1089044 
23    0.0000000 ln(4/44)=   -2.5126969 

 -1-1=0 -10=0 -11=0 -12=0 -13=0 0-1=0 00=0 01=0 02=0 03=0 1-1=0 10=0 11=16 12=10 13=1 2-1=0 20=0 21=5 22=44 23=4 3-1=0 30=0 31=0 32=0 33=0
Powell

Powell iter=1 Big Iter=1 -2*LL=11754.291625668044 gain=0 0 sec. 0 sec.
#model=  1      +     age 
12    0.0000000    0.0000000 
13    0.0000000    0.0000000 
21    0.0000000    0.0000000 
23    0.0000000    0.0000000 
1......2.................3.........4..................5.....6..................7.......8..................
Powell iter=2 Big Iter=2 -2*LL=3008.328885427351 gain=8.75e+003 1 sec. 1 sec.
#model=  1      +     age 
12    8.5740819   -0.0040558 
13   -0.5816168    0.0041063 
21    3.1594185   -0.0007759 
23   -1.3421795    0.0029434 

Considering the time needed for this last iteration #2: 1 seconds,
   - if your program needs 1 BIG iterations  (2 iterations) to converge, convergence will be 
   reached in 0 day(s) 0 hour(s) 0 minute(s) 0 second(s) i.e.
   on Tue May 28 07:03:22 2024 (current time is Tue May 28 07:03:22 2024);
   - if your program needs 11 BIG iterations  (22 iterations) to converge, convergence will be 
   reached in 0 day(s) 0 hour(s) 0 minute(s) 20 second(s) i.e.
   on Tue May 28 07:03:42 2024 (current time is Tue May 28 07:03:22 2024);
   - if your program needs 21 BIG iterations  (42 iterations) to converge, convergence will be 
   reached in 0 day(s) 0 hour(s) 0 minute(s) 40 second(s) i.e.
   on Tue May 28 07:04:02 2024 (current time is Tue May 28 07:03:22 2024);
   - if your program needs 31 BIG iterations  (62 iterations) to converge, convergence will be 
   reached in 0 day(s) 0 hour(s) 1 minute(s) 0 second(s) i.e.
   on Tue May 28 07:04:22 2024 (current time is Tue May 28 07:03:22 2024);
1..........2...................3.........4...................5.........6.................7.........8..................directest= 1416.569769729831 (if directest<0 or t<0 we include P0 Pn as new direction), t= -48468313.137958206000, f1= 3008.328885427351,f2= 2773.498447207714,f3= 4136.154418440205, del= 90.458319861149
f1-2f2+f3= 1597.486409452128, f1-f2-del= 144.372118358488, f1-f3= -1127.825533012854

Powell iter=3 Big Iter=2 -2*LL=2773.498447207714 gain=235 0 sec. 1 sec.
#model=  1      +     age 
12    4.6561672   -0.0060073 
13   -1.4627092    0.0085142 
21    2.6183829   -0.0014942 
23   -2.6444873    0.0065998 

Considering the time needed for this last iteration #3: 0 seconds,
   - if your program needs 1 BIG iterations  (2 iterations) to converge, convergence will be 
   reached in 0 day(s) 0 hour(s) 0 minute(s) 0 second(s) i.e.
   on Tue May 28 07:03:22 2024 (current time is Tue May 28 07:03:22 2024);
   - if your program needs 11 BIG iterations  (22 iterations) to converge, convergence will be 
   reached in 0 day(s) 0 hour(s) 0 minute(s) 0 second(s) i.e.
   on Tue May 28 07:03:22 2024 (current time is Tue May 28 07:03:22 2024);
   - if your program needs 21 BIG iterations  (42 iterations) to converge, convergence will be 
   reached in 0 day(s) 0 hour(s) 0 minute(s) 0 second(s) i.e.
   on Tue May 28 07:03:22 2024 (current time is Tue May 28 07:03:22 2024);
   - if your program needs 31 BIG iterations  (62 iterations) to converge, convergence will be 
   reached in 0 day(s) 0 hour(s) 0 minute(s) 0 second(s) i.e.
   on Tue May 28 07:03:22 2024 (current time is Tue May 28 07:03:22 2024);
1..........2...................3..........4...................5........6...............7........8...........................Gaining to use new average direction of P0 P8 instead of biggest increase direction 7 :

Powell iter=4 Big Iter=3 -2*LL=2479.446888678338 gain=294 1 sec. 2 sec.
#model=  1      +     age 
12    3.9336341   -0.0158877 
13   -3.3132930    0.0254477 
21   -0.0522684   -0.0068713 
23   -6.9002934    0.0232708 
1...........2...................3..........4...................5.........6.................7...................8..........directest= 728.704262045810 (if directest<0 or t<0 we include P0 Pn as new direction), t= -822283.542351216430, f1= 2479.446888678338,f2= 2474.955373319669,f3= 3202.361914949564, del= 1.596897471377
f1-2f2+f3= 731.898056988563, f1-f2-del= 2.894617887292, f1-f3= -722.915026271226

Powell iter=5 Big Iter=3 -2*LL=2474.955373319669 gain=4.49 0 sec. 2 sec.
#model=  1      +     age 
12    3.8583624   -0.0184668 
13   -3.4382857    0.0284117 
21   -0.0528549   -0.0079987 
23   -6.8972521    0.0258185 
1.........2..................3..........4...................5.........6.................7...................8.................Gaining to use new average direction of P0 P8 instead of biggest increase direction 1 :

Powell iter=6 Big Iter=4 -2*LL=2384.309131014665 gain=90.6 0 sec. 2 sec.
#model=  1      +     age 
12   13.8616541   -0.0990105 
13   -8.1059003    0.1209086 
21    2.9355872   -0.0429990 
23   -6.6886681    0.0338409 
1..........2...................3..........4..................5.........6..................7..................8.........
Powell iter=7 Big Iter=4 -2*LL=2358.978784761040 gain=25.3 1 sec. 3 sec.
#model=  1      +     age 
12   16.5962448   -0.1279853 
13   -9.6896051    0.1496293 
21    3.4517951   -0.0543890 
23   -7.2226330    0.0366766 
1...........2..................3..........4..................5.........6.................7..................8.............Gaining to use new average direction of P0 P8 instead of biggest increase direction 1 :

Powell iter=8 Big Iter=5 -2*LL=2349.589899184771 gain=9.39 0 sec. 3 sec.
#model=  1      +     age 
12   22.2910212   -0.1732596 
13  -12.6706005    0.2059014 
21    4.8477067   -0.0772619 
23   -7.8004439    0.0452940 
1........2.............3..........4..................5.........6..............7..................8.......
Powell iter=9 Big Iter=5 -2*LL=2346.067671587143 gain=3.52 0 sec. 3 sec.
#model=  1      +     age 
12   23.8908849   -0.1787119 
13  -13.4810838    0.2214167 
21    5.3295175   -0.0838333 
23   -7.9489615    0.0480553 
1........2..............3..........4..................5.........6..............7..................8................Gaining to use new average direction of P0 P8 instead of biggest increase direction 2 :

Powell iter=10 Big Iter=6 -2*LL=2344.270345124684 gain=1.8 1 sec. 4 sec.
#model=  1      +     age 
12   27.1140245   -0.1942012 
13  -15.0607731    0.2520860 
21    6.3042757   -0.0966369 
23   -8.1812459    0.0529291 
1........2........3.........4..................5.........6.............7..................8........
Powell iter=11 Big Iter=6 -2*LL=2343.814012417060 gain=0.456 0 sec. 4 sec.
#model=  1      +     age 
12   27.0059951   -0.1917449 
13  -15.0328493    0.2508202 
21    6.3100436   -0.0964868 
23   -8.2337052    0.0534286 
1........2........3..........4..................5.........6.............7..................8................Gaining to use new average direction of P0 P8 instead of biggest increase direction 1 :

Powell iter=12 Big Iter=7 -2*LL=2341.515829416077 gain=2.3 1 sec. 5 sec.
#model=  1      +     age 
12   29.4954142   -0.2047044 
13  -16.2334919    0.2721410 
21    7.0741379   -0.1089718 
23   -9.2294718    0.0654344 
1.........2........3........4.................5.........6.............7...................8........
Powell iter=13 Big Iter=7 -2*LL=2339.730480739655 gain=1.79 1 sec. 6 sec.
#model=  1      +     age 
12   29.3517524   -0.2004679 
13  -15.7221770    0.2685665 
21    7.1276623   -0.1094498 
23   -9.5792229    0.0703481 
1........2........3.........4..................5.........6.............7...................8...............Gaining to use new average direction of P0 P8 instead of biggest increase direction 8 :

Powell iter=14 Big Iter=8 -2*LL=2332.380977907089 gain=7.35 0 sec. 6 sec.
#model=  1      +     age 
12   22.4211158   -0.1386450 
13  -10.0621627    0.1848834 
21    5.7633066   -0.0906643 
23  -12.0356418    0.1017697 
1........2........3..........4..................5.........6..............7..................8........directest= 5.586852716365 (if directest<0 or t<0 we include P0 Pn as new direction), t= -3.025254892027, f1= 2332.380977907089,f2= 2332.202660142095,f3= 2337.820002980738, del= 0.104403943636
f1-2f2+f3= 5.795660603637, f1-f2-del= 0.073913821358, f1-f3= -5.439025073648

Powell iter=15 Big Iter=8 -2*LL=2332.202660142095 gain=0.178 1 sec. 7 sec.
#model=  1      +     age 
12   21.7392597   -0.1333566 
13   -9.6625622    0.1778975 
21    5.6206620   -0.0880913 
23  -12.0070052    0.1010704 
1........2........3..........4....................5.........6..............7..................8..............Gaining to use new average direction of P0 P8 instead of biggest increase direction 1 :

Powell iter=16 Big Iter=9 -2*LL=2332.097111592514 gain=0.106 0 sec. 7 sec.
#model=  1      +     age 
12   22.3386309   -0.1358717 
13   -9.8291105    0.1826122 
21    5.8258316   -0.0909645 
23  -12.2061276    0.1035329 
1........2........3..........4..................5.........6................7..................8.......
Powell iter=17 Big Iter=9 -2*LL=2332.086309405644 gain=0.0108 1 sec. 8 sec.
#model=  1      +     age 
12   22.3963501   -0.1363625 
13   -9.7895913    0.1830542 
21    5.8365989   -0.0911879 
23  -12.2075680    0.1034577 
1........2........3...........4..................5.........6..............7..................8..........................Gaining to use new average direction of P0 P8 instead of biggest increase direction 3 :

Powell iter=18 Big Iter=10 -2*LL=2332.084032556421 gain=0.00228 0 sec. 8 sec.
#model=  1      +     age 
12   22.3246083   -0.1357073 
13   -9.6654475    0.1818735 
21    5.8226276   -0.0910341 
23  -12.2425065    0.1038637 
1..........2........3.......4.....................5.........6......................7..................8.......
Powell iter=19 Big Iter=10 -2*LL=2332.083756560951 gain=0.000276 0 sec. 8 sec.
#model=  1      +     age 
12   22.3229619   -0.1356653 
13   -9.6554445    0.1817862 
21    5.8231650   -0.0910414 
23  -12.2430856    0.1038705 
1........2........3.......4...................5............6..............7..................8...............Gaining to use new average direction of P0 P8 instead of biggest increase direction 2 :

Powell iter=20 Big Iter=11 -2*LL=2332.030144760828 gain=0.0536 1 sec. 9 sec.
#model=  1      +     age 
12   21.2891351   -0.1188046 
13   -5.9984880    0.1477612 
21    5.8508227   -0.0914141 
23  -12.2398162    0.1037688 
1........2......3........4...................5........6...............7..................8.........directest= 0.103583253869 (if directest<0 or t<0 we include P0 Pn as new direction), t= -0.000010317587, f1= 2332.030144760828,f2= 2332.027718483821,f3= 2332.130983122472, del= 0.001053830895
f1-2f2+f3= 0.105690915658, f1-f2-del= 0.001372446112, f1-f3= -0.100838361644

Powell iter=21 Big Iter=11 -2*LL=2332.027718483821 gain=0.00243 1 sec. 10 sec.
#model=  1      +     age 
12   21.2961563   -0.1180377 
13   -5.7853832    0.1457764 
21    5.8768071   -0.0917752 
23  -12.2484307    0.1038588 
1........2......3........4..................5....................6..................7..................8..........
Powell iter=22 Big Iter=12 -2*LL=2332.027438860851 gain=0.00028 1 sec. 11 sec.
#model=  1      +     age 
12   21.2493015   -0.1174946 
13   -5.7038778    0.1448436 
21    5.8713272   -0.0917041 
23  -12.2661651    0.1040699 
1............2...............3..........4.......................5..............6..................7...........................8..................
Powell iter=23 Big Iter=12 -2*LL=2332.027431281665 gain=7.58e-006 1 sec. 12 sec.
#model=  1      +     age 
12   21.2464390   -0.1174613 
13   -5.6975319    0.1447919 
21    5.8709526   -0.0917015 
23  -12.2686258    0.1040975 
1.........2...........3.................4..........................5..............6....................7.....................8............................Gaining to use new average direction of P0 P8 instead of biggest increase direction 1 :

Powell iter=24 Big Iter=13 -2*LL=2332.027430047078 gain=1.23e-006 1 sec. 13 sec.
#model=  1      +     age 
12   21.2500451   -0.1174968 
13   -5.7016986    0.1448508 
21    5.8715433   -0.0917102 
23  -12.2678952    0.1040882 
1........................2........3......................4....................................5..................6.................7......................8....................directest= 0.000000027766 (if directest<0 or t<0 we include P0 Pn as new direction), t= -0.000000000000, f1= 2332.027430047078,f2= 2332.027429994874,f3= 2332.027430068412, del= 0.000000048988
f1-2f2+f3= 0.000000125742, f1-f2-del= 0.000000003216, f1-f3= -0.000000021334

Powell iter=25 Big Iter=13 -2*LL=2332.027429994874 gain=5.22e-008 1 sec. 14 sec.
#model=  1      +     age 
12   21.2502923   -0.1174993 
13   -5.7022183    0.1448554 
21    5.8715846   -0.0917106 
23  -12.2677244    0.1040863 
1.......................2...........3....................4.............................5...................6.................7......................8....................
Powell iter=26 Big Iter=14 -2*LL=2332.027429994418 gain=4.56e-010 1 sec. 15 sec.
#model=  1      +     age 
12   21.2502895   -0.1174990 
13   -5.7021405    0.1448546 
21    5.8715930   -0.0917107 
23  -12.2677130    0.1040861 
1.......................2.......................3......................................4.........................5.....................6..................7......................8....................
Powell iter=27 Big Iter=14 -2*LL=2332.027429994356 gain=6.18e-011 1 sec. 16 sec.
#model=  1      +     age 
12   21.2502663   -0.1174986 
13   -5.7020577    0.1448539 
21    5.8715938   -0.0917107 
23  -12.2677139    0.1040861 
1...............2.......................3............................4...........................5.....................6.................7........................8....................................Gaining to use new average direction of P0 P8 instead of biggest increase direction 5 :

Powell iter=28 Big Iter=15 -2*LL=2332.027429994129 gain=2.27e-010 1 sec. 17 sec.
#model=  1      +     age 
12   21.2502813   -0.1174988 
13   -5.7020518    0.1448538 
21    5.8716003   -0.0917108 
23  -12.2677224    0.1040862 
1......................2....................3...............4......................5..........6.................7......................8........................................Gaining to use new average direction of P0 P8 instead of biggest increase direction 8 :

Powell iter=29 Big Iter=15 -2*LL=2332.027429993525 gain=6.04e-010 1 sec. 18 sec.
#model=  1      +     age 
12   21.2502533   -0.1174987 
13   -5.7019374    0.1448524 
21    5.8716051   -0.0917109 
23  -12.2677340    0.1040864 
1....................2................3.............................4........................5...............6....................7....................8..............................Gaining to use new average direction of P0 P8 instead of biggest increase direction 8 :

Powell iter=30 Big Iter=16 -2*LL=2332.027429990341 gain=3.18e-009 1 sec. 19 sec.
#model=  1      +     age 
12   21.2500920   -0.1174984 
13   -5.7014555    0.1448456 
21    5.8716170   -0.0917111 
23  -12.2677651    0.1040867 
1..........................2..................3...................4............................5...............6.................7......................8.........................Gaining to use new average direction of P0 P8 instead of biggest increase direction 8 :

Powell iter=31 Big Iter=16 -2*LL=2332.027429974197 gain=1.61e-008 1 sec. 20 sec.
#model=  1      +     age 
12   21.2495154   -0.1175023 
13   -5.7003415    0.1448232 
21    5.8716232   -0.0917112 
23  -12.2678210    0.1040873 
1..............2................3...............4....................................5...............6................7........................8..........................Gaining to use new average direction of P0 P8 instead of biggest increase direction 8 :

Powell iter=32 Big Iter=17 -2*LL=2332.027429885016 gain=8.92e-008 1 sec. 21 sec.
#model=  1      +     age 
12   21.2473634   -0.1175428 
13   -5.6982294    0.1447358 
21    5.8716050   -0.0917111 
23  -12.2679496    0.1040888 
1..............2...............3..................4...........................5..................6..................7.................................8....................Gaining to use new average direction of P0 P8 instead of biggest increase direction 8 :

Powell iter=33 Big Iter=17 -2*LL=2332.027429342307 gain=5.43e-007 2 sec. 23 sec.
#model=  1      +     age 
12   21.2378116   -0.1178460 
13   -5.6971092    0.1443155 
21    5.8714965   -0.0917099 
23  -12.2683013    0.1040929 
1...........2.........3...................4...................5..........6.........................7......................8..................Gaining to use new average direction of P0 P8 instead of biggest increase direction 8 :

Powell iter=34 Big Iter=18 -2*LL=2332.027425024385 gain=4.32e-006 1 sec. 24 sec.
#model=  1      +     age 
12   21.1717074   -0.1205302 
13   -5.7256020    0.1412207 
21    5.8709656   -0.0917033 
23  -12.2697801    0.1041103 
1.........2.......3...................4.....................5..........6.................7.........................8.............directest= 1024.796839115584 (if directest<0 or t<0 we include P0 Pn as new direction), t= -140625.947708933350, f1= 2332.027425024385,f2= 2331.893512914473,f3= 3356.824245683560, del= 0.133902881708
f1-2f2+f3= 1025.064644879000, f1-f2-del= 0.000009228204, f1-f3= -1024.796820659175

Powell iter=35 Big Iter=18 -2*LL=2331.893512914473 gain=0.134 0 sec. 24 sec.
#model=  1      +     age 
12   19.3411213   -0.1933345 
13   -6.4148727    0.0559455 
21    5.8563123   -0.0915251 
23  -12.3133491    0.1046215 
1.........2.....3........4..................5.......6...............7..................8.................Gaining to use new average direction of P0 P8 instead of biggest increase direction 8 :

Powell iter=36 Big Iter=19 -2*LL=2331.721457157898 gain=0.172 1 sec. 25 sec.
#model=  1      +     age 
12   20.7325427   -0.2191271 
13   -9.0527458    0.0769114 
21    6.1091137   -0.0954877 
23  -12.3769959    0.1053787 
1.........2......3........4..................5......6...............7..................8..........
Powell iter=37 Big Iter=19 -2*LL=2331.692401533865 gain=0.0291 1 sec. 26 sec.
#model=  1      +     age 
12   21.1505849   -0.2241781 
13   -9.3092767    0.0796590 
21    6.2351464   -0.0973622 
23  -12.3359201    0.1048790 
1...........2......3..........4....................5......6..................7..................8..................Gaining to use new average direction of P0 P8 instead of biggest increase direction 4 :

Powell iter=38 Big Iter=20 -2*LL=2331.690166244610 gain=0.00224 1 sec. 27 sec.
#model=  1      +     age 
12   21.3890158   -0.2273775 
13   -9.8114791    0.0851305 
21    6.2639289   -0.0977494 
23  -12.2886980    0.1042851 
1...........2.......3..................4..........5.....6...............7..................8......
Powell iter=39 Big Iter=20 -2*LL=2331.689609128858 gain=0.000557 0 sec. 27 sec.
#model=  1      +     age 
12   21.4183441   -0.2277344 
13   -9.9272700    0.0863929 
21    6.2600898   -0.0977073 
23  -12.2820458    0.1042072 
1...........2........3..............4..........5..........6..............7..................8..............Gaining to use new average direction of P0 P8 instead of biggest increase direction 1 :

Powell iter=40 Big Iter=21 -2*LL=2331.689091121595 gain=0.000518 1 sec. 28 sec.
#model=  1      +     age 
12   21.4769254   -0.2284987 
13  -10.1930441    0.0891444 
21    6.2500604   -0.0975695 
23  -12.2733881    0.1041114 
1...............2...............3...........4...........5.......6..................7.....................8......directest= 0.000194490718 (if directest<0 or t<0 we include P0 Pn as new direction), t= -0.000000000000, f1= 2331.689091121595,f2= 2331.689051253247,f3= 2331.689241022541, del= 0.000017573463
f1-2f2+f3= 0.000229637643, f1-f2-del= 0.000022294886, f1-f3= -0.000149900946

Powell iter=41 Big Iter=21 -2*LL=2331.689051253247 gain=3.99e-005 1 sec. 29 sec.
#model=  1      +     age 
12   21.4759229   -0.2284382 
13  -10.2064434    0.0893232 
21    6.2480117   -0.0975397 
23  -12.2761464    0.1041460 
1........2........3................4..............5.........6..................7......................8.....................Gaining to use new average direction of P0 P8 instead of biggest increase direction 3 :

Powell iter=42 Big Iter=22 -2*LL=2331.689032541446 gain=1.87e-005 1 sec. 30 sec.
#model=  1      +     age 
12   21.4937553   -0.2286393 
13  -10.2613923    0.0899495 
21    6.2480435   -0.0975397 
23  -12.2767324    0.1041527 
1.................2.................3...................4.................5............6....................7...............................8...........directest= 0.000006147355 (if directest<0 or t<0 we include P0 Pn as new direction), t= -0.000000000000, f1= 2331.689032541446,f2= 2331.689032073382,f3= 2331.689038007906, del= 0.000000127617
f1-2f2+f3= 0.000006402588, f1-f2-del= 0.000000340447, f1-f3= -0.000005466461

Powell iter=43 Big Iter=22 -2*LL=2331.689032073382 gain=4.68e-007 1 sec. 31 sec.
#model=  1      +     age 
12   21.4964564   -0.2286796 
13  -10.2684980    0.0900205 
21    6.2482910   -0.0975435 
23  -12.2765799    0.1041508 
1............2............3...........4.....................5........6.........................7.....................8...................Gaining to use new average direction of P0 P8 instead of biggest increase direction 5 :

Powell iter=44 Big Iter=23 -2*LL=2331.689027867046 gain=4.21e-006 1 sec. 32 sec.
#model=  1      +     age 
12   21.4979417   -0.2287164 
13  -10.2737821    0.0900576 
21    6.2496554   -0.0975638 
23  -12.2781202    0.1041694 
1..........2............3...........4...........5..........6..........................7.....................8.........
Powell iter=45 Big Iter=23 -2*LL=2331.689023378711 gain=4.49e-006 0 sec. 32 sec.
#model=  1      +     age 
12   21.4968171   -0.2286959 
13  -10.2736401    0.0900576 
21    6.2499554   -0.0975676 
23  -12.2778005    0.1041657 
1.................2..........3.................4...........5............6......................7.....................8.......................Gaining to use new average direction of P0 P8 instead of biggest increase direction 4 :

Powell iter=46 Big Iter=24 -2*LL=2331.688987016178 gain=3.64e-005 1 sec. 33 sec.
#model=  1      +     age 
12   21.4634522   -0.2282268 
13  -10.2850680    0.0901751 
21    6.2475888   -0.0975315 
23  -12.2798125    0.1041942 
1................2......3...........4.................5.........6.......................7.....................8.......
Powell iter=47 Big Iter=24 -2*LL=2331.688950881136 gain=3.61e-005 1 sec. 34 sec.
#model=  1      +     age 
12   21.4458761   -0.2280240 
13  -10.2795502    0.0901169 
21    6.2469868   -0.0975238 
23  -12.2809946    0.1042086 
1........2...............3...........4.............5......6......................7...............................8...............Gaining to use new average direction of P0 P8 instead of biggest increase direction 2 :

Powell iter=48 Big Iter=25 -2*LL=2331.666129957506 gain=0.0228 1 sec. 35 sec.
#model=  1      +     age 
12   15.8134724   -0.1662981 
13  -12.6733657    0.1147475 
21    6.3048909   -0.0985637 
23  -12.3829320    0.1054358 
1.....2.....3......4.......5......6...............7..................8..........directest= 1.333053035024 (if directest<0 or t<0 we include P0 Pn as new direction), t= -0.016453316906, f1= 2331.666129957506,f2= 2331.640344008892,f3= 2332.967817731130, del= 0.010103317914
f1-2f2+f3= 1.353259670851, f1-f2-del= 0.015682630700, f1-f3= -1.301687773624

Powell iter=49 Big Iter=25 -2*LL=2331.640344008892 gain=0.0258 1 sec. 36 sec.
#model=  1      +     age 
12   14.5844137   -0.1542467 
13  -14.3438819    0.1319710 
21    6.3790449   -0.0998361 
23  -12.3933080    0.1055230 
1......2......3......4.......5................6...............7..................8.....................Gaining to use new average direction of P0 P8 instead of biggest increase direction 6 :

Powell iter=50 Big Iter=26 -2*LL=2331.581821591466 gain=0.0585 0 sec. 36 sec.
#model=  1      +     age 
12   11.9387792   -0.1288579 
13  -17.8558858    0.1677231 
21    6.5676407   -0.1031647 
23  -12.4273558    0.1058364 
1.....................2......3.......4........5.......6..........7..................8..........directest= 0.246170263039 (if directest<0 or t<0 we include P0 Pn as new direction), t= -0.000571215802, f1= 2331.581821591466,f2= 2331.557042660532,f3= 2331.804502306102, del= 0.013034156733
f1-2f2+f3= 0.272238576505, f1-f2-del= 0.011744774201, f1-f3= -0.222680714636

Powell iter=51 Big Iter=26 -2*LL=2331.557042660532 gain=0.0248 1 sec. 37 sec.
#model=  1      +     age 
12   12.0121551   -0.1311860 
13  -19.3107098    0.1832479 
21    6.6322140   -0.1042635 
23  -12.4353111    0.1059153 
1......2......3.....4......5......6..........7.........................8......................Gaining to use new average direction of P0 P8 instead of biggest increase direction 8 :

Powell iter=52 Big Iter=27 -2*LL=2331.452587800002 gain=0.104 1 sec. 38 sec.
#model=  1      +     age 
12   10.1681415   -0.1145768 
13  -20.9204960    0.1988034 
21    6.8370590   -0.1082729 
23  -12.6882877    0.1088214 
1......2......3......4........5......6..........7..................8.........directest= 1.096365323192 (if directest<0 or t<0 we include P0 Pn as new direction), t= -0.085439313899, f1= 2331.452587800002,f2= 2331.312181496754,f3= 2332.451544593340, del= 0.091702038321
f1-2f2+f3= 1.279769399834, f1-f2-del= 0.048704264927, f1-f3= -0.998956793338

Powell iter=53 Big Iter=27 -2*LL=2331.312181496754 gain=0.14 0 sec. 38 sec.
#model=  1      +     age 
12    9.9263474   -0.1141282 
13  -22.9256922    0.2204874 
21    6.9477058   -0.1104305 
23  -12.7014485    0.1088892 
1......2......3.....4.......5......6..........7..................8..................Gaining to use new average direction of P0 P8 instead of biggest increase direction 8 :

Powell iter=54 Big Iter=28 -2*LL=2330.787135460104 gain=0.525 1 sec. 39 sec.
#model=  1      +     age 
12   10.0445577   -0.1241287 
13  -29.0597101    0.2860820 
21    7.4576336   -0.1195226 
23  -12.8338680    0.1102087 
1.......2.......3......4........5.......6...........7..................8.........directest= 1.452136181674 (if directest<0 or t<0 we include P0 Pn as new direction), t= -0.218225521325, f1= 2330.787135460104,f2= 2330.100678384150,f3= 2331.787294581032, del= 0.460468545581
f1-2f2+f3= 2.373073272835, f1-f2-del= 0.225988530373, f1-f3= -1.000159120928

Powell iter=55 Big Iter=28 -2*LL=2330.100678384150 gain=0.686 0 sec. 39 sec.
#model=  1      +     age 
12   10.0360652   -0.1266142 
13  -31.6713821    0.3151344 
21    7.6270568   -0.1230394 
23  -12.9541580    0.1115344 
1.......2......3......4......5......6..........7..................8.......................Gaining to use new average direction of P0 P8 instead of biggest increase direction 8 :

Powell iter=56 Big Iter=29 -2*LL=2326.591142425300 gain=3.51 1 sec. 40 sec.
#model=  1      +     age 
12    8.6693193   -0.1219678 
13  -35.5488666    0.3576940 
21    8.5020000   -0.1407526 
23  -14.2305583    0.1264337 
1.......2.......3.......4........5.......6..........7..................8.........directest= 29.669805567137 (if directest<0 or t<0 we include P0 Pn as new direction), t= -1700.012500476152, f1= 2326.591142425300,f2= 2322.214833594270,f3= 2352.953420544654, del= 2.722545107139
f1-2f2+f3= 35.114895781414, f1-f2-del= 1.653763723891, f1-f3= -26.362278119354

Powell iter=57 Big Iter=29 -2*LL=2322.214833594270 gain=4.38 1 sec. 41 sec.
#model=  1      +     age 
12    8.1397063   -0.1188071 
13  -38.0989307    0.3874153 
21    8.7154769   -0.1465014 
23  -14.6725006    0.1315594 
1......2......3.......4........5.......6.........7..................8...................Gaining to use new average direction of P0 P8 instead of biggest increase direction 8 :

Powell iter=58 Big Iter=30 -2*LL=2306.606312926399 gain=15.6 0 sec. 41 sec.
#model=  1      +     age 
12    8.6089504   -0.1424982 
13  -51.3632150    0.5388932 
21    9.8543536   -0.1742726 
23  -16.1283390    0.1482609 
1.......2.......3........4......5........6..........7..................8.........
Powell iter=59 Big Iter=30 -2*LL=2292.857691717557 gain=13.7 1 sec. 42 sec.
#model=  1      +     age 
12    8.4166558   -0.1422996 
13  -57.2828657    0.6067455 
21    9.7456861   -0.1764925 
23  -16.1915867    0.1489477 
1........2.......3........4......5........6..........7..................8......................Gaining to use new average direction of P0 P8 instead of biggest increase direction 4 :

Powell iter=60 Big Iter=31 -2*LL=2215.083973874790 gain=77.8 0 sec. 42 sec.
#model=  1      +     age 
12   -1.2252992   -0.0239537 
13  -78.3374657    0.8522942 
21    7.1947507   -0.1633585 
23  -17.5960581    0.1654116 
1........2.......3......4........5.......6........7..................8..........directest= 418.058106545563 (if directest<0 or t<0 we include P0 Pn as new direction), t= -1252413.693464498000, f1= 2215.083973874790,f2= 2156.445014405941,f3= 2558.705774434969, del= 21.420806476157
f1-2f2+f3= 460.899719497877, f1-f2-del= 37.218152992692, f1-f3= -343.621800560179

Powell iter=61 Big Iter=31 -2*LL=2156.445014405941 gain=58.6 1 sec. 43 sec.
#model=  1      +     age 
12   -1.2651275   -0.0230854 
13  -89.1946524    0.9697348 
21    6.3662017   -0.1550787 
23  -17.0462675    0.1589670 
1.......2.......3........4........5.......6..........7.................8...............Gaining to use new average direction of P0 P8 instead of biggest increase direction 8 :

Powell iter=62 Big Iter=32 -2*LL=2062.098972366151 gain=94.3 0 sec. 43 sec.
#model=  1      +     age 
12   -4.5834222    0.0295898 
13 -113.9278763    1.2240605 
21    2.5215079   -0.1051273 
23  -15.0086090    0.1351405 
1.......2......3........4.........5.......6.........7.................8........directest= 57.671670797762 (if directest<0 or t<0 we include P0 Pn as new direction), t= -6642.744801466800, f1= 2062.098972366151,f2= 2059.380013381748,f3= 2118.533847547738, del= 2.100561176316
f1-2f2+f3= 61.872793150394, f1-f2-del= 0.618397808087, f1-f3= -56.434875181588

Powell iter=63 Big Iter=32 -2*LL=2059.380013381748 gain=2.72 1 sec. 44 sec.
#model=  1      +     age 
12   -4.7806452    0.0322116 
13 -112.4815061    1.2072468 
21    2.4370394   -0.1035237 
23  -14.8833141    0.1334778 
1......2.......3........4.........5.......6.........7..................8................Gaining to use new average direction of P0 P8 instead of biggest increase direction 5 :

Powell iter=64 Big Iter=33 -2*LL=2025.912976624158 gain=33.5 0 sec. 44 sec.
#model=  1      +     age 
12   -4.4858559    0.0286355 
13  -95.9094548    1.0025892 
21    0.7096317   -0.0709862 
23  -11.1129440    0.0884214 
1......2.......3......4.........5........6..........7.................8.........directest= 46.023782435643 (if directest<0 or t<0 we include P0 Pn as new direction), t= -897.260110094993, f1= 2025.912976624158,f2= 2024.091015767642,f3= 2069.401817863032, del= 0.554490258131
f1-2f2+f3= 47.132762951905, f1-f2-del= 1.267470598385, f1-f3= -43.488841238874

Powell iter=65 Big Iter=33 -2*LL=2024.091015767642 gain=1.82 1 sec. 45 sec.
#model=  1      +     age 
12   -4.4824908    0.0281079 
13  -96.1277382    1.0033183 
21    0.4740774   -0.0679164 
23  -10.8744179    0.0844475 
1.....2.......3........4.........5........6..........7..................8...............Gaining to use new average direction of P0 P8 instead of biggest increase direction 2 :

Powell iter=66 Big Iter=34 -2*LL=2023.178623323355 gain=0.912 1 sec. 46 sec.
#model=  1      +     age 
12   -4.3071886    0.0250157 
13  -97.2313245    1.0137044 
21    0.1562457   -0.0640902 
23  -10.6482948    0.0812933 
1......2.........3......4.........5........6..........7..................8........
Powell iter=67 Big Iter=34 -2*LL=2022.603087531777 gain=0.576 0 sec. 46 sec.
#model=  1      +     age 
12   -4.2629613    0.0243494 
13  -96.7443947    1.0077387 
21    0.1142669   -0.0632502 
23  -10.6199565    0.0810464 
1......2.........3......4.........5........6..........7..................8................Gaining to use new average direction of P0 P8 instead of biggest increase direction 1 :

Powell iter=68 Big Iter=35 -2*LL=1999.032360276536 gain=23.6 1 sec. 47 sec.
#model=  1      +     age 
12   -4.3104599    0.0250247 
13  -96.0646535    0.9813825 
21   -2.3190099   -0.0240232 
23  -13.6225916    0.1193402 
1........2.........3......4........5........6..........7.................8.........directest= 26.863658813573 (if directest<0 or t<0 we include P0 Pn as new direction), t= -257.324455012195, f1= 1999.032360276536,f2= 1997.780189179697,f3= 2024.307097486483, del= 0.457710295026
f1-2f2+f3= 27.779079403625, f1-f2-del= 0.794460801813, f1-f3= -25.274737209947

Powell iter=69 Big Iter=35 -2*LL=1997.780189179697 gain=1.25 0 sec. 47 sec.
#model=  1      +     age 
12   -4.6127302    0.0297763 
13  -98.4514232    1.0077455 
21   -2.5582532   -0.0212005 
23  -14.0156419    0.1235265 
1........2.........3......4........5........6..........7..................8.........
Powell iter=70 Big Iter=36 -2*LL=1997.717862879151 gain=0.0623 1 sec. 48 sec.
#model=  1      +     age 
12   -4.6680271    0.0306526 
13  -98.5347862    1.0088677 
21   -2.5819134   -0.0209359 
23  -14.0919647    0.1243803 
1........2.........3......4........5........6..........7..................8................Gaining to use new average direction of P0 P8 instead of biggest increase direction 3 :

Powell iter=71 Big Iter=36 -2*LL=1996.874876982827 gain=0.843 0 sec. 48 sec.
#model=  1      +     age 
12   -4.9485723    0.0350878 
13  -87.9070627    0.8970687 
21   -2.7798021   -0.0186105 
23  -14.5365034    0.1292545 
1........2.........3.........4........5........6..........7...................8..............Gaining to use new average direction of P0 P8 instead of biggest increase direction 8 :

Powell iter=72 Big Iter=37 -2*LL=1994.913746059786 gain=1.96 1 sec. 49 sec.
#model=  1      +     age 
12   -5.0252893    0.0362727 
13  -62.6040027    0.6287774 
21   -2.9289302   -0.0167736 
23  -14.9968124    0.1346357 
1........2.........3.........4........5........6..........7...................8........directest= 60.192457845942 (if directest<0 or t<0 we include P0 Pn as new direction), t= -1825.422047228927, f1= 1994.913746059786,f2= 1992.169286831618,f3= 2051.089459571744, del= 0.736087061176
f1-2f2+f3= 61.664631968294, f1-f2-del= 2.008372166992, f1-f3= -56.175713511958

Powell iter=73 Big Iter=37 -2*LL=1992.169286831618 gain=2.74 0 sec. 49 sec.
#model=  1      +     age 
12   -4.7614245    0.0320686 
13  -42.1760946    0.4134157 
21   -2.5804689   -0.0218740 
23  -14.9996152    0.1350004 
1........2........3........4........5........6..........7...................8.........
Powell iter=74 Big Iter=38 -2*LL=1991.041743882257 gain=1.13 1 sec. 50 sec.
#model=  1      +     age 
12   -4.5823751    0.0292182 
13  -33.1467489    0.3190184 
21   -2.2534708   -0.0267339 
23  -14.7025461    0.1315408 
1.........2........3........4........5........6..........7..................8..........
Powell iter=75 Big Iter=38 -2*LL=1990.786434686590 gain=0.255 0 sec. 50 sec.
#model=  1      +     age 
12   -4.4951624    0.0278170 
13  -30.2996932    0.2888641 
21   -2.1586275   -0.0281015 
23  -14.4332945    0.1283408 
1........2........3........4........5........6..........7..................8..........
Powell iter=76 Big Iter=39 -2*LL=1990.754321839345 gain=0.0321 1 sec. 51 sec.
#model=  1      +     age 
12   -4.4696950    0.0274019 
13  -29.5111482    0.2803912 
21   -2.1470956   -0.0282639 
23  -14.3231018    0.1270176 
1........2........3........4........5........6..........7..................8................Gaining to use new average direction of P0 P8 instead of biggest increase direction 1 :

Powell iter=77 Big Iter=39 -2*LL=1990.746270150899 gain=0.00805 1 sec. 52 sec.
#model=  1      +     age 
12   -4.4555144    0.0271686 
13  -29.0113567    0.2749908 
21   -2.1485650   -0.0282313 
23  -14.2444921    0.1260715 
1..........2........3........4........5.........6..........7..................8.......
Powell iter=78 Big Iter=40 -2*LL=1990.741461901960 gain=0.00481 0 sec. 52 sec.
#model=  1      +     age 
12   -4.4588319    0.0272222 
13  -28.8976819    0.2738241 
21   -2.1493645   -0.0282155 
23  -14.2457049    0.1260838 
1..........2........3........4........5..........6..........7..................8...............Gaining to use new average direction of P0 P8 instead of biggest increase direction 2 :

Powell iter=79 Big Iter=40 -2*LL=1990.487202647521 gain=0.254 1 sec. 53 sec.
#model=  1      +     age 
12   -4.5637702    0.0289778 
13  -29.4972798    0.2837261 
21   -2.1441580   -0.0278157 
23  -14.1108523    0.1244231 
1..........2........3........4........5........6.........7..................8........
Powell iter=80 Big Iter=41 -2*LL=1990.379932189427 gain=0.107 0 sec. 53 sec.
#model=  1      +     age 
12   -4.5570390    0.0288719 
13  -30.3266955    0.2930151 
21   -2.2050917   -0.0269191 
23  -14.1365885    0.1247100 
1..........2......3........4........5........6..........7..................8...............Gaining to use new average direction of P0 P8 instead of biggest increase direction 4 :

Powell iter=81 Big Iter=41 -2*LL=1990.073860273300 gain=0.306 1 sec. 54 sec.
#model=  1      +     age 
12   -4.4250590    0.0266847 
13  -30.6577966    0.2997616 
21   -2.4345036   -0.0236892 
23  -14.0546642    0.1236337 
1.................2......3........4........5.........6.................7.....................8........directest= 0.241906291598 (if directest<0 or t<0 we include P0 Pn as new direction), t= -0.000117313759, f1= 1990.073860273300,f2= 1990.069496571144,f3= 1990.311288817616, del= 0.002124828515
f1-2f2+f3= 0.246155948628, f1-f2-del= 0.002238873640, f1-f3= -0.237428544317

Powell iter=82 Big Iter=42 -2*LL=1990.069496571144 gain=0.00436 1 sec. 55 sec.
#model=  1      +     age 
12   -4.4190801    0.0265799 
13  -30.8308039    0.3014368 
21   -2.4389250   -0.0236613 
23  -14.1074527    0.1242724 
1..........2.........3........4........5.........6.........7..................8.........
Powell iter=83 Big Iter=42 -2*LL=1990.068991988303 gain=0.000505 0 sec. 55 sec.
#model=  1      +     age 
12   -4.4181359    0.0265617 
13  -30.7582761    0.3006976 
21   -2.4324647   -0.0237770 
23  -14.1069734    0.1242643 
1..................2........3........4........5............6..................7.....................8..........
Powell iter=84 Big Iter=43 -2*LL=1990.068925446090 gain=6.65e-005 1 sec. 56 sec.
#model=  1      +     age 
12   -4.4178972    0.0265572 
13  -30.7779773    0.3009221 
21   -2.4302492   -0.0238154 
23  -14.1094772    0.1242945 
1............2........3.................4..................5.............6..............7.....................8............
Powell iter=85 Big Iter=43 -2*LL=1990.068917112253 gain=8.33e-006 1 sec. 57 sec.
#model=  1      +     age 
12   -4.4178588    0.0265563 
13  -30.7796069    0.3009442 
21   -2.4295797   -0.0238275 
23  -14.1105357    0.1243072 
1.................2..........3.............4........5...............6................7.....................8..............
Powell iter=86 Big Iter=44 -2*LL=1990.068916069632 gain=1.04e-006 0 sec. 57 sec.
#model=  1      +     age 
12   -4.4178434    0.0265559 
13  -30.7800182    0.3009502 
21   -2.4293375   -0.0238318 
23  -14.1108844    0.1243114 
1.................2............3..............4.................5...................6..........................7.....................8.............
Powell iter=87 Big Iter=44 -2*LL=1990.068915936528 gain=1.33e-007 1 sec. 58 sec.
#model=  1      +     age 
12   -4.4178382    0.0265558 
13  -30.7802157    0.3009529 
21   -2.4292495   -0.0238334 
23  -14.1110077    0.1243129 
1.................2..................3...................4..................5................6..................7.....................8...................
Powell iter=88 Big Iter=45 -2*LL=1990.068915919885 gain=1.66e-008 1 sec. 59 sec.
#model=  1      +     age 
12   -4.4178357    0.0265557 
13  -30.7802836    0.3009538 
21   -2.4292199   -0.0238339 
23  -14.1110525    0.1243134 
1...................2...............3...................4...............5................6...............7.....................8...................
Powell iter=89 Big Iter=45 -2*LL=1990.068915917763 gain=2.12e-009 1 sec. 60 sec.
#model=  1      +     age 
12   -4.4178349    0.0265557 
13  -30.7803128    0.3009542 
21   -2.4292082   -0.0238341 
23  -14.1110687    0.1243136 
1.......................2....................3.....................4........................5...................6................................7....................8......................
Powell iter=90 Big Iter=46 -2*LL=1990.068915917498 gain=2.65e-010 1 sec. 61 sec.
#model=  1      +     age 
12   -4.4178346    0.0265557 
13  -30.7803156    0.3009543 
21   -2.4292045   -0.0238342 
23  -14.1110740    0.1243137 
1.......................2..............3..................4....................5...................6......................7...........................8.....................
Powell iter=91 Big Iter=46 -2*LL=1990.068915917463 gain=3.52e-011 1 sec. 62 sec.
#model=  1      +     age 
12   -4.4178346    0.0265557 
13  -30.7803219    0.3009544 
21   -2.4292031   -0.0238342 
23  -14.1110751    0.1243137 
1........................2..............................3.....................4..........................5......................6.............................7......................8............................
#Number of iterations & function calls = 91 & 12425, -2 Log likelihood = 1990.068915917463
# Parameters nlstate*nlstate*ncov a12*1 + b12 * age + ...
#model=  1      +     age 
12   -4.4178347    0.0265557 
13  -30.7803218    0.3009544 
21   -2.4292030   -0.0238342 
23  -14.1110751    0.1243137 

Calculation of the hessian matrix. Wait...
1-2-3-4-5-6-7-8-.1-2.1-3.1-4.1-5.1-6.1-7.1-8.2-3.2-4.2-5.2-6.2-7.2-8.3-4.3-5.3-6.3-7.3-8.4-5.4-6.4-7.4-8.5-6.5-7.5-8.6-7.6-8.7-8

Inverting the hessian to get the covariance matrix. Wait...

#Hessian matrix#
1.738117e+002 1.141067e+004 9.100219e-001 7.985022e+001 -3.720356e+001 -2.488291e+003 -7.676078e-001 -7.641250e+001 
1.141067e+004 7.626838e+005 7.884388e+001 6.943613e+003 -2.490170e+003 -1.696855e+005 -7.702576e+001 -7.486899e+003 
9.100219e-001 7.884388e+001 1.761070e+000 1.630771e+002 -4.460092e-001 -3.936543e+001 1.353682e+000 1.210889e+002 
7.985022e+001 6.943613e+003 1.630771e+002 1.517134e+004 -3.969615e+001 -3.524518e+003 1.210726e+002 1.088440e+004 
-3.720356e+001 -2.490170e+003 -4.460092e-001 -3.969615e+001 9.270471e+001 6.177792e+003 -1.016514e+000 -7.563739e+001 
-2.488291e+003 -1.696855e+005 -3.936543e+001 -3.524518e+003 6.177792e+003 4.190303e+005 -7.488528e+001 -5.606360e+003 
-7.676078e-001 -7.702576e+001 1.353682e+000 1.210726e+002 -1.016514e+000 -7.488528e+001 6.716554e+001 5.447487e+003 
-7.641250e+001 -7.486899e+003 1.210889e+002 1.088440e+004 -7.563739e+001 -5.606360e+003 5.447487e+003 4.476721e+005 
Parameters, Wald tests and Wald-based confidence intervals
 W is simply the result of the division of the parameter by the square root of covariance of the parameter.
 And Wald-based confidence intervals plus and minus 1.96 * W 
  It might be better to visualize the covariance matrix. See the page 'Matrix of variance-covariance of one-step probabilities' and its graphs.
12   -4.4178347(   0.6034637) W=  -7.321 CI=[  -5.6006235 ;   -3.2350459]    0.0265557(   0.0091427) W=   2.905 CI=[   0.0086361 ;    0.0444754] 
13  -30.7803218(  11.1535797) W=  -2.760 CI=[ -52.6413380 ;   -8.9193057]    0.3009544(   0.1200222) W=   2.507 CI=[   0.0657109 ;    0.5361978] 
21   -2.4292030(   0.8256801) W=  -2.942 CI=[  -4.0475360 ;   -0.8108700]   -0.0238342(   0.0123122) W=  -1.936 CI=[  -0.0479662 ;    0.0002977] 
23  -14.1110751(   1.0741611) W= -13.137 CI=[ -16.2164308 ;  -12.0057194]    0.1243137(   0.0131790) W=   9.433 CI=[   0.0984829 ;    0.1501445] 
# Scales (for hessian or gradient estimation)
12 1.00000e-004 1.00000e-005
13 1.00000e-003 1.00000e-005
21 1.00000e-003 1.00000e-005
23 1.00000e-003 1.00000e-005
# Covariance matrix 
# 121 Var(a12)
# 122 Cov(b12,a12) Var(b12)
#   ...
# 232 Cov(b23,a12)  Cov(b23,b12) ... Var (b23)
#121 Var(a12)
#122 Cov(b12,a12) Var(b12)
#131 Cov(a13,a12) Cov(a13,b12) Var(a13)
#132 Cov(b13,a12) Cov(b13,b12) Cov(b13,a13) Var(b13)
#211 Cov(a21,a12) Cov(a21,b12) Cov(a21,a13) Cov(a21,b13) Var(a21)
#212 Cov(b21,a12) Cov(b21,b12) Cov(b21,a13) Cov(b21,b13) Cov(b21,a21) Var(b21)
#231 Cov(a23,a12) Cov(a23,b12) Cov(a23,a13) Cov(a23,b13) Cov(a23,a21) Cov(a23,b21) Var(a23)
#232 Cov(b23,a12) Cov(b23,b12) Cov(b23,a13) Cov(b23,b13) Cov(b23,a21) Cov(b23,b21) Cov(b23,a23) Var(b23)
121 3.6416840e-001
122 -5.46921e-003 8.3588721e-005
131 4.74573e-001 -7.78732e-003 1.2440234e+002
132 -4.59349e-003 7.55009e-005 -1.33546e+000 1.4405319e-002
211 1.50558e-001 -2.26620e-003 6.94797e-003 -3.73649e-004 6.8174762e-001
212 -2.26623e-003 3.46902e-005 -4.64228e-006 4.72993e-006 -1.00774e-002 1.5159053e-004
231 2.49374e-002 -3.99016e-004 -2.90008e-001 4.05013e-003 2.77398e-003 -2.95202e-005 1.1538220e+000
232 -3.52384e-004 5.64205e-006 2.30118e-003 -3.78287e-005 -4.97676e-005 6.34594e-007 -1.40626e-002 1.7368527e-004
# agemin agemax for life expectancy, bage fage (if mle==0 ie no data nor Max likelihood).
# Observed prevalence period
begin-prev-date=1/1/2013 end-prev-date=1/9/2018 mov_average=0
# Health expectancies computed from stable (period) prevalence (pop_based=0) or population based (1)
pop_based=0
# Prevalence forecasting and backcasting is skept here
##prevforecast=0  starting-proj-date=1/1/1989 final-proj-date=1/1/1990 mobil_average=0
#prevforecast=1 yearsfproj=10 mobil_average=0
#prevbackcast=1 yearsbproj=10 mobil_average=1
End of resultlines.

Computing forward period (stable) prevalence: result on file 'PL_SEMchr.txt' 
Computing pij: result on file 'PIJ_SEMchr.txt' 
Computing standard deviation of one-step probabilities: result on file 'PROB_rSEMchr.txt' 
Computing matrix of variance covariance of one-step probabilities: result on file 'PROBCOV_SEMchr.txt' 
and correlation matrix of one-step probabilities: result on file 'PROBCOR_SEMchr.txt' 
Prevalence combination of varying and fixed dummies 1
Warning Observed prevalence doesn't sum to 1 for state 2: probs[50][2][1]=0.000000 because of lack of cases.
Warning Observed prevalence doesn't sum to 1 for state 1: probs[51][1][1]=0.000000 because of lack of cases.
Warning Observed prevalence doesn't sum to 1 for state 2: probs[51][2][1]=0.000000 because of lack of cases.
Warning Observed prevalence doesn't sum to 1 for state 1: probs[96][1][1]=0.000000 because of lack of cases.
Warning Observed prevalence doesn't sum to 1 for state 2: probs[96][2][1]=0.000000 because of lack of cases.
Warning Observed prevalence doesn't sum to 1 for state 1: probs[98][1][1]=0.000000 because of lack of cases.
Warning Observed prevalence doesn't sum to 1 for state 2: probs[98][2][1]=0.000000 because of lack of cases.
Warning Observed prevalence doesn't sum to 1 for state 1: probs[100][1][1]=0.000000 because of lack of cases.
Warning Observed prevalence doesn't sum to 1 for state 2: probs[100][2][1]=0.000000 because of lack of cases.
Computing Health Expectancies: result on file 'E_SEMchr.txt' ...done evsij
Computing Total Life expectancies with their standard errors: file 'T_SEMchr.txt' ...
  Computing State-specific Expectancies and standard errors: result on file 'STDE_SEMchr.txt' 
    Computing Covar. of State-specific Expectancies: result on file 'CVE_SEMchr.txt' 
      Computing Variance-covariance of State-specific Expectancies: file 'V_SEMchr.txt' ... done State-specific expectancies
Computing Variance-covariance of forward period (stable) prevalence: file 'VPL_SEMchr.txt' ...done variance-covariance of forward period prevalence
End of Imach with 0 errors and/or warnings 1. Please look at the log file for details.
Local time at start Tue May 28 07:03:21 2024

Local time at end   Tue May 28 07:04:27 2024

Total time used 0 day(s) 0 hour(s) 1 minute(s) 6 second(s)
Total time was 66 Sec.
