Log filename:ATFadl.log
Version 0.99r45 $Revision: 1.353 $ $Date: 2023/05/08 18:48:22 $
Enter the parameter file name: 
pathimach=C:\PROGRA~1\IMACH-~2.99R\bin\
pathtot=C:\Users\mmusz\Dropbox\gender_paradox\data\IMACHnew\ATFadl.txt
 path=C:\Users\mmusz\Dropbox\gender_paradox\data\IMACHnew\ 
 optionfile=ATFadl.txt
 optionfilext=txt
 optionfilefiname='ATFadl'
Compiled with: Microsoft Visual Studio for Windows (x64 and x86)  64-bit
The programm is not running under WOW64 (i.e probably on a 64bit Windows).
Local time (at start): Tue Feb 04 22:03:38 2025
title=adl datafile=dataATFadl.txt lastobs=5000 firstpass=1 lastpass=2
ftol=1.000000e-018 stepm=6 ncovcol=0 nqv=0 ntv=0 nqtv=0 nlstate=2 ndeath=1 maxwav=2 mle=1 weight=1
model=1+age+
12 -13.027490 0.133065
13 -12.684075 0.106380
21 2.299387 -0.051025
23 -7.394112 0.069503
# Scales (for hessian or gradient estimation)
12 0.000000e+000 0.000000e+000
13 0.000000e+000 0.000000e+000
21 0.000000e+000 0.000000e+000
23 0.000000e+000 0.000000e+000
# Covariance matrix
121 0.00000e+000
122 0.00000e+000 0.00000e+000
131 0.00000e+000 0.00000e+000 0.00000e+000
132 0.00000e+000 0.00000e+000 0.00000e+000 0.00000e+000
211 0.00000e+000 0.00000e+000 0.00000e+000 0.00000e+000 0.00000e+000
212 0.00000e+000 0.00000e+000 0.00000e+000 0.00000e+000 0.00000e+000 0.00000e+000
231 0.00000e+000 0.00000e+000 0.00000e+000 0.00000e+000 0.00000e+000 0.00000e+000 0.00000e+000
232 0.00000e+000 0.00000e+000 0.00000e+000 0.00000e+000 0.00000e+000 0.00000e+000 0.00000e+000 0.00000e+000

Model=1+age+
Typevar: 0 for simple covariate (dummy, quantitative, fixed or varying), 1 for age product, 2 for  product, 3 for double product with age  
Fixed[k] 0=fixed (product or simple), 1 varying, 2 fixed with age product, 3 varying with age product 
Dummy[k] 0=dummy (0 1), 1 quantitative (single or product without age), 2 dummy with age product, 3 quant with age product
ncoveff=0, nqfveff=0, ntveff=0, nqtveff=0, cptcovn=0
ncovf=0, ncovv=0, ncova=0, nsd=0, nsq=0
Warning: The value of parameter lastobs=5000 is big compared to the 
  effective number of cases imx=1546, please adjust, 
  otherwise you are allocating more memory than necessary.
Total number of individuals= 1546, Agemin = 51.25, Agemax= 93.00

Information, you have to check 0 informations which haven't been logged!
Delay (in months) between two waves Min=1 (for indiviudal 481) Max=32 (1064) Mean=25.018111

 Age 51 1.=0 loss[1]=0.0% 2.=0 loss[2]=0.0% 1.=0 prev[1]=78.7% 2.=0 prev[2]=21.3% 11=0 22=0
Age 52 1.=1 loss[1]=0.0% 2.=0 loss[2]=NaNQ% 1.=1 prev[1]=100.0% 2.=0 prev[2]=0.0% 11=1
Age 53 1.=1 loss[1]=0.0% 2.=0 loss[2]=NaNQ% 1.=1 prev[1]=100.0% 2.=0 prev[2]=0.0% 11=1 12=0
Age 54 1.=3 loss[1]=0.0% 2.=0 loss[2]=NaNQ% 1.=3 prev[1]=100.0% 2.=0 prev[2]=0.0% 11=3 12=0
Age 55 1.=5 loss[1]=0.0% 2.=0 loss[2]=0.0% 1.=5 prev[1]=97.5% 2.=0 prev[2]=2.5% 11=5 12=0 22=0
Age 56 1.=4 loss[1]=0.0% 2.=0 loss[2]=0.0% 1.=4 prev[1]=91.8% 2.=0 prev[2]=8.2% 11=4 21=0
Age 57 1.=4 loss[1]=0.0% 2.=0 loss[2]=0.0% 1.=4 prev[1]=98.0% 2.=0 prev[2]=2.0% 11=4 21=0
Age 58 1.=3 loss[1]=0.0% 2.=0 loss[2]=0.0% 1.=3 prev[1]=88.9% 2.=0 prev[2]=11.1% 11=3 21=0 22=0
Age 59 1.=4 loss[1]=0.0% 2.=0 loss[2]=0.0% 1.=4 prev[1]=92.0% 2.=0 prev[2]=8.0% 11=4 21=0 22=0
Age 60 1.=4 loss[1]=0.0% 2.=0 loss[2]=0.0% 1.=4 prev[1]=93.2% 2.=0 prev[2]=6.8% 11=4 12=0 13=0 21=0 22=0
Age 61 1.=2 loss[1]=0.0% 2.=0 loss[2]=0.0% 1.=2 prev[1]=96.3% 2.=0 prev[2]=3.7% 11=2 12=0 13=0 22=0
Age 62 1.=2 loss[1]=0.0% 2.=0 loss[2]=0.0% 1.=2 prev[1]=98.5% 2.=0 prev[2]=1.5% 11=2 21=0
Age 63 1.=2 loss[1]=0.0% 2.=0 loss[2]=0.0% 1.=2 prev[1]=98.6% 2.=0 prev[2]=1.4% 11=2 13=0 21=0
Age 64 1.=2 loss[1]=0.0% 2.=0 loss[2]=0.0% 1.=2 prev[1]=94.4% 2.=0 prev[2]=5.6% 11=2 12=0 21=0 22=0
Age 65 1.=2 loss[1]=0.0% 2.=0 loss[2]=0.0% 1.=2 prev[1]=96.5% 2.=0 prev[2]=3.5% 11=2 12=0 21=0 22=0
Age 66 1.=2 loss[1]=0.0% 2.=0 loss[2]=0.0% 1.=2 prev[1]=96.5% 2.=0 prev[2]=3.5% 11=2 12=0 13=0 21=0 22=0
Age 67 1.=2 loss[1]=0.0% 2.=0 loss[2]=0.0% 1.=2 prev[1]=93.9% 2.=0 prev[2]=6.1% 11=2 12=0 22=0
Age 68 1.=3 loss[1]=0.0% 2.=0 loss[2]=0.0% 1.=3 prev[1]=96.8% 2.=0 prev[2]=3.2% 11=2 12=0 13=0 21=0
Age 69 1.=2 loss[1]=0.0% 2.=0 loss[2]=0.0% 1.=2 prev[1]=95.8% 2.=0 prev[2]=4.2% 11=2 21=0
Age 70 1.=1 loss[1]=0.0% 2.=0 loss[2]=0.0% 1.=1 prev[1]=91.7% 2.=0 prev[2]=8.3% 11=1 12=0 13=0 21=0 23=0
Age 71 1.=2 loss[1]=0.0% 2.=0 loss[2]=0.0% 1.=2 prev[1]=91.8% 2.=0 prev[2]=8.2% 11=2 12=0 13=0 21=0 23=0
Age 72 1.=2 loss[1]=0.0% 2.=0 loss[2]=0.0% 1.=2 prev[1]=95.7% 2.=0 prev[2]=4.3% 11=2 12=0 13=0 21=0 22=0
Age 73 1.=2 loss[1]=0.0% 2.=0 loss[2]=0.0% 1.=2 prev[1]=84.0% 2.=0 prev[2]=16.0% 11=2 12=0 13=0 21=0 22=0 23=0
Age 74 1.=3 loss[1]=0.0% 2.=0 loss[2]=0.0% 1.=3 prev[1]=87.9% 2.=0 prev[2]=12.1% 11=2 12=0 13=0 21=0 22=0 23=0
Age 75 1.=2 loss[1]=0.0% 2.=0 loss[2]=0.0% 1.=2 prev[1]=77.0% 2.=0 prev[2]=23.0% 11=1 12=0 13=0 21=0 22=0 23=0
Age 76 1.=2 loss[1]=0.0% 2.=0 loss[2]=0.0% 1.=2 prev[1]=87.6% 2.=0 prev[2]=12.4% 11=2 12=0 13=0 21=0 22=0
Age 77 1.=2 loss[1]=0.0% 2.=0 loss[2]=0.0% 1.=2 prev[1]=90.5% 2.=0 prev[2]=9.5% 11=2 12=0 22=0 23=0
Age 78 1.=1 loss[1]=0.0% 2.=0 loss[2]=0.0% 1.=1 prev[1]=88.2% 2.=0 prev[2]=11.8% 11=1 12=0 21=0 23=0
Age 79 1.=1 loss[1]=0.0% 2.=0 loss[2]=0.0% 1.=1 prev[1]=93.0% 2.=0 prev[2]=7.0% 11=1 12=0 13=0 22=0
Age 80 1.=1 loss[1]=0.0% 2.=0 loss[2]=0.0% 1.=1 prev[1]=87.5% 2.=0 prev[2]=12.5% 11=1 12=0 13=0 22=0
Age 81 1.=1 loss[1]=0.0% 2.=1 loss[2]=0.0% 1.=1 prev[1]=55.4% 2.=1 prev[2]=44.6% 11=0 12=0 21=0 22=0 23=0
Age 82 1.=1 loss[1]=0.0% 2.=0 loss[2]=0.0% 1.=1 prev[1]=78.5% 2.=0 prev[2]=21.5% 11=1 12=0 22=0 23=0
Age 83 1.=1 loss[1]=0.0% 2.=1 loss[2]=0.0% 1.=1 prev[1]=51.6% 2.=1 prev[2]=48.4% 11=1 12=0 13=0 21=0 22=0 23=0
Age 84 1.=1 loss[1]=0.0% 2.=1 loss[2]=0.0% 1.=1 prev[1]=52.5% 2.=1 prev[2]=47.5% 11=1 12=0 21=0 22=0 23=0
Age 85 1.=1 loss[1]=0.0% 2.=1 loss[2]=0.0% 1.=1 prev[1]=67.6% 2.=1 prev[2]=32.4% 11=1 12=0 13=0 21=0 22=0 23=0
Age 86 1.=1 loss[1]=0.0% 2.=1 loss[2]=0.0% 1.=1 prev[1]=59.5% 2.=1 prev[2]=40.5% 11=0 12=0 13=0 21=0 22=0 23=0
Age 87 1.=1 loss[1]=0.0% 2.=0 loss[2]=0.0% 1.=1 prev[1]=60.4% 2.=0 prev[2]=39.6% 11=0 12=0 13=0 23=0
Age 88 1.=1 loss[1]=0.0% 2.=1 loss[2]=0.0% 1.=1 prev[1]=56.3% 2.=1 prev[2]=43.7% 11=1 12=0 22=0 23=0
Age 89 1.=0 loss[1]=0.0% 2.=0 loss[2]=NaNQ% 1.=0 prev[1]=100.0% 2.=0 prev[2]=0.0% 11=0 12=0 13=0
Age 90 1.=0 loss[1]=0.0% 2.=0 loss[2]=0.0% 1.=0 prev[1]=23.9% 2.=0 prev[2]=76.1% 11=0 13=0 22=0 23=0
Age 91 1.=0 loss[1]=NaNQ% 2.=0 loss[2]=NaNQ% 1.=0 prev[1]=NaNQ% 2.=0 prev[2]=NaNQ%
Age 92 1.=0 loss[1]=NaNQ% 2.=0 loss[2]=NaNQ% 1.=0 prev[1]=NaNQ% 2.=0 prev[2]=NaNQ%
Age 93 1.=0 loss[1]=NaNQ% 2.=0 loss[2]=NaNQ% 1.=0 prev[1]=NaNQ% 2.=0 prev[2]=NaNQ%
1 1.=0 loss[1]=NaNQ% 2.=0 loss[2]=NaNQ% 1.=0 prev[1]=NaNQ% 2.=0 prev[2]=NaNQ%
0 1.=0 loss[1]=NaNQ% 2.=0 loss[2]=NaNQ% 1.=0 prev[1]=NaNQ% 2.=0 prev[2]=NaNQ%
Total 1.=75 loss[1]=0.0% 2.=9 loss[2]=0.0% 1.=75 prev[1]=88.9% 2.=9 prev[2]=11.1% 11=70 12=4 13=1 21=3 22=5 23=2


12  -13.0274897 ln(4/70)=   -2.8208233 
13  -12.6840753 ln(1/70)=   -3.9563494 
21    2.2993874 ln(3/5)=   -0.5799485 
23   -7.3941119 ln(2/5)=   -0.9048398 

 -1-1=0 -10=0 -11=0 -12=0 -13=0 0-1=0 00=0 01=0 02=0 03=0 1-1=0 10=0 11=70 12=4 13=1 2-1=0 20=0 21=3 22=5 23=2 3-1=0 30=0 31=0 32=0 33=0
Powell

Powell iter=1 Big Iter=1 -2*LL=1267.632013715000 gain=0 0 sec. 0 sec.
#model=  1      +     age 
12  -13.0274897    0.1330651 
13  -12.6840753    0.1063796 
21    2.2993874   -0.0510245 
23   -7.3941119    0.0695028 
1.........2..............3........4..................5........6...............7........8..................
Powell iter=2 Big Iter=2 -2*LL=1176.034947030836 gain=91.6 1 sec. 1 sec.
#model=  1      +     age 
12  -13.5867677    0.1329968 
13  -13.8265809    0.1062096 
21    1.6448247   -0.0506568 
23   -8.1947043    0.0694184 

Considering the time needed for this last iteration #2: 1 seconds,
   - if your program needs 1 BIG iterations  (2 iterations) to converge, convergence will be 
   reached in 0 day(s) 0 hour(s) 0 minute(s) 0 second(s) i.e.
   on Tue Feb 04 22:03:39 2025 (current time is Tue Feb 04 22:03:39 2025);
   - if your program needs 11 BIG iterations  (22 iterations) to converge, convergence will be 
   reached in 0 day(s) 0 hour(s) 0 minute(s) 20 second(s) i.e.
   on Tue Feb 04 22:03:59 2025 (current time is Tue Feb 04 22:03:39 2025);
   - if your program needs 21 BIG iterations  (42 iterations) to converge, convergence will be 
   reached in 0 day(s) 0 hour(s) 0 minute(s) 40 second(s) i.e.
   on Tue Feb 04 22:04:19 2025 (current time is Tue Feb 04 22:03:39 2025);
   - if your program needs 31 BIG iterations  (62 iterations) to converge, convergence will be 
   reached in 0 day(s) 0 hour(s) 1 minute(s) 0 second(s) i.e.
   on Tue Feb 04 22:04:39 2025 (current time is Tue Feb 04 22:03:39 2025);
1.........2...............3.........4..................5.........6...............7.........8..................
Powell iter=3 Big Iter=2 -2*LL=1173.158449213287 gain=2.88 0 sec. 1 sec.
#model=  1      +     age 
12  -13.6910143    0.1329298 
13  -13.4671117    0.1061389 
21    1.5130230   -0.0505054 
23   -8.2478052    0.0693816 

Considering the time needed for this last iteration #3: 0 seconds,
   - if your program needs 1 BIG iterations  (2 iterations) to converge, convergence will be 
   reached in 0 day(s) 0 hour(s) 0 minute(s) 0 second(s) i.e.
   on Tue Feb 04 22:03:39 2025 (current time is Tue Feb 04 22:03:39 2025);
   - if your program needs 11 BIG iterations  (22 iterations) to converge, convergence will be 
   reached in 0 day(s) 0 hour(s) 0 minute(s) 0 second(s) i.e.
   on Tue Feb 04 22:03:39 2025 (current time is Tue Feb 04 22:03:39 2025);
   - if your program needs 21 BIG iterations  (42 iterations) to converge, convergence will be 
   reached in 0 day(s) 0 hour(s) 0 minute(s) 0 second(s) i.e.
   on Tue Feb 04 22:03:39 2025 (current time is Tue Feb 04 22:03:39 2025);
   - if your program needs 31 BIG iterations  (62 iterations) to converge, convergence will be 
   reached in 0 day(s) 0 hour(s) 0 minute(s) 0 second(s) i.e.
   on Tue Feb 04 22:03:39 2025 (current time is Tue Feb 04 22:03:39 2025);
1..........2...............3..........4..................5.........6...............7.........8..................
Powell iter=4 Big Iter=3 -2*LL=1173.027298364507 gain=0.131 1 sec. 2 sec.
#model=  1      +     age 
12  -13.7267471    0.1328759 
13  -13.4402435    0.1060798 
21    1.4891246   -0.0503784 
23   -8.2515908    0.0693507 
1.........2...............3..........4..................5.........6...............7.........8........................Gaining to use new average direction of P0 P8 instead of biggest increase direction 5 :

Powell iter=5 Big Iter=3 -2*LL=1172.998830992654 gain=0.0285 1 sec. 3 sec.
#model=  1      +     age 
12  -13.7231041    0.1325983 
13  -13.4059639    0.1057768 
21    1.4351298   -0.0497295 
23   -8.2407391    0.0691900 
1.........2...............3...........4..................5..................6...............7.........8............Gaining to use new average direction of P0 P8 instead of biggest increase direction 1 :

Powell iter=6 Big Iter=4 -2*LL=1172.947708655556 gain=0.0511 0 sec. 3 sec.
#model=  1      +     age 
12  -13.6841062    0.1320076 
13  -13.3520021    0.1051356 
21    1.3369990   -0.0484160 
23   -8.2160259    0.0689433 
1......2...............3..........4..................5..................6...............7.........8............Gaining to use new average direction of P0 P8 instead of biggest increase direction 8 :

Powell iter=7 Big Iter=4 -2*LL=1172.868718604327 gain=0.079 1 sec. 4 sec.
#model=  1      +     age 
12  -13.6121368    0.1311714 
13  -13.2585554    0.1038364 
21    1.1499489   -0.0458134 
23   -8.1642614    0.0684077 
1......2...............3..........4...................5..................6...............7.........8......
Powell iter=8 Big Iter=5 -2*LL=1172.826859093487 gain=0.0419 0 sec. 4 sec.
#model=  1      +     age 
12  -13.5851952    0.1310885 
13  -13.2498024    0.1035511 
21    1.1193860   -0.0452986 
23   -8.1507821    0.0682413 
1........2.................3..........4........................5.................6........................7.........8............Gaining to use new average direction of P0 P8 instead of biggest increase direction 1 :

Powell iter=9 Big Iter=5 -2*LL=1172.824502019455 gain=0.00236 1 sec. 5 sec.
#model=  1      +     age 
12  -13.5771327    0.1310525 
13  -13.2424628    0.1034698 
21    1.1112479   -0.0451688 
23   -8.1446780    0.0681338 
1...............2...............3..........4..................5..................6...............7.........8............Gaining to use new average direction of P0 P8 instead of biggest increase direction 2 :

Powell iter=10 Big Iter=6 -2*LL=1172.823581923381 gain=0.00092 0 sec. 5 sec.
#model=  1      +     age 
12  -13.5702101    0.1309788 
13  -13.2351294    0.1034010 
21    1.1042540   -0.0450690 
23   -8.1371489    0.0680311 
1.......2......3..........4.......................5...................6..................7.........8............Gaining to use new average direction of P0 P8 instead of biggest increase direction 8 :

Powell iter=11 Big Iter=6 -2*LL=1172.822345542977 gain=0.00124 1 sec. 6 sec.
#model=  1      +     age 
12  -13.5624572    0.1309181 
13  -13.2331495    0.1033748 
21    1.1062985   -0.0450838 
23   -8.1237102    0.0678810 
1.......2......3..........4...............................5..................6.................7.........8............Gaining to use new average direction of P0 P8 instead of biggest increase direction 2 :

Powell iter=12 Big Iter=7 -2*LL=1172.817536410467 gain=0.00481 1 sec. 7 sec.
#model=  1      +     age 
12  -13.5414919    0.1307140 
13  -13.2399477    0.1033875 
21    1.1275765   -0.0453525 
23   -8.0741873    0.0673371 
1......2......3....................4........................5..................6................7.........8............Gaining to use new average direction of P0 P8 instead of biggest increase direction 2 :

Powell iter=13 Big Iter=7 -2*LL=1172.812819149222 gain=0.00472 0 sec. 7 sec.
#model=  1      +     age 
12  -13.5203519    0.1304709 
13  -13.2473747    0.1033803 
21    1.1437934   -0.0455664 
23   -8.0201587    0.0667156 
1......2......3..........4..................5..................6..................7..........8............Gaining to use new average direction of P0 P8 instead of biggest increase direction 8 :

Powell iter=14 Big Iter=8 -2*LL=1172.809352197771 gain=0.00347 1 sec. 8 sec.
#model=  1      +     age 
12  -13.4924009    0.1301331 
13  -13.2393282    0.1032346 
21    1.1369203   -0.0454685 
23   -7.9615083    0.0659977 
1.......2......3..........4..................5...........................6..................7.........8............Gaining to use new average direction of P0 P8 instead of biggest increase direction 2 :

Powell iter=15 Big Iter=8 -2*LL=1172.802662034228 gain=0.00669 1 sec. 9 sec.
#model=  1      +     age 
12  -13.4600987    0.1296767 
13  -13.2231043    0.1030740 
21    1.1236134   -0.0453026 
23   -7.8832784    0.0650126 
1......2......3................4...........................5..................6................7...............8......
Powell iter=16 Big Iter=9 -2*LL=1172.798298848980 gain=0.00436 0 sec. 9 sec.
#model=  1      +     age 
12  -13.4622910    0.1296841 
13  -13.2349564    0.1032691 
21    1.1528045   -0.0457076 
23   -7.8654736    0.0647936 
1......2......3..........4..................5..................6..................7................8...........Gaining to use new average direction of P0 P8 instead of biggest increase direction 8 :

Powell iter=17 Big Iter=9 -2*LL=1172.793759656754 gain=0.00454 1 sec. 10 sec.
#model=  1      +     age 
12  -13.4722627    0.1297274 
13  -13.2615129    0.1036100 
21    1.1910824   -0.0462578 
23   -7.8474455    0.0645846 
1......2..........3..........4..................5..................6....................7.........8.........directest= 0.002446631661 (if directest<0 or t<0 we include P0 Pn as new direction), t= -0.000000000361, f1= 1172.793759656754,f2= 1172.793602993280,f3= 1172.796044352234, del= 0.000075695384
f1-2f2+f3= 0.002598022428, f1-f2-del= 0.000080968091, f1-f3= -0.002284695480

Powell iter=18 Big Iter=10 -2*LL=1172.793602993280 gain=0.000157 0 sec. 10 sec.
#model=  1      +     age 
12  -13.4736479    0.1297371 
13  -13.2602914    0.1035941 
21    1.1844683   -0.0461699 
23   -7.8538068    0.0646600 
1.......2............3..........4..................5..................6.....................7.............8..............Gaining to use new average direction of P0 P8 instead of biggest increase direction 7 :

Powell iter=19 Big Iter=10 -2*LL=1172.793504533814 gain=9.85e-005 0 sec. 10 sec.
#model=  1      +     age 
12  -13.4715109    0.1297014 
13  -13.2609228    0.1036108 
21    1.1778131   -0.0460814 
23   -7.8537768    0.0646574 
1......2.................3...............4...................5..................6.....................7.......8......
Powell iter=20 Big Iter=11 -2*LL=1172.793392356719 gain=0.000112 0 sec. 10 sec.
#model=  1      +     age 
12  -13.4699395    0.1296824 
13  -13.2635839    0.1036463 
21    1.1779393   -0.0460828 
23   -7.8516487    0.0646376 
1........2.......3...........4..................5....................6....................7.......8.............Gaining to use new average direction of P0 P8 instead of biggest increase direction 1 :

Powell iter=21 Big Iter=11 -2*LL=1172.792143416346 gain=0.00125 1 sec. 11 sec.
#model=  1      +     age 
12  -13.4507306    0.1294472 
13  -13.3333701    0.1045038 
21    1.1794984   -0.0461019 
23   -7.8416388    0.0645190 
1..............2........3..........4...........................5...................6...................7.......8.........directest= 0.001183881339 (if directest<0 or t<0 we include P0 Pn as new direction), t= -0.000000000056, f1= 1172.792143416346,f2= 1172.791911346402,f3= 1172.793083981227, del= 0.000110411715
f1-2f2+f3= 0.001404704768, f1-f2-del= 0.000121658229, f1-f3= -0.000940564881

Powell iter=22 Big Iter=12 -2*LL=1172.791911346402 gain=0.000232 0 sec. 11 sec.
#model=  1      +     age 
12  -13.4536570    0.1294813 
13  -13.3428747    0.1046627 
21    1.1775302   -0.0460749 
23   -7.8553638    0.0646813 
1......2.........3..........4...................5.........................6.....................7...................8..............Gaining to use new average direction of P0 P8 instead of biggest increase direction 3 :

Powell iter=23 Big Iter=12 -2*LL=1172.791873681650 gain=3.77e-005 0 sec. 11 sec.
#model=  1      +     age 
12  -13.4555195    0.1295076 
13  -13.3465800    0.1047231 
21    1.1798977   -0.0461059 
23   -7.8607928    0.0647469 
1........2.................3.........4........................5...................6....................7............8......
Powell iter=24 Big Iter=13 -2*LL=1172.791863934945 gain=9.75e-006 1 sec. 12 sec.
#model=  1      +     age 
12  -13.4552585    0.1295044 
13  -13.3471590    0.1047299 
21    1.1799844   -0.0461071 
23   -7.8607771    0.0647467 
1........2.................3........4....................5........................6....................7............8............Gaining to use new average direction of P0 P8 instead of biggest increase direction 8 :

Powell iter=25 Big Iter=13 -2*LL=1172.790588173303 gain=0.00128 0 sec. 12 sec.
#model=  1      +     age 
12  -13.4454470    0.1293594 
13  -13.3261631    0.1044651 
21    1.1765175   -0.0460678 
23   -7.9207129    0.0654540 
1.....2.......3........4..................5.................6...................7.......8.......
Powell iter=26 Big Iter=14 -2*LL=1172.789871516736 gain=0.000717 1 sec. 13 sec.
#model=  1      +     age 
12  -13.4353803    0.1292382 
13  -13.3127302    0.1042910 
21    1.1871405   -0.0462108 
23   -7.9178895    0.0654257 
1...............2.......3......................4..................5.....................6...................7.......8............Gaining to use new average direction of P0 P8 instead of biggest increase direction 2 :

Powell iter=27 Big Iter=14 -2*LL=1172.789582828077 gain=0.000289 0 sec. 13 sec.
#model=  1      +     age 
12  -13.4196371    0.1290425 
13  -13.3055121    0.1041947 
21    1.1962128   -0.0463336 
23   -7.9088640    0.0653198 
1..............2........3.................4...................5..................6.....................7...............8.............directest= 0.000074940344 (if directest<0 or t<0 we include P0 Pn as new direction), t= -0.000000000000, f1= 1172.789582828077,f2= 1172.789582329942,f3= 1172.789657430879, del= 0.000000329364
f1-2f2+f3= 0.000075599072, f1-f2-del= 0.000000168771, f1-f3= -0.000074602802

Powell iter=28 Big Iter=15 -2*LL=1172.789582329942 gain=4.98e-007 1 sec. 14 sec.
#model=  1      +     age 
12  -13.4195478    0.1290413 
13  -13.3060923    0.1042042 
21    1.1961554   -0.0463328 
23   -7.9087160    0.0653175 
1...............2...........3............4......................5..................6......................7.............8..............
Powell iter=29 Big Iter=15 -2*LL=1172.789582256193 gain=7.37e-008 0 sec. 14 sec.
#model=  1      +     age 
12  -13.4194937    0.1290406 
13  -13.3064186    0.1042088 
21    1.1961794   -0.0463331 
23   -7.9088522    0.0653191 
1...........2...............3................4.................................5..............................6..........................7..................8..............
Powell iter=30 Big Iter=16 -2*LL=1172.789582243218 gain=1.3e-008 1 sec. 15 sec.
#model=  1      +     age 
12  -13.4194858    0.1290405 
13  -13.3065125    0.1042101 
21    1.1962068   -0.0463335 
23   -7.9089382    0.0653201 
1..................2.....................3...................4........................5.........................6...............................7...................8..................
Powell iter=31 Big Iter=16 -2*LL=1172.789582241214 gain=2e-009 1 sec. 16 sec.
#model=  1      +     age 
12  -13.4194854    0.1290405 
13  -13.3065427    0.1042105 
21    1.1962209   -0.0463337 
23   -7.9089735    0.0653205 
1............2.................3..............4........................5...............................6....................7...........................8..............
Powell iter=32 Big Iter=17 -2*LL=1172.789582240970 gain=2.44e-010 1 sec. 17 sec.
#model=  1      +     age 
12  -13.4194853    0.1290405 
13  -13.3065542    0.1042106 
21    1.1962257   -0.0463337 
23   -7.9089834    0.0653206 
1......................2................3..............4.......................5....................6..................7...................................8.............................
Powell iter=33 Big Iter=17 -2*LL=1172.789582240940 gain=3.05e-011 1 sec. 18 sec.
#model=  1      +     age 
12  -13.4194862    0.1290405 
13  -13.3065575    0.1042107 
21    1.1962266   -0.0463337 
23   -7.9089879    0.0653207 
1..............................2..................3.....................4......................5......................6....................7.................8..................................
Powell iter=34 Big Iter=18 -2*LL=1172.789582240934 gain=5.68e-012 0 sec. 18 sec.
#model=  1      +     age 
12  -13.4194857    0.1290405 
13  -13.3065589    0.1042107 
21    1.1962283   -0.0463338 
23   -7.9089902    0.0653207 
1.................................2.........................3..................................4.........................5.......................6..................7.............................8...................................directest= 0.000000000004 (if directest<0 or t<0 we include P0 Pn as new direction), t= -0.000000000000, f1= 1172.789582240934,f2= 1172.789582240933,f3= 1172.789582240937, del= 0.000000000000
f1-2f2+f3= 0.000000000005, f1-f2-del= 0.000000000000, f1-f3= -0.000000000003

Powell iter=35 Big Iter=18 -2*LL=1172.789582240933 gain=6.82e-013 1 sec. 19 sec.
#model=  1      +     age 
12  -13.4194857    0.1290405 
13  -13.3065589    0.1042107 
21    1.1962283   -0.0463338 
23   -7.9089902    0.0653207 
1................................2................3................................4......................5.......................6...................7...........................8..................................directest= 0.000000000002 (if directest<0 or t<0 we include P0 Pn as new direction), t= -0.000000000000, f1= 1172.789582240933,f2= 1172.789582240933,f3= 1172.789582240935, del= 0.000000000000
f1-2f2+f3= 0.000000000002, f1-f2-del= 0.000000000000, f1-f3= -0.000000000002

Powell iter=36 Big Iter=19 -2*LL=1172.789582240933 gain=2.27e-013 1 sec. 20 sec.
#model=  1      +     age 
12  -13.4194857    0.1290405 
13  -13.3065589    0.1042107 
21    1.1962283   -0.0463338 
23   -7.9089902    0.0653207 
1................................2............................3.......................................4........................5.......................6...................7...........................8...................................
#Number of iterations & function calls = 36 & 5538, -2 Log likelihood = 1172.789582240933
# Parameters nlstate*nlstate*ncov a12*1 + b12 * age + ...
#model=  1      +     age 
12  -13.4194857    0.1290405 
13  -13.3065589    0.1042107 
21    1.1962283   -0.0463338 
23   -7.9089902    0.0653207 

Calculation of the hessian matrix. Wait...
1-2-3-4-5-6-7-8-.1-2.1-3.1-4.1-5.1-6.1-7.1-8.2-3.2-4.2-5.2-6.2-7.2-8.3-4.3-5.3-6.3-7.3-8.4-5.4-6.4-7.4-8.5-6.5-7.5-8.6-7.6-8.7-8

Inverting the hessian to get the covariance matrix. Wait...

#Hessian matrix#
7.281588e+001 5.709275e+003 3.846265e+000 2.969301e+002 -1.147614e+001 -8.909699e+002 -2.923217e+000 -2.226970e+002 
5.709275e+003 4.530516e+005 2.934205e+002 2.286403e+004 -8.895359e+002 -7.008207e+004 -2.233480e+002 -1.717603e+004 
3.846265e+000 2.934205e+002 1.121449e+001 8.468195e+002 -1.259235e+000 -9.812230e+001 4.532660e+000 3.548278e+002 
2.969301e+002 2.286403e+004 8.468195e+002 6.505142e+004 -9.868135e+001 -7.763930e+003 3.546926e+002 2.802410e+004 
-1.147614e+001 -8.895359e+002 -1.259235e+000 -9.868135e+001 4.150117e+001 2.951437e+003 -2.151966e+000 -1.737407e+002 
-8.909699e+002 -7.008207e+004 -9.812230e+001 -7.763930e+003 2.951437e+003 2.154237e+005 -1.724135e+002 -1.416043e+004 
-2.923217e+000 -2.233480e+002 4.532660e+000 3.546926e+002 -2.151966e+000 -1.724135e+002 3.496057e+001 2.904801e+003 
-2.226970e+002 -1.717603e+004 3.548278e+002 2.802410e+004 -1.737407e+002 -1.416043e+004 2.904801e+003 2.432473e+005 
Parameters, Wald tests and Wald-based confidence intervals
 W is simply the result of the division of the parameter by the square root of covariance of the parameter.
 And Wald-based confidence intervals plus and minus 1.96 * W 
  It might be better to visualize the covariance matrix. See the page 'Matrix of variance-covariance of one-step probabilities' and its graphs.
12  -13.4194857(   1.0984941) W= -12.216 CI=[ -15.5725340 ;  -11.2664373]    0.1290405(   0.0139308) W=   9.263 CI=[   0.1017363 ;    0.1563448] 
13  -13.3065589(   2.3296346) W=  -5.712 CI=[ -17.8726427 ;   -8.7404752]    0.1042107(   0.0305378) W=   3.413 CI=[   0.0443565 ;    0.1640648] 
21    1.1962283(   0.9917429) W=   1.206 CI=[  -0.7475878 ;    3.1400444]   -0.0463338(   0.0138174) W=  -3.353 CI=[  -0.0734159 ;   -0.0192516] 
23   -7.9089902(   1.9821708) W=  -3.990 CI=[ -11.7940450 ;   -4.0239355]    0.0653207(   0.0236897) W=   2.757 CI=[   0.0188888 ;    0.1117526] 
# Scales (for hessian or gradient estimation)
12 1.00000e-003 1.00000e-005
13 2.00000e-003 3.00000e-005
21 1.00000e-003 2.00000e-005
23 1.00000e-003 2.00000e-005
# Covariance matrix 
# 121 Var(a12)
# 122 Cov(b12,a12) Var(b12)
#   ...
# 232 Cov(b23,a12)  Cov(b23,b12) ... Var (b23)
#121 Var(a12)
#122 Cov(b12,a12) Var(b12)
#131 Cov(a13,a12) Cov(a13,b12) Var(a13)
#132 Cov(b13,a12) Cov(b13,b12) Cov(b13,a13) Var(b13)
#211 Cov(a21,a12) Cov(a21,b12) Cov(a21,a13) Cov(a21,b13) Var(a21)
#212 Cov(b21,a12) Cov(b21,b12) Cov(b21,a13) Cov(b21,b13) Cov(b21,a21) Var(b21)
#231 Cov(a23,a12) Cov(a23,b12) Cov(a23,a13) Cov(a23,b13) Cov(a23,a21) Cov(a23,b21) Var(a23)
#232 Cov(b23,a12) Cov(b23,b12) Cov(b23,a13) Cov(b23,b13) Cov(b23,a21) Cov(b23,b21) Cov(b23,a23) Var(b23)
121 1.2066892e+000
122 -1.52071e-002 1.9406582e-004
131 -2.39814e-001 3.02893e-003 5.4271972e+000
132 2.85668e-003 -3.70433e-005 -7.04882e-002 9.3255961e-004
211 1.85152e-001 -2.48681e-003 1.34315e-002 -2.75131e-004 9.8355399e-001
212 -2.49345e-003 3.43049e-005 -2.57434e-004 4.86389e-006 -1.35255e-002 1.9092114e-004
231 2.22949e-001 -2.58637e-003 -7.30223e-001 8.12156e-003 1.32869e-001 -1.70955e-003 3.9290010e+000
232 -2.62365e-003 3.07369e-005 8.91318e-003 -1.01516e-004 -1.66554e-003 2.18234e-005 -4.67728e-002 5.6120355e-004
# agemin agemax for life expectancy, bage fage (if mle==0 ie no data nor Max likelihood).
# Observed prevalence period
begin-prev-date=1/1/2016 end-prev-date=1/9/2018 mov_average=0
# Health expectancies computed from stable (period) prevalence (pop_based=0) or population based (1)
pop_based=0
# Prevalence forecasting and backcasting is skept here
##prevforecast=0  starting-proj-date=1/1/1989 final-proj-date=1/1/1990 mobil_average=0
#prevforecast=1 yearsfproj=10 mobil_average=0
#prevbackcast=1 yearsbproj=10 mobil_average=1
result:  .
End of resultlines.

Computing forward period (stable) prevalence: result on file 'PL_ATFadl.txt' 
#************
Computing pij: result on file 'PIJ_ATFadl.txt' 
Computing standard deviation of one-step probabilities: result on file 'PROB_rATFadl.txt' 
Computing matrix of variance covariance of one-step probabilities: result on file 'PROBCOV_ATFadl.txt' 
and correlation matrix of one-step probabilities: result on file 'PROBCOR_ATFadl.txt' 
50 13-12 mu 6.0874e-004 1.8817e-003 Var 2.6288e-007 6.0497e-007 cor -0.111 cov -4.4068e-008 Eig 6.106e-007 2.573e-007 1stv 0.126 -0.992 tan -7.889
55 13-12 mu 1.0239e-003 3.5835e-003 Var 5.1799e-007 1.5481e-006 cor -0.117 cov -1.0481e-007 Eig 1.559e-006 5.074e-007 1stv 0.100 -0.995 tan -9.929
60 13-12 mu 1.7207e-003 6.8180e-003 Var 9.6343e-007 3.7172e-006 cor -0.127 cov -2.4051e-007 Eig 3.738e-006 9.426e-007 1stv 0.086 -0.996 tan -11.536
65 13-12 mu 2.8866e-003 1.2950e-002 Var 1.6948e-006 8.2339e-006 cor -0.143 cov -5.3315e-007 Eig 8.277e-006 1.652e-006 1stv 0.081 -0.997 tan -12.346
70 13-12 mu 4.8274e-003 2.4520e-002 Var 2.9832e-006 1.6816e-005 cor -0.165 cov -1.1663e-006 Eig 1.691e-005 2.886e-006 1stv 0.083 -0.997 tan -11.945
75 13-12 mu 8.0260e-003 4.6154e-002 Var 6.3864e-006 3.5187e-005 cor -0.182 cov -2.7291e-006 Eig 3.544e-005 6.130e-006 1stv 0.094 -0.996 tan -10.647
80 13-12 mu 1.3202e-002 8.5954e-002 Var 2.0300e-005 1.0603e-004 cor -0.175 cov -8.1220e-006 Eig 1.068e-004 1.954e-005 1stv 0.093 -0.996 tan -10.649
85 13-12 mu 2.1303e-002 1.5703e-001 Var 8.1397e-005 4.9845e-004 cor -0.169 cov -3.4034e-005 Eig 5.012e-004 7.864e-005 1stv 0.081 -0.997 tan -12.335
90 13-12 mu 3.3261e-002 2.7759e-001 Var 3.1747e-004 2.3919e-003 cor -0.195 cov -1.6955e-004 Eig 2.406e-003 3.037e-004 1stv 0.081 -0.997 tan -12.316
50 21-12 mu 4.8831e-001 1.8817e-003 Var 1.4714e-002 6.0497e-007 cor 0.158 cov 1.4937e-005 Eig 1.471e-002 5.898e-007 1stv 1.000 0.001 tan 0.001
55 21-12 mu 4.0673e-001 3.5835e-003 Var 7.6664e-003 1.5481e-006 cor 0.156 cov 1.6949e-005 Eig 7.666e-003 1.511e-006 1stv 1.000 0.002 tan 0.002
60 21-12 mu 3.3537e-001 6.8180e-003 Var 3.7087e-003 3.7172e-006 cor 0.153 cov 1.7928e-005 Eig 3.709e-003 3.630e-006 1stv 1.000 0.005 tan 0.005
65 21-12 mu 2.7391e-001 1.2950e-002 Var 1.7736e-003 8.2339e-006 cor 0.151 cov 1.8305e-005 Eig 1.774e-003 8.044e-006 1stv 1.000 0.010 tan 0.010
70 21-12 mu 2.2170e-001 2.4520e-002 Var 9.8746e-004 1.6816e-005 cor 0.160 cov 2.0629e-005 Eig 9.879e-004 1.638e-005 1stv 1.000 0.021 tan 0.021
75 21-12 mu 1.7784e-001 4.6154e-002 Var 7.5037e-004 3.5187e-005 cor 0.196 cov 3.1782e-005 Eig 7.518e-004 3.378e-005 1stv 0.999 0.044 tan 0.044
80 21-12 mu 1.4132e-001 8.5954e-002 Var 7.1069e-004 1.0603e-004 cor 0.239 cov 6.5671e-005 Eig 7.177e-004 9.898e-005 1stv 0.994 0.107 tan 0.107
85 21-12 mu 1.1117e-001 1.5703e-001 Var 6.9707e-004 4.9845e-004 cor 0.243 cov 1.4344e-004 Eig 7.722e-004 4.233e-004 1stv 0.886 0.464 tan 0.524
90 21-12 mu 8.6446e-002 2.7759e-001 Var 6.4862e-004 2.3919e-003 cor 0.227 cov 2.8295e-004 Eig 2.437e-003 6.038e-004 1stv 0.156 0.988 tan 6.319
50 23-12 mu 1.4418e-002 1.8817e-003 Var 1.3360e-004 6.0497e-007 cor 0.102 cov 9.1341e-007 Eig 1.336e-004 5.987e-007 1stv 1.000 0.007 tan 0.007
55 23-12 mu 2.0988e-002 3.5835e-003 Var 2.0671e-004 1.5481e-006 cor 0.109 cov 1.9570e-006 Eig 2.067e-004 1.529e-006 1stv 1.000 0.010 tan 0.010
60 23-12 mu 3.0243e-002 6.8180e-003 Var 2.9716e-004 3.7172e-006 cor 0.118 cov 3.9242e-006 Eig 2.972e-004 3.665e-006 1stv 1.000 0.013 tan 0.013
65 23-12 mu 4.3170e-002 1.2950e-002 Var 3.9008e-004 8.2339e-006 cor 0.128 cov 7.2517e-006 Eig 3.902e-004 8.096e-006 1stv 1.000 0.019 tan 0.019
70 23-12 mu 6.1064e-002 2.4520e-002 Var 4.5640e-004 1.6816e-005 cor 0.138 cov 1.2065e-005 Eig 4.567e-004 1.649e-005 1stv 1.000 0.027 tan 0.027
75 23-12 mu 8.5603e-002 4.6154e-002 Var 4.6753e-004 3.5187e-005 cor 0.137 cov 1.7597e-005 Eig 4.682e-004 3.447e-005 1stv 0.999 0.041 tan 0.041
80 23-12 mu 1.1889e-001 8.5954e-002 Var 4.6150e-004 1.0603e-004 cor 0.104 cov 2.3095e-005 Eig 4.630e-004 1.045e-004 1stv 0.998 0.065 tan 0.065
85 23-12 mu 1.6344e-001 1.5703e-001 Var 7.2332e-004 4.9845e-004 cor 0.064 cov 3.8425e-005 Eig 7.297e-004 4.921e-004 1stv 0.986 0.164 tan 0.166
90 23-12 mu 2.2212e-001 2.7759e-001 Var 2.1559e-003 2.3919e-003 cor 0.056 cov 1.2628e-004 Eig 2.447e-003 2.101e-003 1stv 0.398 0.917 tan 2.303
50 21-13 mu 4.8831e-001 6.0874e-004 Var 1.4714e-002 2.6288e-007 cor 0.001 cov 4.5871e-008 Eig 1.471e-002 2.629e-007 1stv 1.000 0.000 tan 0.000
55 21-13 mu 4.0673e-001 1.0239e-003 Var 7.6664e-003 5.1799e-007 cor 0.001 cov 4.9718e-008 Eig 7.666e-003 5.180e-007 1stv 1.000 0.000 tan 0.000
60 21-13 mu 3.3537e-001 1.7207e-003 Var 3.7087e-003 9.6343e-007 cor 0.002 cov 1.4032e-007 Eig 3.709e-003 9.634e-007 1stv 1.000 0.000 tan 0.000
65 21-13 mu 2.7391e-001 2.8866e-003 Var 1.7736e-003 1.6948e-006 cor 0.008 cov 4.2446e-007 Eig 1.774e-003 1.695e-006 1stv 1.000 0.000 tan 0.000
70 21-13 mu 2.2170e-001 4.8274e-003 Var 9.8746e-004 2.9832e-006 cor 0.020 cov 1.0834e-006 Eig 9.875e-004 2.982e-006 1stv 1.000 0.001 tan 0.001
75 21-13 mu 1.7784e-001 8.0260e-003 Var 7.5037e-004 6.3864e-006 cor 0.035 cov 2.4068e-006 Eig 7.504e-004 6.379e-006 1stv 1.000 0.003 tan 0.003
80 21-13 mu 1.4132e-001 1.3202e-002 Var 7.1069e-004 2.0300e-005 cor 0.040 cov 4.8022e-006 Eig 7.107e-004 2.027e-005 1stv 1.000 0.007 tan 0.007
85 21-13 mu 1.1117e-001 2.1303e-002 Var 6.9707e-004 8.1397e-005 cor 0.036 cov 8.6567e-006 Eig 6.972e-004 8.128e-005 1stv 1.000 0.014 tan 0.014
90 21-13 mu 8.6446e-002 3.3261e-002 Var 6.4862e-004 3.1747e-004 cor 0.030 cov 1.3818e-005 Eig 6.492e-004 3.169e-004 1stv 0.999 0.042 tan 0.042
50 23-13 mu 1.4418e-002 6.0874e-004 Var 1.3360e-004 2.6288e-007 cor -0.194 cov -1.1503e-006 Eig 1.336e-004 2.530e-007 1stv 1.000 -0.009 tan -0.009
55 23-13 mu 2.0988e-002 1.0239e-003 Var 2.0671e-004 5.1799e-007 cor -0.206 cov -2.1298e-006 Eig 2.067e-004 4.960e-007 1stv 1.000 -0.010 tan -0.010
60 23-13 mu 3.0243e-002 1.7207e-003 Var 2.9716e-004 9.6343e-007 cor -0.222 cov -3.7633e-006 Eig 2.972e-004 9.156e-007 1stv 1.000 -0.013 tan -0.013
65 23-13 mu 4.3170e-002 2.8866e-003 Var 3.9008e-004 1.6948e-006 cor -0.246 cov -6.3148e-006 Eig 3.902e-004 1.592e-006 1stv 1.000 -0.016 tan -0.016
70 23-13 mu 6.1064e-002 4.8274e-003 Var 4.5640e-004 2.9832e-006 cor -0.273 cov -1.0070e-005 Eig 4.566e-004 2.760e-006 1stv 1.000 -0.022 tan -0.022
75 23-13 mu 8.5603e-002 8.0260e-003 Var 4.6753e-004 6.3864e-006 cor -0.286 cov -1.5610e-005 Eig 4.681e-004 5.859e-006 1stv 0.999 -0.034 tan -0.034
80 23-13 mu 1.1889e-001 1.3202e-002 Var 4.6150e-004 2.0300e-005 cor -0.264 cov -2.5513e-005 Eig 4.630e-004 1.883e-005 1stv 0.998 -0.058 tan -0.058
85 23-13 mu 1.6344e-001 2.1303e-002 Var 7.2332e-004 8.1397e-005 cor -0.209 cov -5.0770e-005 Eig 7.273e-004 7.741e-005 1stv 0.997 -0.078 tan -0.079
90 23-13 mu 2.2212e-001 3.3261e-002 Var 2.1559e-003 3.1747e-004 cor -0.156 cov -1.2877e-004 Eig 2.165e-003 3.085e-004 1stv 0.998 -0.070 tan -0.070
50 23-21 mu 1.4418e-002 4.8831e-001 Var 1.3360e-004 1.4714e-002 cor -0.053 cov -7.4826e-005 Eig 1.471e-002 1.332e-004 1stv 0.005 -1.000 tan -194.862
55 23-21 mu 2.0988e-002 4.0673e-001 Var 2.0671e-004 7.6664e-003 cor -0.043 cov -5.4612e-005 Eig 7.667e-003 2.063e-004 1stv 0.007 -1.000 tan -136.602
60 23-21 mu 3.0243e-002 3.3537e-001 Var 2.9716e-004 3.7087e-003 cor -0.042 cov -4.4069e-005 Eig 3.709e-003 2.966e-004 1stv 0.013 -1.000 tan -77.427
65 23-21 mu 4.3170e-002 2.7391e-001 Var 3.9008e-004 1.7736e-003 cor -0.051 cov -4.2375e-005 Eig 1.775e-003 3.888e-004 1stv 0.031 -1.000 tan -32.680
70 23-21 mu 6.1064e-002 2.2170e-001 Var 4.5640e-004 9.8746e-004 cor -0.067 cov -4.4844e-005 Eig 9.912e-004 4.526e-004 1stv 0.084 -0.997 tan -11.926
75 23-21 mu 8.5603e-002 1.7784e-001 Var 4.6753e-004 7.5037e-004 cor -0.077 cov -4.5661e-005 Eig 7.576e-004 4.603e-004 1stv 0.156 -0.988 tan -6.352
80 23-21 mu 1.1889e-001 1.4132e-001 Var 4.6150e-004 7.1069e-004 cor -0.075 cov -4.3098e-005 Eig 7.179e-004 4.543e-004 1stv 0.166 -0.986 tan -5.950
85 23-21 mu 1.6344e-001 1.1117e-001 Var 7.2332e-004 6.9707e-004 cor -0.066 cov -4.6778e-005 Eig 7.588e-004 6.616e-004 1stv 0.797 -0.604 tan -0.758
90 23-21 mu 2.2212e-001 8.6446e-002 Var 2.1559e-003 6.4862e-004 cor -0.072 cov -8.4683e-005 Eig 2.161e-003 6.439e-004 1stv 0.998 -0.056 tan -0.056
Prevalence combination of varying and fixed dummies 1
Warning Observed prevalence doesn't sum to 1 for state 2: probs[50][2][1]=0.000000 because of lack of cases.
Warning Observed prevalence doesn't sum to 1 for state 1: probs[51][1][1]=0.000000 because of lack of cases.
Warning Observed prevalence doesn't sum to 1 for state 2: probs[51][2][1]=0.000000 because of lack of cases.
Warning Observed prevalence doesn't sum to 1 for state 1: probs[52][1][1]=0.000000 because of lack of cases.
Warning Observed prevalence doesn't sum to 1 for state 2: probs[52][2][1]=0.000000 because of lack of cases.
Warning Observed prevalence doesn't sum to 1 for state 1: probs[53][1][1]=0.000000 because of lack of cases.
Warning Observed prevalence doesn't sum to 1 for state 2: probs[53][2][1]=0.000000 because of lack of cases.
Warning Observed prevalence doesn't sum to 1 for state 1: probs[54][1][1]=0.000000 because of lack of cases.
Warning Observed prevalence doesn't sum to 1 for state 2: probs[54][2][1]=0.000000 because of lack of cases.
Warning Observed prevalence doesn't sum to 1 for state 1: probs[55][1][1]=0.000000 because of lack of cases.
Warning Observed prevalence doesn't sum to 1 for state 2: probs[55][2][1]=0.000000 because of lack of cases.
Warning Observed prevalence doesn't sum to 1 for state 1: probs[56][1][1]=0.000000 because of lack of cases.
Warning Observed prevalence doesn't sum to 1 for state 2: probs[56][2][1]=0.000000 because of lack of cases.
Warning Observed prevalence doesn't sum to 1 for state 1: probs[57][1][1]=0.000000 because of lack of cases.
Warning Observed prevalence doesn't sum to 1 for state 2: probs[57][2][1]=0.000000 because of lack of cases.
Warning Observed prevalence doesn't sum to 1 for state 1: probs[58][1][1]=0.000000 because of lack of cases.
Warning Observed prevalence doesn't sum to 1 for state 2: probs[58][2][1]=0.000000 because of lack of cases.
Warning Observed prevalence doesn't sum to 1 for state 1: probs[59][1][1]=0.000000 because of lack of cases.
Warning Observed prevalence doesn't sum to 1 for state 2: probs[59][2][1]=0.000000 because of lack of cases.
Warning Observed prevalence doesn't sum to 1 for state 1: probs[60][1][1]=0.000000 because of lack of cases.
Warning Observed prevalence doesn't sum to 1 for state 2: probs[60][2][1]=0.000000 because of lack of cases.
Warning Observed prevalence doesn't sum to 1 for state 1: probs[61][1][1]=0.000000 because of lack of cases.
Warning Observed prevalence doesn't sum to 1 for state 2: probs[61][2][1]=0.000000 because of lack of cases.
Warning Observed prevalence doesn't sum to 1 for state 1: probs[62][1][1]=0.000000 because of lack of cases.
Warning Observed prevalence doesn't sum to 1 for state 2: probs[62][2][1]=0.000000 because of lack of cases.
Warning Observed prevalence doesn't sum to 1 for state 1: probs[63][1][1]=0.000000 because of lack of cases.
Warning Observed prevalence doesn't sum to 1 for state 2: probs[63][2][1]=0.000000 because of lack of cases.
Warning Observed prevalence doesn't sum to 1 for state 1: probs[64][1][1]=0.000000 because of lack of cases.
Warning Observed prevalence doesn't sum to 1 for state 2: probs[64][2][1]=0.000000 because of lack of cases.
Warning Observed prevalence doesn't sum to 1 for state 1: probs[65][1][1]=0.000000 because of lack of cases.
Warning Observed prevalence doesn't sum to 1 for state 2: probs[65][2][1]=0.000000 because of lack of cases.
Warning Observed prevalence doesn't sum to 1 for state 1: probs[66][1][1]=0.000000 because of lack of cases.
Warning Observed prevalence doesn't sum to 1 for state 2: probs[66][2][1]=0.000000 because of lack of cases.
Warning Observed prevalence doesn't sum to 1 for state 1: probs[67][1][1]=0.000000 because of lack of cases.
Warning Observed prevalence doesn't sum to 1 for state 2: probs[67][2][1]=0.000000 because of lack of cases.
Warning Observed prevalence doesn't sum to 1 for state 1: probs[68][1][1]=0.000000 because of lack of cases.
Warning Observed prevalence doesn't sum to 1 for state 2: probs[68][2][1]=0.000000 because of lack of cases.
Warning Observed prevalence doesn't sum to 1 for state 1: probs[69][1][1]=0.000000 because of lack of cases.
Warning Observed prevalence doesn't sum to 1 for state 2: probs[69][2][1]=0.000000 because of lack of cases.
Warning Observed prevalence doesn't sum to 1 for state 1: probs[70][1][1]=0.000000 because of lack of cases.
Warning Observed prevalence doesn't sum to 1 for state 2: probs[70][2][1]=0.000000 because of lack of cases.
Warning Observed prevalence doesn't sum to 1 for state 1: probs[71][1][1]=0.000000 because of lack of cases.
Warning Observed prevalence doesn't sum to 1 for state 2: probs[71][2][1]=0.000000 because of lack of cases.
Warning Observed prevalence doesn't sum to 1 for state 1: probs[72][1][1]=0.000000 because of lack of cases.
Warning Observed prevalence doesn't sum to 1 for state 2: probs[72][2][1]=0.000000 because of lack of cases.
Warning Observed prevalence doesn't sum to 1 for state 1: probs[73][1][1]=0.000000 because of lack of cases.
Warning Observed prevalence doesn't sum to 1 for state 2: probs[73][2][1]=0.000000 because of lack of cases.
Warning Observed prevalence doesn't sum to 1 for state 1: probs[74][1][1]=0.000000 because of lack of cases.
Warning Observed prevalence doesn't sum to 1 for state 2: probs[74][2][1]=0.000000 because of lack of cases.
Warning Observed prevalence doesn't sum to 1 for state 1: probs[75][1][1]=0.000000 because of lack of cases.
Warning Observed prevalence doesn't sum to 1 for state 2: probs[75][2][1]=0.000000 because of lack of cases.
Warning Observed prevalence doesn't sum to 1 for state 1: probs[76][1][1]=0.000000 because of lack of cases.
Warning Observed prevalence doesn't sum to 1 for state 2: probs[76][2][1]=0.000000 because of lack of cases.
Warning Observed prevalence doesn't sum to 1 for state 1: probs[77][1][1]=0.000000 because of lack of cases.
Warning Observed prevalence doesn't sum to 1 for state 2: probs[77][2][1]=0.000000 because of lack of cases.
Warning Observed prevalence doesn't sum to 1 for state 1: probs[78][1][1]=0.000000 because of lack of cases.
Warning Observed prevalence doesn't sum to 1 for state 2: probs[78][2][1]=0.000000 because of lack of cases.
Warning Observed prevalence doesn't sum to 1 for state 1: probs[79][1][1]=0.000000 because of lack of cases.
Warning Observed prevalence doesn't sum to 1 for state 2: probs[79][2][1]=0.000000 because of lack of cases.
Warning Observed prevalence doesn't sum to 1 for state 1: probs[80][1][1]=0.000000 because of lack of cases.
Warning Observed prevalence doesn't sum to 1 for state 2: probs[80][2][1]=0.000000 because of lack of cases.
Warning Observed prevalence doesn't sum to 1 for state 1: probs[81][1][1]=0.000000 because of lack of cases.
Warning Observed prevalence doesn't sum to 1 for state 2: probs[81][2][1]=0.000000 because of lack of cases.
Warning Observed prevalence doesn't sum to 1 for state 1: probs[82][1][1]=0.000000 because of lack of cases.
Warning Observed prevalence doesn't sum to 1 for state 2: probs[82][2][1]=0.000000 because of lack of cases.
Warning Observed prevalence doesn't sum to 1 for state 1: probs[83][1][1]=0.000000 because of lack of cases.
Warning Observed prevalence doesn't sum to 1 for state 2: probs[83][2][1]=0.000000 because of lack of cases.
Warning Observed prevalence doesn't sum to 1 for state 1: probs[84][1][1]=0.000000 because of lack of cases.
Warning Observed prevalence doesn't sum to 1 for state 2: probs[84][2][1]=0.000000 because of lack of cases.
Warning Observed prevalence doesn't sum to 1 for state 1: probs[85][1][1]=0.000000 because of lack of cases.
Warning Observed prevalence doesn't sum to 1 for state 2: probs[85][2][1]=0.000000 because of lack of cases.
Warning Observed prevalence doesn't sum to 1 for state 1: probs[86][1][1]=0.000000 because of lack of cases.
Warning Observed prevalence doesn't sum to 1 for state 2: probs[86][2][1]=0.000000 because of lack of cases.
Warning Observed prevalence doesn't sum to 1 for state 1: probs[87][1][1]=0.000000 because of lack of cases.
Warning Observed prevalence doesn't sum to 1 for state 2: probs[87][2][1]=0.000000 because of lack of cases.
Warning Observed prevalence doesn't sum to 1 for state 1: probs[88][1][1]=0.000000 because of lack of cases.
Warning Observed prevalence doesn't sum to 1 for state 2: probs[88][2][1]=0.000000 because of lack of cases.
Warning Observed prevalence doesn't sum to 1 for state 1: probs[89][1][1]=0.000000 because of lack of cases.
Warning Observed prevalence doesn't sum to 1 for state 2: probs[89][2][1]=0.000000 because of lack of cases.
Warning Observed prevalence doesn't sum to 1 for state 1: probs[90][1][1]=0.000000 because of lack of cases.
Warning Observed prevalence doesn't sum to 1 for state 2: probs[90][2][1]=0.000000 because of lack of cases.
Computing Health Expectancies: result on file 'E_ATFadl.txt' ...50|51|52|53|54|55|56|57|58|59|60|61|62|63|64|65|66|67|68|69|70|71|72|73|74|75|76|77|78|79|80|81|82|83|84|85|86|87|88|89|90|
done evsij
Computing Total Life expectancies with their standard errors: file 'T_ATFadl.txt' ...
  Computing State-specific Expectancies and standard errors: result on file 'STDE_ATFadl.txt' 
    Computing Covar. of State-specific Expectancies: result on file 'CVE_ATFadl.txt' 
      Computing Variance-covariance of State-specific Expectancies: file 'V_ATFadl.txt' ... 
# model  
#****** Result for:******
 cvevsij 50|51|52|53|54|55|56|57|58|59|60|61|62|63|64|65|66|67|68|69|70|71|72|73|74|75|76|77|78|79|80|81|82|83|84|85|86|87|88|89|90|
 end cvevsij 
 varevsij vpopbased=0 
Computing total mortality p.j=w1*p1j+w2*p2j+..: result on file 'PRMORPREV-1-STABLBASED_ATFadl.txt' 
Computing age specific forward period (stable) prevalences in each health state 
done selection
done State-specific expectancies
Computing Variance-covariance of forward period (stable) prevalence: file 'VPL_ATFadl.txt' ...
#****** ******
done variance-covariance of forward period prevalence
End of Imach with 0 errors and/or warnings 1. Please look at the log file for details.
Local time at start Tue Feb 04 22:03:38 2025

Local time at end   Tue Feb 04 22:04:11 2025

Total time used 0 day(s) 0 hour(s) 0 minute(s) 33 second(s)
Total time was 33 Sec.
