Log filename:ATFchr.log
Version 0.99r45 $Revision: 1.353 $ $Date: 2023/05/08 18:48:22 $
Enter the parameter file name: 
pathimach=C:\PROGRA~1\IMACH-~2.99R\bin\
pathtot=C:\Users\mmusz\Dropbox\gender_paradox\data\IMACHnew\ATFchr.txt
 path=C:\Users\mmusz\Dropbox\gender_paradox\data\IMACHnew\ 
 optionfile=ATFchr.txt
 optionfilext=txt
 optionfilefiname='ATFchr'
Compiled with: Microsoft Visual Studio for Windows (x64 and x86)  64-bit
The programm is not running under WOW64 (i.e probably on a 64bit Windows).
Local time (at start): Tue Feb 04 22:21:36 2025
title=chr datafile=dataATFchr.txt lastobs=5000 firstpass=1 lastpass=2
ftol=1.000000e-018 stepm=24 ncovcol=0 nqv=0 ntv=0 nqtv=0 nlstate=2 ndeath=1 maxwav=2 mle=1 weight=1
model=1+age+
# Parameters nlstate*nlstate*ncov a12*1 + b12 * age + ...
12 0.000000 0.000000
13 0.000000 0.000000
21 0.000000 0.000000
23 0.000000 0.000000
# Scales (for hessian or gradient estimation)
12 0.000000e+000 0.000000e+000
13 0.000000e+000 0.000000e+000
21 0.000000e+000 0.000000e+000
23 0.000000e+000 0.000000e+000
# Covariance matrix
121 0.00000e+000
122 0.00000e+000 0.00000e+000
131 0.00000e+000 0.00000e+000 0.00000e+000
132 0.00000e+000 0.00000e+000 0.00000e+000 0.00000e+000
211 0.00000e+000 0.00000e+000 0.00000e+000 0.00000e+000 0.00000e+000
212 0.00000e+000 0.00000e+000 0.00000e+000 0.00000e+000 0.00000e+000 0.00000e+000
231 0.00000e+000 0.00000e+000 0.00000e+000 0.00000e+000 0.00000e+000 0.00000e+000 0.00000e+000
232 0.00000e+000 0.00000e+000 0.00000e+000 0.00000e+000 0.00000e+000 0.00000e+000 0.00000e+000 0.00000e+000

Model=1+age+
Typevar: 0 for simple covariate (dummy, quantitative, fixed or varying), 1 for age product, 2 for  product, 3 for double product with age  
Fixed[k] 0=fixed (product or simple), 1 varying, 2 fixed with age product, 3 varying with age product 
Dummy[k] 0=dummy (0 1), 1 quantitative (single or product without age), 2 dummy with age product, 3 quant with age product
ncoveff=0, nqfveff=0, ntveff=0, nqtveff=0, cptcovn=0
ncovf=0, ncovv=0, ncova=0, nsd=0, nsq=0
Warning: The value of parameter lastobs=5000 is big compared to the 
  effective number of cases imx=1551, please adjust, 
  otherwise you are allocating more memory than necessary.
Total number of individuals= 1551, Agemin = 51.25, Agemax= 93.00

Information, you have to check 0 informations which haven't been logged!
Delay (in months) between two waves Min=1 (for indiviudal 482) Max=32 (1069) Mean=25.021921

 Age 51 1.=0 loss[1]=0.0% 2.=0 loss[2]=0.0% 1.=0 prev[1]=23.3% 2.=0 prev[2]=76.7% 11=0 22=0
Age 52 1.=0 loss[1]=0.0% 2.=0 loss[2]=0.0% 1.=0 prev[1]=23.8% 2.=0 prev[2]=76.2% 12=0 22=0
Age 53 1.=1 loss[1]=0.0% 2.=1 loss[2]=0.0% 1.=1 prev[1]=54.4% 2.=1 prev[2]=45.6% 11=1 22=1
Age 54 1.=1 loss[1]=0.0% 2.=2 loss[2]=0.0% 1.=1 prev[1]=35.5% 2.=2 prev[2]=64.5% 11=1 12=0 21=0 22=1
Age 55 1.=2 loss[1]=0.0% 2.=4 loss[2]=0.0% 1.=2 prev[1]=31.2% 2.=4 prev[2]=68.8% 11=1 12=1 21=0 22=3
Age 56 1.=1 loss[1]=0.0% 2.=4 loss[2]=0.0% 1.=1 prev[1]=26.5% 2.=4 prev[2]=73.5% 11=1 12=1 21=0 22=4
Age 57 1.=1 loss[1]=0.0% 2.=2 loss[2]=0.0% 1.=1 prev[1]=39.0% 2.=2 prev[2]=61.0% 11=1 12=1 21=0 22=2
Age 58 1.=1 loss[1]=0.0% 2.=3 loss[2]=0.0% 1.=1 prev[1]=22.2% 2.=3 prev[2]=77.8% 11=0 12=0 21=1 22=2
Age 59 1.=1 loss[1]=0.0% 2.=3 loss[2]=0.0% 1.=1 prev[1]=31.6% 2.=3 prev[2]=68.4% 11=1 12=1 21=1 22=2
Age 60 1.=1 loss[1]=0.0% 2.=3 loss[2]=0.0% 1.=1 prev[1]=33.4% 2.=3 prev[2]=66.6% 11=1 12=1 21=0 22=2 23=0
Age 61 1.=1 loss[1]=0.0% 2.=1 loss[2]=0.0% 1.=1 prev[1]=30.7% 2.=1 prev[2]=69.3% 11=0 12=0 21=0 22=1 23=0
Age 62 1.=1 loss[1]=0.0% 2.=2 loss[2]=0.0% 1.=1 prev[1]=31.8% 2.=2 prev[2]=68.2% 11=0 12=0 21=0 22=2
Age 63 1.=1 loss[1]=0.0% 2.=2 loss[2]=0.0% 1.=1 prev[1]=22.0% 2.=2 prev[2]=78.0% 11=0 12=0 21=0 22=2 23=0
Age 64 1.=1 loss[1]=0.0% 2.=2 loss[2]=0.0% 1.=1 prev[1]=24.2% 2.=2 prev[2]=75.8% 11=0 12=0 21=0 22=1
Age 65 1.=1 loss[1]=0.0% 2.=2 loss[2]=0.0% 1.=1 prev[1]=27.1% 2.=2 prev[2]=72.9% 11=0 12=0 21=0 22=1
Age 66 1.=1 loss[1]=0.0% 2.=2 loss[2]=0.0% 1.=1 prev[1]=22.2% 2.=2 prev[2]=77.8% 11=0 12=0 21=0 22=2 23=0
Age 67 1.=1 loss[1]=0.0% 2.=2 loss[2]=0.0% 1.=1 prev[1]=25.6% 2.=2 prev[2]=74.4% 11=1 12=0 21=0 22=2
Age 68 1.=1 loss[1]=0.0% 2.=2 loss[2]=0.0% 1.=1 prev[1]=20.0% 2.=2 prev[2]=80.0% 11=0 12=0 13=0 21=0 22=2
Age 69 1.=0 loss[1]=0.0% 2.=1 loss[2]=0.0% 1.=0 prev[1]=24.9% 2.=1 prev[2]=75.1% 11=0 12=0 22=1
Age 70 1.=0 loss[1]=0.0% 2.=1 loss[2]=0.0% 1.=0 prev[1]=7.5% 2.=1 prev[2]=92.5% 11=0 12=0 21=0 22=1 23=0
Age 71 1.=0 loss[1]=0.0% 2.=2 loss[2]=0.0% 1.=0 prev[1]=18.2% 2.=2 prev[2]=81.8% 11=0 12=0 21=0 22=2 23=0
Age 72 1.=0 loss[1]=0.0% 2.=2 loss[2]=0.0% 1.=0 prev[1]=17.6% 2.=2 prev[2]=82.4% 11=0 12=0 21=0 22=2 23=0
Age 73 1.=0 loss[1]=0.0% 2.=2 loss[2]=0.0% 1.=0 prev[1]=9.0% 2.=2 prev[2]=91.0% 11=0 12=0 21=0 22=2 23=0
Age 74 1.=1 loss[1]=0.0% 2.=3 loss[2]=0.0% 1.=1 prev[1]=19.1% 2.=3 prev[2]=80.9% 11=0 12=0 13=0 21=0 22=2 23=0
Age 75 1.=0 loss[1]=0.0% 2.=2 loss[2]=0.0% 1.=0 prev[1]=9.8% 2.=2 prev[2]=90.2% 11=0 12=0 21=0 22=2 23=0
Age 76 1.=0 loss[1]=0.0% 2.=2 loss[2]=0.0% 1.=0 prev[1]=19.8% 2.=2 prev[2]=80.2% 11=0 12=0 21=0 22=1 23=0
Age 77 1.=0 loss[1]=0.0% 2.=2 loss[2]=0.0% 1.=0 prev[1]=14.3% 2.=2 prev[2]=85.7% 11=0 12=0 21=0 22=1 23=0
Age 78 1.=0 loss[1]=0.0% 2.=1 loss[2]=0.0% 1.=0 prev[1]=9.3% 2.=1 prev[2]=90.7% 11=0 12=0 21=0 22=1 23=0
Age 79 1.=0 loss[1]=0.0% 2.=1 loss[2]=0.0% 1.=0 prev[1]=14.7% 2.=1 prev[2]=85.3% 11=0 12=0 22=1 23=0
Age 80 1.=0 loss[1]=0.0% 2.=1 loss[2]=0.0% 1.=0 prev[1]=19.4% 2.=1 prev[2]=80.6% 11=0 12=0 21=0 22=1 23=0
Age 81 1.=0 loss[1]=0.0% 2.=1 loss[2]=0.0% 1.=0 prev[1]=18.3% 2.=1 prev[2]=81.7% 11=0 12=0 21=0 22=1 23=0
Age 82 1.=0 loss[1]=0.0% 2.=1 loss[2]=0.0% 1.=0 prev[1]=5.5% 2.=1 prev[2]=94.5% 11=0 21=0 22=1 23=0
Age 83 1.=0 loss[1]=NaNQ% 2.=1 loss[2]=0.0% 1.=0 prev[1]=0.0% 2.=1 prev[2]=100.0% 22=1 23=0
Age 84 1.=0 loss[1]=NaNQ% 2.=1 loss[2]=0.0% 1.=0 prev[1]=0.0% 2.=1 prev[2]=100.0% 22=1 23=0
Age 85 1.=0 loss[1]=0.0% 2.=1 loss[2]=0.0% 1.=0 prev[1]=8.7% 2.=1 prev[2]=91.3% 11=0 22=1 23=0
Age 86 1.=0 loss[1]=0.0% 2.=1 loss[2]=0.0% 1.=0 prev[1]=6.1% 2.=1 prev[2]=93.9% 11=0 22=1 23=0
Age 87 1.=0 loss[1]=0.0% 2.=1 loss[2]=0.0% 1.=0 prev[1]=6.0% 2.=1 prev[2]=94.0% 13=0 21=0 22=0 23=0
Age 88 1.=0 loss[1]=NaNQ% 2.=1 loss[2]=0.0% 1.=0 prev[1]=0.0% 2.=1 prev[2]=100.0% 22=1 23=0
Age 89 1.=0 loss[1]=NaNQ% 2.=0 loss[2]=0.0% 1.=0 prev[1]=0.0% 2.=0 prev[2]=100.0% 22=0 23=0
Age 90 1.=0 loss[1]=NaNQ% 2.=0 loss[2]=0.0% 1.=0 prev[1]=0.0% 2.=0 prev[2]=100.0% 22=0 23=0
Age 91 1.=0 loss[1]=NaNQ% 2.=0 loss[2]=NaNQ% 1.=0 prev[1]=NaNQ% 2.=0 prev[2]=NaNQ%
Age 92 1.=0 loss[1]=NaNQ% 2.=0 loss[2]=NaNQ% 1.=0 prev[1]=NaNQ% 2.=0 prev[2]=NaNQ%
Age 93 1.=0 loss[1]=NaNQ% 2.=0 loss[2]=NaNQ% 1.=0 prev[1]=NaNQ% 2.=0 prev[2]=NaNQ%
1 1.=0 loss[1]=NaNQ% 2.=0 loss[2]=NaNQ% 1.=0 prev[1]=NaNQ% 2.=0 prev[2]=NaNQ%
0 1.=0 loss[1]=NaNQ% 2.=0 loss[2]=NaNQ% 1.=0 prev[1]=NaNQ% 2.=0 prev[2]=NaNQ%
Total 1.=19 loss[1]=0.0% 2.=66 loss[2]=0.0% 1.=19 prev[1]=22.4% 2.=66 prev[2]=77.6% 11=11 12=8 13=0 21=6 22=56 23=3


12    0.0000000 ln(8/11)=   -0.3257853 
13    0.0000000 ln(0/11)=   -4.4519450 
21    0.0000000 ln(6/56)=   -2.2089673 
23    0.0000000 ln(3/56)=   -2.8901231 

 -1-1=0 -10=0 -11=0 -12=0 -13=0 0-1=0 00=0 01=0 02=0 03=0 1-1=0 10=0 11=11 12=8 13=0 2-1=0 20=0 21=6 22=56 23=3 3-1=0 30=0 31=0 32=0 33=0
Powell

Powell iter=1 Big Iter=1 -2*LL=3419.908864116502 gain=0 0 sec. 0 sec.
#model=  1      +     age 
12    0.0000000    0.0000000 
13    0.0000000    0.0000000 
21    0.0000000    0.0000000 
23    0.0000000    0.0000000 
1........2.............3........4.................5.........6................7......8............................Gaining to use new average direction of P0 P8 instead of biggest increase direction 7 :

Powell iter=2 Big Iter=2 -2*LL=1862.993182318612 gain=1.56e+003 0 sec. 0 sec.
#model=  1      +     age 
12    0.8436442    0.0009429 
13   -4.3813752    0.0037575 
21   -1.5734072   -0.0014449 
23   -3.2014878    0.0026742 

Considering the time needed for this last iteration #2: 0 seconds,
   - if your program needs 1 BIG iterations  (2 iterations) to converge, convergence will be 
   reached in 0 day(s) 0 hour(s) 0 minute(s) 0 second(s) i.e.
   on Tue Feb 04 22:21:36 2025 (current time is Tue Feb 04 22:21:36 2025);
   - if your program needs 11 BIG iterations  (22 iterations) to converge, convergence will be 
   reached in 0 day(s) 0 hour(s) 0 minute(s) 0 second(s) i.e.
   on Tue Feb 04 22:21:36 2025 (current time is Tue Feb 04 22:21:36 2025);
   - if your program needs 21 BIG iterations  (42 iterations) to converge, convergence will be 
   reached in 0 day(s) 0 hour(s) 0 minute(s) 0 second(s) i.e.
   on Tue Feb 04 22:21:36 2025 (current time is Tue Feb 04 22:21:36 2025);
   - if your program needs 31 BIG iterations  (62 iterations) to converge, convergence will be 
   reached in 0 day(s) 0 hour(s) 0 minute(s) 0 second(s) i.e.
   on Tue Feb 04 22:21:36 2025 (current time is Tue Feb 04 22:21:36 2025);
1......2.............3.........4..................5........6...............7.................8........
Powell iter=3 Big Iter=2 -2*LL=1702.817445331625 gain=160 0 sec. 0 sec.
#model=  1      +     age 
12   -0.3800919    0.0014093 
13   -4.6950644    0.0076097 
21   -2.1567325   -0.0026674 
23   -3.2511255    0.0057022 

Considering the time needed for this last iteration #3: 0 seconds,
   - if your program needs 1 BIG iterations  (2 iterations) to converge, convergence will be 
   reached in 0 day(s) 0 hour(s) 0 minute(s) 0 second(s) i.e.
   on Tue Feb 04 22:21:36 2025 (current time is Tue Feb 04 22:21:36 2025);
   - if your program needs 11 BIG iterations  (22 iterations) to converge, convergence will be 
   reached in 0 day(s) 0 hour(s) 0 minute(s) 0 second(s) i.e.
   on Tue Feb 04 22:21:36 2025 (current time is Tue Feb 04 22:21:36 2025);
   - if your program needs 21 BIG iterations  (42 iterations) to converge, convergence will be 
   reached in 0 day(s) 0 hour(s) 0 minute(s) 0 second(s) i.e.
   on Tue Feb 04 22:21:36 2025 (current time is Tue Feb 04 22:21:36 2025);
   - if your program needs 31 BIG iterations  (62 iterations) to converge, convergence will be 
   reached in 0 day(s) 0 hour(s) 0 minute(s) 0 second(s) i.e.
   on Tue Feb 04 22:21:36 2025 (current time is Tue Feb 04 22:21:36 2025);
1........2.............3.........4.................5.........6...............7.................8................Gaining to use new average direction of P0 P8 instead of biggest increase direction 5 :

Powell iter=4 Big Iter=3 -2*LL=1683.419915208988 gain=19.4 1 sec. 1 sec.
#model=  1      +     age 
12   -1.1035828    0.0063479 
13   -8.6721144    0.0487867 
21   -1.1562618   -0.0167000 
23   -3.9699598    0.0141617 
1........2.............3........4..................5........6................7..................8........
Powell iter=5 Big Iter=3 -2*LL=1662.150578516280 gain=21.3 0 sec. 1 sec.
#model=  1      +     age 
12   -1.2972792    0.0101262 
13  -10.3536771    0.0803449 
21   -0.4358301   -0.0267849 
23   -4.4395607    0.0218516 
1........2.............3........4..................5........6................7..................8...............Gaining to use new average direction of P0 P8 instead of biggest increase direction 8 :

Powell iter=6 Big Iter=4 -2*LL=1616.566712322428 gain=45.6 0 sec. 1 sec.
#model=  1      +     age 
12   -2.0915791    0.0277560 
13  -20.2738309    0.2263272 
21    2.7567208   -0.0737675 
23   -6.9703742    0.0574857 
1........2.............3.........4.................5........6...............7..................8........directest= 28.226751403699 (if directest<0 or t<0 we include P0 Pn as new direction), t= -1489.956932798663, f1= 1616.566712322428,f2= 1613.153227457499,f3= 1642.597862792791, del= 2.315684398261
f1-2f2+f3= 32.858120200220, f1-f2-del= 1.097800466668, f1-f3= -26.031150470363

Powell iter=7 Big Iter=4 -2*LL=1613.153227457499 gain=3.41 0 sec. 1 sec.
#model=  1      +     age 
12   -2.1259244    0.0291394 
13  -21.4695201    0.2374498 
21    2.9145265   -0.0780409 
23   -7.3269996    0.0615937 
1........2.............3.........4.................5........6................7.................8.............Gaining to use new average direction of P0 P8 instead of biggest increase direction 1 :

Powell iter=8 Big Iter=5 -2*LL=1610.742299947827 gain=2.41 0 sec. 1 sec.
#model=  1      +     age 
12   -2.4171193    0.0314097 
13  -22.7844564    0.2563542 
21    3.2184767   -0.0830981 
23   -7.8827116    0.0685913 
1..........2.............3.........4..................5........6................7.................8.......
Powell iter=9 Big Iter=5 -2*LL=1609.545242496918 gain=1.2 0 sec. 1 sec.
#model=  1      +     age 
12   -2.5252339    0.0333624 
13  -23.4629413    0.2640171 
21    3.3183931   -0.0847573 
23   -8.1662271    0.0722126 
1........2.............3.........4.................5........6................7.................8..............Gaining to use new average direction of P0 P8 instead of biggest increase direction 8 :

Powell iter=10 Big Iter=6 -2*LL=1600.680766631968 gain=8.86 0 sec. 1 sec.
#model=  1      +     age 
12   -3.6958191    0.0535590 
13  -25.2422018    0.2883378 
21    2.8685340   -0.0774547 
23  -10.8705874    0.1076561 
1........2............3.........4.................5........6................7.................8........directest= 5.957301619388 (if directest<0 or t<0 we include P0 Pn as new direction), t= -16.148660137451, f1= 1600.680766631968,f2= 1597.150547135645,f3= 1604.607950133635, del= 2.515160437462
f1-2f2+f3= 10.987622494312, f1-f2-del= 1.015059058861, f1-f3= -3.927183501667

Powell iter=11 Big Iter=6 -2*LL=1597.150547135645 gain=3.53 0 sec. 1 sec.
#model=  1      +     age 
12   -3.8000181    0.0542729 
13  -22.8882028    0.2590323 
21    1.9761586   -0.0637164 
23  -10.9557060    0.1082893 
1........2............3.........4.................5........6................7.................8..............Gaining to use new average direction of P0 P8 instead of biggest increase direction 1 :

Powell iter=12 Big Iter=7 -2*LL=1596.643885357484 gain=0.507 0 sec. 1 sec.
#model=  1      +     age 
12   -3.8353118    0.0544486 
13  -21.6461839    0.2434620 
21    1.5024209   -0.0565206 
23  -10.9992173    0.1085202 
1...............2............3...........4.................5........6................7.................8.........
Powell iter=13 Big Iter=7 -2*LL=1596.597664516490 gain=0.0462 0 sec. 1 sec.
#model=  1      +     age 
12   -3.8308555    0.0543959 
13  -21.6361074    0.2434564 
21    1.4958230   -0.0564191 
23  -11.0145470    0.1087500 
1........2............3.........4.................5........6................7.................8...............Gaining to use new average direction of P0 P8 instead of biggest increase direction 5 :

Powell iter=14 Big Iter=8 -2*LL=1593.932531995905 gain=2.67 0 sec. 1 sec.
#model=  1      +     age 
12   -2.5355435    0.0353644 
13  -21.4220758    0.2363782 
21    1.2595791   -0.0526656 
23  -11.0929809    0.1099828 
1........2............3.........4.................5......6................7.................8........directest= 2.330054404561 (if directest<0 or t<0 we include P0 Pn as new direction), t= -0.309818747869, f1= 1593.932531995905,f2= 1592.950609831372,f3= 1595.474634679965, del= 0.587946304283
f1-2f2+f3= 3.505947013127, f1-f2-del= 0.393975860250, f1-f3= -1.542102684060

Powell iter=15 Big Iter=8 -2*LL=1592.950609831372 gain=0.982 0 sec. 1 sec.
#model=  1      +     age 
12   -2.2829726    0.0306196 
13  -21.7050687    0.2411715 
21    1.3279035   -0.0538013 
23  -11.2705327    0.1120377 
1........2.............3.........4.................5.......6................7.................8...............Gaining to use new average direction of P0 P8 instead of biggest increase direction 1 :

Powell iter=16 Big Iter=9 -2*LL=1592.100999273907 gain=0.85 0 sec. 1 sec.
#model=  1      +     age 
12   -2.2208271    0.0293844 
13  -23.1508430    0.2598271 
21    1.3815650   -0.0547019 
23  -12.4550865    0.1268050 
1...........2.............3.........4.................5........6................7.................8........directest= 0.332968666449 (if directest<0 or t<0 we include P0 Pn as new direction), t= -0.000293338988, f1= 1592.100999273907,f2= 1592.093348981671,f3= 1592.424557912393, del= 0.002945278255
f1-2f2+f3= 0.338859222959, f1-f2-del= 0.004705013981, f1-f3= -0.323558638486

Powell iter=17 Big Iter=9 -2*LL=1592.093348981671 gain=0.00765 0 sec. 1 sec.
#model=  1      +     age 
12   -2.2179555    0.0292989 
13  -23.2257835    0.2605838 
21    1.4171946   -0.0552521 
23  -12.4436443    0.1266169 
1........2.............3.........4.................5........6................7.................8.............Gaining to use new average direction of P0 P8 instead of biggest increase direction 3 :

Powell iter=18 Big Iter=10 -2*LL=1592.084486216371 gain=0.00886 0 sec. 1 sec.
#model=  1      +     age 
12   -2.1667370    0.0284160 
13  -23.2226533    0.2604107 
21    1.4581430   -0.0558910 
23  -12.4158127    0.1262663 
1........2.............3........4...................5........6................7.................8......
Powell iter=19 Big Iter=10 -2*LL=1592.081398693974 gain=0.00309 1 sec. 2 sec.
#model=  1      +     age 
12   -2.1533800    0.0282139 
13  -23.1724757    0.2597652 
21    1.4492062   -0.0557515 
23  -12.4165059    0.1262763 
1........2.............3........4..................5........6................7.................8..............Gaining to use new average direction of P0 P8 instead of biggest increase direction 2 :

Powell iter=20 Big Iter=11 -2*LL=1591.938717666724 gain=0.143 0 sec. 2 sec.
#model=  1      +     age 
12   -2.0161827    0.0263418 
13  -20.6487608    0.2283676 
21    1.4675161   -0.0560279 
23  -12.5188632    0.1275455 
1........2......3........4.................5........6................7.................8........directest= 0.172540228135 (if directest<0 or t<0 we include P0 Pn as new direction), t= -0.000584040564, f1= 1591.938717666724,f2= 1591.887435740860,f3= 1592.079687345893, del= 0.035496651382
f1-2f2+f3= 0.243533530899, f1-f2-del= 0.015785274483, f1-f3= -0.140969679169

Powell iter=21 Big Iter=11 -2*LL=1591.887435740860 gain=0.0513 0 sec. 2 sec.
#model=  1      +     age 
12   -2.1145757    0.0277487 
13  -20.0667727    0.2209886 
21    1.4914885   -0.0563940 
23  -12.5299564    0.1276795 
1........2......3........4..................5........6................7.................8...............Gaining to use new average direction of P0 P8 instead of biggest increase direction 1 :

Powell iter=22 Big Iter=12 -2*LL=1591.880130107063 gain=0.00731 0 sec. 2 sec.
#model=  1      +     age 
12   -2.1505764    0.0282139 
13  -19.7730310    0.2171519 
21    1.5088756   -0.0566612 
23  -12.5498158    0.1279234 
1................2........3.....................4.................................5...........6....................7.................................8...........directest= 0.001113685012 (if directest<0 or t<0 we include P0 Pn as new direction), t= -0.000000000004, f1= 1591.880130107063,f2= 1591.880126497447,f3= 1591.881243414744, del= 0.000003420951
f1-2f2+f3= 0.001120526914, f1-f2-del= 0.000000188666, f1-f3= -0.001113307681

Powell iter=23 Big Iter=12 -2*LL=1591.880126497447 gain=3.61e-006 0 sec. 2 sec.
#model=  1      +     age 
12   -2.1495213    0.0281959 
13  -19.7749467    0.2171751 
21    1.5094954   -0.0566710 
23  -12.5492783    0.1279166 
1..................2...............3.......................4...................5................6...................7.....................8.........................
Powell iter=24 Big Iter=13 -2*LL=1591.880126471582 gain=2.59e-008 0 sec. 2 sec.
#model=  1      +     age 
12   -2.1494518    0.0281947 
13  -19.7750668    0.2171761 
21    1.5094829   -0.0566708 
23  -12.5492772    0.1279166 
1...............................2........3..................4............................5.........6.....................7....................8.......................
Powell iter=25 Big Iter=13 -2*LL=1591.880126468882 gain=2.7e-009 0 sec. 2 sec.
#model=  1      +     age 
12   -2.1494233    0.0281942 
13  -19.7750228    0.2171754 
21    1.5094817   -0.0566708 
23  -12.5492854    0.1279167 
1...................2.......................3....................4..........................5...................6................................7................................8.................................Gaining to use new average direction of P0 P8 instead of biggest increase direction 2 :

Powell iter=26 Big Iter=14 -2*LL=1591.880126468609 gain=2.73e-010 0 sec. 2 sec.
#model=  1      +     age 
12   -2.1494121    0.0281940 
13  -19.7750108    0.2171752 
21    1.5094814   -0.0566708 
23  -12.5492879    0.1279168 
1.............................2..............................3..........................4.......................5..........................6.....................7....................8..............................................directest= 0.000000000033 (if directest<0 or t<0 we include P0 Pn as new direction), t= -0.000000000000, f1= 1591.880126468609,f2= 1591.880126468606,f3= 1591.880126468639, del= 0.000000000001
f1-2f2+f3= 0.000000000035, f1-f2-del= 0.000000000001, f1-f3= -0.000000000030

Powell iter=27 Big Iter=14 -2*LL=1591.880126468606 gain=2.5e-012 0 sec. 2 sec.
#model=  1      +     age 
12   -2.1494121    0.0281940 
13  -19.7750103    0.2171752 
21    1.5094814   -0.0566708 
23  -12.5492875    0.1279168 
1..........................2...................3.........................4...............................5.............................6...................7....................8..............................................
#Number of iterations & function calls = 27 & 3929, -2 Log likelihood = 1591.880126468606
# Parameters nlstate*nlstate*ncov a12*1 + b12 * age + ...
#model=  1      +     age 
12   -2.1494121    0.0281940 
13  -19.7750103    0.2171752 
21    1.5094814   -0.0566708 
23  -12.5492875    0.1279168 

Calculation of the hessian matrix. Wait...
1-2-3-4-5-6-7-8-.1-2.1-3.1-4.1-5.1-6.1-7.1-8.2-3.2-4.2-5.2-6.2-7.2-8.3-4.3-5.3-6.3-7.3-8.4-5.4-6.4-7.4-8.5-6.5-7.5-8.6-7.6-8.7-8

Inverting the hessian to get the covariance matrix. Wait...

#Hessian matrix#
8.078258e+001 5.127491e+003 -1.195194e+000 -9.433822e+001 -3.403133e+000 -2.147127e+002 -6.191385e-002 -4.949280e+000 
5.127491e+003 3.306944e+005 -9.422728e+001 -7.493441e+003 -2.162403e+002 -1.385002e+004 -5.041235e+000 -4.040643e+002 
-1.195194e+000 -9.422728e+001 2.198781e+000 1.721486e+002 -1.492473e-001 -1.081833e+001 1.846456e-001 1.413536e+001 
-9.433822e+001 -7.493441e+003 1.721486e+002 1.359237e+004 -1.108897e+001 -8.105488e+002 1.413539e+001 1.093359e+003 
-3.403133e+000 -2.162403e+002 -1.492473e-001 -1.108897e+001 9.888520e+001 6.327642e+003 -2.613558e+000 -1.975251e+002 
-2.147127e+002 -1.385002e+004 -1.081833e+001 -8.105488e+002 6.327642e+003 4.123160e+005 -1.976304e+002 -1.518083e+004 
-6.191385e-002 -5.041235e+000 1.846456e-001 1.413539e+001 -2.613558e+000 -1.976304e+002 4.949928e+001 3.946049e+003 
-4.949280e+000 -4.040643e+002 1.413536e+001 1.093359e+003 -1.975251e+002 -1.518083e+004 3.946049e+003 3.178455e+005 
Parameters, Wald tests and Wald-based confidence intervals
 W is simply the result of the division of the parameter by the square root of covariance of the parameter.
 And Wald-based confidence intervals plus and minus 1.96 * W 
  It might be better to visualize the covariance matrix. See the page 'Matrix of variance-covariance of one-step probabilities' and its graphs.
12   -2.1494121(   0.8994578) W=  -2.390 CI=[  -3.9123493 ;   -0.3864749]    0.0281940(   0.0140898) W=   2.001 CI=[   0.0005781 ;    0.0558099] 
13  -19.7750103(   7.3731069) W=  -2.682 CI=[ -34.2262998 ;   -5.3237208]    0.2171752(   0.0939022) W=   2.313 CI=[   0.0331269 ;    0.4012234] 
21    1.5094814(   0.7515803) W=   2.008 CI=[   0.0363840 ;    2.9825788]   -0.0566708(   0.0116416) W=  -4.868 CI=[  -0.0794884 ;   -0.0338532] 
23  -12.5492875(   1.4024459) W=  -8.948 CI=[ -15.2980814 ;   -9.8004936]    0.1279168(   0.0175019) W=   7.309 CI=[   0.0936131 ;    0.1622204] 
# Scales (for hessian or gradient estimation)
12 1.00000e-003 1.00000e-005
13 1.00000e-003 1.00000e-005
21 1.00000e-003 1.00000e-005
23 1.00000e-003 1.00000e-005
# Covariance matrix 
# 121 Var(a12)
# 122 Cov(b12,a12) Var(b12)
#   ...
# 232 Cov(b23,a12)  Cov(b23,b12) ... Var (b23)
#121 Var(a12)
#122 Cov(b12,a12) Var(b12)
#131 Cov(a13,a12) Cov(a13,b12) Var(a13)
#132 Cov(b13,a12) Cov(b13,b12) Cov(b13,a13) Var(b13)
#211 Cov(a21,a12) Cov(a21,b12) Cov(a21,a13) Cov(a21,b13) Var(a21)
#212 Cov(b21,a12) Cov(b21,b12) Cov(b21,a13) Cov(b21,b13) Cov(b21,a21) Var(b21)
#231 Cov(a23,a12) Cov(a23,b12) Cov(a23,a13) Cov(a23,b13) Cov(a23,a21) Cov(a23,b21) Var(a23)
#232 Cov(b23,a12) Cov(b23,b12) Cov(b23,a13) Cov(b23,b13) Cov(b23,a21) Cov(b23,b21) Cov(b23,a23) Var(b23)
121 8.0902427e-001
122 -1.25749e-002 1.9852110e-004
131 4.78120e-001 -7.54078e-003 5.4362705e+001
132 -7.37532e-003 1.17716e-004 -6.89334e-001 8.8176188e-003
211 2.42024e-002 -3.71169e-004 2.23626e-002 -3.71979e-004 5.6487297e-001
212 -3.74545e-004 5.85101e-006 -2.82826e-004 5.14205e-006 -8.67068e-003 1.3552784e-004
231 5.94707e-004 -8.40881e-006 -2.15453e-001 2.64730e-003 2.29481e-002 -3.08899e-004 1.9668544e+000
232 -9.51267e-006 1.40175e-007 2.62670e-003 -3.24925e-005 -3.47796e-004 4.91611e-006 -2.44185e-002 3.0631530e-004
# agemin agemax for life expectancy, bage fage (if mle==0 ie no data nor Max likelihood).
# Observed prevalence period
begin-prev-date=1/1/2013 end-prev-date=1/9/2018 mov_average=0
# Health expectancies computed from stable (period) prevalence (pop_based=0) or population based (1)
pop_based=0
# Prevalence forecasting and backcasting is skept here
##prevforecast=0  starting-proj-date=1/1/1989 final-proj-date=1/1/1990 mobil_average=0
#prevforecast=1 yearsfproj=10 mobil_average=0
#prevbackcast=1 yearsbproj=10 mobil_average=1
result:  .
End of resultlines.

Computing forward period (stable) prevalence: result on file 'PL_ATFchr.txt' 
#************
Computing pij: result on file 'PIJ_ATFchr.txt' 
Computing standard deviation of one-step probabilities: result on file 'PROB_rATFchr.txt' 
Computing matrix of variance covariance of one-step probabilities: result on file 'PROBCOV_ATFchr.txt' 
and correlation matrix of one-step probabilities: result on file 'PROBCOR_ATFchr.txt' 
50 13-12 mu 4.5415e-005 1.6152e-001 Var 1.5386e-008 5.7189e-004 cor 0.017 cov 5.0392e-008 Eig 5.719e-004 1.538e-008 1stv 0.000 1.000 tan 11348.673
55 13-12 mu 1.2823e-004 1.7727e-001 Var 8.5501e-008 3.4440e-004 cor 0.007 cov 3.5592e-008 Eig 3.444e-004 8.550e-008 1stv 0.000 1.000 tan 9674.145
60 13-12 mu 3.6029e-004 1.9362e-001 Var 4.3851e-007 2.0700e-004 cor -0.012 cov -1.1741e-007 Eig 2.070e-004 4.384e-007 1stv 0.001 -1.000 tan -1759.338
65 13-12 mu 1.0068e-003 2.1030e-001 Var 2.0201e-006 1.9342e-004 cor -0.040 cov -7.9906e-007 Eig 1.934e-004 2.017e-006 1stv 0.004 -1.000 tan -239.537
70 13-12 mu 2.7931e-003 2.2680e-001 Var 8.1538e-006 3.2538e-004 cor -0.065 cov -3.3465e-006 Eig 3.254e-004 8.118e-006 1stv 0.011 -1.000 tan -94.807
75 13-12 mu 7.6631e-003 2.4188e-001 Var 3.1322e-005 6.0328e-004 cor -0.097 cov -1.3370e-005 Eig 6.036e-004 3.101e-005 1stv 0.023 -1.000 tan -42.801
80 13-12 mu 2.0573e-002 2.5242e-001 Var 1.8702e-004 1.0107e-003 cor -0.212 cov -9.2251e-005 Eig 1.021e-003 1.768e-004 1stv 0.110 -0.994 tan -9.039
85 13-12 mu 5.2662e-002 2.5116e-001 Var 1.8833e-003 1.8665e-003 cor -0.560 cov -1.0498e-003 Eig 2.925e-003 8.250e-004 1stv 0.710 -0.704 tan -0.992
90 13-12 mu 1.2161e-001 2.2545e-001 Var 1.4006e-002 6.2704e-003 cor -0.893 cov -8.3644e-003 Eig 1.935e-002 9.228e-004 1stv 0.843 -0.539 tan -0.639
50 21-12 mu 1.0490e-001 1.6152e-001 Var 2.5157e-004 5.7189e-004 cor 0.037 cov 1.3992e-005 Eig 5.725e-004 2.510e-004 1stv 0.044 0.999 tan 22.937
55 21-12 mu 8.3195e-002 1.7727e-001 Var 1.0129e-004 3.4440e-004 cor 0.038 cov 7.0349e-006 Eig 3.446e-004 1.011e-004 1stv 0.029 1.000 tan 34.587
60 21-12 mu 6.5146e-002 1.9362e-001 Var 3.9421e-005 2.0700e-004 cor 0.039 cov 3.5024e-006 Eig 2.071e-004 3.935e-005 1stv 0.021 1.000 tan 47.867
65 21-12 mu 5.0394e-002 2.1030e-001 Var 2.1104e-005 1.9342e-004 cor 0.038 cov 2.4594e-006 Eig 1.935e-004 2.107e-005 1stv 0.014 1.000 tan 70.078
70 21-12 mu 3.8474e-002 2.2680e-001 Var 1.8970e-005 3.2538e-004 cor 0.037 cov 2.8719e-006 Eig 3.254e-004 1.894e-005 1stv 0.009 1.000 tan 106.703
75 21-12 mu 2.8891e-002 2.4188e-001 Var 1.9672e-005 6.0328e-004 cor 0.035 cov 3.7911e-006 Eig 6.033e-004 1.965e-005 1stv 0.006 1.000 tan 153.946
80 21-12 mu 2.1180e-002 2.5242e-001 Var 1.8417e-005 1.0107e-003 cor 0.032 cov 4.3998e-006 Eig 1.011e-003 1.840e-005 1stv 0.004 1.000 tan 225.539
85 21-12 mu 1.4958e-002 2.5116e-001 Var 1.4723e-005 1.8665e-003 cor 0.024 cov 3.9848e-006 Eig 1.866e-003 1.471e-005 1stv 0.002 1.000 tan 464.703
90 21-12 mu 9.9748e-003 2.2545e-001 Var 9.9022e-006 6.2704e-003 cor 0.008 cov 2.1039e-006 Eig 6.270e-003 9.902e-006 1stv 0.000 1.000 tan 2975.603
50 23-12 mu 8.3826e-004 1.6152e-001 Var 2.0408e-007 5.7189e-004 cor -0.002 cov -2.4793e-008 Eig 5.719e-004 2.041e-007 1stv 0.000 -1.000 tan -23058.613
55 23-12 mu 1.6732e-003 1.7727e-001 Var 5.7687e-007 3.4440e-004 cor -0.001 cov -2.0144e-008 Eig 3.444e-004 5.769e-007 1stv 0.000 -1.000 tan -17068.208
60 23-12 mu 3.2973e-003 1.9362e-001 Var 1.4941e-006 2.0700e-004 cor -0.001 cov -9.9233e-009 Eig 2.070e-004 1.494e-006 1stv 0.000 -1.000 tan -20709.251
65 23-12 mu 6.4192e-003 2.1030e-001 Var 3.4745e-006 1.9342e-004 cor 0.000 cov 8.4742e-009 Eig 1.934e-004 3.475e-006 1stv 0.000 1.000 tan 22414.600
70 23-12 mu 1.2334e-002 2.2680e-001 Var 7.1102e-006 3.2538e-004 cor 0.001 cov 4.6943e-008 Eig 3.254e-004 7.110e-006 1stv 0.000 1.000 tan 6780.053
75 23-12 mu 2.3308e-002 2.4188e-001 Var 1.3351e-005 6.0328e-004 cor 0.002 cov 1.4009e-007 Eig 6.033e-004 1.335e-005 1stv 0.000 1.000 tan 4211.096
80 23-12 mu 4.3003e-002 2.5242e-001 Var 3.1260e-005 1.0107e-003 cor 0.003 cov 4.9272e-007 Eig 1.011e-003 3.126e-005 1stv 0.001 1.000 tan 1987.843
85 23-12 mu 7.6432e-002 2.5116e-001 Var 1.2048e-004 1.8665e-003 cor 0.007 cov 3.3214e-006 Eig 1.866e-003 1.205e-004 1stv 0.002 1.000 tan 525.691
90 23-12 mu 1.2827e-001 2.2545e-001 Var 4.7797e-004 6.2704e-003 cor 0.012 cov 2.1499e-005 Eig 6.270e-003 4.779e-004 1stv 0.004 1.000 tan 269.428
50 21-13 mu 1.0490e-001 4.5415e-005 Var 2.5157e-004 1.5386e-008 cor 0.004 cov 7.7111e-009 Eig 2.516e-004 1.539e-008 1stv 1.000 0.000 tan 0.000
55 21-13 mu 8.3195e-002 1.2823e-004 Var 1.0129e-004 8.5501e-008 cor 0.005 cov 1.4966e-008 Eig 1.013e-004 8.550e-008 1stv 1.000 0.000 tan 0.000
60 21-13 mu 6.5146e-002 3.6029e-004 Var 3.9421e-005 4.3851e-007 cor 0.007 cov 3.0684e-008 Eig 3.942e-005 4.385e-007 1stv 1.000 0.001 tan 0.001
65 21-13 mu 5.0394e-002 1.0068e-003 Var 2.1104e-005 2.0201e-006 cor 0.010 cov 6.7244e-008 Eig 2.110e-005 2.020e-006 1stv 1.000 0.004 tan 0.004
70 21-13 mu 3.8474e-002 2.7931e-003 Var 1.8970e-005 8.1538e-006 cor 0.012 cov 1.5413e-007 Eig 1.897e-005 8.152e-006 1stv 1.000 0.014 tan 0.014
75 21-13 mu 2.8891e-002 7.6631e-003 Var 1.9672e-005 3.1322e-005 cor 0.014 cov 3.5471e-007 Eig 3.133e-005 1.966e-005 1stv 0.030 1.000 tan 32.875
80 21-13 mu 2.1180e-002 2.0573e-002 Var 1.8417e-005 1.8702e-004 cor 0.013 cov 7.9011e-007 Eig 1.870e-004 1.841e-005 1stv 0.005 1.000 tan 213.391
85 21-13 mu 1.4958e-002 5.2662e-002 Var 1.4723e-005 1.8833e-003 cor 0.010 cov 1.6617e-006 Eig 1.883e-003 1.472e-005 1stv 0.001 1.000 tan 1124.483
90 21-13 mu 9.9748e-003 1.2161e-001 Var 9.9022e-006 1.4006e-002 cor 0.008 cov 3.1231e-006 Eig 1.401e-002 9.902e-006 1stv 0.000 1.000 tan 4481.399
50 23-13 mu 8.3826e-004 4.5415e-005 Var 2.0408e-007 1.5386e-008 cor -0.023 cov -1.2699e-009 Eig 2.041e-007 1.538e-008 1stv 1.000 -0.007 tan -0.007
55 23-13 mu 1.6732e-003 1.2823e-004 Var 5.7687e-007 8.5501e-008 cor -0.023 cov -5.1198e-009 Eig 5.769e-007 8.545e-008 1stv 1.000 -0.010 tan -0.010
60 23-13 mu 3.2973e-003 3.6029e-004 Var 1.4941e-006 4.3851e-007 cor -0.024 cov -1.9077e-008 Eig 1.494e-006 4.382e-007 1stv 1.000 -0.018 tan -0.018
65 23-13 mu 6.4192e-003 1.0068e-003 Var 3.4745e-006 2.0201e-006 cor -0.024 cov -6.4109e-008 Eig 3.477e-006 2.017e-006 1stv 0.999 -0.044 tan -0.044
70 23-13 mu 1.2334e-002 2.7931e-003 Var 7.1102e-006 8.1538e-006 cor -0.025 cov -1.8745e-007 Eig 8.186e-006 7.078e-006 1stv 0.172 -0.985 tan -5.742
75 23-13 mu 2.3308e-002 7.6631e-003 Var 1.3351e-005 3.1322e-005 cor -0.023 cov -4.6765e-007 Eig 3.133e-005 1.334e-005 1stv 0.026 -1.000 tan -38.454
80 23-13 mu 4.3003e-002 2.0573e-002 Var 3.1260e-005 1.8702e-004 cor -0.016 cov -1.2410e-006 Eig 1.870e-004 3.125e-005 1stv 0.008 -1.000 tan -125.513
85 23-13 mu 7.6432e-002 5.2662e-002 Var 1.2048e-004 1.8833e-003 cor -0.013 cov -6.2330e-006 Eig 1.883e-003 1.205e-004 1stv 0.004 -1.000 tan -282.818
90 23-13 mu 1.2827e-001 1.2161e-001 Var 4.7797e-004 1.4006e-002 cor -0.014 cov -3.6129e-005 Eig 1.401e-002 4.779e-004 1stv 0.003 -1.000 tan -374.439
50 23-21 mu 8.3826e-004 1.0490e-001 Var 2.0408e-007 2.5157e-004 cor -0.057 cov -4.0986e-007 Eig 2.516e-004 2.034e-007 1stv 0.002 -1.000 tan -613.302
55 23-21 mu 1.6732e-003 8.3195e-002 Var 5.7687e-007 1.0129e-004 cor -0.040 cov -3.0623e-007 Eig 1.013e-004 5.759e-007 1stv 0.003 -1.000 tan -328.872
60 23-21 mu 3.2973e-003 6.5146e-002 Var 1.4941e-006 3.9421e-005 cor -0.034 cov -2.6413e-007 Eig 3.942e-005 1.492e-006 1stv 0.007 -1.000 tan -143.596
65 23-21 mu 6.4192e-003 5.0394e-002 Var 3.4745e-006 2.1104e-005 cor -0.042 cov -3.5963e-007 Eig 2.111e-005 3.467e-006 1stv 0.020 -1.000 tan -49.041
70 23-21 mu 1.2334e-002 3.8474e-002 Var 7.1102e-006 1.8970e-005 cor -0.053 cov -6.1213e-007 Eig 1.900e-005 7.079e-006 1stv 0.051 -0.999 tan -19.427
75 23-21 mu 2.3308e-002 2.8891e-002 Var 1.3351e-005 1.9672e-005 cor -0.060 cov -9.6836e-007 Eig 1.982e-005 1.321e-005 1stv 0.148 -0.989 tan -6.676
80 23-21 mu 4.3003e-002 2.1180e-002 Var 3.1260e-005 1.8417e-005 cor -0.067 cov -1.6133e-006 Eig 3.146e-005 1.822e-005 1stv 0.992 -0.123 tan -0.124
85 23-21 mu 7.6432e-002 1.4958e-002 Var 1.2048e-004 1.4723e-005 cor -0.097 cov -4.0916e-006 Eig 1.206e-004 1.456e-005 1stv 0.999 -0.039 tan -0.039
90 23-21 mu 1.2827e-001 9.9748e-003 Var 4.7797e-004 9.9022e-006 cor -0.174 cov -1.1964e-005 Eig 4.783e-004 9.597e-006 1stv 1.000 -0.026 tan -0.026
Prevalence combination of varying and fixed dummies 1
Warning Observed prevalence doesn't sum to 1 for state 2: probs[50][2][1]=0.000000 because of lack of cases.
Computing Health Expectancies: result on file 'E_ATFchr.txt' ...50|51|52|53|54|55|56|57|58|59|60|61|62|63|64|65|66|67|68|69|70|71|72|73|74|75|76|77|78|79|80|81|82|83|84|85|86|87|88|89|90|
done evsij
Computing Total Life expectancies with their standard errors: file 'T_ATFchr.txt' ...
  Computing State-specific Expectancies and standard errors: result on file 'STDE_ATFchr.txt' 
    Computing Covar. of State-specific Expectancies: result on file 'CVE_ATFchr.txt' 
      Computing Variance-covariance of State-specific Expectancies: file 'V_ATFchr.txt' ... 
# model  
#****** Result for:******
 cvevsij 50|51|52|53|54|55|56|57|58|59|60|61|62|63|64|65|66|67|68|69|70|71|72|73|74|75|76|77|78|79|80|81|82|83|84|85|86|87|88|89|90|
 end cvevsij 
 varevsij vpopbased=0 
Computing total mortality p.j=w1*p1j+w2*p2j+..: result on file 'PRMORPREV-1-STABLBASED_ATFchr.txt' 
Computing age specific forward period (stable) prevalences in each health state 
done selection
done State-specific expectancies
Computing Variance-covariance of forward period (stable) prevalence: file 'VPL_ATFchr.txt' ...
#****** ******
done variance-covariance of forward period prevalence
End of Imach with 0 errors and/or warnings 1. Please look at the log file for details.
Local time at start Tue Feb 04 22:21:36 2025

Local time at end   Tue Feb 04 22:21:39 2025

Total time used 0 day(s) 0 hour(s) 0 minute(s) 3 second(s)
Total time was 3 Sec.
