Log filename:BEFgali.log
Version 0.99r45 $Revision: 1.353 $ $Date: 2023/05/08 18:48:22 $
Enter the parameter file name: 
pathimach=C:\PROGRA~1\IMACH-~2.99R\bin\
pathtot=C:\Users\mmusz\Dropbox\gender_paradox\data\IMACHnew\BEFgali.txt
 path=C:\Users\mmusz\Dropbox\gender_paradox\data\IMACHnew\ 
 optionfile=BEFgali.txt
 optionfilext=txt
 optionfilefiname='BEFgali'
Compiled with: Microsoft Visual Studio for Windows (x64 and x86)  64-bit
The programm is not running under WOW64 (i.e probably on a 64bit Windows).
Local time (at start): Tue Feb 04 20:24:32 2025
title=gali datafile=dataBEFgali.txt lastobs=5000 firstpass=1 lastpass=2
ftol=1.000000e-018 stepm=6 ncovcol=0 nqv=0 ntv=0 nqtv=0 nlstate=2 ndeath=1 maxwav=2 mle=1 weight=1
model=1+age+
12 -3.688243 0.015534
13 -13.443989 0.124153
21 0.883344 -0.027633
23 -9.875900 0.100984
# Scales (for hessian or gradient estimation)
12 0.000000e+000 0.000000e+000
13 0.000000e+000 0.000000e+000
21 0.000000e+000 0.000000e+000
23 0.000000e+000 0.000000e+000
# Covariance matrix
121 0.00000e+000
122 0.00000e+000 0.00000e+000
131 0.00000e+000 0.00000e+000 0.00000e+000
132 0.00000e+000 0.00000e+000 0.00000e+000 0.00000e+000
211 0.00000e+000 0.00000e+000 0.00000e+000 0.00000e+000 0.00000e+000
212 0.00000e+000 0.00000e+000 0.00000e+000 0.00000e+000 0.00000e+000 0.00000e+000
231 0.00000e+000 0.00000e+000 0.00000e+000 0.00000e+000 0.00000e+000 0.00000e+000 0.00000e+000
232 0.00000e+000 0.00000e+000 0.00000e+000 0.00000e+000 0.00000e+000 0.00000e+000 0.00000e+000 0.00000e+000

Model=1+age+
Typevar: 0 for simple covariate (dummy, quantitative, fixed or varying), 1 for age product, 2 for  product, 3 for double product with age  
Fixed[k] 0=fixed (product or simple), 1 varying, 2 fixed with age product, 3 varying with age product 
Dummy[k] 0=dummy (0 1), 1 quantitative (single or product without age), 2 dummy with age product, 3 quant with age product
ncoveff=0, nqfveff=0, ntveff=0, nqtveff=0, cptcovn=0
ncovf=0, ncovv=0, ncova=0, nsd=0, nsq=0
Total number of individuals= 2466, Agemin = 51.08, Agemax= 93.25

Information, you have to check 0 informations which haven't been logged!
Delay (in months) between two waves Min=1 (for indiviudal 2037) Max=33 (931) Mean=24.184915

 Age 51 1.=2 loss[1]=0.0% 2.=1 loss[2]=0.0% 1.=2 prev[1]=80.9% 2.=1 prev[2]=19.1% 11=1 12=1 13=0 21=0 22=0
Age 52 1.=2 loss[1]=0.0% 2.=1 loss[2]=0.0% 1.=2 prev[1]=83.1% 2.=1 prev[2]=16.9% 11=2 12=0 21=0 22=0
Age 53 1.=3 loss[1]=0.0% 2.=0 loss[2]=0.0% 1.=3 prev[1]=93.5% 2.=0 prev[2]=6.5% 11=2 12=0 13=0 21=0 22=0
Age 54 1.=3 loss[1]=0.0% 2.=0 loss[2]=0.0% 1.=3 prev[1]=90.1% 2.=0 prev[2]=9.9% 11=2 12=0 21=0 22=0
Age 55 1.=4 loss[1]=0.0% 2.=0 loss[2]=0.0% 1.=4 prev[1]=95.0% 2.=0 prev[2]=5.0% 11=4 12=0 21=0 22=0
Age 56 1.=3 loss[1]=0.0% 2.=0 loss[2]=0.0% 1.=3 prev[1]=85.4% 2.=0 prev[2]=14.6% 11=3 12=0 21=0 22=0
Age 57 1.=3 loss[1]=0.0% 2.=1 loss[2]=0.0% 1.=3 prev[1]=77.8% 2.=1 prev[2]=22.2% 11=2 12=0 21=0 22=1
Age 58 1.=2 loss[1]=0.0% 2.=0 loss[2]=0.0% 1.=2 prev[1]=91.6% 2.=0 prev[2]=8.4% 11=2 12=0 22=0
Age 59 1.=1 loss[1]=0.0% 2.=0 loss[2]=0.0% 1.=1 prev[1]=84.5% 2.=0 prev[2]=15.5% 11=1 12=0 13=0 21=0 22=0 23=0
Age 60 1.=2 loss[1]=0.0% 2.=0 loss[2]=0.0% 1.=2 prev[1]=87.9% 2.=0 prev[2]=12.1% 11=2 12=0 21=0 22=0
Age 61 1.=2 loss[1]=0.0% 2.=0 loss[2]=0.0% 1.=2 prev[1]=85.6% 2.=0 prev[2]=14.4% 11=2 12=0 13=0 21=0 22=0 23=0
Age 62 1.=2 loss[1]=0.0% 2.=0 loss[2]=0.0% 1.=2 prev[1]=86.7% 2.=0 prev[2]=13.3% 11=2 12=0 13=0 21=0 22=0
Age 63 1.=2 loss[1]=0.0% 2.=0 loss[2]=0.0% 1.=2 prev[1]=79.5% 2.=0 prev[2]=20.5% 11=2 12=0 21=0 22=0
Age 64 1.=2 loss[1]=0.0% 2.=0 loss[2]=0.0% 1.=2 prev[1]=79.4% 2.=0 prev[2]=20.6% 11=2 12=0 21=0 22=0 23=0
Age 65 1.=2 loss[1]=0.0% 2.=0 loss[2]=0.0% 1.=2 prev[1]=88.4% 2.=0 prev[2]=11.6% 11=2 12=0 21=0 22=0
Age 66 1.=2 loss[1]=0.0% 2.=0 loss[2]=0.0% 1.=2 prev[1]=82.1% 2.=0 prev[2]=17.9% 11=2 12=0 21=0 22=0 23=0
Age 67 1.=3 loss[1]=0.0% 2.=0 loss[2]=0.0% 1.=3 prev[1]=92.8% 2.=0 prev[2]=7.2% 11=2 12=0 21=0 22=0
Age 68 1.=3 loss[1]=0.0% 2.=0 loss[2]=0.0% 1.=3 prev[1]=89.0% 2.=0 prev[2]=11.0% 11=2 12=0 21=0 22=0
Age 69 1.=2 loss[1]=0.0% 2.=0 loss[2]=0.0% 1.=2 prev[1]=87.1% 2.=0 prev[2]=12.9% 11=1 12=0 21=0 22=0 23=0
Age 70 1.=2 loss[1]=0.0% 2.=0 loss[2]=0.0% 1.=2 prev[1]=87.6% 2.=0 prev[2]=12.4% 11=2 12=0 21=0 22=0 23=0
Age 71 1.=2 loss[1]=0.0% 2.=0 loss[2]=0.0% 1.=2 prev[1]=85.1% 2.=0 prev[2]=14.9% 11=2 12=0 13=0 21=0 22=0 23=0
Age 72 1.=2 loss[1]=0.0% 2.=0 loss[2]=0.0% 1.=2 prev[1]=92.7% 2.=0 prev[2]=7.3% 11=2 12=0 13=0 21=0 22=0 23=0
Age 73 1.=2 loss[1]=0.0% 2.=0 loss[2]=0.0% 1.=2 prev[1]=81.3% 2.=0 prev[2]=18.7% 11=1 12=0 13=0 21=0 22=0 23=0
Age 74 1.=1 loss[1]=0.0% 2.=0 loss[2]=0.0% 1.=1 prev[1]=79.9% 2.=0 prev[2]=20.1% 11=1 12=0 21=0 22=0 23=0
Age 75 1.=1 loss[1]=0.0% 2.=1 loss[2]=0.0% 1.=1 prev[1]=67.1% 2.=1 prev[2]=32.9% 11=1 12=0 13=0 21=0 22=0 23=0
Age 76 1.=1 loss[1]=0.0% 2.=0 loss[2]=0.0% 1.=1 prev[1]=72.8% 2.=0 prev[2]=27.2% 11=1 12=0 13=0 21=0 22=0 23=0
Age 77 1.=1 loss[1]=0.0% 2.=0 loss[2]=0.0% 1.=1 prev[1]=80.8% 2.=0 prev[2]=19.2% 11=1 12=0 13=0 21=0 22=0
Age 78 1.=1 loss[1]=0.0% 2.=0 loss[2]=0.0% 1.=1 prev[1]=75.0% 2.=0 prev[2]=25.0% 11=1 12=0 13=0 21=0 22=0 23=0
Age 79 1.=1 loss[1]=0.0% 2.=0 loss[2]=0.0% 1.=1 prev[1]=73.2% 2.=0 prev[2]=26.8% 11=1 12=0 13=0 21=0 22=0 23=0
Age 80 1.=1 loss[1]=0.0% 2.=0 loss[2]=0.0% 1.=1 prev[1]=89.4% 2.=0 prev[2]=10.6% 11=1 12=0 21=0 22=0
Age 81 1.=1 loss[1]=0.0% 2.=1 loss[2]=0.0% 1.=1 prev[1]=71.5% 2.=1 prev[2]=28.5% 11=1 12=0 13=0 21=0 22=0 23=0
Age 82 1.=1 loss[1]=0.0% 2.=0 loss[2]=0.0% 1.=1 prev[1]=72.0% 2.=0 prev[2]=28.0% 11=1 12=0 13=0 21=0 22=0 23=0
Age 83 1.=1 loss[1]=0.0% 2.=0 loss[2]=0.0% 1.=1 prev[1]=73.4% 2.=0 prev[2]=26.6% 11=1 12=0 13=0 21=0 22=0 23=0
Age 84 1.=1 loss[1]=0.0% 2.=1 loss[2]=0.0% 1.=1 prev[1]=62.3% 2.=1 prev[2]=37.7% 11=1 12=0 13=0 21=0 22=0 23=0
Age 85 1.=1 loss[1]=0.0% 2.=0 loss[2]=0.0% 1.=1 prev[1]=69.8% 2.=0 prev[2]=30.2% 11=1 12=0 13=0 21=0 22=0 23=0
Age 86 1.=0 loss[1]=0.0% 2.=1 loss[2]=0.0% 1.=0 prev[1]=47.0% 2.=1 prev[2]=53.0% 11=0 12=0 13=0 21=0 22=0 23=0
Age 87 1.=1 loss[1]=0.0% 2.=0 loss[2]=0.0% 1.=1 prev[1]=61.2% 2.=0 prev[2]=38.8% 11=0 12=0 13=0 21=0 22=0 23=0
Age 88 1.=1 loss[1]=0.0% 2.=0 loss[2]=0.0% 1.=1 prev[1]=58.5% 2.=0 prev[2]=41.5% 11=0 12=0 13=0 21=0 22=0 23=0
Age 89 1.=0 loss[1]=0.0% 2.=0 loss[2]=0.0% 1.=0 prev[1]=68.4% 2.=0 prev[2]=31.6% 11=0 13=0 21=0 22=0 23=0
Age 90 1.=0 loss[1]=0.0% 2.=0 loss[2]=0.0% 1.=0 prev[1]=39.5% 2.=0 prev[2]=60.5% 11=0 12=0 13=0 21=0 22=0 23=0
Age 91 1.=0 loss[1]=NaNQ% 2.=0 loss[2]=NaNQ% 1.=0 prev[1]=NaNQ% 2.=0 prev[2]=NaNQ%
Age 92 1.=0 loss[1]=NaNQ% 2.=0 loss[2]=NaNQ% 1.=0 prev[1]=NaNQ% 2.=0 prev[2]=NaNQ%
Age 93 1.=0 loss[1]=NaNQ% 2.=0 loss[2]=NaNQ% 1.=0 prev[1]=NaNQ% 2.=0 prev[2]=NaNQ%
1 1.=0 loss[1]=NaNQ% 2.=0 loss[2]=NaNQ% 1.=0 prev[1]=NaNQ% 2.=0 prev[2]=NaNQ%
0 1.=0 loss[1]=NaNQ% 2.=0 loss[2]=NaNQ% 1.=0 prev[1]=NaNQ% 2.=0 prev[2]=NaNQ%
Total 1.=68 loss[1]=0.0% 2.=15 loss[2]=0.0% 1.=68 prev[1]=81.9% 2.=15 prev[2]=18.1% 11=59 12=7 13=2 21=6 22=7 23=2


12   -3.6882429 ln(7/59)=   -2.1065186 
13  -13.4439889 ln(2/59)=   -3.4170320 
21    0.8833445 ln(6/7)=   -0.2016581 
23   -9.8759000 ln(2/7)=   -1.0681087 

 -1-1=0 -10=0 -11=0 -12=0 -13=0 0-1=0 00=0 01=0 02=0 03=0 1-1=0 10=0 11=59 12=7 13=2 2-1=0 20=0 21=6 22=7 23=2 3-1=0 30=0 31=0 32=0 33=0
Powell

Powell iter=1 Big Iter=1 -2*LL=3154.854827121929 gain=0 0 sec. 0 sec.
#model=  1      +     age 
12   -3.6882429    0.0155340 
13  -13.4439889    0.1241531 
21    0.8833445   -0.0276333 
23   -9.8759000    0.1009835 
1.........2...............3..........4...................5........6................7.........8.................
Powell iter=2 Big Iter=2 -2*LL=2988.053333676167 gain=167 0 sec. 0 sec.
#model=  1      +     age 
12   -4.0266992    0.0154474 
13  -14.7222094    0.1242901 
21    0.3003633   -0.0274688 
23  -10.5655055    0.1009017 

Considering the time needed for this last iteration #2: 0 seconds,
   - if your program needs 1 BIG iterations  (2 iterations) to converge, convergence will be 
   reached in 0 day(s) 0 hour(s) 0 minute(s) 0 second(s) i.e.
   on Tue Feb 04 20:24:32 2025 (current time is Tue Feb 04 20:24:32 2025);
   - if your program needs 11 BIG iterations  (22 iterations) to converge, convergence will be 
   reached in 0 day(s) 0 hour(s) 0 minute(s) 0 second(s) i.e.
   on Tue Feb 04 20:24:32 2025 (current time is Tue Feb 04 20:24:32 2025);
   - if your program needs 21 BIG iterations  (42 iterations) to converge, convergence will be 
   reached in 0 day(s) 0 hour(s) 0 minute(s) 0 second(s) i.e.
   on Tue Feb 04 20:24:32 2025 (current time is Tue Feb 04 20:24:32 2025);
   - if your program needs 31 BIG iterations  (62 iterations) to converge, convergence will be 
   reached in 0 day(s) 0 hour(s) 0 minute(s) 0 second(s) i.e.
   on Tue Feb 04 20:24:32 2025 (current time is Tue Feb 04 20:24:32 2025);
1.........2..............3.........4..................5.........6..............7..........8..................
Powell iter=3 Big Iter=2 -2*LL=2972.884730051526 gain=15.2 0 sec. 0 sec.
#model=  1      +     age 
12   -4.2229774    0.0154688 
13  -14.3799148    0.1243306 
21    0.1430464   -0.0274145 
23  -10.6594277    0.1008558 

Considering the time needed for this last iteration #3: 0 seconds,
   - if your program needs 1 BIG iterations  (2 iterations) to converge, convergence will be 
   reached in 0 day(s) 0 hour(s) 0 minute(s) 0 second(s) i.e.
   on Tue Feb 04 20:24:32 2025 (current time is Tue Feb 04 20:24:32 2025);
   - if your program needs 11 BIG iterations  (22 iterations) to converge, convergence will be 
   reached in 0 day(s) 0 hour(s) 0 minute(s) 0 second(s) i.e.
   on Tue Feb 04 20:24:32 2025 (current time is Tue Feb 04 20:24:32 2025);
   - if your program needs 21 BIG iterations  (42 iterations) to converge, convergence will be 
   reached in 0 day(s) 0 hour(s) 0 minute(s) 0 second(s) i.e.
   on Tue Feb 04 20:24:32 2025 (current time is Tue Feb 04 20:24:32 2025);
   - if your program needs 31 BIG iterations  (62 iterations) to converge, convergence will be 
   reached in 0 day(s) 0 hour(s) 0 minute(s) 0 second(s) i.e.
   on Tue Feb 04 20:24:32 2025 (current time is Tue Feb 04 20:24:32 2025);
1.........2.............3..........4....................5.........6..............7.........8..........................Gaining to use new average direction of P0 P8 instead of biggest increase direction 1 :

Powell iter=4 Big Iter=3 -2*LL=2971.677700525297 gain=1.21 1 sec. 1 sec.
#model=  1      +     age 
12   -4.3036857    0.0154544 
13  -14.3421961    0.1243679 
21    0.1022157   -0.0273522 
23  -10.6751525    0.1008094 
1.....................2............3..........4....................5.........6..............7.........8........directest= 0.025267662064 (if directest<0 or t<0 we include P0 Pn as new direction), t= -0.000000182714, f1= 2971.677700525297,f2= 2971.673018413916,f3= 2971.697149274564, del= 0.001772654983
f1-2f2+f3= 0.028812972030, f1-f2-del= 0.002909456398, f1-f3= -0.019448749268

Powell iter=5 Big Iter=3 -2*LL=2971.673018413916 gain=0.00468 0 sec. 1 sec.
#model=  1      +     age 
12   -4.3034893    0.0154508 
13  -14.3456097    0.1243979 
21    0.0988508   -0.0273012 
23  -10.6717882    0.1008098 
1..................2..................3..........4....................5.........6..............7.........8................Gaining to use new average direction of P0 P8 instead of biggest increase direction 5 :

Powell iter=6 Big Iter=4 -2*LL=2971.543098521899 gain=0.13 0 sec. 1 sec.
#model=  1      +     age 
12   -4.2989190    0.0153822 
13  -14.4672631    0.1259378 
21   -0.0797926   -0.0247689 
23  -10.5111323    0.0988785 
1..................2............3..........4...................5........6..............7.........8...............directest= 0.124401227318 (if directest<0 or t<0 we include P0 Pn as new direction), t= -0.000004485275, f1= 2971.543098521899,f2= 2971.541924952332,f3= 2971.665773451493, del= 0.000310420705
f1-2f2+f3= 0.125022068729, f1-f2-del= 0.000863148862, f1-f3= -0.122674929594

Powell iter=7 Big Iter=4 -2*LL=2971.541924952332 gain=0.00117 0 sec. 1 sec.
#model=  1      +     age 
12   -4.2981528    0.0153709 
13  -14.4697724    0.1259769 
21   -0.0794913   -0.0247746 
23  -10.5092055    0.0988514 
1..................2............3..........4...................5........6.............7.........8..............................Gaining to use new average direction of P0 P8 instead of biggest increase direction 4 :

Powell iter=8 Big Iter=5 -2*LL=2971.414440925023 gain=0.127 1 sec. 2 sec.
#model=  1      +     age 
12   -4.1264804    0.0129057 
13  -15.1173695    0.1341167 
21   -0.0096202   -0.0257541 
23  -10.0844319    0.0936422 
1..................2...........3..........4...................5.......6..............7.........8........directest= 0.113683649539 (if directest<0 or t<0 we include P0 Pn as new direction), t= -0.000033738833, f1= 2971.414440925023,f2= 2971.410554394311,f3= 2971.525839215929, del= 0.002743851396
f1-2f2+f3= 0.119171352330, f1-f2-del= 0.001142679317, f1-f3= -0.111398290906

Powell iter=9 Big Iter=5 -2*LL=2971.410554394311 gain=0.00389 0 sec. 2 sec.
#model=  1      +     age 
12   -4.1227020    0.0128416 
13  -15.1465232    0.1343695 
21   -0.0113761   -0.0257217 
23  -10.0672321    0.0934461 
1..................2............3..........4.............5.......6..............7.........8.................Gaining to use new average direction of P0 P8 instead of biggest increase direction 2 :

Powell iter=10 Big Iter=6 -2*LL=2971.378634123888 gain=0.0319 0 sec. 2 sec.
#model=  1      +     age 
12   -4.1339609    0.0130015 
13  -15.3986919    0.1371143 
21   -0.0033477   -0.0258007 
23   -9.8843942    0.0912824 
1..................2.......3..........4........................5........6..............7.........8........
Powell iter=11 Big Iter=6 -2*LL=2971.351465462867 gain=0.0272 0 sec. 2 sec.
#model=  1      +     age 
12   -4.1356234    0.0130387 
13  -15.5299079    0.1388118 
21    0.0027947   -0.0258933 
23   -9.7777138    0.0899739 
1...........................2.......3..........4........................5........6..............7.........8............Gaining to use new average direction of P0 P8 instead of biggest increase direction 3 :

Powell iter=12 Big Iter=7 -2*LL=2971.328549936613 gain=0.0229 1 sec. 3 sec.
#model=  1      +     age 
12   -4.1771419    0.0136677 
13  -15.6405908    0.1403137 
21   -0.0006720   -0.0258556 
23   -9.6648996    0.0885862 
1..................2........3................4..............5.............6......................7..........8............directest= 0.010111240682 (if directest<0 or t<0 we include P0 Pn as new direction), t= -0.000000008823, f1= 2971.328549936613,f2= 2971.328380123069,f3= 2971.338502331586, del= 0.000090390689
f1-2f2+f3= 0.010292022060, f1-f2-del= 0.000079422854, f1-f3= -0.009952394973

Powell iter=13 Big Iter=7 -2*LL=2971.328380123069 gain=0.00017 0 sec. 3 sec.
#model=  1      +     age 
12   -4.1788562    0.0136922 
13  -15.6341900    0.1402340 
21   -0.0012400   -0.0258467 
23   -9.6702816    0.0886501 
1..................2........................3..............4..........................5..............6..................7.........8.................Gaining to use new average direction of P0 P8 instead of biggest increase direction 1 :

Powell iter=14 Big Iter=8 -2*LL=2971.306978352374 gain=0.0214 0 sec. 3 sec.
#model=  1      +     age 
12   -4.1707211    0.0135726 
13  -15.9588923    0.1443092 
21   -0.0180127   -0.0256127 
23   -9.6828390    0.0888144 
1....................2........3.......4....................5........6................7.........8.......directest= 0.015285259485 (if directest<0 or t<0 we include P0 Pn as new direction), t= -0.000000454437, f1= 2971.306978352374,f2= 2971.302052571048,f3= 2971.319429704258, del= 0.003508827525
f1-2f2+f3= 0.022302914536, f1-f2-del= 0.001416953801, f1-f3= -0.012451351884

Powell iter=15 Big Iter=8 -2*LL=2971.302052571048 gain=0.00493 1 sec. 4 sec.
#model=  1      +     age 
12   -4.1658477    0.0135198 
13  -16.1414376    0.1464442 
21   -0.0170989   -0.0256142 
23   -9.6049713    0.0878892 
1.....................2........3........4........5.......6..............7..........8................Gaining to use new average direction of P0 P8 instead of biggest increase direction 3 :

Powell iter=16 Big Iter=9 -2*LL=2971.300921155144 gain=0.00113 0 sec. 4 sec.
#model=  1      +     age 
12   -4.1520702    0.0133324 
13  -16.3151610    0.1485228 
21   -0.0132661   -0.0256614 
23   -9.5264744    0.0869434 
1........2.........3..............4.................5............6................7.................8...........directest= 0.000228180523 (if directest<0 or t<0 we include P0 Pn as new direction), t= -0.000000000000, f1= 2971.300921155144,f2= 2971.300917071141,f3= 2971.301145939843, del= 0.000002386092
f1-2f2+f3= 0.000232952706, f1-f2-del= 0.000001697912, f1-f3= -0.000224784699

Powell iter=17 Big Iter=9 -2*LL=2971.300917071141 gain=4.08e-006 0 sec. 4 sec.
#model=  1      +     age 
12   -4.1527459    0.0133425 
13  -16.3185146    0.1485643 
21   -0.0134858   -0.0256581 
23   -9.5253771    0.0869300 
1.............2..............3......................4...............5.............6..................7....................8...............................Gaining to use new average direction of P0 P8 instead of biggest increase direction 2 :

Powell iter=18 Big Iter=10 -2*LL=2971.300917016760 gain=5.44e-008 0 sec. 4 sec.
#model=  1      +     age 
12   -4.1528091    0.0133434 
13  -16.3187534    0.1485669 
21   -0.0135239   -0.0256577 
23   -9.5254057    0.0869304 
1..................2...................3.................4......................5.................6.........................7....................8................directest= 0.000000004496 (if directest<0 or t<0 we include P0 Pn as new direction), t= -0.000000000000, f1= 2971.300917016760,f2= 2971.300917015733,f3= 2971.300917020307, del= 0.000000000552
f1-2f2+f3= 0.000000005600, f1-f2-del= 0.000000000475, f1-f3= -0.000000003547

Powell iter=19 Big Iter=10 -2*LL=2971.300917015733 gain=1.03e-009 1 sec. 5 sec.
#model=  1      +     age 
12   -4.1528087    0.0133434 
13  -16.3186990    0.1485662 
21   -0.0135202   -0.0256577 
23   -9.5254156    0.0869305 
1..........................2................3...........................4.........................5........................6.................7..................8.....................
Powell iter=20 Big Iter=11 -2*LL=2971.300917015688 gain=4.55e-011 0 sec. 5 sec.
#model=  1      +     age 
12   -4.1528100    0.0133434 
13  -16.3186894    0.1485661 
21   -0.0135208   -0.0256577 
23   -9.5254215    0.0869306 
1..........2........................3............................4.........................5...........................6................7....................8............................................
Powell iter=21 Big Iter=11 -2*LL=2971.300917015683 gain=4.55e-012 1 sec. 6 sec.
#model=  1      +     age 
12   -4.1528102    0.0133434 
13  -16.3186885    0.1485661 
21   -0.0135208   -0.0256577 
23   -9.5254217    0.0869306 
1............................2................................3............................4..........................5............................6................7.......................8...........................................directest= 0.000000000007 (if directest<0 or t<0 we include P0 Pn as new direction), t= -0.000000000000, f1= 2971.300917015683,f2= 2971.300917015683,f3= 2971.300917015691, del= 0.000000000000
f1-2f2+f3= 0.000000000008, f1-f2-del= 0.000000000000, f1-f3= -0.000000000007

Powell iter=22 Big Iter=12 -2*LL=2971.300917015683 gain=4.55e-013 0 sec. 6 sec.
#model=  1      +     age 
12   -4.1528102    0.0133434 
13  -16.3186885    0.1485661 
21   -0.0135208   -0.0256577 
23   -9.5254217    0.0869306 
1.............................2.................................3................................4........................5........................6................7.......................8.........................................
#Number of iterations & function calls = 22 & 3406, -2 Log likelihood = 2971.300917015683
# Parameters nlstate*nlstate*ncov a12*1 + b12 * age + ...
#model=  1      +     age 
12   -4.1528102    0.0133434 
13  -16.3186885    0.1485661 
21   -0.0135208   -0.0256577 
23   -9.5254217    0.0869306 

Calculation of the hessian matrix. Wait...
1-2-3-4-5-6-7-8-.1-2.1-3.1-4.1-5.1-6.1-7.1-8.2-3.2-4.2-5.2-6.2-7.2-8.3-4.3-5.3-6.3-7.3-8.4-5.4-6.4-7.4-8.5-6.5-7.5-8.6-7.6-8.7-8

Inverting the hessian to get the covariance matrix. Wait...

#Hessian matrix#
2.033749e+002 1.392072e+004 9.129337e+000 7.097303e+002 -5.368695e+001 -3.615702e+003 -7.433785e+000 -5.856681e+002 
1.392072e+004 9.735961e+005 7.018264e+002 5.595618e+004 -3.607052e+003 -2.483108e+005 -5.848183e+002 -4.724844e+004 
9.129337e+000 7.018264e+002 2.867985e+001 2.356019e+003 -5.414128e+000 -4.350930e+002 1.195666e+001 9.428958e+002 
7.097303e+002 5.595618e+004 2.356019e+003 1.944585e+005 -4.382900e+002 -3.577422e+004 9.423439e+002 7.587021e+004 
-5.368695e+001 -3.607052e+003 -5.414128e+000 -4.382900e+002 1.397635e+002 9.619955e+003 -5.401801e+000 -4.203487e+002 
-3.615702e+003 -2.483108e+005 -4.350930e+002 -3.577422e+004 9.619955e+003 6.804794e+005 -4.186149e+002 -3.306375e+004 
-7.433785e+000 -5.848183e+002 1.195666e+001 9.423439e+002 -5.401801e+000 -4.186149e+002 6.607242e+001 5.361397e+003 
-5.856681e+002 -4.724844e+004 9.428958e+002 7.587021e+004 -4.203487e+002 -3.306375e+004 5.361397e+003 4.396877e+005 
Parameters, Wald tests and Wald-based confidence intervals
 W is simply the result of the division of the parameter by the square root of covariance of the parameter.
 And Wald-based confidence intervals plus and minus 1.96 * W 
  It might be better to visualize the covariance matrix. See the page 'Matrix of variance-covariance of one-step probabilities' and its graphs.
12   -4.1528102(   0.6172892) W=  -6.727 CI=[  -5.3626970 ;   -2.9429234]    0.0133434(   0.0087517) W=   1.525 CI=[  -0.0038099 ;    0.0304967] 
13  -16.3186885(   6.0057282) W=  -2.717 CI=[ -28.0899158 ;   -4.5474612]    0.1485661(   0.0725923) W=   2.047 CI=[   0.0062852 ;    0.2908469] 
21   -0.0135208(   0.5433124) W=  -0.025 CI=[  -1.0784132 ;    1.0513716]   -0.0256577(   0.0077507) W=  -3.310 CI=[  -0.0408491 ;   -0.0104663] 
23   -9.5254217(   2.5598251) W=  -3.721 CI=[ -14.5426789 ;   -4.5081645]    0.0869306(   0.0309648) W=   2.807 CI=[   0.0262395 ;    0.1476217] 
# Scales (for hessian or gradient estimation)
12 1.00000e-004 1.00000e-005
13 1.00000e-003 2.00000e-005
21 1.00000e-004 1.00000e-005
23 1.00000e-003 1.00000e-005
# Covariance matrix 
# 121 Var(a12)
# 122 Cov(b12,a12) Var(b12)
#   ...
# 232 Cov(b23,a12)  Cov(b23,b12) ... Var (b23)
#121 Var(a12)
#122 Cov(b12,a12) Var(b12)
#131 Cov(a13,a12) Cov(a13,b12) Var(a13)
#132 Cov(b13,a12) Cov(b13,b12) Cov(b13,a13) Var(b13)
#211 Cov(a21,a12) Cov(a21,b12) Cov(a21,a13) Cov(a21,b13) Var(a21)
#212 Cov(b21,a12) Cov(b21,b12) Cov(b21,a13) Cov(b21,b13) Cov(b21,a21) Var(b21)
#231 Cov(a23,a12) Cov(a23,b12) Cov(a23,a13) Cov(a23,b13) Cov(a23,a21) Cov(a23,b21) Var(a23)
#232 Cov(b23,a12) Cov(b23,b12) Cov(b23,a13) Cov(b23,b13) Cov(b23,a21) Cov(b23,b21) Cov(b23,a23) Var(b23)
121 3.8104594e-001
122 -5.35965e-003 7.6592175e-005
131 -2.08349e+000 2.83568e-002 3.6068771e+001
132 2.52917e-002 -3.44665e-004 -4.35731e-001 5.2696364e-003
211 8.99107e-002 -1.24424e-003 -1.31104e-001 1.52113e-003 2.9518841e-001
212 -1.18382e-003 1.68005e-005 8.82868e-004 -9.64775e-006 -4.15229e-003 6.0073469e-005
231 8.50444e-001 -1.15841e-002 -1.35552e+001 1.63635e-001 9.59416e-002 -9.44324e-004 6.5527045e+000
232 -1.03377e-002 1.41081e-004 1.63340e-001 -1.97282e-003 -1.19519e-003 1.20625e-005 -7.91600e-002 9.5882076e-004
# agemin agemax for life expectancy, bage fage (if mle==0 ie no data nor Max likelihood).
# Observed prevalence period
begin-prev-date=1/1/2016 end-prev-date=1/9/2018 mov_average=0
# Health expectancies computed from stable (period) prevalence (pop_based=0) or population based (1)
pop_based=0
# Prevalence forecasting and backcasting is skept here
##prevforecast=0  starting-proj-date=1/1/1989 final-proj-date=1/1/1990 mobil_average=0
#prevforecast=1 yearsfproj=10 mobil_average=0
#prevbackcast=1 yearsbproj=10 mobil_average=1
result:  .
End of resultlines.

Computing forward period (stable) prevalence: result on file 'PL_BEFgali.txt' 
#************
Computing pij: result on file 'PIJ_BEFgali.txt' 
Computing standard deviation of one-step probabilities: result on file 'PROB_rBEFgali.txt' 
Computing matrix of variance covariance of one-step probabilities: result on file 'PROBCOV_BEFgali.txt' 
and correlation matrix of one-step probabilities: result on file 'PROBCOR_BEFgali.txt' 
50 13-12 mu 2.6719e-004 5.9439e-002 Var 4.0578e-007 1.2185e-004 cor -0.580 cov -4.0768e-006 Eig 1.220e-004 2.691e-007 1stv 0.034 -0.999 tan -29.822
55 13-12 mu 5.6037e-004 6.3401e-002 Var 1.2837e-006 8.7728e-005 cor -0.575 cov -6.0996e-006 Eig 8.816e-005 8.554e-007 1stv 0.070 -0.998 tan -14.242
60 13-12 mu 1.1749e-003 6.7606e-002 Var 3.8039e-006 5.8662e-005 cor -0.552 cov -8.2463e-006 Eig 5.987e-005 2.591e-006 1stv 0.146 -0.989 tan -6.800
65 13-12 mu 2.4622e-003 7.2056e-002 Var 1.0231e-005 3.8741e-005 cor -0.472 cov -9.3933e-006 Eig 4.156e-005 7.414e-006 1stv 0.287 -0.958 tan -3.335
70 13-12 mu 5.1553e-003 7.6732e-002 Var 2.3505e-005 3.3176e-005 cor -0.266 cov -7.4247e-006 Eig 3.720e-005 1.948e-005 1stv 0.477 -0.879 tan -1.845
75 13-12 mu 1.0777e-002 8.1579e-002 Var 4.0297e-005 4.8520e-005 cor -0.017 cov -7.4807e-007 Eig 4.859e-005 4.023e-005 1stv 0.090 -0.996 tan -11.084
80 13-12 mu 2.2455e-002 8.6450e-002 Var 3.8110e-005 9.3335e-005 cor 0.032 cov 1.8808e-006 Eig 9.340e-005 3.805e-005 1stv 0.034 0.999 tan 29.397
85 13-12 mu 4.6484e-002 9.1018e-002 Var 1.4216e-004 1.8102e-004 cor -0.401 cov -6.4384e-005 Eig 2.288e-004 9.434e-005 1stv 0.596 -0.803 tan -1.346
90 13-12 mu 9.4972e-002 9.4578e-002 Var 2.6680e-003 3.4246e-004 cor -0.553 cov -5.2874e-004 Eig 2.783e-003 2.279e-004 1stv 0.977 -0.212 tan -0.217
50 21-12 mu 4.2765e-001 5.9439e-002 Var 3.3867e-003 1.2185e-004 cor 0.299 cov 1.9220e-004 Eig 3.398e-003 1.106e-004 1stv 0.998 0.059 tan 0.059
55 21-12 mu 3.8515e-001 6.3401e-002 Var 1.9303e-003 8.7728e-005 cor 0.305 cov 1.2555e-004 Eig 1.939e-003 7.921e-005 1stv 0.998 0.068 tan 0.068
60 21-12 mu 3.4548e-001 6.7606e-002 Var 1.0599e-003 5.8662e-005 cor 0.310 cov 7.7346e-005 Eig 1.066e-003 5.272e-005 1stv 0.997 0.077 tan 0.077
65 21-12 mu 3.0846e-001 7.2056e-002 Var 6.1335e-004 3.8741e-005 cor 0.310 cov 4.7716e-005 Eig 6.173e-004 3.481e-005 1stv 0.997 0.082 tan 0.082
70 21-12 mu 2.7384e-001 7.6732e-002 Var 4.5036e-004 3.3176e-005 cor 0.292 cov 3.5648e-005 Eig 4.534e-004 3.015e-005 1stv 0.996 0.085 tan 0.085
75 21-12 mu 2.4133e-001 8.1579e-002 Var 4.5502e-004 4.8520e-005 cor 0.258 cov 3.8333e-005 Eig 4.586e-004 4.494e-005 1stv 0.996 0.093 tan 0.093
80 21-12 mu 2.1057e-001 8.6450e-002 Var 5.3704e-004 9.3335e-005 cor 0.223 cov 4.9913e-005 Eig 5.426e-004 8.779e-005 1stv 0.994 0.110 tan 0.111
85 21-12 mu 1.8125e-001 9.1018e-002 Var 6.3367e-004 1.8102e-004 cor 0.174 cov 5.8793e-005 Eig 6.412e-004 1.735e-004 1stv 0.992 0.127 tan 0.128
90 21-12 mu 1.5309e-001 9.4578e-002 Var 7.1367e-004 3.4246e-004 cor 0.082 cov 4.0356e-005 Eig 7.180e-004 3.381e-004 1stv 0.994 0.107 tan 0.107
50 23-12 mu 8.8094e-003 5.9439e-002 Var 7.8995e-005 1.2185e-004 cor 0.542 cov 5.3159e-005 Eig 1.577e-004 4.311e-005 1stv 0.560 0.829 tan 1.481
55 23-12 mu 1.3931e-002 6.3401e-002 Var 1.4172e-004 8.7728e-005 cor 0.537 cov 5.9929e-005 Eig 1.805e-004 4.900e-005 1stv 0.840 0.543 tan 0.646
60 23-12 mu 2.1940e-002 6.7606e-002 Var 2.3630e-004 5.8662e-005 cor 0.516 cov 6.0717e-005 Eig 2.551e-004 3.989e-005 1stv 0.955 0.295 tan 0.309
65 23-12 mu 3.4395e-002 7.2056e-002 Var 3.5503e-004 3.8741e-005 cor 0.439 cov 5.1478e-005 Eig 3.632e-004 3.057e-005 1stv 0.988 0.157 tan 0.159
70 23-12 mu 5.3615e-002 7.6732e-002 Var 4.5522e-004 3.3176e-005 cor 0.244 cov 2.9984e-005 Eig 4.573e-004 3.106e-005 1stv 0.998 0.071 tan 0.071
75 23-12 mu 8.2961e-002 8.1579e-002 Var 4.5149e-004 4.8520e-005 cor 0.014 cov 2.0068e-006 Eig 4.515e-004 4.851e-005 1stv 1.000 0.005 tan 0.005
80 23-12 mu 1.2710e-001 8.6450e-002 Var 3.3023e-004 9.3335e-005 cor -0.026 cov -4.5908e-006 Eig 3.303e-004 9.325e-005 1stv 1.000 -0.019 tan -0.019
85 23-12 mu 1.9209e-001 9.1018e-002 Var 6.9277e-004 1.8102e-004 cor 0.269 cov 9.5161e-005 Eig 7.099e-004 1.639e-004 1stv 0.984 0.177 tan 0.180
90 23-12 mu 2.8488e-001 9.4578e-002 Var 4.2039e-003 3.4246e-004 cor 0.458 cov 5.4931e-004 Eig 4.281e-003 2.658e-004 1stv 0.990 0.138 tan 0.139
50 21-13 mu 4.2765e-001 2.6719e-004 Var 3.3867e-003 4.0578e-007 cor -0.057 cov -2.0961e-006 Eig 3.387e-003 4.045e-007 1stv 1.000 -0.001 tan -0.001
55 21-13 mu 3.8515e-001 5.6037e-004 Var 1.9303e-003 1.2837e-006 cor -0.052 cov -2.6127e-006 Eig 1.930e-003 1.280e-006 1stv 1.000 -0.001 tan -0.001
60 21-13 mu 3.4548e-001 1.1749e-003 Var 1.0599e-003 3.8039e-006 cor -0.042 cov -2.6711e-006 Eig 1.060e-003 3.797e-006 1stv 1.000 -0.003 tan -0.003
65 21-13 mu 3.0846e-001 2.4622e-003 Var 6.1335e-004 1.0231e-005 cor -0.022 cov -1.7627e-006 Eig 6.134e-004 1.023e-005 1stv 1.000 -0.003 tan -0.003
70 21-13 mu 2.7384e-001 5.1553e-003 Var 4.5036e-004 2.3505e-005 cor 0.002 cov 2.3221e-007 Eig 4.504e-004 2.351e-005 1stv 1.000 0.001 tan 0.001
75 21-13 mu 2.4133e-001 1.0777e-002 Var 4.5502e-004 4.0297e-005 cor 0.016 cov 2.1104e-006 Eig 4.550e-004 4.029e-005 1stv 1.000 0.005 tan 0.005
80 21-13 mu 2.1057e-001 2.2455e-002 Var 5.3704e-004 3.8110e-005 cor 0.029 cov 4.1116e-006 Eig 5.371e-004 3.808e-005 1stv 1.000 0.008 tan 0.008
85 21-13 mu 1.8125e-001 4.6484e-002 Var 6.3367e-004 1.4216e-004 cor 0.125 cov 3.7574e-005 Eig 6.365e-004 1.393e-004 1stv 0.997 0.076 tan 0.076
90 21-13 mu 1.5309e-001 9.4972e-002 Var 7.1367e-004 2.6680e-003 cor 0.217 cov 2.9986e-004 Eig 2.713e-003 6.687e-004 1stv 0.148 0.989 tan 6.667
50 23-13 mu 8.8094e-003 2.6719e-004 Var 7.8995e-005 4.0578e-007 cor -0.883 cov -5.0005e-006 Eig 7.931e-005 8.889e-008 1stv 0.998 -0.063 tan -0.063
55 23-13 mu 1.3931e-002 5.6037e-004 Var 1.4172e-004 1.2837e-006 cor -0.883 cov -1.1905e-005 Eig 1.427e-004 2.816e-007 1stv 0.996 -0.084 tan -0.084
60 23-13 mu 2.1940e-002 1.1749e-003 Var 2.3630e-004 3.8039e-006 cor -0.881 cov -2.6411e-005 Eig 2.393e-004 8.414e-007 1stv 0.994 -0.111 tan -0.112
65 23-13 mu 3.4395e-002 2.4622e-003 Var 3.5503e-004 1.0231e-005 cor -0.876 cov -5.2813e-005 Eig 3.629e-004 2.322e-006 1stv 0.989 -0.148 tan -0.150
70 23-13 mu 5.3615e-002 5.1553e-003 Var 4.5522e-004 2.3505e-005 cor -0.863 cov -8.9247e-005 Eig 4.729e-004 5.783e-006 1stv 0.981 -0.195 tan -0.199
75 23-13 mu 8.2961e-002 1.0777e-002 Var 4.5149e-004 4.0297e-005 cor -0.812 cov -1.0958e-004 Eig 4.789e-004 1.292e-005 1stv 0.970 -0.242 tan -0.250
80 23-13 mu 1.2710e-001 2.2455e-002 Var 3.3023e-004 3.8110e-005 cor -0.546 cov -6.1264e-005 Eig 3.426e-004 2.578e-005 1stv 0.980 -0.197 tan -0.201
85 23-13 mu 1.9209e-001 4.6484e-002 Var 6.9277e-004 1.4216e-004 cor -0.417 cov -1.3091e-004 Eig 7.223e-004 1.126e-004 1stv 0.975 -0.220 tan -0.226
90 23-13 mu 2.8488e-001 9.4972e-002 Var 4.2039e-003 2.6680e-003 cor -0.719 cov -2.4073e-003 Eig 5.963e-003 9.091e-004 1stv 0.807 -0.590 tan -0.731
50 23-21 mu 8.8094e-003 4.2765e-001 Var 7.8995e-005 3.3867e-003 cor 0.039 cov 2.0286e-005 Eig 3.387e-003 7.887e-005 1stv 0.006 1.000 tan 163.061
55 23-21 mu 1.3931e-002 3.8515e-001 Var 1.4172e-004 1.9303e-003 cor 0.037 cov 1.9106e-005 Eig 1.930e-003 1.415e-004 1stv 0.011 1.000 tan 93.622
60 23-21 mu 2.1940e-002 3.4548e-001 Var 2.3630e-004 1.0599e-003 cor 0.025 cov 1.2523e-005 Eig 1.060e-003 2.361e-004 1stv 0.015 1.000 tan 65.777
65 23-21 mu 3.4395e-002 3.0846e-001 Var 3.5503e-004 6.1335e-004 cor 0.001 cov 4.8828e-007 Eig 6.134e-004 3.550e-004 1stv 0.002 1.000 tan 529.046
70 23-21 mu 5.3615e-002 2.7384e-001 Var 4.5522e-004 4.5036e-004 cor -0.030 cov -1.3408e-005 Eig 4.664e-004 4.392e-004 1stv 0.768 -0.641 tan -0.835
75 23-21 mu 8.2961e-002 2.4133e-001 Var 4.5149e-004 4.5502e-004 cor -0.050 cov -2.2645e-005 Eig 4.760e-004 4.305e-004 1stv 0.679 -0.734 tan -1.081
80 23-21 mu 1.2710e-001 2.1057e-001 Var 3.3023e-004 5.3704e-004 cor -0.074 cov -3.1321e-005 Eig 5.417e-004 3.256e-004 1stv 0.147 -0.989 tan -6.751
85 23-21 mu 1.9209e-001 1.8125e-001 Var 6.9277e-004 6.3367e-004 cor -0.152 cov -1.0073e-004 Eig 7.682e-004 5.582e-004 1stv 0.800 -0.599 tan -0.749
90 23-21 mu 2.8488e-001 1.5309e-001 Var 4.2039e-003 7.1367e-004 cor -0.256 cov -4.4256e-004 Eig 4.259e-003 6.584e-004 1stv 0.992 -0.124 tan -0.125
Prevalence combination of varying and fixed dummies 1
Warning Observed prevalence doesn't sum to 1 for state 2: probs[50][2][1]=0.000000 because of lack of cases.
Warning Observed prevalence doesn't sum to 1 for state 1: probs[51][1][1]=0.000000 because of lack of cases.
Warning Observed prevalence doesn't sum to 1 for state 2: probs[51][2][1]=0.000000 because of lack of cases.
Warning Observed prevalence doesn't sum to 1 for state 1: probs[52][1][1]=0.000000 because of lack of cases.
Warning Observed prevalence doesn't sum to 1 for state 2: probs[52][2][1]=0.000000 because of lack of cases.
Warning Observed prevalence doesn't sum to 1 for state 1: probs[53][1][1]=0.000000 because of lack of cases.
Warning Observed prevalence doesn't sum to 1 for state 2: probs[53][2][1]=0.000000 because of lack of cases.
Warning Observed prevalence doesn't sum to 1 for state 1: probs[54][1][1]=0.000000 because of lack of cases.
Warning Observed prevalence doesn't sum to 1 for state 2: probs[54][2][1]=0.000000 because of lack of cases.
Warning Observed prevalence doesn't sum to 1 for state 1: probs[55][1][1]=0.000000 because of lack of cases.
Warning Observed prevalence doesn't sum to 1 for state 2: probs[55][2][1]=0.000000 because of lack of cases.
Warning Observed prevalence doesn't sum to 1 for state 1: probs[56][1][1]=0.000000 because of lack of cases.
Warning Observed prevalence doesn't sum to 1 for state 2: probs[56][2][1]=0.000000 because of lack of cases.
Warning Observed prevalence doesn't sum to 1 for state 1: probs[57][1][1]=0.000000 because of lack of cases.
Warning Observed prevalence doesn't sum to 1 for state 2: probs[57][2][1]=0.000000 because of lack of cases.
Warning Observed prevalence doesn't sum to 1 for state 1: probs[58][1][1]=0.000000 because of lack of cases.
Warning Observed prevalence doesn't sum to 1 for state 2: probs[58][2][1]=0.000000 because of lack of cases.
Warning Observed prevalence doesn't sum to 1 for state 1: probs[59][1][1]=0.000000 because of lack of cases.
Warning Observed prevalence doesn't sum to 1 for state 2: probs[59][2][1]=0.000000 because of lack of cases.
Warning Observed prevalence doesn't sum to 1 for state 1: probs[60][1][1]=0.000000 because of lack of cases.
Warning Observed prevalence doesn't sum to 1 for state 2: probs[60][2][1]=0.000000 because of lack of cases.
Warning Observed prevalence doesn't sum to 1 for state 1: probs[61][1][1]=0.000000 because of lack of cases.
Warning Observed prevalence doesn't sum to 1 for state 2: probs[61][2][1]=0.000000 because of lack of cases.
Warning Observed prevalence doesn't sum to 1 for state 1: probs[62][1][1]=0.000000 because of lack of cases.
Warning Observed prevalence doesn't sum to 1 for state 2: probs[62][2][1]=0.000000 because of lack of cases.
Warning Observed prevalence doesn't sum to 1 for state 1: probs[63][1][1]=0.000000 because of lack of cases.
Warning Observed prevalence doesn't sum to 1 for state 2: probs[63][2][1]=0.000000 because of lack of cases.
Warning Observed prevalence doesn't sum to 1 for state 1: probs[64][1][1]=0.000000 because of lack of cases.
Warning Observed prevalence doesn't sum to 1 for state 2: probs[64][2][1]=0.000000 because of lack of cases.
Warning Observed prevalence doesn't sum to 1 for state 1: probs[65][1][1]=0.000000 because of lack of cases.
Warning Observed prevalence doesn't sum to 1 for state 2: probs[65][2][1]=0.000000 because of lack of cases.
Warning Observed prevalence doesn't sum to 1 for state 1: probs[66][1][1]=0.000000 because of lack of cases.
Warning Observed prevalence doesn't sum to 1 for state 2: probs[66][2][1]=0.000000 because of lack of cases.
Warning Observed prevalence doesn't sum to 1 for state 1: probs[67][1][1]=0.000000 because of lack of cases.
Warning Observed prevalence doesn't sum to 1 for state 2: probs[67][2][1]=0.000000 because of lack of cases.
Warning Observed prevalence doesn't sum to 1 for state 1: probs[68][1][1]=0.000000 because of lack of cases.
Warning Observed prevalence doesn't sum to 1 for state 2: probs[68][2][1]=0.000000 because of lack of cases.
Warning Observed prevalence doesn't sum to 1 for state 1: probs[69][1][1]=0.000000 because of lack of cases.
Warning Observed prevalence doesn't sum to 1 for state 2: probs[69][2][1]=0.000000 because of lack of cases.
Warning Observed prevalence doesn't sum to 1 for state 1: probs[70][1][1]=0.000000 because of lack of cases.
Warning Observed prevalence doesn't sum to 1 for state 2: probs[70][2][1]=0.000000 because of lack of cases.
Warning Observed prevalence doesn't sum to 1 for state 1: probs[71][1][1]=0.000000 because of lack of cases.
Warning Observed prevalence doesn't sum to 1 for state 2: probs[71][2][1]=0.000000 because of lack of cases.
Warning Observed prevalence doesn't sum to 1 for state 1: probs[72][1][1]=0.000000 because of lack of cases.
Warning Observed prevalence doesn't sum to 1 for state 2: probs[72][2][1]=0.000000 because of lack of cases.
Warning Observed prevalence doesn't sum to 1 for state 1: probs[73][1][1]=0.000000 because of lack of cases.
Warning Observed prevalence doesn't sum to 1 for state 2: probs[73][2][1]=0.000000 because of lack of cases.
Warning Observed prevalence doesn't sum to 1 for state 1: probs[74][1][1]=0.000000 because of lack of cases.
Warning Observed prevalence doesn't sum to 1 for state 2: probs[74][2][1]=0.000000 because of lack of cases.
Warning Observed prevalence doesn't sum to 1 for state 1: probs[75][1][1]=0.000000 because of lack of cases.
Warning Observed prevalence doesn't sum to 1 for state 2: probs[75][2][1]=0.000000 because of lack of cases.
Warning Observed prevalence doesn't sum to 1 for state 1: probs[76][1][1]=0.000000 because of lack of cases.
Warning Observed prevalence doesn't sum to 1 for state 2: probs[76][2][1]=0.000000 because of lack of cases.
Warning Observed prevalence doesn't sum to 1 for state 1: probs[77][1][1]=0.000000 because of lack of cases.
Warning Observed prevalence doesn't sum to 1 for state 2: probs[77][2][1]=0.000000 because of lack of cases.
Warning Observed prevalence doesn't sum to 1 for state 1: probs[78][1][1]=0.000000 because of lack of cases.
Warning Observed prevalence doesn't sum to 1 for state 2: probs[78][2][1]=0.000000 because of lack of cases.
Warning Observed prevalence doesn't sum to 1 for state 1: probs[79][1][1]=0.000000 because of lack of cases.
Warning Observed prevalence doesn't sum to 1 for state 2: probs[79][2][1]=0.000000 because of lack of cases.
Warning Observed prevalence doesn't sum to 1 for state 1: probs[80][1][1]=0.000000 because of lack of cases.
Warning Observed prevalence doesn't sum to 1 for state 2: probs[80][2][1]=0.000000 because of lack of cases.
Warning Observed prevalence doesn't sum to 1 for state 1: probs[81][1][1]=0.000000 because of lack of cases.
Warning Observed prevalence doesn't sum to 1 for state 2: probs[81][2][1]=0.000000 because of lack of cases.
Warning Observed prevalence doesn't sum to 1 for state 1: probs[82][1][1]=0.000000 because of lack of cases.
Warning Observed prevalence doesn't sum to 1 for state 2: probs[82][2][1]=0.000000 because of lack of cases.
Warning Observed prevalence doesn't sum to 1 for state 1: probs[83][1][1]=0.000000 because of lack of cases.
Warning Observed prevalence doesn't sum to 1 for state 2: probs[83][2][1]=0.000000 because of lack of cases.
Warning Observed prevalence doesn't sum to 1 for state 1: probs[84][1][1]=0.000000 because of lack of cases.
Warning Observed prevalence doesn't sum to 1 for state 2: probs[84][2][1]=0.000000 because of lack of cases.
Warning Observed prevalence doesn't sum to 1 for state 1: probs[85][1][1]=0.000000 because of lack of cases.
Warning Observed prevalence doesn't sum to 1 for state 2: probs[85][2][1]=0.000000 because of lack of cases.
Warning Observed prevalence doesn't sum to 1 for state 1: probs[86][1][1]=0.000000 because of lack of cases.
Warning Observed prevalence doesn't sum to 1 for state 2: probs[86][2][1]=0.000000 because of lack of cases.
Warning Observed prevalence doesn't sum to 1 for state 1: probs[87][1][1]=0.000000 because of lack of cases.
Warning Observed prevalence doesn't sum to 1 for state 2: probs[87][2][1]=0.000000 because of lack of cases.
Warning Observed prevalence doesn't sum to 1 for state 1: probs[88][1][1]=0.000000 because of lack of cases.
Warning Observed prevalence doesn't sum to 1 for state 2: probs[88][2][1]=0.000000 because of lack of cases.
Warning Observed prevalence doesn't sum to 1 for state 1: probs[89][1][1]=0.000000 because of lack of cases.
Warning Observed prevalence doesn't sum to 1 for state 2: probs[89][2][1]=0.000000 because of lack of cases.
Warning Observed prevalence doesn't sum to 1 for state 1: probs[90][1][1]=0.000000 because of lack of cases.
Warning Observed prevalence doesn't sum to 1 for state 2: probs[90][2][1]=0.000000 because of lack of cases.
Computing Health Expectancies: result on file 'E_BEFgali.txt' ...50|51|52|53|54|55|56|57|58|59|60|61|62|63|64|65|66|67|68|69|70|71|72|73|74|75|76|77|78|79|80|81|82|83|84|85|86|87|88|89|90|
done evsij
Computing Total Life expectancies with their standard errors: file 'T_BEFgali.txt' ...
  Computing State-specific Expectancies and standard errors: result on file 'STDE_BEFgali.txt' 
    Computing Covar. of State-specific Expectancies: result on file 'CVE_BEFgali.txt' 
      Computing Variance-covariance of State-specific Expectancies: file 'V_BEFgali.txt' ... 
# model  
#****** Result for:******
 cvevsij 50|51|52|53|54|55|56|57|58|59|60|61|62|63|64|65|66|67|68|69|70|71|72|73|74|75|76|77|78|79|80|81|82|83|84|85|86|87|88|89|90|
 end cvevsij 
 varevsij vpopbased=0 
Computing total mortality p.j=w1*p1j+w2*p2j+..: result on file 'PRMORPREV-1-STABLBASED_BEFgali.txt' 
Computing age specific forward period (stable) prevalences in each health state 
done selection
done State-specific expectancies
Computing Variance-covariance of forward period (stable) prevalence: file 'VPL_BEFgali.txt' ...
#****** ******
done variance-covariance of forward period prevalence
End of Imach
Local time at start Tue Feb 04 20:24:32 2025

Local time at end   Tue Feb 04 20:24:56 2025

Total time used 0 day(s) 0 hour(s) 0 minute(s) 24 second(s)
Total time was 24 Sec.
