Log filename:BEFsr.log
Version 0.99r45 $Revision: 1.353 $ $Date: 2023/05/08 18:48:22 $
Enter the parameter file name: 
pathimach=C:\PROGRA~1\IMACH-~2.99R\bin\
pathtot=C:\Users\mmusz\Dropbox\gender_paradox\data\IMACHnew\BEFsr.txt
 path=C:\Users\mmusz\Dropbox\gender_paradox\data\IMACHnew\ 
 optionfile=BEFsr.txt
 optionfilext=txt
 optionfilefiname='BEFsr'
Compiled with: Microsoft Visual Studio for Windows (x64 and x86)  64-bit
The programm is not running under WOW64 (i.e probably on a 64bit Windows).
Local time (at start): Tue Feb 04 22:13:35 2025
title=sr datafile=dataBEFsr.txt lastobs=15000 firstpass=1 lastpass=2
ftol=1.000000e-018 stepm=6 ncovcol=0 nqv=0 ntv=0 nqtv=0 nlstate=2 ndeath=1 maxwav=2 mle=1 weight=1
model=1+age+
12 -3.902878 0.027112
13 -9.755024 0.070027
21 -1.257989 -0.004749
23 -12.458254 0.130196
# Scales (for hessian or gradient estimation)
12 0.000000e+000 0.000000e+000
13 0.000000e+000 0.000000e+000
21 0.000000e+000 0.000000e+000
23 0.000000e+000 0.000000e+000
# Covariance matrix
121 0.00000e+000
122 0.00000e+000 0.00000e+000
131 0.00000e+000 0.00000e+000 0.00000e+000
132 0.00000e+000 0.00000e+000 0.00000e+000 0.00000e+000
211 0.00000e+000 0.00000e+000 0.00000e+000 0.00000e+000 0.00000e+000
212 0.00000e+000 0.00000e+000 0.00000e+000 0.00000e+000 0.00000e+000 0.00000e+000
231 0.00000e+000 0.00000e+000 0.00000e+000 0.00000e+000 0.00000e+000 0.00000e+000 0.00000e+000
232 0.00000e+000 0.00000e+000 0.00000e+000 0.00000e+000 0.00000e+000 0.00000e+000 0.00000e+000 0.00000e+000

Model=1+age+
Typevar: 0 for simple covariate (dummy, quantitative, fixed or varying), 1 for age product, 2 for  product, 3 for double product with age  
Fixed[k] 0=fixed (product or simple), 1 varying, 2 fixed with age product, 3 varying with age product 
Dummy[k] 0=dummy (0 1), 1 quantitative (single or product without age), 2 dummy with age product, 3 quant with age product
ncoveff=0, nqfveff=0, ntveff=0, nqtveff=0, cptcovn=0
ncovf=0, ncovv=0, ncova=0, nsd=0, nsq=0
Warning: The value of parameter lastobs=15000 is big compared to the 
  effective number of cases imx=2466, please adjust, 
  otherwise you are allocating more memory than necessary.
Total number of individuals= 2466, Agemin = 51.08, Agemax= 93.25

Information, you have to check 0 informations which haven't been logged!
Delay (in months) between two waves Min=1 (for indiviudal 2037) Max=33 (931) Mean=24.184915

 Age 51 1.=2 loss[1]=0.0% 2.=1 loss[2]=0.0% 1.=2 prev[1]=74.5% 2.=1 prev[2]=25.5% 11=1 12=0 13=0 21=0 22=1
Age 52 1.=2 loss[1]=0.0% 2.=1 loss[2]=0.0% 1.=2 prev[1]=80.5% 2.=1 prev[2]=19.5% 11=2 12=1 21=0 22=0
Age 53 1.=2 loss[1]=0.0% 2.=1 loss[2]=0.0% 1.=2 prev[1]=78.5% 2.=1 prev[2]=21.5% 11=2 12=0 21=0 22=0 23=0
Age 54 1.=3 loss[1]=0.0% 2.=0 loss[2]=0.0% 1.=3 prev[1]=86.0% 2.=0 prev[2]=14.0% 11=2 12=1 21=0 22=0
Age 55 1.=4 loss[1]=0.0% 2.=0 loss[2]=0.0% 1.=4 prev[1]=89.1% 2.=0 prev[2]=10.9% 11=3 12=0 21=0 22=0
Age 56 1.=2 loss[1]=0.0% 2.=1 loss[2]=0.0% 1.=2 prev[1]=73.4% 2.=1 prev[2]=26.6% 11=2 12=0 21=1 22=0
Age 57 1.=3 loss[1]=0.0% 2.=1 loss[2]=0.0% 1.=3 prev[1]=74.3% 2.=1 prev[2]=25.7% 11=2 12=1 21=0 22=1
Age 58 1.=1 loss[1]=0.0% 2.=1 loss[2]=0.0% 1.=1 prev[1]=70.8% 2.=1 prev[2]=29.2% 11=1 12=0 21=0 22=0
Age 59 1.=1 loss[1]=0.0% 2.=0 loss[2]=0.0% 1.=1 prev[1]=78.9% 2.=0 prev[2]=21.1% 11=1 12=0 13=0 21=0 22=0 23=0
Age 60 1.=2 loss[1]=0.0% 2.=1 loss[2]=0.0% 1.=2 prev[1]=79.6% 2.=1 prev[2]=20.4% 11=2 12=0 21=0 22=0
Age 61 1.=2 loss[1]=0.0% 2.=1 loss[2]=0.0% 1.=2 prev[1]=75.6% 2.=1 prev[2]=24.4% 11=2 12=0 13=0 21=0 22=1 23=0
Age 62 1.=2 loss[1]=0.0% 2.=1 loss[2]=0.0% 1.=2 prev[1]=78.9% 2.=1 prev[2]=21.1% 11=2 12=0 13=0 21=0 22=0
Age 63 1.=2 loss[1]=0.0% 2.=1 loss[2]=0.0% 1.=2 prev[1]=78.1% 2.=1 prev[2]=21.9% 11=2 12=0 21=0 22=0
Age 64 1.=2 loss[1]=0.0% 2.=1 loss[2]=0.0% 1.=2 prev[1]=69.3% 2.=1 prev[2]=30.7% 11=1 12=0 21=0 22=0 23=0
Age 65 1.=2 loss[1]=0.0% 2.=1 loss[2]=0.0% 1.=2 prev[1]=76.8% 2.=1 prev[2]=23.2% 11=2 12=0 21=0 22=0
Age 66 1.=2 loss[1]=0.0% 2.=1 loss[2]=0.0% 1.=2 prev[1]=74.7% 2.=1 prev[2]=25.3% 11=2 12=0 21=0 22=1 23=0
Age 67 1.=2 loss[1]=0.0% 2.=0 loss[2]=0.0% 1.=2 prev[1]=83.5% 2.=0 prev[2]=16.5% 11=2 12=0 21=0 22=0
Age 68 1.=2 loss[1]=0.0% 2.=1 loss[2]=0.0% 1.=2 prev[1]=75.1% 2.=1 prev[2]=24.9% 11=2 12=0 21=0 22=0
Age 69 1.=2 loss[1]=0.0% 2.=0 loss[2]=0.0% 1.=2 prev[1]=76.6% 2.=0 prev[2]=23.4% 11=1 12=0 21=0 22=0 23=0
Age 70 1.=2 loss[1]=0.0% 2.=0 loss[2]=0.0% 1.=2 prev[1]=80.3% 2.=0 prev[2]=19.7% 11=1 12=0 21=0 22=0 23=0
Age 71 1.=1 loss[1]=0.0% 2.=1 loss[2]=0.0% 1.=1 prev[1]=71.4% 2.=1 prev[2]=28.6% 11=1 12=0 13=0 21=0 22=0 23=0
Age 72 1.=2 loss[1]=0.0% 2.=0 loss[2]=0.0% 1.=2 prev[1]=78.3% 2.=0 prev[2]=21.7% 11=1 12=0 13=0 21=0 22=0 23=0
Age 73 1.=1 loss[1]=0.0% 2.=1 loss[2]=0.0% 1.=1 prev[1]=71.1% 2.=1 prev[2]=28.9% 11=1 12=0 13=0 21=0 22=0 23=0
Age 74 1.=1 loss[1]=0.0% 2.=1 loss[2]=0.0% 1.=1 prev[1]=63.1% 2.=1 prev[2]=36.9% 11=1 12=0 21=0 22=0 23=0
Age 75 1.=1 loss[1]=0.0% 2.=1 loss[2]=0.0% 1.=1 prev[1]=65.9% 2.=1 prev[2]=34.1% 11=1 12=0 13=0 21=0 22=1 23=0
Age 76 1.=1 loss[1]=0.0% 2.=1 loss[2]=0.0% 1.=1 prev[1]=69.9% 2.=1 prev[2]=30.1% 11=1 12=0 13=0 21=0 22=0 23=0
Age 77 1.=1 loss[1]=0.0% 2.=1 loss[2]=0.0% 1.=1 prev[1]=61.7% 2.=1 prev[2]=38.3% 11=1 12=0 21=0 22=0 23=0
Age 78 1.=1 loss[1]=0.0% 2.=1 loss[2]=0.0% 1.=1 prev[1]=54.3% 2.=1 prev[2]=45.7% 11=1 12=0 13=0 21=0 22=1 23=0
Age 79 1.=1 loss[1]=0.0% 2.=1 loss[2]=0.0% 1.=1 prev[1]=61.2% 2.=1 prev[2]=38.8% 11=1 12=0 13=0 21=0 22=0 23=0
Age 80 1.=1 loss[1]=0.0% 2.=0 loss[2]=0.0% 1.=1 prev[1]=80.3% 2.=0 prev[2]=19.7% 11=1 12=0 21=0 22=0
Age 81 1.=1 loss[1]=0.0% 2.=1 loss[2]=0.0% 1.=1 prev[1]=55.1% 2.=1 prev[2]=44.9% 11=1 12=0 13=0 21=0 22=0 23=0
Age 82 1.=1 loss[1]=0.0% 2.=0 loss[2]=0.0% 1.=1 prev[1]=67.6% 2.=0 prev[2]=32.4% 11=1 12=0 13=0 21=0 22=0 23=0
Age 83 1.=1 loss[1]=0.0% 2.=1 loss[2]=0.0% 1.=1 prev[1]=53.9% 2.=1 prev[2]=46.1% 11=1 12=0 13=0 21=0 22=1 23=0
Age 84 1.=1 loss[1]=0.0% 2.=1 loss[2]=0.0% 1.=1 prev[1]=50.3% 2.=1 prev[2]=49.7% 11=0 12=0 13=0 21=0 22=0 23=0
Age 85 1.=1 loss[1]=0.0% 2.=1 loss[2]=0.0% 1.=1 prev[1]=59.4% 2.=1 prev[2]=40.6% 11=0 12=0 13=0 21=0 22=0 23=0
Age 86 1.=0 loss[1]=0.0% 2.=1 loss[2]=0.0% 1.=0 prev[1]=42.5% 2.=1 prev[2]=57.5% 11=0 12=0 13=0 21=0 22=0 23=0
Age 87 1.=1 loss[1]=0.0% 2.=1 loss[2]=0.0% 1.=1 prev[1]=50.2% 2.=1 prev[2]=49.8% 11=0 12=0 13=0 21=0 22=0 23=0
Age 88 1.=0 loss[1]=0.0% 2.=1 loss[2]=0.0% 1.=0 prev[1]=36.6% 2.=1 prev[2]=63.4% 11=0 12=0 13=0 21=0 22=0 23=0
Age 89 1.=0 loss[1]=0.0% 2.=0 loss[2]=0.0% 1.=0 prev[1]=41.3% 2.=0 prev[2]=58.7% 11=0 13=0 21=0 22=0 23=0
Age 90 1.=0 loss[1]=0.0% 2.=0 loss[2]=0.0% 1.=0 prev[1]=35.6% 2.=0 prev[2]=64.4% 11=0 12=0 21=0 22=0 23=0
Age 91 1.=0 loss[1]=NaNQ% 2.=0 loss[2]=NaNQ% 1.=0 prev[1]=NaNQ% 2.=0 prev[2]=NaNQ%
Age 92 1.=0 loss[1]=NaNQ% 2.=0 loss[2]=NaNQ% 1.=0 prev[1]=NaNQ% 2.=0 prev[2]=NaNQ%
Age 93 1.=0 loss[1]=NaNQ% 2.=0 loss[2]=NaNQ% 1.=0 prev[1]=NaNQ% 2.=0 prev[2]=NaNQ%
1 1.=0 loss[1]=NaNQ% 2.=0 loss[2]=NaNQ% 1.=0 prev[1]=NaNQ% 2.=0 prev[2]=NaNQ%
0 1.=0 loss[1]=NaNQ% 2.=0 loss[2]=NaNQ% 1.=0 prev[1]=NaNQ% 2.=0 prev[2]=NaNQ%
Total 1.=60 loss[1]=0.0% 2.=23 loss[2]=0.0% 1.=60 prev[1]=72.0% 2.=23 prev[2]=28.0% 11=47 12=11 13=1 21=6 22=14 23=3


12   -3.9028777 ln(11/47)=   -1.4630329 
13   -9.7550235 ln(1/47)=   -3.6056535 
21   -1.2579890 ln(6/14)=   -0.8398153 
23  -12.4582543 ln(3/14)=   -1.5377473 

 -1-1=0 -10=0 -11=0 -12=0 -13=0 0-1=0 00=0 01=0 02=0 03=0 1-1=0 10=0 11=47 12=11 13=1 2-1=0 20=0 21=6 22=14 23=3 3-1=0 30=0 31=0 32=0 33=0
Powell

Powell iter=1 Big Iter=1 -2*LL=3741.116734914072 gain=0 0 sec. 1 sec.
#model=  1      +     age 
12   -3.9028777    0.0271122 
13   -9.7550235    0.0700273 
21   -1.2579890   -0.0047489 
23  -12.4582543    0.1301959 
1.........2..............3.......4..................5........6..............7........8.................
Powell iter=2 Big Iter=2 -2*LL=3523.678474439875 gain=217 2 sec. 3 sec.
#model=  1      +     age 
12   -4.3605707    0.0271550 
13  -11.1440153    0.0690241 
21   -1.7981498   -0.0045106 
23  -13.2233772    0.1301372 

Considering the time needed for this last iteration #2: 2 seconds,
   - if your program needs 1 BIG iterations  (2 iterations) to converge, convergence will be 
   reached in 0 day(s) 0 hour(s) 0 minute(s) 0 second(s) i.e.
   on Tue Feb 04 22:13:38 2025 (current time is Tue Feb 04 22:13:38 2025);
   - if your program needs 11 BIG iterations  (22 iterations) to converge, convergence will be 
   reached in 0 day(s) 0 hour(s) 0 minute(s) 40 second(s) i.e.
   on Tue Feb 04 22:14:18 2025 (current time is Tue Feb 04 22:13:38 2025);
   - if your program needs 21 BIG iterations  (42 iterations) to converge, convergence will be 
   reached in 0 day(s) 0 hour(s) 1 minute(s) 20 second(s) i.e.
   on Tue Feb 04 22:14:58 2025 (current time is Tue Feb 04 22:13:38 2025);
   - if your program needs 31 BIG iterations  (62 iterations) to converge, convergence will be 
   reached in 0 day(s) 0 hour(s) 2 minute(s) 0 second(s) i.e.
   on Tue Feb 04 22:15:38 2025 (current time is Tue Feb 04 22:13:38 2025);
1.........2...............3..........4..................5.........6...............7.........8..................
Powell iter=3 Big Iter=2 -2*LL=3507.502016423865 gain=16.2 2 sec. 5 sec.
#model=  1      +     age 
12   -4.5265586    0.0271878 
13  -10.6394338    0.0685531 
21   -1.9662030   -0.0045013 
23  -13.2731381    0.1301125 

Considering the time needed for this last iteration #3: 2 seconds,
   - if your program needs 1 BIG iterations  (2 iterations) to converge, convergence will be 
   reached in 0 day(s) 0 hour(s) 0 minute(s) -2 second(s) i.e.
   on Tue Feb 04 22:13:38 2025 (current time is Tue Feb 04 22:13:40 2025);
   - if your program needs 11 BIG iterations  (22 iterations) to converge, convergence will be 
   reached in 0 day(s) 0 hour(s) 0 minute(s) 38 second(s) i.e.
   on Tue Feb 04 22:14:18 2025 (current time is Tue Feb 04 22:13:40 2025);
   - if your program needs 21 BIG iterations  (42 iterations) to converge, convergence will be 
   reached in 0 day(s) 0 hour(s) 1 minute(s) 18 second(s) i.e.
   on Tue Feb 04 22:14:58 2025 (current time is Tue Feb 04 22:13:40 2025);
   - if your program needs 31 BIG iterations  (62 iterations) to converge, convergence will be 
   reached in 0 day(s) 0 hour(s) 1 minute(s) 58 second(s) i.e.
   on Tue Feb 04 22:15:38 2025 (current time is Tue Feb 04 22:13:40 2025);
1.........2...............3...........4..................5.........6...................7.........8..........................Gaining to use new average direction of P0 P8 instead of biggest increase direction 1 :

Powell iter=4 Big Iter=3 -2*LL=3506.551462046643 gain=0.951 2 sec. 7 sec.
#model=  1      +     age 
12   -4.5855188    0.0271983 
13  -10.5846976    0.0680552 
21   -1.9942865   -0.0045018 
23  -13.2769271    0.1300875 
1.....................2................3..........4..................5.........6.................7.........8.............Gaining to use new average direction of P0 P8 instead of biggest increase direction 4 :

Powell iter=5 Big Iter=3 -2*LL=3506.523095180233 gain=0.0284 1 sec. 8 sec.
#model=  1      +     age 
12   -4.5924751    0.0272326 
13  -10.5337404    0.0673268 
21   -1.9961520   -0.0045043 
23  -13.2737740    0.1300843 
1..................2................3..........4.......5.........6.................7.............8......
Powell iter=6 Big Iter=4 -2*LL=3506.494330262171 gain=0.0288 2 sec. 10 sec.
#model=  1      +     age 
12   -4.5991774    0.0273281 
13  -10.4823630    0.0670082 
21   -1.9954681   -0.0045053 
23  -13.2727216    0.1300483 
1..................2................3.............4..........5.........6.....................7.........8.............Gaining to use new average direction of P0 P8 instead of biggest increase direction 2 :

Powell iter=7 Big Iter=4 -2*LL=3506.274537585521 gain=0.22 2 sec. 12 sec.
#model=  1      +     age 
12   -4.7501770    0.0295732 
13   -9.9168653    0.0592670 
21   -1.9942070   -0.0045193 
23  -13.1981668    0.1291869 
1..................2..............3..........4........5.........6...............7.........8........directest= 0.210067960861 (if directest<0 or t<0 we include P0 Pn as new direction), t= -0.000599786256, f1= 3506.274537585521,f2= 3506.253097386539,f3= 3506.473004291398, del= 0.015639571490
f1-2f2+f3= 0.241347103842, f1-f2-del= 0.005800627492, f1-f3= -0.198466705877

Powell iter=8 Big Iter=5 -2*LL=3506.253097386539 gain=0.0214 2 sec. 14 sec.
#model=  1      +     age 
12   -4.7586850    0.0297463 
13   -9.9113312    0.0586870 
21   -1.9914188   -0.0045035 
23  -13.1890348    0.1291096 
1..................2......3...........4......5.........6...............7...............8...............Gaining to use new average direction of P0 P8 instead of biggest increase direction 2 :

Powell iter=9 Big Iter=5 -2*LL=3506.222145897470 gain=0.031 2 sec. 16 sec.
#model=  1      +     age 
12   -4.7752583    0.0299575 
13   -9.8043170    0.0564984 
21   -2.0011126   -0.0043272 
23  -13.1758013    0.1290100 
1..................2.........3...........4........5.........6...............7.........8................Gaining to use new average direction of P0 P8 instead of biggest increase direction 3 :

Powell iter=10 Big Iter=6 -2*LL=3506.172824558766 gain=0.0493 2 sec. 18 sec.
#model=  1      +     age 
12   -4.8017403    0.0303396 
13   -9.5529492    0.0526232 
21   -2.0239215   -0.0039903 
23  -13.1561536    0.1288223 
1..................2........3.......4........5.........6...............7...................8...............Gaining to use new average direction of P0 P8 instead of biggest increase direction 8 :

Powell iter=11 Big Iter=6 -2*LL=3506.123463952245 gain=0.0494 1 sec. 19 sec.
#model=  1      +     age 
12   -4.7877945    0.0301758 
13   -9.3905603    0.0497860 
21   -2.0608214   -0.0035204 
23  -13.1518556    0.1288208 
1...................2........3.......4.......5.........6................7.........8...............Gaining to use new average direction of P0 P8 instead of biggest increase direction 3 :

Powell iter=12 Big Iter=7 -2*LL=3506.037784212670 gain=0.0857 2 sec. 21 sec.
#model=  1      +     age 
12   -4.7350981    0.0294817 
13   -9.2130961    0.0472810 
21   -2.1159491   -0.0028214 
23  -13.1629101    0.1289676 
1..........................2........3.......4.......5.........6..............7.........8......
Powell iter=13 Big Iter=7 -2*LL=3505.998828350485 gain=0.039 1 sec. 22 sec.
#model=  1      +     age 
12   -4.7304101    0.0294044 
13   -9.1665653    0.0469119 
21   -2.1199852   -0.0027463 
23  -13.1641577    0.1289674 
1......................2........3........4......5.........6...............7.........8.............Gaining to use new average direction of P0 P8 instead of biggest increase direction 8 :

Powell iter=14 Big Iter=8 -2*LL=3505.947709806786 gain=0.0511 1 sec. 23 sec.
#model=  1      +     age 
12   -4.7150355    0.0291485 
13   -9.0357302    0.0459324 
21   -2.1295922   -0.0025759 
23  -13.1694784    0.1289921 
1..................2........3........4..........5.........6...............7.........8........directest= 0.028395492519 (if directest<0 or t<0 we include P0 Pn as new direction), t= -0.000000754639, f1= 3505.947709806786,f2= 3505.944477748099,f3= 3505.972662984646, del= 0.001510901357
f1-2f2+f3= 0.031417295233, f1-f2-del= 0.001721157329, f1-f3= -0.024953177860

Powell iter=15 Big Iter=8 -2*LL=3505.944477748099 gain=0.00323 1 sec. 24 sec.
#model=  1      +     age 
12   -4.7100684    0.0290808 
13   -9.0237153    0.0457445 
21   -2.1306020   -0.0025660 
23  -13.1710652    0.1290130 
1..................2..........3........4.......5.........6...............7.............8...............Gaining to use new average direction of P0 P8 instead of biggest increase direction 6 :

Powell iter=16 Big Iter=9 -2*LL=3505.882162818232 gain=0.0623 0 sec. 24 sec.
#model=  1      +     age 
12   -4.6429285    0.0281715 
13   -8.7109450    0.0410090 
21   -2.0789010   -0.0033483 
23  -13.1979073    0.1293617 
1......................2........3........4.......5.........6........7.........8.......
Powell iter=17 Big Iter=9 -2*LL=3505.850414843924 gain=0.0317 1 sec. 25 sec.
#model=  1      +     age 
12   -4.6475370    0.0282163 
13   -8.6978606    0.0408151 
21   -2.0371533   -0.0038929 
23  -13.2014954    0.1294007 
1......................2........3........4......5.........6........7.............8........
Powell iter=18 Big Iter=10 -2*LL=3505.841469394397 gain=0.00895 2 sec. 27 sec.
#model=  1      +     age 
12   -4.6524897    0.0282722 
13   -8.6834978    0.0406148 
21   -2.0160416   -0.0041880 
23  -13.2026249    0.1294103 
1..................2........3........4.......5.........6........7.......................8........
Powell iter=19 Big Iter=10 -2*LL=3505.838820881117 gain=0.00265 2 sec. 29 sec.
#model=  1      +     age 
12   -4.6548468    0.0282986 
13   -8.6791670    0.0405597 
21   -2.0041969   -0.0043537 
23  -13.2035402    0.1294186 
1....................2........3........4........5.........6........7...........8........
Powell iter=20 Big Iter=11 -2*LL=3505.838030825487 gain=0.00079 1 sec. 30 sec.
#model=  1      +     age 
12   -4.6560740    0.0283121 
13   -8.6772640    0.0405366 
21   -1.9976986   -0.0044446 
23  -13.2041377    0.1294242 
1...................2........3........4.......5..............6........7...............8........
Powell iter=21 Big Iter=11 -2*LL=3505.837794159706 gain=0.000237 2 sec. 32 sec.
#model=  1      +     age 
12   -4.6567468    0.0283196 
13   -8.6762114    0.0405238 
21   -1.9941558   -0.0044942 
23  -13.2045199    0.1294280 
1...................2........3.........4.......5..................6.........7..............8........
Powell iter=22 Big Iter=12 -2*LL=3505.837722001492 gain=7.22e-005 2 sec. 34 sec.
#model=  1      +     age 
12   -4.6571192    0.0283237 
13   -8.6756140    0.0405164 
21   -1.9922272   -0.0045211 
23  -13.2047830    0.1294307 
1...................2..........3.............4............5..............6...........7..............8........
Powell iter=23 Big Iter=12 -2*LL=3505.837698643793 gain=2.34e-005 2 sec. 36 sec.
#model=  1      +     age 
12   -4.6573264    0.0283260 
13   -8.6752633    0.0405121 
21   -1.9911789   -0.0045358 
23  -13.2049815    0.1294329 
1....................2......................3..........4..............5.............6..............7...........8................
Powell iter=24 Big Iter=13 -2*LL=3505.837689729495 gain=8.91e-006 2 sec. 38 sec.
#model=  1      +     age 
12   -4.6574433    0.0283273 
13   -8.6750534    0.0405095 
21   -1.9906103   -0.0045438 
23  -13.2051446    0.1294347 
1...................2.....................3...............4...........5...................6...........7............8..................Gaining to use new average direction of P0 P8 instead of biggest increase direction 1 :

Powell iter=25 Big Iter=13 -2*LL=3505.837677507333 gain=1.22e-005 2 sec. 40 sec.
#model=  1      +     age 
12   -4.6577611    0.0283310 
13   -8.6744004    0.0405012 
21   -1.9891668   -0.0045639 
23  -13.2058190    0.1294425 
1....................2.................3..........4.............5..................6...........7........................8..........
Powell iter=26 Big Iter=14 -2*LL=3505.837674595704 gain=2.91e-006 1 sec. 41 sec.
#model=  1      +     age 
12   -4.6575915    0.0283287 
13   -8.6733979    0.0404861 
21   -1.9890398   -0.0045660 
23  -13.2060316    0.1294451 
1..........2...............3.........4............5.................6......................7..................8..................Gaining to use new average direction of P0 P8 instead of biggest increase direction 8 :

Powell iter=27 Big Iter=14 -2*LL=3505.837468791343 gain=0.000206 0 sec. 41 sec.
#model=  1      +     age 
12   -4.6587073    0.0283454 
13   -8.6709123    0.0404594 
21   -1.9910309   -0.0045374 
23  -13.2230862    0.1296513 
1..........2............3................4...........5...............6.................7......................8..............directest= 0.000203811961 (if directest<0 or t<0 we include P0 Pn as new direction), t= -0.000000000000, f1= 3505.837468791343,f2= 3505.837467149688,f3= 3505.837670209759, del= 0.000000444883
f1-2f2+f3= 0.000204701726, f1-f2-del= 0.000001196772, f1-f3= -0.000201418416

Powell iter=28 Big Iter=15 -2*LL=3505.837467149688 gain=1.64e-006 1 sec. 42 sec.
#model=  1      +     age 
12   -4.6587144    0.0283453 
13   -8.6688808    0.0404275 
21   -1.9910369   -0.0045372 
23  -13.2232229    0.1296532 
1.................2..............3..............4.............5...............6......................7.....................8................
Powell iter=29 Big Iter=15 -2*LL=3505.837467097607 gain=5.21e-008 1 sec. 43 sec.
#model=  1      +     age 
12   -4.6587485    0.0283458 
13   -8.6685029    0.0404218 
21   -1.9910297   -0.0045373 
23  -13.2232314    0.1296534 
1..................2............................3..............4..............5....................6...............7....................8..............................Gaining to use new average direction of P0 P8 instead of biggest increase direction 1 :

Powell iter=30 Big Iter=16 -2*LL=3505.837467090293 gain=7.31e-009 3 sec. 46 sec.
#model=  1      +     age 
12   -4.6587522    0.0283458 
13   -8.6683683    0.0404198 
21   -1.9910002   -0.0045377 
23  -13.2232547    0.1296537 
1..............................2..................3.....................4................................5...................6....................................7.............................8..................directest= 0.000000001908 (if directest<0 or t<0 we include P0 Pn as new direction), t= -0.000000000000, f1= 3505.837467090293,f2= 3505.837467090022,f3= 3505.837467091958, del= 0.000000000149
f1-2f2+f3= 0.000000002206, f1-f2-del= 0.000000000121, f1-f3= -0.000000001665

Powell iter=31 Big Iter=16 -2*LL=3505.837467090022 gain=2.71e-010 4 sec. 50 sec.
#model=  1      +     age 
12   -4.6587482    0.0283458 
13   -8.6683836    0.0404200 
21   -1.9909963   -0.0045377 
23  -13.2232561    0.1296537 
1........................2..................3...................4...........................5.....................6.........................................7..............................8...........................................
Powell iter=32 Big Iter=17 -2*LL=3505.837467090002 gain=2.05e-011 4 sec. 54 sec.
#model=  1      +     age 
12   -4.6587474    0.0283457 
13   -8.6683893    0.0404201 
21   -1.9909959   -0.0045378 
23  -13.2232567    0.1296537 
1..............................2............................3.............................4...........................5.........................6.........................................7......................8.............................................
#Number of iterations & function calls = 32 & 4493, -2 Log likelihood = 3505.837467090002
# Parameters nlstate*nlstate*ncov a12*1 + b12 * age + ...
#model=  1      +     age 
12   -4.6587474    0.0283457 
13   -8.6683893    0.0404201 
21   -1.9909959   -0.0045378 
23  -13.2232567    0.1296537 

Calculation of the hessian matrix. Wait...
1-2-3-4-5-6-7-8-.1-2.1-3.1-4.1-5.1-6.1-7.1-8.2-3.2-4.2-5.2-6.2-7.2-8.3-4.3-5.3-6.3-7.3-8.4-5.4-6.4-7.4-8.5-6.5-7.5-8.6-7.6-8.7-8

Inverting the hessian to get the covariance matrix. Wait...

#Hessian matrix#
3.066659e+002 2.115659e+004 4.477173e+000 3.551568e+002 -6.512360e+001 -4.572432e+003 -2.526693e+000 -1.858692e+002 
2.115659e+004 1.492486e+006 3.512102e+002 2.827975e+004 -4.564508e+003 -3.279067e+005 -1.904970e+002 -1.440981e+004 
4.477173e+000 3.512102e+002 1.161892e+001 7.797188e+002 -2.006421e+000 -1.541348e+002 5.778596e+000 4.444993e+002 
3.551568e+002 2.827975e+004 7.797188e+002 5.324105e+004 -1.550800e+002 -1.210246e+004 4.443031e+002 3.477329e+004 
-6.512360e+001 -4.564508e+003 -2.006421e+000 -1.550800e+002 1.617391e+002 1.126869e+004 -9.026795e+000 -7.605815e+002 
-4.572432e+003 -3.279067e+005 -1.541348e+002 -1.210246e+004 1.126869e+004 8.060809e+005 -7.560151e+002 -6.401047e+004 
-2.526693e+000 -1.904970e+002 5.778596e+000 4.443031e+002 -9.026795e+000 -7.560151e+002 9.232962e+001 7.647355e+003 
-1.858692e+002 -1.440981e+004 4.444993e+002 3.477329e+004 -7.605815e+002 -6.401047e+004 7.647355e+003 6.380955e+005 
Parameters, Wald tests and Wald-based confidence intervals
 W is simply the result of the division of the parameter by the square root of covariance of the parameter.
 And Wald-based confidence intervals plus and minus 1.96 * W 
  It might be better to visualize the covariance matrix. See the page 'Matrix of variance-covariance of one-step probabilities' and its graphs.
12   -4.6587474(   0.4067486) W= -11.454 CI=[  -5.4559747 ;   -3.8615200]    0.0283457(   0.0058643) W=   4.834 CI=[   0.0168516 ;    0.0398399] 
13   -8.6683893(   2.3408158) W=  -3.703 CI=[ -13.2563882 ;   -4.0803905]    0.0404201(   0.0347638) W=   1.163 CI=[  -0.0277170 ;    0.1085572] 
21   -1.9909959(   0.5101212) W=  -3.903 CI=[  -2.9908336 ;   -0.9911583]   -0.0045378(   0.0072524) W=  -0.626 CI=[  -0.0187525 ;    0.0096770] 
23  -13.2232567(   1.2397316) W= -10.666 CI=[ -15.6531306 ;  -10.7933827]    0.1296537(   0.0149179) W=   8.691 CI=[   0.1004147 ;    0.1588927] 
# Scales (for hessian or gradient estimation)
12 1.00000e-004 1.00000e-006
13 2.00000e-003 4.00000e-005
21 1.00000e-004 1.00000e-005
23 1.00000e-003 1.00000e-005
# Covariance matrix 
# 121 Var(a12)
# 122 Cov(b12,a12) Var(b12)
#   ...
# 232 Cov(b23,a12)  Cov(b23,b12) ... Var (b23)
#121 Var(a12)
#122 Cov(b12,a12) Var(b12)
#131 Cov(a13,a12) Cov(a13,b12) Var(a13)
#132 Cov(b13,a12) Cov(b13,b12) Cov(b13,a13) Var(b13)
#211 Cov(a21,a12) Cov(a21,b12) Cov(a21,a13) Cov(a21,b13) Var(a21)
#212 Cov(b21,a12) Cov(b21,b12) Cov(b21,a13) Cov(b21,b13) Cov(b21,a21) Var(b21)
#231 Cov(a23,a12) Cov(a23,b12) Cov(a23,a13) Cov(a23,b13) Cov(a23,a21) Cov(a23,b21) Var(a23)
#232 Cov(b23,a12) Cov(b23,b12) Cov(b23,a13) Cov(b23,b13) Cov(b23,a21) Cov(b23,b21) Cov(b23,a23) Var(b23)
121 1.6544445e-001
122 -2.35900e-003 3.4390534e-005
131 -1.43191e-001 2.27045e-003 5.4794184e+000
132 2.24316e-003 -3.57344e-005 -8.06903e-002 1.2085233e-003
211 5.74193e-002 -8.20425e-004 1.20118e-003 -1.41851e-005 2.6022368e-001
212 -8.21139e-004 1.20337e-005 -1.72170e-005 2.59575e-007 -3.65085e-003 5.2597754e-005
231 2.11819e-002 -2.87232e-004 -3.71707e-001 4.64910e-003 2.94899e-002 -4.31671e-004 1.5369345e+000
232 -2.95364e-004 4.12686e-006 5.04432e-003 -6.55122e-005 -4.11352e-004 6.12852e-006 -1.84225e-002 2.2254263e-004
# agemin agemax for life expectancy, bage fage (if mle==0 ie no data nor Max likelihood).
# Observed prevalence period
begin-prev-date=1/1/2016 end-prev-date=1/9/2018 mov_average=0
# Health expectancies computed from stable (period) prevalence (pop_based=0) or population based (1)
pop_based=0
# Prevalence forecasting and backcasting is skept here
##prevforecast=0  starting-proj-date=1/1/1989 final-proj-date=1/1/1990 mobil_average=0
#prevforecast=1 yearsfproj=10 mobil_average=0
#prevbackcast=1 yearsbproj=10 mobil_average=1
result:  .
End of resultlines.

Computing forward period (stable) prevalence: result on file 'PL_BEFsr.txt' 
#************
Computing pij: result on file 'PIJ_BEFsr.txt' 
Computing standard deviation of one-step probabilities: result on file 'PROB_rBEFsr.txt' 
Computing matrix of variance covariance of one-step probabilities: result on file 'PROBCOV_BEFsr.txt' 
and correlation matrix of one-step probabilities: result on file 'PROBCOR_BEFsr.txt' 
50 13-12 mu 2.4941e-003 7.5176e-002 Var 2.6819e-006 8.1342e-005 cor -0.097 cov -1.4400e-006 Eig 8.137e-005 2.656e-006 1stv 0.018 -1.000 tan -54.644
55 13-12 mu 3.0344e-003 8.6106e-002 Var 2.3826e-006 6.7869e-005 cor -0.076 cov -9.6879e-007 Eig 6.788e-005 2.368e-006 1stv 0.015 -1.000 tan -67.611
60 13-12 mu 3.6886e-003 9.8537e-002 Var 1.9979e-006 5.4194e-005 cor -0.053 cov -5.5471e-007 Eig 5.420e-005 1.992e-006 1stv 0.011 -1.000 tan -94.105
65 13-12 mu 4.4793e-003 1.1265e-001 Var 1.9134e-006 4.6093e-005 cor -0.063 cov -5.8963e-007 Eig 4.610e-005 1.905e-006 1stv 0.013 -1.000 tan -74.941
70 13-12 mu 5.4332e-003 1.2863e-001 Var 3.0785e-006 5.3783e-005 cor -0.146 cov -1.8776e-006 Eig 5.385e-005 3.009e-006 1stv 0.037 -0.999 tan -27.042
75 13-12 mu 6.5817e-003 1.4669e-001 Var 7.5171e-006 9.3939e-005 cor -0.224 cov -5.9440e-006 Eig 9.435e-005 7.110e-006 1stv 0.068 -0.998 tan -14.608
80 13-12 mu 7.9610e-003 1.6704e-001 Var 1.9201e-005 1.9226e-004 cor -0.256 cov -1.5543e-005 Eig 1.936e-004 1.782e-005 1stv 0.089 -0.996 tan -11.224
85 13-12 mu 9.6132e-003 1.8989e-001 Var 4.5503e-005 3.8658e-004 cor -0.267 cov -3.5474e-005 Eig 3.902e-004 4.185e-005 1stv 0.102 -0.995 tan -9.718
90 13-12 mu 1.1586e-002 2.1546e-001 Var 9.9540e-005 7.3040e-004 cor -0.274 cov -7.3890e-005 Eig 7.389e-004 9.100e-005 1stv 0.115 -0.993 tan -8.653
50 21-12 mu 1.9610e-001 7.5176e-002 Var 8.3302e-004 8.1342e-005 cor 0.267 cov 6.9387e-005 Eig 8.394e-004 7.499e-005 1stv 0.996 0.091 tan 0.092
55 21-12 mu 1.9194e-001 8.6106e-002 Var 5.3389e-004 6.7869e-005 cor 0.265 cov 5.0486e-005 Eig 5.393e-004 6.246e-005 1stv 0.994 0.106 tan 0.107
60 21-12 mu 1.8769e-001 9.8537e-002 Var 3.3171e-004 5.4194e-005 cor 0.266 cov 3.5713e-005 Eig 3.362e-004 4.967e-005 1stv 0.992 0.126 tan 0.127
65 21-12 mu 1.8321e-001 1.1265e-001 Var 2.1701e-004 4.6093e-005 cor 0.275 cov 2.7474e-005 Eig 2.213e-004 4.178e-005 1stv 0.988 0.155 tan 0.157
70 21-12 mu 1.7826e-001 1.2863e-001 Var 1.8006e-004 5.3783e-005 cor 0.291 cov 2.8608e-005 Eig 1.862e-004 4.760e-005 1stv 0.977 0.211 tan 0.216
75 21-12 mu 1.7238e-001 1.4669e-001 Var 2.0935e-004 9.3939e-005 cor 0.301 cov 4.2151e-005 Eig 2.231e-004 8.018e-005 1stv 0.951 0.310 tan 0.326
80 21-12 mu 1.6480e-001 1.6704e-001 Var 2.8847e-004 1.9226e-004 cor 0.300 cov 7.0625e-005 Eig 3.258e-004 1.549e-004 1stv 0.884 0.467 tan 0.529
85 21-12 mu 1.5433e-001 1.8989e-001 Var 3.9160e-004 3.8658e-004 cor 0.294 cov 1.1429e-004 Eig 5.034e-004 2.748e-004 1stv 0.715 0.699 tan 0.978
90 21-12 mu 1.3943e-001 2.1546e-001 Var 4.8268e-004 7.3040e-004 cor 0.283 cov 1.6794e-004 Eig 8.152e-004 3.979e-004 1stv 0.451 0.893 tan 1.980
50 23-12 mu 2.1296e-003 7.5176e-002 Var 1.1349e-006 8.1342e-005 cor 0.030 cov 2.9284e-007 Eig 8.134e-005 1.134e-006 1stv 0.004 1.000 tan 273.894
55 23-12 mu 4.0774e-003 8.6106e-002 Var 3.0381e-006 6.7869e-005 cor 0.031 cov 4.4969e-007 Eig 6.787e-005 3.035e-006 1stv 0.007 1.000 tan 144.177
60 23-12 mu 7.7991e-003 9.8537e-002 Var 7.6831e-006 5.4194e-005 cor 0.033 cov 6.7069e-007 Eig 5.420e-005 7.673e-006 1stv 0.014 1.000 tan 69.361
65 23-12 mu 1.4892e-002 1.1265e-001 Var 1.7961e-005 4.6093e-005 cor 0.035 cov 1.0197e-006 Eig 4.613e-005 1.792e-005 1stv 0.036 0.999 tan 27.624
70 23-12 mu 2.8343e-002 1.2863e-001 Var 3.7633e-005 5.3783e-005 cor 0.040 cov 1.7813e-006 Eig 5.398e-005 3.744e-005 1stv 0.108 0.994 tan 9.175
75 23-12 mu 5.3612e-002 1.4669e-001 Var 6.8856e-005 9.3939e-005 cor 0.050 cov 4.0526e-006 Eig 9.458e-005 6.822e-005 1stv 0.156 0.988 tan 6.347
80 23-12 mu 1.0026e-001 1.6704e-001 Var 1.2225e-004 1.9226e-004 cor 0.075 cov 1.1428e-005 Eig 1.941e-004 1.204e-004 1stv 0.157 0.988 tan 6.286
85 23-12 mu 1.8366e-001 1.8989e-001 Var 3.5495e-004 3.8658e-004 cor 0.091 cov 3.3815e-005 Eig 4.081e-004 3.334e-004 1stv 0.537 0.844 tan 1.572
90 23-12 mu 3.2457e-001 2.1546e-001 Var 1.7103e-003 7.3040e-004 cor 0.083 cov 9.2803e-005 Eig 1.719e-003 7.217e-004 1stv 0.996 0.093 tan 0.094
50 21-13 mu 1.9610e-001 2.4941e-003 Var 8.3302e-004 2.6819e-006 cor 0.001 cov 5.9888e-008 Eig 8.330e-004 2.682e-006 1stv 1.000 0.000 tan 0.000
55 21-13 mu 1.9194e-001 3.0344e-003 Var 5.3389e-004 2.3826e-006 cor 0.003 cov 9.9818e-008 Eig 5.339e-004 2.383e-006 1stv 1.000 0.000 tan 0.000
60 21-13 mu 1.8769e-001 3.6886e-003 Var 3.3171e-004 1.9979e-006 cor 0.006 cov 1.5812e-007 Eig 3.317e-004 1.998e-006 1stv 1.000 0.000 tan 0.000
65 21-13 mu 1.8321e-001 4.4793e-003 Var 2.1701e-004 1.9134e-006 cor 0.012 cov 2.3806e-007 Eig 2.170e-004 1.913e-006 1stv 1.000 0.001 tan 0.001
70 21-13 mu 1.7826e-001 5.4332e-003 Var 1.8006e-004 3.0785e-006 cor 0.015 cov 3.5282e-007 Eig 1.801e-004 3.078e-006 1stv 1.000 0.002 tan 0.002
75 21-13 mu 1.7238e-001 6.5817e-003 Var 2.0935e-004 7.5171e-006 cor 0.014 cov 5.6676e-007 Eig 2.093e-004 7.515e-006 1stv 1.000 0.003 tan 0.003
80 21-13 mu 1.6480e-001 7.9610e-003 Var 2.8847e-004 1.9201e-005 cor 0.015 cov 1.1288e-006 Eig 2.885e-004 1.920e-005 1stv 1.000 0.004 tan 0.004
85 21-13 mu 1.5433e-001 9.6132e-003 Var 3.9160e-004 4.5503e-005 cor 0.021 cov 2.8061e-006 Eig 3.916e-004 4.548e-005 1stv 1.000 0.008 tan 0.008
90 21-13 mu 1.3943e-001 1.1586e-002 Var 4.8268e-004 9.9540e-005 cor 0.034 cov 7.4230e-006 Eig 4.828e-004 9.940e-005 1stv 1.000 0.019 tan 0.019
50 23-13 mu 2.1296e-003 2.4941e-003 Var 1.1349e-006 2.6819e-006 cor -0.155 cov -2.6980e-007 Eig 2.728e-006 1.089e-006 1stv 0.167 -0.986 tan -5.903
55 23-13 mu 4.0774e-003 3.0344e-003 Var 3.0381e-006 2.3826e-006 cor -0.169 cov -4.5398e-007 Eig 3.270e-006 2.150e-006 1stv 0.890 -0.455 tan -0.511
60 23-13 mu 7.7991e-003 3.6886e-003 Var 7.6831e-006 1.9979e-006 cor -0.190 cov -7.4403e-007 Eig 7.779e-006 1.902e-006 1stv 0.992 -0.128 tan -0.129
65 23-13 mu 1.4892e-002 4.4793e-003 Var 1.7961e-005 1.9134e-006 cor -0.208 cov -1.2209e-006 Eig 1.805e-005 1.821e-006 1stv 0.997 -0.075 tan -0.076
70 23-13 mu 2.8343e-002 5.4332e-003 Var 3.7633e-005 3.0785e-006 cor -0.200 cov -2.1549e-006 Eig 3.777e-005 2.945e-006 1stv 0.998 -0.062 tan -0.062
75 23-13 mu 5.3612e-002 6.5817e-003 Var 6.8856e-005 7.5171e-006 cor -0.200 cov -4.5426e-006 Eig 6.919e-005 7.182e-006 1stv 0.997 -0.073 tan -0.074
80 23-13 mu 1.0026e-001 7.9610e-003 Var 1.2225e-004 1.9201e-005 cor -0.243 cov -1.1781e-005 Eig 1.236e-004 1.787e-005 1stv 0.994 -0.112 tan -0.113
85 23-13 mu 1.8366e-001 9.6132e-003 Var 3.5495e-004 4.5503e-005 cor -0.267 cov -3.3874e-005 Eig 3.586e-004 4.184e-005 1stv 0.994 -0.108 tan -0.108
90 23-13 mu 3.2457e-001 1.1586e-002 Var 1.7103e-003 9.9540e-005 cor -0.229 cov -9.4459e-005 Eig 1.716e-003 9.402e-005 1stv 0.998 -0.058 tan -0.058
50 23-21 mu 2.1296e-003 1.9610e-001 Var 1.1349e-006 8.3302e-004 cor -0.003 cov -9.4119e-008 Eig 8.330e-004 1.135e-006 1stv 0.000 -1.000 tan -8838.663
55 23-21 mu 4.0774e-003 1.9194e-001 Var 3.0381e-006 5.3389e-004 cor -0.008 cov -3.2276e-007 Eig 5.339e-004 3.038e-006 1stv 0.001 -1.000 tan -1644.742
60 23-21 mu 7.7991e-003 1.8769e-001 Var 7.6831e-006 3.3171e-004 cor -0.017 cov -8.6869e-007 Eig 3.317e-004 7.681e-006 1stv 0.003 -1.000 tan -373.008
65 23-21 mu 1.4892e-002 1.8321e-001 Var 1.7961e-005 2.1701e-004 cor -0.032 cov -1.9944e-006 Eig 2.170e-004 1.794e-005 1stv 0.010 -1.000 tan -99.816
70 23-21 mu 2.8343e-002 1.7826e-001 Var 3.7633e-005 1.8006e-004 cor -0.047 cov -3.8994e-006 Eig 1.802e-004 3.753e-005 1stv 0.027 -1.000 tan -36.552
75 23-21 mu 5.3612e-002 1.7238e-001 Var 6.8856e-005 2.0935e-004 cor -0.052 cov -6.2038e-006 Eig 2.096e-004 6.858e-005 1stv 0.044 -0.999 tan -22.690
80 23-21 mu 1.0026e-001 1.6480e-001 Var 1.2225e-004 2.8847e-004 cor -0.044 cov -8.1988e-006 Eig 2.889e-004 1.218e-004 1stv 0.049 -0.999 tan -20.323
85 23-21 mu 1.8366e-001 1.5433e-001 Var 3.5495e-004 3.9160e-004 cor -0.053 cov -1.9644e-005 Eig 4.001e-004 3.464e-004 1stv 0.399 -0.917 tan -2.300
90 23-21 mu 3.2457e-001 1.3943e-001 Var 1.7103e-003 4.8268e-004 cor -0.125 cov -1.1327e-004 Eig 1.721e-003 4.723e-004 1stv 0.996 -0.091 tan -0.091
Prevalence combination of varying and fixed dummies 1
Warning Observed prevalence doesn't sum to 1 for state 2: probs[50][2][1]=0.000000 because of lack of cases.
Warning Observed prevalence doesn't sum to 1 for state 1: probs[51][1][1]=0.000000 because of lack of cases.
Warning Observed prevalence doesn't sum to 1 for state 2: probs[51][2][1]=0.000000 because of lack of cases.
Warning Observed prevalence doesn't sum to 1 for state 1: probs[52][1][1]=0.000000 because of lack of cases.
Warning Observed prevalence doesn't sum to 1 for state 2: probs[52][2][1]=0.000000 because of lack of cases.
Warning Observed prevalence doesn't sum to 1 for state 1: probs[53][1][1]=0.000000 because of lack of cases.
Warning Observed prevalence doesn't sum to 1 for state 2: probs[53][2][1]=0.000000 because of lack of cases.
Warning Observed prevalence doesn't sum to 1 for state 1: probs[54][1][1]=0.000000 because of lack of cases.
Warning Observed prevalence doesn't sum to 1 for state 2: probs[54][2][1]=0.000000 because of lack of cases.
Warning Observed prevalence doesn't sum to 1 for state 1: probs[55][1][1]=0.000000 because of lack of cases.
Warning Observed prevalence doesn't sum to 1 for state 2: probs[55][2][1]=0.000000 because of lack of cases.
Warning Observed prevalence doesn't sum to 1 for state 1: probs[56][1][1]=0.000000 because of lack of cases.
Warning Observed prevalence doesn't sum to 1 for state 2: probs[56][2][1]=0.000000 because of lack of cases.
Warning Observed prevalence doesn't sum to 1 for state 1: probs[57][1][1]=0.000000 because of lack of cases.
Warning Observed prevalence doesn't sum to 1 for state 2: probs[57][2][1]=0.000000 because of lack of cases.
Warning Observed prevalence doesn't sum to 1 for state 1: probs[58][1][1]=0.000000 because of lack of cases.
Warning Observed prevalence doesn't sum to 1 for state 2: probs[58][2][1]=0.000000 because of lack of cases.
Warning Observed prevalence doesn't sum to 1 for state 1: probs[59][1][1]=0.000000 because of lack of cases.
Warning Observed prevalence doesn't sum to 1 for state 2: probs[59][2][1]=0.000000 because of lack of cases.
Warning Observed prevalence doesn't sum to 1 for state 1: probs[60][1][1]=0.000000 because of lack of cases.
Warning Observed prevalence doesn't sum to 1 for state 2: probs[60][2][1]=0.000000 because of lack of cases.
Warning Observed prevalence doesn't sum to 1 for state 1: probs[61][1][1]=0.000000 because of lack of cases.
Warning Observed prevalence doesn't sum to 1 for state 2: probs[61][2][1]=0.000000 because of lack of cases.
Warning Observed prevalence doesn't sum to 1 for state 1: probs[62][1][1]=0.000000 because of lack of cases.
Warning Observed prevalence doesn't sum to 1 for state 2: probs[62][2][1]=0.000000 because of lack of cases.
Warning Observed prevalence doesn't sum to 1 for state 1: probs[63][1][1]=0.000000 because of lack of cases.
Warning Observed prevalence doesn't sum to 1 for state 2: probs[63][2][1]=0.000000 because of lack of cases.
Warning Observed prevalence doesn't sum to 1 for state 1: probs[64][1][1]=0.000000 because of lack of cases.
Warning Observed prevalence doesn't sum to 1 for state 2: probs[64][2][1]=0.000000 because of lack of cases.
Warning Observed prevalence doesn't sum to 1 for state 1: probs[65][1][1]=0.000000 because of lack of cases.
Warning Observed prevalence doesn't sum to 1 for state 2: probs[65][2][1]=0.000000 because of lack of cases.
Warning Observed prevalence doesn't sum to 1 for state 1: probs[66][1][1]=0.000000 because of lack of cases.
Warning Observed prevalence doesn't sum to 1 for state 2: probs[66][2][1]=0.000000 because of lack of cases.
Warning Observed prevalence doesn't sum to 1 for state 1: probs[67][1][1]=0.000000 because of lack of cases.
Warning Observed prevalence doesn't sum to 1 for state 2: probs[67][2][1]=0.000000 because of lack of cases.
Warning Observed prevalence doesn't sum to 1 for state 1: probs[68][1][1]=0.000000 because of lack of cases.
Warning Observed prevalence doesn't sum to 1 for state 2: probs[68][2][1]=0.000000 because of lack of cases.
Warning Observed prevalence doesn't sum to 1 for state 1: probs[69][1][1]=0.000000 because of lack of cases.
Warning Observed prevalence doesn't sum to 1 for state 2: probs[69][2][1]=0.000000 because of lack of cases.
Warning Observed prevalence doesn't sum to 1 for state 1: probs[70][1][1]=0.000000 because of lack of cases.
Warning Observed prevalence doesn't sum to 1 for state 2: probs[70][2][1]=0.000000 because of lack of cases.
Warning Observed prevalence doesn't sum to 1 for state 1: probs[71][1][1]=0.000000 because of lack of cases.
Warning Observed prevalence doesn't sum to 1 for state 2: probs[71][2][1]=0.000000 because of lack of cases.
Warning Observed prevalence doesn't sum to 1 for state 1: probs[72][1][1]=0.000000 because of lack of cases.
Warning Observed prevalence doesn't sum to 1 for state 2: probs[72][2][1]=0.000000 because of lack of cases.
Warning Observed prevalence doesn't sum to 1 for state 1: probs[73][1][1]=0.000000 because of lack of cases.
Warning Observed prevalence doesn't sum to 1 for state 2: probs[73][2][1]=0.000000 because of lack of cases.
Warning Observed prevalence doesn't sum to 1 for state 1: probs[74][1][1]=0.000000 because of lack of cases.
Warning Observed prevalence doesn't sum to 1 for state 2: probs[74][2][1]=0.000000 because of lack of cases.
Warning Observed prevalence doesn't sum to 1 for state 1: probs[75][1][1]=0.000000 because of lack of cases.
Warning Observed prevalence doesn't sum to 1 for state 2: probs[75][2][1]=0.000000 because of lack of cases.
Warning Observed prevalence doesn't sum to 1 for state 1: probs[76][1][1]=0.000000 because of lack of cases.
Warning Observed prevalence doesn't sum to 1 for state 2: probs[76][2][1]=0.000000 because of lack of cases.
Warning Observed prevalence doesn't sum to 1 for state 1: probs[77][1][1]=0.000000 because of lack of cases.
Warning Observed prevalence doesn't sum to 1 for state 2: probs[77][2][1]=0.000000 because of lack of cases.
Warning Observed prevalence doesn't sum to 1 for state 1: probs[78][1][1]=0.000000 because of lack of cases.
Warning Observed prevalence doesn't sum to 1 for state 2: probs[78][2][1]=0.000000 because of lack of cases.
Warning Observed prevalence doesn't sum to 1 for state 1: probs[79][1][1]=0.000000 because of lack of cases.
Warning Observed prevalence doesn't sum to 1 for state 2: probs[79][2][1]=0.000000 because of lack of cases.
Warning Observed prevalence doesn't sum to 1 for state 1: probs[80][1][1]=0.000000 because of lack of cases.
Warning Observed prevalence doesn't sum to 1 for state 2: probs[80][2][1]=0.000000 because of lack of cases.
Warning Observed prevalence doesn't sum to 1 for state 1: probs[81][1][1]=0.000000 because of lack of cases.
Warning Observed prevalence doesn't sum to 1 for state 2: probs[81][2][1]=0.000000 because of lack of cases.
Warning Observed prevalence doesn't sum to 1 for state 1: probs[82][1][1]=0.000000 because of lack of cases.
Warning Observed prevalence doesn't sum to 1 for state 2: probs[82][2][1]=0.000000 because of lack of cases.
Warning Observed prevalence doesn't sum to 1 for state 1: probs[83][1][1]=0.000000 because of lack of cases.
Warning Observed prevalence doesn't sum to 1 for state 2: probs[83][2][1]=0.000000 because of lack of cases.
Warning Observed prevalence doesn't sum to 1 for state 1: probs[84][1][1]=0.000000 because of lack of cases.
Warning Observed prevalence doesn't sum to 1 for state 2: probs[84][2][1]=0.000000 because of lack of cases.
Warning Observed prevalence doesn't sum to 1 for state 1: probs[85][1][1]=0.000000 because of lack of cases.
Warning Observed prevalence doesn't sum to 1 for state 2: probs[85][2][1]=0.000000 because of lack of cases.
Warning Observed prevalence doesn't sum to 1 for state 1: probs[86][1][1]=0.000000 because of lack of cases.
Warning Observed prevalence doesn't sum to 1 for state 2: probs[86][2][1]=0.000000 because of lack of cases.
Warning Observed prevalence doesn't sum to 1 for state 1: probs[87][1][1]=0.000000 because of lack of cases.
Warning Observed prevalence doesn't sum to 1 for state 2: probs[87][2][1]=0.000000 because of lack of cases.
Warning Observed prevalence doesn't sum to 1 for state 1: probs[88][1][1]=0.000000 because of lack of cases.
Warning Observed prevalence doesn't sum to 1 for state 2: probs[88][2][1]=0.000000 because of lack of cases.
Warning Observed prevalence doesn't sum to 1 for state 1: probs[89][1][1]=0.000000 because of lack of cases.
Warning Observed prevalence doesn't sum to 1 for state 2: probs[89][2][1]=0.000000 because of lack of cases.
Warning Observed prevalence doesn't sum to 1 for state 1: probs[90][1][1]=0.000000 because of lack of cases.
Warning Observed prevalence doesn't sum to 1 for state 2: probs[90][2][1]=0.000000 because of lack of cases.
Computing Health Expectancies: result on file 'E_BEFsr.txt' ...50|51|52|53|54|55|56|57|58|59|60|61|62|63|64|65|66|67|68|69|70|71|72|73|74|75|76|77|78|79|80|81|82|83|84|85|86|87|88|89|90|
done evsij
Computing Total Life expectancies with their standard errors: file 'T_BEFsr.txt' ...
  Computing State-specific Expectancies and standard errors: result on file 'STDE_BEFsr.txt' 
    Computing Covar. of State-specific Expectancies: result on file 'CVE_BEFsr.txt' 
      Computing Variance-covariance of State-specific Expectancies: file 'V_BEFsr.txt' ... 
# model  
#****** Result for:******
 cvevsij 50|51|52|53|54|55|56|57|58|59|60|61|62|63|64|65|66|67|68|69|70|71|72|73|74|75|76|77|78|79|80|81|82|83|84|85|86|87|88|89|90|
 end cvevsij 
 varevsij vpopbased=0 
Computing total mortality p.j=w1*p1j+w2*p2j+..: result on file 'PRMORPREV-1-STABLBASED_BEFsr.txt' 
Computing age specific forward period (stable) prevalences in each health state 
done selection
done State-specific expectancies
Computing Variance-covariance of forward period (stable) prevalence: file 'VPL_BEFsr.txt' ...
#****** ******
done variance-covariance of forward period prevalence
End of Imach with 0 errors and/or warnings 1. Please look at the log file for details.
Local time at start Tue Feb 04 22:13:35 2025

Local time at end   Tue Feb 04 22:14:44 2025

Total time used 0 day(s) 0 hour(s) 1 minute(s) 9 second(s)
Total time was 69 Sec.
