Log filename:BEMchr.log
Version 0.99r45 $Revision: 1.353 $ $Date: 2023/05/08 18:48:22 $
Enter the parameter file name: 
pathimach=C:\PROGRA~1\IMACH-~2.99R\bin\
pathtot=C:\Users\mmusz\Dropbox\gender_paradox\data\IMACHnew\BEMchr.txt
 path=C:\Users\mmusz\Dropbox\gender_paradox\data\IMACHnew\ 
 optionfile=BEMchr.txt
 optionfilext=txt
 optionfilefiname='BEMchr'
Compiled with: Microsoft Visual Studio for Windows (x64 and x86)  64-bit
The programm is not running under WOW64 (i.e probably on a 64bit Windows).
Local time (at start): Tue Feb 04 22:21:36 2025
title=chr datafile=dataBEMchr.txt lastobs=5000 firstpass=1 lastpass=2
ftol=1.000000e-018 stepm=24 ncovcol=0 nqv=0 ntv=0 nqtv=0 nlstate=2 ndeath=1 maxwav=2 mle=1 weight=1
model=1+age+
# Parameters nlstate*nlstate*ncov a12*1 + b12 * age + ...
12 0.000000 0.000000
13 0.000000 0.000000
21 0.000000 0.000000
23 0.000000 0.000000
# Scales (for hessian or gradient estimation)
12 0.000000e+000 0.000000e+000
13 0.000000e+000 0.000000e+000
21 0.000000e+000 0.000000e+000
23 0.000000e+000 0.000000e+000
# Covariance matrix
121 0.00000e+000
122 0.00000e+000 0.00000e+000
131 0.00000e+000 0.00000e+000 0.00000e+000
132 0.00000e+000 0.00000e+000 0.00000e+000 0.00000e+000
211 0.00000e+000 0.00000e+000 0.00000e+000 0.00000e+000 0.00000e+000
212 0.00000e+000 0.00000e+000 0.00000e+000 0.00000e+000 0.00000e+000 0.00000e+000
231 0.00000e+000 0.00000e+000 0.00000e+000 0.00000e+000 0.00000e+000 0.00000e+000 0.00000e+000
232 0.00000e+000 0.00000e+000 0.00000e+000 0.00000e+000 0.00000e+000 0.00000e+000 0.00000e+000 0.00000e+000

Model=1+age+
Typevar: 0 for simple covariate (dummy, quantitative, fixed or varying), 1 for age product, 2 for  product, 3 for double product with age  
Fixed[k] 0=fixed (product or simple), 1 varying, 2 fixed with age product, 3 varying with age product 
Dummy[k] 0=dummy (0 1), 1 quantitative (single or product without age), 2 dummy with age product, 3 quant with age product
ncoveff=0, nqfveff=0, ntveff=0, nqtveff=0, cptcovn=0
ncovf=0, ncovv=0, ncova=0, nsd=0, nsq=0
Warning: The value of parameter lastobs=5000 is big compared to the 
  effective number of cases imx=2007, please adjust, 
  otherwise you are allocating more memory than necessary.
Total number of individuals= 2007, Agemin = 51.08, Agemax= 93.17

Information, you have to check 0 informations which haven't been logged!
Delay (in months) between two waves Min=2 (for indiviudal 1951) Max=34 (889) Mean=24.119083

 Age 51 1.=1 loss[1]=0.0% 2.=2 loss[2]=0.0% 1.=1 prev[1]=28.2% 2.=2 prev[2]=71.8% 11=0 12=0 13=0 21=0 22=2
Age 52 1.=1 loss[1]=0.0% 2.=2 loss[2]=0.0% 1.=1 prev[1]=27.5% 2.=2 prev[2]=72.5% 11=1 12=0 21=0 22=2
Age 53 1.=1 loss[1]=0.0% 2.=3 loss[2]=0.0% 1.=1 prev[1]=31.2% 2.=3 prev[2]=68.8% 11=1 12=0 22=2 23=0
Age 54 1.=1 loss[1]=0.0% 2.=2 loss[2]=0.0% 1.=1 prev[1]=36.9% 2.=2 prev[2]=63.1% 11=1 12=0 21=1 22=2 23=0
Age 55 1.=1 loss[1]=0.0% 2.=3 loss[2]=0.0% 1.=1 prev[1]=30.4% 2.=3 prev[2]=69.6% 11=1 12=1 21=0 22=3
Age 56 1.=1 loss[1]=0.0% 2.=2 loss[2]=0.0% 1.=1 prev[1]=36.8% 2.=2 prev[2]=63.2% 11=0 12=1 22=2
Age 57 1.=1 loss[1]=0.0% 2.=2 loss[2]=0.0% 1.=1 prev[1]=33.7% 2.=2 prev[2]=66.3% 11=0 12=1 21=0 22=2
Age 58 1.=0 loss[1]=0.0% 2.=2 loss[2]=0.0% 1.=0 prev[1]=16.5% 2.=2 prev[2]=83.5% 11=0 12=0 21=0 22=2 23=0
Age 59 1.=0 loss[1]=0.0% 2.=1 loss[2]=0.0% 1.=0 prev[1]=21.6% 2.=1 prev[2]=78.4% 11=0 12=0 21=0 22=1 23=0
Age 60 1.=1 loss[1]=0.0% 2.=2 loss[2]=0.0% 1.=1 prev[1]=30.2% 2.=2 prev[2]=69.8% 11=1 12=0 21=0 22=2 23=0
Age 61 1.=1 loss[1]=0.0% 2.=2 loss[2]=0.0% 1.=1 prev[1]=22.4% 2.=2 prev[2]=77.6% 11=0 12=0 21=0 22=2 23=0
Age 62 1.=1 loss[1]=0.0% 2.=2 loss[2]=0.0% 1.=1 prev[1]=22.5% 2.=2 prev[2]=77.5% 11=0 12=0 13=0 21=0 22=2
Age 63 1.=1 loss[1]=0.0% 2.=2 loss[2]=0.0% 1.=1 prev[1]=23.3% 2.=2 prev[2]=76.7% 11=0 12=0 13=0 21=0 22=2 23=0
Age 64 1.=0 loss[1]=0.0% 2.=3 loss[2]=0.0% 1.=0 prev[1]=15.6% 2.=3 prev[2]=84.4% 11=0 12=0 21=0 22=2 23=0
Age 65 1.=1 loss[1]=0.0% 2.=2 loss[2]=0.0% 1.=1 prev[1]=21.2% 2.=2 prev[2]=78.8% 11=0 12=0 13=0 21=0 22=2 23=0
Age 66 1.=1 loss[1]=0.0% 2.=2 loss[2]=0.0% 1.=1 prev[1]=23.9% 2.=2 prev[2]=76.1% 11=0 12=0 21=0 22=2 23=0
Age 67 1.=1 loss[1]=0.0% 2.=2 loss[2]=0.0% 1.=1 prev[1]=21.1% 2.=2 prev[2]=78.9% 11=0 12=0 21=0 22=2 23=0
Age 68 1.=0 loss[1]=0.0% 2.=2 loss[2]=0.0% 1.=0 prev[1]=17.9% 2.=2 prev[2]=82.1% 11=0 12=0 21=0 22=2 23=0
Age 69 1.=0 loss[1]=0.0% 2.=2 loss[2]=0.0% 1.=0 prev[1]=18.4% 2.=2 prev[2]=81.6% 11=0 12=0 21=0 22=2 23=0
Age 70 1.=0 loss[1]=0.0% 2.=2 loss[2]=0.0% 1.=0 prev[1]=17.0% 2.=2 prev[2]=83.0% 11=0 12=0 21=0 22=2 23=0
Age 71 1.=0 loss[1]=0.0% 2.=2 loss[2]=0.0% 1.=0 prev[1]=20.2% 2.=2 prev[2]=79.8% 11=0 12=0 21=0 22=1 23=0
Age 72 1.=0 loss[1]=0.0% 2.=1 loss[2]=0.0% 1.=0 prev[1]=14.4% 2.=1 prev[2]=85.6% 11=0 12=0 13=0 21=0 22=1 23=0
Age 73 1.=0 loss[1]=0.0% 2.=1 loss[2]=0.0% 1.=0 prev[1]=18.3% 2.=1 prev[2]=81.7% 11=0 12=0 21=0 22=1 23=0
Age 74 1.=0 loss[1]=0.0% 2.=1 loss[2]=0.0% 1.=0 prev[1]=18.7% 2.=1 prev[2]=81.3% 11=0 12=0 21=0 22=1 23=0
Age 75 1.=0 loss[1]=0.0% 2.=1 loss[2]=0.0% 1.=0 prev[1]=7.2% 2.=1 prev[2]=92.8% 11=0 12=0 21=0 22=1 23=0
Age 76 1.=0 loss[1]=0.0% 2.=1 loss[2]=0.0% 1.=0 prev[1]=7.4% 2.=1 prev[2]=92.6% 12=0 21=0 22=1 23=0
Age 77 1.=0 loss[1]=0.0% 2.=1 loss[2]=0.0% 1.=0 prev[1]=17.7% 2.=1 prev[2]=82.3% 11=0 12=0 21=0 22=1 23=0
Age 78 1.=0 loss[1]=0.0% 2.=1 loss[2]=0.0% 1.=0 prev[1]=8.2% 2.=1 prev[2]=91.8% 11=0 12=0 21=0 22=1 23=0
Age 79 1.=0 loss[1]=0.0% 2.=1 loss[2]=0.0% 1.=0 prev[1]=14.4% 2.=1 prev[2]=85.6% 11=0 12=0 13=0 21=0 22=1 23=0
Age 80 1.=0 loss[1]=0.0% 2.=1 loss[2]=0.0% 1.=0 prev[1]=15.6% 2.=1 prev[2]=84.4% 11=0 12=0 21=0 22=1 23=0
Age 81 1.=0 loss[1]=0.0% 2.=1 loss[2]=0.0% 1.=0 prev[1]=14.5% 2.=1 prev[2]=85.5% 11=0 12=0 21=0 22=1
Age 82 1.=0 loss[1]=0.0% 2.=1 loss[2]=0.0% 1.=0 prev[1]=25.0% 2.=1 prev[2]=75.0% 11=0 12=0 21=0 22=0 23=0
Age 83 1.=0 loss[1]=0.0% 2.=1 loss[2]=0.0% 1.=0 prev[1]=14.7% 2.=1 prev[2]=85.3% 11=0 12=0 21=0 22=1 23=0
Age 84 1.=0 loss[1]=0.0% 2.=1 loss[2]=0.0% 1.=0 prev[1]=16.7% 2.=1 prev[2]=83.3% 12=0 21=0 22=1 23=0
Age 85 1.=0 loss[1]=0.0% 2.=1 loss[2]=0.0% 1.=0 prev[1]=13.3% 2.=1 prev[2]=86.7% 11=0 12=0 13=0 21=0 22=0 23=0
Age 86 1.=0 loss[1]=0.0% 2.=0 loss[2]=0.0% 1.=0 prev[1]=18.3% 2.=0 prev[2]=81.7% 11=0 12=0 22=0 23=0
Age 87 1.=0 loss[1]=0.0% 2.=1 loss[2]=0.0% 1.=0 prev[1]=9.2% 2.=1 prev[2]=90.8% 11=0 22=1 23=0
Age 88 1.=0 loss[1]=0.0% 2.=0 loss[2]=0.0% 1.=0 prev[1]=11.9% 2.=0 prev[2]=88.1% 11=0 22=0 23=0
Age 89 1.=0 loss[1]=0.0% 2.=0 loss[2]=0.0% 1.=0 prev[1]=11.7% 2.=0 prev[2]=88.3% 13=0 22=0 23=0
Age 90 1.=0 loss[1]=0.0% 2.=0 loss[2]=0.0% 1.=0 prev[1]=8.3% 2.=0 prev[2]=91.7% 11=0 22=0 23=0
Age 91 1.=0 loss[1]=NaNQ% 2.=0 loss[2]=0.0% 1.=0 prev[1]=0.0% 2.=0 prev[2]=100.0% 22=0 23=0
Age 92 1.=0 loss[1]=NaNQ% 2.=0 loss[2]=NaNQ% 1.=0 prev[1]=NaNQ% 2.=0 prev[2]=NaNQ%
Age 93 1.=0 loss[1]=NaNQ% 2.=0 loss[2]=NaNQ% 1.=0 prev[1]=NaNQ% 2.=0 prev[2]=NaNQ%
1 1.=0 loss[1]=NaNQ% 2.=0 loss[2]=NaNQ% 1.=0 prev[1]=NaNQ% 2.=0 prev[2]=NaNQ%
0 1.=0 loss[1]=NaNQ% 2.=0 loss[2]=NaNQ% 1.=0 prev[1]=NaNQ% 2.=0 prev[2]=NaNQ%
Total 1.=18 loss[1]=0.0% 2.=63 loss[2]=0.0% 1.=18 prev[1]=22.5% 2.=63 prev[2]=77.5% 11=10 12=8 13=0 21=5 22=54 23=4


12    0.0000000 ln(8/10)=   -0.2277086 
13    0.0000000 ln(0/10)=   -3.5662662 
21    0.0000000 ln(5/54)=   -2.4057926 
23    0.0000000 ln(4/54)=   -2.6210541 

 -1-1=0 -10=0 -11=0 -12=0 -13=0 0-1=0 00=0 01=0 02=0 03=0 1-1=0 10=0 11=10 12=8 13=0 2-1=0 20=0 21=5 22=54 23=4 3-1=0 30=0 31=0 32=0 33=0
Powell

Powell iter=1 Big Iter=1 -2*LL=4375.772774222741 gain=0 0 sec. 0 sec.
#model=  1      +     age 
12    0.0000000    0.0000000 
13    0.0000000    0.0000000 
21    0.0000000    0.0000000 
23    0.0000000    0.0000000 
1.......2...........3.........4.................5......6.................7.......8...........................Gaining to use new average direction of P0 P8 instead of biggest increase direction 7 :

Powell iter=2 Big Iter=2 -2*LL=2368.365877935649 gain=2.01e+003 0 sec. 0 sec.
#model=  1      +     age 
12    0.7052795    0.0009337 
13   -3.9560090    0.0039199 
21   -1.9405188   -0.0002579 
23   -2.8972205    0.0023529 

Considering the time needed for this last iteration #2: 0 seconds,
   - if your program needs 1 BIG iterations  (2 iterations) to converge, convergence will be 
   reached in 0 day(s) 0 hour(s) 0 minute(s) 0 second(s) i.e.
   on Tue Feb 04 22:21:36 2025 (current time is Tue Feb 04 22:21:36 2025);
   - if your program needs 11 BIG iterations  (22 iterations) to converge, convergence will be 
   reached in 0 day(s) 0 hour(s) 0 minute(s) 0 second(s) i.e.
   on Tue Feb 04 22:21:36 2025 (current time is Tue Feb 04 22:21:36 2025);
   - if your program needs 21 BIG iterations  (42 iterations) to converge, convergence will be 
   reached in 0 day(s) 0 hour(s) 0 minute(s) 0 second(s) i.e.
   on Tue Feb 04 22:21:36 2025 (current time is Tue Feb 04 22:21:36 2025);
   - if your program needs 31 BIG iterations  (62 iterations) to converge, convergence will be 
   reached in 0 day(s) 0 hour(s) 0 minute(s) 0 second(s) i.e.
   on Tue Feb 04 22:21:36 2025 (current time is Tue Feb 04 22:21:36 2025);
1.......2............3..........4..................5.........6.................7..................8........
Powell iter=3 Big Iter=2 -2*LL=2235.065185200904 gain=133 1 sec. 1 sec.
#model=  1      +     age 
12   -0.2497325    0.0016685 
13   -4.1578853    0.0077271 
21   -2.4528994   -0.0004645 
23   -2.9756437    0.0059275 

Considering the time needed for this last iteration #3: 1 seconds,
   - if your program needs 1 BIG iterations  (2 iterations) to converge, convergence will be 
   reached in 0 day(s) 0 hour(s) 0 minute(s) -1 second(s) i.e.
   on Tue Feb 04 22:21:36 2025 (current time is Tue Feb 04 22:21:37 2025);
   - if your program needs 11 BIG iterations  (22 iterations) to converge, convergence will be 
   reached in 0 day(s) 0 hour(s) 0 minute(s) 19 second(s) i.e.
   on Tue Feb 04 22:21:56 2025 (current time is Tue Feb 04 22:21:37 2025);
   - if your program needs 21 BIG iterations  (42 iterations) to converge, convergence will be 
   reached in 0 day(s) 0 hour(s) 0 minute(s) 39 second(s) i.e.
   on Tue Feb 04 22:22:16 2025 (current time is Tue Feb 04 22:21:37 2025);
   - if your program needs 31 BIG iterations  (62 iterations) to converge, convergence will be 
   reached in 0 day(s) 0 hour(s) 0 minute(s) 59 second(s) i.e.
   on Tue Feb 04 22:22:36 2025 (current time is Tue Feb 04 22:21:37 2025);
1........2............3.........4..................5.........6.................7..................8...............Gaining to use new average direction of P0 P8 instead of biggest increase direction 8 :

Powell iter=4 Big Iter=3 -2*LL=2189.503254761719 gain=45.6 0 sec. 1 sec.
#model=  1      +     age 
12   -1.8707554    0.0234993 
13  -13.8732939    0.1126891 
21   -1.7379727   -0.0065101 
23   -5.4113986    0.0414934 
1........2............3........4.................5.........6.................7.................8.........
Powell iter=5 Big Iter=3 -2*LL=2156.645995807535 gain=32.9 0 sec. 1 sec.
#model=  1      +     age 
12   -2.4202907    0.0333594 
13  -15.6649318    0.1596369 
21   -1.6596008   -0.0091500 
23   -6.4832956    0.0572648 
1........2............3........4.................5.........6..................7.................8...............Gaining to use new average direction of P0 P8 instead of biggest increase direction 8 :

Powell iter=6 Big Iter=4 -2*LL=2142.087294201681 gain=14.6 0 sec. 1 sec.
#model=  1      +     age 
12   -3.2503470    0.0483237 
13  -20.1268719    0.2303084 
21   -1.5472435   -0.0129302 
23   -8.1280746    0.0789685 
1........2............3.........4.................5.........6.................7.................8........directest= 5.804149611562 (if directest<0 or t<0 we include P0 Pn as new direction), t= -4.553541395048, f1= 2142.087294201681,f2= 2141.656245633556,f3= 2147.403598129584, del= 0.187125726295
f1-2f2+f3= 6.178401064153, f1-f2-del= 0.243922841830, f1-f3= -5.316303927903

Powell iter=7 Big Iter=4 -2*LL=2141.656245633556 gain=0.431 0 sec. 1 sec.
#model=  1      +     age 
12   -3.3147466    0.0495503 
13  -20.7315234    0.2357695 
21   -1.5479231   -0.0130379 
23   -8.2739735    0.0805351 
1........2............3.........4.................5.........6.................7.................8...............Gaining to use new average direction of P0 P8 instead of biggest increase direction 8 :

Powell iter=8 Big Iter=5 -2*LL=2141.518157997748 gain=0.138 0 sec. 1 sec.
#model=  1      +     age 
12   -3.4149804    0.0507934 
13  -21.2544685    0.2413217 
21   -1.5464115   -0.0129723 
23   -8.4420283    0.0827907 
1........2............3.........4.................5.........6.................7............................8................Gaining to use new average direction of P0 P8 instead of biggest increase direction 6 :

Powell iter=9 Big Iter=5 -2*LL=2141.358228921504 gain=0.16 0 sec. 1 sec.
#model=  1      +     age 
12   -3.4456319    0.0511344 
13  -21.4526783    0.2426264 
21   -1.5708951   -0.0124062 
23   -8.5425947    0.0841473 
1........2............3.........4.................5.........6........7.................8..............Gaining to use new average direction of P0 P8 instead of biggest increase direction 3 :

Powell iter=10 Big Iter=6 -2*LL=2140.854895708322 gain=0.503 0 sec. 1 sec.
#model=  1      +     age 
12   -3.5375474    0.0523219 
13  -21.9261322    0.2473321 
21   -1.6859659   -0.0110072 
23   -8.8971896    0.0888578 
1........2............3......4.................5.........6......7.................8...............Gaining to use new average direction of P0 P8 instead of biggest increase direction 8 :

Powell iter=11 Big Iter=6 -2*LL=2140.062408850740 gain=0.792 0 sec. 1 sec.
#model=  1      +     age 
12   -3.5223239    0.0525862 
13  -22.1524609    0.2512460 
21   -1.8667546   -0.0087270 
23   -9.3123548    0.0943556 
1........2............3......4.................5.........6......7.................8.......
Powell iter=12 Big Iter=7 -2*LL=2139.308336574644 gain=0.754 0 sec. 1 sec.
#model=  1      +     age 
12   -3.3607686    0.0506767 
13  -21.4557641    0.2447482 
21   -1.9274891   -0.0077158 
23   -9.2812234    0.0939277 
1........2............3........4.................5..........6......7.................8...............Gaining to use new average direction of P0 P8 instead of biggest increase direction 6 :

Powell iter=13 Big Iter=7 -2*LL=2136.268140720407 gain=3.04 1 sec. 2 sec.
#model=  1      +     age 
12   -2.6142872    0.0382047 
13  -17.1098144    0.1906364 
21   -2.5106067    0.0015630 
23   -9.3667727    0.0951118 
1........2............3.......4.................5.........6........7.................8........directest= 2.877609167401 (if directest<0 or t<0 we include P0 Pn as new direction), t= -0.394053918016, f1= 2136.268140720407,f2= 2136.128334520933,f3= 2138.983680435772, del= 0.058771473457
f1-2f2+f3= 2.995152114314, f1-f2-del= 0.081034726018, f1-f3= -2.715539715365

Powell iter=14 Big Iter=8 -2*LL=2136.128334520933 gain=0.14 0 sec. 2 sec.
#model=  1      +     age 
12   -2.6045763    0.0379534 
13  -17.0408400    0.1874868 
21   -2.5400808    0.0020788 
23   -9.4025750    0.0956173 
1........2............3........4..................5.........6........7..................8.........
Powell iter=15 Big Iter=8 -2*LL=2136.118401882591 gain=0.00993 0 sec. 2 sec.
#model=  1      +     age 
12   -2.5783002    0.0376867 
13  -16.9133078    0.1858042 
21   -2.5473936    0.0021308 
23   -9.3766335    0.0952748 
1.......2............3........4.................5.........6..........7..................8....................Gaining to use new average direction of P0 P8 instead of biggest increase direction 1 :

Powell iter=16 Big Iter=9 -2*LL=2136.095428144028 gain=0.023 0 sec. 2 sec.
#model=  1      +     age 
12   -2.5934721    0.0378186 
13  -16.7337614    0.1831119 
21   -2.5658017    0.0022552 
23   -9.3526462    0.0949580 
1.................2............3...........4.................5.........6........7....................8.............Gaining to use new average direction of P0 P8 instead of biggest increase direction 8 :

Powell iter=17 Big Iter=9 -2*LL=2136.059862576022 gain=0.0356 0 sec. 2 sec.
#model=  1      +     age 
12   -2.6222731    0.0382095 
13  -16.4456380    0.1793666 
21   -2.5933016    0.0026077 
23   -9.3386305    0.0947751 
1.........2............3.......4.................5.........6........7.............................8..............Gaining to use new average direction of P0 P8 instead of biggest increase direction 5 :

Powell iter=18 Big Iter=10 -2*LL=2135.971159093342 gain=0.0887 0 sec. 2 sec.
#model=  1      +     age 
12   -2.7344218    0.0399611 
13  -15.7665405    0.1711657 
21   -2.6508983    0.0035114 
23   -9.3274635    0.0946357 
1.........2............3........4.................5......6........7.................8.......
Powell iter=19 Big Iter=10 -2*LL=2135.947018073043 gain=0.0241 1 sec. 3 sec.
#model=  1      +     age 
12   -2.7774765    0.0407900 
13  -15.8685601    0.1731018 
21   -2.6286659    0.0032106 
23   -9.3200959    0.0945299 
1.........2............3........4.................5.......6........7.........................8.......
Powell iter=20 Big Iter=11 -2*LL=2135.940641391528 gain=0.00638 0 sec. 3 sec.
#model=  1      +     age 
12   -2.7934875    0.0410230 
13  -15.9228200    0.1737758 
21   -2.6255962    0.0032294 
23   -9.3366839    0.0947537 
1.................2............3........4.................5......6.........7........................8..............Gaining to use new average direction of P0 P8 instead of biggest increase direction 5 :

Powell iter=21 Big Iter=11 -2*LL=2135.938824561752 gain=0.00182 0 sec. 3 sec.
#model=  1      +     age 
12   -2.8016073    0.0411744 
13  -15.9340368    0.1738617 
21   -2.6245289    0.0032622 
23   -9.3451505    0.0948699 
1.........2............3........4.................5..........6........7..................8............Gaining to use new average direction of P0 P8 instead of biggest increase direction 3 :

Powell iter=22 Big Iter=12 -2*LL=2135.937491073379 gain=0.00133 0 sec. 3 sec.
#model=  1      +     age 
12   -2.7958809    0.0410912 
13  -15.9042349    0.1733676 
21   -2.6278824    0.0033320 
23   -9.3486745    0.0949192 
1...........2............3......4.................5..........6........7...................8......
Powell iter=23 Big Iter=12 -2*LL=2135.936408308637 gain=0.00108 0 sec. 3 sec.
#model=  1      +     age 
12   -2.7935004    0.0410273 
13  -15.9015374    0.1733308 
21   -2.6295133    0.0033648 
23   -9.3533750    0.0949818 
1.........2............3......4.................5............6.........7....................8............Gaining to use new average direction of P0 P8 instead of biggest increase direction 8 :

Powell iter=24 Big Iter=13 -2*LL=2135.924792326475 gain=0.0116 0 sec. 3 sec.
#model=  1      +     age 
12   -2.8358220    0.0415947 
13  -16.0457825    0.1751131 
21   -2.6028675    0.0030035 
23   -9.3766709    0.0952883 
1.........2............3......4.................5..........6........7.................8......
Powell iter=25 Big Iter=13 -2*LL=2135.909907998582 gain=0.0149 0 sec. 3 sec.
#model=  1      +     age 
12   -2.8355118    0.0415793 
13  -16.0340586    0.1750625 
21   -2.5959712    0.0028696 
23   -9.3748607    0.0952600 
1.........2............3.....4...................5.........6........7.................8............Gaining to use new average direction of P0 P8 instead of biggest increase direction 2 :

Powell iter=26 Big Iter=14 -2*LL=2135.690211027807 gain=0.22 0 sec. 3 sec.
#model=  1      +     age 
12   -2.9192159    0.0433233 
13  -15.5602462    0.1694189 
21   -2.3896620   -0.0002918 
23   -9.4230149    0.0958576 
1........2......3......4..................5........6........7.................8.......
Powell iter=27 Big Iter=14 -2*LL=2135.537165330494 gain=0.153 1 sec. 4 sec.
#model=  1      +     age 
12   -2.8433056    0.0420180 
13  -15.0818838    0.1630927 
21   -2.3591838   -0.0007593 
23   -9.4777433    0.0965707 
1.........2......3......4.................5........6........7.................8............Gaining to use new average direction of P0 P8 instead of biggest increase direction 1 :

Powell iter=28 Big Iter=15 -2*LL=2135.433077247476 gain=0.104 0 sec. 4 sec.
#model=  1      +     age 
12   -2.7258549    0.0399408 
13  -14.3334157    0.1531288 
21   -2.2957786   -0.0017202 
23   -9.5832169    0.0979442 
1...........2.........3......4......................5..........6.........7.................8..........directest= 0.044396996577 (if directest<0 or t<0 we include P0 Pn as new direction), t= -0.000000114976, f1= 2135.433077247476,f2= 2135.432970610727,f3= 2135.477378346738, del= 0.000058688091
f1-2f2+f3= 0.044514372760, f1-f2-del= 0.000047948657, f1-f3= -0.044301099263

Powell iter=29 Big Iter=15 -2*LL=2135.432970610727 gain=0.000107 0 sec. 4 sec.
#model=  1      +     age 
12   -2.7249466    0.0399292 
13  -14.3498175    0.1533229 
21   -2.2947221   -0.0017276 
23   -9.5878890    0.0980052 
1.........2.......3........4..................5................6...........7....................8...........
Powell iter=30 Big Iter=16 -2*LL=2135.432960281863 gain=1.03e-005 0 sec. 4 sec.
#model=  1      +     age 
12   -2.7239407    0.0399149 
13  -14.3477032    0.1533006 
21   -2.2957830   -0.0017109 
23   -9.5877958    0.0980041 
1...............2..........3..........4.......................5.........................6.........7......................8.............................Gaining to use new average direction of P0 P8 instead of biggest increase direction 3 :

Powell iter=31 Big Iter=16 -2*LL=2135.432959567201 gain=7.15e-007 0 sec. 4 sec.
#model=  1      +     age 
12   -2.7238109    0.0399129 
13  -14.3475183    0.1532984 
21   -2.2960611   -0.0017057 
23   -9.5879355    0.0980061 
1...................2...............3........................4.........................5.....................6................7.....................8.............directest= 0.000000070826 (if directest<0 or t<0 we include P0 Pn as new direction), t= -0.000000000000, f1= 2135.432959567201,f2= 2135.432959554750,f3= 2135.432959633096, del= 0.000000009985
f1-2f2+f3= 0.000000090797, f1-f2-del= 0.000000002466, f1-f3= -0.000000065895

Powell iter=32 Big Iter=17 -2*LL=2135.432959554750 gain=1.25e-008 0 sec. 4 sec.
#model=  1      +     age 
12   -2.7237677    0.0399123 
13  -14.3474352    0.1532972 
21   -2.2960887   -0.0017054 
23   -9.5879059    0.0980057 
1....................2............3.......................4.......................5...........................6.........................7...................8...................
Powell iter=33 Big Iter=17 -2*LL=2135.432959554505 gain=2.46e-010 0 sec. 4 sec.
#model=  1      +     age 
12   -2.7237634    0.0399122 
13  -14.3474367    0.1532972 
21   -2.2960935   -0.0017053 
23   -9.5879022    0.0980056 
1.................2...............................3...........................4.......................5.........................6.........................7...................8.......................
Powell iter=34 Big Iter=18 -2*LL=2135.432959554486 gain=1.82e-011 0 sec. 4 sec.
#model=  1      +     age 
12   -2.7237636    0.0399122 
13  -14.3474374    0.1532972 
21   -2.2960947   -0.0017053 
23   -9.5879015    0.0980056 
1.......................2............................3........................4........................5...........................6..........................7.....................8........................................
Powell iter=35 Big Iter=18 -2*LL=2135.432959554483 gain=3.18e-012 1 sec. 5 sec.
#model=  1      +     age 
12   -2.7237635    0.0399122 
13  -14.3474371    0.1532972 
21   -2.2960947   -0.0017053 
23   -9.5879015    0.0980056 
1..........................2.............................3......................4......................5........................6...................7....................8.......................................
#Number of iterations & function calls = 35 & 4808, -2 Log likelihood = 2135.432959554483
# Parameters nlstate*nlstate*ncov a12*1 + b12 * age + ...
#model=  1      +     age 
12   -2.7237635    0.0399122 
13  -14.3474371    0.1532972 
21   -2.2960947   -0.0017053 
23   -9.5879015    0.0980056 

Calculation of the hessian matrix. Wait...
1-2-3-4-5-6-7-8-.1-2.1-3.1-4.1-5.1-6.1-7.1-8.2-3.2-4.2-5.2-6.2-7.2-8.3-4.3-5.3-6.3-7.3-8.4-5.4-6.4-7.4-8.5-6.5-7.5-8.6-7.6-8.7-8

Inverting the hessian to get the covariance matrix. Wait...

#Hessian matrix#
1.043949e+002 6.560409e+003 -2.187618e+000 -1.721120e+002 -1.426798e+000 -9.255223e+001 -7.060112e-001 -5.230811e+001 
6.560409e+003 4.208159e+005 -1.727482e+002 -1.376262e+004 -9.342676e+001 -6.149919e+003 -5.171432e+001 -3.881315e+003 
-2.187618e+000 -1.727482e+002 4.296603e+000 3.271874e+002 -4.100878e-001 -3.130679e+001 7.026457e-001 5.265107e+001 
-1.721120e+002 -1.376262e+004 3.271874e+002 2.532542e+004 -3.201097e+001 -2.479830e+003 5.265111e+001 4.001375e+003 
-1.426798e+000 -9.342676e+001 -4.100878e-001 -3.201097e+001 1.105347e+002 7.267432e+003 -6.944318e+000 -5.182810e+002 
-9.255223e+001 -6.149919e+003 -3.130679e+001 -2.479830e+003 7.267432e+003 4.882425e+005 -5.186717e+002 -3.935407e+004 
-7.060112e-001 -5.171432e+001 7.026457e-001 5.265111e+001 -6.944318e+000 -5.186717e+002 8.537118e+001 6.399196e+003 
-5.230811e+001 -3.881315e+003 5.265107e+001 4.001375e+003 -5.182810e+002 -3.935407e+004 6.399196e+003 4.875432e+005 
Parameters, Wald tests and Wald-based confidence intervals
 W is simply the result of the division of the parameter by the square root of covariance of the parameter.
 And Wald-based confidence intervals plus and minus 1.96 * W 
  It might be better to visualize the covariance matrix. See the page 'Matrix of variance-covariance of one-step probabilities' and its graphs.
12   -2.7237635(   0.7035859) W=  -3.871 CI=[  -4.1027919 ;   -1.3447351]    0.0399122(   0.0111230) W=   3.588 CI=[   0.0181111 ;    0.0617134] 
13  -14.3474371(   3.8210065) W=  -3.755 CI=[ -21.8366099 ;   -6.8582643]    0.1532972(   0.0499487) W=   3.069 CI=[   0.0553978 ;    0.2511966] 
21   -2.2960947(   0.6537676) W=  -3.512 CI=[  -3.5774792 ;   -1.0147102]   -0.0017053(   0.0098446) W=  -0.173 CI=[  -0.0210006 ;    0.0175900] 
23   -9.5879015(   0.8535003) W= -11.234 CI=[ -11.2607621 ;   -7.9150410]    0.0980056(   0.0112996) W=   8.673 CI=[   0.0758584 ;    0.1201529] 
# Scales (for hessian or gradient estimation)
12 1.00000e-004 1.00000e-005
13 1.00000e-003 1.00000e-005
21 1.00000e-004 1.00000e-005
23 1.00000e-003 1.00000e-005
# Covariance matrix 
# 121 Var(a12)
# 122 Cov(b12,a12) Var(b12)
#   ...
# 232 Cov(b23,a12)  Cov(b23,b12) ... Var (b23)
#121 Var(a12)
#122 Cov(b12,a12) Var(b12)
#131 Cov(a13,a12) Cov(a13,b12) Var(a13)
#132 Cov(b13,a12) Cov(b13,b12) Cov(b13,a13) Var(b13)
#211 Cov(a21,a12) Cov(a21,b12) Cov(a21,a13) Cov(a21,b13) Var(a21)
#212 Cov(b21,a12) Cov(b21,b12) Cov(b21,a13) Cov(b21,b13) Cov(b21,a21) Var(b21)
#231 Cov(a23,a12) Cov(a23,b12) Cov(a23,a13) Cov(a23,b13) Cov(a23,a21) Cov(a23,b21) Var(a23)
#232 Cov(b23,a12) Cov(b23,b12) Cov(b23,a13) Cov(b23,b13) Cov(b23,a21) Cov(b23,b21) Cov(b23,a23) Var(b23)
121 4.9503316e-001
122 -7.74902e-003 1.2372170e-004
131 3.08076e-001 -4.99962e-003 1.4600091e+001
132 -4.82856e-003 7.91909e-005 -1.89252e-001 2.4948699e-003
211 7.01226e-003 -1.11359e-004 4.60556e-002 -6.81927e-004 4.2741205e-001
212 -1.13224e-004 1.83453e-006 -7.18759e-004 1.07925e-005 -6.36718e-003 9.6915347e-005
231 1.06962e-003 -1.43142e-005 -9.93671e-002 1.27388e-003 3.37679e-002 -4.99661e-004 7.2846274e-001
232 -1.79432e-005 2.61125e-007 1.26496e-003 -1.64996e-005 -5.02322e-004 7.60407e-006 -9.56552e-003 1.2768105e-004
# agemin agemax for life expectancy, bage fage (if mle==0 ie no data nor Max likelihood).
# Observed prevalence period
begin-prev-date=1/1/2013 end-prev-date=1/9/2018 mov_average=0
# Health expectancies computed from stable (period) prevalence (pop_based=0) or population based (1)
pop_based=0
# Prevalence forecasting and backcasting is skept here
##prevforecast=0  starting-proj-date=1/1/1989 final-proj-date=1/1/1990 mobil_average=0
#prevforecast=1 yearsfproj=10 mobil_average=0
#prevbackcast=1 yearsbproj=10 mobil_average=1
result:  .
End of resultlines.

Computing forward period (stable) prevalence: result on file 'PL_BEMchr.txt' 
#************
Computing pij: result on file 'PIJ_BEMchr.txt' 
Computing standard deviation of one-step probabilities: result on file 'PROB_rBEMchr.txt' 
Computing matrix of variance covariance of one-step probabilities: result on file 'PROBCOV_BEMchr.txt' 
and correlation matrix of one-step probabilities: result on file 'PROBCOR_BEMchr.txt' 
50 13-12 mu 4.2200e-004 1.6266e-001 Var 3.3879e-007 3.5412e-004 cor 0.011 cov 1.2376e-007 Eig 3.541e-004 3.388e-007 1stv 0.000 1.000 tan 2858.522
55 13-12 mu 8.4657e-004 1.8511e-001 Var 9.4741e-007 2.2929e-004 cor -0.018 cov -2.7141e-007 Eig 2.293e-004 9.471e-007 1stv 0.001 -1.000 tan -841.306
60 13-12 mu 1.6812e-003 2.0853e-001 Var 2.4435e-006 1.5573e-004 cor -0.062 cov -1.2139e-006 Eig 1.557e-004 2.434e-006 1stv 0.008 -1.000 tan -126.285
65 13-12 mu 3.3014e-003 2.3230e-001 Var 5.7742e-006 1.6045e-004 cor -0.102 cov -3.1183e-006 Eig 1.605e-004 5.711e-006 1stv 0.020 -1.000 tan -49.623
70 13-12 mu 6.3999e-003 2.5545e-001 Var 1.2998e-005 2.5299e-004 cor -0.122 cov -7.0004e-006 Eig 2.532e-004 1.279e-005 1stv 0.029 -1.000 tan -34.312
75 13-12 mu 1.2215e-002 2.7658e-001 Var 3.3587e-005 4.2088e-004 cor -0.158 cov -1.8777e-005 Eig 4.218e-004 3.268e-005 1stv 0.048 -0.999 tan -20.674
80 13-12 mu 2.2854e-002 2.9354e-001 Var 1.2817e-004 6.4913e-004 cor -0.276 cov -7.9533e-005 Eig 6.610e-004 1.163e-004 1stv 0.148 -0.989 tan -6.699
85 13-12 mu 4.1601e-002 3.0311e-001 Var 6.1776e-004 1.0379e-003 cor -0.522 cov -4.1828e-004 Eig 1.296e-003 3.598e-004 1stv 0.525 -0.851 tan -1.621
90 13-12 mu 7.2806e-002 3.0092e-001 Var 2.7178e-003 2.2138e-003 cor -0.797 cov -1.9538e-003 Eig 4.436e-003 4.959e-004 1stv 0.751 -0.660 tan -0.879
50 21-12 mu 4.1949e-002 1.6266e-001 Var 4.8649e-005 3.5412e-004 cor 0.012 cov 1.5372e-006 Eig 3.541e-004 4.864e-005 1stv 0.005 1.000 tan 198.720
55 21-12 mu 4.1403e-002 1.8511e-001 Var 2.9067e-005 2.2929e-004 cor 0.011 cov 9.0084e-007 Eig 2.293e-004 2.906e-005 1stv 0.004 1.000 tan 222.263
60 21-12 mu 4.0731e-002 2.0853e-001 Var 1.7104e-005 1.5573e-004 cor 0.012 cov 6.0886e-007 Eig 1.557e-004 1.710e-005 1stv 0.004 1.000 tan 227.678
65 21-12 mu 3.9858e-002 2.3230e-001 Var 1.2275e-005 1.6045e-004 cor 0.016 cov 6.9725e-007 Eig 1.605e-004 1.227e-005 1stv 0.005 1.000 tan 212.520
70 21-12 mu 3.8679e-002 2.5545e-001 Var 1.3804e-005 2.5299e-004 cor 0.019 cov 1.1043e-006 Eig 2.530e-004 1.380e-005 1stv 0.005 1.000 tan 216.593
75 21-12 mu 3.7048e-002 2.7658e-001 Var 2.0387e-005 4.2088e-004 cor 0.017 cov 1.5827e-006 Eig 4.209e-004 2.038e-005 1stv 0.004 1.000 tan 253.056
80 21-12 mu 3.4791e-002 2.9354e-001 Var 2.9947e-005 6.4913e-004 cor 0.011 cov 1.5386e-006 Eig 6.491e-004 2.994e-005 1stv 0.002 1.000 tan 402.444
85 21-12 mu 3.1744e-002 3.0311e-001 Var 3.9641e-005 1.0379e-003 cor -0.001 cov -1.8086e-007 Eig 1.038e-003 3.964e-005 1stv 0.000 -1.000 tan -5519.545
90 21-12 mu 2.7839e-002 3.0092e-001 Var 4.6412e-005 2.2138e-003 cor -0.016 cov -5.2438e-006 Eig 2.214e-003 4.640e-005 1stv 0.002 -1.000 tan -413.337
50 23-12 mu 4.1795e-003 1.6266e-001 Var 1.5614e-006 3.5412e-004 cor 0.002 cov 4.3546e-008 Eig 3.541e-004 1.561e-006 1stv 0.000 1.000 tan 8096.153
55 23-12 mu 6.7914e-003 1.8511e-001 Var 2.7984e-006 2.2929e-004 cor 0.003 cov 7.3470e-008 Eig 2.293e-004 2.798e-006 1stv 0.000 1.000 tan 3082.740
60 23-12 mu 1.0999e-002 2.0853e-001 Var 4.6481e-006 1.5573e-004 cor 0.005 cov 1.3074e-007 Eig 1.557e-004 4.648e-006 1stv 0.001 1.000 tan 1155.546
65 23-12 mu 1.7721e-002 2.3230e-001 Var 7.1092e-006 1.6045e-004 cor 0.007 cov 2.4045e-007 Eig 1.605e-004 7.109e-006 1stv 0.002 1.000 tan 637.737
70 23-12 mu 2.8311e-002 2.5545e-001 Var 1.0596e-005 2.5299e-004 cor 0.009 cov 4.5170e-007 Eig 2.530e-004 1.060e-005 1stv 0.002 1.000 tan 536.635
75 23-12 mu 4.4645e-002 2.7658e-001 Var 1.9391e-005 4.2088e-004 cor 0.010 cov 9.2246e-007 Eig 4.209e-004 1.939e-005 1stv 0.002 1.000 tan 435.243
80 23-12 mu 6.9023e-002 2.9354e-001 Var 5.2951e-005 6.4913e-004 cor 0.013 cov 2.3787e-006 Eig 6.491e-004 5.294e-005 1stv 0.004 1.000 tan 250.631
85 23-12 mu 1.0368e-001 3.0311e-001 Var 1.6576e-004 1.0379e-003 cor 0.019 cov 7.7570e-006 Eig 1.038e-003 1.657e-004 1stv 0.009 1.000 tan 112.441
90 23-12 mu 1.4970e-001 3.0092e-001 Var 4.4527e-004 2.2138e-003 cor 0.026 cov 2.5355e-005 Eig 2.214e-003 4.449e-004 1stv 0.014 1.000 tan 69.766
50 21-13 mu 4.1949e-002 4.2200e-004 Var 4.8649e-005 3.3879e-007 cor 0.012 cov 4.8730e-008 Eig 4.865e-005 3.387e-007 1stv 1.000 0.001 tan 0.001
55 21-13 mu 4.1403e-002 8.4657e-004 Var 2.9067e-005 9.4741e-007 cor 0.011 cov 5.5545e-008 Eig 2.907e-005 9.473e-007 1stv 1.000 0.002 tan 0.002
60 21-13 mu 4.0731e-002 1.6812e-003 Var 1.7104e-005 2.4435e-006 cor 0.009 cov 6.0372e-008 Eig 1.710e-005 2.443e-006 1stv 1.000 0.004 tan 0.004
65 21-13 mu 3.9858e-002 3.3014e-003 Var 1.2275e-005 5.7742e-006 cor 0.010 cov 8.2948e-008 Eig 1.228e-005 5.773e-006 1stv 1.000 0.013 tan 0.013
70 21-13 mu 3.8679e-002 6.3999e-003 Var 1.3804e-005 1.2998e-005 cor 0.015 cov 2.0331e-007 Eig 1.385e-005 1.295e-005 1stv 0.973 0.231 tan 0.238
75 21-13 mu 3.7048e-002 1.2215e-002 Var 2.0387e-005 3.3587e-005 cor 0.025 cov 6.5901e-007 Eig 3.362e-005 2.035e-005 1stv 0.050 0.999 tan 20.079
80 21-13 mu 3.4791e-002 2.2854e-002 Var 2.9947e-005 1.2817e-004 cor 0.033 cov 2.0326e-006 Eig 1.282e-004 2.991e-005 1stv 0.021 1.000 tan 48.347
85 21-13 mu 3.1744e-002 4.1601e-002 Var 3.9641e-005 6.1776e-004 cor 0.035 cov 5.4886e-006 Eig 6.178e-004 3.959e-005 1stv 0.009 1.000 tan 105.339
90 21-13 mu 2.7839e-002 7.2806e-002 Var 4.6412e-005 2.7178e-003 cor 0.036 cov 1.2657e-005 Eig 2.718e-003 4.635e-005 1stv 0.005 1.000 tan 211.073
50 23-13 mu 4.1795e-003 4.2200e-004 Var 1.5614e-006 3.3879e-007 cor -0.034 cov -2.4385e-008 Eig 1.562e-006 3.383e-007 1stv 1.000 -0.020 tan -0.020
55 23-13 mu 6.7914e-003 8.4657e-004 Var 2.7984e-006 9.4741e-007 cor -0.034 cov -5.5528e-008 Eig 2.800e-006 9.457e-007 1stv 1.000 -0.030 tan -0.030
60 23-13 mu 1.0999e-002 1.6812e-003 Var 4.6481e-006 2.4435e-006 cor -0.035 cov -1.1778e-007 Eig 4.654e-006 2.437e-006 1stv 0.999 -0.053 tan -0.053
65 23-13 mu 1.7721e-002 3.3014e-003 Var 7.1092e-006 5.7742e-006 cor -0.036 cov -2.3171e-007 Eig 7.148e-006 5.735e-006 1stv 0.986 -0.166 tan -0.169
70 23-13 mu 2.8311e-002 6.3999e-003 Var 1.0596e-005 1.2998e-005 cor -0.037 cov -4.3960e-007 Eig 1.308e-005 1.052e-005 1stv 0.175 -0.985 tan -5.641
75 23-13 mu 4.4645e-002 1.2215e-002 Var 1.9391e-005 3.3587e-005 cor -0.037 cov -9.4448e-007 Eig 3.365e-005 1.933e-005 1stv 0.066 -0.998 tan -15.096
80 23-13 mu 6.9023e-002 2.2854e-002 Var 5.2951e-005 1.2817e-004 cor -0.034 cov -2.8099e-006 Eig 1.283e-004 5.285e-005 1stv 0.037 -0.999 tan -26.808
85 23-13 mu 1.0368e-001 4.1601e-002 Var 1.6576e-004 6.1776e-004 cor -0.032 cov -1.0199e-005 Eig 6.180e-004 1.655e-004 1stv 0.023 -1.000 tan -44.342
90 23-13 mu 1.4970e-001 7.2806e-002 Var 4.4527e-004 2.7178e-003 cor -0.031 cov -3.4013e-005 Eig 2.718e-003 4.448e-004 1stv 0.015 -1.000 tan -66.830
50 23-21 mu 4.1795e-003 4.1949e-002 Var 1.5614e-006 4.8649e-005 cor -0.017 cov -1.4986e-007 Eig 4.865e-005 1.561e-006 1stv 0.003 -1.000 tan -314.206
55 23-21 mu 6.7914e-003 4.1403e-002 Var 2.7984e-006 2.9067e-005 cor -0.027 cov -2.4353e-007 Eig 2.907e-005 2.796e-006 1stv 0.009 -1.000 tan -107.874
60 23-21 mu 1.0999e-002 4.0731e-002 Var 4.6481e-006 1.7104e-005 cor -0.043 cov -3.8574e-007 Eig 1.712e-005 4.636e-006 1stv 0.031 -1.000 tan -32.323
65 23-21 mu 1.7721e-002 3.9858e-002 Var 7.1092e-006 1.2275e-005 cor -0.062 cov -5.8113e-007 Eig 1.234e-005 7.045e-006 1stv 0.110 -0.994 tan -9.001
70 23-21 mu 2.8311e-002 3.8679e-002 Var 1.0596e-005 1.3804e-005 cor -0.072 cov -8.7288e-007 Eig 1.403e-005 1.037e-005 1stv 0.247 -0.969 tan -3.930
75 23-21 mu 4.4645e-002 3.7048e-002 Var 1.9391e-005 2.0387e-005 cor -0.081 cov -1.6199e-006 Eig 2.158e-005 1.819e-005 1stv 0.594 -0.804 tan -1.354
80 23-21 mu 6.9023e-002 3.4791e-002 Var 5.2951e-005 2.9947e-005 cor -0.110 cov -4.3877e-006 Eig 5.376e-005 2.914e-005 1stv 0.983 -0.181 tan -0.184
85 23-21 mu 1.0368e-001 3.1744e-002 Var 1.6576e-004 3.9641e-005 cor -0.166 cov -1.3474e-005 Eig 1.672e-004 3.822e-005 1stv 0.994 -0.105 tan -0.106
90 23-21 mu 1.4970e-001 2.7839e-002 Var 4.4527e-004 4.6412e-005 cor -0.248 cov -3.5625e-005 Eig 4.484e-004 4.326e-005 1stv 0.996 -0.088 tan -0.089
Prevalence combination of varying and fixed dummies 1
Warning Observed prevalence doesn't sum to 1 for state 2: probs[50][2][1]=0.000000 because of lack of cases.
Computing Health Expectancies: result on file 'E_BEMchr.txt' ...50|51|52|53|54|55|56|57|58|59|60|61|62|63|64|65|66|67|68|69|70|71|72|73|74|75|76|77|78|79|80|81|82|83|84|85|86|87|88|89|90|
done evsij
Computing Total Life expectancies with their standard errors: file 'T_BEMchr.txt' ...
  Computing State-specific Expectancies and standard errors: result on file 'STDE_BEMchr.txt' 
    Computing Covar. of State-specific Expectancies: result on file 'CVE_BEMchr.txt' 
      Computing Variance-covariance of State-specific Expectancies: file 'V_BEMchr.txt' ... 
# model  
#****** Result for:******
 cvevsij 50|51|52|53|54|55|56|57|58|59|60|61|62|63|64|65|66|67|68|69|70|71|72|73|74|75|76|77|78|79|80|81|82|83|84|85|86|87|88|89|90|
 end cvevsij 
 varevsij vpopbased=0 
Computing total mortality p.j=w1*p1j+w2*p2j+..: result on file 'PRMORPREV-1-STABLBASED_BEMchr.txt' 
Computing age specific forward period (stable) prevalences in each health state 
done selection
done State-specific expectancies
Computing Variance-covariance of forward period (stable) prevalence: file 'VPL_BEMchr.txt' ...
#****** ******
done variance-covariance of forward period prevalence
End of Imach with 0 errors and/or warnings 1. Please look at the log file for details.
Local time at start Tue Feb 04 22:21:36 2025

Local time at end   Tue Feb 04 22:21:42 2025

Total time used 0 day(s) 0 hour(s) 0 minute(s) 6 second(s)
Total time was 6 Sec.
