Log filename:BEMsr.log
Version 0.99r45 $Revision: 1.353 $ $Date: 2023/05/08 18:48:22 $
Enter the parameter file name: 
pathimach=C:\PROGRA~1\IMACH-~2.99R\bin\
pathtot=C:\Users\mmusz\Dropbox\gender_paradox\data\IMACHnew\BEMsr.txt
 path=C:\Users\mmusz\Dropbox\gender_paradox\data\IMACHnew\ 
 optionfile=BEMsr.txt
 optionfilext=txt
 optionfilefiname='BEMsr'
Compiled with: Microsoft Visual Studio for Windows (x64 and x86)  64-bit
The programm is not running under WOW64 (i.e probably on a 64bit Windows).
Local time (at start): Tue Feb 04 22:13:35 2025
title=sr datafile=dataBEMsr.txt lastobs=15000 firstpass=1 lastpass=2
ftol=1.000000e-018 stepm=6 ncovcol=0 nqv=0 ntv=0 nqtv=0 nlstate=2 ndeath=1 maxwav=2 mle=1 weight=1
model=1+age+
12 -2.163374 0.001796
13 -11.430840 0.102741
21 -2.163247 0.007404
23 -9.044211 0.090179
# Scales (for hessian or gradient estimation)
12 0.000000e+000 0.000000e+000
13 0.000000e+000 0.000000e+000
21 0.000000e+000 0.000000e+000
23 0.000000e+000 0.000000e+000
# Covariance matrix
121 0.00000e+000
122 0.00000e+000 0.00000e+000
131 0.00000e+000 0.00000e+000 0.00000e+000
132 0.00000e+000 0.00000e+000 0.00000e+000 0.00000e+000
211 0.00000e+000 0.00000e+000 0.00000e+000 0.00000e+000 0.00000e+000
212 0.00000e+000 0.00000e+000 0.00000e+000 0.00000e+000 0.00000e+000 0.00000e+000
231 0.00000e+000 0.00000e+000 0.00000e+000 0.00000e+000 0.00000e+000 0.00000e+000 0.00000e+000
232 0.00000e+000 0.00000e+000 0.00000e+000 0.00000e+000 0.00000e+000 0.00000e+000 0.00000e+000 0.00000e+000

Model=1+age+
Typevar: 0 for simple covariate (dummy, quantitative, fixed or varying), 1 for age product, 2 for  product, 3 for double product with age  
Fixed[k] 0=fixed (product or simple), 1 varying, 2 fixed with age product, 3 varying with age product 
Dummy[k] 0=dummy (0 1), 1 quantitative (single or product without age), 2 dummy with age product, 3 quant with age product
ncoveff=0, nqfveff=0, ntveff=0, nqtveff=0, cptcovn=0
ncovf=0, ncovv=0, ncova=0, nsd=0, nsq=0
Warning: The value of parameter lastobs=15000 is big compared to the 
  effective number of cases imx=2008, please adjust, 
  otherwise you are allocating more memory than necessary.
Total number of individuals= 2008, Agemin = 51.08, Agemax= 93.17

Information, you have to check 0 informations which haven't been logged!
Delay (in months) between two waves Min=2 (for indiviudal 1953) Max=34 (891) Mean=24.121016

 Age 51 1.=2 loss[1]=0.0% 2.=1 loss[2]=0.0% 1.=2 prev[1]=75.0% 2.=1 prev[2]=25.0% 11=2 12=1 13=0 21=0 22=1
Age 52 1.=2 loss[1]=0.0% 2.=1 loss[2]=0.0% 1.=2 prev[1]=78.8% 2.=1 prev[2]=21.2% 11=2 12=0 21=0 22=0
Age 53 1.=3 loss[1]=0.0% 2.=1 loss[2]=0.0% 1.=3 prev[1]=83.7% 2.=1 prev[2]=16.3% 11=2 12=1 21=0 22=1 23=0
Age 54 1.=3 loss[1]=0.0% 2.=0 loss[2]=0.0% 1.=3 prev[1]=89.0% 2.=0 prev[2]=11.0% 11=2 12=1 13=0 21=0 22=0
Age 55 1.=4 loss[1]=0.0% 2.=1 loss[2]=0.0% 1.=4 prev[1]=82.2% 2.=1 prev[2]=17.8% 11=3 12=1 21=0 22=1
Age 56 1.=3 loss[1]=0.0% 2.=1 loss[2]=0.0% 1.=3 prev[1]=80.5% 2.=1 prev[2]=19.5% 11=2 12=1 21=0 22=1
Age 57 1.=3 loss[1]=0.0% 2.=1 loss[2]=0.0% 1.=3 prev[1]=83.7% 2.=1 prev[2]=16.3% 11=2 12=1 21=0 22=0
Age 58 1.=2 loss[1]=0.0% 2.=0 loss[2]=0.0% 1.=2 prev[1]=84.6% 2.=0 prev[2]=15.4% 11=2 12=0 13=0 21=0 22=0 23=0
Age 59 1.=1 loss[1]=0.0% 2.=0 loss[2]=0.0% 1.=1 prev[1]=73.7% 2.=0 prev[2]=26.3% 11=1 12=0 21=0 22=0 23=0
Age 60 1.=2 loss[1]=0.0% 2.=1 loss[2]=0.0% 1.=2 prev[1]=77.8% 2.=1 prev[2]=22.2% 11=2 12=0 13=0 21=0 22=0 23=0
Age 61 1.=2 loss[1]=0.0% 2.=1 loss[2]=0.0% 1.=2 prev[1]=75.2% 2.=1 prev[2]=24.8% 11=2 12=0 21=0 22=0 23=0
Age 62 1.=2 loss[1]=0.0% 2.=1 loss[2]=0.0% 1.=2 prev[1]=71.2% 2.=1 prev[2]=28.8% 11=1 12=0 13=0 21=0 22=1
Age 63 1.=2 loss[1]=0.0% 2.=1 loss[2]=0.0% 1.=2 prev[1]=77.1% 2.=1 prev[2]=22.9% 11=2 12=0 13=0 21=0 22=0
Age 64 1.=3 loss[1]=0.0% 2.=1 loss[2]=0.0% 1.=3 prev[1]=81.3% 2.=1 prev[2]=18.7% 11=2 12=1 21=0 22=0 23=0
Age 65 1.=2 loss[1]=0.0% 2.=1 loss[2]=0.0% 1.=2 prev[1]=75.9% 2.=1 prev[2]=24.1% 11=2 12=1 13=0 21=0 22=0 23=0
Age 66 1.=3 loss[1]=0.0% 2.=1 loss[2]=0.0% 1.=3 prev[1]=79.6% 2.=1 prev[2]=20.4% 11=2 12=0 13=0 21=0 22=0
Age 67 1.=2 loss[1]=0.0% 2.=1 loss[2]=0.0% 1.=2 prev[1]=78.5% 2.=1 prev[2]=21.5% 11=2 12=0 21=0 22=0 23=0
Age 68 1.=2 loss[1]=0.0% 2.=0 loss[2]=0.0% 1.=2 prev[1]=86.3% 2.=0 prev[2]=13.7% 11=2 12=0 13=0 21=0 22=0 23=0
Age 69 1.=2 loss[1]=0.0% 2.=1 loss[2]=0.0% 1.=2 prev[1]=76.9% 2.=1 prev[2]=23.1% 11=2 12=0 13=0 21=0 22=0 23=0
Age 70 1.=2 loss[1]=0.0% 2.=1 loss[2]=0.0% 1.=2 prev[1]=79.5% 2.=1 prev[2]=20.5% 11=2 12=0 13=0 21=0 22=0 23=0
Age 71 1.=1 loss[1]=0.0% 2.=1 loss[2]=0.0% 1.=1 prev[1]=66.0% 2.=1 prev[2]=34.0% 11=1 12=0 13=0 21=0 22=0 23=0
Age 72 1.=1 loss[1]=0.0% 2.=0 loss[2]=0.0% 1.=1 prev[1]=72.4% 2.=0 prev[2]=27.6% 11=1 12=0 13=0 21=0 22=0
Age 73 1.=1 loss[1]=0.0% 2.=0 loss[2]=0.0% 1.=1 prev[1]=75.6% 2.=0 prev[2]=24.4% 11=1 12=0 13=0 21=0 22=0 23=0
Age 74 1.=1 loss[1]=0.0% 2.=1 loss[2]=0.0% 1.=1 prev[1]=69.4% 2.=1 prev[2]=30.6% 11=1 12=0 21=0 22=0 23=0
Age 75 1.=1 loss[1]=0.0% 2.=1 loss[2]=0.0% 1.=1 prev[1]=66.1% 2.=1 prev[2]=33.9% 11=1 12=0 21=0 22=0 23=0
Age 76 1.=1 loss[1]=0.0% 2.=0 loss[2]=0.0% 1.=1 prev[1]=74.0% 2.=0 prev[2]=26.0% 11=1 12=0 13=0 21=0 22=0 23=0
Age 77 1.=1 loss[1]=0.0% 2.=0 loss[2]=0.0% 1.=1 prev[1]=85.3% 2.=0 prev[2]=14.7% 11=1 12=0 13=0 22=0
Age 78 1.=1 loss[1]=0.0% 2.=1 loss[2]=0.0% 1.=1 prev[1]=64.6% 2.=1 prev[2]=35.4% 11=1 13=0 21=0 22=0 23=0
Age 79 1.=1 loss[1]=0.0% 2.=0 loss[2]=0.0% 1.=1 prev[1]=67.8% 2.=0 prev[2]=32.2% 11=1 12=0 13=0 21=0 22=0 23=0
Age 80 1.=1 loss[1]=0.0% 2.=1 loss[2]=0.0% 1.=1 prev[1]=70.1% 2.=1 prev[2]=29.9% 11=1 12=0 13=0 21=0 22=0 23=0
Age 81 1.=1 loss[1]=0.0% 2.=0 loss[2]=0.0% 1.=1 prev[1]=69.5% 2.=0 prev[2]=30.5% 11=0 12=0 21=0 22=0
Age 82 1.=1 loss[1]=0.0% 2.=0 loss[2]=0.0% 1.=1 prev[1]=62.9% 2.=0 prev[2]=37.1% 11=0 12=0 13=0 22=0 23=0
Age 83 1.=1 loss[1]=0.0% 2.=0 loss[2]=0.0% 1.=1 prev[1]=59.5% 2.=0 prev[2]=40.5% 11=0 12=0 13=0 21=0 22=0 23=0
Age 84 1.=1 loss[1]=0.0% 2.=0 loss[2]=0.0% 1.=1 prev[1]=57.8% 2.=0 prev[2]=42.2% 11=0 12=0 13=0 21=0 22=0 23=0
Age 85 1.=1 loss[1]=0.0% 2.=0 loss[2]=0.0% 1.=1 prev[1]=71.9% 2.=0 prev[2]=28.1% 11=0 12=0 13=0 21=0 22=0 23=0
Age 86 1.=0 loss[1]=0.0% 2.=0 loss[2]=0.0% 1.=0 prev[1]=68.8% 2.=0 prev[2]=31.2% 11=0 12=0 13=0 21=0 22=0 23=0
Age 87 1.=0 loss[1]=0.0% 2.=0 loss[2]=0.0% 1.=0 prev[1]=66.9% 2.=0 prev[2]=33.1% 11=0 12=0 13=0 21=0 22=0 23=0
Age 88 1.=0 loss[1]=0.0% 2.=0 loss[2]=0.0% 1.=0 prev[1]=26.8% 2.=0 prev[2]=73.2% 11=0 22=0 23=0
Age 89 1.=0 loss[1]=0.0% 2.=0 loss[2]=0.0% 1.=0 prev[1]=76.3% 2.=0 prev[2]=23.7% 11=0 12=0 13=0 21=0 23=0
Age 90 1.=0 loss[1]=0.0% 2.=0 loss[2]=0.0% 1.=0 prev[1]=65.9% 2.=0 prev[2]=34.1% 11=0 13=0 21=0 22=0 23=0
Age 91 1.=0 loss[1]=0.0% 2.=0 loss[2]=0.0% 1.=0 prev[1]=32.6% 2.=0 prev[2]=67.4% 13=0 21=0 23=0
Age 92 1.=0 loss[1]=NaNQ% 2.=0 loss[2]=NaNQ% 1.=0 prev[1]=NaNQ% 2.=0 prev[2]=NaNQ%
Age 93 1.=0 loss[1]=NaNQ% 2.=0 loss[2]=NaNQ% 1.=0 prev[1]=NaNQ% 2.=0 prev[2]=NaNQ%
1 1.=0 loss[1]=NaNQ% 2.=0 loss[2]=NaNQ% 1.=0 prev[1]=NaNQ% 2.=0 prev[2]=NaNQ%
0 1.=0 loss[1]=NaNQ% 2.=0 loss[2]=NaNQ% 1.=0 prev[1]=NaNQ% 2.=0 prev[2]=NaNQ%
Total 1.=63 loss[1]=0.0% 2.=19 loss[2]=0.0% 1.=63 prev[1]=76.9% 2.=19 prev[2]=23.1% 11=49 12=12 13=2 21=5 22=12 23=2


12   -2.1633738 ln(12/49)=   -1.4174912 
13  -11.4308396 ln(2/49)=   -3.1551001 
21   -2.1632470 ln(5/12)=   -0.9281969 
23   -9.0442113 ln(2/12)=   -1.7207319 

 -1-1=0 -10=0 -11=0 -12=0 -13=0 0-1=0 00=0 01=0 02=0 03=0 1-1=0 10=0 11=49 12=12 13=2 2-1=0 20=0 21=5 22=12 23=2 3-1=0 30=0 31=0 32=0 33=0
Powell

Powell iter=1 Big Iter=1 -2*LL=3136.541863976539 gain=0 0 sec. 1 sec.
#model=  1      +     age 
12   -2.1633738    0.0017959 
13  -11.4308396    0.1027407 
21   -2.1632470    0.0074040 
23   -9.0442113    0.0901795 
1.........2...............3......4...................5........6...............7.........8..................
Powell iter=2 Big Iter=2 -2*LL=2951.389674665618 gain=185 1 sec. 2 sec.
#model=  1      +     age 
12   -2.6440745    0.0018782 
13  -12.7712076    0.1033772 
21   -2.7385097    0.0074236 
23   -9.7256407    0.0900507 

Considering the time needed for this last iteration #2: 1 seconds,
   - if your program needs 1 BIG iterations  (2 iterations) to converge, convergence will be 
   reached in 0 day(s) 0 hour(s) 0 minute(s) 0 second(s) i.e.
   on Tue Feb 04 22:13:37 2025 (current time is Tue Feb 04 22:13:37 2025);
   - if your program needs 11 BIG iterations  (22 iterations) to converge, convergence will be 
   reached in 0 day(s) 0 hour(s) 0 minute(s) 20 second(s) i.e.
   on Tue Feb 04 22:13:57 2025 (current time is Tue Feb 04 22:13:37 2025);
   - if your program needs 21 BIG iterations  (42 iterations) to converge, convergence will be 
   reached in 0 day(s) 0 hour(s) 0 minute(s) 40 second(s) i.e.
   on Tue Feb 04 22:14:17 2025 (current time is Tue Feb 04 22:13:37 2025);
   - if your program needs 31 BIG iterations  (62 iterations) to converge, convergence will be 
   reached in 0 day(s) 0 hour(s) 1 minute(s) 0 second(s) i.e.
   on Tue Feb 04 22:14:37 2025 (current time is Tue Feb 04 22:13:37 2025);
1.........2...............3.........4...................5.........6...............7..........8.................
Powell iter=3 Big Iter=2 -2*LL=2940.861577680940 gain=10.5 2 sec. 4 sec.
#model=  1      +     age 
12   -2.7924541    0.0019381 
13  -12.4159708    0.1036015 
21   -2.8606144    0.0073863 
23   -9.8189876    0.0899348 

Considering the time needed for this last iteration #3: 2 seconds,
   - if your program needs 1 BIG iterations  (2 iterations) to converge, convergence will be 
   reached in 0 day(s) 0 hour(s) 0 minute(s) -2 second(s) i.e.
   on Tue Feb 04 22:13:37 2025 (current time is Tue Feb 04 22:13:39 2025);
   - if your program needs 11 BIG iterations  (22 iterations) to converge, convergence will be 
   reached in 0 day(s) 0 hour(s) 0 minute(s) 38 second(s) i.e.
   on Tue Feb 04 22:14:17 2025 (current time is Tue Feb 04 22:13:39 2025);
   - if your program needs 21 BIG iterations  (42 iterations) to converge, convergence will be 
   reached in 0 day(s) 0 hour(s) 1 minute(s) 18 second(s) i.e.
   on Tue Feb 04 22:14:57 2025 (current time is Tue Feb 04 22:13:39 2025);
   - if your program needs 31 BIG iterations  (62 iterations) to converge, convergence will be 
   reached in 0 day(s) 0 hour(s) 1 minute(s) 58 second(s) i.e.
   on Tue Feb 04 22:15:37 2025 (current time is Tue Feb 04 22:13:39 2025);
1.........2................3..........4...................5.........6...............7..........8..........................Gaining to use new average direction of P0 P8 instead of biggest increase direction 1 :

Powell iter=4 Big Iter=3 -2*LL=2940.238977296937 gain=0.623 1 sec. 5 sec.
#model=  1      +     age 
12   -2.8438562    0.0019605 
13  -12.3830612    0.1038138 
21   -2.8833824    0.0073479 
23   -9.8281522    0.0898056 
1........................2...............3..........4...................5.........6...............7..........8.......
Powell iter=5 Big Iter=3 -2*LL=2940.225547911722 gain=0.0134 2 sec. 7 sec.
#model=  1      +     age 
12   -2.8432201    0.0019511 
13  -12.3967224    0.1039872 
21   -2.8810357    0.0073164 
23   -9.8195931    0.0898072 
1..................2................3..........4...................5.........6...............7..........8.............Gaining to use new average direction of P0 P8 instead of biggest increase direction 4 :

Powell iter=6 Big Iter=4 -2*LL=2939.353930214677 gain=0.872 2 sec. 9 sec.
#model=  1      +     age 
12   -2.7807818    0.0010477 
13  -13.8106023    0.1220930 
21   -2.6542357    0.0040702 
23   -8.9283978    0.0783182 
1..................2................3..........4.......5.........6...............7..........8........directest= 0.811801711841 (if directest<0 or t<0 we include P0 Pn as new direction), t= -0.009951647447, f1= 2939.353930214677,f2= 2939.332250984595,f3= 2940.153682965879, del= 0.015654749763
f1-2f2+f3= 0.843111211366, f1-f2-del= 0.006024480319, f1-f3= -0.799752751202

Powell iter=7 Big Iter=4 -2*LL=2939.332250984595 gain=0.0217 1 sec. 10 sec.
#model=  1      +     age 
12   -2.7787727    0.0010374 
13  -13.8721387    0.1225385 
21   -2.6512985    0.0040313 
23   -8.9007660    0.0779569 
1....................2................3..........4.......5.........6...............7.........8..............Gaining to use new average direction of P0 P8 instead of biggest increase direction 6 :

Powell iter=8 Big Iter=5 -2*LL=2939.324835676609 gain=0.00742 1 sec. 11 sec.
#model=  1      +     age 
12   -2.7820467    0.0010866 
13  -13.9298763    0.1230385 
21   -2.6632958    0.0042101 
23   -8.8740220    0.0776368 
1..................2................3..........4......5.........6........7...........8........
Powell iter=9 Big Iter=5 -2*LL=2939.315624025061 gain=0.00921 2 sec. 13 sec.
#model=  1      +     age 
12   -2.7866662    0.0011572 
13  -13.9394638    0.1231671 
21   -2.6773234    0.0043744 
23   -8.8694626    0.0775787 
1..................2................3..........4......5.........6........7.........8.............Gaining to use new average direction of P0 P8 instead of biggest increase direction 3 :

Powell iter=10 Big Iter=6 -2*LL=2939.273185073856 gain=0.0424 1 sec. 14 sec.
#model=  1      +     age 
12   -2.8300597    0.0018314 
13  -14.0479591    0.1246963 
21   -2.7952646    0.0061163 
23   -8.8146506    0.0768827 
1.........................2................3.........4...........5............6...........7..........8..........directest= 0.035876651957 (if directest<0 or t<0 we include P0 Pn as new direction), t= -0.000000175360, f1= 2939.273185073856,f2= 2939.272901178448,f3= 2939.308773227849, del= 0.000139646425
f1-2f2+f3= 0.036155944808, f1-f2-del= 0.000144248982, f1-f3= -0.035588153993

Powell iter=11 Big Iter=6 -2*LL=2939.272901178448 gain=0.000284 2 sec. 16 sec.
#model=  1      +     age 
12   -2.8301749    0.0018252 
13  -14.0512163    0.1247403 
21   -2.7959795    0.0061266 
23   -8.8141449    0.0768619 
1..................2.......................3...........4..........5..............6..........7..........8......................Gaining to use new average direction of P0 P8 instead of biggest increase direction 7 :

Powell iter=12 Big Iter=7 -2*LL=2939.262114290199 gain=0.0108 0 sec. 16 sec.
#model=  1      +     age 
12   -2.8130097    0.0015761 
13  -14.2235285    0.1269220 
21   -2.7989550    0.0061745 
23   -8.8419954    0.0772304 
1..................2.................3........4.............5..........6........7................8.........directest= 0.010609658083 (if directest<0 or t<0 we include P0 Pn as new direction), t= -0.000000017043, f1= 2939.262114290199,f2= 2939.261838019583,f3= 2939.272493228482, del= 0.000160910716
f1-2f2+f3= 0.010931479516, f1-f2-del= 0.000115359900, f1-f3= -0.010378938283

Powell iter=13 Big Iter=7 -2*LL=2939.261838019583 gain=0.000276 1 sec. 17 sec.
#model=  1      +     age 
12   -2.8135217    0.0015778 
13  -14.2172743    0.1268301 
21   -2.8018011    0.0062125 
23   -8.8481928    0.0773342 
1.....................2...................3.........4............5....................6..............7..........................8....................
Powell iter=14 Big Iter=8 -2*LL=2939.261837341646 gain=6.78e-007 0 sec. 17 sec.
#model=  1      +     age 
12   -2.8135588    0.0015778 
13  -14.2170490    0.1268277 
21   -2.8018356    0.0062132 
23   -8.8483981    0.0773376 
1.......................2..................3.................4............5..................6...................7......................8........................Gaining to use new average direction of P0 P8 instead of biggest increase direction 2 :

Powell iter=15 Big Iter=8 -2*LL=2939.261826946389 gain=1.04e-005 0 sec. 17 sec.
#model=  1      +     age 
12   -2.8143870    0.0015900 
13  -14.2170511    0.1268291 
21   -2.8014123    0.0062071 
23   -8.8493130    0.0773457 
1..................2............3...........4..........5................6.................7..............8........
Powell iter=16 Big Iter=9 -2*LL=2939.261818820564 gain=8.13e-006 1 sec. 18 sec.
#model=  1      +     age 
12   -2.8147697    0.0015961 
13  -14.2177488    0.1268360 
21   -2.8012658    0.0062049 
23   -8.8494957    0.0773503 
1..................2.................3..........4...................5...................6..............7................8..................Gaining to use new average direction of P0 P8 instead of biggest increase direction 1 :

Powell iter=17 Big Iter=9 -2*LL=2939.261815344014 gain=3.48e-006 0 sec. 18 sec.
#model=  1      +     age 
12   -2.8152169    0.0016033 
13  -14.2185422    0.1268442 
21   -2.8010656    0.0062020 
23   -8.8497893    0.0773569 
1................2.................3...........................4.....................5.......................6..........................7..................................8...........................directest= 0.000001029146 (if directest<0 or t<0 we include P0 Pn as new direction), t= -0.000000000000, f1= 2939.261815344014,f2= 2939.261815343886,f3= 2939.261816373071, del= 0.000000000083
f1-2f2+f3= 0.000001029312, f1-f2-del= 0.000000000044, f1-f3= -0.000001029058

Powell iter=18 Big Iter=10 -2*LL=2939.261815343886 gain=1.27e-010 3 sec. 21 sec.
#model=  1      +     age 
12   -2.8152176    0.0016033 
13  -14.2185233    0.1268439 
21   -2.8010639    0.0062020 
23   -8.8497882    0.0773569 
1...................................2...........................3......................4.............................5.....................6......................7.....................................8.......................................
#Number of iterations & function calls = 18 & 2663, -2 Log likelihood = 2939.261815343886
# Parameters nlstate*nlstate*ncov a12*1 + b12 * age + ...
#model=  1      +     age 
12   -2.8152176    0.0016033 
13  -14.2185233    0.1268439 
21   -2.8010639    0.0062020 
23   -8.8497882    0.0773569 

Calculation of the hessian matrix. Wait...
1-2-3-4-5-6-7-8-.1-2.1-3.1-4.1-5.1-6.1-7.1-8.2-3.2-4.2-5.2-6.2-7.2-8.3-4.3-5.3-6.3-7.3-8.4-5.4-6.4-7.4-8.5-6.5-7.5-8.6-7.6-8.7-8

Inverting the hessian to get the covariance matrix. Wait...

#Hessian matrix#
2.680440e+002 1.751167e+004 8.463675e+000 6.213001e+002 -4.873300e+001 -3.242911e+003 -7.886424e+000 -5.877112e+002 
1.751167e+004 1.167624e+006 6.135721e+002 4.593216e+004 -3.233491e+003 -2.196404e+005 -5.859128e+002 -4.449423e+004 
8.463675e+000 6.135721e+002 2.191644e+001 1.745627e+003 -3.931469e+000 -3.084628e+002 1.122456e+001 8.441874e+002 
6.213001e+002 4.593216e+004 1.745627e+003 1.404754e+005 -3.104873e+002 -2.471554e+004 8.438871e+002 6.468958e+004 
-4.873300e+001 -3.233491e+003 -3.931469e+000 -3.104873e+002 1.058326e+002 7.196020e+003 -2.860813e+000 -2.098675e+002 
-3.242911e+003 -2.196404e+005 -3.084628e+002 -2.471554e+004 7.196020e+003 5.006655e+005 -2.087235e+002 -1.556584e+004 
-7.886424e+000 -5.859128e+002 1.122456e+001 8.438871e+002 -2.860813e+000 -2.087235e+002 5.435883e+001 4.099502e+003 
-5.877112e+002 -4.449423e+004 8.441874e+002 6.468958e+004 -2.098675e+002 -1.556584e+004 4.099502e+003 3.145887e+005 
Parameters, Wald tests and Wald-based confidence intervals
 W is simply the result of the division of the parameter by the square root of covariance of the parameter.
 And Wald-based confidence intervals plus and minus 1.96 * W 
  It might be better to visualize the covariance matrix. See the page 'Matrix of variance-covariance of one-step probabilities' and its graphs.
12   -2.8152176(   0.4531240) W=  -6.213 CI=[  -3.7033405 ;   -1.9270946]    0.0016033(   0.0068660) W=   0.234 CI=[  -0.0118540 ;    0.0150606] 
13  -14.2185233(   2.4617301) W=  -5.776 CI=[ -19.0435143 ;   -9.3935323]    0.1268439(   0.0305551) W=   4.151 CI=[   0.0669560 ;    0.1867319] 
21   -2.8010639(   0.6729364) W=  -4.162 CI=[  -4.1200192 ;   -1.4821087]    0.0062020(   0.0097848) W=   0.634 CI=[  -0.0129762 ;    0.0253802] 
23   -8.8497882(   1.1806113) W=  -7.496 CI=[ -11.1637864 ;   -6.5357901]    0.0773569(   0.0153407) W=   5.043 CI=[   0.0472890 ;    0.1074247] 
# Scales (for hessian or gradient estimation)
12 1.00000e-004 1.00000e-006
13 2.00000e-003 2.00000e-005
21 1.00000e-004 1.00000e-005
23 1.00000e-003 1.00000e-005
# Covariance matrix 
# 121 Var(a12)
# 122 Cov(b12,a12) Var(b12)
#   ...
# 232 Cov(b23,a12)  Cov(b23,b12) ... Var (b23)
#121 Var(a12)
#122 Cov(b12,a12) Var(b12)
#131 Cov(a13,a12) Cov(a13,b12) Var(a13)
#132 Cov(b13,a12) Cov(b13,b12) Cov(b13,a13) Var(b13)
#211 Cov(a21,a12) Cov(a21,b12) Cov(a21,a13) Cov(a21,b13) Var(a21)
#212 Cov(b21,a12) Cov(b21,b12) Cov(b21,a13) Cov(b21,b13) Cov(b21,a21) Var(b21)
#231 Cov(a23,a12) Cov(a23,b12) Cov(a23,a13) Cov(a23,b13) Cov(a23,a21) Cov(a23,b21) Var(a23)
#232 Cov(b23,a12) Cov(b23,b12) Cov(b23,a13) Cov(b23,b13) Cov(b23,a21) Cov(b23,b21) Cov(b23,a23) Var(b23)
121 2.0532132e-001
122 -3.07884e-003 4.7141527e-005
131 -1.19907e-001 1.49848e-003 6.0601150e+000
132 1.58777e-003 -2.04682e-005 -7.48891e-002 9.3361251e-004
211 8.00395e-002 -1.16903e-003 5.13140e-002 -7.44391e-004 4.5284333e-001
212 -1.16785e-003 1.74811e-005 -8.63884e-004 1.24399e-005 -6.50862e-003 9.5742469e-005
231 6.04246e-002 -8.27434e-004 -1.39302e+000 1.72160e-002 2.03486e-002 -2.50016e-004 1.3938430e+000
232 -8.48412e-004 1.19711e-005 1.72698e-002 -2.15175e-004 -2.85559e-004 3.70421e-006 -1.79686e-002 2.3533823e-004
# agemin agemax for life expectancy, bage fage (if mle==0 ie no data nor Max likelihood).
# Observed prevalence period
begin-prev-date=1/1/2016 end-prev-date=1/9/2018 mov_average=0
# Health expectancies computed from stable (period) prevalence (pop_based=0) or population based (1)
pop_based=0
# Prevalence forecasting and backcasting is skept here
##prevforecast=0  starting-proj-date=1/1/1989 final-proj-date=1/1/1990 mobil_average=0
#prevforecast=1 yearsfproj=10 mobil_average=0
#prevbackcast=1 yearsbproj=10 mobil_average=1
result:  .
End of resultlines.

Computing forward period (stable) prevalence: result on file 'PL_BEMsr.txt' 
#************
Computing pij: result on file 'PIJ_BEMsr.txt' 
Computing standard deviation of one-step probabilities: result on file 'PROB_rBEMsr.txt' 
Computing matrix of variance covariance of one-step probabilities: result on file 'PROBCOV_BEMsr.txt' 
and correlation matrix of one-step probabilities: result on file 'PROBCOR_BEMsr.txt' 
50 13-12 mu 7.1273e-004 1.2183e-001 Var 4.6059e-007 2.0032e-004 cor -0.153 cov -1.4705e-006 Eig 2.003e-004 4.498e-007 1stv 0.007 -1.000 tan -135.920
55 13-12 mu 1.3428e-003 1.2271e-001 Var 1.1669e-006 1.2299e-004 cor -0.169 cov -2.0264e-006 Eig 1.230e-004 1.133e-006 1stv 0.017 -1.000 tan -60.134
60 13-12 mu 2.5292e-003 1.2356e-001 Var 2.7787e-006 7.5183e-005 cor -0.189 cov -2.7374e-006 Eig 7.529e-005 2.675e-006 1stv 0.038 -0.999 tan -26.487
65 13-12 mu 4.7612e-003 1.2436e-001 Var 6.0867e-006 5.8170e-005 cor -0.198 cov -3.7264e-006 Eig 5.844e-005 5.821e-006 1stv 0.071 -0.997 tan -14.048
70 13-12 mu 8.9541e-003 1.2503e-001 Var 1.1990e-005 7.3109e-005 cor -0.184 cov -5.4479e-006 Eig 7.359e-005 1.151e-005 1stv 0.088 -0.996 tan -11.307
75 13-12 mu 1.6808e-002 1.2548e-001 Var 2.1893e-005 1.2085e-004 cor -0.184 cov -9.4561e-006 Eig 1.217e-004 2.100e-005 1stv 0.094 -0.996 tan -10.559
80 13-12 mu 3.1443e-002 1.2549e-001 Var 5.1295e-005 2.0146e-004 cor -0.208 cov -2.1167e-005 Eig 2.044e-004 4.837e-005 1stv 0.137 -0.991 tan -7.232
85 13-12 mu 5.8444e-002 1.2470e-001 Var 2.4181e-004 3.1349e-004 cor -0.222 cov -6.1242e-005 Eig 3.486e-004 2.067e-004 1stv 0.497 -0.867 tan -1.744
90 13-12 mu 1.0737e-001 1.2247e-001 Var 1.4815e-003 4.5409e-004 cor -0.260 cov -2.1308e-004 Eig 1.524e-003 4.116e-004 1stv 0.981 -0.195 tan -0.199
50 21-12 mu 1.5202e-001 1.2183e-001 Var 8.1506e-004 2.0032e-004 cor 0.273 cov 1.1012e-004 Eig 8.342e-004 1.812e-004 1stv 0.985 0.171 tan 0.174
55 21-12 mu 1.5598e-001 1.2271e-001 Var 5.4779e-004 1.2299e-004 cor 0.277 cov 7.1974e-005 Eig 5.597e-004 1.111e-004 1stv 0.987 0.163 tan 0.165
60 21-12 mu 1.5980e-001 1.2356e-001 Var 3.5572e-004 7.5183e-005 cor 0.283 cov 4.6251e-005 Eig 3.631e-004 6.775e-005 1stv 0.987 0.159 tan 0.161
65 21-12 mu 1.6338e-001 1.2436e-001 Var 2.5228e-004 5.8170e-005 cor 0.282 cov 3.4183e-005 Eig 2.581e-004 5.233e-005 1stv 0.986 0.169 tan 0.171
70 21-12 mu 1.6655e-001 1.2503e-001 Var 2.5041e-004 7.3109e-005 cor 0.272 cov 3.6795e-005 Eig 2.577e-004 6.578e-005 1stv 0.981 0.195 tan 0.199
75 21-12 mu 1.6907e-001 1.2548e-001 Var 3.6065e-004 1.2085e-004 cor 0.261 cov 5.4560e-005 Eig 3.725e-004 1.090e-004 1stv 0.977 0.212 tan 0.217
80 21-12 mu 1.7060e-001 1.2549e-001 Var 5.8841e-004 2.0146e-004 cor 0.252 cov 8.6687e-005 Eig 6.069e-004 1.829e-004 1stv 0.978 0.209 tan 0.214
85 21-12 mu 1.7070e-001 1.2470e-001 Var 9.3030e-004 3.1349e-004 cor 0.240 cov 1.2963e-004 Eig 9.564e-004 2.873e-004 1stv 0.980 0.198 tan 0.202
90 21-12 mu 1.6882e-001 1.2247e-001 Var 1.3708e-003 4.5409e-004 cor 0.221 cov 1.7401e-004 Eig 1.403e-003 4.222e-004 1stv 0.984 0.180 tan 0.183
50 23-12 mu 1.2592e-002 1.2183e-001 Var 2.8987e-005 2.0032e-004 cor 0.115 cov 8.7481e-006 Eig 2.008e-004 2.854e-005 1stv 0.051 0.999 tan 19.637
55 23-12 mu 1.8439e-002 1.2271e-001 Var 4.3067e-005 1.2299e-004 cor 0.122 cov 8.8914e-006 Eig 1.240e-004 4.209e-005 1stv 0.109 0.994 tan 9.098
60 23-12 mu 2.6964e-002 1.2356e-001 Var 5.9922e-005 7.5183e-005 cor 0.132 cov 8.8785e-006 Eig 7.926e-005 5.585e-005 1stv 0.417 0.909 tan 2.178
65 23-12 mu 3.9347e-002 1.2436e-001 Var 7.7535e-005 5.8170e-005 cor 0.138 cov 9.2647e-006 Eig 8.125e-005 5.445e-005 1stv 0.928 0.372 tan 0.401
70 23-12 mu 5.7250e-002 1.2503e-001 Var 9.6808e-005 7.3109e-005 cor 0.136 cov 1.1418e-005 Eig 1.014e-004 6.850e-005 1stv 0.927 0.374 tan 0.403
75 23-12 mu 8.2946e-002 1.2548e-001 Var 1.4077e-004 1.2085e-004 cor 0.140 cov 1.8255e-005 Eig 1.516e-004 1.100e-004 1stv 0.860 0.510 tan 0.594
80 23-12 mu 1.1946e-001 1.2549e-001 Var 3.1558e-004 2.0146e-004 cor 0.142 cov 3.5855e-005 Eig 3.259e-004 1.911e-004 1stv 0.961 0.277 tan 0.288
85 23-12 mu 1.7060e-001 1.2470e-001 Var 9.6277e-004 3.1349e-004 cor 0.142 cov 7.7970e-005 Eig 9.720e-004 3.043e-004 1stv 0.993 0.118 tan 0.118
90 23-12 mu 2.4082e-001 1.2247e-001 Var 2.9544e-003 4.5409e-004 cor 0.155 cov 1.7927e-004 Eig 2.967e-003 4.413e-004 1stv 0.997 0.071 tan 0.071
50 21-13 mu 1.5202e-001 7.1273e-004 Var 8.1506e-004 4.6059e-007 cor 0.015 cov 2.9931e-007 Eig 8.151e-004 4.605e-007 1stv 1.000 0.000 tan 0.000
55 21-13 mu 1.5598e-001 1.3428e-003 Var 5.4779e-004 1.1669e-006 cor 0.013 cov 3.2707e-007 Eig 5.478e-004 1.167e-006 1stv 1.000 0.001 tan 0.001
60 21-13 mu 1.5980e-001 2.5292e-003 Var 3.5572e-004 2.7787e-006 cor 0.010 cov 3.2560e-007 Eig 3.557e-004 2.778e-006 1stv 1.000 0.001 tan 0.001
65 21-13 mu 1.6338e-001 4.7612e-003 Var 2.5228e-004 6.0867e-006 cor 0.009 cov 3.6375e-007 Eig 2.523e-004 6.086e-006 1stv 1.000 0.001 tan 0.001
70 21-13 mu 1.6655e-001 8.9541e-003 Var 2.5041e-004 1.1990e-005 cor 0.015 cov 8.2100e-007 Eig 2.504e-004 1.199e-005 1stv 1.000 0.003 tan 0.003
75 21-13 mu 1.6907e-001 1.6808e-002 Var 3.6065e-004 2.1893e-005 cor 0.036 cov 3.2125e-006 Eig 3.607e-004 2.186e-005 1stv 1.000 0.009 tan 0.009
80 21-13 mu 1.7060e-001 3.1443e-002 Var 5.8841e-004 5.1295e-005 cor 0.075 cov 1.3039e-005 Eig 5.887e-004 5.098e-005 1stv 1.000 0.024 tan 0.024
85 21-13 mu 1.7070e-001 5.8444e-002 Var 9.3030e-004 2.4181e-004 cor 0.104 cov 4.9143e-005 Eig 9.338e-004 2.383e-004 1stv 0.997 0.071 tan 0.071
90 21-13 mu 1.6882e-001 1.0737e-001 Var 1.3708e-003 1.4815e-003 cor 0.120 cov 1.7108e-004 Eig 1.606e-003 1.246e-003 1stv 0.588 0.809 tan 1.374
50 23-13 mu 1.2592e-002 7.1273e-004 Var 2.8987e-005 4.6059e-007 cor -0.506 cov -1.8471e-006 Eig 2.911e-005 3.415e-007 1stv 0.998 -0.064 tan -0.064
55 23-13 mu 1.8439e-002 1.3428e-003 Var 4.3067e-005 1.1669e-006 cor -0.510 cov -3.6160e-006 Eig 4.338e-005 8.571e-007 1stv 0.996 -0.085 tan -0.086
60 23-13 mu 2.6964e-002 2.5292e-003 Var 5.9922e-005 2.7787e-006 cor -0.514 cov -6.6278e-006 Eig 6.068e-005 2.020e-006 1stv 0.994 -0.114 tan -0.114
65 23-13 mu 3.9347e-002 4.7612e-003 Var 7.7535e-005 6.0867e-006 cor -0.511 cov -1.1107e-005 Eig 7.922e-005 4.400e-006 1stv 0.989 -0.150 tan -0.152
70 23-13 mu 5.7250e-002 8.9541e-003 Var 9.6808e-005 1.1990e-005 cor -0.487 cov -1.6580e-005 Eig 9.993e-005 8.864e-006 1stv 0.983 -0.185 tan -0.189
75 23-13 mu 8.2946e-002 1.6808e-002 Var 1.4077e-004 2.1893e-005 cor -0.409 cov -2.2686e-005 Eig 1.450e-004 1.771e-005 1stv 0.983 -0.181 tan -0.184
80 23-13 mu 1.1946e-001 3.1443e-002 Var 3.1558e-004 5.1295e-005 cor -0.318 cov -4.0484e-005 Eig 3.216e-004 4.523e-005 1stv 0.989 -0.148 tan -0.150
85 23-13 mu 1.7060e-001 5.8444e-002 Var 9.6277e-004 2.4181e-004 cor -0.312 cov -1.5078e-004 Eig 9.930e-004 2.115e-004 1stv 0.980 -0.197 tan -0.201
90 23-13 mu 2.4082e-001 1.0737e-001 Var 2.9544e-003 1.4815e-003 cor -0.342 cov -7.1621e-004 Eig 3.245e-003 1.191e-003 1stv 0.927 -0.376 tan -0.406
50 23-21 mu 1.2592e-002 1.5202e-001 Var 2.8987e-005 8.1506e-004 cor -0.018 cov -2.8001e-006 Eig 8.151e-004 2.898e-005 1stv 0.004 -1.000 tan -280.733
55 23-21 mu 1.8439e-002 1.5598e-001 Var 4.3067e-005 5.4779e-004 cor -0.022 cov -3.3637e-006 Eig 5.478e-004 4.304e-005 1stv 0.007 -1.000 tan -150.056
60 23-21 mu 2.6964e-002 1.5980e-001 Var 5.9922e-005 3.5572e-004 cor -0.028 cov -4.0160e-006 Eig 3.558e-004 5.987e-005 1stv 0.014 -1.000 tan -73.668
65 23-21 mu 3.9347e-002 1.6338e-001 Var 7.7535e-005 2.5228e-004 cor -0.036 cov -5.0151e-006 Eig 2.524e-004 7.739e-005 1stv 0.029 -1.000 tan -34.873
70 23-21 mu 5.7250e-002 1.6655e-001 Var 9.6808e-005 2.5041e-004 cor -0.049 cov -7.5777e-006 Eig 2.508e-004 9.644e-005 1stv 0.049 -0.999 tan -20.320
75 23-21 mu 8.2946e-002 1.6907e-001 Var 1.4077e-004 3.6065e-004 cor -0.072 cov -1.6279e-005 Eig 3.619e-004 1.396e-004 1stv 0.073 -0.997 tan -13.581
80 23-21 mu 1.1946e-001 1.7060e-001 Var 3.1558e-004 5.8841e-004 cor -0.106 cov -4.5831e-005 Eig 5.959e-004 3.081e-004 1stv 0.161 -0.987 tan -6.117
85 23-21 mu 1.7060e-001 1.7070e-001 Var 9.6277e-004 9.3030e-004 cor -0.145 cov -1.3739e-004 Eig 1.085e-003 8.082e-004 1stv 0.747 -0.664 tan -0.889
90 23-21 mu 2.4082e-001 1.6882e-001 Var 2.9544e-003 1.3708e-003 cor -0.194 cov -3.9022e-004 Eig 3.045e-003 1.280e-003 1stv 0.974 -0.227 tan -0.233
Prevalence combination of varying and fixed dummies 1
Warning Observed prevalence doesn't sum to 1 for state 2: probs[50][2][1]=0.000000 because of lack of cases.
Warning Observed prevalence doesn't sum to 1 for state 1: probs[51][1][1]=0.000000 because of lack of cases.
Warning Observed prevalence doesn't sum to 1 for state 2: probs[51][2][1]=0.000000 because of lack of cases.
Warning Observed prevalence doesn't sum to 1 for state 1: probs[52][1][1]=0.000000 because of lack of cases.
Warning Observed prevalence doesn't sum to 1 for state 2: probs[52][2][1]=0.000000 because of lack of cases.
Warning Observed prevalence doesn't sum to 1 for state 1: probs[53][1][1]=0.000000 because of lack of cases.
Warning Observed prevalence doesn't sum to 1 for state 2: probs[53][2][1]=0.000000 because of lack of cases.
Warning Observed prevalence doesn't sum to 1 for state 1: probs[54][1][1]=0.000000 because of lack of cases.
Warning Observed prevalence doesn't sum to 1 for state 2: probs[54][2][1]=0.000000 because of lack of cases.
Warning Observed prevalence doesn't sum to 1 for state 1: probs[55][1][1]=0.000000 because of lack of cases.
Warning Observed prevalence doesn't sum to 1 for state 2: probs[55][2][1]=0.000000 because of lack of cases.
Warning Observed prevalence doesn't sum to 1 for state 1: probs[56][1][1]=0.000000 because of lack of cases.
Warning Observed prevalence doesn't sum to 1 for state 2: probs[56][2][1]=0.000000 because of lack of cases.
Warning Observed prevalence doesn't sum to 1 for state 1: probs[57][1][1]=0.000000 because of lack of cases.
Warning Observed prevalence doesn't sum to 1 for state 2: probs[57][2][1]=0.000000 because of lack of cases.
Warning Observed prevalence doesn't sum to 1 for state 1: probs[58][1][1]=0.000000 because of lack of cases.
Warning Observed prevalence doesn't sum to 1 for state 2: probs[58][2][1]=0.000000 because of lack of cases.
Warning Observed prevalence doesn't sum to 1 for state 1: probs[59][1][1]=0.000000 because of lack of cases.
Warning Observed prevalence doesn't sum to 1 for state 2: probs[59][2][1]=0.000000 because of lack of cases.
Warning Observed prevalence doesn't sum to 1 for state 1: probs[60][1][1]=0.000000 because of lack of cases.
Warning Observed prevalence doesn't sum to 1 for state 2: probs[60][2][1]=0.000000 because of lack of cases.
Warning Observed prevalence doesn't sum to 1 for state 1: probs[61][1][1]=0.000000 because of lack of cases.
Warning Observed prevalence doesn't sum to 1 for state 2: probs[61][2][1]=0.000000 because of lack of cases.
Warning Observed prevalence doesn't sum to 1 for state 1: probs[62][1][1]=0.000000 because of lack of cases.
Warning Observed prevalence doesn't sum to 1 for state 2: probs[62][2][1]=0.000000 because of lack of cases.
Warning Observed prevalence doesn't sum to 1 for state 1: probs[63][1][1]=0.000000 because of lack of cases.
Warning Observed prevalence doesn't sum to 1 for state 2: probs[63][2][1]=0.000000 because of lack of cases.
Warning Observed prevalence doesn't sum to 1 for state 1: probs[64][1][1]=0.000000 because of lack of cases.
Warning Observed prevalence doesn't sum to 1 for state 2: probs[64][2][1]=0.000000 because of lack of cases.
Warning Observed prevalence doesn't sum to 1 for state 1: probs[65][1][1]=0.000000 because of lack of cases.
Warning Observed prevalence doesn't sum to 1 for state 2: probs[65][2][1]=0.000000 because of lack of cases.
Warning Observed prevalence doesn't sum to 1 for state 1: probs[66][1][1]=0.000000 because of lack of cases.
Warning Observed prevalence doesn't sum to 1 for state 2: probs[66][2][1]=0.000000 because of lack of cases.
Warning Observed prevalence doesn't sum to 1 for state 1: probs[67][1][1]=0.000000 because of lack of cases.
Warning Observed prevalence doesn't sum to 1 for state 2: probs[67][2][1]=0.000000 because of lack of cases.
Warning Observed prevalence doesn't sum to 1 for state 1: probs[68][1][1]=0.000000 because of lack of cases.
Warning Observed prevalence doesn't sum to 1 for state 2: probs[68][2][1]=0.000000 because of lack of cases.
Warning Observed prevalence doesn't sum to 1 for state 1: probs[69][1][1]=0.000000 because of lack of cases.
Warning Observed prevalence doesn't sum to 1 for state 2: probs[69][2][1]=0.000000 because of lack of cases.
Warning Observed prevalence doesn't sum to 1 for state 1: probs[70][1][1]=0.000000 because of lack of cases.
Warning Observed prevalence doesn't sum to 1 for state 2: probs[70][2][1]=0.000000 because of lack of cases.
Warning Observed prevalence doesn't sum to 1 for state 1: probs[71][1][1]=0.000000 because of lack of cases.
Warning Observed prevalence doesn't sum to 1 for state 2: probs[71][2][1]=0.000000 because of lack of cases.
Warning Observed prevalence doesn't sum to 1 for state 1: probs[72][1][1]=0.000000 because of lack of cases.
Warning Observed prevalence doesn't sum to 1 for state 2: probs[72][2][1]=0.000000 because of lack of cases.
Warning Observed prevalence doesn't sum to 1 for state 1: probs[73][1][1]=0.000000 because of lack of cases.
Warning Observed prevalence doesn't sum to 1 for state 2: probs[73][2][1]=0.000000 because of lack of cases.
Warning Observed prevalence doesn't sum to 1 for state 1: probs[74][1][1]=0.000000 because of lack of cases.
Warning Observed prevalence doesn't sum to 1 for state 2: probs[74][2][1]=0.000000 because of lack of cases.
Warning Observed prevalence doesn't sum to 1 for state 1: probs[75][1][1]=0.000000 because of lack of cases.
Warning Observed prevalence doesn't sum to 1 for state 2: probs[75][2][1]=0.000000 because of lack of cases.
Warning Observed prevalence doesn't sum to 1 for state 1: probs[76][1][1]=0.000000 because of lack of cases.
Warning Observed prevalence doesn't sum to 1 for state 2: probs[76][2][1]=0.000000 because of lack of cases.
Warning Observed prevalence doesn't sum to 1 for state 1: probs[77][1][1]=0.000000 because of lack of cases.
Warning Observed prevalence doesn't sum to 1 for state 2: probs[77][2][1]=0.000000 because of lack of cases.
Warning Observed prevalence doesn't sum to 1 for state 1: probs[78][1][1]=0.000000 because of lack of cases.
Warning Observed prevalence doesn't sum to 1 for state 2: probs[78][2][1]=0.000000 because of lack of cases.
Warning Observed prevalence doesn't sum to 1 for state 1: probs[79][1][1]=0.000000 because of lack of cases.
Warning Observed prevalence doesn't sum to 1 for state 2: probs[79][2][1]=0.000000 because of lack of cases.
Warning Observed prevalence doesn't sum to 1 for state 1: probs[80][1][1]=0.000000 because of lack of cases.
Warning Observed prevalence doesn't sum to 1 for state 2: probs[80][2][1]=0.000000 because of lack of cases.
Warning Observed prevalence doesn't sum to 1 for state 1: probs[81][1][1]=0.000000 because of lack of cases.
Warning Observed prevalence doesn't sum to 1 for state 2: probs[81][2][1]=0.000000 because of lack of cases.
Warning Observed prevalence doesn't sum to 1 for state 1: probs[82][1][1]=0.000000 because of lack of cases.
Warning Observed prevalence doesn't sum to 1 for state 2: probs[82][2][1]=0.000000 because of lack of cases.
Warning Observed prevalence doesn't sum to 1 for state 1: probs[83][1][1]=0.000000 because of lack of cases.
Warning Observed prevalence doesn't sum to 1 for state 2: probs[83][2][1]=0.000000 because of lack of cases.
Warning Observed prevalence doesn't sum to 1 for state 1: probs[84][1][1]=0.000000 because of lack of cases.
Warning Observed prevalence doesn't sum to 1 for state 2: probs[84][2][1]=0.000000 because of lack of cases.
Warning Observed prevalence doesn't sum to 1 for state 1: probs[85][1][1]=0.000000 because of lack of cases.
Warning Observed prevalence doesn't sum to 1 for state 2: probs[85][2][1]=0.000000 because of lack of cases.
Warning Observed prevalence doesn't sum to 1 for state 1: probs[86][1][1]=0.000000 because of lack of cases.
Warning Observed prevalence doesn't sum to 1 for state 2: probs[86][2][1]=0.000000 because of lack of cases.
Warning Observed prevalence doesn't sum to 1 for state 1: probs[87][1][1]=0.000000 because of lack of cases.
Warning Observed prevalence doesn't sum to 1 for state 2: probs[87][2][1]=0.000000 because of lack of cases.
Warning Observed prevalence doesn't sum to 1 for state 1: probs[88][1][1]=0.000000 because of lack of cases.
Warning Observed prevalence doesn't sum to 1 for state 2: probs[88][2][1]=0.000000 because of lack of cases.
Warning Observed prevalence doesn't sum to 1 for state 1: probs[89][1][1]=0.000000 because of lack of cases.
Warning Observed prevalence doesn't sum to 1 for state 2: probs[89][2][1]=0.000000 because of lack of cases.
Warning Observed prevalence doesn't sum to 1 for state 1: probs[90][1][1]=0.000000 because of lack of cases.
Warning Observed prevalence doesn't sum to 1 for state 2: probs[90][2][1]=0.000000 because of lack of cases.
Computing Health Expectancies: result on file 'E_BEMsr.txt' ...50|51|52|53|54|55|56|57|58|59|60|61|62|63|64|65|66|67|68|69|70|71|72|73|74|75|76|77|78|79|80|81|82|83|84|85|86|87|88|89|90|
done evsij
Computing Total Life expectancies with their standard errors: file 'T_BEMsr.txt' ...
  Computing State-specific Expectancies and standard errors: result on file 'STDE_BEMsr.txt' 
    Computing Covar. of State-specific Expectancies: result on file 'CVE_BEMsr.txt' 
      Computing Variance-covariance of State-specific Expectancies: file 'V_BEMsr.txt' ... 
# model  
#****** Result for:******
 cvevsij 50|51|52|53|54|55|56|57|58|59|60|61|62|63|64|65|66|67|68|69|70|71|72|73|74|75|76|77|78|79|80|81|82|83|84|85|86|87|88|89|90|
 end cvevsij 
 varevsij vpopbased=0 
Computing total mortality p.j=w1*p1j+w2*p2j+..: result on file 'PRMORPREV-1-STABLBASED_BEMsr.txt' 
Computing age specific forward period (stable) prevalences in each health state 
done selection
done State-specific expectancies
Computing Variance-covariance of forward period (stable) prevalence: file 'VPL_BEMsr.txt' ...
#****** ******
done variance-covariance of forward period prevalence
End of Imach with 0 errors and/or warnings 1. Please look at the log file for details.
Local time at start Tue Feb 04 22:13:35 2025

Local time at end   Tue Feb 04 22:14:29 2025

Total time used 0 day(s) 0 hour(s) 0 minute(s) 54 second(s)
Total time was 54 Sec.
