Log filename:CZMgali.log
Version 0.99r45 $Revision: 1.353 $ $Date: 2023/05/08 18:48:22 $
Enter the parameter file name: 
pathimach=C:\PROGRA~1\IMACH-~2.99R\bin\
pathtot=C:\Users\mmusz\Dropbox\gender_paradox\data\IMACHnew\CZMgali.txt
 path=C:\Users\mmusz\Dropbox\gender_paradox\data\IMACHnew\ 
 optionfile=CZMgali.txt
 optionfilext=txt
 optionfilefiname='CZMgali'
Compiled with: Microsoft Visual Studio for Windows (x64 and x86)  64-bit
The programm is not running under WOW64 (i.e probably on a 64bit Windows).
Local time (at start): Tue Feb 04 20:24:32 2025
title=gali datafile=dataCZMgali.txt lastobs=5000 firstpass=1 lastpass=2
ftol=1.000000e-018 stepm=6 ncovcol=0 nqv=0 ntv=0 nqtv=0 nlstate=2 ndeath=1 maxwav=2 mle=1 weight=1
model=1+age+
12 -5.674684 0.041206
13 -12.108609 0.118901
21 0.603066 -0.024333
23 -4.481144 0.035309
# Scales (for hessian or gradient estimation)
12 0.000000e+000 0.000000e+000
13 0.000000e+000 0.000000e+000
21 0.000000e+000 0.000000e+000
23 0.000000e+000 0.000000e+000
# Covariance matrix
121 0.00000e+000
122 0.00000e+000 0.00000e+000
131 0.00000e+000 0.00000e+000 0.00000e+000
132 0.00000e+000 0.00000e+000 0.00000e+000 0.00000e+000
211 0.00000e+000 0.00000e+000 0.00000e+000 0.00000e+000 0.00000e+000
212 0.00000e+000 0.00000e+000 0.00000e+000 0.00000e+000 0.00000e+000 0.00000e+000
231 0.00000e+000 0.00000e+000 0.00000e+000 0.00000e+000 0.00000e+000 0.00000e+000 0.00000e+000
232 0.00000e+000 0.00000e+000 0.00000e+000 0.00000e+000 0.00000e+000 0.00000e+000 0.00000e+000 0.00000e+000

Model=1+age+
Typevar: 0 for simple covariate (dummy, quantitative, fixed or varying), 1 for age product, 2 for  product, 3 for double product with age  
Fixed[k] 0=fixed (product or simple), 1 varying, 2 fixed with age product, 3 varying with age product 
Dummy[k] 0=dummy (0 1), 1 quantitative (single or product without age), 2 dummy with age product, 3 quant with age product
ncoveff=0, nqfveff=0, ntveff=0, nqtveff=0, cptcovn=0
ncovf=0, ncovv=0, ncova=0, nsd=0, nsq=0
Warning: The value of parameter lastobs=5000 is big compared to the 
  effective number of cases imx=1573, please adjust, 
  otherwise you are allocating more memory than necessary.
Total number of individuals= 1573, Agemin = 51.08, Agemax= 92.75

Information, you have to check 0 informations which haven't been logged!
Delay (in months) between two waves Min=1 (for indiviudal 439) Max=34 (288) Mean=24.516847

 Age 51 1.=1 loss[1]=0.0% 2.=0 loss[2]=NaNQ% 1.=1 prev[1]=100.0% 2.=0 prev[2]=0.0% 11=1
Age 52 1.=2 loss[1]=0.0% 2.=0 loss[2]=0.0% 1.=2 prev[1]=96.5% 2.=0 prev[2]=3.5% 11=1 12=1 21=0
Age 53 1.=7 loss[1]=0.0% 2.=0 loss[2]=NaNQ% 1.=7 prev[1]=100.0% 2.=0 prev[2]=0.0% 11=7
Age 54 1.=5 loss[1]=0.0% 2.=1 loss[2]=0.0% 1.=5 prev[1]=88.6% 2.=1 prev[2]=11.4% 11=5 21=1 22=0 23=0
Age 55 1.=1 loss[1]=0.0% 2.=1 loss[2]=0.0% 1.=1 prev[1]=51.5% 2.=1 prev[2]=48.5% 11=1 12=0 21=1 22=1
Age 56 1.=1 loss[1]=0.0% 2.=0 loss[2]=0.0% 1.=1 prev[1]=65.2% 2.=0 prev[2]=34.8% 11=1 12=0 21=0 22=0 23=0
Age 57 1.=2 loss[1]=0.0% 2.=0 loss[2]=0.0% 1.=2 prev[1]=89.3% 2.=0 prev[2]=10.7% 11=1 13=0 21=0 22=0 23=0
Age 58 1.=2 loss[1]=0.0% 2.=0 loss[2]=0.0% 1.=2 prev[1]=84.5% 2.=0 prev[2]=15.5% 11=2 12=0 21=0 22=0 23=0
Age 59 1.=2 loss[1]=0.0% 2.=0 loss[2]=0.0% 1.=2 prev[1]=81.6% 2.=0 prev[2]=18.4% 11=2 12=0 13=0 21=0 22=0 23=0
Age 60 1.=2 loss[1]=0.0% 2.=1 loss[2]=0.0% 1.=2 prev[1]=72.6% 2.=1 prev[2]=27.4% 11=1 12=0 13=0 21=0 22=0
Age 61 1.=2 loss[1]=0.0% 2.=0 loss[2]=0.0% 1.=2 prev[1]=82.3% 2.=0 prev[2]=17.7% 11=2 12=0 13=0 21=0 22=0 23=0
Age 62 1.=2 loss[1]=0.0% 2.=0 loss[2]=0.0% 1.=2 prev[1]=84.9% 2.=0 prev[2]=15.1% 11=2 12=0 13=0 21=0 22=0 23=0
Age 63 1.=3 loss[1]=0.0% 2.=1 loss[2]=0.0% 1.=3 prev[1]=82.9% 2.=1 prev[2]=17.1% 11=3 12=0 13=0 21=0 22=0 23=0
Age 64 1.=3 loss[1]=0.0% 2.=1 loss[2]=0.0% 1.=3 prev[1]=82.8% 2.=1 prev[2]=17.2% 11=2 12=0 21=0 22=0 23=0
Age 65 1.=3 loss[1]=0.0% 2.=0 loss[2]=0.0% 1.=3 prev[1]=89.4% 2.=0 prev[2]=10.6% 11=2 12=0 13=0 21=0 22=0 23=0
Age 66 1.=2 loss[1]=0.0% 2.=0 loss[2]=0.0% 1.=2 prev[1]=83.6% 2.=0 prev[2]=16.4% 11=2 12=0 13=0 21=0 22=0 23=0
Age 67 1.=3 loss[1]=0.0% 2.=0 loss[2]=0.0% 1.=3 prev[1]=89.1% 2.=0 prev[2]=10.9% 11=3 12=0 13=0 21=0 22=0 23=0
Age 68 1.=3 loss[1]=0.0% 2.=1 loss[2]=0.0% 1.=3 prev[1]=86.7% 2.=1 prev[2]=13.3% 11=3 12=0 13=0 21=0 22=0 23=0
Age 69 1.=3 loss[1]=0.0% 2.=0 loss[2]=0.0% 1.=3 prev[1]=88.9% 2.=0 prev[2]=11.1% 11=3 12=0 13=0 21=0 22=0 23=0
Age 70 1.=3 loss[1]=0.0% 2.=0 loss[2]=0.0% 1.=3 prev[1]=91.4% 2.=0 prev[2]=8.6% 11=2 12=0 13=0 21=0 22=0
Age 71 1.=2 loss[1]=0.0% 2.=0 loss[2]=0.0% 1.=2 prev[1]=80.5% 2.=0 prev[2]=19.5% 11=2 12=0 13=0 21=0 22=0
Age 72 1.=1 loss[1]=0.0% 2.=0 loss[2]=0.0% 1.=1 prev[1]=74.8% 2.=0 prev[2]=25.2% 11=1 12=0 13=0 21=0 22=0 23=0
Age 73 1.=2 loss[1]=0.0% 2.=0 loss[2]=0.0% 1.=2 prev[1]=90.0% 2.=0 prev[2]=10.0% 11=1 12=0 13=0 21=0 22=0 23=0
Age 74 1.=1 loss[1]=0.0% 2.=0 loss[2]=0.0% 1.=1 prev[1]=81.9% 2.=0 prev[2]=18.1% 11=1 12=0 21=0 22=0 23=0
Age 75 1.=1 loss[1]=0.0% 2.=0 loss[2]=0.0% 1.=1 prev[1]=73.9% 2.=0 prev[2]=26.1% 11=1 12=0 13=0 21=0 22=0 23=0
Age 76 1.=1 loss[1]=0.0% 2.=0 loss[2]=0.0% 1.=1 prev[1]=70.7% 2.=0 prev[2]=29.3% 11=1 12=0 13=0 21=0 22=0 23=0
Age 77 1.=1 loss[1]=0.0% 2.=0 loss[2]=0.0% 1.=1 prev[1]=79.8% 2.=0 prev[2]=20.2% 11=1 12=0 13=0 21=0 22=0 23=0
Age 78 1.=1 loss[1]=0.0% 2.=0 loss[2]=0.0% 1.=1 prev[1]=78.2% 2.=0 prev[2]=21.8% 11=1 12=0 21=0 22=0 23=0
Age 79 1.=1 loss[1]=0.0% 2.=0 loss[2]=0.0% 1.=1 prev[1]=73.3% 2.=0 prev[2]=26.7% 11=0 12=0 13=0 21=0 22=0 23=0
Age 80 1.=1 loss[1]=0.0% 2.=0 loss[2]=0.0% 1.=1 prev[1]=76.8% 2.=0 prev[2]=23.2% 11=1 12=0 13=0 22=0 23=0
Age 81 1.=1 loss[1]=0.0% 2.=0 loss[2]=0.0% 1.=1 prev[1]=72.2% 2.=0 prev[2]=27.8% 11=0 12=0 13=0 21=0 22=0
Age 82 1.=1 loss[1]=0.0% 2.=0 loss[2]=0.0% 1.=1 prev[1]=58.3% 2.=0 prev[2]=41.7% 11=0 12=0 13=0 21=0 22=0 23=0
Age 83 1.=1 loss[1]=0.0% 2.=0 loss[2]=0.0% 1.=1 prev[1]=71.2% 2.=0 prev[2]=28.8% 11=0 12=0 13=0 21=0 22=0 23=0
Age 84 1.=0 loss[1]=0.0% 2.=0 loss[2]=0.0% 1.=0 prev[1]=71.1% 2.=0 prev[2]=28.9% 11=0 12=0 13=0 21=0 23=0
Age 85 1.=0 loss[1]=0.0% 2.=0 loss[2]=0.0% 1.=0 prev[1]=48.0% 2.=0 prev[2]=52.0% 11=0 12=0 13=0 21=0 22=0 23=0
Age 86 1.=0 loss[1]=0.0% 2.=0 loss[2]=0.0% 1.=0 prev[1]=40.9% 2.=0 prev[2]=59.1% 11=0 21=0 23=0
Age 87 1.=0 loss[1]=0.0% 2.=0 loss[2]=0.0% 1.=0 prev[1]=61.9% 2.=0 prev[2]=38.1% 11=0 12=0 23=0
Age 88 1.=0 loss[1]=0.0% 2.=0 loss[2]=0.0% 1.=0 prev[1]=72.8% 2.=0 prev[2]=27.2% 11=0 12=0 13=0 22=0
Age 89 1.=0 loss[1]=0.0% 2.=0 loss[2]=0.0% 1.=0 prev[1]=79.5% 2.=0 prev[2]=20.5% 11=0 13=0 22=0 23=0
Age 90 1.=0 loss[1]=0.0% 2.=0 loss[2]=0.0% 1.=0 prev[1]=61.8% 2.=0 prev[2]=38.2% 11=0 13=0 22=0 23=0
Age 91 1.=0 loss[1]=0.0% 2.=0 loss[2]=NaNQ% 1.=0 prev[1]=100.0% 2.=0 prev[2]=0.0% 13=0
Age 92 1.=0 loss[1]=NaNQ% 2.=0 loss[2]=NaNQ% 1.=0 prev[1]=NaNQ% 2.=0 prev[2]=NaNQ%
1 1.=0 loss[1]=NaNQ% 2.=0 loss[2]=NaNQ% 1.=0 prev[1]=NaNQ% 2.=0 prev[2]=NaNQ%
0 1.=0 loss[1]=NaNQ% 2.=0 loss[2]=NaNQ% 1.=0 prev[1]=NaNQ% 2.=0 prev[2]=NaNQ%
Total 1.=67 loss[1]=0.0% 2.=14 loss[2]=0.0% 1.=67 prev[1]=83.2% 2.=14 prev[2]=16.8% 11=59 12=5 13=3 21=5 22=6 23=2


12   -5.6746842 ln(5/59)=   -2.3922323 
13  -12.1086085 ln(3/59)=   -2.9308101 
21    0.6030662 ln(5/6)=   -0.1203559 
23   -4.4811437 ln(2/6)=   -0.9321297 

 -1-1=0 -10=0 -11=0 -12=0 -13=0 0-1=0 00=0 01=0 02=0 03=0 1-1=0 10=0 11=59 12=5 13=3 2-1=0 20=0 21=5 22=6 23=2 3-1=0 30=0 31=0 32=0 33=0
Powell

Powell iter=1 Big Iter=1 -2*LL=2118.725147107655 gain=0 0 sec. 0 sec.
#model=  1      +     age 
12   -5.6746842    0.0412060 
13  -12.1086085    0.1189008 
21    0.6030662   -0.0243327 
23   -4.4811437    0.0353085 
1.........2............3........4...................5........6..............7.........8..................
Powell iter=2 Big Iter=2 -2*LL=1995.544173110472 gain=123 0 sec. 0 sec.
#model=  1      +     age 
12   -6.0166696    0.0411954 
13  -13.1730879    0.1189832 
21   -0.0145127   -0.0242796 
23   -5.1624283    0.0353433 

Considering the time needed for this last iteration #2: 0 seconds,
   - if your program needs 1 BIG iterations  (2 iterations) to converge, convergence will be 
   reached in 0 day(s) 0 hour(s) 0 minute(s) 0 second(s) i.e.
   on Tue Feb 04 20:24:32 2025 (current time is Tue Feb 04 20:24:32 2025);
   - if your program needs 11 BIG iterations  (22 iterations) to converge, convergence will be 
   reached in 0 day(s) 0 hour(s) 0 minute(s) 0 second(s) i.e.
   on Tue Feb 04 20:24:32 2025 (current time is Tue Feb 04 20:24:32 2025);
   - if your program needs 21 BIG iterations  (42 iterations) to converge, convergence will be 
   reached in 0 day(s) 0 hour(s) 0 minute(s) 0 second(s) i.e.
   on Tue Feb 04 20:24:32 2025 (current time is Tue Feb 04 20:24:32 2025);
   - if your program needs 31 BIG iterations  (62 iterations) to converge, convergence will be 
   reached in 0 day(s) 0 hour(s) 0 minute(s) 0 second(s) i.e.
   on Tue Feb 04 20:24:32 2025 (current time is Tue Feb 04 20:24:32 2025);
1.........2.............3.........4..................5.........6...............7..........8......................
Powell iter=3 Big Iter=2 -2*LL=1987.116427085682 gain=8.43 0 sec. 0 sec.
#model=  1      +     age 
12   -6.2328256    0.0411774 
13  -12.9806091    0.1190072 
21   -0.1509523   -0.0242364 
23   -5.2706850    0.0353402 

Considering the time needed for this last iteration #3: 0 seconds,
   - if your program needs 1 BIG iterations  (2 iterations) to converge, convergence will be 
   reached in 0 day(s) 0 hour(s) 0 minute(s) 0 second(s) i.e.
   on Tue Feb 04 20:24:32 2025 (current time is Tue Feb 04 20:24:32 2025);
   - if your program needs 11 BIG iterations  (22 iterations) to converge, convergence will be 
   reached in 0 day(s) 0 hour(s) 0 minute(s) 0 second(s) i.e.
   on Tue Feb 04 20:24:32 2025 (current time is Tue Feb 04 20:24:32 2025);
   - if your program needs 21 BIG iterations  (42 iterations) to converge, convergence will be 
   reached in 0 day(s) 0 hour(s) 0 minute(s) 0 second(s) i.e.
   on Tue Feb 04 20:24:32 2025 (current time is Tue Feb 04 20:24:32 2025);
   - if your program needs 31 BIG iterations  (62 iterations) to converge, convergence will be 
   reached in 0 day(s) 0 hour(s) 0 minute(s) 0 second(s) i.e.
   on Tue Feb 04 20:24:32 2025 (current time is Tue Feb 04 20:24:32 2025);
1.........2..............3..........4.................5..........6...............7..........8..........................Gaining to use new average direction of P0 P8 instead of biggest increase direction 1 :

Powell iter=4 Big Iter=3 -2*LL=1986.677420460580 gain=0.439 0 sec. 0 sec.
#model=  1      +     age 
12   -6.2991254    0.0411390 
13  -12.9567152    0.1190230 
21   -0.1778939   -0.0241863 
23   -5.2910492    0.0353289 
1....................2..............3..................4..................5.........6...............7...................8.......
Powell iter=5 Big Iter=3 -2*LL=1986.675317369342 gain=0.0021 1 sec. 1 sec.
#model=  1      +     age 
12   -6.2976932    0.0411186 
13  -12.9569477    0.1190349 
21   -0.1805948   -0.0241432 
23   -5.2904767    0.0353296 
1..................2..............3................4..................5.........6...............7...............8.............Gaining to use new average direction of P0 P8 instead of biggest increase direction 5 :

Powell iter=6 Big Iter=4 -2*LL=1986.612548007730 gain=0.0628 0 sec. 1 sec.
#model=  1      +     age 
12   -6.2167105    0.0399495 
13  -12.9999167    0.1197106 
21   -0.3426711   -0.0217425 
23   -5.2504012    0.0347132 
1..................2..............3..........4..................5.......6...............7..........8........directest= 0.060351882355 (if directest<0 or t<0 we include P0 Pn as new direction), t= -0.000002612173, f1= 1986.612548007730,f2= 1986.611454686589,f3= 1986.672190641342, del= 0.000738696770
f1-2f2+f3= 0.061829275895, f1-f2-del= 0.000354624372, f1-f3= -0.059642633612

Powell iter=7 Big Iter=4 -2*LL=1986.611454686589 gain=0.00109 0 sec. 1 sec.
#model=  1      +     age 
12   -6.2152651    0.0399228 
13  -13.0048430    0.1197279 
21   -0.3436159   -0.0217354 
23   -5.2488011    0.0347023 
1...................2..............3..........4..................5........6.................7...........8........................Gaining to use new average direction of P0 P8 instead of biggest increase direction 3 :

Powell iter=8 Big Iter=5 -2*LL=1986.610145589996 gain=0.00131 0 sec. 1 sec.
#model=  1      +     age 
12   -6.2059877    0.0397873 
13  -13.0245612    0.1199177 
21   -0.3395078   -0.0217978 
23   -5.2424926    0.0346348 
1...................2......................3................4..................5.........6................7..........8.............Gaining to use new average direction of P0 P8 instead of biggest increase direction 4 :

Powell iter=9 Big Iter=5 -2*LL=1986.608409407084 gain=0.00174 0 sec. 1 sec.
#model=  1      +     age 
12   -6.1928977    0.0395958 
13  -13.0523777    0.1202735 
21   -0.3336800   -0.0218836 
23   -5.2350537    0.0345345 
1......................2..............3.......4.......5.......6.................7..........8............Gaining to use new average direction of P0 P8 instead of biggest increase direction 4 :

Powell iter=10 Big Iter=6 -2*LL=1986.607720418067 gain=0.000689 1 sec. 2 sec.
#model=  1      +     age 
12   -6.1873273    0.0395094 
13  -13.0691532    0.1204921 
21   -0.3256518   -0.0220073 
23   -5.2310607    0.0344799 
1...................2..............3.........4......5.........6...............7..........8............Gaining to use new average direction of P0 P8 instead of biggest increase direction 8 :

Powell iter=11 Big Iter=6 -2*LL=1986.607292154280 gain=0.000428 0 sec. 2 sec.
#model=  1      +     age 
12   -6.1842933    0.0394628 
13  -13.0818215    0.1206658 
21   -0.3191134   -0.0221061 
23   -5.2276629    0.0344314 
1..................2..............3.......4.....5.......6....................7.........8............Gaining to use new average direction of P0 P8 instead of biggest increase direction 4 :

Powell iter=12 Big Iter=7 -2*LL=1986.606531261394 gain=0.000761 0 sec. 2 sec.
#model=  1      +     age 
12   -6.1834536    0.0394541 
13  -13.0924632    0.1208500 
21   -0.3143185   -0.0221722 
23   -5.2239506    0.0343690 
1...................2..............3.......4......5........6...............7..................8.........
Powell iter=13 Big Iter=7 -2*LL=1986.606390065876 gain=0.000141 0 sec. 2 sec.
#model=  1      +     age 
12   -6.1831522    0.0394534 
13  -13.0900168    0.1208301 
21   -0.3199232   -0.0220849 
23   -5.2234179    0.0343578 
1.....................2.................3..........4.........5..........6...................7..........8............Gaining to use new average direction of P0 P8 instead of biggest increase direction 4 :

Powell iter=14 Big Iter=8 -2*LL=1986.606356685692 gain=3.34e-005 0 sec. 2 sec.
#model=  1      +     age 
12   -6.1856445    0.0394904 
13  -13.0852007    0.1207745 
21   -0.3209283   -0.0220687 
23   -5.2242067    0.0343667 
1....................2.......................3...................4.............5..........6...................7..................8....................
Powell iter=15 Big Iter=8 -2*LL=1986.606351375639 gain=5.31e-006 0 sec. 2 sec.
#model=  1      +     age 
12   -6.1856724    0.0394909 
13  -13.0851469    0.1207736 
21   -0.3208141   -0.0220705 
23   -5.2239818    0.0343636 
1...................2...................3.......................4..................5..........6....................7.........8......................Gaining to use new average direction of P0 P8 instead of biggest increase direction 1 :

Powell iter=16 Big Iter=9 -2*LL=1986.606218993673 gain=0.000132 1 sec. 3 sec.
#model=  1      +     age 
12   -6.1849964    0.0394802 
13  -13.0840713    0.1207584 
21   -0.3192290   -0.0220931 
23   -5.2113576    0.0341878 
1.....................2................3..............4..........5.............6...................7..............8.................directest= 0.000127306228 (if directest<0 or t<0 we include P0 Pn as new direction), t= -0.000000000000, f1= 1986.606218993673,f2= 1986.606218776590,f3= 1986.606346149568, del= 0.000000141916
f1-2f2+f3= 0.000127590061, f1-f2-del= 0.000000075166, f1-f3= -0.000127155895

Powell iter=17 Big Iter=9 -2*LL=1986.606218776590 gain=2.17e-007 0 sec. 3 sec.
#model=  1      +     age 
12   -6.1848363    0.0394778 
13  -13.0842655    0.1207613 
21   -0.3194172   -0.0220905 
23   -5.2112561    0.0341861 
1..............2.....................3.............4....................5.............6.....................7...................8......................Gaining to use new average direction of P0 P8 instead of biggest increase direction 2 :

Powell iter=18 Big Iter=10 -2*LL=1986.606218668243 gain=1.08e-007 0 sec. 3 sec.
#model=  1      +     age 
12   -6.1848988    0.0394788 
13  -13.0839982    0.1207582 
21   -0.3195559   -0.0220884 
23   -5.2112768    0.0341863 
1...............2.................3...............4................5................6...........................7...........................8.........................Gaining to use new average direction of P0 P8 instead of biggest increase direction 8 :

Powell iter=19 Big Iter=10 -2*LL=1986.606218512899 gain=1.55e-007 0 sec. 3 sec.
#model=  1      +     age 
12   -6.1849257    0.0394792 
13  -13.0837947    0.1207558 
21   -0.3196040   -0.0220876 
23   -5.2112974    0.0341865 
1.............2...............3.............4.............5.......6.................................7.....................8...................Gaining to use new average direction of P0 P8 instead of biggest increase direction 8 :

Powell iter=20 Big Iter=11 -2*LL=1986.606217463679 gain=1.05e-006 1 sec. 4 sec.
#model=  1      +     age 
12   -6.1848538    0.0394783 
13  -13.0828545    0.1207446 
21   -0.3196265   -0.0220872 
23   -5.2114166    0.0341877 
1..........2......3...........4...........................5.............6....................7...........................8....................Gaining to use new average direction of P0 P8 instead of biggest increase direction 1 :

Powell iter=21 Big Iter=11 -2*LL=1986.606214569100 gain=2.89e-006 0 sec. 4 sec.
#model=  1      +     age 
12   -6.1841692    0.0394683 
13  -13.0817685    0.1207309 
21   -0.3190396   -0.0220958 
23   -5.2116652    0.0341908 
1........2.....................3...............4...................5................6....................7..................8.........
Powell iter=22 Big Iter=12 -2*LL=1986.606213673473 gain=8.96e-007 0 sec. 4 sec.
#model=  1      +     age 
12   -6.1840017    0.0394656 
13  -13.0819074    0.1207323 
21   -0.3187759   -0.0220998 
23   -5.2117547    0.0341922 
1......2..............3................4................5..................6.....................7......................8.......................Gaining to use new average direction of P0 P8 instead of biggest increase direction 1 :

Powell iter=23 Big Iter=12 -2*LL=1986.606212960090 gain=7.13e-007 0 sec. 4 sec.
#model=  1      +     age 
12   -6.1835261    0.0394585 
13  -13.0822557    0.1207359 
21   -0.3184465   -0.0221048 
23   -5.2117816    0.0341928 
1....................2......................3......................................4.............5.............................6....................7...................8...................................directest= 0.000000340905 (if directest<0 or t<0 we include P0 Pn as new direction), t= -0.000000000000, f1= 1986.606212960090,f2= 1986.606212959764,f3= 1986.606213300654, del= 0.000000000155
f1-2f2+f3= 0.000000341216, f1-f2-del= 0.000000000171, f1-f3= -0.000000340564

Powell iter=24 Big Iter=13 -2*LL=1986.606212959764 gain=3.26e-010 0 sec. 4 sec.
#model=  1      +     age 
12   -6.1835233    0.0394585 
13  -13.0822616    0.1207360 
21   -0.3184416   -0.0221048 
23   -5.2117659    0.0341925 
1....................................2...................................3...........................4...................................5.............................6....................7...........................8......................................directest= 0.000000000003 (if directest<0 or t<0 we include P0 Pn as new direction), t= -0.000000000000, f1= 1986.606212959764,f2= 1986.606212959764,f3= 1986.606212959767, del= 0.000000000000
f1-2f2+f3= 0.000000000003, f1-f2-del= 0.000000000000, f1-f3= -0.000000000003

Powell iter=25 Big Iter=13 -2*LL=1986.606212959764 gain=2.27e-013 1 sec. 5 sec.
#model=  1      +     age 
12   -6.1835233    0.0394585 
13  -13.0822616    0.1207360 
21   -0.3184416   -0.0221048 
23   -5.2117659    0.0341925 
1...............................2..................................3..............................4..............................5.............................6...................7............................8......................................directest= 0.000000000001 (if directest<0 or t<0 we include P0 Pn as new direction), t= -0.000000000000, f1= 1986.606212959764,f2= 1986.606212959763,f3= 1986.606212959765, del= 0.000000000001
f1-2f2+f3= 0.000000000003, f1-f2-del= 0.000000000000, f1-f3= -0.000000000001

Powell iter=26 Big Iter=14 -2*LL=1986.606212959763 gain=1.14e-012 0 sec. 5 sec.
#model=  1      +     age 
12   -6.1835233    0.0394585 
13  -13.0822616    0.1207360 
21   -0.3184416   -0.0221048 
23   -5.2117659    0.0341925 
1......................................2..................................3..............................4..............................5.............................6...................7............................8......................................
#Number of iterations & function calls = 26 & 4255, -2 Log likelihood = 1986.606212959763
# Parameters nlstate*nlstate*ncov a12*1 + b12 * age + ...
#model=  1      +     age 
12   -6.1835233    0.0394585 
13  -13.0822616    0.1207360 
21   -0.3184416   -0.0221048 
23   -5.2117659    0.0341925 

Calculation of the hessian matrix. Wait...
1-2-3-4-5-6-7-8-.1-2.1-3.1-4.1-5.1-6.1-7.1-8.2-3.2-4.2-5.2-6.2-7.2-8.3-4.3-5.3-6.3-7.3-8.4-5.4-6.4-7.4-8.5-6.5-7.5-8.6-7.6-8.7-8

Inverting the hessian to get the covariance matrix. Wait...

#Hessian matrix#
1.004496e+002 6.857504e+003 6.831673e+000 4.924245e+002 -2.511270e+001 -1.698145e+003 -6.799223e+000 -5.094750e+002 
6.857504e+003 4.765265e+005 4.858552e+002 3.549785e+004 -1.693944e+003 -1.166604e+005 -5.069763e+002 -3.847142e+004 
6.831673e+000 4.858552e+002 3.990034e+001 3.022409e+003 -5.875922e+000 -4.341087e+002 1.109300e+001 8.219393e+002 
4.924245e+002 3.549785e+004 3.022409e+003 2.321867e+005 -4.379752e+002 -3.290788e+004 8.216567e+002 6.178349e+004 
-2.511270e+001 -1.693944e+003 -5.875922e+000 -4.379752e+002 8.421985e+001 5.618859e+003 -1.961643e+000 -1.116977e+002 
-1.698145e+003 -1.166604e+005 -4.341087e+002 -3.290788e+004 5.618859e+003 3.817781e+005 -1.121482e+002 -6.171060e+003 
-6.799223e+000 -5.069763e+002 1.109300e+001 8.216567e+002 -1.961643e+000 -1.121482e+002 3.938659e+001 2.824358e+003 
-5.094750e+002 -3.847142e+004 8.219393e+002 6.178349e+004 -1.116977e+002 -6.171060e+003 2.824358e+003 2.066042e+005 
Parameters, Wald tests and Wald-based confidence intervals
 W is simply the result of the division of the parameter by the square root of covariance of the parameter.
 And Wald-based confidence intervals plus and minus 1.96 * W 
  It might be better to visualize the covariance matrix. See the page 'Matrix of variance-covariance of one-step probabilities' and its graphs.
12   -6.1835233(   0.7919362) W=  -7.808 CI=[  -7.7357183 ;   -4.6313283]    0.0394585(   0.0115182) W=   3.426 CI=[   0.0168829 ;    0.0620341] 
13  -13.0822616(   1.3929921) W=  -9.391 CI=[ -15.8125260 ;  -10.3519972]    0.1207360(   0.0182739) W=   6.607 CI=[   0.0849192 ;    0.1565528] 
21   -0.3184416(   0.8486478) W=  -0.375 CI=[  -1.9817913 ;    1.3449081]   -0.0221048(   0.0126120) W=  -1.753 CI=[  -0.0468244 ;    0.0026147] 
23   -5.2117659(   1.1804061) W=  -4.415 CI=[  -7.5253619 ;   -2.8981699]    0.0341925(   0.0163389) W=   2.093 CI=[   0.0021682 ;    0.0662168] 
# Scales (for hessian or gradient estimation)
12 1.00000e-004 1.00000e-005
13 1.00000e-003 2.00000e-005
21 1.00000e-003 1.00000e-005
23 1.00000e-003 2.00000e-005
# Covariance matrix 
# 121 Var(a12)
# 122 Cov(b12,a12) Var(b12)
#   ...
# 232 Cov(b23,a12)  Cov(b23,b12) ... Var (b23)
#121 Var(a12)
#122 Cov(b12,a12) Var(b12)
#131 Cov(a13,a12) Cov(a13,b12) Var(a13)
#132 Cov(b13,a12) Cov(b13,b12) Cov(b13,a13) Var(b13)
#211 Cov(a21,a12) Cov(a21,b12) Cov(a21,a13) Cov(a21,b13) Var(a21)
#212 Cov(b21,a12) Cov(b21,b12) Cov(b21,a13) Cov(b21,b13) Cov(b21,a21) Var(b21)
#231 Cov(a23,a12) Cov(a23,b12) Cov(a23,a13) Cov(a23,b13) Cov(a23,a21) Cov(a23,b21) Var(a23)
#232 Cov(b23,a12) Cov(b23,b12) Cov(b23,a13) Cov(b23,b13) Cov(b23,a21) Cov(b23,b21) Cov(b23,a23) Var(b23)
121 6.2716299e-001
122 -9.04037e-003 1.3266779e-004
131 -8.71304e-002 1.14707e-003 1.9404269e+000
132 1.20180e-003 -1.63236e-005 -2.52689e-002 3.3393465e-004
211 1.78911e-001 -2.60057e-003 8.21566e-002 -1.21041e-003 7.2020310e-001
212 -2.59533e-003 3.84184e-005 -1.24931e-003 1.86198e-005 -1.06063e-002 1.5906329e-004
231 1.13590e-001 -1.66136e-003 -3.96948e-001 5.33819e-003 2.83145e-002 -3.09599e-004 1.3933586e+000
232 -1.68321e-003 2.51818e-005 5.26908e-003 -7.24822e-005 -3.22447e-004 3.40513e-006 -1.90881e-002 2.6696042e-004
# agemin agemax for life expectancy, bage fage (if mle==0 ie no data nor Max likelihood).
# Observed prevalence period
begin-prev-date=1/1/2016 end-prev-date=1/9/2018 mov_average=0
# Health expectancies computed from stable (period) prevalence (pop_based=0) or population based (1)
pop_based=0
# Prevalence forecasting and backcasting is skept here
##prevforecast=0  starting-proj-date=1/1/1989 final-proj-date=1/1/1990 mobil_average=0
#prevforecast=1 yearsfproj=10 mobil_average=0
#prevbackcast=1 yearsbproj=10 mobil_average=1
result:  .
End of resultlines.

Computing forward period (stable) prevalence: result on file 'PL_CZMgali.txt' 
#************
Computing pij: result on file 'PIJ_CZMgali.txt' 
Computing standard deviation of one-step probabilities: result on file 'PROB_rCZMgali.txt' 
Computing matrix of variance covariance of one-step probabilities: result on file 'PROBCOV_CZMgali.txt' 
and correlation matrix of one-step probabilities: result on file 'PROBCOR_CZMgali.txt' 
50 13-12 mu 1.7158e-003 2.9216e-002 Var 7.3086e-007 4.5431e-005 cor -0.099 cov -5.6821e-007 Eig 4.544e-005 7.236e-007 1stv 0.013 -1.000 tan -78.681
55 13-12 mu 3.1257e-003 3.5450e-002 Var 1.6681e-006 4.1306e-005 cor -0.107 cov -8.9086e-007 Eig 4.133e-005 1.648e-006 1stv 0.022 -1.000 tan -44.517
60 13-12 mu 5.6870e-003 4.2960e-002 Var 3.5551e-006 3.5258e-005 cor -0.122 cov -1.3619e-006 Eig 3.532e-005 3.497e-006 1stv 0.043 -0.999 tan -23.322
65 13-12 mu 1.0328e-002 5.1963e-002 Var 7.0237e-006 3.1956e-005 cor -0.142 cov -2.1310e-006 Eig 3.214e-005 6.843e-006 1stv 0.085 -0.996 tan -11.785
70 13-12 mu 1.8702e-002 6.2673e-002 Var 1.3471e-005 4.2897e-005 cor -0.161 cov -3.8682e-006 Eig 4.340e-005 1.297e-005 1stv 0.128 -0.992 tan -7.736
75 13-12 mu 3.3711e-002 7.5245e-002 Var 3.1545e-005 9.1609e-005 cor -0.176 cov -9.4804e-006 Eig 9.307e-005 3.008e-005 1stv 0.152 -0.988 tan -6.490
80 13-12 mu 6.0314e-002 8.9667e-002 Var 1.1974e-004 2.2039e-004 cor -0.190 cov -3.0889e-005 Eig 2.291e-004 1.110e-004 1stv 0.272 -0.962 tan -3.541
85 13-12 mu 1.0660e-001 1.0555e-001 Var 5.9223e-004 4.9599e-004 cor -0.212 cov -1.1485e-004 Eig 6.686e-004 4.196e-004 1stv 0.833 -0.554 tan -0.665
90 13-12 mu 1.8467e-001 1.2179e-001 Var 2.7619e-003 1.0074e-003 cor -0.259 cov -4.3195e-004 Eig 2.862e-003 9.068e-004 1stv 0.974 -0.227 tan -0.233
50 21-12 mu 3.7897e-001 2.9216e-002 Var 5.3826e-003 4.5431e-005 cor 0.266 cov 1.3161e-004 Eig 5.386e-003 4.219e-005 1stv 1.000 0.025 tan 0.025
55 21-12 mu 3.4462e-001 3.5450e-002 Var 2.8092e-003 4.1306e-005 cor 0.267 cov 9.0832e-005 Eig 2.812e-003 3.833e-005 1stv 0.999 0.033 tan 0.033
60 21-12 mu 3.1253e-001 4.2960e-002 Var 1.3879e-003 3.5258e-005 cor 0.266 cov 5.8873e-005 Eig 1.390e-003 3.270e-005 1stv 0.999 0.043 tan 0.043
65 21-12 mu 2.8264e-001 5.1963e-002 Var 7.8682e-004 3.1956e-005 cor 0.261 cov 4.1313e-005 Eig 7.891e-004 2.970e-005 1stv 0.999 0.054 tan 0.055
70 21-12 mu 2.5488e-001 6.2673e-002 Var 7.2873e-004 4.2897e-005 cor 0.250 cov 4.4156e-005 Eig 7.316e-004 4.007e-005 1stv 0.998 0.064 tan 0.064
75 21-12 mu 2.2917e-001 7.5245e-002 Var 9.9282e-004 9.1609e-005 cor 0.243 cov 7.3156e-005 Eig 9.987e-004 8.571e-005 1stv 0.997 0.080 tan 0.081
80 21-12 mu 2.0541e-001 8.9667e-002 Var 1.4116e-003 2.2039e-004 cor 0.237 cov 1.3239e-004 Eig 1.426e-003 2.059e-004 1stv 0.994 0.109 tan 0.110
85 21-12 mu 1.8351e-001 1.0555e-001 Var 1.8650e-003 4.9599e-004 cor 0.230 cov 2.2144e-004 Eig 1.900e-003 4.611e-004 1stv 0.988 0.156 tan 0.158
90 21-12 mu 1.6337e-001 1.2179e-001 Var 2.2737e-003 1.0074e-003 cor 0.218 cov 3.3068e-004 Eig 2.355e-003 9.262e-004 1stv 0.971 0.238 tan 0.245
50 23-12 mu 4.7418e-002 2.9216e-002 Var 3.2592e-004 4.5431e-005 cor 0.070 cov 8.5507e-006 Eig 3.262e-004 4.517e-005 1stv 1.000 0.030 tan 0.030
55 23-12 mu 5.7139e-002 3.5450e-002 Var 3.1102e-004 4.1306e-005 cor 0.072 cov 8.1328e-006 Eig 3.113e-004 4.106e-005 1stv 1.000 0.030 tan 0.030
60 23-12 mu 6.8664e-002 4.2960e-002 Var 2.7924e-004 3.5258e-005 cor 0.077 cov 7.6628e-006 Eig 2.795e-004 3.502e-005 1stv 1.000 0.031 tan 0.031
65 23-12 mu 8.2285e-002 5.1963e-002 Var 2.4670e-004 3.1956e-005 cor 0.096 cov 8.5625e-006 Eig 2.470e-004 3.161e-005 1stv 0.999 0.040 tan 0.040
70 23-12 mu 9.8327e-002 6.2673e-002 Var 2.5518e-004 4.2897e-005 cor 0.135 cov 1.4149e-005 Eig 2.561e-004 4.196e-005 1stv 0.998 0.066 tan 0.066
75 23-12 mu 1.1715e-001 7.5245e-002 Var 3.9088e-004 9.1609e-005 cor 0.165 cov 3.1239e-005 Eig 3.941e-004 8.838e-005 1stv 0.995 0.103 tan 0.103
80 23-12 mu 1.3914e-001 8.9667e-002 Var 8.1139e-004 2.2039e-004 cor 0.173 cov 7.3001e-005 Eig 8.203e-004 2.115e-004 1stv 0.993 0.121 tan 0.122
85 23-12 mu 1.6471e-001 1.0555e-001 Var 1.7819e-003 4.9599e-004 cor 0.175 cov 1.6426e-004 Eig 1.803e-003 4.753e-004 1stv 0.992 0.125 tan 0.126
90 23-12 mu 1.9431e-001 1.2179e-001 Var 3.7199e-003 1.0074e-003 cor 0.182 cov 3.5137e-004 Eig 3.765e-003 9.626e-004 1stv 0.992 0.126 tan 0.127
50 21-13 mu 3.7897e-001 1.7158e-003 Var 5.3826e-003 7.3086e-007 cor 0.058 cov 3.6336e-006 Eig 5.383e-003 7.284e-007 1stv 1.000 0.001 tan 0.001
55 21-13 mu 3.4462e-001 3.1257e-003 Var 2.8092e-003 1.6681e-006 cor 0.054 cov 3.7095e-006 Eig 2.809e-003 1.663e-006 1stv 1.000 0.001 tan 0.001
60 21-13 mu 3.1253e-001 5.6870e-003 Var 1.3879e-003 3.5551e-006 cor 0.050 cov 3.5339e-006 Eig 1.388e-003 3.546e-006 1stv 1.000 0.003 tan 0.003
65 21-13 mu 2.8264e-001 1.0328e-002 Var 7.8682e-004 7.0237e-006 cor 0.051 cov 3.7726e-006 Eig 7.868e-004 7.005e-006 1stv 1.000 0.005 tan 0.005
70 21-13 mu 2.5488e-001 1.8702e-002 Var 7.2873e-004 1.3471e-005 cor 0.069 cov 6.8018e-006 Eig 7.288e-004 1.341e-005 1stv 1.000 0.010 tan 0.010
75 21-13 mu 2.2917e-001 3.3711e-002 Var 9.9282e-004 3.1545e-005 cor 0.107 cov 1.8998e-005 Eig 9.932e-004 3.117e-005 1stv 1.000 0.020 tan 0.020
80 21-13 mu 2.0541e-001 6.0314e-002 Var 1.4116e-003 1.1974e-004 cor 0.134 cov 5.4992e-005 Eig 1.414e-003 1.174e-004 1stv 0.999 0.042 tan 0.042
85 21-13 mu 1.8351e-001 1.0660e-001 Var 1.8650e-003 5.9223e-004 cor 0.137 cov 1.4403e-004 Eig 1.881e-003 5.761e-004 1stv 0.994 0.111 tan 0.112
90 21-13 mu 1.6337e-001 1.8467e-001 Var 2.2737e-003 2.7619e-003 cor 0.134 cov 3.3503e-004 Eig 2.932e-003 2.103e-003 1stv 0.453 0.891 tan 1.966
50 23-13 mu 4.7418e-002 1.7158e-003 Var 3.2592e-004 7.3086e-007 cor -0.252 cov -3.8881e-006 Eig 3.260e-004 6.844e-007 1stv 1.000 -0.012 tan -0.012
55 23-13 mu 5.7139e-002 3.1257e-003 Var 3.1102e-004 1.6681e-006 cor -0.254 cov -5.7938e-006 Eig 3.111e-004 1.560e-006 1stv 1.000 -0.019 tan -0.019
60 23-13 mu 6.8664e-002 5.6870e-003 Var 2.7924e-004 3.5551e-006 cor -0.260 cov -8.1839e-006 Eig 2.795e-004 3.312e-006 1stv 1.000 -0.030 tan -0.030
65 23-13 mu 8.2285e-002 1.0328e-002 Var 2.4670e-004 7.0237e-006 cor -0.271 cov -1.1273e-005 Eig 2.472e-004 6.495e-006 1stv 0.999 -0.047 tan -0.047
70 23-13 mu 9.8327e-002 1.8702e-002 Var 2.5518e-004 1.3471e-005 cor -0.291 cov -1.7045e-005 Eig 2.564e-004 1.228e-005 1stv 0.998 -0.070 tan -0.070
75 23-13 mu 1.1715e-001 3.3711e-002 Var 3.9088e-004 3.1545e-005 cor -0.314 cov -3.4915e-005 Eig 3.942e-004 2.818e-005 1stv 0.995 -0.096 tan -0.096
80 23-13 mu 1.3914e-001 6.0314e-002 Var 8.1139e-004 1.1974e-004 cor -0.317 cov -9.8748e-005 Eig 8.252e-004 1.059e-004 1stv 0.990 -0.139 tan -0.140
85 23-13 mu 1.6471e-001 1.0660e-001 Var 1.7819e-003 5.9223e-004 cor -0.302 cov -3.0993e-004 Eig 1.858e-003 5.163e-004 1stv 0.971 -0.238 tan -0.245
90 23-13 mu 1.9431e-001 1.8467e-001 Var 3.7199e-003 2.7619e-003 cor -0.288 cov -9.2399e-004 Eig 4.282e-003 2.200e-003 1stv 0.854 -0.519 tan -0.608
50 23-21 mu 4.7418e-002 3.7897e-001 Var 3.2592e-004 5.3826e-003 cor -0.111 cov -1.4642e-004 Eig 5.387e-003 3.217e-004 1stv 0.029 -1.000 tan -34.565
55 23-21 mu 5.7139e-002 3.4462e-001 Var 3.1102e-004 2.8092e-003 cor -0.098 cov -9.1323e-005 Eig 2.813e-003 3.077e-004 1stv 0.036 -0.999 tan -27.392
60 23-21 mu 6.8664e-002 3.1253e-001 Var 2.7924e-004 1.3879e-003 cor -0.089 cov -5.5568e-005 Eig 1.391e-003 2.765e-004 1stv 0.050 -0.999 tan -20.002
65 23-21 mu 8.2285e-002 2.8264e-001 Var 2.4670e-004 7.8682e-004 cor -0.098 cov -4.3204e-005 Eig 7.903e-004 2.433e-004 1stv 0.079 -0.997 tan -12.581
70 23-21 mu 9.8327e-002 2.5488e-001 Var 2.5518e-004 7.2873e-004 cor -0.138 cov -5.9322e-005 Eig 7.360e-004 2.479e-004 1stv 0.122 -0.992 tan -8.106
75 23-21 mu 1.1715e-001 2.2917e-001 Var 3.9088e-004 9.9282e-004 cor -0.178 cov -1.1093e-004 Eig 1.013e-003 3.711e-004 1stv 0.176 -0.984 tan -5.605
80 23-21 mu 1.3914e-001 2.0541e-001 Var 8.1139e-004 1.4116e-003 cor -0.194 cov -2.0793e-004 Eig 1.477e-003 7.464e-004 1stv 0.298 -0.954 tan -3.199
85 23-21 mu 1.6471e-001 1.8351e-001 Var 1.7819e-003 1.8650e-003 cor -0.200 cov -3.6396e-004 Eig 2.190e-003 1.457e-003 1stv 0.666 -0.746 tan -1.121
90 23-21 mu 1.9431e-001 1.6337e-001 Var 3.7199e-003 2.2737e-003 cor -0.205 cov -5.9690e-004 Eig 3.934e-003 2.059e-003 1stv 0.941 -0.338 tan -0.359
Prevalence combination of varying and fixed dummies 1
Warning Observed prevalence doesn't sum to 1 for state 2: probs[50][2][1]=0.000000 because of lack of cases.
Warning Observed prevalence doesn't sum to 1 for state 1: probs[51][1][1]=0.000000 because of lack of cases.
Warning Observed prevalence doesn't sum to 1 for state 2: probs[51][2][1]=0.000000 because of lack of cases.
Warning Observed prevalence doesn't sum to 1 for state 1: probs[52][1][1]=0.000000 because of lack of cases.
Warning Observed prevalence doesn't sum to 1 for state 2: probs[52][2][1]=0.000000 because of lack of cases.
Warning Observed prevalence doesn't sum to 1 for state 1: probs[53][1][1]=0.000000 because of lack of cases.
Warning Observed prevalence doesn't sum to 1 for state 2: probs[53][2][1]=0.000000 because of lack of cases.
Warning Observed prevalence doesn't sum to 1 for state 1: probs[54][1][1]=0.000000 because of lack of cases.
Warning Observed prevalence doesn't sum to 1 for state 2: probs[54][2][1]=0.000000 because of lack of cases.
Warning Observed prevalence doesn't sum to 1 for state 1: probs[55][1][1]=0.000000 because of lack of cases.
Warning Observed prevalence doesn't sum to 1 for state 2: probs[55][2][1]=0.000000 because of lack of cases.
Warning Observed prevalence doesn't sum to 1 for state 1: probs[56][1][1]=0.000000 because of lack of cases.
Warning Observed prevalence doesn't sum to 1 for state 2: probs[56][2][1]=0.000000 because of lack of cases.
Warning Observed prevalence doesn't sum to 1 for state 1: probs[57][1][1]=0.000000 because of lack of cases.
Warning Observed prevalence doesn't sum to 1 for state 2: probs[57][2][1]=0.000000 because of lack of cases.
Warning Observed prevalence doesn't sum to 1 for state 1: probs[58][1][1]=0.000000 because of lack of cases.
Warning Observed prevalence doesn't sum to 1 for state 2: probs[58][2][1]=0.000000 because of lack of cases.
Warning Observed prevalence doesn't sum to 1 for state 1: probs[59][1][1]=0.000000 because of lack of cases.
Warning Observed prevalence doesn't sum to 1 for state 2: probs[59][2][1]=0.000000 because of lack of cases.
Warning Observed prevalence doesn't sum to 1 for state 1: probs[60][1][1]=0.000000 because of lack of cases.
Warning Observed prevalence doesn't sum to 1 for state 2: probs[60][2][1]=0.000000 because of lack of cases.
Warning Observed prevalence doesn't sum to 1 for state 1: probs[61][1][1]=0.000000 because of lack of cases.
Warning Observed prevalence doesn't sum to 1 for state 2: probs[61][2][1]=0.000000 because of lack of cases.
Warning Observed prevalence doesn't sum to 1 for state 1: probs[62][1][1]=0.000000 because of lack of cases.
Warning Observed prevalence doesn't sum to 1 for state 2: probs[62][2][1]=0.000000 because of lack of cases.
Warning Observed prevalence doesn't sum to 1 for state 1: probs[63][1][1]=0.000000 because of lack of cases.
Warning Observed prevalence doesn't sum to 1 for state 2: probs[63][2][1]=0.000000 because of lack of cases.
Warning Observed prevalence doesn't sum to 1 for state 1: probs[64][1][1]=0.000000 because of lack of cases.
Warning Observed prevalence doesn't sum to 1 for state 2: probs[64][2][1]=0.000000 because of lack of cases.
Warning Observed prevalence doesn't sum to 1 for state 1: probs[65][1][1]=0.000000 because of lack of cases.
Warning Observed prevalence doesn't sum to 1 for state 2: probs[65][2][1]=0.000000 because of lack of cases.
Warning Observed prevalence doesn't sum to 1 for state 1: probs[66][1][1]=0.000000 because of lack of cases.
Warning Observed prevalence doesn't sum to 1 for state 2: probs[66][2][1]=0.000000 because of lack of cases.
Warning Observed prevalence doesn't sum to 1 for state 1: probs[67][1][1]=0.000000 because of lack of cases.
Warning Observed prevalence doesn't sum to 1 for state 2: probs[67][2][1]=0.000000 because of lack of cases.
Warning Observed prevalence doesn't sum to 1 for state 1: probs[68][1][1]=0.000000 because of lack of cases.
Warning Observed prevalence doesn't sum to 1 for state 2: probs[68][2][1]=0.000000 because of lack of cases.
Warning Observed prevalence doesn't sum to 1 for state 1: probs[69][1][1]=0.000000 because of lack of cases.
Warning Observed prevalence doesn't sum to 1 for state 2: probs[69][2][1]=0.000000 because of lack of cases.
Warning Observed prevalence doesn't sum to 1 for state 1: probs[70][1][1]=0.000000 because of lack of cases.
Warning Observed prevalence doesn't sum to 1 for state 2: probs[70][2][1]=0.000000 because of lack of cases.
Warning Observed prevalence doesn't sum to 1 for state 1: probs[71][1][1]=0.000000 because of lack of cases.
Warning Observed prevalence doesn't sum to 1 for state 2: probs[71][2][1]=0.000000 because of lack of cases.
Warning Observed prevalence doesn't sum to 1 for state 1: probs[72][1][1]=0.000000 because of lack of cases.
Warning Observed prevalence doesn't sum to 1 for state 2: probs[72][2][1]=0.000000 because of lack of cases.
Warning Observed prevalence doesn't sum to 1 for state 1: probs[73][1][1]=0.000000 because of lack of cases.
Warning Observed prevalence doesn't sum to 1 for state 2: probs[73][2][1]=0.000000 because of lack of cases.
Warning Observed prevalence doesn't sum to 1 for state 1: probs[74][1][1]=0.000000 because of lack of cases.
Warning Observed prevalence doesn't sum to 1 for state 2: probs[74][2][1]=0.000000 because of lack of cases.
Warning Observed prevalence doesn't sum to 1 for state 1: probs[75][1][1]=0.000000 because of lack of cases.
Warning Observed prevalence doesn't sum to 1 for state 2: probs[75][2][1]=0.000000 because of lack of cases.
Warning Observed prevalence doesn't sum to 1 for state 1: probs[76][1][1]=0.000000 because of lack of cases.
Warning Observed prevalence doesn't sum to 1 for state 2: probs[76][2][1]=0.000000 because of lack of cases.
Warning Observed prevalence doesn't sum to 1 for state 1: probs[77][1][1]=0.000000 because of lack of cases.
Warning Observed prevalence doesn't sum to 1 for state 2: probs[77][2][1]=0.000000 because of lack of cases.
Warning Observed prevalence doesn't sum to 1 for state 1: probs[78][1][1]=0.000000 because of lack of cases.
Warning Observed prevalence doesn't sum to 1 for state 2: probs[78][2][1]=0.000000 because of lack of cases.
Warning Observed prevalence doesn't sum to 1 for state 1: probs[79][1][1]=0.000000 because of lack of cases.
Warning Observed prevalence doesn't sum to 1 for state 2: probs[79][2][1]=0.000000 because of lack of cases.
Warning Observed prevalence doesn't sum to 1 for state 1: probs[80][1][1]=0.000000 because of lack of cases.
Warning Observed prevalence doesn't sum to 1 for state 2: probs[80][2][1]=0.000000 because of lack of cases.
Warning Observed prevalence doesn't sum to 1 for state 1: probs[81][1][1]=0.000000 because of lack of cases.
Warning Observed prevalence doesn't sum to 1 for state 2: probs[81][2][1]=0.000000 because of lack of cases.
Warning Observed prevalence doesn't sum to 1 for state 1: probs[82][1][1]=0.000000 because of lack of cases.
Warning Observed prevalence doesn't sum to 1 for state 2: probs[82][2][1]=0.000000 because of lack of cases.
Warning Observed prevalence doesn't sum to 1 for state 1: probs[83][1][1]=0.000000 because of lack of cases.
Warning Observed prevalence doesn't sum to 1 for state 2: probs[83][2][1]=0.000000 because of lack of cases.
Warning Observed prevalence doesn't sum to 1 for state 1: probs[84][1][1]=0.000000 because of lack of cases.
Warning Observed prevalence doesn't sum to 1 for state 2: probs[84][2][1]=0.000000 because of lack of cases.
Warning Observed prevalence doesn't sum to 1 for state 1: probs[85][1][1]=0.000000 because of lack of cases.
Warning Observed prevalence doesn't sum to 1 for state 2: probs[85][2][1]=0.000000 because of lack of cases.
Warning Observed prevalence doesn't sum to 1 for state 1: probs[86][1][1]=0.000000 because of lack of cases.
Warning Observed prevalence doesn't sum to 1 for state 2: probs[86][2][1]=0.000000 because of lack of cases.
Warning Observed prevalence doesn't sum to 1 for state 1: probs[87][1][1]=0.000000 because of lack of cases.
Warning Observed prevalence doesn't sum to 1 for state 2: probs[87][2][1]=0.000000 because of lack of cases.
Warning Observed prevalence doesn't sum to 1 for state 1: probs[88][1][1]=0.000000 because of lack of cases.
Warning Observed prevalence doesn't sum to 1 for state 2: probs[88][2][1]=0.000000 because of lack of cases.
Warning Observed prevalence doesn't sum to 1 for state 1: probs[89][1][1]=0.000000 because of lack of cases.
Warning Observed prevalence doesn't sum to 1 for state 2: probs[89][2][1]=0.000000 because of lack of cases.
Warning Observed prevalence doesn't sum to 1 for state 1: probs[90][1][1]=0.000000 because of lack of cases.
Warning Observed prevalence doesn't sum to 1 for state 2: probs[90][2][1]=0.000000 because of lack of cases.
Computing Health Expectancies: result on file 'E_CZMgali.txt' ...50|51|52|53|54|55|56|57|58|59|60|61|62|63|64|65|66|67|68|69|70|71|72|73|74|75|76|77|78|79|80|81|82|83|84|85|86|87|88|89|90|
done evsij
Computing Total Life expectancies with their standard errors: file 'T_CZMgali.txt' ...
  Computing State-specific Expectancies and standard errors: result on file 'STDE_CZMgali.txt' 
    Computing Covar. of State-specific Expectancies: result on file 'CVE_CZMgali.txt' 
      Computing Variance-covariance of State-specific Expectancies: file 'V_CZMgali.txt' ... 
# model  
#****** Result for:******
 cvevsij 50|51|52|53|54|55|56|57|58|59|60|61|62|63|64|65|66|67|68|69|70|71|72|73|74|75|76|77|78|79|80|81|82|83|84|85|86|87|88|89|90|
 end cvevsij 
 varevsij vpopbased=0 
Computing total mortality p.j=w1*p1j+w2*p2j+..: result on file 'PRMORPREV-1-STABLBASED_CZMgali.txt' 
Computing age specific forward period (stable) prevalences in each health state 
done selection
done State-specific expectancies
Computing Variance-covariance of forward period (stable) prevalence: file 'VPL_CZMgali.txt' ...
#****** ******
done variance-covariance of forward period prevalence
End of Imach with 0 errors and/or warnings 1. Please look at the log file for details.
Local time at start Tue Feb 04 20:24:32 2025

Local time at end   Tue Feb 04 20:24:41 2025

Total time used 0 day(s) 0 hour(s) 0 minute(s) 9 second(s)
Total time was 9 Sec.
