Log filename:DEMsr.log
Version 0.99r45 $Revision: 1.353 $ $Date: 2023/05/08 18:48:22 $
Enter the parameter file name: 
pathimach=C:\PROGRA~1\IMACH-~2.99R\bin\
pathtot=C:\Users\mmusz\Dropbox\gender_paradox\data\IMACHnew\DEMsr.txt
 path=C:\Users\mmusz\Dropbox\gender_paradox\data\IMACHnew\ 
 optionfile=DEMsr.txt
 optionfilext=txt
 optionfilefiname='DEMsr'
Compiled with: Microsoft Visual Studio for Windows (x64 and x86)  64-bit
The programm is not running under WOW64 (i.e probably on a 64bit Windows).
Local time (at start): Tue Feb 04 22:13:35 2025
title=sr datafile=dataDEMsr.txt lastobs=15000 firstpass=1 lastpass=2
ftol=1.000000e-018 stepm=6 ncovcol=0 nqv=0 ntv=0 nqtv=0 nlstate=2 ndeath=1 maxwav=2 mle=1 weight=1
model=1+age+
12 -3.741837 0.027748
13 -10.854952 0.086315
21 -3.336344 0.020833
23 -8.340958 0.080084
# Scales (for hessian or gradient estimation)
12 0.000000e+000 0.000000e+000
13 0.000000e+000 0.000000e+000
21 0.000000e+000 0.000000e+000
23 0.000000e+000 0.000000e+000
# Covariance matrix
121 0.00000e+000
122 0.00000e+000 0.00000e+000
131 0.00000e+000 0.00000e+000 0.00000e+000
132 0.00000e+000 0.00000e+000 0.00000e+000 0.00000e+000
211 0.00000e+000 0.00000e+000 0.00000e+000 0.00000e+000 0.00000e+000
212 0.00000e+000 0.00000e+000 0.00000e+000 0.00000e+000 0.00000e+000 0.00000e+000
231 0.00000e+000 0.00000e+000 0.00000e+000 0.00000e+000 0.00000e+000 0.00000e+000 0.00000e+000
232 0.00000e+000 0.00000e+000 0.00000e+000 0.00000e+000 0.00000e+000 0.00000e+000 0.00000e+000 0.00000e+000

Model=1+age+
Typevar: 0 for simple covariate (dummy, quantitative, fixed or varying), 1 for age product, 2 for  product, 3 for double product with age  
Fixed[k] 0=fixed (product or simple), 1 varying, 2 fixed with age product, 3 varying with age product 
Dummy[k] 0=dummy (0 1), 1 quantitative (single or product without age), 2 dummy with age product, 3 quant with age product
ncoveff=0, nqfveff=0, ntveff=0, nqtveff=0, cptcovn=0
ncovf=0, ncovv=0, ncova=0, nsd=0, nsq=0
Warning: The value of parameter lastobs=15000 is big compared to the 
  effective number of cases imx=1712, please adjust, 
  otherwise you are allocating more memory than necessary.
Total number of individuals= 1712, Agemin = 51.08, Agemax= 93.00

Information, you have to check 0 informations which haven't been logged!
Error! Negative delay (1 to death) between waves 1 and 2 of individual 1119 at line 1119 who is aged 76.2 with statuses from 2 to 3
    We assumed that the date of interview was correct (and not the date of death) and postponed the death 6 month(s) (one stepm) after the interview. You MUST fix the contradiction between dates.
Delay (in months) between two waves Min=1 (for indiviudal 1119) Max=34 (1432) Mean=22.660631

 Age 51 1.=0 loss[1]=0.0% 2.=0 loss[2]=NaNQ% 1.=0 prev[1]=100.0% 2.=0 prev[2]=0.0% 11=0 12=0
Age 52 1.=1 loss[1]=0.0% 2.=0 loss[2]=0.0% 1.=1 prev[1]=78.7% 2.=0 prev[2]=21.3% 11=1 12=0 21=0 22=0 23=0
Age 53 1.=3 loss[1]=0.0% 2.=1 loss[2]=0.0% 1.=3 prev[1]=70.2% 2.=1 prev[2]=29.8% 11=3 12=1 13=0 21=0 22=1 23=0
Age 54 1.=3 loss[1]=0.0% 2.=1 loss[2]=0.0% 1.=3 prev[1]=66.4% 2.=1 prev[2]=33.6% 11=2 12=1 21=0 22=1 23=0
Age 55 1.=3 loss[1]=0.0% 2.=2 loss[2]=0.0% 1.=3 prev[1]=65.0% 2.=2 prev[2]=35.0% 11=3 12=0 21=0 22=1
Age 56 1.=2 loss[1]=0.0% 2.=2 loss[2]=0.0% 1.=2 prev[1]=55.3% 2.=2 prev[2]=44.7% 11=2 12=0 21=0 22=2 23=0
Age 57 1.=3 loss[1]=0.0% 2.=1 loss[2]=0.0% 1.=3 prev[1]=66.5% 2.=1 prev[2]=33.5% 11=2 12=1 13=0 21=0 22=1
Age 58 1.=3 loss[1]=0.0% 2.=1 loss[2]=0.0% 1.=3 prev[1]=72.4% 2.=1 prev[2]=27.6% 11=2 12=1 21=0 22=1 23=0
Age 59 1.=2 loss[1]=0.0% 2.=1 loss[2]=0.0% 1.=2 prev[1]=64.5% 2.=1 prev[2]=35.5% 11=2 12=1 21=0 22=1 23=0
Age 60 1.=2 loss[1]=0.0% 2.=1 loss[2]=0.0% 1.=2 prev[1]=60.4% 2.=1 prev[2]=39.6% 11=2 12=0 21=0 22=1 23=0
Age 61 1.=2 loss[1]=0.0% 2.=1 loss[2]=0.0% 1.=2 prev[1]=75.2% 2.=1 prev[2]=24.8% 11=1 12=0 13=0 21=0 22=1 23=0
Age 62 1.=2 loss[1]=0.0% 2.=1 loss[2]=0.0% 1.=2 prev[1]=57.1% 2.=1 prev[2]=42.9% 11=1 12=0 13=0 21=0 22=1 23=0
Age 63 1.=2 loss[1]=0.0% 2.=1 loss[2]=0.0% 1.=2 prev[1]=68.0% 2.=1 prev[2]=32.0% 11=1 12=0 21=0 22=0 23=0
Age 64 1.=2 loss[1]=0.0% 2.=1 loss[2]=0.0% 1.=2 prev[1]=67.0% 2.=1 prev[2]=33.0% 11=2 12=0 21=0 22=1 23=0
Age 65 1.=2 loss[1]=0.0% 2.=1 loss[2]=0.0% 1.=2 prev[1]=71.1% 2.=1 prev[2]=28.9% 11=2 12=0 13=0 21=0 22=1 23=0
Age 66 1.=2 loss[1]=0.0% 2.=1 loss[2]=0.0% 1.=2 prev[1]=67.4% 2.=1 prev[2]=32.6% 11=1 12=0 13=0 21=0 22=1 23=0
Age 67 1.=1 loss[1]=0.0% 2.=1 loss[2]=0.0% 1.=1 prev[1]=60.4% 2.=1 prev[2]=39.6% 11=1 12=0 21=0 22=1 23=0
Age 68 1.=1 loss[1]=0.0% 2.=1 loss[2]=0.0% 1.=1 prev[1]=60.2% 2.=1 prev[2]=39.8% 11=1 12=0 21=0 22=1 23=0
Age 69 1.=1 loss[1]=0.0% 2.=1 loss[2]=0.0% 1.=1 prev[1]=62.7% 2.=1 prev[2]=37.3% 11=1 12=0 21=0 22=1
Age 70 1.=1 loss[1]=0.0% 2.=1 loss[2]=0.0% 1.=1 prev[1]=63.1% 2.=1 prev[2]=36.9% 11=1 12=0 21=0 22=1 23=0
Age 71 1.=1 loss[1]=0.0% 2.=1 loss[2]=0.0% 1.=1 prev[1]=51.8% 2.=1 prev[2]=48.2% 11=1 12=0 21=0 22=1 23=0
Age 72 1.=1 loss[1]=0.0% 2.=1 loss[2]=0.0% 1.=1 prev[1]=60.2% 2.=1 prev[2]=39.8% 11=1 12=0 21=0 22=1
Age 73 1.=1 loss[1]=0.0% 2.=1 loss[2]=0.0% 1.=1 prev[1]=45.0% 2.=1 prev[2]=55.0% 11=1 12=0 21=0 22=1 23=0
Age 74 1.=1 loss[1]=0.0% 2.=1 loss[2]=0.0% 1.=1 prev[1]=66.1% 2.=1 prev[2]=33.9% 11=1 12=0 21=0 22=1 23=0
Age 75 1.=1 loss[1]=0.0% 2.=1 loss[2]=0.0% 1.=1 prev[1]=43.5% 2.=1 prev[2]=56.5% 11=1 12=0 21=0 22=1 23=0
Age 76 1.=1 loss[1]=0.0% 2.=1 loss[2]=0.0% 1.=1 prev[1]=48.0% 2.=1 prev[2]=52.0% 11=1 12=0 13=0 21=0 22=1 23=0
Age 77 1.=1 loss[1]=0.0% 2.=1 loss[2]=0.0% 1.=1 prev[1]=56.8% 2.=1 prev[2]=43.2% 11=1 12=0 21=0 22=0 23=0
Age 78 1.=1 loss[1]=0.0% 2.=1 loss[2]=0.0% 1.=1 prev[1]=47.6% 2.=1 prev[2]=52.4% 11=1 12=0 13=0 21=0 22=1 23=0
Age 79 1.=1 loss[1]=0.0% 2.=0 loss[2]=0.0% 1.=1 prev[1]=53.7% 2.=0 prev[2]=46.3% 11=0 12=0 22=0 23=0
Age 80 1.=0 loss[1]=0.0% 2.=1 loss[2]=0.0% 1.=0 prev[1]=40.1% 2.=1 prev[2]=59.9% 11=0 12=0 21=0 22=1 23=0
Age 81 1.=0 loss[1]=0.0% 2.=1 loss[2]=0.0% 1.=0 prev[1]=35.7% 2.=1 prev[2]=64.3% 11=0 12=0 21=0 22=0 23=0
Age 82 1.=0 loss[1]=0.0% 2.=1 loss[2]=0.0% 1.=0 prev[1]=33.1% 2.=1 prev[2]=66.9% 11=0 12=0 21=0 22=0 23=0
Age 83 1.=0 loss[1]=0.0% 2.=0 loss[2]=0.0% 1.=0 prev[1]=58.0% 2.=0 prev[2]=42.0% 11=0 12=0 13=0 21=0 23=0
Age 84 1.=0 loss[1]=0.0% 2.=1 loss[2]=0.0% 1.=0 prev[1]=16.7% 2.=1 prev[2]=83.3% 11=0 21=0 22=0 23=0
Age 85 1.=0 loss[1]=0.0% 2.=0 loss[2]=0.0% 1.=0 prev[1]=49.4% 2.=0 prev[2]=50.6% 11=0 12=0 13=0 21=0 22=0 23=0
Age 86 1.=0 loss[1]=0.0% 2.=0 loss[2]=0.0% 1.=0 prev[1]=50.0% 2.=0 prev[2]=50.0% 11=0 12=0 13=0 21=0 22=0 23=0
Age 87 1.=0 loss[1]=0.0% 2.=0 loss[2]=0.0% 1.=0 prev[1]=36.0% 2.=0 prev[2]=64.0% 11=0 13=0 21=0 22=0 23=0
Age 88 1.=0 loss[1]=NaNQ% 2.=0 loss[2]=0.0% 1.=0 prev[1]=0.0% 2.=0 prev[2]=100.0% 22=0 23=0
Age 89 1.=0 loss[1]=0.0% 2.=0 loss[2]=0.0% 1.=0 prev[1]=56.4% 2.=0 prev[2]=43.6% 11=0 13=0 22=0
Age 90 1.=0 loss[1]=0.0% 2.=0 loss[2]=0.0% 1.=0 prev[1]=14.6% 2.=0 prev[2]=85.4% 11=0 21=0 22=0 23=0
Age 91 1.=0 loss[1]=NaNQ% 2.=0 loss[2]=NaNQ% 1.=0 prev[1]=NaNQ% 2.=0 prev[2]=NaNQ%
Age 92 1.=0 loss[1]=NaNQ% 2.=0 loss[2]=NaNQ% 1.=0 prev[1]=NaNQ% 2.=0 prev[2]=NaNQ%
Age 93 1.=0 loss[1]=NaNQ% 2.=0 loss[2]=NaNQ% 1.=0 prev[1]=NaNQ% 2.=0 prev[2]=NaNQ%
1 1.=0 loss[1]=NaNQ% 2.=0 loss[2]=NaNQ% 1.=0 prev[1]=NaNQ% 2.=0 prev[2]=NaNQ%
0 1.=0 loss[1]=NaNQ% 2.=0 loss[2]=NaNQ% 1.=0 prev[1]=NaNQ% 2.=0 prev[2]=NaNQ%
Total 1.=52 loss[1]=0.0% 2.=34 loss[2]=0.0% 1.=52 prev[1]=60.6% 2.=34 prev[2]=39.4% 11=41 12=11 13=1 21=7 22=24 23=4


12   -3.7418369 ln(11/41)=   -1.3391045 
13  -10.8549517 ln(1/41)=   -3.8376218 
21   -3.3363442 ln(7/24)=   -1.2740287 
23   -8.3409583 ln(4/24)=   -1.8859097 

 -1-1=0 -10=0 -11=0 -12=0 -13=0 0-1=0 00=0 01=0 02=0 03=0 1-1=0 10=0 11=41 12=11 13=1 2-1=0 20=0 21=7 22=24 23=4 3-1=0 30=0 31=0 32=0 33=0
Powell

Powell iter=1 Big Iter=1 -2*LL=2676.742189940696 gain=0 0 sec. 1 sec.
#model=  1      +     age 
12   -3.7418369    0.0277478 
13  -10.8549517    0.0863146 
21   -3.3363442    0.0208326 
23   -8.3409583    0.0800837 
1.........2...............3.......4..................5.........6...............7........8.................
Powell iter=2 Big Iter=2 -2*LL=2508.040837020720 gain=169 1 sec. 2 sec.
#model=  1      +     age 
12   -4.2475880    0.0279080 
13  -12.7066003    0.0857674 
21   -3.9185913    0.0209324 
23   -9.0683380    0.0800343 

Considering the time needed for this last iteration #2: 1 seconds,
   - if your program needs 1 BIG iterations  (2 iterations) to converge, convergence will be 
   reached in 0 day(s) 0 hour(s) 0 minute(s) 0 second(s) i.e.
   on Tue Feb 04 22:13:37 2025 (current time is Tue Feb 04 22:13:37 2025);
   - if your program needs 11 BIG iterations  (22 iterations) to converge, convergence will be 
   reached in 0 day(s) 0 hour(s) 0 minute(s) 20 second(s) i.e.
   on Tue Feb 04 22:13:57 2025 (current time is Tue Feb 04 22:13:37 2025);
   - if your program needs 21 BIG iterations  (42 iterations) to converge, convergence will be 
   reached in 0 day(s) 0 hour(s) 0 minute(s) 40 second(s) i.e.
   on Tue Feb 04 22:14:17 2025 (current time is Tue Feb 04 22:13:37 2025);
   - if your program needs 31 BIG iterations  (62 iterations) to converge, convergence will be 
   reached in 0 day(s) 0 hour(s) 1 minute(s) 0 second(s) i.e.
   on Tue Feb 04 22:14:37 2025 (current time is Tue Feb 04 22:13:37 2025);
1.........2...............3.........4..................5.........6................7.........8..................
Powell iter=3 Big Iter=2 -2*LL=2499.455644521928 gain=8.59 2 sec. 4 sec.
#model=  1      +     age 
12   -4.4075490    0.0279563 
13  -11.9863371    0.0854998 
21   -4.0425767    0.0209191 
23   -9.1090922    0.0799920 

Considering the time needed for this last iteration #3: 2 seconds,
   - if your program needs 1 BIG iterations  (2 iterations) to converge, convergence will be 
   reached in 0 day(s) 0 hour(s) 0 minute(s) -2 second(s) i.e.
   on Tue Feb 04 22:13:37 2025 (current time is Tue Feb 04 22:13:39 2025);
   - if your program needs 11 BIG iterations  (22 iterations) to converge, convergence will be 
   reached in 0 day(s) 0 hour(s) 0 minute(s) 38 second(s) i.e.
   on Tue Feb 04 22:14:17 2025 (current time is Tue Feb 04 22:13:39 2025);
   - if your program needs 21 BIG iterations  (42 iterations) to converge, convergence will be 
   reached in 0 day(s) 0 hour(s) 1 minute(s) 18 second(s) i.e.
   on Tue Feb 04 22:14:57 2025 (current time is Tue Feb 04 22:13:39 2025);
   - if your program needs 31 BIG iterations  (62 iterations) to converge, convergence will be 
   reached in 0 day(s) 0 hour(s) 1 minute(s) 58 second(s) i.e.
   on Tue Feb 04 22:15:37 2025 (current time is Tue Feb 04 22:13:39 2025);
1.........2................3..........4..................5.........6...............7.............8..........................Gaining to use new average direction of P0 P8 instead of biggest increase direction 1 :

Powell iter=4 Big Iter=3 -2*LL=2499.139603854363 gain=0.316 1 sec. 5 sec.
#model=  1      +     age 
12   -4.4499190    0.0279731 
13  -11.9439669    0.0851853 
21   -4.0565462    0.0208989 
23   -9.1089923    0.0799461 
1..........................2................3..........4..................5.........6...............7.........8......
Powell iter=5 Big Iter=3 -2*LL=2499.135432846540 gain=0.00417 1 sec. 6 sec.
#model=  1      +     age 
12   -4.4508167    0.0279872 
13  -11.9261329    0.0848929 
21   -4.0552103    0.0208802 
23   -9.1056316    0.0799450 
1..................2................3..........4..................5..........6...............7.........8.............Gaining to use new average direction of P0 P8 instead of biggest increase direction 4 :

Powell iter=6 Big Iter=4 -2*LL=2498.907046795788 gain=0.228 2 sec. 8 sec.
#model=  1      +     age 
12   -4.5350962    0.0292865 
13  -10.1317579    0.0587071 
21   -3.9400142    0.0192297 
23   -8.8223498    0.0762677 
1..................2.................3..........4...............5.........6...............7.........8........directest= 0.248111229850 (if directest<0 or t<0 we include P0 Pn as new direction), t= -0.000048757594, f1= 2498.907046795788,f2= 2498.905676894428,f3= 2499.154022196721, del= 0.000801986901
f1-2f2+f3= 0.249715203653, f1-f2-del= 0.000567914458, f1-f3= -0.246975400933

Powell iter=7 Big Iter=4 -2*LL=2498.905676894428 gain=0.00137 1 sec. 9 sec.
#model=  1      +     age 
12   -4.5362918    0.0293048 
13  -10.1155566    0.0583469 
21   -3.9388643    0.0192167 
23   -8.8217595    0.0762383 
1..................2................3...........4.......5............6...............7.........8................Gaining to use new average direction of P0 P8 instead of biggest increase direction 1 :

Powell iter=8 Big Iter=5 -2*LL=2498.619500591856 gain=0.286 1 sec. 10 sec.
#model=  1      +     age 
12   -4.7368658    0.0323480 
13   -6.9317874    0.0088094 
21   -3.8615188    0.0181758 
23   -9.0577268    0.0795807 
1.........2...............3..........4.........5.........6...............7.........8.........directest= 0.580368540961 (if directest<0 or t<0 we include P0 Pn as new direction), t= -0.007195190031, f1= 2498.619500591856,f2= 2498.557763132068,f3= 2499.138698540339, del= 0.031152163549
f1-2f2+f3= 0.642672868059, f1-f2-del= 0.030585296239, f1-f3= -0.519197948483

Powell iter=9 Big Iter=5 -2*LL=2498.557763132068 gain=0.0617 1 sec. 11 sec.
#model=  1      +     age 
12   -4.7395458    0.0323905 
13   -6.9066122    0.0094376 
21   -3.8848107    0.0184897 
23   -9.1604544    0.0808709 
1.........2...............3..........4......5.........6...............7.........8...............Gaining to use new average direction of P0 P8 instead of biggest increase direction 1 :

Powell iter=10 Big Iter=6 -2*LL=2498.531182115510 gain=0.0266 1 sec. 12 sec.
#model=  1      +     age 
12   -4.7403713    0.0324020 
13   -6.9628093    0.0105892 
21   -3.9191824    0.0189777 
23   -9.3073709    0.0828044 
1............2...............3............4......5.........6...............7.........8..........
Powell iter=11 Big Iter=6 -2*LL=2498.528647842345 gain=0.00253 2 sec. 14 sec.
#model=  1      +     age 
12   -4.7385691    0.0323733 
13   -6.9645495    0.0105694 
21   -3.9206985    0.0190020 
23   -9.3075809    0.0828005 
1..........2...............3..........4......5.........6...............7............8...............Gaining to use new average direction of P0 P8 instead of biggest increase direction 5 :

Powell iter=12 Big Iter=7 -2*LL=2498.456040890576 gain=0.0726 1 sec. 15 sec.
#model=  1      +     age 
12   -4.6875952    0.0316195 
13   -6.0370729   -0.0035945 
21   -3.9962422    0.0200326 
23   -9.3167442    0.0829442 
1.........2...............3..........4......5.......6...............7.........8........directest= 0.075180129372 (if directest<0 or t<0 we include P0 Pn as new direction), t= -0.000010212160, f1= 2498.456040890576,f2= 2498.449728028724,f3= 2498.523948142904, del= 0.002676423329
f1-2f2+f3= 0.080532976031, f1-f2-del= 0.003636438522, f1-f3= -0.067907252328

Powell iter=13 Big Iter=7 -2*LL=2498.449728028724 gain=0.00631 1 sec. 16 sec.
#model=  1      +     age 
12   -4.6673166    0.0313189 
13   -6.2061858   -0.0013264 
21   -4.0085424    0.0202189 
23   -9.3001699    0.0827320 
1.............2...............3..........4.......5.........6................7..............8..................Gaining to use new average direction of P0 P8 instead of biggest increase direction 2 :

Powell iter=14 Big Iter=8 -2*LL=2498.449462655195 gain=0.000265 1 sec. 17 sec.
#model=  1      +     age 
12   -4.6646258    0.0312772 
13   -6.2144693   -0.0013092 
21   -4.0097225    0.0202405 
23   -9.3006130    0.0827404 
1.........2..........3..........4.......5...........6...............7..........8............Gaining to use new average direction of P0 P8 instead of biggest increase direction 8 :

Powell iter=15 Big Iter=8 -2*LL=2498.449292245008 gain=0.00017 1 sec. 18 sec.
#model=  1      +     age 
12   -4.6630396    0.0312529 
13   -6.1974653   -0.0016181 
21   -4.0099224    0.0202449 
23   -9.3019680    0.0827597 
1..........2..........3..........4.........5........6...............7............8...........Gaining to use new average direction of P0 P8 instead of biggest increase direction 3 :

Powell iter=16 Big Iter=9 -2*LL=2498.448405897775 gain=0.000886 1 sec. 19 sec.
#model=  1      +     age 
12   -4.6546260    0.0311252 
13   -6.1256560   -0.0028191 
21   -4.0074228    0.0202103 
23   -9.3074439    0.0828351 
1.........2........3......4.........5............6..............7............8............Gaining to use new average direction of P0 P8 instead of biggest increase direction 8 :

Powell iter=17 Big Iter=9 -2*LL=2498.446910503053 gain=0.0015 1 sec. 20 sec.
#model=  1      +     age 
12   -4.6465066    0.0310024 
13   -6.1219324   -0.0029679 
21   -3.9936452    0.0200070 
23   -9.3132292    0.0829129 
1..................2........3......4..............5.................6...............7........................8............Gaining to use new average direction of P0 P8 instead of biggest increase direction 3 :

Powell iter=18 Big Iter=10 -2*LL=2498.445112017590 gain=0.0018 1 sec. 21 sec.
#model=  1      +     age 
12   -4.6429326    0.0309495 
13   -6.1709808   -0.0021069 
21   -3.9714822    0.0196844 
23   -9.3172374    0.0829601 
1...........2........3......4...........5...................6...............7...........8......
Powell iter=19 Big Iter=10 -2*LL=2498.444769362410 gain=0.000343 1 sec. 22 sec.
#model=  1      +     age 
12   -4.6418401    0.0309336 
13   -6.1646036   -0.0021467 
21   -3.9714336    0.0196842 
23   -9.3165909    0.0829498 
1.........2........3......4.........5.........6...............7..................8...........Gaining to use new average direction of P0 P8 instead of biggest increase direction 8 :

Powell iter=20 Big Iter=11 -2*LL=2498.444461890394 gain=0.000307 1 sec. 23 sec.
#model=  1      +     age 
12   -4.6393828    0.0308965 
13   -6.1626209   -0.0020439 
21   -3.9715896    0.0196880 
23   -9.3153758    0.0829297 
1..................2.......................3.............................4..............5....................6......................7.....................8..................directest= 0.000146200748 (if directest<0 or t<0 we include P0 Pn as new direction), t= -0.000000000000, f1= 2498.444461890394,f2= 2498.444461868837,f3= 2498.444608081994, del= 0.000000016983
f1-2f2+f3= 0.000146234714, f1-f2-del= 0.000000004574, f1-f3= -0.000146191599

Powell iter=21 Big Iter=11 -2*LL=2498.444461868837 gain=2.16e-008 2 sec. 25 sec.
#model=  1      +     age 
12   -4.6394216    0.0308970 
13   -6.1620324   -0.0020530 
21   -3.9715820    0.0196879 
23   -9.3154391    0.0829306 
1...................2..................3.....................................4.......................................5...................6.......................7...............................8................................
Powell iter=22 Big Iter=12 -2*LL=2498.444461868800 gain=3.68e-011 2 sec. 27 sec.
#model=  1      +     age 
12   -4.6394234    0.0308971 
13   -6.1620182   -0.0020532 
21   -3.9715808    0.0196879 
23   -9.3154409    0.0829306 
1...............................2....................3...............................4...............................5............................6..................7.....................8.................................directest= 0.000000000004 (if directest<0 or t<0 we include P0 Pn as new direction), t= -0.000000000000, f1= 2498.444461868800,f2= 2498.444461868799,f3= 2498.444461868803, del= 0.000000000001
f1-2f2+f3= 0.000000000005, f1-f2-del= 0.000000000000, f1-f3= -0.000000000003

Powell iter=23 Big Iter=12 -2*LL=2498.444461868799 gain=1.36e-012 3 sec. 30 sec.
#model=  1      +     age 
12   -4.6394234    0.0308971 
13   -6.1620182   -0.0020532 
21   -3.9715808    0.0196879 
23   -9.3154409    0.0829306 
1...............................2...........................3...............................4...............................5...........................6...................7......................8.......................directest= 0.000000000001 (if directest<0 or t<0 we include P0 Pn as new direction), t= -0.000000000000, f1= 2498.444461868799,f2= 2498.444461868798,f3= 2498.444461868800, del= 0.000000000000
f1-2f2+f3= 0.000000000002, f1-f2-del= 0.000000000000, f1-f3= -0.000000000001

Powell iter=24 Big Iter=13 -2*LL=2498.444461868798 gain=4.55e-013 1 sec. 31 sec.
#model=  1      +     age 
12   -4.6394233    0.0308971 
13   -6.1620181   -0.0020532 
21   -3.9715808    0.0196879 
23   -9.3154408    0.0829306 
1...........................2.........................3...................................4.............................5........................6...................7....................8............................directest= 0.000000000002 (if directest<0 or t<0 we include P0 Pn as new direction), t= -0.000000000000, f1= 2498.444461868798,f2= 2498.444461868796,f3= 2498.444461868800, del= 0.000000000002
f1-2f2+f3= 0.000000000006, f1-f2-del= 0.000000000000, f1-f3= -0.000000000002

Powell iter=25 Big Iter=13 -2*LL=2498.444461868796 gain=1.82e-012 3 sec. 34 sec.
#model=  1      +     age 
12   -4.6394233    0.0308971 
13   -6.1620195   -0.0020532 
21   -3.9715807    0.0196879 
23   -9.3154408    0.0829306 
1.............................2...................................3.......................................4..............................5............................6...................7......................8.................................
#Number of iterations & function calls = 25 & 3739, -2 Log likelihood = 2498.444461868796
# Parameters nlstate*nlstate*ncov a12*1 + b12 * age + ...
#model=  1      +     age 
12   -4.6394233    0.0308971 
13   -6.1620195   -0.0020532 
21   -3.9715807    0.0196879 
23   -9.3154408    0.0829306 

Calculation of the hessian matrix. Wait...
1-2-3-4-5-6-7-8-.1-2.1-3.1-4.1-5.1-6.1-7.1-8.2-3.2-4.2-5.2-6.2-7.2-8.3-4.3-5.3-6.3-7.3-8.4-5.4-6.4-7.4-8.5-6.5-7.5-8.6-7.6-8.7-8

Inverting the hessian to get the covariance matrix. Wait...

#Hessian matrix#
1.982833e+002 1.324278e+004 1.732566e+000 1.174517e+002 -3.662134e+001 -2.571500e+003 -6.173087e-001 -2.862197e+001 
1.324278e+004 9.010545e+005 1.160339e+002 8.099187e+003 -2.569417e+003 -1.838458e+005 -3.159446e+001 -1.314982e+003 
1.732566e+000 1.160339e+002 3.910191e+000 2.472644e+002 -9.365510e-001 -6.266634e+001 2.510351e+000 1.672665e+002 
1.174517e+002 8.099187e+003 2.472644e+002 1.579348e+004 -6.326991e+001 -4.355524e+003 1.672259e+002 1.143404e+004 
-3.662134e+001 -2.569417e+003 -9.365510e-001 -6.326991e+001 1.196593e+002 8.264530e+003 -6.611668e+000 -5.214214e+002 
-2.571500e+003 -1.838458e+005 -6.266634e+001 -4.355524e+003 8.264530e+003 5.827354e+005 -5.182556e+002 -4.122871e+004 
-6.173087e-001 -3.159446e+001 2.510351e+000 1.672259e+002 -6.611668e+000 -5.182556e+002 7.462082e+001 5.638302e+003 
-2.862197e+001 -1.314982e+003 1.672665e+002 1.143404e+004 -5.214214e+002 -4.122871e+004 5.638302e+003 4.323509e+005 
Parameters, Wald tests and Wald-based confidence intervals
 W is simply the result of the division of the parameter by the square root of covariance of the parameter.
 And Wald-based confidence intervals plus and minus 1.96 * W 
  It might be better to visualize the covariance matrix. See the page 'Matrix of variance-covariance of one-step probabilities' and its graphs.
12   -4.6394233(   0.5462539) W=  -8.493 CI=[  -5.7100810 ;   -3.5687657]    0.0308971(   0.0081435) W=   3.794 CI=[   0.0149358 ;    0.0468584] 
13   -6.1620195(   5.2807569) W=  -1.167 CI=[ -16.5123031 ;    4.1882641]   -0.0020532(   0.0829553) W=  -0.025 CI=[  -0.1646456 ;    0.1605393] 
21   -3.9715807(   0.6610777) W=  -6.008 CI=[  -5.2672929 ;   -2.6758685]    0.0196879(   0.0095234) W=   2.067 CI=[   0.0010220 ;    0.0383538] 
23   -9.3154408(   0.9939078) W=  -9.373 CI=[ -11.2635001 ;   -7.3673815]    0.0829306(   0.0130634) W=   6.348 CI=[   0.0573263 ;    0.1085349] 
# Scales (for hessian or gradient estimation)
12 1.00000e-004 1.00000e-005
13 1.00000e-003 1.00000e-005
21 1.00000e-004 1.00000e-005
23 1.00000e-003 1.00000e-005
# Covariance matrix 
# 121 Var(a12)
# 122 Cov(b12,a12) Var(b12)
#   ...
# 232 Cov(b23,a12)  Cov(b23,b12) ... Var (b23)
#121 Var(a12)
#122 Cov(b12,a12) Var(b12)
#131 Cov(a13,a12) Cov(a13,b12) Var(a13)
#132 Cov(b13,a12) Cov(b13,b12) Cov(b13,a13) Var(b13)
#211 Cov(a21,a12) Cov(a21,b12) Cov(a21,a13) Cov(a21,b13) Var(a21)
#212 Cov(b21,a12) Cov(b21,b12) Cov(b21,a13) Cov(b21,b13) Cov(b21,a21) Var(b21)
#231 Cov(a23,a12) Cov(a23,b12) Cov(a23,a13) Cov(a23,b13) Cov(a23,a21) Cov(a23,b21) Var(a23)
#232 Cov(b23,a12) Cov(b23,b12) Cov(b23,a13) Cov(b23,b13) Cov(b23,a21) Cov(b23,b21) Cov(b23,a23) Var(b23)
121 2.9839333e-001
122 -4.40815e-003 6.6317003e-005
131 -3.85685e-001 5.97682e-003 2.7886394e+001
132 6.04786e-003 -9.42790e-005 -4.35955e-001 6.8815877e-003
211 8.46829e-002 -1.26858e-003 1.00816e-001 -1.51571e-003 4.3702367e-001
212 -1.27399e-003 1.94444e-005 -1.41581e-003 2.15014e-005 -6.23064e-003 9.0695473e-005
231 3.23215e-002 -4.71973e-004 -1.17043e+000 1.71928e-002 3.23479e-002 -4.95976e-004 9.8785274e-001
232 -4.45248e-004 6.57021e-006 1.59836e-002 -2.37207e-004 -4.86115e-004 7.55636e-006 -1.28921e-002 1.7065316e-004
# agemin agemax for life expectancy, bage fage (if mle==0 ie no data nor Max likelihood).
# Observed prevalence period
begin-prev-date=1/1/2016 end-prev-date=1/9/2018 mov_average=0
# Health expectancies computed from stable (period) prevalence (pop_based=0) or population based (1)
pop_based=0
# Prevalence forecasting and backcasting is skept here
##prevforecast=0  starting-proj-date=1/1/1989 final-proj-date=1/1/1990 mobil_average=0
#prevforecast=1 yearsfproj=10 mobil_average=0
#prevbackcast=1 yearsbproj=10 mobil_average=1
result:  .
End of resultlines.

Computing forward period (stable) prevalence: result on file 'PL_DEMsr.txt' 
#************
Warning: the stable prevalence at age 50 did not converge with the required precision (0.000963596 > ftolpl=0.0006) within 200 years and 400 loops. Try to lower 'ftolpl'. Youngest age to start was -150=(49-200).
Warning: the stable prevalence at age 51 did not converge with the required precision (0.000791172 > ftolpl=0.0006) within 200 years and 400 loops. Try to lower 'ftolpl'. Youngest age to start was -149=(50-200).
Warning: the stable prevalence at age 52 did not converge with the required precision (0.000646506 > ftolpl=0.0006) within 200 years and 400 loops. Try to lower 'ftolpl'. Youngest age to start was -148=(51-200).
Computing pij: result on file 'PIJ_DEMsr.txt' 
Computing standard deviation of one-step probabilities: result on file 'PROB_rDEMsr.txt' 
Computing matrix of variance covariance of one-step probabilities: result on file 'PROBCOV_DEMsr.txt' 
and correlation matrix of one-step probabilities: result on file 'PROBCOR_DEMsr.txt' 
50 13-12 mu 3.6332e-003 8.6506e-002 Var 1.9685e-005 1.6065e-004 cor -0.128 cov -7.2040e-006 Eig 1.610e-004 1.932e-005 1stv 0.051 -0.999 tan -19.619
55 13-12 mu 3.5703e-003 1.0024e-001 Var 9.5160e-006 1.2822e-004 cor -0.113 cov -3.9487e-006 Eig 1.284e-004 9.385e-006 1stv 0.033 -0.999 tan -30.094
60 13-12 mu 3.5046e-003 1.1601e-001 Var 4.2348e-006 9.7583e-005 cor -0.089 cov -1.8068e-006 Eig 9.762e-005 4.200e-006 1stv 0.019 -1.000 tan -51.685
65 13-12 mu 3.4356e-003 1.3409e-001 Var 3.3801e-006 8.6595e-005 cor -0.083 cov -1.4199e-006 Eig 8.662e-005 3.356e-006 1stv 0.017 -1.000 tan -58.623
70 13-12 mu 3.3629e-003 1.5477e-001 Var 6.4637e-006 1.2700e-004 cor -0.125 cov -3.5713e-006 Eig 1.271e-004 6.358e-006 1stv 0.030 -1.000 tan -33.782
75 13-12 mu 3.2861e-003 1.7832e-001 Var 1.2967e-005 2.7063e-004 cor -0.155 cov -9.1839e-006 Eig 2.710e-004 1.264e-005 1stv 0.036 -0.999 tan -28.091
80 13-12 mu 3.2049e-003 2.0506e-001 Var 2.2335e-005 5.9681e-004 cor -0.167 cov -1.9306e-005 Eig 5.975e-004 2.169e-005 1stv 0.034 -0.999 tan -29.790
85 13-12 mu 3.1188e-003 2.3529e-001 Var 3.3981e-005 1.2205e-003 cor -0.172 cov -3.5073e-005 Eig 1.222e-003 3.295e-005 1stv 0.030 -1.000 tan -33.859
90 13-12 mu 3.0275e-003 2.6930e-001 Var 4.7282e-005 2.2997e-003 cor -0.175 cov -5.7649e-005 Eig 2.301e-003 4.581e-005 1stv 0.026 -1.000 tan -39.096
50 21-12 mu 9.5499e-002 8.6506e-002 Var 3.3640e-004 1.6065e-004 cor 0.199 cov 4.6158e-005 Eig 3.478e-004 1.493e-004 1stv 0.971 0.239 tan 0.247
55 21-12 mu 1.0457e-001 1.0024e-001 Var 2.5529e-004 1.2822e-004 cor 0.190 cov 3.4311e-005 Eig 2.640e-004 1.195e-004 1stv 0.970 0.245 tan 0.253
60 21-12 mu 1.1430e-001 1.1601e-001 Var 1.8399e-004 9.7583e-005 cor 0.186 cov 2.4864e-005 Eig 1.906e-004 9.094e-005 1stv 0.966 0.258 tan 0.267
65 21-12 mu 1.2461e-001 1.3409e-001 Var 1.3958e-004 8.6595e-005 cor 0.207 cov 2.2757e-005 Eig 1.480e-004 7.816e-005 1stv 0.938 0.347 tan 0.371
70 21-12 mu 1.3536e-001 1.5477e-001 Var 1.4526e-004 1.2700e-004 cor 0.261 cov 3.5485e-005 Eig 1.728e-004 9.949e-005 1stv 0.790 0.613 tan 0.775
75 21-12 mu 1.4631e-001 1.7832e-001 Var 2.3007e-004 2.7063e-004 cor 0.295 cov 7.3541e-005 Eig 3.266e-004 1.741e-004 1stv 0.606 0.796 tan 1.313
80 21-12 mu 1.5701e-001 2.0506e-001 Var 4.2640e-004 5.9681e-004 cor 0.298 cov 1.5036e-004 Eig 6.844e-004 3.388e-004 1stv 0.503 0.864 tan 1.716
85 21-12 mu 1.6684e-001 2.3529e-001 Var 7.6458e-004 1.2205e-003 cor 0.291 cov 2.8114e-004 Eig 1.354e-003 6.306e-004 1stv 0.430 0.903 tan 2.098
90 21-12 mu 1.7485e-001 2.6930e-001 Var 1.2642e-003 2.2997e-003 cor 0.281 cov 4.7972e-004 Eig 2.488e-003 1.076e-003 1stv 0.365 0.931 tan 2.551
50 23-12 mu 1.0777e-002 8.6506e-002 Var 1.4381e-005 1.6065e-004 cor 0.051 cov 2.4745e-006 Eig 1.607e-004 1.434e-005 1stv 0.017 1.000 tan 59.127
55 23-12 mu 1.6190e-002 1.0024e-001 Var 2.2151e-005 1.2822e-004 cor 0.048 cov 2.5620e-006 Eig 1.283e-004 2.209e-005 1stv 0.024 1.000 tan 41.426
60 23-12 mu 2.4276e-002 1.1601e-001 Var 3.1710e-005 9.7583e-005 cor 0.042 cov 2.3088e-006 Eig 9.766e-005 3.163e-005 1stv 0.035 0.999 tan 28.567
65 23-12 mu 3.6309e-002 1.3409e-001 Var 4.1787e-005 8.6595e-005 cor 0.029 cov 1.7467e-006 Eig 8.666e-005 4.172e-005 1stv 0.039 0.999 tan 25.693
70 23-12 mu 5.4113e-002 1.5477e-001 Var 5.3000e-005 1.2700e-004 cor 0.018 cov 1.4385e-006 Eig 1.270e-004 5.297e-005 1stv 0.019 1.000 tan 51.463
75 23-12 mu 8.0241e-002 1.7832e-001 Var 8.2207e-005 2.7063e-004 cor 0.022 cov 3.2640e-006 Eig 2.707e-004 8.215e-005 1stv 0.017 1.000 tan 57.744
80 23-12 mu 1.1814e-001 2.0506e-001 Var 2.1116e-004 5.9681e-004 cor 0.033 cov 1.1822e-005 Eig 5.972e-004 2.108e-004 1stv 0.031 1.000 tan 32.653
85 23-12 mu 1.7222e-001 2.3529e-001 Var 7.1378e-004 1.2205e-003 cor 0.039 cov 3.6468e-005 Eig 1.223e-003 7.112e-004 1stv 0.071 0.997 tan 13.966
90 23-12 mu 2.4763e-001 2.6930e-001 Var 2.3085e-003 2.2997e-003 cor 0.040 cov 9.3306e-005 Eig 2.397e-003 2.211e-003 1stv 0.724 0.690 tan 0.954
50 21-13 mu 9.5499e-002 3.6332e-003 Var 3.3640e-004 1.9685e-005 cor 0.034 cov 2.7436e-006 Eig 3.364e-004 1.966e-005 1stv 1.000 0.009 tan 0.009
55 21-13 mu 1.0457e-001 3.5703e-003 Var 2.5529e-004 9.5160e-006 cor 0.036 cov 1.7595e-006 Eig 2.553e-004 9.503e-006 1stv 1.000 0.007 tan 0.007
60 21-13 mu 1.1430e-001 3.5046e-003 Var 1.8399e-004 4.2348e-006 cor 0.036 cov 9.9606e-007 Eig 1.840e-004 4.229e-006 1stv 1.000 0.006 tan 0.006
65 21-13 mu 1.2461e-001 3.4356e-003 Var 1.3958e-004 3.3801e-006 cor 0.024 cov 5.2856e-007 Eig 1.396e-004 3.378e-006 1stv 1.000 0.004 tan 0.004
70 21-13 mu 1.3536e-001 3.3629e-003 Var 1.4526e-004 6.4637e-006 cor 0.015 cov 4.7264e-007 Eig 1.453e-004 6.462e-006 1stv 1.000 0.003 tan 0.003
75 21-13 mu 1.4631e-001 3.2861e-003 Var 2.3007e-004 1.2967e-005 cor 0.019 cov 1.0289e-006 Eig 2.301e-004 1.296e-005 1stv 1.000 0.005 tan 0.005
80 21-13 mu 1.5701e-001 3.2049e-003 Var 4.2640e-004 2.2335e-005 cor 0.026 cov 2.5604e-006 Eig 4.264e-004 2.232e-005 1stv 1.000 0.006 tan 0.006
85 21-13 mu 1.6684e-001 3.1188e-003 Var 7.6458e-004 3.3981e-005 cor 0.035 cov 5.7025e-006 Eig 7.646e-004 3.394e-005 1stv 1.000 0.008 tan 0.008
90 21-13 mu 1.7485e-001 3.0275e-003 Var 1.2642e-003 4.7282e-005 cor 0.047 cov 1.1464e-005 Eig 1.264e-003 4.717e-005 1stv 1.000 0.009 tan 0.009
50 23-13 mu 1.0777e-002 3.6332e-003 Var 1.4381e-005 1.9685e-005 cor -0.243 cov -4.0865e-006 Eig 2.190e-005 1.216e-005 1stv 0.477 -0.879 tan -1.841
55 23-13 mu 1.6190e-002 3.5703e-003 Var 2.2151e-005 9.5160e-006 cor -0.251 cov -3.6402e-006 Eig 2.312e-005 8.542e-006 1stv 0.966 -0.258 tan -0.267
60 23-13 mu 2.4276e-002 3.5046e-003 Var 3.1710e-005 4.2348e-006 cor -0.246 cov -2.8505e-006 Eig 3.200e-005 3.942e-006 1stv 0.995 -0.102 tan -0.103
65 23-13 mu 3.6309e-002 3.4356e-003 Var 4.1787e-005 3.3801e-006 cor -0.167 cov -1.9882e-006 Eig 4.189e-005 3.277e-006 1stv 0.999 -0.052 tan -0.052
70 23-13 mu 5.4113e-002 3.3629e-003 Var 5.3000e-005 6.4637e-006 cor -0.100 cov -1.8522e-006 Eig 5.307e-005 6.390e-006 1stv 0.999 -0.040 tan -0.040
75 23-13 mu 8.0241e-002 3.2861e-003 Var 8.2207e-005 1.2967e-005 cor -0.129 cov -4.2088e-006 Eig 8.246e-005 1.271e-005 1stv 0.998 -0.060 tan -0.061
80 23-13 mu 1.1814e-001 3.2049e-003 Var 2.1116e-004 2.2335e-005 cor -0.180 cov -1.2386e-005 Eig 2.120e-004 2.153e-005 1stv 0.998 -0.065 tan -0.065
85 23-13 mu 1.7222e-001 3.1188e-003 Var 7.1378e-004 3.3981e-005 cor -0.205 cov -3.1863e-005 Eig 7.153e-004 3.249e-005 1stv 0.999 -0.047 tan -0.047
90 23-13 mu 2.4763e-001 3.0275e-003 Var 2.3085e-003 4.7282e-005 cor -0.213 cov -7.0352e-005 Eig 2.311e-003 4.509e-005 1stv 1.000 -0.031 tan -0.031
50 23-21 mu 1.0777e-002 9.5499e-002 Var 1.4381e-005 3.3640e-004 cor -0.007 cov -5.1450e-007 Eig 3.364e-004 1.438e-005 1stv 0.002 -1.000 tan -625.894
55 23-21 mu 1.6190e-002 1.0457e-001 Var 2.2151e-005 2.5529e-004 cor -0.019 cov -1.4538e-006 Eig 2.553e-004 2.214e-005 1stv 0.006 -1.000 tan -160.368
60 23-21 mu 2.4276e-002 1.1430e-001 Var 3.1710e-005 1.8399e-004 cor -0.034 cov -2.5872e-006 Eig 1.840e-004 3.167e-005 1stv 0.017 -1.000 tan -58.875
65 23-21 mu 3.6309e-002 1.2461e-001 Var 4.1787e-005 1.3958e-004 cor -0.046 cov -3.5308e-006 Eig 1.397e-004 4.166e-005 1stv 0.036 -0.999 tan -27.732
70 23-21 mu 5.4113e-002 1.3536e-001 Var 5.3000e-005 1.4526e-004 cor -0.043 cov -3.7406e-006 Eig 1.454e-004 5.285e-005 1stv 0.040 -0.999 tan -24.706
75 23-21 mu 8.0241e-002 1.4631e-001 Var 8.2207e-005 2.3007e-004 cor -0.028 cov -3.8053e-006 Eig 2.302e-004 8.211e-005 1stv 0.026 -1.000 tan -38.882
80 23-21 mu 1.1814e-001 1.5701e-001 Var 2.1116e-004 4.2640e-004 cor -0.036 cov -1.0819e-005 Eig 4.269e-004 2.106e-004 1stv 0.050 -0.999 tan -19.944
85 23-21 mu 1.7222e-001 1.6684e-001 Var 7.1378e-004 7.6458e-004 cor -0.074 cov -5.4544e-005 Eig 7.993e-004 6.790e-004 1stv 0.538 -0.843 tan -1.569
90 23-21 mu 2.4763e-001 1.7485e-001 Var 2.3085e-003 1.2642e-003 cor -0.132 cov -2.2477e-004 Eig 2.355e-003 1.218e-003 1stv 0.979 -0.202 tan -0.206
Prevalence combination of varying and fixed dummies 1
Warning Observed prevalence doesn't sum to 1 for state 2: probs[50][2][1]=0.000000 because of lack of cases.
Warning Observed prevalence doesn't sum to 1 for state 1: probs[51][1][1]=0.000000 because of lack of cases.
Warning Observed prevalence doesn't sum to 1 for state 2: probs[51][2][1]=0.000000 because of lack of cases.
Warning Observed prevalence doesn't sum to 1 for state 1: probs[52][1][1]=0.000000 because of lack of cases.
Warning Observed prevalence doesn't sum to 1 for state 2: probs[52][2][1]=0.000000 because of lack of cases.
Warning Observed prevalence doesn't sum to 1 for state 1: probs[53][1][1]=0.000000 because of lack of cases.
Warning Observed prevalence doesn't sum to 1 for state 2: probs[53][2][1]=0.000000 because of lack of cases.
Warning Observed prevalence doesn't sum to 1 for state 1: probs[54][1][1]=0.000000 because of lack of cases.
Warning Observed prevalence doesn't sum to 1 for state 2: probs[54][2][1]=0.000000 because of lack of cases.
Warning Observed prevalence doesn't sum to 1 for state 1: probs[55][1][1]=0.000000 because of lack of cases.
Warning Observed prevalence doesn't sum to 1 for state 2: probs[55][2][1]=0.000000 because of lack of cases.
Warning Observed prevalence doesn't sum to 1 for state 1: probs[56][1][1]=0.000000 because of lack of cases.
Warning Observed prevalence doesn't sum to 1 for state 2: probs[56][2][1]=0.000000 because of lack of cases.
Warning Observed prevalence doesn't sum to 1 for state 1: probs[57][1][1]=0.000000 because of lack of cases.
Warning Observed prevalence doesn't sum to 1 for state 2: probs[57][2][1]=0.000000 because of lack of cases.
Warning Observed prevalence doesn't sum to 1 for state 1: probs[58][1][1]=0.000000 because of lack of cases.
Warning Observed prevalence doesn't sum to 1 for state 2: probs[58][2][1]=0.000000 because of lack of cases.
Warning Observed prevalence doesn't sum to 1 for state 1: probs[59][1][1]=0.000000 because of lack of cases.
Warning Observed prevalence doesn't sum to 1 for state 2: probs[59][2][1]=0.000000 because of lack of cases.
Warning Observed prevalence doesn't sum to 1 for state 1: probs[60][1][1]=0.000000 because of lack of cases.
Warning Observed prevalence doesn't sum to 1 for state 2: probs[60][2][1]=0.000000 because of lack of cases.
Warning Observed prevalence doesn't sum to 1 for state 1: probs[61][1][1]=0.000000 because of lack of cases.
Warning Observed prevalence doesn't sum to 1 for state 2: probs[61][2][1]=0.000000 because of lack of cases.
Warning Observed prevalence doesn't sum to 1 for state 1: probs[62][1][1]=0.000000 because of lack of cases.
Warning Observed prevalence doesn't sum to 1 for state 2: probs[62][2][1]=0.000000 because of lack of cases.
Warning Observed prevalence doesn't sum to 1 for state 1: probs[63][1][1]=0.000000 because of lack of cases.
Warning Observed prevalence doesn't sum to 1 for state 2: probs[63][2][1]=0.000000 because of lack of cases.
Warning Observed prevalence doesn't sum to 1 for state 1: probs[64][1][1]=0.000000 because of lack of cases.
Warning Observed prevalence doesn't sum to 1 for state 2: probs[64][2][1]=0.000000 because of lack of cases.
Warning Observed prevalence doesn't sum to 1 for state 1: probs[65][1][1]=0.000000 because of lack of cases.
Warning Observed prevalence doesn't sum to 1 for state 2: probs[65][2][1]=0.000000 because of lack of cases.
Warning Observed prevalence doesn't sum to 1 for state 1: probs[66][1][1]=0.000000 because of lack of cases.
Warning Observed prevalence doesn't sum to 1 for state 2: probs[66][2][1]=0.000000 because of lack of cases.
Warning Observed prevalence doesn't sum to 1 for state 1: probs[67][1][1]=0.000000 because of lack of cases.
Warning Observed prevalence doesn't sum to 1 for state 2: probs[67][2][1]=0.000000 because of lack of cases.
Warning Observed prevalence doesn't sum to 1 for state 1: probs[68][1][1]=0.000000 because of lack of cases.
Warning Observed prevalence doesn't sum to 1 for state 2: probs[68][2][1]=0.000000 because of lack of cases.
Warning Observed prevalence doesn't sum to 1 for state 1: probs[69][1][1]=0.000000 because of lack of cases.
Warning Observed prevalence doesn't sum to 1 for state 2: probs[69][2][1]=0.000000 because of lack of cases.
Warning Observed prevalence doesn't sum to 1 for state 1: probs[70][1][1]=0.000000 because of lack of cases.
Warning Observed prevalence doesn't sum to 1 for state 2: probs[70][2][1]=0.000000 because of lack of cases.
Warning Observed prevalence doesn't sum to 1 for state 1: probs[71][1][1]=0.000000 because of lack of cases.
Warning Observed prevalence doesn't sum to 1 for state 2: probs[71][2][1]=0.000000 because of lack of cases.
Warning Observed prevalence doesn't sum to 1 for state 1: probs[72][1][1]=0.000000 because of lack of cases.
Warning Observed prevalence doesn't sum to 1 for state 2: probs[72][2][1]=0.000000 because of lack of cases.
Warning Observed prevalence doesn't sum to 1 for state 1: probs[73][1][1]=0.000000 because of lack of cases.
Warning Observed prevalence doesn't sum to 1 for state 2: probs[73][2][1]=0.000000 because of lack of cases.
Warning Observed prevalence doesn't sum to 1 for state 1: probs[74][1][1]=0.000000 because of lack of cases.
Warning Observed prevalence doesn't sum to 1 for state 2: probs[74][2][1]=0.000000 because of lack of cases.
Warning Observed prevalence doesn't sum to 1 for state 1: probs[75][1][1]=0.000000 because of lack of cases.
Warning Observed prevalence doesn't sum to 1 for state 2: probs[75][2][1]=0.000000 because of lack of cases.
Warning Observed prevalence doesn't sum to 1 for state 1: probs[76][1][1]=0.000000 because of lack of cases.
Warning Observed prevalence doesn't sum to 1 for state 2: probs[76][2][1]=0.000000 because of lack of cases.
Warning Observed prevalence doesn't sum to 1 for state 1: probs[77][1][1]=0.000000 because of lack of cases.
Warning Observed prevalence doesn't sum to 1 for state 2: probs[77][2][1]=0.000000 because of lack of cases.
Warning Observed prevalence doesn't sum to 1 for state 1: probs[78][1][1]=0.000000 because of lack of cases.
Warning Observed prevalence doesn't sum to 1 for state 2: probs[78][2][1]=0.000000 because of lack of cases.
Warning Observed prevalence doesn't sum to 1 for state 1: probs[79][1][1]=0.000000 because of lack of cases.
Warning Observed prevalence doesn't sum to 1 for state 2: probs[79][2][1]=0.000000 because of lack of cases.
Warning Observed prevalence doesn't sum to 1 for state 1: probs[80][1][1]=0.000000 because of lack of cases.
Warning Observed prevalence doesn't sum to 1 for state 2: probs[80][2][1]=0.000000 because of lack of cases.
Warning Observed prevalence doesn't sum to 1 for state 1: probs[81][1][1]=0.000000 because of lack of cases.
Warning Observed prevalence doesn't sum to 1 for state 2: probs[81][2][1]=0.000000 because of lack of cases.
Warning Observed prevalence doesn't sum to 1 for state 1: probs[82][1][1]=0.000000 because of lack of cases.
Warning Observed prevalence doesn't sum to 1 for state 2: probs[82][2][1]=0.000000 because of lack of cases.
Warning Observed prevalence doesn't sum to 1 for state 1: probs[83][1][1]=0.000000 because of lack of cases.
Warning Observed prevalence doesn't sum to 1 for state 2: probs[83][2][1]=0.000000 because of lack of cases.
Warning Observed prevalence doesn't sum to 1 for state 1: probs[84][1][1]=0.000000 because of lack of cases.
Warning Observed prevalence doesn't sum to 1 for state 2: probs[84][2][1]=0.000000 because of lack of cases.
Warning Observed prevalence doesn't sum to 1 for state 1: probs[85][1][1]=0.000000 because of lack of cases.
Warning Observed prevalence doesn't sum to 1 for state 2: probs[85][2][1]=0.000000 because of lack of cases.
Warning Observed prevalence doesn't sum to 1 for state 1: probs[86][1][1]=0.000000 because of lack of cases.
Warning Observed prevalence doesn't sum to 1 for state 2: probs[86][2][1]=0.000000 because of lack of cases.
Warning Observed prevalence doesn't sum to 1 for state 1: probs[87][1][1]=0.000000 because of lack of cases.
Warning Observed prevalence doesn't sum to 1 for state 2: probs[87][2][1]=0.000000 because of lack of cases.
Warning Observed prevalence doesn't sum to 1 for state 1: probs[88][1][1]=0.000000 because of lack of cases.
Warning Observed prevalence doesn't sum to 1 for state 2: probs[88][2][1]=0.000000 because of lack of cases.
Warning Observed prevalence doesn't sum to 1 for state 1: probs[89][1][1]=0.000000 because of lack of cases.
Warning Observed prevalence doesn't sum to 1 for state 2: probs[89][2][1]=0.000000 because of lack of cases.
Warning Observed prevalence doesn't sum to 1 for state 1: probs[90][1][1]=0.000000 because of lack of cases.
Warning Observed prevalence doesn't sum to 1 for state 2: probs[90][2][1]=0.000000 because of lack of cases.
Computing Health Expectancies: result on file 'E_DEMsr.txt' ...50|51|52|53|54|55|56|57|58|59|60|61|62|63|64|65|66|67|68|69|70|71|72|73|74|75|76|77|78|79|80|81|82|83|84|85|86|87|88|89|90|
done evsij
Computing Total Life expectancies with their standard errors: file 'T_DEMsr.txt' ...
  Computing State-specific Expectancies and standard errors: result on file 'STDE_DEMsr.txt' 
    Computing Covar. of State-specific Expectancies: result on file 'CVE_DEMsr.txt' 
      Computing Variance-covariance of State-specific Expectancies: file 'V_DEMsr.txt' ... 
# model  
#****** Result for:******
 cvevsij 50|51|52|53|54|55|56|57|58|59|60|61|62|63|64|65|66|67|68|69|70|71|72|73|74|75|76|77|78|79|80|81|82|83|84|85|86|87|88|89|90|
 end cvevsij 
 varevsij vpopbased=0 
Computing total mortality p.j=w1*p1j+w2*p2j+..: result on file 'PRMORPREV-1-STABLBASED_DEMsr.txt' 
Warning: the stable prevalence at age 50 did not converge with the required precision (0.000963252 > ftolpl=0.0006) within 200 years and 400 loops. Try to lower 'ftolpl'. Youngest age to start was -150=(49-200).
Warning: the stable prevalence at age 50 did not converge with the required precision (0.00096394 > ftolpl=0.0006) within 200 years and 400 loops. Try to lower 'ftolpl'. Youngest age to start was -150=(49-200).
Warning: the stable prevalence at age 50 did not converge with the required precision (0.000962906 > ftolpl=0.0006) within 200 years and 400 loops. Try to lower 'ftolpl'. Youngest age to start was -150=(49-200).
Warning: the stable prevalence at age 50 did not converge with the required precision (0.000964286 > ftolpl=0.0006) within 200 years and 400 loops. Try to lower 'ftolpl'. Youngest age to start was -150=(49-200).
Warning: the stable prevalence at age 50 did not converge with the required precision (0.000963733 > ftolpl=0.0006) within 200 years and 400 loops. Try to lower 'ftolpl'. Youngest age to start was -150=(49-200).
Warning: the stable prevalence at age 50 did not converge with the required precision (0.000963459 > ftolpl=0.0006) within 200 years and 400 loops. Try to lower 'ftolpl'. Youngest age to start was -150=(49-200).
Warning: the stable prevalence at age 50 did not converge with the required precision (0.000963549 > ftolpl=0.0006) within 200 years and 400 loops. Try to lower 'ftolpl'. Youngest age to start was -150=(49-200).
Warning: the stable prevalence at age 50 did not converge with the required precision (0.000963642 > ftolpl=0.0006) within 200 years and 400 loops. Try to lower 'ftolpl'. Youngest age to start was -150=(49-200).
Warning: the stable prevalence at age 50 did not converge with the required precision (0.000963183 > ftolpl=0.0006) within 200 years and 400 loops. Try to lower 'ftolpl'. Youngest age to start was -150=(49-200).
Warning: the stable prevalence at age 50 did not converge with the required precision (0.000964008 > ftolpl=0.0006) within 200 years and 400 loops. Try to lower 'ftolpl'. Youngest age to start was -150=(49-200).
Warning: the stable prevalence at age 50 did not converge with the required precision (0.000963542 > ftolpl=0.0006) within 200 years and 400 loops. Try to lower 'ftolpl'. Youngest age to start was -150=(49-200).
Warning: the stable prevalence at age 50 did not converge with the required precision (0.000963648 > ftolpl=0.0006) within 200 years and 400 loops. Try to lower 'ftolpl'. Youngest age to start was -150=(49-200).
Warning: the stable prevalence at age 50 did not converge with the required precision (0.000963597 > ftolpl=0.0006) within 200 years and 400 loops. Try to lower 'ftolpl'. Youngest age to start was -150=(49-200).
Warning: the stable prevalence at age 50 did not converge with the required precision (0.000963595 > ftolpl=0.0006) within 200 years and 400 loops. Try to lower 'ftolpl'. Youngest age to start was -150=(49-200).
Warning: the stable prevalence at age 50 did not converge with the required precision (0.000963598 > ftolpl=0.0006) within 200 years and 400 loops. Try to lower 'ftolpl'. Youngest age to start was -150=(49-200).
Warning: the stable prevalence at age 50 did not converge with the required precision (0.000963593 > ftolpl=0.0006) within 200 years and 400 loops. Try to lower 'ftolpl'. Youngest age to start was -150=(49-200).
Warning: the stable prevalence at age 50 did not converge with the required precision (0.000963596 > ftolpl=0.0006) within 200 years and 400 loops. Try to lower 'ftolpl'. Youngest age to start was -150=(49-200).
Warning: the stable prevalence at age 51 did not converge with the required precision (0.000790882 > ftolpl=0.0006) within 200 years and 400 loops. Try to lower 'ftolpl'. Youngest age to start was -149=(50-200).
Warning: the stable prevalence at age 51 did not converge with the required precision (0.000791461 > ftolpl=0.0006) within 200 years and 400 loops. Try to lower 'ftolpl'. Youngest age to start was -149=(50-200).
Warning: the stable prevalence at age 51 did not converge with the required precision (0.000790565 > ftolpl=0.0006) within 200 years and 400 loops. Try to lower 'ftolpl'. Youngest age to start was -149=(50-200).
Warning: the stable prevalence at age 51 did not converge with the required precision (0.000791778 > ftolpl=0.0006) within 200 years and 400 loops. Try to lower 'ftolpl'. Youngest age to start was -149=(50-200).
Warning: the stable prevalence at age 51 did not converge with the required precision (0.000791284 > ftolpl=0.0006) within 200 years and 400 loops. Try to lower 'ftolpl'. Youngest age to start was -149=(50-200).
Warning: the stable prevalence at age 51 did not converge with the required precision (0.000791059 > ftolpl=0.0006) within 200 years and 400 loops. Try to lower 'ftolpl'. Youngest age to start was -149=(50-200).
Warning: the stable prevalence at age 51 did not converge with the required precision (0.000791134 > ftolpl=0.0006) within 200 years and 400 loops. Try to lower 'ftolpl'. Youngest age to start was -149=(50-200).
Warning: the stable prevalence at age 51 did not converge with the required precision (0.000791209 > ftolpl=0.0006) within 200 years and 400 loops. Try to lower 'ftolpl'. Youngest age to start was -149=(50-200).
Warning: the stable prevalence at age 51 did not converge with the required precision (0.000790825 > ftolpl=0.0006) within 200 years and 400 loops. Try to lower 'ftolpl'. Youngest age to start was -149=(50-200).
Warning: the stable prevalence at age 51 did not converge with the required precision (0.000791519 > ftolpl=0.0006) within 200 years and 400 loops. Try to lower 'ftolpl'. Youngest age to start was -149=(50-200).
Warning: the stable prevalence at age 51 did not converge with the required precision (0.000791089 > ftolpl=0.0006) within 200 years and 400 loops. Try to lower 'ftolpl'. Youngest age to start was -149=(50-200).
Warning: the stable prevalence at age 51 did not converge with the required precision (0.000791254 > ftolpl=0.0006) within 200 years and 400 loops. Try to lower 'ftolpl'. Youngest age to start was -149=(50-200).
Warning: the stable prevalence at age 51 did not converge with the required precision (0.000791172 > ftolpl=0.0006) within 200 years and 400 loops. Try to lower 'ftolpl'. Youngest age to start was -149=(50-200).
Warning: the stable prevalence at age 51 did not converge with the required precision (0.000791171 > ftolpl=0.0006) within 200 years and 400 loops. Try to lower 'ftolpl'. Youngest age to start was -149=(50-200).
Warning: the stable prevalence at age 51 did not converge with the required precision (0.000791174 > ftolpl=0.0006) within 200 years and 400 loops. Try to lower 'ftolpl'. Youngest age to start was -149=(50-200).
Warning: the stable prevalence at age 51 did not converge with the required precision (0.000791169 > ftolpl=0.0006) within 200 years and 400 loops. Try to lower 'ftolpl'. Youngest age to start was -149=(50-200).
Warning: the stable prevalence at age 51 did not converge with the required precision (0.000791172 > ftolpl=0.0006) within 200 years and 400 loops. Try to lower 'ftolpl'. Youngest age to start was -149=(50-200).
Warning: the stable prevalence at age 52 did not converge with the required precision (0.000646264 > ftolpl=0.0006) within 200 years and 400 loops. Try to lower 'ftolpl'. Youngest age to start was -148=(51-200).
Warning: the stable prevalence at age 52 did not converge with the required precision (0.000646748 > ftolpl=0.0006) within 200 years and 400 loops. Try to lower 'ftolpl'. Youngest age to start was -148=(51-200).
Warning: the stable prevalence at age 52 did not converge with the required precision (0.000645977 > ftolpl=0.0006) within 200 years and 400 loops. Try to lower 'ftolpl'. Youngest age to start was -148=(51-200).
Warning: the stable prevalence at age 52 did not converge with the required precision (0.000647035 > ftolpl=0.0006) within 200 years and 400 loops. Try to lower 'ftolpl'. Youngest age to start was -148=(51-200).
Warning: the stable prevalence at age 52 did not converge with the required precision (0.000646598 > ftolpl=0.0006) within 200 years and 400 loops. Try to lower 'ftolpl'. Youngest age to start was -148=(51-200).
Warning: the stable prevalence at age 52 did not converge with the required precision (0.000646414 > ftolpl=0.0006) within 200 years and 400 loops. Try to lower 'ftolpl'. Youngest age to start was -148=(51-200).
Warning: the stable prevalence at age 52 did not converge with the required precision (0.000646476 > ftolpl=0.0006) within 200 years and 400 loops. Try to lower 'ftolpl'. Youngest age to start was -148=(51-200).
Warning: the stable prevalence at age 52 did not converge with the required precision (0.000646536 > ftolpl=0.0006) within 200 years and 400 loops. Try to lower 'ftolpl'. Youngest age to start was -148=(51-200).
Warning: the stable prevalence at age 52 did not converge with the required precision (0.000646215 > ftolpl=0.0006) within 200 years and 400 loops. Try to lower 'ftolpl'. Youngest age to start was -148=(51-200).
Warning: the stable prevalence at age 52 did not converge with the required precision (0.000646797 > ftolpl=0.0006) within 200 years and 400 loops. Try to lower 'ftolpl'. Youngest age to start was -148=(51-200).
Warning: the stable prevalence at age 52 did not converge with the required precision (0.000646405 > ftolpl=0.0006) within 200 years and 400 loops. Try to lower 'ftolpl'. Youngest age to start was -148=(51-200).
Warning: the stable prevalence at age 52 did not converge with the required precision (0.000646607 > ftolpl=0.0006) within 200 years and 400 loops. Try to lower 'ftolpl'. Youngest age to start was -148=(51-200).
Warning: the stable prevalence at age 52 did not converge with the required precision (0.000646507 > ftolpl=0.0006) within 200 years and 400 loops. Try to lower 'ftolpl'. Youngest age to start was -148=(51-200).
Warning: the stable prevalence at age 52 did not converge with the required precision (0.000646505 > ftolpl=0.0006) within 200 years and 400 loops. Try to lower 'ftolpl'. Youngest age to start was -148=(51-200).
Warning: the stable prevalence at age 52 did not converge with the required precision (0.000646508 > ftolpl=0.0006) within 200 years and 400 loops. Try to lower 'ftolpl'. Youngest age to start was -148=(51-200).
Warning: the stable prevalence at age 52 did not converge with the required precision (0.000646504 > ftolpl=0.0006) within 200 years and 400 loops. Try to lower 'ftolpl'. Youngest age to start was -148=(51-200).
Warning: the stable prevalence at age 52 did not converge with the required precision (0.000646506 > ftolpl=0.0006) within 200 years and 400 loops. Try to lower 'ftolpl'. Youngest age to start was -148=(51-200).
Computing age specific forward period (stable) prevalences in each health state 
Warning: the stable prevalence at age 50 did not converge with the required precision (0.000963596 > ftolpl=0.0006) within 200 years and 400 loops. Try to lower 'ftolpl'. Youngest age to start was -150=(49-200).
Warning: the stable prevalence at age 51 did not converge with the required precision (0.000791172 > ftolpl=0.0006) within 200 years and 400 loops. Try to lower 'ftolpl'. Youngest age to start was -149=(50-200).
Warning: the stable prevalence at age 52 did not converge with the required precision (0.000646506 > ftolpl=0.0006) within 200 years and 400 loops. Try to lower 'ftolpl'. Youngest age to start was -148=(51-200).
done selection
done State-specific expectancies
Computing Variance-covariance of forward period (stable) prevalence: file 'VPL_DEMsr.txt' ...
#****** ******
Warning: the stable prevalence at age 50 did not converge with the required precision (0.000963252 > ftolpl=0.0006) within 200 years and 400 loops. Try to lower 'ftolpl'. Youngest age to start was -150=(49-200).
Warning: the stable prevalence at age 50 did not converge with the required precision (0.00096394 > ftolpl=0.0006) within 200 years and 400 loops. Try to lower 'ftolpl'. Youngest age to start was -150=(49-200).
Warning: the stable prevalence at age 50 did not converge with the required precision (0.000962906 > ftolpl=0.0006) within 200 years and 400 loops. Try to lower 'ftolpl'. Youngest age to start was -150=(49-200).
Warning: the stable prevalence at age 50 did not converge with the required precision (0.000964286 > ftolpl=0.0006) within 200 years and 400 loops. Try to lower 'ftolpl'. Youngest age to start was -150=(49-200).
Warning: the stable prevalence at age 50 did not converge with the required precision (0.000963733 > ftolpl=0.0006) within 200 years and 400 loops. Try to lower 'ftolpl'. Youngest age to start was -150=(49-200).
Warning: the stable prevalence at age 50 did not converge with the required precision (0.000963459 > ftolpl=0.0006) within 200 years and 400 loops. Try to lower 'ftolpl'. Youngest age to start was -150=(49-200).
Warning: the stable prevalence at age 50 did not converge with the required precision (0.000963549 > ftolpl=0.0006) within 200 years and 400 loops. Try to lower 'ftolpl'. Youngest age to start was -150=(49-200).
Warning: the stable prevalence at age 50 did not converge with the required precision (0.000963642 > ftolpl=0.0006) within 200 years and 400 loops. Try to lower 'ftolpl'. Youngest age to start was -150=(49-200).
Warning: the stable prevalence at age 50 did not converge with the required precision (0.000963183 > ftolpl=0.0006) within 200 years and 400 loops. Try to lower 'ftolpl'. Youngest age to start was -150=(49-200).
Warning: the stable prevalence at age 50 did not converge with the required precision (0.000964008 > ftolpl=0.0006) within 200 years and 400 loops. Try to lower 'ftolpl'. Youngest age to start was -150=(49-200).
Warning: the stable prevalence at age 50 did not converge with the required precision (0.000963542 > ftolpl=0.0006) within 200 years and 400 loops. Try to lower 'ftolpl'. Youngest age to start was -150=(49-200).
Warning: the stable prevalence at age 50 did not converge with the required precision (0.000963648 > ftolpl=0.0006) within 200 years and 400 loops. Try to lower 'ftolpl'. Youngest age to start was -150=(49-200).
Warning: the stable prevalence at age 50 did not converge with the required precision (0.000963597 > ftolpl=0.0006) within 200 years and 400 loops. Try to lower 'ftolpl'. Youngest age to start was -150=(49-200).
Warning: the stable prevalence at age 50 did not converge with the required precision (0.000963595 > ftolpl=0.0006) within 200 years and 400 loops. Try to lower 'ftolpl'. Youngest age to start was -150=(49-200).
Warning: the stable prevalence at age 50 did not converge with the required precision (0.000963598 > ftolpl=0.0006) within 200 years and 400 loops. Try to lower 'ftolpl'. Youngest age to start was -150=(49-200).
Warning: the stable prevalence at age 50 did not converge with the required precision (0.000963593 > ftolpl=0.0006) within 200 years and 400 loops. Try to lower 'ftolpl'. Youngest age to start was -150=(49-200).
Warning: the stable prevalence at age 51 did not converge with the required precision (0.000790882 > ftolpl=0.0006) within 200 years and 400 loops. Try to lower 'ftolpl'. Youngest age to start was -149=(50-200).
Warning: the stable prevalence at age 51 did not converge with the required precision (0.000791461 > ftolpl=0.0006) within 200 years and 400 loops. Try to lower 'ftolpl'. Youngest age to start was -149=(50-200).
Warning: the stable prevalence at age 51 did not converge with the required precision (0.000790565 > ftolpl=0.0006) within 200 years and 400 loops. Try to lower 'ftolpl'. Youngest age to start was -149=(50-200).
Warning: the stable prevalence at age 51 did not converge with the required precision (0.000791778 > ftolpl=0.0006) within 200 years and 400 loops. Try to lower 'ftolpl'. Youngest age to start was -149=(50-200).
Warning: the stable prevalence at age 51 did not converge with the required precision (0.000791284 > ftolpl=0.0006) within 200 years and 400 loops. Try to lower 'ftolpl'. Youngest age to start was -149=(50-200).
Warning: the stable prevalence at age 51 did not converge with the required precision (0.000791059 > ftolpl=0.0006) within 200 years and 400 loops. Try to lower 'ftolpl'. Youngest age to start was -149=(50-200).
Warning: the stable prevalence at age 51 did not converge with the required precision (0.000791134 > ftolpl=0.0006) within 200 years and 400 loops. Try to lower 'ftolpl'. Youngest age to start was -149=(50-200).
Warning: the stable prevalence at age 51 did not converge with the required precision (0.000791209 > ftolpl=0.0006) within 200 years and 400 loops. Try to lower 'ftolpl'. Youngest age to start was -149=(50-200).
Warning: the stable prevalence at age 51 did not converge with the required precision (0.000790825 > ftolpl=0.0006) within 200 years and 400 loops. Try to lower 'ftolpl'. Youngest age to start was -149=(50-200).
Warning: the stable prevalence at age 51 did not converge with the required precision (0.000791519 > ftolpl=0.0006) within 200 years and 400 loops. Try to lower 'ftolpl'. Youngest age to start was -149=(50-200).
Warning: the stable prevalence at age 51 did not converge with the required precision (0.000791089 > ftolpl=0.0006) within 200 years and 400 loops. Try to lower 'ftolpl'. Youngest age to start was -149=(50-200).
Warning: the stable prevalence at age 51 did not converge with the required precision (0.000791254 > ftolpl=0.0006) within 200 years and 400 loops. Try to lower 'ftolpl'. Youngest age to start was -149=(50-200).
Warning: the stable prevalence at age 51 did not converge with the required precision (0.000791172 > ftolpl=0.0006) within 200 years and 400 loops. Try to lower 'ftolpl'. Youngest age to start was -149=(50-200).
Warning: the stable prevalence at age 51 did not converge with the required precision (0.000791171 > ftolpl=0.0006) within 200 years and 400 loops. Try to lower 'ftolpl'. Youngest age to start was -149=(50-200).
Warning: the stable prevalence at age 51 did not converge with the required precision (0.000791174 > ftolpl=0.0006) within 200 years and 400 loops. Try to lower 'ftolpl'. Youngest age to start was -149=(50-200).
Warning: the stable prevalence at age 51 did not converge with the required precision (0.000791169 > ftolpl=0.0006) within 200 years and 400 loops. Try to lower 'ftolpl'. Youngest age to start was -149=(50-200).
Warning: the stable prevalence at age 52 did not converge with the required precision (0.000646264 > ftolpl=0.0006) within 200 years and 400 loops. Try to lower 'ftolpl'. Youngest age to start was -148=(51-200).
Warning: the stable prevalence at age 52 did not converge with the required precision (0.000646748 > ftolpl=0.0006) within 200 years and 400 loops. Try to lower 'ftolpl'. Youngest age to start was -148=(51-200).
Warning: the stable prevalence at age 52 did not converge with the required precision (0.000645977 > ftolpl=0.0006) within 200 years and 400 loops. Try to lower 'ftolpl'. Youngest age to start was -148=(51-200).
Warning: the stable prevalence at age 52 did not converge with the required precision (0.000647035 > ftolpl=0.0006) within 200 years and 400 loops. Try to lower 'ftolpl'. Youngest age to start was -148=(51-200).
Warning: the stable prevalence at age 52 did not converge with the required precision (0.000646598 > ftolpl=0.0006) within 200 years and 400 loops. Try to lower 'ftolpl'. Youngest age to start was -148=(51-200).
Warning: the stable prevalence at age 52 did not converge with the required precision (0.000646414 > ftolpl=0.0006) within 200 years and 400 loops. Try to lower 'ftolpl'. Youngest age to start was -148=(51-200).
Warning: the stable prevalence at age 52 did not converge with the required precision (0.000646476 > ftolpl=0.0006) within 200 years and 400 loops. Try to lower 'ftolpl'. Youngest age to start was -148=(51-200).
Warning: the stable prevalence at age 52 did not converge with the required precision (0.000646536 > ftolpl=0.0006) within 200 years and 400 loops. Try to lower 'ftolpl'. Youngest age to start was -148=(51-200).
Warning: the stable prevalence at age 52 did not converge with the required precision (0.000646215 > ftolpl=0.0006) within 200 years and 400 loops. Try to lower 'ftolpl'. Youngest age to start was -148=(51-200).
Warning: the stable prevalence at age 52 did not converge with the required precision (0.000646797 > ftolpl=0.0006) within 200 years and 400 loops. Try to lower 'ftolpl'. Youngest age to start was -148=(51-200).
Warning: the stable prevalence at age 52 did not converge with the required precision (0.000646405 > ftolpl=0.0006) within 200 years and 400 loops. Try to lower 'ftolpl'. Youngest age to start was -148=(51-200).
Warning: the stable prevalence at age 52 did not converge with the required precision (0.000646607 > ftolpl=0.0006) within 200 years and 400 loops. Try to lower 'ftolpl'. Youngest age to start was -148=(51-200).
Warning: the stable prevalence at age 52 did not converge with the required precision (0.000646507 > ftolpl=0.0006) within 200 years and 400 loops. Try to lower 'ftolpl'. Youngest age to start was -148=(51-200).
Warning: the stable prevalence at age 52 did not converge with the required precision (0.000646505 > ftolpl=0.0006) within 200 years and 400 loops. Try to lower 'ftolpl'. Youngest age to start was -148=(51-200).
Warning: the stable prevalence at age 52 did not converge with the required precision (0.000646508 > ftolpl=0.0006) within 200 years and 400 loops. Try to lower 'ftolpl'. Youngest age to start was -148=(51-200).
Warning: the stable prevalence at age 52 did not converge with the required precision (0.000646504 > ftolpl=0.0006) within 200 years and 400 loops. Try to lower 'ftolpl'. Youngest age to start was -148=(51-200).
done variance-covariance of forward period prevalence
End of Imach with 1 errors and/or warnings 1. Please look at the log file for details.
Local time at start Tue Feb 04 22:13:35 2025

Local time at end   Tue Feb 04 22:14:20 2025

Total time used 0 day(s) 0 hour(s) 0 minute(s) 45 second(s)
Total time was 45 Sec.
