Log filename:DKMadl.log
Version 0.99r45 $Revision: 1.353 $ $Date: 2023/05/08 18:48:22 $
Enter the parameter file name: 
pathimach=C:\PROGRA~1\IMACH-~2.99R\bin\
pathtot=C:\Users\mmusz\Dropbox\gender_paradox\data\IMACHnew\DKMadl.txt
 path=C:\Users\mmusz\Dropbox\gender_paradox\data\IMACHnew\ 
 optionfile=DKMadl.txt
 optionfilext=txt
 optionfilefiname='DKMadl'
Compiled with: Microsoft Visual Studio for Windows (x64 and x86)  64-bit
The programm is not running under WOW64 (i.e probably on a 64bit Windows).
Local time (at start): Tue Feb 04 22:03:38 2025
title=adl datafile=dataDKMadl.txt lastobs=5000 firstpass=1 lastpass=2
ftol=1.000000e-018 stepm=6 ncovcol=0 nqv=0 ntv=0 nqtv=0 nlstate=2 ndeath=1 maxwav=2 mle=1 weight=1
model=1+age+
12 -6.989466 0.053431
13 -14.003774 0.137350
21 1.775860 -0.044908
23 -8.165417 0.091567
# Scales (for hessian or gradient estimation)
12 0.000000e+000 0.000000e+000
13 0.000000e+000 0.000000e+000
21 0.000000e+000 0.000000e+000
23 0.000000e+000 0.000000e+000
# Covariance matrix
121 0.00000e+000
122 0.00000e+000 0.00000e+000
131 0.00000e+000 0.00000e+000 0.00000e+000
132 0.00000e+000 0.00000e+000 0.00000e+000 0.00000e+000
211 0.00000e+000 0.00000e+000 0.00000e+000 0.00000e+000 0.00000e+000
212 0.00000e+000 0.00000e+000 0.00000e+000 0.00000e+000 0.00000e+000 0.00000e+000
231 0.00000e+000 0.00000e+000 0.00000e+000 0.00000e+000 0.00000e+000 0.00000e+000 0.00000e+000
232 0.00000e+000 0.00000e+000 0.00000e+000 0.00000e+000 0.00000e+000 0.00000e+000 0.00000e+000 0.00000e+000

Model=1+age+
Typevar: 0 for simple covariate (dummy, quantitative, fixed or varying), 1 for age product, 2 for  product, 3 for double product with age  
Fixed[k] 0=fixed (product or simple), 1 varying, 2 fixed with age product, 3 varying with age product 
Dummy[k] 0=dummy (0 1), 1 quantitative (single or product without age), 2 dummy with age product, 3 quant with age product
ncoveff=0, nqfveff=0, ntveff=0, nqtveff=0, cptcovn=0
ncovf=0, ncovv=0, ncova=0, nsd=0, nsq=0
Warning: The value of parameter lastobs=5000 is big compared to the 
  effective number of cases imx=1417, please adjust, 
  otherwise you are allocating more memory than necessary.
Total number of individuals= 1417, Agemin = 51.08, Agemax= 91.33

Information, you have to check 0 informations which haven't been logged!
Delay (in months) between two waves Min=1 (for indiviudal 448) Max=32 (1319) Mean=23.695836

 Age 51 1.=3 loss[1]=0.0% 2.=0 loss[2]=0.0% 1.=3 prev[1]=92.9% 2.=0 prev[2]=7.1% 11=3 12=0 13=0 21=0 22=0
Age 52 1.=4 loss[1]=0.0% 2.=0 loss[2]=0.0% 1.=4 prev[1]=94.6% 2.=0 prev[2]=5.4% 11=4 21=0 22=0
Age 53 1.=2 loss[1]=0.0% 2.=0 loss[2]=0.0% 1.=2 prev[1]=91.3% 2.=0 prev[2]=8.7% 11=2 12=0 21=0 23=0
Age 54 1.=3 loss[1]=0.0% 2.=0 loss[2]=0.0% 1.=3 prev[1]=92.6% 2.=0 prev[2]=7.4% 11=3 21=0 22=0
Age 55 1.=3 loss[1]=0.0% 2.=0 loss[2]=NaNQ% 1.=3 prev[1]=100.0% 2.=0 prev[2]=0.0% 11=3 12=0
Age 56 1.=3 loss[1]=0.0% 2.=0 loss[2]=0.0% 1.=3 prev[1]=94.4% 2.=0 prev[2]=5.6% 11=3 12=0 21=0 22=0
Age 57 1.=3 loss[1]=0.0% 2.=0 loss[2]=0.0% 1.=3 prev[1]=87.7% 2.=0 prev[2]=12.3% 11=3 12=0 21=0 22=0 23=0
Age 58 1.=3 loss[1]=0.0% 2.=0 loss[2]=0.0% 1.=3 prev[1]=93.5% 2.=0 prev[2]=6.5% 11=3 12=0 21=0 22=0
Age 59 1.=3 loss[1]=0.0% 2.=0 loss[2]=0.0% 1.=3 prev[1]=98.2% 2.=0 prev[2]=1.8% 11=3 12=0 13=0 21=0
Age 60 1.=3 loss[1]=0.0% 2.=0 loss[2]=0.0% 1.=3 prev[1]=95.5% 2.=0 prev[2]=4.5% 11=3 12=0 13=0 21=0 22=0
Age 61 1.=2 loss[1]=0.0% 2.=0 loss[2]=0.0% 1.=2 prev[1]=92.8% 2.=0 prev[2]=7.2% 11=2 13=0 21=0 22=0 23=0
Age 62 1.=3 loss[1]=0.0% 2.=0 loss[2]=0.0% 1.=3 prev[1]=95.0% 2.=0 prev[2]=5.0% 11=3 13=0 21=0 22=0
Age 63 1.=2 loss[1]=0.0% 2.=0 loss[2]=0.0% 1.=2 prev[1]=83.2% 2.=0 prev[2]=16.8% 11=2 12=0 21=0 22=0
Age 64 1.=2 loss[1]=0.0% 2.=0 loss[2]=NaNQ% 1.=2 prev[1]=100.0% 2.=0 prev[2]=0.0% 11=2 12=0
Age 65 1.=4 loss[1]=0.0% 2.=0 loss[2]=0.0% 1.=4 prev[1]=96.4% 2.=0 prev[2]=3.6% 11=3 12=0 13=0 22=0 23=0
Age 66 1.=3 loss[1]=0.0% 2.=0 loss[2]=0.0% 1.=3 prev[1]=93.6% 2.=0 prev[2]=6.4% 11=2 12=0 13=0 21=0 22=0
Age 67 1.=3 loss[1]=0.0% 2.=0 loss[2]=0.0% 1.=3 prev[1]=89.0% 2.=0 prev[2]=11.0% 11=3 12=0 13=0 21=0 22=0
Age 68 1.=3 loss[1]=0.0% 2.=0 loss[2]=0.0% 1.=3 prev[1]=92.4% 2.=0 prev[2]=7.6% 11=3 12=0 13=0 21=0 22=0
Age 69 1.=3 loss[1]=0.0% 2.=0 loss[2]=0.0% 1.=3 prev[1]=92.9% 2.=0 prev[2]=7.1% 11=3 12=0 13=0 21=0 22=0
Age 70 1.=2 loss[1]=0.0% 2.=0 loss[2]=0.0% 1.=2 prev[1]=89.5% 2.=0 prev[2]=10.5% 11=2 12=0 13=0 21=0 22=0 23=0
Age 71 1.=2 loss[1]=0.0% 2.=0 loss[2]=0.0% 1.=2 prev[1]=97.0% 2.=0 prev[2]=3.0% 11=2 12=0 13=0 22=0
Age 72 1.=2 loss[1]=0.0% 2.=0 loss[2]=0.0% 1.=2 prev[1]=97.1% 2.=0 prev[2]=2.9% 11=1 12=0 13=0 22=0
Age 73 1.=2 loss[1]=0.0% 2.=0 loss[2]=0.0% 1.=2 prev[1]=90.4% 2.=0 prev[2]=9.6% 11=2 12=0 21=0 22=0 23=0
Age 74 1.=1 loss[1]=0.0% 2.=0 loss[2]=0.0% 1.=1 prev[1]=74.9% 2.=0 prev[2]=25.1% 11=1 12=0 13=0 21=0 22=0 23=0
Age 75 1.=1 loss[1]=0.0% 2.=0 loss[2]=0.0% 1.=1 prev[1]=81.8% 2.=0 prev[2]=18.2% 11=1 13=0 21=0 22=0 23=0
Age 76 1.=2 loss[1]=0.0% 2.=0 loss[2]=0.0% 1.=2 prev[1]=95.7% 2.=0 prev[2]=4.3% 11=1 12=0 13=0 23=0
Age 77 1.=1 loss[1]=0.0% 2.=0 loss[2]=NaNQ% 1.=1 prev[1]=100.0% 2.=0 prev[2]=0.0% 11=1 12=0
Age 78 1.=1 loss[1]=0.0% 2.=0 loss[2]=0.0% 1.=1 prev[1]=81.2% 2.=0 prev[2]=18.8% 11=1 12=0 13=0 21=0 22=0 23=0
Age 79 1.=1 loss[1]=0.0% 2.=0 loss[2]=0.0% 1.=1 prev[1]=89.0% 2.=0 prev[2]=11.0% 11=1 12=0 13=0 22=0 23=0
Age 80 1.=1 loss[1]=0.0% 2.=0 loss[2]=0.0% 1.=1 prev[1]=94.5% 2.=0 prev[2]=5.5% 11=1 22=0
Age 81 1.=1 loss[1]=0.0% 2.=0 loss[2]=0.0% 1.=1 prev[1]=58.1% 2.=0 prev[2]=41.9% 11=1 21=0 22=0 23=0
Age 82 1.=1 loss[1]=0.0% 2.=0 loss[2]=0.0% 1.=1 prev[1]=73.8% 2.=0 prev[2]=26.2% 11=1 13=0 22=0 23=0
Age 83 1.=1 loss[1]=0.0% 2.=0 loss[2]=0.0% 1.=1 prev[1]=76.1% 2.=0 prev[2]=23.9% 11=1 13=0 22=0 23=0
Age 84 1.=0 loss[1]=0.0% 2.=0 loss[2]=0.0% 1.=0 prev[1]=58.3% 2.=0 prev[2]=41.7% 11=0 12=0 13=0 21=0 22=0 23=0
Age 85 1.=0 loss[1]=0.0% 2.=0 loss[2]=0.0% 1.=0 prev[1]=88.9% 2.=0 prev[2]=11.1% 11=0 13=0 21=0
Age 86 1.=0 loss[1]=0.0% 2.=0 loss[2]=0.0% 1.=0 prev[1]=65.2% 2.=0 prev[2]=34.8% 11=0 12=0 13=0 22=0 23=0
Age 87 1.=0 loss[1]=0.0% 2.=0 loss[2]=0.0% 1.=0 prev[1]=55.4% 2.=0 prev[2]=44.6% 11=0 12=0 13=0 23=0
Age 88 1.=0 loss[1]=0.0% 2.=0 loss[2]=NaNQ% 1.=0 prev[1]=100.0% 2.=0 prev[2]=0.0% 11=0 12=0
Age 89 1.=0 loss[1]=0.0% 2.=0 loss[2]=0.0% 1.=0 prev[1]=57.8% 2.=0 prev[2]=42.2% 11=0 12=0 13=0 23=0
Age 90 1.=0 loss[1]=0.0% 2.=0 loss[2]=0.0% 1.=0 prev[1]=72.7% 2.=0 prev[2]=27.3% 13=0 23=0
Age 91 1.=0 loss[1]=NaNQ% 2.=0 loss[2]=0.0% 1.=0 prev[1]=0.0% 2.=0 prev[2]=100.0% 23=0
1 1.=0 loss[1]=NaNQ% 2.=0 loss[2]=NaNQ% 1.=0 prev[1]=NaNQ% 2.=0 prev[2]=NaNQ%
0 1.=0 loss[1]=NaNQ% 2.=0 loss[2]=NaNQ% 1.=0 prev[1]=NaNQ% 2.=0 prev[2]=NaNQ%
Total 1.=78 loss[1]=0.0% 2.=8 loss[2]=0.0% 1.=78 prev[1]=90.9% 2.=8 prev[2]=9.1% 11=72 12=4 13=3 21=2 22=3 23=2


12   -6.9894657 ln(4/72)=   -2.9230419 
13  -14.0037743 ln(3/72)=   -3.2898330 
21    1.7758601 ln(2/3)=   -0.2489595 
23   -8.1654169 ln(2/3)=   -0.2397741 

 -1-1=0 -10=0 -11=0 -12=0 -13=0 0-1=0 00=0 01=0 02=0 03=0 1-1=0 10=0 11=72 12=4 13=3 2-1=0 20=0 21=2 22=3 23=2 3-1=0 30=0 31=0 32=0 33=0
Powell

Powell iter=1 Big Iter=1 -2*LL=1383.166895291866 gain=0 0 sec. 0 sec.
#model=  1      +     age 
12   -6.9894657    0.0534314 
13  -14.0037743    0.1373501 
21    1.7758601   -0.0449078 
23   -8.1654169    0.0915672 
1.........2................3........4...................5........6..............7........8.................
Powell iter=2 Big Iter=2 -2*LL=1287.370684072875 gain=95.8 1 sec. 1 sec.
#model=  1      +     age 
12   -7.4884466    0.0533218 
13  -15.1218317    0.1373535 
21    1.1272659   -0.0446475 
23   -8.9699699    0.0914339 

Considering the time needed for this last iteration #2: 1 seconds,
   - if your program needs 1 BIG iterations  (2 iterations) to converge, convergence will be 
   reached in 0 day(s) 0 hour(s) 0 minute(s) 0 second(s) i.e.
   on Tue Feb 04 22:03:39 2025 (current time is Tue Feb 04 22:03:39 2025);
   - if your program needs 11 BIG iterations  (22 iterations) to converge, convergence will be 
   reached in 0 day(s) 0 hour(s) 0 minute(s) 20 second(s) i.e.
   on Tue Feb 04 22:03:59 2025 (current time is Tue Feb 04 22:03:39 2025);
   - if your program needs 21 BIG iterations  (42 iterations) to converge, convergence will be 
   reached in 0 day(s) 0 hour(s) 0 minute(s) 40 second(s) i.e.
   on Tue Feb 04 22:04:19 2025 (current time is Tue Feb 04 22:03:39 2025);
   - if your program needs 31 BIG iterations  (62 iterations) to converge, convergence will be 
   reached in 0 day(s) 0 hour(s) 1 minute(s) 0 second(s) i.e.
   on Tue Feb 04 22:04:39 2025 (current time is Tue Feb 04 22:03:39 2025);
1.........2...............3.........4..................5.........6...............7.........8.................
Powell iter=3 Big Iter=2 -2*LL=1285.353523294040 gain=2.02 0 sec. 1 sec.
#model=  1      +     age 
12   -7.5531509    0.0533664 
13  -14.8836469    0.1372898 
21    1.0014113   -0.0446277 
23   -9.0223749    0.0913322 

Considering the time needed for this last iteration #3: 0 seconds,
   - if your program needs 1 BIG iterations  (2 iterations) to converge, convergence will be 
   reached in 0 day(s) 0 hour(s) 0 minute(s) 0 second(s) i.e.
   on Tue Feb 04 22:03:39 2025 (current time is Tue Feb 04 22:03:39 2025);
   - if your program needs 11 BIG iterations  (22 iterations) to converge, convergence will be 
   reached in 0 day(s) 0 hour(s) 0 minute(s) 0 second(s) i.e.
   on Tue Feb 04 22:03:39 2025 (current time is Tue Feb 04 22:03:39 2025);
   - if your program needs 21 BIG iterations  (42 iterations) to converge, convergence will be 
   reached in 0 day(s) 0 hour(s) 0 minute(s) 0 second(s) i.e.
   on Tue Feb 04 22:03:39 2025 (current time is Tue Feb 04 22:03:39 2025);
   - if your program needs 31 BIG iterations  (62 iterations) to converge, convergence will be 
   reached in 0 day(s) 0 hour(s) 0 minute(s) 0 second(s) i.e.
   on Tue Feb 04 22:03:39 2025 (current time is Tue Feb 04 22:03:39 2025);
1.........2...............3..........4..................5.........6..............7.........8.........................Gaining to use new average direction of P0 P8 instead of biggest increase direction 1 :

Powell iter=4 Big Iter=3 -2*LL=1285.091737323845 gain=0.262 0 sec. 1 sec.
#model=  1      +     age 
12   -7.6206313    0.0533791 
13  -14.8489086    0.1372190 
21    0.9765147   -0.0446195 
23   -9.0298503    0.0912223 
1.....................2...............3..........4..................5....................6................7.........8.......
Powell iter=5 Big Iter=3 -2*LL=1285.088537342436 gain=0.0032 1 sec. 2 sec.
#model=  1      +     age 
12   -7.6216631    0.0533955 
13  -14.8429163    0.1371590 
21    0.9761007   -0.0446152 
23   -9.0226161    0.0912208 
1.................2...............3..........4..................5................6...............7.........8..............Gaining to use new average direction of P0 P8 instead of biggest increase direction 7 :

Powell iter=6 Big Iter=4 -2*LL=1284.941834674170 gain=0.147 0 sec. 2 sec.
#model=  1      +     age 
12   -7.6694267    0.0541356 
13  -14.5695600    0.1335716 
21    0.9613246   -0.0443720 
23   -8.5728857    0.0855967 
1.................2................3..........4...................5....................6.......................7..........8.....................directest= 0.146580552560 (if directest<0 or t<0 we include P0 Pn as new direction), t= -0.000004368898, f1= 1284.941834674170,f2= 1284.941451226456,f3= 1285.088057875988, del= 0.000204772343
f1-2f2+f3= 0.146990097246, f1-f2-del= 0.000178675371, f1-f3= -0.146223201818

Powell iter=7 Big Iter=4 -2*LL=1284.941451226456 gain=0.000383 1 sec. 3 sec.
#model=  1      +     age 
12   -7.6687420    0.0541242 
13  -14.5723506    0.1335742 
21    0.9616066   -0.0443799 
23   -8.5717492    0.0855681 
1..................2................3..........4...........................5..........6..............7........8................Gaining to use new average direction of P0 P8 instead of biggest increase direction 2 :

Powell iter=8 Big Iter=5 -2*LL=1284.941186381486 gain=0.000265 0 sec. 3 sec.
#model=  1      +     age 
12   -7.6658884    0.0540829 
13  -14.5764421    0.1336156 
21    0.9653680   -0.0444367 
23   -8.5668696    0.0855399 
1.................2........3...................4...................5.........6................7...........8............Gaining to use new average direction of P0 P8 instead of biggest increase direction 1 :

Powell iter=9 Big Iter=5 -2*LL=1284.940671683833 gain=0.000515 0 sec. 3 sec.
#model=  1      +     age 
12   -7.6595749    0.0539918 
13  -14.5864753    0.1337389 
21    0.9743411   -0.0445712 
23   -8.5587095    0.0854558 
1.....2..............3..........4...................5..........6..............7....................8............Gaining to use new average direction of P0 P8 instead of biggest increase direction 1 :

Powell iter=10 Big Iter=6 -2*LL=1284.940258528704 gain=0.000413 1 sec. 4 sec.
#model=  1      +     age 
12   -7.6531065    0.0538983 
13  -14.5982253    0.1338883 
21    0.9845496   -0.0447198 
23   -8.5508510    0.0853677 
1.....2...........3..........4...................5...........6..............7.................8............Gaining to use new average direction of P0 P8 instead of biggest increase direction 1 :

Powell iter=11 Big Iter=6 -2*LL=1284.939931805937 gain=0.000327 0 sec. 4 sec.
#model=  1      +     age 
12   -7.6473879    0.0538157 
13  -14.6099373    0.1340399 
21    0.9943574   -0.0448615 
23   -8.5431823    0.0852746 
1.....2...........3..........4............................5...............6.....................7.............8............Gaining to use new average direction of P0 P8 instead of biggest increase direction 1 :

Powell iter=12 Big Iter=7 -2*LL=1284.939668243735 gain=0.000264 0 sec. 4 sec.
#model=  1      +     age 
12   -7.6425033    0.0537453 
13  -14.6214762    0.1341892 
21    1.0030508   -0.0449895 
23   -8.5355434    0.0851767 
1.....2...........3..........4...................5.............6.................7....................8............Gaining to use new average direction of P0 P8 instead of biggest increase direction 1 :

Powell iter=13 Big Iter=7 -2*LL=1284.939439832357 gain=0.000228 0 sec. 4 sec.
#model=  1      +     age 
12   -7.6383841    0.0536861 
13  -14.6331150    0.1343389 
21    1.0102967   -0.0450994 
23   -8.5281565    0.0850781 
1.....2............3..........4...................5...........6...............7..............8............Gaining to use new average direction of P0 P8 instead of biggest increase direction 1 :

Powell iter=14 Big Iter=8 -2*LL=1284.939240333829 gain=0.000199 1 sec. 5 sec.
#model=  1      +     age 
12   -7.6351438    0.0536397 
13  -14.6445142    0.1344857 
21    1.0155884   -0.0451810 
23   -8.5217116    0.0849884 
1.....2..................3..........4....................5..............6...............7.................8............Gaining to use new average direction of P0 P8 instead of biggest increase direction 1 :

Powell iter=15 Big Iter=8 -2*LL=1284.939059849095 gain=0.00018 0 sec. 5 sec.
#model=  1      +     age 
12   -7.6326309    0.0536038 
13  -14.6557905    0.1346327 
21    1.0189082   -0.0452315 
23   -8.5162579    0.0849089 
1.....2...............................3............4.......................5.........6...............7........................8............Gaining to use new average direction of P0 P8 instead of biggest increase direction 1 :

Powell iter=16 Big Iter=9 -2*LL=1284.938885614932 gain=0.000174 0 sec. 5 sec.
#model=  1      +     age 
12   -7.6308200    0.0535781 
13  -14.6667451    0.1347781 
21    1.0199065   -0.0452449 
23   -8.5116788    0.0848386 
1.....2...........................3............4........................5...........6..............7...................8............Gaining to use new average direction of P0 P8 instead of biggest increase direction 1 :

Powell iter=17 Big Iter=9 -2*LL=1284.938712468855 gain=0.000173 0 sec. 5 sec.
#model=  1      +     age 
12   -7.6298295    0.0535643 
13  -14.6765506    0.1349099 
21    1.0179612   -0.0452140 
23   -8.5080178    0.0847791 
1.....2........................3............4.....................5.........6..............7..........................8............Gaining to use new average direction of P0 P8 instead of biggest increase direction 1 :

Powell iter=18 Big Iter=10 -2*LL=1284.938545278431 gain=0.000167 1 sec. 6 sec.
#model=  1      +     age 
12   -7.6297509    0.0535638 
13  -14.6839993    0.1350101 
21    1.0128807   -0.0451384 
23   -8.5055707    0.0847360 
1.....2.................3................4..................5...........6..............7................8............Gaining to use new average direction of P0 P8 instead of biggest increase direction 1 :

Powell iter=19 Big Iter=10 -2*LL=1284.938406471938 gain=0.000139 0 sec. 6 sec.
#model=  1      +     age 
12   -7.6304672    0.0535748 
13  -14.6876946    0.1350593 
21    1.0058927   -0.0450362 
23   -8.5048553    0.0847185 
1.....2............3................4......................5.........6................7...............8............Gaining to use new average direction of P0 P8 instead of biggest increase direction 1 :

Powell iter=20 Big Iter=11 -2*LL=1284.938311001979 gain=9.55e-005 0 sec. 6 sec.
#model=  1      +     age 
12   -7.6315075    0.0535902 
13  -14.6880219    0.1350640 
21    0.9991026   -0.0449365 
23   -8.5056967    0.0847250 
1......2..................3...................4.....................5.........6................7..........................8............Gaining to use new average direction of P0 P8 instead of biggest increase direction 1 :

Powell iter=21 Big Iter=11 -2*LL=1284.938249697971 gain=6.13e-005 0 sec. 6 sec.
#model=  1      +     age 
12   -7.6325182    0.0536049 
13  -14.6863842    0.1350438 
21    0.9934922   -0.0448527 
23   -8.5074575    0.0847462 
1......2..............3.............4...................5.............6................7..................8............Gaining to use new average direction of P0 P8 instead of biggest increase direction 1 :

Powell iter=22 Big Iter=12 -2*LL=1284.938211113625 gain=3.86e-005 1 sec. 7 sec.
#model=  1      +     age 
12   -7.6333446    0.0536169 
13  -14.6837762    0.1350117 
21    0.9893989   -0.0447906 
23   -8.5095118    0.0847731 
1........2......................3............4.....................5.............6.................7.................8..............Gaining to use new average direction of P0 P8 instead of biggest increase direction 1 :

Powell iter=23 Big Iter=12 -2*LL=1284.938187411153 gain=2.37e-005 0 sec. 7 sec.
#model=  1      +     age 
12   -7.6339577    0.0536257 
13  -14.6809237    0.1349758 
21    0.9866927   -0.0447496 
23   -8.5113421    0.0847980 
1......2............3..............4.......................5.......................6...................7.....................8..............Gaining to use new average direction of P0 P8 instead of biggest increase direction 1 :

Powell iter=24 Big Iter=13 -2*LL=1284.938171830549 gain=1.56e-005 0 sec. 7 sec.
#model=  1      +     age 
12   -7.6344273    0.0536324 
13  -14.6780670    0.1349387 
21    0.9849246   -0.0447235 
23   -8.5128407    0.0848191 
1.......2..................3..............4.......................5.............6..................7..............8................Gaining to use new average direction of P0 P8 instead of biggest increase direction 1 :

Powell iter=25 Big Iter=13 -2*LL=1284.938160304047 gain=1.15e-005 1 sec. 8 sec.
#model=  1      +     age 
12   -7.6347986    0.0536377 
13  -14.6752328    0.1349011 
21    0.9839034   -0.0447089 
23   -8.5141008    0.0848374 
1......2...............3................4.......................5..............6..................7....................8..................Gaining to use new average direction of P0 P8 instead of biggest increase direction 1 :

Powell iter=26 Big Iter=14 -2*LL=1284.938150225782 gain=1.01e-005 0 sec. 8 sec.
#model=  1      +     age 
12   -7.6351039    0.0536420 
13  -14.6723112    0.1348623 
21    0.9835600   -0.0447040 
23   -8.5153353    0.0848556 
1.....2................3...............4........................5.............6........................7...................8................Gaining to use new average direction of P0 P8 instead of biggest increase direction 1 :

Powell iter=27 Big Iter=14 -2*LL=1284.938140452918 gain=9.77e-006 1 sec. 9 sec.
#model=  1      +     age 
12   -7.6353243    0.0536451 
13  -14.6694584    0.1348251 
21    0.9840152   -0.0447104 
23   -8.5165720    0.0848739 
1.....2.................3................4......................5.........6..................7..................8..............Gaining to use new average direction of P0 P8 instead of biggest increase direction 1 :

Powell iter=28 Big Iter=15 -2*LL=1284.938132026062 gain=8.43e-006 0 sec. 9 sec.
#model=  1      +     age 
12   -7.6354211    0.0536463 
13  -14.6673160    0.1347975 
21    0.9852019   -0.0447276 
23   -8.5175107    0.0848879 
1.......2...............3............4.........................5.............6...................7..................8..................Gaining to use new average direction of P0 P8 instead of biggest increase direction 1 :

Powell iter=29 Big Iter=15 -2*LL=1284.938125535753 gain=6.49e-006 1 sec. 10 sec.
#model=  1      +     age 
12   -7.6354309    0.0536463 
13  -14.6660506    0.1347811 
21    0.9867505   -0.0447505 
23   -8.5179617    0.0848950 
1......2..............3............4.....................5..............6..................7..................8...............Gaining to use new average direction of P0 P8 instead of biggest increase direction 1 :

Powell iter=30 Big Iter=16 -2*LL=1284.938120588230 gain=4.95e-006 1 sec. 11 sec.
#model=  1      +     age 
12   -7.6353939    0.0536457 
13  -14.6655832    0.1347744 
21    0.9883682   -0.0447748 
23   -8.5179062    0.0848951 
1.......2.............3..............4...................5..............6..................7........................8.................Gaining to use new average direction of P0 P8 instead of biggest increase direction 1 :

Powell iter=31 Big Iter=16 -2*LL=1284.938117119325 gain=3.47e-006 0 sec. 11 sec.
#model=  1      +     age 
12   -7.6353340    0.0536448 
13  -14.6658196    0.1347766 
21    0.9897242   -0.0447954 
23   -8.5174931    0.0848901 
1..........2........................3............4.......................5...............6....................7.....................8................Gaining to use new average direction of P0 P8 instead of biggest increase direction 1 :

Powell iter=32 Big Iter=17 -2*LL=1284.938114833140 gain=2.29e-006 1 sec. 12 sec.
#model=  1      +     age 
12   -7.6352684    0.0536438 
13  -14.6664746    0.1347848 
21    0.9907179   -0.0448102 
23   -8.5169994    0.0848836 
1.......2............3.............4......................5................6..................7.................8...................Gaining to use new average direction of P0 P8 instead of biggest increase direction 1 :

Powell iter=33 Big Iter=17 -2*LL=1284.938113267606 gain=1.57e-006 0 sec. 12 sec.
#model=  1      +     age 
12   -7.6352039    0.0536429 
13  -14.6673520    0.1347962 
21    0.9913884   -0.0448201 
23   -8.5165554    0.0848775 
1..........2...................3...................4.............................5..................6.................7...................8.....................Gaining to use new average direction of P0 P8 instead of biggest increase direction 1 :

Powell iter=34 Big Iter=18 -2*LL=1284.938112104006 gain=1.16e-006 1 sec. 13 sec.
#model=  1      +     age 
12   -7.6351481    0.0536421 
13  -14.6683362    0.1348092 
21    0.9917807   -0.0448258 
23   -8.5161431    0.0848718 
1.......2................3.....................4..........................5.......................6...................7...............................8....................Gaining to use new average direction of P0 P8 instead of biggest increase direction 1 :

Powell iter=35 Big Iter=18 -2*LL=1284.938111093511 gain=1.01e-006 1 sec. 14 sec.
#model=  1      +     age 
12   -7.6351066    0.0536415 
13  -14.6693980    0.1348230 
21    0.9919369   -0.0448281 
23   -8.5156826    0.0848654 
1...........2...............3....................4...............................5.......................6....................7........................8....................Gaining to use new average direction of P0 P8 instead of biggest increase direction 1 :

Powell iter=36 Big Iter=19 -2*LL=1284.938110213459 gain=8.8e-007 0 sec. 14 sec.
#model=  1      +     age 
12   -7.6350879    0.0536413 
13  -14.6703857    0.1348355 
21    0.9918365   -0.0448268 
23   -8.5152048    0.0848588 
1..........2.............................3.................4..................5.....................6......................7.....................8........................Gaining to use new average direction of P0 P8 instead of biggest increase direction 1 :

Powell iter=37 Big Iter=19 -2*LL=1284.938109554540 gain=6.59e-007 1 sec. 15 sec.
#model=  1      +     age 
12   -7.6350891    0.0536413 
13  -14.6711285    0.1348450 
21    0.9915495   -0.0448226 
23   -8.5148303    0.0848537 
1...........2.............3................4......................5........................6.....................7.....................8.....................Gaining to use new average direction of P0 P8 instead of biggest increase direction 1 :

Powell iter=38 Big Iter=20 -2*LL=1284.938109085807 gain=4.69e-007 1 sec. 16 sec.
#model=  1      +     age 
12   -7.6350967    0.0536415 
13  -14.6716548    0.1348518 
21    0.9911760   -0.0448170 
23   -8.5146130    0.0848507 
1...........2.................3.................4................................5......................6....................7.........8........................Gaining to use new average direction of P0 P8 instead of biggest increase direction 1 :

Powell iter=39 Big Iter=20 -2*LL=1284.938108760152 gain=3.26e-007 0 sec. 16 sec.
#model=  1      +     age 
12   -7.6351047    0.0536416 
13  -14.6719671    0.1348561 
21    0.9907939   -0.0448112 
23   -8.5145565    0.0848499 
1...........2..........................3..............4........................5..................6..................7...............................8........................Gaining to use new average direction of P0 P8 instead of biggest increase direction 1 :

Powell iter=40 Big Iter=21 -2*LL=1284.938108547957 gain=2.12e-007 1 sec. 17 sec.
#model=  1      +     age 
12   -7.6351131    0.0536418 
13  -14.6720938    0.1348579 
21    0.9904673   -0.0448063 
23   -8.5145905    0.0848503 
1............2.............................3..............4.........................5..................6....................7.............................8...........................Gaining to use new average direction of P0 P8 instead of biggest increase direction 1 :

Powell iter=41 Big Iter=21 -2*LL=1284.938108402989 gain=1.45e-007 1 sec. 18 sec.
#model=  1      +     age 
12   -7.6351260    0.0536420 
13  -14.6720981    0.1348579 
21    0.9901926   -0.0448022 
23   -8.5146256    0.0848508 
1...........2................3...........................4........................5......................6..................7........................8.......................Gaining to use new average direction of P0 P8 instead of biggest increase direction 1 :

Powell iter=42 Big Iter=22 -2*LL=1284.938108297996 gain=1.05e-007 0 sec. 18 sec.
#model=  1      +     age 
12   -7.6351419    0.0536422 
13  -14.6720234    0.1348569 
21    0.9899737   -0.0447990 
23   -8.5146532    0.0848512 
1............2......................................3................4........................5....................6.....................7......................8.........................Gaining to use new average direction of P0 P8 instead of biggest increase direction 8 :

Powell iter=43 Big Iter=22 -2*LL=1284.938108212631 gain=8.54e-008 1 sec. 19 sec.
#model=  1      +     age 
12   -7.6351595    0.0536425 
13  -14.6719055    0.1348553 
21    0.9897892   -0.0447963 
23   -8.5146890    0.0848518 
1..............2...........3........................4.......................5..................6......................7.......................8.................Gaining to use new average direction of P0 P8 instead of biggest increase direction 1 :

Powell iter=44 Big Iter=23 -2*LL=1284.938107898870 gain=3.14e-007 1 sec. 20 sec.
#model=  1      +     age 
12   -7.6352049    0.0536431 
13  -14.6712200    0.1348463 
21    0.9895693   -0.0447930 
23   -8.5149551    0.0848556 
1..........2............3.................4...................5..................6...................7.....................8.............
Powell iter=45 Big Iter=23 -2*LL=1284.938107743312 gain=1.56e-007 0 sec. 20 sec.
#model=  1      +     age 
12   -7.6351998    0.0536430 
13  -14.6710418    0.1348441 
21    0.9897486   -0.0447956 
23   -8.5150744    0.0848573 
1.............2.................3.................4................................5..................6..................7.............................8...................Gaining to use new average direction of P0 P8 instead of biggest increase direction 1 :

Powell iter=46 Big Iter=24 -2*LL=1284.938107619755 gain=1.24e-007 0 sec. 20 sec.
#model=  1      +     age 
12   -7.6351970    0.0536429 
13  -14.6707013    0.1348397 
21    0.9900838   -0.0448006 
23   -8.5152440    0.0848596 
1........................2...................3.............4...................5.....................6....................7....................8.........................
Powell iter=47 Big Iter=24 -2*LL=1284.938107597928 gain=2.18e-008 1 sec. 21 sec.
#model=  1      +     age 
12   -7.6351993    0.0536430 
13  -14.6707085    0.1348398 
21    0.9900929   -0.0448007 
23   -8.5152240    0.0848594 
1........................2..................3.................4......................5...................6.....................7..........8............................Gaining to use new average direction of P0 P8 instead of biggest increase direction 3 :

Powell iter=48 Big Iter=25 -2*LL=1284.938103936853 gain=3.66e-006 0 sec. 21 sec.
#model=  1      +     age 
12   -7.6358718    0.0536522 
13  -14.6721418    0.1348562 
21    0.9900557   -0.0447992 
23   -8.5140398    0.0848477 
1........2............3...............4......................5.................6....................7.............8..............directest= 0.000004061638 (if directest<0 or t<0 we include P0 Pn as new direction), t= -0.000000000000, f1= 1284.938103936853,f2= 1284.938103503008,f3= 1284.938107412944, del= 0.000000141071
f1-2f2+f3= 0.000004343780, f1-f2-del= 0.000000292773, f1-f3= -0.000003476091

Powell iter=49 Big Iter=25 -2*LL=1284.938103503008 gain=4.34e-007 0 sec. 21 sec.
#model=  1      +     age 
12   -7.6358728    0.0536527 
13  -14.6726555    0.1348632 
21    0.9899269   -0.0447980 
23   -8.5141581    0.0848495 
1........2................3...................4.......................5...................6.....................7...............8...............
Powell iter=50 Big Iter=26 -2*LL=1284.938103496035 gain=6.97e-009 1 sec. 22 sec.
#model=  1      +     age 
12   -7.6358727    0.0536527 
13  -14.6726949    0.1348637 
21    0.9899189   -0.0447980 
23   -8.5142095    0.0848502 
1.......................2....................3.....................4.....................5...................6..................7.....................8..................................Gaining to use new average direction of P0 P8 instead of biggest increase direction 6 :

Powell iter=51 Big Iter=26 -2*LL=1284.938103495179 gain=8.55e-010 0 sec. 22 sec.
#model=  1      +     age 
12   -7.6358732    0.0536527 
13  -14.6726985    0.1348638 
21    0.9899273   -0.0447982 
23   -8.5142243    0.0848505 
1.........2.............3.................4.....................5.................6.................7..............8...............................Gaining to use new average direction of P0 P8 instead of biggest increase direction 5 :

Powell iter=52 Big Iter=27 -2*LL=1284.938103490775 gain=4.4e-009 0 sec. 22 sec.
#model=  1      +     age 
12   -7.6358727    0.0536528 
13  -14.6726988    0.1348637 
21    0.9899589   -0.0447987 
23   -8.5142675    0.0848510 
1.................2...............3................4...............................5.................6.................7................8.............................Gaining to use new average direction of P0 P8 instead of biggest increase direction 8 :

Powell iter=53 Big Iter=27 -2*LL=1284.938103476568 gain=1.42e-008 1 sec. 23 sec.
#model=  1      +     age 
12   -7.6358845    0.0536530 
13  -14.6727074    0.1348638 
21    0.9899737   -0.0447991 
23   -8.5142898    0.0848514 
1....................2.........................3...............4......................5.......6............7................8...........................Gaining to use new average direction of P0 P8 instead of biggest increase direction 8 :

Powell iter=54 Big Iter=28 -2*LL=1284.938103418231 gain=5.83e-008 0 sec. 23 sec.
#model=  1      +     age 
12   -7.6359324    0.0536538 
13  -14.6727449    0.1348642 
21    0.9899163   -0.0447986 
23   -8.5141876    0.0848503 
1................2...................3................4........................5............6.............7..................8........................Gaining to use new average direction of P0 P8 instead of biggest increase direction 5 :

Powell iter=55 Big Iter=28 -2*LL=1284.938103302455 gain=1.16e-007 0 sec. 23 sec.
#model=  1      +     age 
12   -7.6359920    0.0536546 
13  -14.6728058    0.1348650 
21    0.9897470   -0.0447963 
23   -8.5138971    0.0848464 
1..................2.............3..........4........................5...............6........................7.................8.........................Gaining to use new average direction of P0 P8 instead of biggest increase direction 8 :

Powell iter=56 Big Iter=29 -2*LL=1284.938103087082 gain=2.15e-007 1 sec. 24 sec.
#model=  1      +     age 
12   -7.6360988    0.0536559 
13  -14.6729128    0.1348663 
21    0.9897582   -0.0447975 
23   -8.5139833    0.0848473 
1...............2..........3..............4...........................5...........6.................7..............8.......................Gaining to use new average direction of P0 P8 instead of biggest increase direction 8 :

Powell iter=57 Big Iter=29 -2*LL=1284.938102590379 gain=4.97e-007 0 sec. 24 sec.
#model=  1      +     age 
12   -7.6362383    0.0536577 
13  -14.6728349    0.1348650 
21    0.9900255   -0.0448023 
23   -8.5145606    0.0848544 
1.............2........................3...............4.......................5............6......7...........8.....................Gaining to use new average direction of P0 P8 instead of biggest increase direction 5 :

Powell iter=58 Big Iter=30 -2*LL=1284.938101022160 gain=1.57e-006 1 sec. 25 sec.
#model=  1      +     age 
12   -7.6367260    0.0536646 
13  -14.6720188    0.1348538 
21    0.9905260   -0.0448101 
23   -8.5157454    0.0848690 
1..............2.........3........4......................5...............6.............7..............8........
Powell iter=59 Big Iter=30 -2*LL=1284.938099048481 gain=1.97e-006 0 sec. 25 sec.
#model=  1      +     age 
12   -7.6372917    0.0536730 
13  -14.6713808    0.1348455 
21    0.9902286   -0.0448059 
23   -8.5155612    0.0848668 
1......2..............3.........4......................5............6..............7................8...................Gaining to use new average direction of P0 P8 instead of biggest increase direction 8 :

Powell iter=60 Big Iter=31 -2*LL=1284.938096670026 gain=2.38e-006 1 sec. 26 sec.
#model=  1      +     age 
12   -7.6386053    0.0536921 
13  -14.6706864    0.1348371 
21    0.9894563   -0.0447938 
23   -8.5153674    0.0848640 
1..............2...................3................4.........................5...........6.................7..............8................directest= 0.000000982989 (if directest<0 or t<0 we include P0 Pn as new direction), t= -0.000000000000, f1= 1284.938096670026,f2= 1284.938096189254,f3= 1284.938097418701, del= 0.000000363615
f1-2f2+f3= 0.000001710220, f1-f2-del= 0.000000117157, f1-f3= -0.000000748675

Powell iter=61 Big Iter=31 -2*LL=1284.938096189254 gain=4.81e-007 0 sec. 26 sec.
#model=  1      +     age 
12   -7.6384411    0.0536898 
13  -14.6708263    0.1348392 
21    0.9893392   -0.0447910 
23   -8.5152393    0.0848623 
1............2...........3............4...........................5...............6...............7................8............................Gaining to use new average direction of P0 P8 instead of biggest increase direction 2 :

Powell iter=62 Big Iter=32 -2*LL=1284.938095810431 gain=3.79e-007 1 sec. 27 sec.
#model=  1      +     age 
12   -7.6384966    0.0536905 
13  -14.6709669    0.1348410 
21    0.9895055   -0.0447923 
23   -8.5156657    0.0848674 
1...................2.................3......4..........................5................6................7.....................8............directest= 0.000000142503 (if directest<0 or t<0 we include P0 Pn as new direction), t= -0.000000000000, f1= 1284.938095810431,f2= 1284.938095798058,f3= 1284.938095939987, del= 0.000000005899
f1-2f2+f3= 0.000000154301, f1-f2-del= 0.000000006474, f1-f3= -0.000000129555

Powell iter=63 Big Iter=32 -2*LL=1284.938095798058 gain=1.24e-008 1 sec. 28 sec.
#model=  1      +     age 
12   -7.6384878    0.0536903 
13  -14.6708054    0.1348388 
21    0.9895583   -0.0447931 
23   -8.5157646    0.0848686 
1................................2.........3..................4.........................5................6.....................7.................8...............................Gaining to use new average direction of P0 P8 instead of biggest increase direction 2 :

Powell iter=64 Big Iter=33 -2*LL=1284.938095794405 gain=3.65e-009 0 sec. 28 sec.
#model=  1      +     age 
12   -7.6385333    0.0536910 
13  -14.6707323    0.1348379 
21    0.9895406   -0.0447928 
23   -8.5157597    0.0848685 
1............2.......................3..................4...........................5...............6..........................7............8..........
Powell iter=65 Big Iter=33 -2*LL=1284.938095793969 gain=4.36e-010 1 sec. 29 sec.
#model=  1      +     age 
12   -7.6385307    0.0536910 
13  -14.6707312    0.1348378 
21    0.9895540   -0.0447930 
23   -8.5157509    0.0848684 
1.......................2.....................3...................4.......................5.................6...........................7......................................8.......................................
Powell iter=66 Big Iter=34 -2*LL=1284.938095793893 gain=7.59e-011 1 sec. 30 sec.
#model=  1      +     age 
12   -7.6385286    0.0536909 
13  -14.6707292    0.1348378 
21    0.9895575   -0.0447931 
23   -8.5157459    0.0848684 
1.....................2..............3.......................4.....................5..........................6................................7............8.....................
Powell iter=67 Big Iter=34 -2*LL=1284.938095793866 gain=2.73e-011 0 sec. 30 sec.
#model=  1      +     age 
12   -7.6385282    0.0536909 
13  -14.6707299    0.1348378 
21    0.9895604   -0.0447931 
23   -8.5157423    0.0848683 
1................2.............................................3........................................4.....................5......................................6...................................7..........................8..........................................
Powell iter=68 Big Iter=35 -2*LL=1284.938095793864 gain=2.05e-012 1 sec. 31 sec.
#model=  1      +     age 
12   -7.6385281    0.0536909 
13  -14.6707306    0.1348378 
21    0.9895608   -0.0447931 
23   -8.5157420    0.0848683 
1......................................2............................................3.........................................4......................5....................................6.................................7.............................8.......................................
#Number of iterations & function calls = 68 & 11338, -2 Log likelihood = 1284.938095793864
# Parameters nlstate*nlstate*ncov a12*1 + b12 * age + ...
#model=  1      +     age 
12   -7.6385281    0.0536909 
13  -14.6707306    0.1348378 
21    0.9895608   -0.0447931 
23   -8.5157420    0.0848683 

Calculation of the hessian matrix. Wait...
1-2-3-4-5-6-7-8-.1-2.1-3.1-4.1-5.1-6.1-7.1-8.2-3.2-4.2-5.2-6.2-7.2-8.3-4.3-5.3-6.3-7.3-8.4-5.4-6.4-7.4-8.5-6.5-7.5-8.6-7.6-8.7-8

Inverting the hessian to get the covariance matrix. Wait...

#Hessian matrix#
6.470395e+001 4.507233e+003 7.387942e+000 5.699575e+002 -1.016044e+001 -6.820007e+002 -5.287805e+000 -4.048909e+002 
4.507233e+003 3.193566e+005 5.631103e+002 4.415281e+004 -6.797994e+002 -4.643696e+004 -4.032511e+002 -3.137352e+004 
7.387942e+000 5.631103e+002 2.243792e+001 1.729985e+003 -2.235089e+000 -1.677990e+002 6.977928e+000 5.301231e+002 
5.699575e+002 4.415281e+004 1.729985e+003 1.350033e+005 -1.692050e+002 -1.299042e+004 5.293856e+002 4.088659e+004 
-1.016044e+001 -6.797994e+002 -2.235089e+000 -1.692050e+002 3.347563e+001 2.197988e+003 -1.913307e+000 -1.461107e+002 
-6.820007e+002 -4.643696e+004 -1.677990e+002 -1.299042e+004 2.197988e+003 1.474923e+005 -1.454061e+002 -1.130716e+004 
-5.287805e+000 -4.032511e+002 6.977928e+000 5.293856e+002 -1.913307e+000 -1.454061e+002 3.579425e+001 2.838681e+003 
-4.048909e+002 -3.137352e+004 5.301231e+002 4.088659e+004 -1.461107e+002 -1.130716e+004 2.838681e+003 2.282262e+005 
Parameters, Wald tests and Wald-based confidence intervals
 W is simply the result of the division of the parameter by the square root of covariance of the parameter.
 And Wald-based confidence intervals plus and minus 1.96 * W 
  It might be better to visualize the covariance matrix. See the page 'Matrix of variance-covariance of one-step probabilities' and its graphs.
12   -7.6385281(   1.0325833) W=  -7.397 CI=[  -9.6623915 ;   -5.6146648]    0.0536909(   0.0147547) W=   3.639 CI=[   0.0247717 ;    0.0826102] 
13  -14.6707306(   2.1194345) W=  -6.922 CI=[ -18.8248223 ;  -10.5166390]    0.1348378(   0.0273440) W=   4.931 CI=[   0.0812436 ;    0.1884320] 
21    0.9895608(   1.2085327) W=   0.819 CI=[  -1.3791632 ;    3.3582848]   -0.0447931(   0.0182063) W=  -2.460 CI=[  -0.0804774 ;   -0.0091088] 
23   -8.5157420(   1.5475296) W=  -5.503 CI=[ -11.5489001 ;   -5.4825839]    0.0848683(   0.0193323) W=   4.390 CI=[   0.0469771 ;    0.1227595] 
# Scales (for hessian or gradient estimation)
12 1.00000e-003 1.00000e-005
13 2.00000e-003 2.00000e-005
21 1.00000e-003 2.00000e-005
23 1.00000e-003 2.00000e-005
# Covariance matrix 
# 121 Var(a12)
# 122 Cov(b12,a12) Var(b12)
#   ...
# 232 Cov(b23,a12)  Cov(b23,b12) ... Var (b23)
#121 Var(a12)
#122 Cov(b12,a12) Var(b12)
#131 Cov(a13,a12) Cov(a13,b12) Var(a13)
#132 Cov(b13,a12) Cov(b13,b12) Cov(b13,a13) Var(b13)
#211 Cov(a21,a12) Cov(a21,b12) Cov(a21,a13) Cov(a21,b13) Var(a21)
#212 Cov(b21,a12) Cov(b21,b12) Cov(b21,a13) Cov(b21,b13) Cov(b21,a21) Var(b21)
#231 Cov(a23,a12) Cov(a23,b12) Cov(a23,a13) Cov(a23,b13) Cov(a23,a21) Cov(a23,b21) Var(a23)
#232 Cov(b23,a12) Cov(b23,b12) Cov(b23,a13) Cov(b23,b13) Cov(b23,a21) Cov(b23,b21) Cov(b23,a23) Var(b23)
121 1.0662284e+000
122 -1.51106e-002 2.1770136e-004
131 -5.59132e-001 7.86417e-003 4.4920026e+000
132 7.62253e-003 -1.08576e-004 -5.76169e-002 7.4769321e-004
211 2.17762e-001 -3.12406e-003 1.24805e-001 -1.72181e-003 1.4605512e+000
212 -3.04855e-003 4.48372e-005 -1.97388e-003 2.73946e-005 -2.17623e-002 3.3146881e-004
231 2.75281e-001 -3.72686e-003 -1.15312e+000 1.44429e-002 7.90720e-002 -1.03617e-003 2.3948480e+000
232 -3.68803e-003 5.08800e-005 1.43017e-002 -1.80905e-004 -1.15120e-003 1.58103e-005 -2.97208e-002 3.7373601e-004
# agemin agemax for life expectancy, bage fage (if mle==0 ie no data nor Max likelihood).
# Observed prevalence period
begin-prev-date=1/1/2016 end-prev-date=1/9/2018 mov_average=0
# Health expectancies computed from stable (period) prevalence (pop_based=0) or population based (1)
pop_based=0
# Prevalence forecasting and backcasting is skept here
##prevforecast=0  starting-proj-date=1/1/1989 final-proj-date=1/1/1990 mobil_average=0
#prevforecast=1 yearsfproj=10 mobil_average=0
#prevbackcast=1 yearsbproj=10 mobil_average=1
result:  .
End of resultlines.

Computing forward period (stable) prevalence: result on file 'PL_DKMadl.txt' 
#************
Computing pij: result on file 'PIJ_DKMadl.txt' 
Computing standard deviation of one-step probabilities: result on file 'PROB_rDKMadl.txt' 
Computing matrix of variance covariance of one-step probabilities: result on file 'PROBCOV_DKMadl.txt' 
and correlation matrix of one-step probabilities: result on file 'PROBCOR_DKMadl.txt' 
50 13-12 mu 7.1511e-004 1.4007e-002 Var 3.0678e-007 1.9241e-005 cor -0.234 cov -5.6821e-007 Eig 1.926e-005 2.897e-007 1stv 0.030 -1.000 tan -33.352
55 13-12 mu 1.3999e-003 1.8274e-002 Var 8.1518e-007 2.0544e-005 cor -0.227 cov -9.2891e-007 Eig 2.059e-005 7.715e-007 1stv 0.047 -0.999 tan -21.286
60 13-12 mu 2.7376e-003 2.3819e-002 Var 2.0192e-006 2.0349e-005 cor -0.217 cov -1.3907e-006 Eig 2.045e-005 1.914e-006 1stv 0.075 -0.997 tan -13.255
65 13-12 mu 5.3457e-003 3.0999e-002 Var 4.5809e-006 2.0210e-005 cor -0.203 cov -1.9531e-006 Eig 2.045e-005 4.341e-006 1stv 0.122 -0.993 tan -8.125
70 13-12 mu 1.0414e-002 4.0249e-002 Var 9.6196e-006 2.7310e-005 cor -0.200 cov -3.2339e-006 Eig 2.788e-005 9.047e-006 1stv 0.174 -0.985 tan -5.647
75 13-12 mu 2.0211e-002 5.2060e-002 Var 2.2294e-005 6.2698e-005 cor -0.260 cov -9.7201e-006 Eig 6.491e-005 2.008e-005 1stv 0.222 -0.975 tan -4.385
80 13-12 mu 3.8971e-002 6.6904e-002 Var 8.7042e-005 1.7752e-004 cor -0.352 cov -4.3737e-005 Eig 1.952e-004 6.936e-005 1stv 0.375 -0.927 tan -2.473
85 13-12 mu 7.4318e-002 8.5036e-002 Var 5.2102e-004 4.8115e-004 cor -0.398 cov -1.9941e-004 Eig 7.015e-004 3.007e-004 1stv 0.741 -0.671 tan -0.905
90 13-12 mu 1.3905e-001 1.0604e-001 Var 3.0591e-003 1.1822e-003 cor -0.439 cov -8.3476e-004 Eig 3.377e-003 8.646e-004 1stv 0.935 -0.356 tan -0.380
50 21-12 mu 4.4059e-001 1.4007e-002 Var 1.3312e-002 1.9241e-005 cor 0.196 cov 9.9309e-005 Eig 1.331e-002 1.850e-005 1stv 1.000 0.007 tan 0.007
55 21-12 mu 3.6630e-001 1.8274e-002 Var 6.1974e-003 2.0544e-005 cor 0.204 cov 7.2873e-005 Eig 6.198e-003 1.968e-005 1stv 1.000 0.012 tan 0.012
60 21-12 mu 3.0115e-001 2.3819e-002 Var 2.7635e-003 2.0349e-005 cor 0.213 cov 5.0488e-005 Eig 2.764e-003 1.942e-005 1stv 1.000 0.018 tan 0.018
65 21-12 mu 2.4465e-001 3.0999e-002 Var 1.4662e-003 2.0210e-005 cor 0.212 cov 3.6565e-005 Eig 1.467e-003 1.929e-005 1stv 1.000 0.025 tan 0.025
70 21-12 mu 1.9605e-001 4.0249e-002 Var 1.1840e-003 2.7310e-005 cor 0.193 cov 3.4713e-005 Eig 1.185e-003 2.627e-005 1stv 1.000 0.030 tan 0.030
75 21-12 mu 1.5454e-001 5.2060e-002 Var 1.2264e-003 6.2698e-005 cor 0.168 cov 4.6512e-005 Eig 1.228e-003 6.084e-005 1stv 0.999 0.040 tan 0.040
80 21-12 mu 1.1931e-001 6.6904e-002 Var 1.2475e-003 1.7752e-004 cor 0.148 cov 6.9800e-005 Eig 1.252e-003 1.730e-004 1stv 0.998 0.065 tan 0.065
85 21-12 mu 8.9708e-002 8.5036e-002 Var 1.1351e-003 4.8115e-004 cor 0.131 cov 9.6741e-005 Eig 1.149e-003 4.671e-004 1stv 0.990 0.143 tan 0.145
90 21-12 mu 6.5250e-002 1.0604e-001 Var 9.1017e-004 1.1822e-003 cor 0.109 cov 1.1285e-004 Eig 1.223e-003 8.694e-004 1stv 0.339 0.941 tan 2.771
50 23-12 mu 2.1453e-002 1.4007e-002 Var 1.6152e-004 1.9241e-005 cor 0.143 cov 7.9909e-006 Eig 1.620e-004 1.879e-005 1stv 0.998 0.056 tan 0.056
55 23-12 mu 3.4108e-002 1.8274e-002 Var 2.8781e-004 2.0544e-005 cor 0.149 cov 1.1454e-005 Eig 2.883e-004 2.005e-005 1stv 0.999 0.043 tan 0.043
60 23-12 mu 5.3624e-002 2.3819e-002 Var 4.7209e-004 2.0349e-005 cor 0.154 cov 1.5108e-005 Eig 4.726e-004 1.984e-005 1stv 0.999 0.033 tan 0.033
65 23-12 mu 8.3305e-002 3.0999e-002 Var 6.9955e-004 2.0210e-005 cor 0.157 cov 1.8640e-005 Eig 7.001e-004 1.970e-005 1stv 1.000 0.027 tan 0.027
70 23-12 mu 1.2766e-001 4.0249e-002 Var 9.2759e-004 2.7310e-005 cor 0.152 cov 2.4192e-005 Eig 9.282e-004 2.666e-005 1stv 1.000 0.027 tan 0.027
75 23-12 mu 1.9243e-001 5.2060e-002 Var 1.1724e-003 6.2698e-005 cor 0.160 cov 4.3375e-005 Eig 1.174e-003 6.100e-005 1stv 0.999 0.039 tan 0.039
80 23-12 mu 2.8411e-001 6.6904e-002 Var 1.8526e-003 1.7752e-004 cor 0.198 cov 1.1344e-004 Eig 1.860e-003 1.699e-004 1stv 0.998 0.067 tan 0.067
85 23-12 mu 4.0850e-001 8.5036e-002 Var 4.4611e-003 4.8115e-004 cor 0.223 cov 3.2648e-004 Eig 4.488e-003 4.545e-004 1stv 0.997 0.081 tan 0.081
90 23-12 mu 5.6819e-001 1.0604e-001 Var 1.1897e-002 1.1822e-003 cor 0.232 cov 8.6862e-004 Eig 1.197e-002 1.112e-003 1stv 0.997 0.080 tan 0.081
50 21-13 mu 4.4059e-001 7.1511e-004 Var 1.3312e-002 3.0678e-007 cor 0.041 cov 2.6214e-006 Eig 1.331e-002 3.063e-007 1stv 1.000 0.000 tan 0.000
55 21-13 mu 3.6630e-001 1.3999e-003 Var 6.1974e-003 8.1518e-007 cor 0.040 cov 2.8380e-006 Eig 6.197e-003 8.139e-007 1stv 1.000 0.000 tan 0.000
60 21-13 mu 3.0115e-001 2.7376e-003 Var 2.7635e-003 2.0192e-006 cor 0.038 cov 2.8670e-006 Eig 2.764e-003 2.016e-006 1stv 1.000 0.001 tan 0.001
65 21-13 mu 2.4465e-001 5.3457e-003 Var 1.4662e-003 4.5809e-006 cor 0.036 cov 2.9396e-006 Eig 1.466e-003 4.575e-006 1stv 1.000 0.002 tan 0.002
70 21-13 mu 1.9605e-001 1.0414e-002 Var 1.1840e-003 9.6196e-006 cor 0.037 cov 3.9944e-006 Eig 1.184e-003 9.606e-006 1stv 1.000 0.003 tan 0.003
75 21-13 mu 1.5454e-001 2.0211e-002 Var 1.2264e-003 2.2294e-005 cor 0.054 cov 8.8510e-006 Eig 1.226e-003 2.223e-005 1stv 1.000 0.007 tan 0.007
80 21-13 mu 1.1931e-001 3.8971e-002 Var 1.2475e-003 8.7042e-005 cor 0.076 cov 2.5104e-005 Eig 1.248e-003 8.650e-005 1stv 1.000 0.022 tan 0.022
85 21-13 mu 8.9708e-002 7.4318e-002 Var 1.1351e-003 5.2102e-004 cor 0.092 cov 7.0940e-005 Eig 1.143e-003 5.129e-004 1stv 0.994 0.113 tan 0.114
90 21-13 mu 6.5250e-002 1.3905e-001 Var 9.1017e-004 3.0591e-003 cor 0.109 cov 1.8137e-004 Eig 3.074e-003 8.950e-004 1stv 0.084 0.997 tan 11.932
50 23-13 mu 2.1453e-002 7.1511e-004 Var 1.6152e-004 3.0678e-007 cor -0.367 cov -2.5827e-006 Eig 1.616e-004 2.654e-007 1stv 1.000 -0.016 tan -0.016
55 23-13 mu 3.4108e-002 1.3999e-003 Var 2.8781e-004 8.1518e-007 cor -0.369 cov -5.6464e-006 Eig 2.879e-004 7.041e-007 1stv 1.000 -0.020 tan -0.020
60 23-13 mu 5.3624e-002 2.7376e-003 Var 4.7209e-004 2.0192e-006 cor -0.370 cov -1.1428e-005 Eig 4.724e-004 1.742e-006 1stv 1.000 -0.024 tan -0.024
65 23-13 mu 8.3305e-002 5.3457e-003 Var 6.9955e-004 4.5809e-006 cor -0.370 cov -2.0941e-005 Eig 7.002e-004 3.951e-006 1stv 1.000 -0.030 tan -0.030
70 23-13 mu 1.2766e-001 1.0414e-002 Var 9.2759e-004 9.6196e-006 cor -0.361 cov -3.4129e-005 Eig 9.289e-004 8.352e-006 1stv 0.999 -0.037 tan -0.037
75 23-13 mu 1.9243e-001 2.0211e-002 Var 1.1724e-003 2.2294e-005 cor -0.326 cov -5.2658e-005 Eig 1.175e-003 1.989e-005 1stv 0.999 -0.046 tan -0.046
80 23-13 mu 2.8411e-001 3.8971e-002 Var 1.8526e-003 8.7042e-005 cor -0.276 cov -1.1072e-004 Eig 1.860e-003 8.013e-005 1stv 0.998 -0.062 tan -0.062
85 23-13 mu 4.0850e-001 7.4318e-002 Var 4.4611e-003 5.2102e-004 cor -0.273 cov -4.1548e-004 Eig 4.504e-003 4.777e-004 1stv 0.995 -0.104 tan -0.104
90 23-13 mu 5.6819e-001 1.3905e-001 Var 1.1897e-002 3.0591e-003 cor -0.289 cov -1.7447e-003 Eig 1.223e-002 2.727e-003 1stv 0.982 -0.187 tan -0.190
50 23-21 mu 2.1453e-002 4.4059e-001 Var 1.6152e-004 1.3312e-002 cor -0.104 cov -1.5177e-004 Eig 1.331e-002 1.598e-004 1stv 0.012 -1.000 tan -86.661
55 23-21 mu 3.4108e-002 3.6630e-001 Var 2.8781e-004 6.1974e-003 cor -0.088 cov -1.1694e-004 Eig 6.200e-003 2.855e-004 1stv 0.020 -1.000 tan -50.555
60 23-21 mu 5.3624e-002 3.0115e-001 Var 4.7209e-004 2.7635e-003 cor -0.085 cov -9.7051e-005 Eig 2.768e-003 4.680e-004 1stv 0.042 -0.999 tan -23.653
65 23-21 mu 8.3305e-002 2.4465e-001 Var 6.9955e-004 1.4662e-003 cor -0.095 cov -9.5780e-005 Eig 1.478e-003 6.878e-004 1stv 0.122 -0.993 tan -8.127
70 23-21 mu 1.2766e-001 1.9605e-001 Var 9.2759e-004 1.1840e-003 cor -0.104 cov -1.0877e-004 Eig 1.224e-003 8.877e-004 1stv 0.345 -0.939 tan -2.725
75 23-21 mu 1.9243e-001 1.5454e-001 Var 1.1724e-003 1.2264e-003 cor -0.109 cov -1.3069e-004 Eig 1.333e-003 1.066e-003 1stv 0.632 -0.775 tan -1.228
80 23-21 mu 2.8411e-001 1.1931e-001 Var 1.8526e-003 1.2475e-003 cor -0.115 cov -1.7438e-004 Eig 1.899e-003 1.201e-003 1stv 0.966 -0.258 tan -0.268
85 23-21 mu 4.0850e-001 8.9708e-002 Var 4.4611e-003 1.1351e-003 cor -0.129 cov -2.9021e-004 Eig 4.486e-003 1.110e-003 1stv 0.996 -0.086 tan -0.087
90 23-21 mu 5.6819e-001 6.5250e-002 Var 1.1897e-002 9.1017e-004 cor -0.166 cov -5.4546e-004 Eig 1.192e-002 8.832e-004 1stv 0.999 -0.049 tan -0.050
Prevalence combination of varying and fixed dummies 1
Warning Observed prevalence doesn't sum to 1 for state 2: probs[50][2][1]=0.000000 because of lack of cases.
Warning Observed prevalence doesn't sum to 1 for state 1: probs[51][1][1]=0.000000 because of lack of cases.
Warning Observed prevalence doesn't sum to 1 for state 2: probs[51][2][1]=0.000000 because of lack of cases.
Warning Observed prevalence doesn't sum to 1 for state 1: probs[52][1][1]=0.000000 because of lack of cases.
Warning Observed prevalence doesn't sum to 1 for state 2: probs[52][2][1]=0.000000 because of lack of cases.
Warning Observed prevalence doesn't sum to 1 for state 1: probs[53][1][1]=0.000000 because of lack of cases.
Warning Observed prevalence doesn't sum to 1 for state 2: probs[53][2][1]=0.000000 because of lack of cases.
Warning Observed prevalence doesn't sum to 1 for state 1: probs[54][1][1]=0.000000 because of lack of cases.
Warning Observed prevalence doesn't sum to 1 for state 2: probs[54][2][1]=0.000000 because of lack of cases.
Warning Observed prevalence doesn't sum to 1 for state 1: probs[55][1][1]=0.000000 because of lack of cases.
Warning Observed prevalence doesn't sum to 1 for state 2: probs[55][2][1]=0.000000 because of lack of cases.
Warning Observed prevalence doesn't sum to 1 for state 1: probs[56][1][1]=0.000000 because of lack of cases.
Warning Observed prevalence doesn't sum to 1 for state 2: probs[56][2][1]=0.000000 because of lack of cases.
Warning Observed prevalence doesn't sum to 1 for state 1: probs[57][1][1]=0.000000 because of lack of cases.
Warning Observed prevalence doesn't sum to 1 for state 2: probs[57][2][1]=0.000000 because of lack of cases.
Warning Observed prevalence doesn't sum to 1 for state 1: probs[58][1][1]=0.000000 because of lack of cases.
Warning Observed prevalence doesn't sum to 1 for state 2: probs[58][2][1]=0.000000 because of lack of cases.
Warning Observed prevalence doesn't sum to 1 for state 1: probs[59][1][1]=0.000000 because of lack of cases.
Warning Observed prevalence doesn't sum to 1 for state 2: probs[59][2][1]=0.000000 because of lack of cases.
Warning Observed prevalence doesn't sum to 1 for state 1: probs[60][1][1]=0.000000 because of lack of cases.
Warning Observed prevalence doesn't sum to 1 for state 2: probs[60][2][1]=0.000000 because of lack of cases.
Warning Observed prevalence doesn't sum to 1 for state 1: probs[61][1][1]=0.000000 because of lack of cases.
Warning Observed prevalence doesn't sum to 1 for state 2: probs[61][2][1]=0.000000 because of lack of cases.
Warning Observed prevalence doesn't sum to 1 for state 1: probs[62][1][1]=0.000000 because of lack of cases.
Warning Observed prevalence doesn't sum to 1 for state 2: probs[62][2][1]=0.000000 because of lack of cases.
Warning Observed prevalence doesn't sum to 1 for state 1: probs[63][1][1]=0.000000 because of lack of cases.
Warning Observed prevalence doesn't sum to 1 for state 2: probs[63][2][1]=0.000000 because of lack of cases.
Warning Observed prevalence doesn't sum to 1 for state 1: probs[64][1][1]=0.000000 because of lack of cases.
Warning Observed prevalence doesn't sum to 1 for state 2: probs[64][2][1]=0.000000 because of lack of cases.
Warning Observed prevalence doesn't sum to 1 for state 1: probs[65][1][1]=0.000000 because of lack of cases.
Warning Observed prevalence doesn't sum to 1 for state 2: probs[65][2][1]=0.000000 because of lack of cases.
Warning Observed prevalence doesn't sum to 1 for state 1: probs[66][1][1]=0.000000 because of lack of cases.
Warning Observed prevalence doesn't sum to 1 for state 2: probs[66][2][1]=0.000000 because of lack of cases.
Warning Observed prevalence doesn't sum to 1 for state 1: probs[67][1][1]=0.000000 because of lack of cases.
Warning Observed prevalence doesn't sum to 1 for state 2: probs[67][2][1]=0.000000 because of lack of cases.
Warning Observed prevalence doesn't sum to 1 for state 1: probs[68][1][1]=0.000000 because of lack of cases.
Warning Observed prevalence doesn't sum to 1 for state 2: probs[68][2][1]=0.000000 because of lack of cases.
Warning Observed prevalence doesn't sum to 1 for state 1: probs[69][1][1]=0.000000 because of lack of cases.
Warning Observed prevalence doesn't sum to 1 for state 2: probs[69][2][1]=0.000000 because of lack of cases.
Warning Observed prevalence doesn't sum to 1 for state 1: probs[70][1][1]=0.000000 because of lack of cases.
Warning Observed prevalence doesn't sum to 1 for state 2: probs[70][2][1]=0.000000 because of lack of cases.
Warning Observed prevalence doesn't sum to 1 for state 1: probs[71][1][1]=0.000000 because of lack of cases.
Warning Observed prevalence doesn't sum to 1 for state 2: probs[71][2][1]=0.000000 because of lack of cases.
Warning Observed prevalence doesn't sum to 1 for state 1: probs[72][1][1]=0.000000 because of lack of cases.
Warning Observed prevalence doesn't sum to 1 for state 2: probs[72][2][1]=0.000000 because of lack of cases.
Warning Observed prevalence doesn't sum to 1 for state 1: probs[73][1][1]=0.000000 because of lack of cases.
Warning Observed prevalence doesn't sum to 1 for state 2: probs[73][2][1]=0.000000 because of lack of cases.
Warning Observed prevalence doesn't sum to 1 for state 1: probs[74][1][1]=0.000000 because of lack of cases.
Warning Observed prevalence doesn't sum to 1 for state 2: probs[74][2][1]=0.000000 because of lack of cases.
Warning Observed prevalence doesn't sum to 1 for state 1: probs[75][1][1]=0.000000 because of lack of cases.
Warning Observed prevalence doesn't sum to 1 for state 2: probs[75][2][1]=0.000000 because of lack of cases.
Warning Observed prevalence doesn't sum to 1 for state 1: probs[76][1][1]=0.000000 because of lack of cases.
Warning Observed prevalence doesn't sum to 1 for state 2: probs[76][2][1]=0.000000 because of lack of cases.
Warning Observed prevalence doesn't sum to 1 for state 1: probs[77][1][1]=0.000000 because of lack of cases.
Warning Observed prevalence doesn't sum to 1 for state 2: probs[77][2][1]=0.000000 because of lack of cases.
Warning Observed prevalence doesn't sum to 1 for state 1: probs[78][1][1]=0.000000 because of lack of cases.
Warning Observed prevalence doesn't sum to 1 for state 2: probs[78][2][1]=0.000000 because of lack of cases.
Warning Observed prevalence doesn't sum to 1 for state 1: probs[79][1][1]=0.000000 because of lack of cases.
Warning Observed prevalence doesn't sum to 1 for state 2: probs[79][2][1]=0.000000 because of lack of cases.
Warning Observed prevalence doesn't sum to 1 for state 1: probs[80][1][1]=0.000000 because of lack of cases.
Warning Observed prevalence doesn't sum to 1 for state 2: probs[80][2][1]=0.000000 because of lack of cases.
Warning Observed prevalence doesn't sum to 1 for state 1: probs[81][1][1]=0.000000 because of lack of cases.
Warning Observed prevalence doesn't sum to 1 for state 2: probs[81][2][1]=0.000000 because of lack of cases.
Warning Observed prevalence doesn't sum to 1 for state 1: probs[82][1][1]=0.000000 because of lack of cases.
Warning Observed prevalence doesn't sum to 1 for state 2: probs[82][2][1]=0.000000 because of lack of cases.
Warning Observed prevalence doesn't sum to 1 for state 1: probs[83][1][1]=0.000000 because of lack of cases.
Warning Observed prevalence doesn't sum to 1 for state 2: probs[83][2][1]=0.000000 because of lack of cases.
Warning Observed prevalence doesn't sum to 1 for state 1: probs[84][1][1]=0.000000 because of lack of cases.
Warning Observed prevalence doesn't sum to 1 for state 2: probs[84][2][1]=0.000000 because of lack of cases.
Warning Observed prevalence doesn't sum to 1 for state 1: probs[85][1][1]=0.000000 because of lack of cases.
Warning Observed prevalence doesn't sum to 1 for state 2: probs[85][2][1]=0.000000 because of lack of cases.
Warning Observed prevalence doesn't sum to 1 for state 1: probs[86][1][1]=0.000000 because of lack of cases.
Warning Observed prevalence doesn't sum to 1 for state 2: probs[86][2][1]=0.000000 because of lack of cases.
Warning Observed prevalence doesn't sum to 1 for state 1: probs[87][1][1]=0.000000 because of lack of cases.
Warning Observed prevalence doesn't sum to 1 for state 2: probs[87][2][1]=0.000000 because of lack of cases.
Warning Observed prevalence doesn't sum to 1 for state 1: probs[88][1][1]=0.000000 because of lack of cases.
Warning Observed prevalence doesn't sum to 1 for state 2: probs[88][2][1]=0.000000 because of lack of cases.
Warning Observed prevalence doesn't sum to 1 for state 1: probs[89][1][1]=0.000000 because of lack of cases.
Warning Observed prevalence doesn't sum to 1 for state 2: probs[89][2][1]=0.000000 because of lack of cases.
Warning Observed prevalence doesn't sum to 1 for state 1: probs[90][1][1]=0.000000 because of lack of cases.
Warning Observed prevalence doesn't sum to 1 for state 2: probs[90][2][1]=0.000000 because of lack of cases.
Computing Health Expectancies: result on file 'E_DKMadl.txt' ...50|51|52|53|54|55|56|57|58|59|60|61|62|63|64|65|66|67|68|69|70|71|72|73|74|75|76|77|78|79|80|81|82|83|84|85|86|87|88|89|90|
done evsij
Computing Total Life expectancies with their standard errors: file 'T_DKMadl.txt' ...
  Computing State-specific Expectancies and standard errors: result on file 'STDE_DKMadl.txt' 
    Computing Covar. of State-specific Expectancies: result on file 'CVE_DKMadl.txt' 
      Computing Variance-covariance of State-specific Expectancies: file 'V_DKMadl.txt' ... 
# model  
#****** Result for:******
 cvevsij 50|51|52|53|54|55|56|57|58|59|60|61|62|63|64|65|66|67|68|69|70|71|72|73|74|75|76|77|78|79|80|81|82|83|84|85|86|87|88|89|90|
 end cvevsij 
 varevsij vpopbased=0 
Computing total mortality p.j=w1*p1j+w2*p2j+..: result on file 'PRMORPREV-1-STABLBASED_DKMadl.txt' 
Computing age specific forward period (stable) prevalences in each health state 
done selection
done State-specific expectancies
Computing Variance-covariance of forward period (stable) prevalence: file 'VPL_DKMadl.txt' ...
#****** ******
done variance-covariance of forward period prevalence
End of Imach with 0 errors and/or warnings 1. Please look at the log file for details.
Local time at start Tue Feb 04 22:03:38 2025

Local time at end   Tue Feb 04 22:04:25 2025

Total time used 0 day(s) 0 hour(s) 0 minute(s) 47 second(s)
Total time was 47 Sec.
