Log filename:DKMgali.log
Version 0.99r45 $Revision: 1.353 $ $Date: 2023/05/08 18:48:22 $
Enter the parameter file name: 
pathimach=C:\PROGRA~1\IMACH-~2.99R\bin\
pathtot=C:\Users\mmusz\Dropbox\gender_paradox\data\IMACHnew\DKMgali.txt
 path=C:\Users\mmusz\Dropbox\gender_paradox\data\IMACHnew\ 
 optionfile=DKMgali.txt
 optionfilext=txt
 optionfilefiname='DKMgali'
Compiled with: Microsoft Visual Studio for Windows (x64 and x86)  64-bit
The programm is not running under WOW64 (i.e probably on a 64bit Windows).
Local time (at start): Tue Feb 04 20:24:32 2025
title=gali datafile=dataDKMgali.txt lastobs=5000 firstpass=1 lastpass=2
ftol=1.000000e-018 stepm=6 ncovcol=0 nqv=0 ntv=0 nqtv=0 nlstate=2 ndeath=1 maxwav=2 mle=1 weight=1
model=1+age+
12 -6.448675 0.047856
13 -18.018910 0.188105
21 -0.413305 -0.013479
23 -6.841634 0.076286
# Scales (for hessian or gradient estimation)
12 0.000000e+000 0.000000e+000
13 0.000000e+000 0.000000e+000
21 0.000000e+000 0.000000e+000
23 0.000000e+000 0.000000e+000
# Covariance matrix
121 0.00000e+000
122 0.00000e+000 0.00000e+000
131 0.00000e+000 0.00000e+000 0.00000e+000
132 0.00000e+000 0.00000e+000 0.00000e+000 0.00000e+000
211 0.00000e+000 0.00000e+000 0.00000e+000 0.00000e+000 0.00000e+000
212 0.00000e+000 0.00000e+000 0.00000e+000 0.00000e+000 0.00000e+000 0.00000e+000
231 0.00000e+000 0.00000e+000 0.00000e+000 0.00000e+000 0.00000e+000 0.00000e+000 0.00000e+000
232 0.00000e+000 0.00000e+000 0.00000e+000 0.00000e+000 0.00000e+000 0.00000e+000 0.00000e+000 0.00000e+000

Model=1+age+
Typevar: 0 for simple covariate (dummy, quantitative, fixed or varying), 1 for age product, 2 for  product, 3 for double product with age  
Fixed[k] 0=fixed (product or simple), 1 varying, 2 fixed with age product, 3 varying with age product 
Dummy[k] 0=dummy (0 1), 1 quantitative (single or product without age), 2 dummy with age product, 3 quant with age product
ncoveff=0, nqfveff=0, ntveff=0, nqtveff=0, cptcovn=0
ncovf=0, ncovv=0, ncova=0, nsd=0, nsq=0
Warning: The value of parameter lastobs=5000 is big compared to the 
  effective number of cases imx=1424, please adjust, 
  otherwise you are allocating more memory than necessary.
Total number of individuals= 1424, Agemin = 51.08, Agemax= 91.33

Information, you have to check 0 informations which haven't been logged!
Delay (in months) between two waves Min=1 (for indiviudal 448) Max=32 (1324) Mean=23.681882

 Age 51 1.=3 loss[1]=0.0% 2.=0 loss[2]=0.0% 1.=3 prev[1]=96.2% 2.=0 prev[2]=3.8% 11=3 12=0 21=0 23=0
Age 52 1.=4 loss[1]=0.0% 2.=0 loss[2]=0.0% 1.=4 prev[1]=92.4% 2.=0 prev[2]=7.6% 11=4 12=0 21=0 22=0
Age 53 1.=2 loss[1]=0.0% 2.=0 loss[2]=0.0% 1.=2 prev[1]=89.2% 2.=0 prev[2]=10.8% 11=2 22=0 23=0
Age 54 1.=3 loss[1]=0.0% 2.=0 loss[2]=0.0% 1.=3 prev[1]=95.5% 2.=0 prev[2]=4.5% 11=3 12=0 21=0 22=0
Age 55 1.=3 loss[1]=0.0% 2.=0 loss[2]=0.0% 1.=3 prev[1]=87.9% 2.=0 prev[2]=12.1% 11=3 21=0 22=0
Age 56 1.=4 loss[1]=0.0% 2.=0 loss[2]=0.0% 1.=4 prev[1]=95.3% 2.=0 prev[2]=4.7% 11=3 12=0 21=0 22=0
Age 57 1.=3 loss[1]=0.0% 2.=0 loss[2]=0.0% 1.=3 prev[1]=89.4% 2.=0 prev[2]=10.6% 11=3 12=0 21=0 22=0 23=0
Age 58 1.=3 loss[1]=0.0% 2.=0 loss[2]=0.0% 1.=3 prev[1]=94.5% 2.=0 prev[2]=5.5% 11=3 12=0 21=0 22=0
Age 59 1.=3 loss[1]=0.0% 2.=0 loss[2]=NaNQ% 1.=3 prev[1]=100.0% 2.=0 prev[2]=0.0% 11=3 12=0 13=0
Age 60 1.=3 loss[1]=0.0% 2.=0 loss[2]=0.0% 1.=3 prev[1]=95.5% 2.=0 prev[2]=4.5% 11=3 12=0 13=0 21=0 22=0
Age 61 1.=2 loss[1]=0.0% 2.=0 loss[2]=0.0% 1.=2 prev[1]=87.2% 2.=0 prev[2]=12.8% 11=2 12=0 21=0 22=0 23=0
Age 62 1.=3 loss[1]=0.0% 2.=0 loss[2]=0.0% 1.=3 prev[1]=97.0% 2.=0 prev[2]=3.0% 11=3 12=0 13=0 22=0
Age 63 1.=2 loss[1]=0.0% 2.=0 loss[2]=0.0% 1.=2 prev[1]=93.3% 2.=0 prev[2]=6.7% 11=2 12=0 22=0
Age 64 1.=2 loss[1]=0.0% 2.=0 loss[2]=0.0% 1.=2 prev[1]=95.4% 2.=0 prev[2]=4.6% 11=2 22=0
Age 65 1.=4 loss[1]=0.0% 2.=0 loss[2]=0.0% 1.=4 prev[1]=93.3% 2.=0 prev[2]=6.7% 11=3 12=0 13=0 21=0 23=0
Age 66 1.=2 loss[1]=0.0% 2.=0 loss[2]=0.0% 1.=2 prev[1]=90.3% 2.=0 prev[2]=9.7% 11=2 12=0 21=0 23=0
Age 67 1.=3 loss[1]=0.0% 2.=0 loss[2]=0.0% 1.=3 prev[1]=91.1% 2.=0 prev[2]=8.9% 11=3 12=0 13=0 21=0 22=0
Age 68 1.=3 loss[1]=0.0% 2.=0 loss[2]=0.0% 1.=3 prev[1]=93.2% 2.=0 prev[2]=6.8% 11=3 12=0 13=0 21=0 22=0
Age 69 1.=3 loss[1]=0.0% 2.=0 loss[2]=0.0% 1.=3 prev[1]=98.3% 2.=0 prev[2]=1.7% 11=3 12=0 13=0 21=0
Age 70 1.=2 loss[1]=0.0% 2.=0 loss[2]=0.0% 1.=2 prev[1]=90.6% 2.=0 prev[2]=9.4% 11=2 12=0 13=0 21=0 22=0 23=0
Age 71 1.=2 loss[1]=0.0% 2.=0 loss[2]=0.0% 1.=2 prev[1]=98.0% 2.=0 prev[2]=2.0% 11=2 12=0 23=0
Age 72 1.=2 loss[1]=0.0% 2.=0 loss[2]=0.0% 1.=2 prev[1]=92.6% 2.=0 prev[2]=7.4% 11=1 12=0 13=0 21=0 23=0
Age 73 1.=2 loss[1]=0.0% 2.=0 loss[2]=0.0% 1.=2 prev[1]=90.4% 2.=0 prev[2]=9.6% 11=2 12=0 22=0 23=0
Age 74 1.=1 loss[1]=0.0% 2.=0 loss[2]=0.0% 1.=1 prev[1]=89.9% 2.=0 prev[2]=10.1% 11=1 12=0 13=0 22=0
Age 75 1.=1 loss[1]=0.0% 2.=0 loss[2]=0.0% 1.=1 prev[1]=89.4% 2.=0 prev[2]=10.6% 11=1 12=0 13=0 21=0 23=0
Age 76 1.=2 loss[1]=0.0% 2.=0 loss[2]=0.0% 1.=2 prev[1]=91.5% 2.=0 prev[2]=8.5% 11=1 12=0 13=0 21=0 22=0
Age 77 1.=1 loss[1]=0.0% 2.=0 loss[2]=0.0% 1.=1 prev[1]=90.6% 2.=0 prev[2]=9.4% 11=1 12=0 22=0
Age 78 1.=1 loss[1]=0.0% 2.=0 loss[2]=0.0% 1.=1 prev[1]=85.9% 2.=0 prev[2]=14.1% 11=1 12=0 13=0 21=0 22=0 23=0
Age 79 1.=1 loss[1]=0.0% 2.=0 loss[2]=0.0% 1.=1 prev[1]=81.5% 2.=0 prev[2]=18.5% 11=1 12=0 13=0 21=0 22=0 23=0
Age 80 1.=1 loss[1]=0.0% 2.=0 loss[2]=0.0% 1.=1 prev[1]=88.9% 2.=0 prev[2]=11.1% 11=1 12=0 22=0
Age 81 1.=1 loss[1]=0.0% 2.=0 loss[2]=0.0% 1.=1 prev[1]=55.0% 2.=0 prev[2]=45.0% 11=0 12=0 22=0 23=0
Age 82 1.=1 loss[1]=0.0% 2.=0 loss[2]=0.0% 1.=1 prev[1]=71.3% 2.=0 prev[2]=28.7% 11=1 12=0 23=0
Age 83 1.=1 loss[1]=0.0% 2.=0 loss[2]=0.0% 1.=1 prev[1]=65.8% 2.=0 prev[2]=34.2% 11=1 13=0 21=0 22=0 23=0
Age 84 1.=1 loss[1]=0.0% 2.=0 loss[2]=0.0% 1.=1 prev[1]=83.4% 2.=0 prev[2]=16.6% 11=0 12=0 13=0 22=0
Age 85 1.=0 loss[1]=0.0% 2.=0 loss[2]=0.0% 1.=0 prev[1]=50.0% 2.=0 prev[2]=50.0% 11=0 21=0 22=0 23=0
Age 86 1.=0 loss[1]=0.0% 2.=0 loss[2]=0.0% 1.=0 prev[1]=75.9% 2.=0 prev[2]=24.1% 11=0 12=0 13=0 22=0 23=0
Age 87 1.=0 loss[1]=0.0% 2.=0 loss[2]=0.0% 1.=0 prev[1]=83.2% 2.=0 prev[2]=16.8% 11=0 12=0 13=0 23=0
Age 88 1.=0 loss[1]=0.0% 2.=0 loss[2]=0.0% 1.=0 prev[1]=81.9% 2.=0 prev[2]=18.1% 11=0 12=0 21=0
Age 89 1.=0 loss[1]=0.0% 2.=0 loss[2]=0.0% 1.=0 prev[1]=84.1% 2.=0 prev[2]=15.9% 11=0 13=0 23=0
Age 90 1.=0 loss[1]=0.0% 2.=0 loss[2]=NaNQ% 1.=0 prev[1]=100.0% 2.=0 prev[2]=0.0% 13=0
Age 91 1.=0 loss[1]=NaNQ% 2.=0 loss[2]=0.0% 1.=0 prev[1]=0.0% 2.=0 prev[2]=100.0% 23=0
1 1.=0 loss[1]=NaNQ% 2.=0 loss[2]=NaNQ% 1.=0 prev[1]=NaNQ% 2.=0 prev[2]=NaNQ%
0 1.=0 loss[1]=NaNQ% 2.=0 loss[2]=NaNQ% 1.=0 prev[1]=NaNQ% 2.=0 prev[2]=NaNQ%
Total 1.=79 loss[1]=0.0% 2.=8 loss[2]=0.0% 1.=79 prev[1]=91.1% 2.=8 prev[2]=8.9% 11=71 12=4 13=3 21=2 22=3 23=2


12   -6.4486748 ln(4/71)=   -2.7724481 
13  -18.0189103 ln(3/71)=   -3.1927279 
21   -0.4133055 ln(2/3)=   -0.3848345 
23   -6.8416345 ln(2/3)=   -0.3485560 

 -1-1=0 -10=0 -11=0 -12=0 -13=0 0-1=0 00=0 01=0 02=0 03=0 1-1=0 10=0 11=71 12=4 13=3 2-1=0 20=0 21=2 22=3 23=2 3-1=0 30=0 31=0 32=0 33=0
Powell

Powell iter=1 Big Iter=1 -2*LL=1449.091431239901 gain=0 0 sec. 0 sec.
#model=  1      +     age 
12   -6.4486748    0.0478559 
13  -18.0189103    0.1881046 
21   -0.4133055   -0.0134792 
23   -6.8416345    0.0762859 
1.........2...............3........4...................5.........6..............7........8.................
Powell iter=2 Big Iter=2 -2*LL=1345.104292565731 gain=104 0 sec. 0 sec.
#model=  1      +     age 
12   -6.9676020    0.0478433 
13  -19.1392549    0.1882063 
21   -1.0061491   -0.0132934 
23   -7.6731565    0.0762388 

Considering the time needed for this last iteration #2: 0 seconds,
   - if your program needs 1 BIG iterations  (2 iterations) to converge, convergence will be 
   reached in 0 day(s) 0 hour(s) 0 minute(s) 0 second(s) i.e.
   on Tue Feb 04 20:24:32 2025 (current time is Tue Feb 04 20:24:32 2025);
   - if your program needs 11 BIG iterations  (22 iterations) to converge, convergence will be 
   reached in 0 day(s) 0 hour(s) 0 minute(s) 0 second(s) i.e.
   on Tue Feb 04 20:24:32 2025 (current time is Tue Feb 04 20:24:32 2025);
   - if your program needs 21 BIG iterations  (42 iterations) to converge, convergence will be 
   reached in 0 day(s) 0 hour(s) 0 minute(s) 0 second(s) i.e.
   on Tue Feb 04 20:24:32 2025 (current time is Tue Feb 04 20:24:32 2025);
   - if your program needs 31 BIG iterations  (62 iterations) to converge, convergence will be 
   reached in 0 day(s) 0 hour(s) 0 minute(s) 0 second(s) i.e.
   on Tue Feb 04 20:24:32 2025 (current time is Tue Feb 04 20:24:32 2025);
1.........2...............3.........4...................5.........6..............7.........8.................
Powell iter=3 Big Iter=2 -2*LL=1342.645750147739 gain=2.46 0 sec. 0 sec.
#model=  1      +     age 
12   -7.0318314    0.0479184 
13  -18.9229645    0.1882016 
21   -1.1826095   -0.0133358 
23   -7.7334616    0.0761678 

Considering the time needed for this last iteration #3: 0 seconds,
   - if your program needs 1 BIG iterations  (2 iterations) to converge, convergence will be 
   reached in 0 day(s) 0 hour(s) 0 minute(s) 0 second(s) i.e.
   on Tue Feb 04 20:24:32 2025 (current time is Tue Feb 04 20:24:32 2025);
   - if your program needs 11 BIG iterations  (22 iterations) to converge, convergence will be 
   reached in 0 day(s) 0 hour(s) 0 minute(s) 0 second(s) i.e.
   on Tue Feb 04 20:24:32 2025 (current time is Tue Feb 04 20:24:32 2025);
   - if your program needs 21 BIG iterations  (42 iterations) to converge, convergence will be 
   reached in 0 day(s) 0 hour(s) 0 minute(s) 0 second(s) i.e.
   on Tue Feb 04 20:24:32 2025 (current time is Tue Feb 04 20:24:32 2025);
   - if your program needs 31 BIG iterations  (62 iterations) to converge, convergence will be 
   reached in 0 day(s) 0 hour(s) 0 minute(s) 0 second(s) i.e.
   on Tue Feb 04 20:24:32 2025 (current time is Tue Feb 04 20:24:32 2025);
1.........2...............3..........4..................5.........6..............7.........8.........................Gaining to use new average direction of P0 P8 instead of biggest increase direction 1 :

Powell iter=4 Big Iter=3 -2*LL=1342.314115514899 gain=0.332 0 sec. 0 sec.
#model=  1      +     age 
12   -7.1026653    0.0479436 
13  -18.8987836    0.1881825 
21   -1.2107021   -0.0133937 
23   -7.7429061    0.0760788 
1........................2...............3..........4..................5.........6..............7.........8.......directest= 0.005935935584 (if directest<0 or t<0 we include P0 Pn as new direction), t= -0.000000000546, f1= 1342.314115514899,f2= 1342.311872352658,f3= 1342.317993450708, del= 0.001214162354
f1-2f2+f3= 0.008364260291, f1-f2-del= 0.001028999888, f1-f3= -0.003877935809

Powell iter=5 Big Iter=3 -2*LL=1342.311872352658 gain=0.00224 1 sec. 1 sec.
#model=  1      +     age 
12   -7.1031478    0.0479504 
13  -18.8957524    0.1881637 
21   -1.2074961   -0.0134447 
23   -7.7372104    0.0760780 
1.................2.................3..........4..................5.........6..............7.........8..............Gaining to use new average direction of P0 P8 instead of biggest increase direction 1 :

Powell iter=6 Big Iter=4 -2*LL=1342.214443804176 gain=0.0974 0 sec. 1 sec.
#model=  1      +     age 
12   -7.1168039    0.0481238 
13  -18.8072863    0.1871301 
21   -1.0158523   -0.0162255 
23   -7.4088754    0.0717532 
1.........2.................3..........4........................5.........6...............7...........8.........directest= 0.095474634000 (if directest<0 or t<0 we include P0 Pn as new direction), t= -0.000001729511, f1= 1342.214443804176,f2= 1342.214187114015,f3= 1342.309785770126, del= 0.000190356136
f1-2f2+f3= 0.095855346273, f1-f2-del= 0.000066334025, f1-f3= -0.095341965950

Powell iter=7 Big Iter=4 -2*LL=1342.214187114015 gain=0.000257 1 sec. 2 sec.
#model=  1      +     age 
12   -7.1169544    0.0481240 
13  -18.8097803    0.1871254 
21   -1.0163837   -0.0162244 
23   -7.4077985    0.0717374 
1...........2...............3...................4.....................5.........6..............7....................8................Gaining to use new average direction of P0 P8 instead of biggest increase direction 6 :

Powell iter=8 Big Iter=5 -2*LL=1342.214088228249 gain=9.89e-005 0 sec. 2 sec.
#model=  1      +     age 
12   -7.1167139    0.0481374 
13  -18.8095059    0.1871173 
21   -1.0188295   -0.0161837 
23   -7.4062931    0.0717211 
1.......2.......................3.................4......................5............6.............7....................8............Gaining to use new average direction of P0 P8 instead of biggest increase direction 1 :

Powell iter=9 Big Iter=5 -2*LL=1342.213906656591 gain=0.000182 0 sec. 2 sec.
#model=  1      +     age 
12   -7.1181888    0.0481653 
13  -18.8081790    0.1870996 
21   -1.0244808   -0.0161166 
23   -7.4033584    0.0716831 
1......2...............3..........4.....................5..........6.............7.............8............Gaining to use new average direction of P0 P8 instead of biggest increase direction 8 :

Powell iter=10 Big Iter=6 -2*LL=1342.213560164467 gain=0.000346 1 sec. 3 sec.
#model=  1      +     age 
12   -7.1213489    0.0482058 
13  -18.8045216    0.1870556 
21   -1.0375605   -0.0159466 
23   -7.3965416    0.0715924 
1.....2...............3..........4..........................5.........6.........7...................8......
Powell iter=11 Big Iter=6 -2*LL=1342.213239380018 gain=0.000321 0 sec. 3 sec.
#model=  1      +     age 
12   -7.1234748    0.0482175 
13  -18.8023358    0.1870348 
21   -1.0432865   -0.0158513 
23   -7.3938850    0.0715554 
1......2.................3...........4......................5.........6..........7.................8..................Gaining to use new average direction of P0 P8 instead of biggest increase direction 5 :

Powell iter=12 Big Iter=7 -2*LL=1342.213154348355 gain=8.5e-005 0 sec. 3 sec.
#model=  1      +     age 
12   -7.1245200    0.0482337 
13  -18.8006252    0.1870185 
21   -1.0481220   -0.0157598 
23   -7.3915951    0.0715265 
1.........2..................3.................4......................5..........6............................7...................8..........directest= 0.000011768266 (if directest<0 or t<0 we include P0 Pn as new direction), t= -0.000000000000, f1= 1342.213154348355,f2= 1342.213153587275,f3= 1342.213165695429, del= 0.000000550483
f1-2f2+f3= 0.000012869233, f1-f2-del= 0.000000210596, f1-f3= -0.000011347074

Powell iter=13 Big Iter=7 -2*LL=1342.213153587275 gain=7.61e-007 1 sec. 4 sec.
#model=  1      +     age 
12   -7.1244429    0.0482336 
13  -18.8006716    0.1870196 
21   -1.0480413   -0.0157607 
23   -7.3916342    0.0715270 
1.............2................3............4......................5...............6..................7.......................8.....................Gaining to use new average direction of P0 P8 instead of biggest increase direction 4 :

Powell iter=14 Big Iter=8 -2*LL=1342.213143529274 gain=1.01e-005 0 sec. 4 sec.
#model=  1      +     age 
12   -7.1232940    0.0482135 
13  -18.8041765    0.1870671 
21   -1.0483344   -0.0157576 
23   -7.3902682    0.0715076 
1.......2...................3..........4............5.........6............7.................8........
Powell iter=15 Big Iter=8 -2*LL=1342.213135626774 gain=7.9e-006 1 sec. 5 sec.
#model=  1      +     age 
12   -7.1226035    0.0482049 
13  -18.8060761    0.1870882 
21   -1.0483465   -0.0157567 
23   -7.3897818    0.0715018 
1.......2......................3..................4............5...........6...............7......................8.................Gaining to use new average direction of P0 P8 instead of biggest increase direction 1 :

Powell iter=16 Big Iter=9 -2*LL=1342.213131884169 gain=3.74e-006 0 sec. 5 sec.
#model=  1      +     age 
12   -7.1216787    0.0481939 
13  -18.8084518    0.1871159 
21   -1.0482869   -0.0157566 
23   -7.3891915    0.0714946 
1........................2................3.................4...........................5................................6..............7....................8...................directest= 0.000001109695 (if directest<0 or t<0 we include P0 Pn as new direction), t= -0.000000000000, f1= 1342.213131884169,f2= 1342.213131883894,f3= 1342.213132993740, del= 0.000000000213
f1-2f2+f3= 0.000001110122, f1-f2-del= 0.000000000062, f1-f3= -0.000001109571

Powell iter=17 Big Iter=9 -2*LL=1342.213131883894 gain=2.75e-010 0 sec. 5 sec.
#model=  1      +     age 
12   -7.1216805    0.0481939 
13  -18.8084507    0.1871158 
21   -1.0482895   -0.0157566 
23   -7.3891960    0.0714947 
1...........2...................3............................4..........................................5..........................................6.......................................7......................8.................................Gaining to use new average direction of P0 P8 instead of biggest increase direction 2 :

Powell iter=18 Big Iter=10 -2*LL=1342.213131883254 gain=6.4e-010 1 sec. 6 sec.
#model=  1      +     age 
12   -7.1216885    0.0481941 
13  -18.8084442    0.1871157 
21   -1.0482937   -0.0157566 
23   -7.3891931    0.0714947 
1........................2......................3.......................4...................5..............6..................7.....................8.............................Gaining to use new average direction of P0 P8 instead of biggest increase direction 8 :

Powell iter=19 Big Iter=10 -2*LL=1342.213131880584 gain=2.67e-009 1 sec. 7 sec.
#model=  1      +     age 
12   -7.1217025    0.0481943 
13  -18.8084674    0.1871160 
21   -1.0483023   -0.0157565 
23   -7.3891845    0.0714946 
1.................2.........3......................4.............5..................6.................7...................8....................Gaining to use new average direction of P0 P8 instead of biggest increase direction 8 :

Powell iter=20 Big Iter=11 -2*LL=1342.213131870239 gain=1.03e-008 1 sec. 8 sec.
#model=  1      +     age 
12   -7.1217517    0.0481950 
13  -18.8085801    0.1871173 
21   -1.0483151   -0.0157563 
23   -7.3891727    0.0714944 
1...........2..................3......................4..................5......................6....................7..................8...............
Powell iter=21 Big Iter=11 -2*LL=1342.213131861351 gain=8.89e-009 0 sec. 8 sec.
#model=  1      +     age 
12   -7.1217696    0.0481952 
13  -18.8086424    0.1871181 
21   -1.0483026   -0.0157564 
23   -7.3891868    0.0714946 
1.................2...............3..................4...................5...............6..........................7................8................
Powell iter=22 Big Iter=12 -2*LL=1342.213131860394 gain=9.56e-010 1 sec. 9 sec.
#model=  1      +     age 
12   -7.1217768    0.0481953 
13  -18.8086603    0.1871183 
21   -1.0482992   -0.0157565 
23   -7.3891914    0.0714947 
1...............2.........................3..................4.................5.................6.........................7...............8..............
Powell iter=23 Big Iter=12 -2*LL=1342.213131860235 gain=1.59e-010 1 sec. 10 sec.
#model=  1      +     age 
12   -7.1217798    0.0481954 
13  -18.8086653    0.1871184 
21   -1.0482987   -0.0157565 
23   -7.3891908    0.0714947 
1........................2.......................3.....................4............................5..................6.........7.................8........
Powell iter=24 Big Iter=13 -2*LL=1342.213131860214 gain=2.09e-011 0 sec. 10 sec.
#model=  1      +     age 
12   -7.1217796    0.0481954 
13  -18.8086706    0.1871184 
21   -1.0482991   -0.0157564 
23   -7.3891901    0.0714947 
1................2....................3......................4.................................5................................6........................7......................8.......................................
Powell iter=25 Big Iter=13 -2*LL=1342.213131860207 gain=6.82e-012 1 sec. 11 sec.
#model=  1      +     age 
12   -7.1217803    0.0481954 
13  -18.8086690    0.1871184 
21   -1.0482992   -0.0157564 
23   -7.3891905    0.0714947 
1................................2.................................3......................4...................................5..............................6.........................7..................8.........................................directest= 0.000000000001 (if directest<0 or t<0 we include P0 Pn as new direction), t= -0.000000000000, f1= 1342.213131860207,f2= 1342.213131860207,f3= 1342.213131860208, del= 0.000000000000
f1-2f2+f3= 0.000000000001, f1-f2-del= 0.000000000000, f1-f3= -0.000000000001

Powell iter=26 Big Iter=14 -2*LL=1342.213131860207 gain=2.27e-013 1 sec. 12 sec.
#model=  1      +     age 
12   -7.1217803    0.0481954 
13  -18.8086690    0.1871184 
21   -1.0482992   -0.0157564 
23   -7.3891905    0.0714947 
1...................................2....................................3.......................4................................5................................6........................7.....................8...........................................directest= 0.000000000002 (if directest<0 or t<0 we include P0 Pn as new direction), t= -0.000000000000, f1= 1342.213131860207,f2= 1342.213131860207,f3= 1342.213131860209, del= 0.000000000000
f1-2f2+f3= 0.000000000003, f1-f2-del= 0.000000000000, f1-f3= -0.000000000002

Powell iter=27 Big Iter=14 -2*LL=1342.213131860207 gain=2.27e-013 1 sec. 13 sec.
#model=  1      +     age 
12   -7.1217803    0.0481954 
13  -18.8086690    0.1871184 
21   -1.0482992   -0.0157564 
23   -7.3891905    0.0714947 
1................................2....................................3.......................4................................5................................6........................7.....................8...........................................
#Number of iterations & function calls = 27 & 4622, -2 Log likelihood = 1342.213131860207
# Parameters nlstate*nlstate*ncov a12*1 + b12 * age + ...
#model=  1      +     age 
12   -7.1217803    0.0481954 
13  -18.8086690    0.1871184 
21   -1.0482992   -0.0157564 
23   -7.3891905    0.0714947 

Calculation of the hessian matrix. Wait...
1-2-3-4-5-6-7-8-.1-2.1-3.1-4.1-5.1-6.1-7.1-8.2-3.2-4.2-5.2-6.2-7.2-8.3-4.3-5.3-6.3-7.3-8.4-5.4-6.4-7.4-8.5-6.5-7.5-8.6-7.6-8.7-8

Inverting the hessian to get the covariance matrix. Wait...

#Hessian matrix#
7.546164e+001 5.173538e+003 7.255633e+000 5.734442e+002 -1.140684e+001 -7.725889e+002 -4.820107e+000 -3.896305e+002 
5.173538e+003 3.609418e+005 5.664708e+002 4.519998e+004 -7.701404e+002 -5.306599e+004 -3.891610e+002 -3.162372e+004 
7.255633e+000 5.664708e+002 2.343841e+001 1.916914e+003 -2.203255e+000 -1.763252e+002 7.031170e+000 5.566206e+002 
5.734442e+002 4.519998e+004 1.916914e+003 1.582155e+005 -1.773988e+002 -1.435387e+004 5.559073e+002 4.444560e+004 
-1.140684e+001 -7.701404e+002 -2.203255e+000 -1.773988e+002 3.221340e+001 2.152526e+003 -2.739992e+000 -1.986740e+002 
-7.725889e+002 -5.306599e+004 -1.763252e+002 -1.435387e+004 2.152526e+003 1.473936e+005 -1.974950e+002 -1.461556e+004 
-4.820107e+000 -3.891610e+002 7.031170e+000 5.559073e+002 -2.739992e+000 -1.974950e+002 3.690357e+001 2.806638e+003 
-3.896305e+002 -3.162372e+004 5.566206e+002 4.444560e+004 -1.986740e+002 -1.461556e+004 2.806638e+003 2.172051e+005 
Parameters, Wald tests and Wald-based confidence intervals
 W is simply the result of the division of the parameter by the square root of covariance of the parameter.
 And Wald-based confidence intervals plus and minus 1.96 * W 
  It might be better to visualize the covariance matrix. See the page 'Matrix of variance-covariance of one-step probabilities' and its graphs.
12   -7.1217803(   0.9234713) W=  -7.712 CI=[  -8.9317841 ;   -5.3117764]    0.0481954(   0.0134522) W=   3.583 CI=[   0.0218291 ;    0.0745617] 
13  -18.8086690(   2.2170031) W=  -8.484 CI=[ -23.1539952 ;  -14.4633428]    0.1871184(   0.0269689) W=   6.938 CI=[   0.1342593 ;    0.2399775] 
21   -1.0482992(   1.1625878) W=  -0.902 CI=[  -3.3269712 ;    1.2303729]   -0.0157564(   0.0172000) W=  -0.916 CI=[  -0.0494685 ;    0.0179556] 
23   -7.3891905(   1.2840999) W=  -5.754 CI=[  -9.9060264 ;   -4.8723546]    0.0714947(   0.0168078) W=   4.254 CI=[   0.0385515 ;    0.1044379] 
# Scales (for hessian or gradient estimation)
12 1.00000e-003 1.00000e-005
13 2.00000e-003 2.00000e-005
21 1.00000e-003 2.00000e-005
23 1.00000e-003 2.00000e-005
# Covariance matrix 
# 121 Var(a12)
# 122 Cov(b12,a12) Var(b12)
#   ...
# 232 Cov(b23,a12)  Cov(b23,b12) ... Var (b23)
#121 Var(a12)
#122 Cov(b12,a12) Var(b12)
#131 Cov(a13,a12) Cov(a13,b12) Var(a13)
#132 Cov(b13,a12) Cov(b13,b12) Cov(b13,a13) Var(b13)
#211 Cov(a21,a12) Cov(a21,b12) Cov(a21,a13) Cov(a21,b13) Var(a21)
#212 Cov(b21,a12) Cov(b21,b12) Cov(b21,a13) Cov(b21,b13) Cov(b21,a21) Var(b21)
#231 Cov(a23,a12) Cov(a23,b12) Cov(a23,a13) Cov(a23,b13) Cov(a23,a21) Cov(a23,b21) Var(a23)
#232 Cov(b23,a12) Cov(b23,b12) Cov(b23,a13) Cov(b23,b13) Cov(b23,a21) Cov(b23,b21) Cov(b23,a23) Var(b23)
121 8.5279932e-001
122 -1.23142e-002 1.8096144e-004
131 -1.32241e-001 1.60203e-003 4.9151030e+000
132 2.11123e-003 -2.77839e-005 -5.94830e-002 7.2732350e-004
211 2.03010e-001 -2.93536e-003 6.37677e-002 -8.94976e-004 1.3516103e+000
212 -2.90928e-003 4.31670e-005 -1.03187e-003 1.45065e-005 -1.97494e-002 2.9584066e-004
231 1.32189e-001 -1.99012e-003 -4.74890e-001 6.04086e-003 1.10412e-001 -1.52652e-003 1.6489127e+000
232 -2.07437e-003 3.17724e-005 5.69729e-003 -7.45525e-005 -1.56281e-003 2.23096e-005 -2.13801e-002 2.8250054e-004
# agemin agemax for life expectancy, bage fage (if mle==0 ie no data nor Max likelihood).
# Observed prevalence period
begin-prev-date=1/1/2016 end-prev-date=1/9/2018 mov_average=0
# Health expectancies computed from stable (period) prevalence (pop_based=0) or population based (1)
pop_based=0
# Prevalence forecasting and backcasting is skept here
##prevforecast=0  starting-proj-date=1/1/1989 final-proj-date=1/1/1990 mobil_average=0
#prevforecast=1 yearsfproj=10 mobil_average=0
#prevbackcast=1 yearsbproj=10 mobil_average=1
result:  .
End of resultlines.

Computing forward period (stable) prevalence: result on file 'PL_DKMgali.txt' 
#************
Computing pij: result on file 'PIJ_DKMgali.txt' 
Computing standard deviation of one-step probabilities: result on file 'PROB_rDKMgali.txt' 
Computing matrix of variance covariance of one-step probabilities: result on file 'PROBCOV_DKMgali.txt' 
and correlation matrix of one-step probabilities: result on file 'PROBCOR_DKMgali.txt' 
50 13-12 mu 1.5554e-004 1.7812e-002 Var 1.8997e-008 2.2995e-005 cor -0.070 cov -4.6007e-008 Eig 2.300e-005 1.891e-008 1stv 0.002 -1.000 tan -499.406
55 13-12 mu 3.9541e-004 2.2608e-002 Var 8.9461e-008 2.2810e-005 cor -0.078 cov -1.1213e-007 Eig 2.281e-005 8.891e-008 1stv 0.005 -1.000 tan -202.629
60 13-12 mu 1.0044e-003 2.8671e-002 Var 3.9887e-007 2.1219e-005 cor -0.098 cov -2.8514e-007 Eig 2.122e-005 3.950e-007 1stv 0.014 -1.000 tan -73.032
65 13-12 mu 2.5480e-003 3.6314e-002 Var 1.6549e-006 2.1027e-005 cor -0.137 cov -8.0736e-007 Eig 2.106e-005 1.621e-006 1stv 0.042 -0.999 tan -24.035
70 13-12 mu 6.4495e-003 4.5891e-002 Var 6.2722e-006 3.1329e-005 cor -0.191 cov -2.6842e-006 Eig 3.161e-005 5.988e-006 1stv 0.105 -0.994 tan -9.441
75 13-12 mu 1.6255e-002 5.7747e-002 Var 2.1953e-005 7.4707e-005 cor -0.255 cov -1.0328e-005 Eig 7.666e-005 2.000e-005 1stv 0.186 -0.983 tan -5.297
80 13-12 mu 4.0599e-002 7.2010e-002 Var 8.4960e-005 1.9880e-004 cor -0.332 cov -4.3108e-005 Eig 2.133e-004 7.048e-005 1stv 0.318 -0.948 tan -2.977
85 13-12 mu 9.9377e-002 8.8002e-002 Var 5.3203e-004 4.8692e-004 cor -0.367 cov -1.8670e-004 Eig 6.975e-004 3.214e-004 1stv 0.748 -0.663 tan -0.886
90 13-12 mu 2.3260e-001 1.0283e-001 Var 4.3312e-003 1.0390e-003 cor -0.391 cov -8.3001e-004 Eig 4.529e-003 8.416e-004 1stv 0.973 -0.231 tan -0.238
50 21-12 mu 2.6989e-001 1.7812e-002 Var 6.3155e-003 2.2995e-005 cor 0.200 cov 7.6304e-005 Eig 6.316e-003 2.207e-005 1stv 1.000 0.012 tan 0.012
55 21-12 mu 2.4999e-001 2.2608e-002 Var 3.5287e-003 2.2810e-005 cor 0.207 cov 5.8619e-005 Eig 3.530e-003 2.183e-005 1stv 1.000 0.017 tan 0.017
60 21-12 mu 2.3059e-001 2.8671e-002 Var 1.9323e-003 2.1219e-005 cor 0.217 cov 4.3903e-005 Eig 1.933e-003 2.021e-005 1stv 1.000 0.023 tan 0.023
65 21-12 mu 2.1150e-001 3.6314e-002 Var 1.2118e-003 2.1027e-005 cor 0.226 cov 3.6089e-005 Eig 1.213e-003 1.993e-005 1stv 1.000 0.030 tan 0.030
70 21-12 mu 1.9254e-001 4.5891e-002 Var 1.0902e-003 3.1329e-005 cor 0.216 cov 3.9908e-005 Eig 1.092e-003 2.983e-005 1stv 0.999 0.038 tan 0.038
75 21-12 mu 1.7353e-001 5.7747e-002 Var 1.3246e-003 7.4707e-005 cor 0.191 cov 5.9981e-005 Eig 1.327e-003 7.183e-005 1stv 0.999 0.048 tan 0.048
80 21-12 mu 1.5435e-001 7.2010e-002 Var 1.7058e-003 1.9880e-004 cor 0.169 cov 9.8567e-005 Eig 1.712e-003 1.924e-004 1stv 0.998 0.065 tan 0.065
85 21-12 mu 1.3497e-001 8.8002e-002 Var 2.0644e-003 4.8692e-004 cor 0.150 cov 1.5061e-004 Eig 2.079e-003 4.727e-004 1stv 0.996 0.094 tan 0.095
90 21-12 mu 1.1551e-001 1.0283e-001 Var 2.2817e-003 1.0390e-003 cor 0.126 cov 1.9453e-004 Eig 2.311e-003 1.009e-003 1stv 0.989 0.151 tan 0.153
50 23-12 mu 3.7325e-002 1.7812e-002 Var 2.8998e-004 2.2995e-005 cor 0.046 cov 3.7699e-006 Eig 2.900e-004 2.294e-005 1stv 1.000 0.014 tan 0.014
55 23-12 mu 5.3483e-002 2.2608e-002 Var 4.0869e-004 2.2810e-005 cor 0.039 cov 3.7298e-006 Eig 4.087e-004 2.277e-005 1stv 1.000 0.010 tan 0.010
60 23-12 mu 7.6310e-002 2.8671e-002 Var 5.3706e-004 2.1219e-005 cor 0.035 cov 3.7187e-006 Eig 5.371e-004 2.119e-005 1stv 1.000 0.007 tan 0.007
65 23-12 mu 1.0827e-001 3.6314e-002 Var 6.5686e-004 2.1027e-005 cor 0.051 cov 6.0478e-006 Eig 6.569e-004 2.097e-005 1stv 1.000 0.010 tan 0.010
70 23-12 mu 1.5247e-001 4.5891e-002 Var 7.8608e-004 3.1329e-005 cor 0.115 cov 1.8043e-005 Eig 7.865e-004 3.090e-005 1stv 1.000 0.024 tan 0.024
75 23-12 mu 2.1258e-001 5.7747e-002 Var 1.1064e-003 7.4707e-005 cor 0.202 cov 5.8200e-005 Eig 1.110e-003 7.143e-005 1stv 0.998 0.056 tan 0.056
80 23-12 mu 2.9249e-001 7.2010e-002 Var 2.2265e-003 1.9880e-004 cor 0.250 cov 1.6628e-004 Eig 2.240e-003 1.853e-004 1stv 0.997 0.081 tan 0.081
85 23-12 mu 3.9563e-001 8.8002e-002 Var 5.5177e-003 4.8692e-004 cor 0.254 cov 4.1603e-004 Eig 5.552e-003 4.527e-004 1stv 0.997 0.082 tan 0.082
90 23-12 mu 5.2379e-001 1.0283e-001 Var 1.3136e-002 1.0390e-003 cor 0.250 cov 9.2280e-004 Eig 1.321e-002 9.690e-004 1stv 0.997 0.076 tan 0.076
50 21-13 mu 2.6989e-001 1.5554e-004 Var 6.3155e-003 1.8997e-008 cor 0.017 cov 1.8631e-007 Eig 6.316e-003 1.899e-008 1stv 1.000 0.000 tan 0.000
55 21-13 mu 2.4999e-001 3.9541e-004 Var 3.5287e-003 8.9461e-008 cor 0.016 cov 2.7783e-007 Eig 3.529e-003 8.944e-008 1stv 1.000 0.000 tan 0.000
60 21-13 mu 2.3059e-001 1.0044e-003 Var 1.9323e-003 3.9887e-007 cor 0.014 cov 3.9986e-007 Eig 1.932e-003 3.988e-007 1stv 1.000 0.000 tan 0.000
65 21-13 mu 2.1150e-001 2.5480e-003 Var 1.2118e-003 1.6549e-006 cor 0.014 cov 6.4651e-007 Eig 1.212e-003 1.655e-006 1stv 1.000 0.001 tan 0.001
70 21-13 mu 1.9254e-001 6.4495e-003 Var 1.0902e-003 6.2722e-006 cor 0.019 cov 1.5830e-006 Eig 1.090e-003 6.270e-006 1stv 1.000 0.001 tan 0.001
75 21-13 mu 1.7353e-001 1.6255e-002 Var 1.3246e-003 2.1953e-005 cor 0.034 cov 5.8058e-006 Eig 1.325e-003 2.193e-005 1stv 1.000 0.004 tan 0.004
80 21-13 mu 1.5435e-001 4.0599e-002 Var 1.7058e-003 8.4960e-005 cor 0.062 cov 2.3498e-005 Eig 1.706e-003 8.462e-005 1stv 1.000 0.014 tan 0.014
85 21-13 mu 1.3497e-001 9.9377e-002 Var 2.0644e-003 5.3203e-004 cor 0.085 cov 8.8741e-005 Eig 2.070e-003 5.269e-004 1stv 0.998 0.058 tan 0.058
90 21-13 mu 1.1551e-001 2.3260e-001 Var 2.2817e-003 4.3312e-003 cor 0.092 cov 2.8847e-004 Eig 4.371e-003 2.242e-003 1stv 0.137 0.991 tan 7.242
50 23-13 mu 3.7325e-002 1.5554e-004 Var 2.8998e-004 1.8997e-008 cor -0.182 cov -4.2682e-007 Eig 2.900e-004 1.837e-008 1stv 1.000 -0.001 tan -0.001
55 23-13 mu 5.3483e-002 3.9541e-004 Var 4.0869e-004 8.9461e-008 cor -0.187 cov -1.1331e-006 Eig 4.087e-004 8.632e-008 1stv 1.000 -0.003 tan -0.003
60 23-13 mu 7.6310e-002 1.0044e-003 Var 5.3706e-004 3.9887e-007 cor -0.197 cov -2.8782e-006 Eig 5.371e-004 3.834e-007 1stv 1.000 -0.005 tan -0.005
65 23-13 mu 1.0827e-001 2.5480e-003 Var 6.5686e-004 1.6549e-006 cor -0.213 cov -7.0113e-006 Eig 6.569e-004 1.580e-006 1stv 1.000 -0.011 tan -0.011
70 23-13 mu 1.5247e-001 6.4495e-003 Var 7.8608e-004 6.2722e-006 cor -0.240 cov -1.6831e-005 Eig 7.864e-004 5.909e-006 1stv 1.000 -0.022 tan -0.022
75 23-13 mu 2.1258e-001 1.6255e-002 Var 1.1064e-003 2.1953e-005 cor -0.278 cov -4.3268e-005 Eig 1.108e-003 2.023e-005 1stv 0.999 -0.040 tan -0.040
80 23-13 mu 2.9249e-001 4.0599e-002 Var 2.2265e-003 8.4960e-005 cor -0.309 cov -1.3448e-004 Eig 2.235e-003 7.655e-005 1stv 0.998 -0.062 tan -0.063
85 23-13 mu 3.9563e-001 9.9377e-002 Var 5.5177e-003 5.3203e-004 cor -0.295 cov -5.0579e-004 Eig 5.569e-003 4.812e-004 1stv 0.995 -0.100 tan -0.100
90 23-13 mu 5.2379e-001 2.3260e-001 Var 1.3136e-002 4.3312e-003 cor -0.255 cov -1.9236e-003 Eig 1.354e-002 3.929e-003 1stv 0.979 -0.205 tan -0.209
50 23-21 mu 3.7325e-002 2.6989e-001 Var 2.8998e-004 6.3155e-003 cor -0.056 cov -7.6275e-005 Eig 6.317e-003 2.890e-004 1stv 0.013 -1.000 tan -79.010
55 23-21 mu 5.3483e-002 2.4999e-001 Var 4.0869e-004 3.5287e-003 cor -0.058 cov -6.9849e-005 Eig 3.530e-003 4.071e-004 1stv 0.022 -1.000 tan -44.690
60 23-21 mu 7.6310e-002 2.3059e-001 Var 5.3706e-004 1.9323e-003 cor -0.067 cov -6.7836e-005 Eig 1.936e-003 5.338e-004 1stv 0.048 -0.999 tan -20.616
65 23-21 mu 1.0827e-001 2.1150e-001 Var 6.5686e-004 1.2118e-003 cor -0.081 cov -7.2489e-005 Eig 1.221e-003 6.475e-004 1stv 0.127 -0.992 tan -7.784
70 23-21 mu 1.5247e-001 1.9254e-001 Var 7.8608e-004 1.0902e-003 cor -0.097 cov -8.9418e-005 Eig 1.115e-003 7.617e-004 1stv 0.263 -0.965 tan -3.674
75 23-21 mu 2.1258e-001 1.7353e-001 Var 1.1064e-003 1.3246e-003 cor -0.113 cov -1.3633e-004 Eig 1.390e-003 1.041e-003 1stv 0.433 -0.901 tan -2.081
80 23-21 mu 2.9249e-001 1.5435e-001 Var 2.2265e-003 1.7058e-003 cor -0.133 cov -2.5893e-004 Eig 2.333e-003 1.599e-003 1stv 0.924 -0.381 tan -0.413
85 23-21 mu 3.9563e-001 1.3497e-001 Var 5.5177e-003 2.0644e-003 cor -0.162 cov -5.4539e-004 Eig 5.602e-003 1.980e-003 1stv 0.988 -0.152 tan -0.154
90 23-21 mu 5.2379e-001 1.1551e-001 Var 1.3136e-002 2.2817e-003 cor -0.203 cov -1.1112e-003 Eig 1.325e-002 2.169e-003 1stv 0.995 -0.101 tan -0.101
Prevalence combination of varying and fixed dummies 1
Warning Observed prevalence doesn't sum to 1 for state 2: probs[50][2][1]=0.000000 because of lack of cases.
Warning Observed prevalence doesn't sum to 1 for state 1: probs[51][1][1]=0.000000 because of lack of cases.
Warning Observed prevalence doesn't sum to 1 for state 2: probs[51][2][1]=0.000000 because of lack of cases.
Warning Observed prevalence doesn't sum to 1 for state 1: probs[52][1][1]=0.000000 because of lack of cases.
Warning Observed prevalence doesn't sum to 1 for state 2: probs[52][2][1]=0.000000 because of lack of cases.
Warning Observed prevalence doesn't sum to 1 for state 1: probs[53][1][1]=0.000000 because of lack of cases.
Warning Observed prevalence doesn't sum to 1 for state 2: probs[53][2][1]=0.000000 because of lack of cases.
Warning Observed prevalence doesn't sum to 1 for state 1: probs[54][1][1]=0.000000 because of lack of cases.
Warning Observed prevalence doesn't sum to 1 for state 2: probs[54][2][1]=0.000000 because of lack of cases.
Warning Observed prevalence doesn't sum to 1 for state 1: probs[55][1][1]=0.000000 because of lack of cases.
Warning Observed prevalence doesn't sum to 1 for state 2: probs[55][2][1]=0.000000 because of lack of cases.
Warning Observed prevalence doesn't sum to 1 for state 1: probs[56][1][1]=0.000000 because of lack of cases.
Warning Observed prevalence doesn't sum to 1 for state 2: probs[56][2][1]=0.000000 because of lack of cases.
Warning Observed prevalence doesn't sum to 1 for state 1: probs[57][1][1]=0.000000 because of lack of cases.
Warning Observed prevalence doesn't sum to 1 for state 2: probs[57][2][1]=0.000000 because of lack of cases.
Warning Observed prevalence doesn't sum to 1 for state 1: probs[58][1][1]=0.000000 because of lack of cases.
Warning Observed prevalence doesn't sum to 1 for state 2: probs[58][2][1]=0.000000 because of lack of cases.
Warning Observed prevalence doesn't sum to 1 for state 1: probs[59][1][1]=0.000000 because of lack of cases.
Warning Observed prevalence doesn't sum to 1 for state 2: probs[59][2][1]=0.000000 because of lack of cases.
Warning Observed prevalence doesn't sum to 1 for state 1: probs[60][1][1]=0.000000 because of lack of cases.
Warning Observed prevalence doesn't sum to 1 for state 2: probs[60][2][1]=0.000000 because of lack of cases.
Warning Observed prevalence doesn't sum to 1 for state 1: probs[61][1][1]=0.000000 because of lack of cases.
Warning Observed prevalence doesn't sum to 1 for state 2: probs[61][2][1]=0.000000 because of lack of cases.
Warning Observed prevalence doesn't sum to 1 for state 1: probs[62][1][1]=0.000000 because of lack of cases.
Warning Observed prevalence doesn't sum to 1 for state 2: probs[62][2][1]=0.000000 because of lack of cases.
Warning Observed prevalence doesn't sum to 1 for state 1: probs[63][1][1]=0.000000 because of lack of cases.
Warning Observed prevalence doesn't sum to 1 for state 2: probs[63][2][1]=0.000000 because of lack of cases.
Warning Observed prevalence doesn't sum to 1 for state 1: probs[64][1][1]=0.000000 because of lack of cases.
Warning Observed prevalence doesn't sum to 1 for state 2: probs[64][2][1]=0.000000 because of lack of cases.
Warning Observed prevalence doesn't sum to 1 for state 1: probs[65][1][1]=0.000000 because of lack of cases.
Warning Observed prevalence doesn't sum to 1 for state 2: probs[65][2][1]=0.000000 because of lack of cases.
Warning Observed prevalence doesn't sum to 1 for state 1: probs[66][1][1]=0.000000 because of lack of cases.
Warning Observed prevalence doesn't sum to 1 for state 2: probs[66][2][1]=0.000000 because of lack of cases.
Warning Observed prevalence doesn't sum to 1 for state 1: probs[67][1][1]=0.000000 because of lack of cases.
Warning Observed prevalence doesn't sum to 1 for state 2: probs[67][2][1]=0.000000 because of lack of cases.
Warning Observed prevalence doesn't sum to 1 for state 1: probs[68][1][1]=0.000000 because of lack of cases.
Warning Observed prevalence doesn't sum to 1 for state 2: probs[68][2][1]=0.000000 because of lack of cases.
Warning Observed prevalence doesn't sum to 1 for state 1: probs[69][1][1]=0.000000 because of lack of cases.
Warning Observed prevalence doesn't sum to 1 for state 2: probs[69][2][1]=0.000000 because of lack of cases.
Warning Observed prevalence doesn't sum to 1 for state 1: probs[70][1][1]=0.000000 because of lack of cases.
Warning Observed prevalence doesn't sum to 1 for state 2: probs[70][2][1]=0.000000 because of lack of cases.
Warning Observed prevalence doesn't sum to 1 for state 1: probs[71][1][1]=0.000000 because of lack of cases.
Warning Observed prevalence doesn't sum to 1 for state 2: probs[71][2][1]=0.000000 because of lack of cases.
Warning Observed prevalence doesn't sum to 1 for state 1: probs[72][1][1]=0.000000 because of lack of cases.
Warning Observed prevalence doesn't sum to 1 for state 2: probs[72][2][1]=0.000000 because of lack of cases.
Warning Observed prevalence doesn't sum to 1 for state 1: probs[73][1][1]=0.000000 because of lack of cases.
Warning Observed prevalence doesn't sum to 1 for state 2: probs[73][2][1]=0.000000 because of lack of cases.
Warning Observed prevalence doesn't sum to 1 for state 1: probs[74][1][1]=0.000000 because of lack of cases.
Warning Observed prevalence doesn't sum to 1 for state 2: probs[74][2][1]=0.000000 because of lack of cases.
Warning Observed prevalence doesn't sum to 1 for state 1: probs[75][1][1]=0.000000 because of lack of cases.
Warning Observed prevalence doesn't sum to 1 for state 2: probs[75][2][1]=0.000000 because of lack of cases.
Warning Observed prevalence doesn't sum to 1 for state 1: probs[76][1][1]=0.000000 because of lack of cases.
Warning Observed prevalence doesn't sum to 1 for state 2: probs[76][2][1]=0.000000 because of lack of cases.
Warning Observed prevalence doesn't sum to 1 for state 1: probs[77][1][1]=0.000000 because of lack of cases.
Warning Observed prevalence doesn't sum to 1 for state 2: probs[77][2][1]=0.000000 because of lack of cases.
Warning Observed prevalence doesn't sum to 1 for state 1: probs[78][1][1]=0.000000 because of lack of cases.
Warning Observed prevalence doesn't sum to 1 for state 2: probs[78][2][1]=0.000000 because of lack of cases.
Warning Observed prevalence doesn't sum to 1 for state 1: probs[79][1][1]=0.000000 because of lack of cases.
Warning Observed prevalence doesn't sum to 1 for state 2: probs[79][2][1]=0.000000 because of lack of cases.
Warning Observed prevalence doesn't sum to 1 for state 1: probs[80][1][1]=0.000000 because of lack of cases.
Warning Observed prevalence doesn't sum to 1 for state 2: probs[80][2][1]=0.000000 because of lack of cases.
Warning Observed prevalence doesn't sum to 1 for state 1: probs[81][1][1]=0.000000 because of lack of cases.
Warning Observed prevalence doesn't sum to 1 for state 2: probs[81][2][1]=0.000000 because of lack of cases.
Warning Observed prevalence doesn't sum to 1 for state 1: probs[82][1][1]=0.000000 because of lack of cases.
Warning Observed prevalence doesn't sum to 1 for state 2: probs[82][2][1]=0.000000 because of lack of cases.
Warning Observed prevalence doesn't sum to 1 for state 1: probs[83][1][1]=0.000000 because of lack of cases.
Warning Observed prevalence doesn't sum to 1 for state 2: probs[83][2][1]=0.000000 because of lack of cases.
Warning Observed prevalence doesn't sum to 1 for state 1: probs[84][1][1]=0.000000 because of lack of cases.
Warning Observed prevalence doesn't sum to 1 for state 2: probs[84][2][1]=0.000000 because of lack of cases.
Warning Observed prevalence doesn't sum to 1 for state 1: probs[85][1][1]=0.000000 because of lack of cases.
Warning Observed prevalence doesn't sum to 1 for state 2: probs[85][2][1]=0.000000 because of lack of cases.
Warning Observed prevalence doesn't sum to 1 for state 1: probs[86][1][1]=0.000000 because of lack of cases.
Warning Observed prevalence doesn't sum to 1 for state 2: probs[86][2][1]=0.000000 because of lack of cases.
Warning Observed prevalence doesn't sum to 1 for state 1: probs[87][1][1]=0.000000 because of lack of cases.
Warning Observed prevalence doesn't sum to 1 for state 2: probs[87][2][1]=0.000000 because of lack of cases.
Warning Observed prevalence doesn't sum to 1 for state 1: probs[88][1][1]=0.000000 because of lack of cases.
Warning Observed prevalence doesn't sum to 1 for state 2: probs[88][2][1]=0.000000 because of lack of cases.
Warning Observed prevalence doesn't sum to 1 for state 1: probs[89][1][1]=0.000000 because of lack of cases.
Warning Observed prevalence doesn't sum to 1 for state 2: probs[89][2][1]=0.000000 because of lack of cases.
Warning Observed prevalence doesn't sum to 1 for state 1: probs[90][1][1]=0.000000 because of lack of cases.
Warning Observed prevalence doesn't sum to 1 for state 2: probs[90][2][1]=0.000000 because of lack of cases.
Computing Health Expectancies: result on file 'E_DKMgali.txt' ...50|51|52|53|54|55|56|57|58|59|60|61|62|63|64|65|66|67|68|69|70|71|72|73|74|75|76|77|78|79|80|81|82|83|84|85|86|87|88|89|90|
done evsij
Computing Total Life expectancies with their standard errors: file 'T_DKMgali.txt' ...
  Computing State-specific Expectancies and standard errors: result on file 'STDE_DKMgali.txt' 
    Computing Covar. of State-specific Expectancies: result on file 'CVE_DKMgali.txt' 
      Computing Variance-covariance of State-specific Expectancies: file 'V_DKMgali.txt' ... 
# model  
#****** Result for:******
 cvevsij 50|51|52|53|54|55|56|57|58|59|60|61|62|63|64|65|66|67|68|69|70|71|72|73|74|75|76|77|78|79|80|81|82|83|84|85|86|87|88|89|90|
 end cvevsij 
 varevsij vpopbased=0 
Computing total mortality p.j=w1*p1j+w2*p2j+..: result on file 'PRMORPREV-1-STABLBASED_DKMgali.txt' 
Computing age specific forward period (stable) prevalences in each health state 
done selection
done State-specific expectancies
Computing Variance-covariance of forward period (stable) prevalence: file 'VPL_DKMgali.txt' ...
#****** ******
done variance-covariance of forward period prevalence
End of Imach with 0 errors and/or warnings 1. Please look at the log file for details.
Local time at start Tue Feb 04 20:24:32 2025

Local time at end   Tue Feb 04 20:25:03 2025

Total time used 0 day(s) 0 hour(s) 0 minute(s) 31 second(s)
Total time was 31 Sec.
