Log filename:DKMsr.log
Version 0.99r45 $Revision: 1.353 $ $Date: 2023/05/08 18:48:22 $
Enter the parameter file name: 
pathimach=C:\PROGRA~1\IMACH-~2.99R\bin\
pathtot=C:\Users\mmusz\Dropbox\gender_paradox\data\IMACHnew\DKMsr.txt
 path=C:\Users\mmusz\Dropbox\gender_paradox\data\IMACHnew\ 
 optionfile=DKMsr.txt
 optionfilext=txt
 optionfilefiname='DKMsr'
Compiled with: Microsoft Visual Studio for Windows (x64 and x86)  64-bit
The programm is not running under WOW64 (i.e probably on a 64bit Windows).
Local time (at start): Tue Feb 04 22:13:35 2025
title=sr datafile=dataDKMsr.txt lastobs=15000 firstpass=1 lastpass=2
ftol=1.000000e-018 stepm=6 ncovcol=0 nqv=0 ntv=0 nqtv=0 nlstate=2 ndeath=1 maxwav=2 mle=1 weight=1
model=1+age+
12 -3.854700 0.022507
13 -20.301515 0.214778
21 -0.439234 -0.017717
23 -9.034386 0.095789
# Scales (for hessian or gradient estimation)
12 0.000000e+000 0.000000e+000
13 0.000000e+000 0.000000e+000
21 0.000000e+000 0.000000e+000
23 0.000000e+000 0.000000e+000
# Covariance matrix
121 0.00000e+000
122 0.00000e+000 0.00000e+000
131 0.00000e+000 0.00000e+000 0.00000e+000
132 0.00000e+000 0.00000e+000 0.00000e+000 0.00000e+000
211 0.00000e+000 0.00000e+000 0.00000e+000 0.00000e+000 0.00000e+000
212 0.00000e+000 0.00000e+000 0.00000e+000 0.00000e+000 0.00000e+000 0.00000e+000
231 0.00000e+000 0.00000e+000 0.00000e+000 0.00000e+000 0.00000e+000 0.00000e+000 0.00000e+000
232 0.00000e+000 0.00000e+000 0.00000e+000 0.00000e+000 0.00000e+000 0.00000e+000 0.00000e+000 0.00000e+000

Model=1+age+
Typevar: 0 for simple covariate (dummy, quantitative, fixed or varying), 1 for age product, 2 for  product, 3 for double product with age  
Fixed[k] 0=fixed (product or simple), 1 varying, 2 fixed with age product, 3 varying with age product 
Dummy[k] 0=dummy (0 1), 1 quantitative (single or product without age), 2 dummy with age product, 3 quant with age product
ncoveff=0, nqfveff=0, ntveff=0, nqtveff=0, cptcovn=0
ncovf=0, ncovv=0, ncova=0, nsd=0, nsq=0
Warning: The value of parameter lastobs=15000 is big compared to the 
  effective number of cases imx=1424, please adjust, 
  otherwise you are allocating more memory than necessary.
Total number of individuals= 1424, Agemin = 51.08, Agemax= 91.33

Information, you have to check 0 informations which haven't been logged!
Delay (in months) between two waves Min=1 (for indiviudal 447) Max=32 (1324) Mean=23.683287

 Age 51 1.=3 loss[1]=0.0% 2.=0 loss[2]=0.0% 1.=3 prev[1]=85.6% 2.=0 prev[2]=14.4% 11=2 12=0 21=0 22=0 23=0
Age 52 1.=3 loss[1]=0.0% 2.=1 loss[2]=0.0% 1.=3 prev[1]=82.2% 2.=1 prev[2]=17.8% 11=3 12=0 21=0 22=0
Age 53 1.=2 loss[1]=0.0% 2.=0 loss[2]=0.0% 1.=2 prev[1]=87.0% 2.=0 prev[2]=13.0% 11=2 12=0 21=0 22=0 23=0
Age 54 1.=3 loss[1]=0.0% 2.=1 loss[2]=0.0% 1.=3 prev[1]=79.9% 2.=1 prev[2]=20.1% 11=2 12=0 21=0 22=0
Age 55 1.=3 loss[1]=0.0% 2.=1 loss[2]=0.0% 1.=3 prev[1]=83.3% 2.=1 prev[2]=16.7% 11=2 12=0 21=0 22=0
Age 56 1.=3 loss[1]=0.0% 2.=1 loss[2]=0.0% 1.=3 prev[1]=80.6% 2.=1 prev[2]=19.4% 11=3 12=0 21=0 22=1
Age 57 1.=2 loss[1]=0.0% 2.=1 loss[2]=0.0% 1.=2 prev[1]=72.4% 2.=1 prev[2]=27.6% 11=2 12=1 21=0 22=1 23=0
Age 58 1.=3 loss[1]=0.0% 2.=1 loss[2]=0.0% 1.=3 prev[1]=80.6% 2.=1 prev[2]=19.4% 11=2 12=0 21=0 22=0
Age 59 1.=3 loss[1]=0.0% 2.=1 loss[2]=0.0% 1.=3 prev[1]=83.0% 2.=1 prev[2]=17.0% 11=2 12=0 13=0 21=0 22=0
Age 60 1.=3 loss[1]=0.0% 2.=1 loss[2]=0.0% 1.=3 prev[1]=81.5% 2.=1 prev[2]=18.5% 11=2 12=0 21=0 22=0 23=0
Age 61 1.=2 loss[1]=0.0% 2.=1 loss[2]=0.0% 1.=2 prev[1]=70.5% 2.=1 prev[2]=29.5% 11=2 12=0 21=0 22=0 23=0
Age 62 1.=3 loss[1]=0.0% 2.=0 loss[2]=0.0% 1.=3 prev[1]=88.3% 2.=0 prev[2]=11.7% 11=2 12=0 13=0 21=0 22=0 23=0
Age 63 1.=2 loss[1]=0.0% 2.=0 loss[2]=0.0% 1.=2 prev[1]=91.0% 2.=0 prev[2]=9.0% 11=2 12=0 22=0
Age 64 1.=2 loss[1]=0.0% 2.=0 loss[2]=0.0% 1.=2 prev[1]=84.8% 2.=0 prev[2]=15.2% 11=2 12=0 21=0 22=0
Age 65 1.=3 loss[1]=0.0% 2.=1 loss[2]=0.0% 1.=3 prev[1]=78.7% 2.=1 prev[2]=21.3% 11=3 12=0 21=0 22=0 23=0
Age 66 1.=2 loss[1]=0.0% 2.=1 loss[2]=0.0% 1.=2 prev[1]=79.0% 2.=1 prev[2]=21.0% 11=2 12=0 21=0 22=0 23=0
Age 67 1.=3 loss[1]=0.0% 2.=1 loss[2]=0.0% 1.=3 prev[1]=84.8% 2.=1 prev[2]=15.2% 11=2 12=1 22=0 23=0
Age 68 1.=3 loss[1]=0.0% 2.=1 loss[2]=0.0% 1.=3 prev[1]=74.5% 2.=1 prev[2]=25.5% 11=2 12=0 21=0 22=0 23=0
Age 69 1.=3 loss[1]=0.0% 2.=0 loss[2]=0.0% 1.=3 prev[1]=90.1% 2.=0 prev[2]=9.9% 11=3 12=0 21=0 22=0 23=0
Age 70 1.=2 loss[1]=0.0% 2.=0 loss[2]=0.0% 1.=2 prev[1]=79.7% 2.=0 prev[2]=20.3% 11=2 12=0 13=0 21=0 22=0 23=0
Age 71 1.=2 loss[1]=0.0% 2.=0 loss[2]=0.0% 1.=2 prev[1]=82.1% 2.=0 prev[2]=17.9% 11=2 12=0 21=0 22=0 23=0
Age 72 1.=2 loss[1]=0.0% 2.=0 loss[2]=0.0% 1.=2 prev[1]=88.3% 2.=0 prev[2]=11.7% 11=1 12=0 13=0 22=0 23=0
Age 73 1.=2 loss[1]=0.0% 2.=1 loss[2]=0.0% 1.=2 prev[1]=70.1% 2.=1 prev[2]=29.9% 11=2 21=0 22=0 23=0
Age 74 1.=1 loss[1]=0.0% 2.=0 loss[2]=0.0% 1.=1 prev[1]=83.3% 2.=0 prev[2]=16.7% 11=1 12=0 13=0 22=0
Age 75 1.=1 loss[1]=0.0% 2.=0 loss[2]=0.0% 1.=1 prev[1]=71.1% 2.=0 prev[2]=28.9% 11=1 12=0 13=0 21=0 22=0 23=0
Age 76 1.=1 loss[1]=0.0% 2.=1 loss[2]=0.0% 1.=1 prev[1]=67.1% 2.=1 prev[2]=32.9% 11=1 12=0 13=0 21=0 22=0 23=0
Age 77 1.=1 loss[1]=0.0% 2.=0 loss[2]=0.0% 1.=1 prev[1]=73.8% 2.=0 prev[2]=26.2% 11=1 12=0 21=0 22=0
Age 78 1.=1 loss[1]=0.0% 2.=0 loss[2]=0.0% 1.=1 prev[1]=70.4% 2.=0 prev[2]=29.6% 11=1 12=0 13=0 21=0 22=0 23=0
Age 79 1.=1 loss[1]=0.0% 2.=0 loss[2]=0.0% 1.=1 prev[1]=63.5% 2.=0 prev[2]=36.5% 11=1 12=0 13=0 21=0 22=0 23=0
Age 80 1.=1 loss[1]=0.0% 2.=0 loss[2]=0.0% 1.=1 prev[1]=88.9% 2.=0 prev[2]=11.1% 11=1 12=0 21=0 22=0
Age 81 1.=1 loss[1]=0.0% 2.=1 loss[2]=0.0% 1.=1 prev[1]=46.5% 2.=1 prev[2]=53.5% 11=0 12=0 21=0 22=0 23=0
Age 82 1.=1 loss[1]=0.0% 2.=0 loss[2]=0.0% 1.=1 prev[1]=71.3% 2.=0 prev[2]=28.7% 11=1 12=0 13=0 21=0 23=0
Age 83 1.=1 loss[1]=0.0% 2.=1 loss[2]=0.0% 1.=1 prev[1]=57.4% 2.=1 prev[2]=42.6% 11=0 12=0 13=0 21=0 22=0 23=0
Age 84 1.=0 loss[1]=0.0% 2.=0 loss[2]=0.0% 1.=0 prev[1]=41.7% 2.=0 prev[2]=58.3% 11=0 12=0 22=0 23=0
Age 85 1.=0 loss[1]=0.0% 2.=0 loss[2]=0.0% 1.=0 prev[1]=61.1% 2.=0 prev[2]=38.9% 11=0 13=0 22=0 23=0
Age 86 1.=0 loss[1]=0.0% 2.=0 loss[2]=0.0% 1.=0 prev[1]=72.1% 2.=0 prev[2]=27.9% 11=0 12=0 13=0 22=0 23=0
Age 87 1.=0 loss[1]=0.0% 2.=0 loss[2]=0.0% 1.=0 prev[1]=50.0% 2.=0 prev[2]=50.0% 11=0 12=0 13=0 22=0 23=0
Age 88 1.=0 loss[1]=0.0% 2.=0 loss[2]=0.0% 1.=0 prev[1]=63.7% 2.=0 prev[2]=36.3% 11=0 12=0 21=0
Age 89 1.=0 loss[1]=0.0% 2.=0 loss[2]=0.0% 1.=0 prev[1]=79.1% 2.=0 prev[2]=20.9% 12=0 13=0 22=0 23=0
Age 90 1.=0 loss[1]=0.0% 2.=0 loss[2]=0.0% 1.=0 prev[1]=27.3% 2.=0 prev[2]=72.7% 13=0 23=0
Age 91 1.=0 loss[1]=NaNQ% 2.=0 loss[2]=0.0% 1.=0 prev[1]=0.0% 2.=0 prev[2]=100.0% 23=0
1 1.=0 loss[1]=NaNQ% 2.=0 loss[2]=NaNQ% 1.=0 prev[1]=NaNQ% 2.=0 prev[2]=NaNQ%
0 1.=0 loss[1]=NaNQ% 2.=0 loss[2]=NaNQ% 1.=0 prev[1]=NaNQ% 2.=0 prev[2]=NaNQ%
Total 1.=68 loss[1]=0.0% 2.=18 loss[2]=0.0% 1.=68 prev[1]=78.7% 2.=18 prev[2]=21.3% 11=57 12=9 13=2 21=5 22=11 23=3


12   -3.8546996 ln(9/57)=   -1.7892841 
13  -20.3015153 ln(2/57)=   -3.3510857 
21   -0.4392337 ln(5/11)=   -0.8135672 
23   -9.0343857 ln(3/11)=   -1.1868078 

 -1-1=0 -10=0 -11=0 -12=0 -13=0 0-1=0 00=0 01=0 02=0 03=0 1-1=0 10=0 11=57 12=9 13=2 2-1=0 20=0 21=5 22=11 23=3 3-1=0 30=0 31=0 32=0 33=0
Powell

Powell iter=1 Big Iter=1 -2*LL=2019.838524685699 gain=0 0 sec. 1 sec.
#model=  1      +     age 
12   -3.8546996    0.0225067 
13  -20.3015153    0.2147775 
21   -0.4392337   -0.0177165 
23   -9.0343857    0.0957891 
1.........2................3.......4...................5........6..............7........8.................
Powell iter=2 Big Iter=2 -2*LL=1882.656169418223 gain=137 0 sec. 1 sec.
#model=  1      +     age 
12   -4.3525148    0.0225027 
13  -21.6798775    0.2149145 
21   -1.0346702   -0.0175980 
23   -9.7965951    0.0958050 

Considering the time needed for this last iteration #2: 0 seconds,
   - if your program needs 1 BIG iterations  (2 iterations) to converge, convergence will be 
   reached in 0 day(s) 0 hour(s) 0 minute(s) 0 second(s) i.e.
   on Tue Feb 04 22:13:36 2025 (current time is Tue Feb 04 22:13:36 2025);
   - if your program needs 11 BIG iterations  (22 iterations) to converge, convergence will be 
   reached in 0 day(s) 0 hour(s) 0 minute(s) 0 second(s) i.e.
   on Tue Feb 04 22:13:36 2025 (current time is Tue Feb 04 22:13:36 2025);
   - if your program needs 21 BIG iterations  (42 iterations) to converge, convergence will be 
   reached in 0 day(s) 0 hour(s) 0 minute(s) 0 second(s) i.e.
   on Tue Feb 04 22:13:36 2025 (current time is Tue Feb 04 22:13:36 2025);
   - if your program needs 31 BIG iterations  (62 iterations) to converge, convergence will be 
   reached in 0 day(s) 0 hour(s) 0 minute(s) 0 second(s) i.e.
   on Tue Feb 04 22:13:36 2025 (current time is Tue Feb 04 22:13:36 2025);
1.........2...............3........4..................5.........6.......................7.........8.................
Powell iter=3 Big Iter=2 -2*LL=1877.487938572445 gain=5.17 2 sec. 3 sec.
#model=  1      +     age 
12   -4.4779551    0.0225696 
13  -21.3094205    0.2149548 
21   -1.1574661   -0.0176023 
23   -9.8582134    0.0957763 

Considering the time needed for this last iteration #3: 2 seconds,
   - if your program needs 1 BIG iterations  (2 iterations) to converge, convergence will be 
   reached in 0 day(s) 0 hour(s) 0 minute(s) -2 second(s) i.e.
   on Tue Feb 04 22:13:36 2025 (current time is Tue Feb 04 22:13:38 2025);
   - if your program needs 11 BIG iterations  (22 iterations) to converge, convergence will be 
   reached in 0 day(s) 0 hour(s) 0 minute(s) 38 second(s) i.e.
   on Tue Feb 04 22:14:16 2025 (current time is Tue Feb 04 22:13:38 2025);
   - if your program needs 21 BIG iterations  (42 iterations) to converge, convergence will be 
   reached in 0 day(s) 0 hour(s) 1 minute(s) 18 second(s) i.e.
   on Tue Feb 04 22:14:56 2025 (current time is Tue Feb 04 22:13:38 2025);
   - if your program needs 31 BIG iterations  (62 iterations) to converge, convergence will be 
   reached in 0 day(s) 0 hour(s) 1 minute(s) 58 second(s) i.e.
   on Tue Feb 04 22:15:36 2025 (current time is Tue Feb 04 22:13:38 2025);
1.........2...............3..........4..................5.........6...............7.........8..........................Gaining to use new average direction of P0 P8 instead of biggest increase direction 1 :

Powell iter=4 Big Iter=3 -2*LL=1877.170426904085 gain=0.318 1 sec. 4 sec.
#model=  1      +     age 
12   -4.5270700    0.0225899 
13  -21.2813748    0.2149869 
21   -1.1777770   -0.0176112 
23   -9.8644147    0.0957371 
1..............................2..............3..........4..................5.........6.......................7.........8.........directest= 0.004494899573 (if directest<0 or t<0 we include P0 Pn as new direction), t= -0.000000004931, f1= 1877.170426904085,f2= 1877.169678476675,f3= 1877.174257391668, del= 0.000416221414
f1-2f2+f3= 0.005327342402, f1-f2-del= 0.000332205995, f1-f3= -0.003830487583

Powell iter=5 Big Iter=3 -2*LL=1877.169678476675 gain=0.000748 1 sec. 5 sec.
#model=  1      +     age 
12   -4.5276655    0.0225987 
13  -21.2838859    0.2150137 
21   -1.1772092   -0.0176193 
23   -9.8616337    0.0957366 
1..................2..............3..........4..................5.........6...............7.........8..............Gaining to use new average direction of P0 P8 instead of biggest increase direction 7 :

Powell iter=6 Big Iter=4 -2*LL=1877.133630507402 gain=0.036 1 sec. 6 sec.
#model=  1      +     age 
12   -4.5679557    0.0231987 
13  -21.4334409    0.2167916 
21   -1.1414297   -0.0181459 
23   -9.6811299    0.0934009 
1......................2..............3..........4...................5.........6...............7...............8................directest= 0.035249861954 (if directest<0 or t<0 we include P0 Pn as new direction), t= -0.000000030468, f1= 1877.133630507402,f2= 1877.133574636276,f3= 1877.168817952845, del= 0.000024662871
f1-2f2+f3= 0.035299187695, f1-f2-del= 0.000031208255, f1-f3= -0.035187445444

Powell iter=7 Big Iter=4 -2*LL=1877.133574636276 gain=5.59e-005 1 sec. 7 sec.
#model=  1      +     age 
12   -4.5680784    0.0232004 
13  -21.4342843    0.2168091 
21   -1.1417948   -0.0181400 
23   -9.6810372    0.0933996 
1......................2...............3...........4..................5.........6...............7..............8...................Gaining to use new average direction of P0 P8 instead of biggest increase direction 3 :

Powell iter=8 Big Iter=5 -2*LL=1877.131531671565 gain=0.00204 1 sec. 8 sec.
#model=  1      +     age 
12   -4.5718823    0.0232598 
13  -21.5082243    0.2177228 
21   -1.1649819   -0.0177920 
23   -9.6827850    0.0933751 
1..................2...............3...................4..................5...............6....................7............8.......
Powell iter=9 Big Iter=5 -2*LL=1877.130533187526 gain=0.000998 2 sec. 10 sec.
#model=  1      +     age 
12   -4.5736800    0.0232869 
13  -21.5361402    0.2180446 
21   -1.1726075   -0.0176778 
23   -9.6809496    0.0933829 
1..................2..............3........4......................5...........6.................7..........8............Gaining to use new average direction of P0 P8 instead of biggest increase direction 1 :

Powell iter=10 Big Iter=6 -2*LL=1877.130307996055 gain=0.000225 1 sec. 11 sec.
#model=  1      +     age 
12   -4.5749334    0.0233058 
13  -21.5571659    0.2182871 
21   -1.1782173   -0.0175938 
23   -9.6799297    0.0933931 
1...................2..................3....................4.......................5...........6...............7...........8................directest= 0.000032371956 (if directest<0 or t<0 we include P0 Pn as new direction), t= -0.000000000000, f1= 1877.130307996055,f2= 1877.130297117447,f3= 1877.130329617426, del= 0.000005503315
f1-2f2+f3= 0.000043378587, f1-f2-del= 0.000005375293, f1-f3= -0.000021621371

Powell iter=11 Big Iter=6 -2*LL=1877.130297117447 gain=1.09e-005 1 sec. 12 sec.
#model=  1      +     age 
12   -4.5748987    0.0233053 
13  -21.5572797    0.2182882 
21   -1.1779850   -0.0175973 
23   -9.6799799    0.0933940 
1..........2....................3................4.........................5..........6.......................7...........8.....................Gaining to use new average direction of P0 P8 instead of biggest increase direction 6 :

Powell iter=12 Big Iter=7 -2*LL=1877.129708501899 gain=0.000589 1 sec. 13 sec.
#model=  1      +     age 
12   -4.5729206    0.0232764 
13  -21.6072326    0.2188800 
21   -1.1651956   -0.0177886 
23   -9.6875221    0.0934912 
1.......................2.................3..................4.....................5................6...................7..............8.........directest= 0.000575612005 (if directest<0 or t<0 we include P0 Pn as new direction), t= -0.000000000000, f1= 1877.129708501899,f2= 1877.129707918860,f3= 1877.130283485112, del= 0.000000268644
f1-2f2+f3= 0.000576149292, f1-f2-del= 0.000000314396, f1-f3= -0.000574983213

Powell iter=13 Big Iter=7 -2*LL=1877.129707918860 gain=5.83e-007 2 sec. 15 sec.
#model=  1      +     age 
12   -4.5729463    0.0232768 
13  -21.6071770    0.2188791 
21   -1.1652140   -0.0177883 
23   -9.6876107    0.0934924 
1..............2.................3.................4........................5.................6.................7...............8..........................Gaining to use new average direction of P0 P8 instead of biggest increase direction 2 :

Powell iter=14 Big Iter=8 -2*LL=1877.129688392234 gain=1.95e-005 1 sec. 16 sec.
#model=  1      +     age 
12   -4.5755563    0.0233162 
13  -21.6057033    0.2188584 
21   -1.1655008   -0.0177838 
23   -9.6897850    0.0935214 
1....................2..............3.........................4.........................5..............6................7..................8.......................directest= 0.000019091693 (if directest<0 or t<0 we include P0 Pn as new direction), t= -0.000000000000, f1= 1877.129688392234,f2= 1877.129688276550,f3= 1877.129707345588, del= 0.000000046515
f1-2f2+f3= 0.000019184722, f1-f2-del= 0.000000069169, f1-f3= -0.000018953354

Powell iter=15 Big Iter=8 -2*LL=1877.129688276550 gain=1.16e-007 1 sec. 17 sec.
#model=  1      +     age 
12   -4.5755804    0.0233166 
13  -21.6053846    0.2188539 
21   -1.1654644   -0.0177847 
23   -9.6896995    0.0935206 
1.................2................3........................4...........................5.....................6................................7.............................8..................................
Powell iter=16 Big Iter=9 -2*LL=1877.129688275752 gain=7.98e-010 1 sec. 18 sec.
#model=  1      +     age 
12   -4.5755792    0.0233165 
13  -21.6054153    0.2188542 
21   -1.1654475   -0.0177849 
23   -9.6896998    0.0935206 
1.............................2............................3...........................4......................5......................6.................................7.............................8..................................
#Number of iterations & function calls = 16 & 2588, -2 Log likelihood = 1877.129688275752
# Parameters nlstate*nlstate*ncov a12*1 + b12 * age + ...
#model=  1      +     age 
12   -4.5755792    0.0233165 
13  -21.6054153    0.2188542 
21   -1.1654475   -0.0177849 
23   -9.6896998    0.0935206 

Calculation of the hessian matrix. Wait...
1-2-3-4-5-6-7-8-.1-2.1-3.1-4.1-5.1-6.1-7.1-8.2-3.2-4.2-5.2-6.2-7.2-8.3-4.3-5.3-6.3-7.3-8.4-5.4-6.4-7.4-8.5-6.5-7.5-8.6-7.6-8.7-8

Inverting the hessian to get the covariance matrix. Wait...

#Hessian matrix#
1.485834e+002 9.899231e+003 5.189534e+000 4.192420e+002 -2.524155e+001 -1.668304e+003 -4.024178e+000 -3.381233e+002 
9.899231e+003 6.711174e+005 4.145686e+002 3.366062e+004 -1.663921e+003 -1.118442e+005 -3.387383e+002 -2.837603e+004 
5.189534e+000 4.145686e+002 1.320146e+001 1.094217e+003 -2.017878e+000 -1.660707e+002 6.215507e+000 5.060457e+002 
4.192420e+002 3.366062e+004 1.094217e+003 9.142500e+004 -1.673484e+002 -1.388308e+004 5.056640e+002 4.142104e+004 
-2.524155e+001 -1.663921e+003 -2.017878e+000 -1.673484e+002 6.933491e+001 4.544050e+003 -3.067244e+000 -2.208185e+002 
-1.668304e+003 -1.118442e+005 -1.660707e+002 -1.388308e+004 4.544050e+003 3.042123e+005 -2.195433e+002 -1.608262e+004 
-4.024178e+000 -3.387383e+002 6.215507e+000 5.056640e+002 -3.067244e+000 -2.195433e+002 5.129839e+001 3.926649e+003 
-3.381233e+002 -2.837603e+004 5.060457e+002 4.142104e+004 -2.208185e+002 -1.608262e+004 3.926649e+003 3.055654e+005 
Parameters, Wald tests and Wald-based confidence intervals
 W is simply the result of the division of the parameter by the square root of covariance of the parameter.
 And Wald-based confidence intervals plus and minus 1.96 * W 
  It might be better to visualize the covariance matrix. See the page 'Matrix of variance-covariance of one-step probabilities' and its graphs.
12   -4.5755792(   0.6545661) W=  -6.990 CI=[  -5.8585287 ;   -3.2926297]    0.0233165(   0.0097814) W=   2.384 CI=[   0.0041450 ;    0.0424881] 
13  -21.6054153(   3.1093385) W=  -6.949 CI=[ -27.6997187 ;  -15.5111118]    0.2188542(   0.0373511) W=   5.859 CI=[   0.1456462 ;    0.2920623] 
21   -1.1654475(   0.8521968) W=  -1.368 CI=[  -2.8357533 ;    0.5048583]   -0.0177849(   0.0128725) W=  -1.382 CI=[  -0.0430151 ;    0.0074452] 
23   -9.6896998(   1.1072624) W=  -8.751 CI=[ -11.8599342 ;   -7.5194654]    0.0935206(   0.0144152) W=   6.488 CI=[   0.0652668 ;    0.1217744] 
# Scales (for hessian or gradient estimation)
12 1.00000e-004 1.00000e-005
13 2.00000e-003 3.00000e-005
21 1.00000e-003 1.00000e-005
23 1.00000e-003 1.00000e-005
# Covariance matrix 
# 121 Var(a12)
# 122 Cov(b12,a12) Var(b12)
#   ...
# 232 Cov(b23,a12)  Cov(b23,b12) ... Var (b23)
#121 Var(a12)
#122 Cov(b12,a12) Var(b12)
#131 Cov(a13,a12) Cov(a13,b12) Var(a13)
#132 Cov(b13,a12) Cov(b13,b12) Cov(b13,a13) Var(b13)
#211 Cov(a21,a12) Cov(a21,b12) Cov(a21,a13) Cov(a21,b13) Var(a21)
#212 Cov(b21,a12) Cov(b21,b12) Cov(b21,a13) Cov(b21,b13) Cov(b21,a21) Var(b21)
#231 Cov(a23,a12) Cov(a23,b12) Cov(a23,a13) Cov(a23,b13) Cov(a23,a21) Cov(a23,b21) Var(a23)
#232 Cov(b23,a12) Cov(b23,b12) Cov(b23,a13) Cov(b23,b13) Cov(b23,a21) Cov(b23,b21) Cov(b23,a23) Var(b23)
121 4.2845676e-001
122 -6.34754e-003 9.5675770e-005
131 2.68426e-002 -5.90457e-004 9.6679858e+000
132 1.00247e-004 1.64450e-007 -1.15610e-001 1.3951014e-003
211 1.16049e-001 -1.71600e-003 1.09980e-001 -1.50093e-003 7.2623945e-001
212 -1.70558e-003 2.58041e-005 -1.74535e-003 2.39182e-005 -1.08525e-002 1.6570167e-004
231 5.00923e-002 -7.97260e-004 -3.44146e-001 4.56395e-003 3.08945e-002 -4.11108e-004 1.2260301e+000
232 -8.23006e-004 1.31797e-005 4.04531e-003 -5.60011e-005 -4.52999e-004 6.31875e-006 -1.58217e-002 2.0779820e-004
# agemin agemax for life expectancy, bage fage (if mle==0 ie no data nor Max likelihood).
# Observed prevalence period
begin-prev-date=1/1/2016 end-prev-date=1/9/2018 mov_average=0
# Health expectancies computed from stable (period) prevalence (pop_based=0) or population based (1)
pop_based=0
# Prevalence forecasting and backcasting is skept here
##prevforecast=0  starting-proj-date=1/1/1989 final-proj-date=1/1/1990 mobil_average=0
#prevforecast=1 yearsfproj=10 mobil_average=0
#prevbackcast=1 yearsbproj=10 mobil_average=1
result:  .
End of resultlines.

Computing forward period (stable) prevalence: result on file 'PL_DKMsr.txt' 
#************
Computing pij: result on file 'PIJ_DKMsr.txt' 
Computing standard deviation of one-step probabilities: result on file 'PROB_rDKMsr.txt' 
Computing matrix of variance covariance of one-step probabilities: result on file 'PROBCOV_DKMsr.txt' 
and correlation matrix of one-step probabilities: result on file 'PROBCOR_DKMsr.txt' 
50 13-12 mu 4.5305e-005 6.3983e-002 Var 3.2729e-009 1.2618e-004 cor 0.007 cov 4.6400e-009 Eig 1.262e-004 3.273e-009 1stv 0.000 1.000 tan 27192.458
55 13-12 mu 1.3479e-004 7.1608e-002 Var 2.1273e-008 9.3656e-005 cor -0.003 cov -3.7855e-009 Eig 9.366e-005 2.127e-008 1stv 0.000 -1.000 tan -24735.067
60 13-12 mu 4.0078e-004 8.0097e-002 Var 1.3124e-007 6.6129e-005 cor -0.027 cov -8.0000e-008 Eig 6.613e-005 1.311e-007 1stv 0.001 -1.000 tan -824.974
65 13-12 mu 1.1908e-003 8.9522e-002 Var 7.5547e-007 5.4936e-005 cor -0.079 cov -5.0831e-007 Eig 5.494e-005 7.507e-007 1stv 0.009 -1.000 tan -106.600
70 13-12 mu 3.5331e-003 9.9920e-002 Var 3.9719e-006 7.7844e-005 cor -0.146 cov -2.5747e-006 Eig 7.793e-005 3.882e-006 1stv 0.035 -0.999 tan -28.726
75 13-12 mu 1.0452e-002 1.1120e-001 Var 1.8922e-005 1.6109e-004 cor -0.213 cov -1.1764e-005 Eig 1.621e-004 1.796e-005 1stv 0.082 -0.997 tan -12.167
80 13-12 mu 3.0691e-002 1.2283e-001 Var 9.1869e-005 3.3987e-004 cor -0.286 cov -5.0598e-005 Eig 3.498e-004 8.194e-005 1stv 0.193 -0.981 tan -5.098
85 13-12 mu 8.8310e-002 1.3295e-001 Var 6.8432e-004 6.4902e-004 cor -0.329 cov -2.1950e-004 Eig 8.869e-004 4.465e-004 1stv 0.735 -0.678 tan -0.923
90 13-12 mu 2.4069e-001 1.3631e-001 Var 7.2351e-003 1.0913e-003 cor -0.395 cov -1.1106e-003 Eig 7.430e-003 8.967e-004 1stv 0.985 -0.173 tan -0.175
50 21-12 mu 2.2583e-001 6.3983e-002 Var 2.2154e-003 1.2618e-004 cor 0.222 cov 1.1745e-004 Eig 2.222e-003 1.196e-004 1stv 0.998 0.056 tan 0.056
55 21-12 mu 2.0788e-001 7.1608e-002 Var 1.1684e-003 9.3656e-005 cor 0.230 cov 7.6004e-005 Eig 1.174e-003 8.831e-005 1stv 0.998 0.070 tan 0.070
60 21-12 mu 1.9081e-001 8.0097e-002 Var 6.0858e-004 6.6129e-005 cor 0.241 cov 4.8341e-005 Eig 6.129e-004 6.185e-005 1stv 0.996 0.088 tan 0.088
65 21-12 mu 1.7443e-001 8.9522e-002 Var 3.9194e-004 5.4936e-005 cor 0.246 cov 3.6152e-005 Eig 3.958e-004 5.110e-005 1stv 0.994 0.105 tan 0.106
70 21-12 mu 1.5849e-001 9.9920e-002 Var 3.9961e-004 7.7844e-005 cor 0.230 cov 4.0514e-005 Eig 4.046e-004 7.282e-005 1stv 0.992 0.123 tan 0.124
75 21-12 mu 1.4273e-001 1.1120e-001 Var 5.3258e-004 1.6109e-004 cor 0.209 cov 6.1140e-005 Eig 5.424e-004 1.513e-004 1stv 0.987 0.158 tan 0.160
80 21-12 mu 1.2683e-001 1.2283e-001 Var 7.0741e-004 3.3987e-004 cor 0.193 cov 9.4672e-005 Eig 7.304e-004 3.169e-004 1stv 0.972 0.236 tan 0.242
85 21-12 mu 1.1053e-001 1.3295e-001 Var 8.5505e-004 6.4902e-004 cor 0.175 cov 1.3051e-004 Eig 9.183e-004 5.858e-004 1stv 0.900 0.436 tan 0.485
90 21-12 mu 9.3686e-002 1.3631e-001 Var 9.2516e-004 1.0913e-003 cor 0.142 cov 1.4255e-004 Eig 1.173e-003 8.432e-004 1stv 0.498 0.867 tan 1.740
50 23-12 mu 1.1714e-002 6.3983e-002 Var 2.2144e-005 1.2618e-004 cor 0.013 cov 6.8730e-007 Eig 1.262e-004 2.214e-005 1stv 0.007 1.000 tan 151.369
55 23-12 mu 1.8813e-002 7.1608e-002 Var 3.9621e-005 9.3656e-005 cor 0.005 cov 2.9350e-007 Eig 9.366e-005 3.962e-005 1stv 0.005 1.000 tan 184.113
60 23-12 mu 3.0126e-002 8.0097e-002 Var 6.6338e-005 6.6129e-005 cor -0.001 cov -5.4588e-008 Eig 6.635e-005 6.612e-005 1stv 0.971 -0.238 tan -0.246
65 23-12 mu 4.8044e-002 8.9522e-002 Var 1.0340e-004 5.4936e-005 cor 0.012 cov 9.3877e-007 Eig 1.034e-004 5.492e-005 1stv 1.000 0.019 tan 0.019
70 23-12 mu 7.6161e-002 9.9920e-002 Var 1.5624e-004 7.7844e-005 cor 0.065 cov 7.2227e-006 Eig 1.569e-004 7.718e-005 1stv 0.996 0.091 tan 0.091
75 23-12 mu 1.1966e-001 1.1120e-001 Var 2.7301e-004 1.6109e-004 cor 0.137 cov 2.8775e-005 Eig 2.800e-004 1.541e-004 1stv 0.972 0.235 tan 0.242
80 23-12 mu 1.8550e-001 1.2283e-001 Var 6.9134e-004 3.3987e-004 cor 0.181 cov 8.7868e-005 Eig 7.121e-004 3.191e-004 1stv 0.973 0.230 tan 0.236
85 23-12 mu 2.8202e-001 1.3295e-001 Var 2.2074e-003 6.4902e-004 cor 0.193 cov 2.3052e-004 Eig 2.241e-003 6.156e-004 1stv 0.990 0.143 tan 0.145
90 23-12 mu 4.1705e-001 1.3631e-001 Var 6.6667e-003 1.0913e-003 cor 0.203 cov 5.4755e-004 Eig 6.720e-003 1.038e-003 1stv 0.995 0.097 tan 0.097
50 21-13 mu 2.2583e-001 4.5305e-005 Var 2.2154e-003 3.2729e-009 cor 0.025 cov 6.8187e-008 Eig 2.215e-003 3.271e-009 1stv 1.000 0.000 tan 0.000
55 21-13 mu 2.0788e-001 1.3479e-004 Var 1.1684e-003 2.1273e-008 cor 0.020 cov 1.0032e-007 Eig 1.168e-003 2.126e-008 1stv 1.000 0.000 tan 0.000
60 21-13 mu 1.9081e-001 4.0078e-004 Var 6.0858e-004 1.3124e-007 cor 0.013 cov 1.1404e-007 Eig 6.086e-004 1.312e-007 1stv 1.000 0.000 tan 0.000
65 21-13 mu 1.7443e-001 1.1908e-003 Var 3.9194e-004 7.5547e-007 cor 0.005 cov 8.7862e-008 Eig 3.919e-004 7.554e-007 1stv 1.000 0.000 tan 0.000
70 21-13 mu 1.5849e-001 3.5331e-003 Var 3.9961e-004 3.9719e-006 cor 0.006 cov 2.3197e-007 Eig 3.996e-004 3.972e-006 1stv 1.000 0.001 tan 0.001
75 21-13 mu 1.4273e-001 1.0452e-002 Var 5.3258e-004 1.8922e-005 cor 0.023 cov 2.3009e-006 Eig 5.326e-004 1.891e-005 1stv 1.000 0.004 tan 0.004
80 21-13 mu 1.2683e-001 3.0691e-002 Var 7.0741e-004 9.1869e-005 cor 0.060 cov 1.5385e-005 Eig 7.078e-004 9.148e-005 1stv 1.000 0.025 tan 0.025
85 21-13 mu 1.1053e-001 8.8310e-002 Var 8.5505e-004 6.8432e-004 cor 0.100 cov 7.6294e-005 Eig 8.842e-004 6.552e-004 1stv 0.934 0.357 tan 0.382
90 21-13 mu 9.3686e-002 2.4069e-001 Var 9.2516e-004 7.2351e-003 cor 0.113 cov 2.9166e-004 Eig 7.249e-003 9.117e-004 1stv 0.046 0.999 tan 21.680
50 23-13 mu 1.1714e-002 4.5305e-005 Var 2.2144e-005 3.2729e-009 cor -0.107 cov -2.8787e-008 Eig 2.214e-005 3.235e-009 1stv 1.000 -0.001 tan -0.001
55 23-13 mu 1.8813e-002 1.3479e-004 Var 3.9621e-005 2.1273e-008 cor -0.111 cov -1.0159e-007 Eig 3.962e-005 2.101e-008 1stv 1.000 -0.003 tan -0.003
60 23-13 mu 3.0126e-002 4.0078e-004 Var 6.6338e-005 1.3124e-007 cor -0.118 cov -3.4860e-007 Eig 6.634e-005 1.294e-007 1stv 1.000 -0.005 tan -0.005
65 23-13 mu 4.8044e-002 1.1908e-003 Var 1.0340e-004 7.5547e-007 cor -0.134 cov -1.1808e-006 Eig 1.034e-004 7.419e-007 1stv 1.000 -0.012 tan -0.012
70 23-13 mu 7.6161e-002 3.5331e-003 Var 1.5624e-004 3.9719e-006 cor -0.165 cov -4.1208e-006 Eig 1.563e-004 3.860e-006 1stv 1.000 -0.027 tan -0.027
75 23-13 mu 1.1966e-001 1.0452e-002 Var 2.7301e-004 1.8922e-005 cor -0.222 cov -1.5988e-005 Eig 2.740e-004 1.792e-005 1stv 0.998 -0.063 tan -0.063
80 23-13 mu 1.8550e-001 3.0691e-002 Var 6.9134e-004 9.1869e-005 cor -0.289 cov -7.2802e-005 Eig 7.001e-004 8.315e-005 1stv 0.993 -0.119 tan -0.120
85 23-13 mu 2.8202e-001 8.8310e-002 Var 2.2074e-003 6.8432e-004 cor -0.298 cov -3.6569e-004 Eig 2.291e-003 6.011e-004 1stv 0.975 -0.222 tan -0.228
90 23-13 mu 4.1705e-001 2.4069e-001 Var 6.6667e-003 7.2351e-003 cor -0.245 cov -1.7039e-003 Eig 8.678e-003 5.223e-003 1stv 0.646 -0.763 tan -1.181
50 23-21 mu 1.1714e-002 2.2583e-001 Var 2.2144e-005 2.2154e-003 cor -0.041 cov -9.0155e-006 Eig 2.215e-003 2.211e-005 1stv 0.004 -1.000 tan -243.285
55 23-21 mu 1.8813e-002 2.0788e-001 Var 3.9621e-005 1.1684e-003 cor -0.036 cov -7.8140e-006 Eig 1.168e-003 3.957e-005 1stv 0.007 -1.000 tan -144.461
60 23-21 mu 3.0126e-002 1.9081e-001 Var 6.6338e-005 6.0858e-004 cor -0.037 cov -7.3810e-006 Eig 6.087e-004 6.624e-005 1stv 0.014 -1.000 tan -73.478
65 23-21 mu 4.8044e-002 1.7443e-001 Var 1.0340e-004 3.9194e-004 cor -0.044 cov -8.9508e-006 Eig 3.922e-004 1.031e-004 1stv 0.031 -1.000 tan -32.267
70 23-21 mu 7.6161e-002 1.5849e-001 Var 1.5624e-004 3.9961e-004 cor -0.059 cov -1.4812e-005 Eig 4.005e-004 1.553e-004 1stv 0.061 -0.998 tan -16.491
75 23-21 mu 1.1966e-001 1.4273e-001 Var 2.7301e-004 5.3258e-004 cor -0.081 cov -3.0825e-005 Eig 5.362e-004 2.694e-004 1stv 0.116 -0.993 tan -8.538
80 23-21 mu 1.8550e-001 1.2683e-001 Var 6.9134e-004 7.0741e-004 cor -0.106 cov -7.4372e-005 Eig 7.742e-004 6.246e-004 1stv 0.668 -0.744 tan -1.114
85 23-21 mu 2.8202e-001 1.1053e-001 Var 2.2074e-003 8.5505e-004 cor -0.139 cov -1.9092e-004 Eig 2.234e-003 8.286e-004 1stv 0.991 -0.137 tan -0.138
90 23-21 mu 4.1705e-001 9.3686e-002 Var 6.6667e-003 9.2516e-004 cor -0.188 cov -4.6723e-004 Eig 6.704e-003 8.874e-004 1stv 0.997 -0.081 tan -0.081
Prevalence combination of varying and fixed dummies 1
Warning Observed prevalence doesn't sum to 1 for state 2: probs[50][2][1]=0.000000 because of lack of cases.
Warning Observed prevalence doesn't sum to 1 for state 1: probs[51][1][1]=0.000000 because of lack of cases.
Warning Observed prevalence doesn't sum to 1 for state 2: probs[51][2][1]=0.000000 because of lack of cases.
Warning Observed prevalence doesn't sum to 1 for state 1: probs[52][1][1]=0.000000 because of lack of cases.
Warning Observed prevalence doesn't sum to 1 for state 2: probs[52][2][1]=0.000000 because of lack of cases.
Warning Observed prevalence doesn't sum to 1 for state 1: probs[53][1][1]=0.000000 because of lack of cases.
Warning Observed prevalence doesn't sum to 1 for state 2: probs[53][2][1]=0.000000 because of lack of cases.
Warning Observed prevalence doesn't sum to 1 for state 1: probs[54][1][1]=0.000000 because of lack of cases.
Warning Observed prevalence doesn't sum to 1 for state 2: probs[54][2][1]=0.000000 because of lack of cases.
Warning Observed prevalence doesn't sum to 1 for state 1: probs[55][1][1]=0.000000 because of lack of cases.
Warning Observed prevalence doesn't sum to 1 for state 2: probs[55][2][1]=0.000000 because of lack of cases.
Warning Observed prevalence doesn't sum to 1 for state 1: probs[56][1][1]=0.000000 because of lack of cases.
Warning Observed prevalence doesn't sum to 1 for state 2: probs[56][2][1]=0.000000 because of lack of cases.
Warning Observed prevalence doesn't sum to 1 for state 1: probs[57][1][1]=0.000000 because of lack of cases.
Warning Observed prevalence doesn't sum to 1 for state 2: probs[57][2][1]=0.000000 because of lack of cases.
Warning Observed prevalence doesn't sum to 1 for state 1: probs[58][1][1]=0.000000 because of lack of cases.
Warning Observed prevalence doesn't sum to 1 for state 2: probs[58][2][1]=0.000000 because of lack of cases.
Warning Observed prevalence doesn't sum to 1 for state 1: probs[59][1][1]=0.000000 because of lack of cases.
Warning Observed prevalence doesn't sum to 1 for state 2: probs[59][2][1]=0.000000 because of lack of cases.
Warning Observed prevalence doesn't sum to 1 for state 1: probs[60][1][1]=0.000000 because of lack of cases.
Warning Observed prevalence doesn't sum to 1 for state 2: probs[60][2][1]=0.000000 because of lack of cases.
Warning Observed prevalence doesn't sum to 1 for state 1: probs[61][1][1]=0.000000 because of lack of cases.
Warning Observed prevalence doesn't sum to 1 for state 2: probs[61][2][1]=0.000000 because of lack of cases.
Warning Observed prevalence doesn't sum to 1 for state 1: probs[62][1][1]=0.000000 because of lack of cases.
Warning Observed prevalence doesn't sum to 1 for state 2: probs[62][2][1]=0.000000 because of lack of cases.
Warning Observed prevalence doesn't sum to 1 for state 1: probs[63][1][1]=0.000000 because of lack of cases.
Warning Observed prevalence doesn't sum to 1 for state 2: probs[63][2][1]=0.000000 because of lack of cases.
Warning Observed prevalence doesn't sum to 1 for state 1: probs[64][1][1]=0.000000 because of lack of cases.
Warning Observed prevalence doesn't sum to 1 for state 2: probs[64][2][1]=0.000000 because of lack of cases.
Warning Observed prevalence doesn't sum to 1 for state 1: probs[65][1][1]=0.000000 because of lack of cases.
Warning Observed prevalence doesn't sum to 1 for state 2: probs[65][2][1]=0.000000 because of lack of cases.
Warning Observed prevalence doesn't sum to 1 for state 1: probs[66][1][1]=0.000000 because of lack of cases.
Warning Observed prevalence doesn't sum to 1 for state 2: probs[66][2][1]=0.000000 because of lack of cases.
Warning Observed prevalence doesn't sum to 1 for state 1: probs[67][1][1]=0.000000 because of lack of cases.
Warning Observed prevalence doesn't sum to 1 for state 2: probs[67][2][1]=0.000000 because of lack of cases.
Warning Observed prevalence doesn't sum to 1 for state 1: probs[68][1][1]=0.000000 because of lack of cases.
Warning Observed prevalence doesn't sum to 1 for state 2: probs[68][2][1]=0.000000 because of lack of cases.
Warning Observed prevalence doesn't sum to 1 for state 1: probs[69][1][1]=0.000000 because of lack of cases.
Warning Observed prevalence doesn't sum to 1 for state 2: probs[69][2][1]=0.000000 because of lack of cases.
Warning Observed prevalence doesn't sum to 1 for state 1: probs[70][1][1]=0.000000 because of lack of cases.
Warning Observed prevalence doesn't sum to 1 for state 2: probs[70][2][1]=0.000000 because of lack of cases.
Warning Observed prevalence doesn't sum to 1 for state 1: probs[71][1][1]=0.000000 because of lack of cases.
Warning Observed prevalence doesn't sum to 1 for state 2: probs[71][2][1]=0.000000 because of lack of cases.
Warning Observed prevalence doesn't sum to 1 for state 1: probs[72][1][1]=0.000000 because of lack of cases.
Warning Observed prevalence doesn't sum to 1 for state 2: probs[72][2][1]=0.000000 because of lack of cases.
Warning Observed prevalence doesn't sum to 1 for state 1: probs[73][1][1]=0.000000 because of lack of cases.
Warning Observed prevalence doesn't sum to 1 for state 2: probs[73][2][1]=0.000000 because of lack of cases.
Warning Observed prevalence doesn't sum to 1 for state 1: probs[74][1][1]=0.000000 because of lack of cases.
Warning Observed prevalence doesn't sum to 1 for state 2: probs[74][2][1]=0.000000 because of lack of cases.
Warning Observed prevalence doesn't sum to 1 for state 1: probs[75][1][1]=0.000000 because of lack of cases.
Warning Observed prevalence doesn't sum to 1 for state 2: probs[75][2][1]=0.000000 because of lack of cases.
Warning Observed prevalence doesn't sum to 1 for state 1: probs[76][1][1]=0.000000 because of lack of cases.
Warning Observed prevalence doesn't sum to 1 for state 2: probs[76][2][1]=0.000000 because of lack of cases.
Warning Observed prevalence doesn't sum to 1 for state 1: probs[77][1][1]=0.000000 because of lack of cases.
Warning Observed prevalence doesn't sum to 1 for state 2: probs[77][2][1]=0.000000 because of lack of cases.
Warning Observed prevalence doesn't sum to 1 for state 1: probs[78][1][1]=0.000000 because of lack of cases.
Warning Observed prevalence doesn't sum to 1 for state 2: probs[78][2][1]=0.000000 because of lack of cases.
Warning Observed prevalence doesn't sum to 1 for state 1: probs[79][1][1]=0.000000 because of lack of cases.
Warning Observed prevalence doesn't sum to 1 for state 2: probs[79][2][1]=0.000000 because of lack of cases.
Warning Observed prevalence doesn't sum to 1 for state 1: probs[80][1][1]=0.000000 because of lack of cases.
Warning Observed prevalence doesn't sum to 1 for state 2: probs[80][2][1]=0.000000 because of lack of cases.
Warning Observed prevalence doesn't sum to 1 for state 1: probs[81][1][1]=0.000000 because of lack of cases.
Warning Observed prevalence doesn't sum to 1 for state 2: probs[81][2][1]=0.000000 because of lack of cases.
Warning Observed prevalence doesn't sum to 1 for state 1: probs[82][1][1]=0.000000 because of lack of cases.
Warning Observed prevalence doesn't sum to 1 for state 2: probs[82][2][1]=0.000000 because of lack of cases.
Warning Observed prevalence doesn't sum to 1 for state 1: probs[83][1][1]=0.000000 because of lack of cases.
Warning Observed prevalence doesn't sum to 1 for state 2: probs[83][2][1]=0.000000 because of lack of cases.
Warning Observed prevalence doesn't sum to 1 for state 1: probs[84][1][1]=0.000000 because of lack of cases.
Warning Observed prevalence doesn't sum to 1 for state 2: probs[84][2][1]=0.000000 because of lack of cases.
Warning Observed prevalence doesn't sum to 1 for state 1: probs[85][1][1]=0.000000 because of lack of cases.
Warning Observed prevalence doesn't sum to 1 for state 2: probs[85][2][1]=0.000000 because of lack of cases.
Warning Observed prevalence doesn't sum to 1 for state 1: probs[86][1][1]=0.000000 because of lack of cases.
Warning Observed prevalence doesn't sum to 1 for state 2: probs[86][2][1]=0.000000 because of lack of cases.
Warning Observed prevalence doesn't sum to 1 for state 1: probs[87][1][1]=0.000000 because of lack of cases.
Warning Observed prevalence doesn't sum to 1 for state 2: probs[87][2][1]=0.000000 because of lack of cases.
Warning Observed prevalence doesn't sum to 1 for state 1: probs[88][1][1]=0.000000 because of lack of cases.
Warning Observed prevalence doesn't sum to 1 for state 2: probs[88][2][1]=0.000000 because of lack of cases.
Warning Observed prevalence doesn't sum to 1 for state 1: probs[89][1][1]=0.000000 because of lack of cases.
Warning Observed prevalence doesn't sum to 1 for state 2: probs[89][2][1]=0.000000 because of lack of cases.
Warning Observed prevalence doesn't sum to 1 for state 1: probs[90][1][1]=0.000000 because of lack of cases.
Warning Observed prevalence doesn't sum to 1 for state 2: probs[90][2][1]=0.000000 because of lack of cases.
Computing Health Expectancies: result on file 'E_DKMsr.txt' ...50|51|52|53|54|55|56|57|58|59|60|61|62|63|64|65|66|67|68|69|70|71|72|73|74|75|76|77|78|79|80|81|82|83|84|85|86|87|88|89|90|
done evsij
Computing Total Life expectancies with their standard errors: file 'T_DKMsr.txt' ...
  Computing State-specific Expectancies and standard errors: result on file 'STDE_DKMsr.txt' 
    Computing Covar. of State-specific Expectancies: result on file 'CVE_DKMsr.txt' 
      Computing Variance-covariance of State-specific Expectancies: file 'V_DKMsr.txt' ... 
# model  
#****** Result for:******
 cvevsij 50|51|52|53|54|55|56|57|58|59|60|61|62|63|64|65|66|67|68|69|70|71|72|73|74|75|76|77|78|79|80|81|82|83|84|85|86|87|88|89|90|
 end cvevsij 
 varevsij vpopbased=0 
Computing total mortality p.j=w1*p1j+w2*p2j+..: result on file 'PRMORPREV-1-STABLBASED_DKMsr.txt' 
Computing age specific forward period (stable) prevalences in each health state 
done selection
done State-specific expectancies
Computing Variance-covariance of forward period (stable) prevalence: file 'VPL_DKMsr.txt' ...
#****** ******
done variance-covariance of forward period prevalence
End of Imach with 0 errors and/or warnings 1. Please look at the log file for details.
Local time at start Tue Feb 04 22:13:35 2025

Local time at end   Tue Feb 04 22:14:23 2025

Total time used 0 day(s) 0 hour(s) 0 minute(s) 48 second(s)
Total time was 48 Sec.
