Log filename:EEFadl.log
Version 0.99r45 $Revision: 1.353 $ $Date: 2023/05/08 18:48:22 $
Enter the parameter file name: 
pathimach=C:\PROGRA~1\IMACH-~2.99R\bin\
pathtot=C:\Users\mmusz\Dropbox\gender_paradox\data\IMACHnew\EEFadl.txt
 path=C:\Users\mmusz\Dropbox\gender_paradox\data\IMACHnew\ 
 optionfile=EEFadl.txt
 optionfilext=txt
 optionfilefiname='EEFadl'
Compiled with: Microsoft Visual Studio for Windows (x64 and x86)  64-bit
The programm is not running under WOW64 (i.e probably on a 64bit Windows).
Local time (at start): Tue Feb 04 22:03:38 2025
title=adl datafile=dataEEFadl.txt lastobs=5000 firstpass=1 lastpass=2
ftol=1.000000e-018 stepm=6 ncovcol=0 nqv=0 ntv=0 nqtv=0 nlstate=2 ndeath=1 maxwav=2 mle=1 weight=1
model=1+age+
12 -6.608775 0.054680
13 -10.695305 0.096124
21 0.236625 -0.018086
23 -10.891223 0.112063
# Scales (for hessian or gradient estimation)
12 0.000000e+000 0.000000e+000
13 0.000000e+000 0.000000e+000
21 0.000000e+000 0.000000e+000
23 0.000000e+000 0.000000e+000
# Covariance matrix
121 0.00000e+000
122 0.00000e+000 0.00000e+000
131 0.00000e+000 0.00000e+000 0.00000e+000
132 0.00000e+000 0.00000e+000 0.00000e+000 0.00000e+000
211 0.00000e+000 0.00000e+000 0.00000e+000 0.00000e+000 0.00000e+000
212 0.00000e+000 0.00000e+000 0.00000e+000 0.00000e+000 0.00000e+000 0.00000e+000
231 0.00000e+000 0.00000e+000 0.00000e+000 0.00000e+000 0.00000e+000 0.00000e+000 0.00000e+000
232 0.00000e+000 0.00000e+000 0.00000e+000 0.00000e+000 0.00000e+000 0.00000e+000 0.00000e+000 0.00000e+000

Model=1+age+
Typevar: 0 for simple covariate (dummy, quantitative, fixed or varying), 1 for age product, 2 for  product, 3 for double product with age  
Fixed[k] 0=fixed (product or simple), 1 varying, 2 fixed with age product, 3 varying with age product 
Dummy[k] 0=dummy (0 1), 1 quantitative (single or product without age), 2 dummy with age product, 3 quant with age product
ncoveff=0, nqfveff=0, ntveff=0, nqtveff=0, cptcovn=0
ncovf=0, ncovv=0, ncova=0, nsd=0, nsq=0
Total number of individuals= 2845, Agemin = 51.08, Agemax= 92.92

Information, you have to check 0 informations which haven't been logged!
Delay (in months) between two waves Min=1 (for indiviudal 2356) Max=29 (1904) Mean=21.106503

 Age 51 1.=3 loss[1]=0.0% 2.=0 loss[2]=0.0% 1.=3 prev[1]=94.4% 2.=0 prev[2]=5.6% 11=3 12=0 13=0 21=0 22=0
Age 52 1.=2 loss[1]=0.0% 2.=0 loss[2]=0.0% 1.=2 prev[1]=94.2% 2.=0 prev[2]=5.8% 11=2 12=0 21=0
Age 53 1.=2 loss[1]=0.0% 2.=0 loss[2]=0.0% 1.=2 prev[1]=94.7% 2.=0 prev[2]=5.3% 11=2 21=0 22=0
Age 54 1.=2 loss[1]=0.0% 2.=0 loss[2]=0.0% 1.=2 prev[1]=91.0% 2.=0 prev[2]=9.0% 11=2 12=0 21=0 22=0
Age 55 1.=2 loss[1]=0.0% 2.=0 loss[2]=0.0% 1.=2 prev[1]=91.2% 2.=0 prev[2]=8.8% 11=2 12=0 21=0 22=0
Age 56 1.=3 loss[1]=0.0% 2.=0 loss[2]=0.0% 1.=3 prev[1]=92.9% 2.=0 prev[2]=7.1% 11=2 12=0 13=0 21=0 22=0
Age 57 1.=2 loss[1]=0.0% 2.=0 loss[2]=0.0% 1.=2 prev[1]=87.7% 2.=0 prev[2]=12.3% 11=2 12=0 21=0 22=0
Age 58 1.=3 loss[1]=0.0% 2.=0 loss[2]=0.0% 1.=3 prev[1]=89.1% 2.=0 prev[2]=10.9% 11=2 12=0 13=0 21=0 22=0 23=0
Age 59 1.=2 loss[1]=0.0% 2.=0 loss[2]=0.0% 1.=2 prev[1]=89.8% 2.=0 prev[2]=10.2% 11=2 12=0 13=0 21=0 22=0
Age 60 1.=3 loss[1]=0.0% 2.=0 loss[2]=0.0% 1.=3 prev[1]=96.6% 2.=0 prev[2]=3.4% 11=3 12=0 13=0 21=0 22=0
Age 61 1.=3 loss[1]=0.0% 2.=0 loss[2]=0.0% 1.=3 prev[1]=95.0% 2.=0 prev[2]=5.0% 11=2 12=0 13=0 21=0 22=0
Age 62 1.=2 loss[1]=0.0% 2.=0 loss[2]=0.0% 1.=2 prev[1]=92.3% 2.=0 prev[2]=7.7% 11=2 12=0 13=0 21=0 23=0
Age 63 1.=2 loss[1]=0.0% 2.=0 loss[2]=0.0% 1.=2 prev[1]=88.9% 2.=0 prev[2]=11.1% 11=2 12=0 13=0 21=0 22=0
Age 64 1.=2 loss[1]=0.0% 2.=0 loss[2]=0.0% 1.=2 prev[1]=91.9% 2.=0 prev[2]=8.1% 11=2 12=0 13=0 22=0 23=0
Age 65 1.=2 loss[1]=0.0% 2.=0 loss[2]=0.0% 1.=2 prev[1]=92.8% 2.=0 prev[2]=7.2% 11=2 12=0 13=0 21=0 22=0
Age 66 1.=2 loss[1]=0.0% 2.=0 loss[2]=0.0% 1.=2 prev[1]=88.4% 2.=0 prev[2]=11.6% 11=2 12=0 13=0 21=0 22=0
Age 67 1.=3 loss[1]=0.0% 2.=0 loss[2]=0.0% 1.=3 prev[1]=89.3% 2.=0 prev[2]=10.7% 11=2 12=0 13=0 21=0 22=0
Age 68 1.=2 loss[1]=0.0% 2.=0 loss[2]=0.0% 1.=2 prev[1]=83.3% 2.=0 prev[2]=16.7% 11=2 12=0 21=0 22=0
Age 69 1.=2 loss[1]=0.0% 2.=0 loss[2]=0.0% 1.=2 prev[1]=87.4% 2.=0 prev[2]=12.6% 11=2 12=0 13=0 22=0
Age 70 1.=2 loss[1]=0.0% 2.=0 loss[2]=0.0% 1.=2 prev[1]=94.9% 2.=0 prev[2]=5.1% 11=2 12=0 21=0 22=0
Age 71 1.=1 loss[1]=0.0% 2.=0 loss[2]=0.0% 1.=1 prev[1]=95.0% 2.=0 prev[2]=5.0% 11=1 12=0 13=0 22=0
Age 72 1.=2 loss[1]=0.0% 2.=0 loss[2]=0.0% 1.=2 prev[1]=83.3% 2.=0 prev[2]=16.7% 11=2 12=0 21=0 22=0 23=0
Age 73 1.=2 loss[1]=0.0% 2.=0 loss[2]=0.0% 1.=2 prev[1]=83.0% 2.=0 prev[2]=17.0% 11=2 12=0 13=0 21=0 22=0 23=0
Age 74 1.=2 loss[1]=0.0% 2.=0 loss[2]=0.0% 1.=2 prev[1]=82.0% 2.=0 prev[2]=18.0% 11=2 12=0 13=0 21=0 22=0
Age 75 1.=2 loss[1]=0.0% 2.=1 loss[2]=0.0% 1.=2 prev[1]=81.7% 2.=1 prev[2]=18.3% 11=2 12=0 13=0 21=0 22=0 23=0
Age 76 1.=2 loss[1]=0.0% 2.=0 loss[2]=0.0% 1.=2 prev[1]=84.3% 2.=0 prev[2]=15.7% 11=2 12=0 13=0 21=0 22=0 23=0
Age 77 1.=2 loss[1]=0.0% 2.=0 loss[2]=0.0% 1.=2 prev[1]=79.5% 2.=0 prev[2]=20.5% 11=2 12=0 13=0 21=0 22=0 23=0
Age 78 1.=2 loss[1]=0.0% 2.=1 loss[2]=0.0% 1.=2 prev[1]=67.0% 2.=1 prev[2]=33.0% 11=1 12=0 13=0 21=0 22=0 23=0
Age 79 1.=2 loss[1]=0.0% 2.=1 loss[2]=0.0% 1.=2 prev[1]=72.3% 2.=1 prev[2]=27.7% 11=1 12=0 13=0 21=0 22=0 23=0
Age 80 1.=1 loss[1]=0.0% 2.=1 loss[2]=0.0% 1.=1 prev[1]=72.5% 2.=1 prev[2]=27.5% 11=1 12=0 13=0 21=0 22=0 23=0
Age 81 1.=1 loss[1]=0.0% 2.=0 loss[2]=0.0% 1.=1 prev[1]=69.5% 2.=0 prev[2]=30.5% 11=1 12=0 13=0 21=0 22=0 23=0
Age 82 1.=1 loss[1]=0.0% 2.=1 loss[2]=0.0% 1.=1 prev[1]=61.2% 2.=1 prev[2]=38.8% 11=1 12=0 13=0 21=0 22=0 23=0
Age 83 1.=1 loss[1]=0.0% 2.=1 loss[2]=0.0% 1.=1 prev[1]=55.1% 2.=1 prev[2]=44.9% 11=1 12=0 13=0 21=0 22=1 23=0
Age 84 1.=1 loss[1]=0.0% 2.=1 loss[2]=0.0% 1.=1 prev[1]=65.8% 2.=1 prev[2]=34.2% 11=1 12=0 13=0 21=0 22=0 23=0
Age 85 1.=1 loss[1]=0.0% 2.=0 loss[2]=0.0% 1.=1 prev[1]=59.4% 2.=0 prev[2]=40.6% 11=0 12=0 13=0 21=0 22=0 23=0
Age 86 1.=1 loss[1]=0.0% 2.=0 loss[2]=0.0% 1.=1 prev[1]=65.8% 2.=0 prev[2]=34.2% 11=1 12=0 13=0 21=0 22=0 23=0
Age 87 1.=1 loss[1]=0.0% 2.=0 loss[2]=0.0% 1.=1 prev[1]=59.3% 2.=0 prev[2]=40.7% 11=0 12=0 13=0 21=0 22=0 23=0
Age 88 1.=0 loss[1]=0.0% 2.=0 loss[2]=0.0% 1.=0 prev[1]=54.6% 2.=0 prev[2]=45.4% 11=0 12=0 13=0 21=0 22=0 23=0
Age 89 1.=0 loss[1]=0.0% 2.=0 loss[2]=0.0% 1.=0 prev[1]=55.2% 2.=0 prev[2]=44.8% 11=0 12=0 13=0 22=0 23=0
Age 90 1.=0 loss[1]=0.0% 2.=0 loss[2]=0.0% 1.=0 prev[1]=70.6% 2.=0 prev[2]=29.4% 11=0 12=0 13=0 21=0 23=0
Age 91 1.=0 loss[1]=NaNQ% 2.=0 loss[2]=0.0% 1.=0 prev[1]=0.0% 2.=0 prev[2]=100.0% 22=0
Age 92 1.=0 loss[1]=NaNQ% 2.=0 loss[2]=NaNQ% 1.=0 prev[1]=NaNQ% 2.=0 prev[2]=NaNQ%
1 1.=0 loss[1]=NaNQ% 2.=0 loss[2]=NaNQ% 1.=0 prev[1]=NaNQ% 2.=0 prev[2]=NaNQ%
0 1.=0 loss[1]=NaNQ% 2.=0 loss[2]=NaNQ% 1.=0 prev[1]=NaNQ% 2.=0 prev[2]=NaNQ%
Total 1.=73 loss[1]=0.0% 2.=14 loss[2]=0.0% 1.=73 prev[1]=84.1% 2.=14 prev[2]=15.9% 11=64 12=6 13=3 21=5 22=7 23=2


12   -6.6087748 ln(6/64)=   -2.3751340 
13  -10.6953048 ln(3/64)=   -3.1128109 
21    0.2366252 ln(5/7)=   -0.4358974 
23  -10.8912230 ln(2/7)=   -1.1894704 

 -1-1=0 -10=0 -11=0 -12=0 -13=0 0-1=0 00=0 01=0 02=0 03=0 1-1=0 10=0 11=64 12=6 13=3 2-1=0 20=0 21=5 22=7 23=2 3-1=0 30=0 31=0 32=0 33=0
Powell

Powell iter=1 Big Iter=1 -2*LL=3482.300705817951 gain=0 0 sec. 1 sec.
#model=  1      +     age 
12   -6.6087748    0.0546796 
13  -10.6953048    0.0961241 
21    0.2366252   -0.0180855 
23  -10.8912230    0.1120634 
1.........2..........3.......4..................5........6...............7........8..................
Powell iter=2 Big Iter=2 -2*LL=3278.622296420288 gain=204 0 sec. 1 sec.
#model=  1      +     age 
12   -7.0061908    0.0547173 
13  -11.6304727    0.0958901 
21   -0.3897656   -0.0179297 
23  -11.6738013    0.1120407 

Considering the time needed for this last iteration #2: 0 seconds,
   - if your program needs 1 BIG iterations  (2 iterations) to converge, convergence will be 
   reached in 0 day(s) 0 hour(s) 0 minute(s) 0 second(s) i.e.
   on Tue Feb 04 22:03:39 2025 (current time is Tue Feb 04 22:03:39 2025);
   - if your program needs 11 BIG iterations  (22 iterations) to converge, convergence will be 
   reached in 0 day(s) 0 hour(s) 0 minute(s) 0 second(s) i.e.
   on Tue Feb 04 22:03:39 2025 (current time is Tue Feb 04 22:03:39 2025);
   - if your program needs 21 BIG iterations  (42 iterations) to converge, convergence will be 
   reached in 0 day(s) 0 hour(s) 0 minute(s) 0 second(s) i.e.
   on Tue Feb 04 22:03:39 2025 (current time is Tue Feb 04 22:03:39 2025);
   - if your program needs 31 BIG iterations  (62 iterations) to converge, convergence will be 
   reached in 0 day(s) 0 hour(s) 0 minute(s) 0 second(s) i.e.
   on Tue Feb 04 22:03:39 2025 (current time is Tue Feb 04 22:03:39 2025);
1.........2.............3.........4..................5.........6...............7..........8.....................
Powell iter=3 Big Iter=2 -2*LL=3265.197417616077 gain=13.4 1 sec. 2 sec.
#model=  1      +     age 
12   -7.2195835    0.0547159 
13  -11.4711982    0.0958130 
21   -0.5299517   -0.0178975 
23  -11.7515734    0.1120382 

Considering the time needed for this last iteration #3: 1 seconds,
   - if your program needs 1 BIG iterations  (2 iterations) to converge, convergence will be 
   reached in 0 day(s) 0 hour(s) 0 minute(s) -1 second(s) i.e.
   on Tue Feb 04 22:03:39 2025 (current time is Tue Feb 04 22:03:40 2025);
   - if your program needs 11 BIG iterations  (22 iterations) to converge, convergence will be 
   reached in 0 day(s) 0 hour(s) 0 minute(s) 19 second(s) i.e.
   on Tue Feb 04 22:03:59 2025 (current time is Tue Feb 04 22:03:40 2025);
   - if your program needs 21 BIG iterations  (42 iterations) to converge, convergence will be 
   reached in 0 day(s) 0 hour(s) 0 minute(s) 39 second(s) i.e.
   on Tue Feb 04 22:04:19 2025 (current time is Tue Feb 04 22:03:40 2025);
   - if your program needs 31 BIG iterations  (62 iterations) to converge, convergence will be 
   reached in 0 day(s) 0 hour(s) 0 minute(s) 59 second(s) i.e.
   on Tue Feb 04 22:04:39 2025 (current time is Tue Feb 04 22:03:40 2025);
1.........2.............3..........4..................5.........6...............7.........8...............................Gaining to use new average direction of P0 P8 instead of biggest increase direction 1 :

Powell iter=4 Big Iter=3 -2*LL=3264.824127568220 gain=0.373 1 sec. 3 sec.
#model=  1      +     age 
12   -7.2645007    0.0546936 
13  -11.4617219    0.0957391 
21   -0.5485564   -0.0178682 
23  -11.7596800    0.1120370 
1............................2.............3..........4..................5.........6...............7.........8.............Gaining to use new average direction of P0 P8 instead of biggest increase direction 4 :

Powell iter=5 Big Iter=3 -2*LL=3264.817020694714 gain=0.00711 1 sec. 4 sec.
#model=  1      +     age 
12   -7.2668974    0.0546749 
13  -11.4507751    0.0955950 
21   -0.5540012   -0.0178123 
23  -11.7598941    0.1120370 
1....................2.............3..........4......5.........6...............7..........8......
Powell iter=6 Big Iter=4 -2*LL=3264.810645138026 gain=0.00638 1 sec. 5 sec.
#model=  1      +     age 
12   -7.2690049    0.0547042 
13  -11.4399105    0.0955174 
21   -0.5577896   -0.0177570 
23  -11.7608233    0.1120351 
1......................2.............3............4......5........6...............7..................8............Gaining to use new average direction of P0 P8 instead of biggest increase direction 8 :

Powell iter=7 Big Iter=4 -2*LL=3264.749605571940 gain=0.061 1 sec. 6 sec.
#model=  1      +     age 
12   -7.3174831    0.0554143 
13  -11.2806705    0.0935105 
21   -0.6627937   -0.0163382 
23  -11.7551987    0.1120015 
1..................2.............3..........4......5.............6...............7..........8........directest= 0.056711328678 (if directest<0 or t<0 we include P0 Pn as new direction), t= -0.000011262253, f1= 3264.749605571940,f2= 3264.744321789071,f3= 3264.803627568787, del= 0.003939116953
f1-2f2+f3= 0.064589562585, f1-f2-del= 0.001344665915, f1-f3= -0.054021996847

Powell iter=8 Big Iter=5 -2*LL=3264.744321789071 gain=0.00528 1 sec. 7 sec.
#model=  1      +     age 
12   -7.3182528    0.0554530 
13  -11.2788062    0.0933891 
21   -0.6684552   -0.0162560 
23  -11.7530944    0.1120053 
1..................2.............3..........4......5.........6...............7..........8.........................Gaining to use new average direction of P0 P8 instead of biggest increase direction 2 :

Powell iter=9 Big Iter=5 -2*LL=3264.735063274648 gain=0.00926 1 sec. 8 sec.
#model=  1      +     age 
12   -7.3050976    0.0552559 
13  -11.2634051    0.0930536 
21   -0.6816582   -0.0160887 
23  -11.7557793    0.1120701 
1....................2.............3..........4......5..........6...............7..........8..............Gaining to use new average direction of P0 P8 instead of biggest increase direction 3 :

Powell iter=10 Big Iter=6 -2*LL=3264.723001168957 gain=0.0121 1 sec. 9 sec.
#model=  1      +     age 
12   -7.2848982    0.0549782 
13  -11.2287892    0.0925793 
21   -0.6983742   -0.0158685 
23  -11.7631916    0.1121678 
1..................2........3.......4......5..........6...............7..............8............Gaining to use new average direction of P0 P8 instead of biggest increase direction 8 :

Powell iter=11 Big Iter=6 -2*LL=3264.715617530545 gain=0.00738 1 sec. 10 sec.
#model=  1      +     age 
12   -7.2542446    0.0545690 
13  -11.2338484    0.0926064 
21   -0.6881578   -0.0160141 
23  -11.7715567    0.1122704 
1..................2........3......4......5.........6...............7.........8............Gaining to use new average direction of P0 P8 instead of biggest increase direction 3 :

Powell iter=12 Big Iter=7 -2*LL=3264.700491701854 gain=0.0151 0 sec. 10 sec.
#model=  1      +     age 
12   -7.2014420    0.0538572 
13  -11.2442625    0.0928098 
21   -0.6590929   -0.0164075 
23  -11.7891388    0.1124502 
1...................2.......3.....4.......5.........6...............7............8......
Powell iter=13 Big Iter=7 -2*LL=3264.693902892698 gain=0.00659 1 sec. 11 sec.
#model=  1      +     age 
12   -7.2016123    0.0538496 
13  -11.2246263    0.0926130 
21   -0.6643181   -0.0163318 
23  -11.7921787    0.1124751 
1..................2........3......4......5.........6...............7.............8.............Gaining to use new average direction of P0 P8 instead of biggest increase direction 3 :

Powell iter=14 Big Iter=8 -2*LL=3264.690110761210 gain=0.00379 1 sec. 12 sec.
#model=  1      +     age 
12   -7.2032111    0.0538596 
13  -11.2082296    0.0924949 
21   -0.6632470   -0.0163376 
23  -11.7959453    0.1124987 
1..................2........3.........4.........5.........6...............7..........8..........directest= 0.001262477489 (if directest<0 or t<0 we include P0 Pn as new direction), t= -0.000000000038, f1= 3264.690110761210,f2= 3264.689800320231,f3= 3264.691039642217, del= 0.000143642738
f1-2f2+f3= 0.001549762965, f1-f2-del= 0.000166798241, f1-f3= -0.000928881007

Powell iter=15 Big Iter=8 -2*LL=3264.689800320231 gain=0.00031 0 sec. 12 sec.
#model=  1      +     age 
12   -7.2031861    0.0538604 
13  -11.2105159    0.0925259 
21   -0.6606703   -0.0163722 
23  -11.7961123    0.1124999 
1..................2.........3..........4............5.........6...............7............8.........................Gaining to use new average direction of P0 P8 instead of biggest increase direction 6 :

Powell iter=16 Big Iter=9 -2*LL=3264.685055073058 gain=0.00475 1 sec. 13 sec.
#model=  1      +     age 
12   -7.2161219    0.0540508 
13  -11.2178889    0.0926195 
21   -0.6258698   -0.0168386 
23  -11.8004763    0.1125523 
1...................2........3.......4.......5.........6.......7...............8......
Powell iter=17 Big Iter=9 -2*LL=3264.681563301082 gain=0.00349 0 sec. 13 sec.
#model=  1      +     age 
12   -7.2145108    0.0540261 
13  -11.2028704    0.0924146 
21   -0.6215556   -0.0168908 
23  -11.8054064    0.1126156 
1...................2........3......4......5..................6.........7.........8............Gaining to use new average direction of P0 P8 instead of biggest increase direction 2 :

Powell iter=18 Big Iter=10 -2*LL=3264.672188684732 gain=0.00937 0 sec. 13 sec.
#model=  1      +     age 
12   -7.2104139    0.0539682 
13  -11.1094144    0.0911474 
21   -0.6026321   -0.0171568 
23  -11.8335036    0.1129769 
1...................2..............3.........4.......................5.............6..............7...........8...............directest= 0.006734472747 (if directest<0 or t<0 we include P0 Pn as new direction), t= -0.000000000344, f1= 3264.672188684732,f2= 3264.672168166896,f3= 3264.678897521336, del= 0.000007699765
f1-2f2+f3= 0.006749872277, f1-f2-del= 0.000012818072, f1-f3= -0.006708836604

Powell iter=19 Big Iter=10 -2*LL=3264.672168166896 gain=2.05e-005 1 sec. 14 sec.
#model=  1      +     age 
12   -7.2115280    0.0539835 
13  -11.1091818    0.0911430 
21   -0.6031160   -0.0171512 
23  -11.8335575    0.1129781 
1..................2................3............4.........5..................6................7..............8..................Gaining to use new average direction of P0 P8 instead of biggest increase direction 1 :

Powell iter=20 Big Iter=11 -2*LL=3264.671783356734 gain=0.000385 0 sec. 14 sec.
#model=  1      +     age 
12   -7.2135511    0.0540093 
13  -11.1041467    0.0910763 
21   -0.6136523   -0.0170047 
23  -11.8493391    0.1131702 
1..............2......3.......4........5...........6.............7....................8......
Powell iter=21 Big Iter=11 -2*LL=3264.671326106241 gain=0.000457 1 sec. 15 sec.
#model=  1      +     age 
12   -7.2138033    0.0540134 
13  -11.1026558    0.0910576 
21   -0.6119551   -0.0170282 
23  -11.8622020    0.1133248 
1..........2......3................4........5...........6........................7....................8............Gaining to use new average direction of P0 P8 instead of biggest increase direction 2 :

Powell iter=22 Big Iter=12 -2*LL=3264.670437803202 gain=0.000888 0 sec. 15 sec.
#model=  1      +     age 
12   -7.2159647    0.0540448 
13  -11.1015820    0.0910487 
21   -0.6055269   -0.0171157 
23  -11.9160940    0.1139713 
1..............2...............3.............4............5..................6.................7...............8................directest= 0.000583322029 (if directest<0 or t<0 we include P0 Pn as new direction), t= -0.000000000000, f1= 3264.670437803202,f2= 3264.670437660231,f3= 3264.671021027548, del= 0.000000094130
f1-2f2+f3= 0.000583510289, f1-f2-del= 0.000000048842, f1-f3= -0.000583224346

Powell iter=23 Big Iter=12 -2*LL=3264.670437660231 gain=1.43e-007 0 sec. 15 sec.
#model=  1      +     age 
12   -7.2158075    0.0540424 
13  -11.1015272    0.0910480 
21   -0.6054584   -0.0171167 
23  -11.9161714    0.1139720 
1.............2......................3..............4.............5...................6....................7.....................8..........................
Powell iter=24 Big Iter=13 -2*LL=3264.670437651956 gain=8.28e-009 1 sec. 16 sec.
#model=  1      +     age 
12   -7.2157841    0.0540421 
13  -11.1015684    0.0910486 
21   -0.6054821   -0.0171163 
23  -11.9161911    0.1139722 
1...................2....................3...................4......................................5...................6...........................7...................8...............................
Powell iter=25 Big Iter=13 -2*LL=3264.670437651692 gain=2.64e-010 1 sec. 17 sec.
#model=  1      +     age 
12   -7.2157819    0.0540421 
13  -11.1015745    0.0910486 
21   -0.6054874   -0.0171163 
23  -11.9161974    0.1139723 
1..............................2..........................................3...............................4..............................5....................6..............................7......................8................................directest= 0.000000000007 (if directest<0 or t<0 we include P0 Pn as new direction), t= -0.000000000000, f1= 3264.670437651692,f2= 3264.670437651691,f3= 3264.670437651699, del= 0.000000000001
f1-2f2+f3= 0.000000000010, f1-f2-del= 0.000000000000, f1-f3= -0.000000000007

Powell iter=26 Big Iter=14 -2*LL=3264.670437651691 gain=1.36e-012 1 sec. 18 sec.
#model=  1      +     age 
12   -7.2157819    0.0540421 
13  -11.1015745    0.0910486 
21   -0.6054874   -0.0171163 
23  -11.9161974    0.1139723 
1..............................2..........................................3...............................4..............................5....................6..............................7......................8................................
#Number of iterations & function calls = 26 & 3691, -2 Log likelihood = 3264.670437651691
# Parameters nlstate*nlstate*ncov a12*1 + b12 * age + ...
#model=  1      +     age 
12   -7.2157819    0.0540421 
13  -11.1015745    0.0910486 
21   -0.6054874   -0.0171163 
23  -11.9161974    0.1139723 

Calculation of the hessian matrix. Wait...
1-2-3-4-5-6-7-8-.1-2.1-3.1-4.1-5.1-6.1-7.1-8.2-3.2-4.2-5.2-6.2-7.2-8.3-4.3-5.3-6.3-7.3-8.4-5.4-6.4-7.4-8.5-6.5-7.5-8.6-7.6-8.7-8

Inverting the hessian to get the covariance matrix. Wait...

#Hessian matrix#
1.847986e+002 1.333734e+004 6.855557e+000 5.736059e+002 -3.890300e+001 -2.825466e+003 -8.483337e+000 -6.937614e+002 
1.333734e+004 9.807791e+005 5.664505e+002 4.788400e+004 -2.818906e+003 -2.086513e+005 -6.905577e+002 -5.712389e+004 
6.855557e+000 5.664505e+002 6.818637e+001 5.133468e+003 -8.645497e+000 -6.857752e+002 1.449183e+001 1.169897e+003 
5.736059e+002 4.788400e+004 5.133468e+003 3.923812e+005 -6.908633e+002 -5.551731e+004 1.169452e+003 9.551951e+004 
-3.890300e+001 -2.818906e+003 -8.645497e+000 -6.908633e+002 1.244171e+002 9.079239e+003 -1.541432e+000 -1.502002e+002 
-2.825466e+003 -2.086513e+005 -6.857752e+002 -5.551731e+004 9.079239e+003 6.768306e+005 -1.521117e+002 -1.413027e+004 
-8.483337e+000 -6.905577e+002 1.449183e+001 1.169452e+003 -1.541432e+000 -1.521117e+002 5.739729e+001 4.778187e+003 
-6.937614e+002 -5.712389e+004 1.169897e+003 9.551951e+004 -1.502002e+002 -1.413027e+004 4.778187e+003 3.996536e+005 
Parameters, Wald tests and Wald-based confidence intervals
 W is simply the result of the division of the parameter by the square root of covariance of the parameter.
 And Wald-based confidence intervals plus and minus 1.96 * W 
  It might be better to visualize the covariance matrix. See the page 'Matrix of variance-covariance of one-step probabilities' and its graphs.
12   -7.2157819(   0.5656663) W= -12.756 CI=[  -8.3244878 ;   -6.1070760]    0.0540421(   0.0077855) W=   6.941 CI=[   0.0387824 ;    0.0693017] 
13  -11.1015745(   1.0511648) W= -10.561 CI=[ -13.1618575 ;   -9.0412915]    0.0910486(   0.0139016) W=   6.549 CI=[   0.0638014 ;    0.1182959] 
21   -0.6054874(   0.6393911) W=  -0.947 CI=[  -1.8586940 ;    0.6477192]   -0.0171163(   0.0086756) W=  -1.973 CI=[  -0.0341204 ;   -0.0001121] 
23  -11.9161974(   2.0263368) W=  -5.881 CI=[ -15.8878176 ;   -7.9445772]    0.1139723(   0.0243286) W=   4.685 CI=[   0.0662883 ;    0.1616563] 
# Scales (for hessian or gradient estimation)
12 1.00000e-004 1.00000e-005
13 1.00000e-003 1.00000e-005
21 1.00000e-004 1.00000e-005
23 1.00000e-003 1.00000e-005
# Covariance matrix 
# 121 Var(a12)
# 122 Cov(b12,a12) Var(b12)
#   ...
# 232 Cov(b23,a12)  Cov(b23,b12) ... Var (b23)
#121 Var(a12)
#122 Cov(b12,a12) Var(b12)
#131 Cov(a13,a12) Cov(a13,b12) Var(a13)
#132 Cov(b13,a12) Cov(b13,b12) Cov(b13,a13) Var(b13)
#211 Cov(a21,a12) Cov(a21,b12) Cov(a21,a13) Cov(a21,b13) Var(a21)
#212 Cov(b21,a12) Cov(b21,b12) Cov(b21,a13) Cov(b21,b13) Cov(b21,a21) Var(b21)
#231 Cov(a23,a12) Cov(a23,b12) Cov(a23,a13) Cov(a23,b13) Cov(a23,a21) Cov(a23,b21) Var(a23)
#232 Cov(b23,a12) Cov(b23,b12) Cov(b23,a13) Cov(b23,b13) Cov(b23,a21) Cov(b23,b21) Cov(b23,a23) Var(b23)
121 3.1997831e-001
122 -4.36334e-003 6.0614587e-005
131 -6.57660e-002 9.69928e-004 1.1049474e+000
132 9.30390e-004 -1.37865e-005 -1.45068e-002 1.9325553e-004
211 8.38857e-002 -1.13138e-003 4.98170e-002 -6.80499e-004 4.0882099e-001
212 -1.13017e-003 1.55759e-005 -6.93675e-004 9.63884e-006 -5.48783e-003 7.5265957e-005
231 1.20831e-001 -1.66335e-003 -6.13561e-001 7.78046e-003 -4.01909e-002 4.43321e-004 4.1060410e+000
232 -1.55114e-003 2.15576e-005 7.58703e-003 -9.70160e-005 4.40852e-004 -4.71032e-006 -4.91820e-002 5.9187972e-004
# agemin agemax for life expectancy, bage fage (if mle==0 ie no data nor Max likelihood).
# Observed prevalence period
begin-prev-date=1/1/2016 end-prev-date=1/9/2018 mov_average=0
# Health expectancies computed from stable (period) prevalence (pop_based=0) or population based (1)
pop_based=0
# Prevalence forecasting and backcasting is skept here
##prevforecast=0  starting-proj-date=1/1/1989 final-proj-date=1/1/1990 mobil_average=0
#prevforecast=1 yearsfproj=10 mobil_average=0
#prevbackcast=1 yearsbproj=10 mobil_average=1
result:  .
End of resultlines.

Computing forward period (stable) prevalence: result on file 'PL_EEFadl.txt' 
#************
Computing pij: result on file 'PIJ_EEFadl.txt' 
Computing standard deviation of one-step probabilities: result on file 'PROB_rEEFadl.txt' 
Computing matrix of variance covariance of one-step probabilities: result on file 'PROBCOV_EEFadl.txt' 
and correlation matrix of one-step probabilities: result on file 'PROBCOR_EEFadl.txt' 
50 13-12 mu 2.8277e-003 2.1648e-002 Var 1.0965e-006 1.6139e-005 cor -0.083 cov -3.5035e-007 Eig 1.615e-005 1.088e-006 1stv 0.023 -1.000 tan -42.959
55 13-12 mu 4.4394e-003 2.8246e-002 Var 1.8421e-006 1.8134e-005 cor -0.075 cov -4.3110e-007 Eig 1.815e-005 1.831e-006 1stv 0.026 -1.000 tan -37.817
60 13-12 mu 6.9596e-003 3.6801e-002 Var 2.8814e-006 1.9053e-005 cor -0.063 cov -4.6604e-007 Eig 1.907e-005 2.868e-006 1stv 0.029 -1.000 tan -34.730
65 13-12 mu 1.0888e-002 4.7849e-002 Var 4.1739e-006 1.9300e-005 cor -0.051 cov -4.5753e-007 Eig 1.931e-005 4.160e-006 1stv 0.030 -1.000 tan -33.090
70 13-12 mu 1.6986e-002 6.2038e-002 Var 5.9480e-006 2.2151e-005 cor -0.059 cov -6.8145e-007 Eig 2.218e-005 5.919e-006 1stv 0.042 -0.999 tan -23.819
75 13-12 mu 2.6397e-002 8.0122e-002 Var 1.0898e-005 3.8213e-005 cor -0.125 cov -2.5504e-006 Eig 3.845e-005 1.066e-005 1stv 0.092 -0.996 tan -10.803
80 13-12 mu 4.0799e-002 1.0292e-001 Var 3.3424e-005 9.4083e-005 cor -0.204 cov -1.1452e-005 Eig 9.617e-005 3.133e-005 1stv 0.180 -0.984 tan -5.479
85 13-12 mu 6.2586e-002 1.3121e-001 Var 1.3105e-004 2.4724e-004 cor -0.253 cov -4.5515e-005 Eig 2.629e-004 1.153e-004 1stv 0.326 -0.945 tan -2.898
90 13-12 mu 9.5022e-002 1.6556e-001 Var 4.9474e-004 6.0827e-004 cor -0.294 cov -1.6106e-004 Eig 7.223e-004 3.807e-004 1stv 0.578 -0.816 tan -1.413
50 21-12 mu 3.7593e-001 2.1648e-002 Var 4.4951e-003 1.6139e-005 cor 0.236 cov 6.3491e-005 Eig 4.496e-003 1.524e-005 1stv 1.000 0.014 tan 0.014
55 21-12 mu 3.5006e-001 2.8246e-002 Var 2.7426e-003 1.8134e-005 cor 0.237 cov 5.2894e-005 Eig 2.744e-003 1.711e-005 1stv 1.000 0.019 tan 0.019
60 21-12 mu 3.2529e-001 3.6801e-002 Var 1.5805e-003 1.9053e-005 cor 0.239 cov 4.1558e-005 Eig 1.582e-003 1.795e-005 1stv 1.000 0.027 tan 0.027
65 21-12 mu 3.0143e-001 4.7849e-002 Var 8.8370e-004 1.9300e-005 cor 0.243 cov 3.1718e-005 Eig 8.849e-004 1.814e-005 1stv 0.999 0.037 tan 0.037
70 21-12 mu 2.7817e-001 6.2038e-002 Var 5.4051e-004 2.2151e-005 cor 0.245 cov 2.6808e-005 Eig 5.419e-004 2.077e-005 1stv 0.999 0.052 tan 0.052
75 21-12 mu 2.5504e-001 8.0122e-002 Var 4.5090e-004 3.8213e-005 cor 0.239 cov 3.1395e-005 Eig 4.533e-004 3.584e-005 1stv 0.997 0.075 tan 0.076
80 21-12 mu 2.3138e-001 1.0292e-001 Var 5.2360e-004 9.4083e-005 cor 0.226 cov 5.0210e-005 Eig 5.294e-004 8.829e-005 1stv 0.993 0.115 tan 0.115
85 21-12 mu 2.0631e-001 1.3121e-001 Var 6.7471e-004 2.4724e-004 cor 0.208 cov 8.5037e-005 Eig 6.910e-004 2.309e-004 1stv 0.982 0.188 tan 0.192
90 21-12 mu 1.7892e-001 1.6556e-001 Var 8.3572e-004 6.0827e-004 cor 0.180 cov 1.2804e-004 Eig 8.932e-004 5.507e-004 1stv 0.912 0.410 tan 0.449
50 23-12 mu 3.2321e-003 2.1648e-002 Var 6.9989e-006 1.6139e-005 cor 0.080 cov 8.4938e-007 Eig 1.622e-005 6.921e-006 1stv 0.092 0.996 tan 10.853
55 23-12 mu 5.7965e-003 2.8246e-002 Var 1.6352e-005 1.8134e-005 cor 0.077 cov 1.3238e-006 Eig 1.884e-005 1.565e-005 1stv 0.470 0.883 tan 1.878
60 23-12 mu 1.0374e-002 3.6801e-002 Var 3.5880e-005 1.9053e-005 cor 0.072 cov 1.8706e-006 Eig 3.609e-005 1.885e-005 1stv 0.994 0.109 tan 0.110
65 23-12 mu 1.8515e-002 4.7849e-002 Var 7.2068e-005 1.9300e-005 cor 0.062 cov 2.3119e-006 Eig 7.217e-005 1.920e-005 1stv 0.999 0.044 tan 0.044
70 23-12 mu 3.2908e-002 6.2038e-002 Var 1.2712e-004 2.2151e-005 cor 0.048 cov 2.5244e-006 Eig 1.272e-004 2.209e-005 1stv 1.000 0.024 tan 0.024
75 23-12 mu 5.8110e-002 8.0122e-002 Var 1.8564e-004 3.8213e-005 cor 0.044 cov 3.6997e-006 Eig 1.857e-004 3.812e-005 1stv 1.000 0.025 tan 0.025
80 23-12 mu 1.0154e-001 1.0292e-001 Var 2.3255e-004 9.4083e-005 cor 0.091 cov 1.3464e-005 Eig 2.338e-004 9.279e-005 1stv 0.995 0.096 tan 0.096
85 23-12 mu 1.7437e-001 1.3121e-001 Var 5.4387e-004 2.4724e-004 cor 0.169 cov 6.1792e-005 Eig 5.562e-004 2.349e-004 1stv 0.981 0.196 tan 0.200
90 23-12 mu 2.9126e-001 1.6556e-001 Var 2.9462e-003 6.0827e-004 cor 0.179 cov 2.3919e-004 Eig 2.970e-003 5.840e-004 1stv 0.995 0.101 tan 0.101
50 21-13 mu 3.7593e-001 2.8277e-003 Var 4.4951e-003 1.0965e-006 cor 0.065 cov 4.5465e-006 Eig 4.495e-003 1.092e-006 1stv 1.000 0.001 tan 0.001
55 21-13 mu 3.5006e-001 4.4394e-003 Var 2.7426e-003 1.8421e-006 cor 0.063 cov 4.5013e-006 Eig 2.743e-003 1.835e-006 1stv 1.000 0.002 tan 0.002
60 21-13 mu 3.2529e-001 6.9596e-003 Var 1.5805e-003 2.8814e-006 cor 0.063 cov 4.2330e-006 Eig 1.580e-003 2.870e-006 1stv 1.000 0.003 tan 0.003
65 21-13 mu 3.0143e-001 1.0888e-002 Var 8.8370e-004 4.1739e-006 cor 0.065 cov 3.9463e-006 Eig 8.837e-004 4.156e-006 1stv 1.000 0.004 tan 0.004
70 21-13 mu 2.7817e-001 1.6986e-002 Var 5.4051e-004 5.9480e-006 cor 0.075 cov 4.2314e-006 Eig 5.405e-004 5.914e-006 1stv 1.000 0.008 tan 0.008
75 21-13 mu 2.5504e-001 2.6397e-002 Var 4.5090e-004 1.0898e-005 cor 0.093 cov 6.4966e-006 Eig 4.510e-004 1.080e-005 1stv 1.000 0.015 tan 0.015
80 21-13 mu 2.3138e-001 4.0799e-002 Var 5.2360e-004 3.3424e-005 cor 0.107 cov 1.4132e-005 Eig 5.240e-004 3.302e-005 1stv 1.000 0.029 tan 0.029
85 21-13 mu 2.0631e-001 6.2586e-002 Var 6.7471e-004 1.3105e-004 cor 0.121 cov 3.5836e-005 Eig 6.771e-004 1.287e-004 1stv 0.998 0.065 tan 0.066
90 21-13 mu 1.7892e-001 9.5022e-002 Var 8.3572e-004 4.9474e-004 cor 0.146 cov 9.3558e-005 Eig 8.597e-004 4.708e-004 1stv 0.969 0.248 tan 0.256
50 23-13 mu 3.2321e-003 2.8277e-003 Var 6.9989e-006 1.0965e-006 cor -0.292 cov -8.0945e-007 Eig 7.108e-006 9.875e-007 1stv 0.991 -0.133 tan -0.135
55 23-13 mu 5.7965e-003 4.4394e-003 Var 1.6352e-005 1.8421e-006 cor -0.292 cov -1.6010e-006 Eig 1.653e-005 1.668e-006 1stv 0.994 -0.108 tan -0.109
60 23-13 mu 1.0374e-002 6.9596e-003 Var 3.5880e-005 2.8814e-006 cor -0.290 cov -2.9487e-006 Eig 3.614e-005 2.620e-006 1stv 0.996 -0.088 tan -0.089
65 23-13 mu 1.8515e-002 1.0888e-002 Var 7.2068e-005 4.1739e-006 cor -0.284 cov -4.9292e-006 Eig 7.242e-005 3.818e-006 1stv 0.997 -0.072 tan -0.072
70 23-13 mu 3.2908e-002 1.6986e-002 Var 1.2712e-004 5.9480e-006 cor -0.265 cov -7.2900e-006 Eig 1.276e-004 5.511e-006 1stv 0.998 -0.060 tan -0.060
75 23-13 mu 5.8110e-002 2.6397e-002 Var 1.8564e-004 1.0898e-005 cor -0.225 cov -1.0101e-005 Eig 1.862e-004 1.032e-005 1stv 0.998 -0.058 tan -0.058
80 23-13 mu 1.0154e-001 4.0799e-002 Var 2.3255e-004 3.3424e-005 cor -0.233 cov -2.0513e-005 Eig 2.346e-004 3.133e-005 1stv 0.995 -0.101 tan -0.102
85 23-13 mu 1.7437e-001 6.2586e-002 Var 5.4387e-004 1.3105e-004 cor -0.317 cov -8.4535e-005 Eig 5.605e-004 1.144e-004 1stv 0.981 -0.193 tan -0.197
90 23-13 mu 2.9126e-001 9.5022e-002 Var 2.9462e-003 4.9474e-004 cor -0.321 cov -3.8812e-004 Eig 3.006e-003 4.348e-004 1stv 0.988 -0.153 tan -0.155
50 23-21 mu 3.2321e-003 3.7593e-001 Var 6.9989e-006 4.4951e-003 cor -0.101 cov -1.7893e-005 Eig 4.495e-003 6.928e-006 1stv 0.004 -1.000 tan -250.834
55 23-21 mu 5.7965e-003 3.5006e-001 Var 1.6352e-005 2.7426e-003 cor -0.105 cov -2.2178e-005 Eig 2.743e-003 1.617e-005 1stv 0.008 -1.000 tan -122.937
60 23-21 mu 1.0374e-002 3.2529e-001 Var 3.5880e-005 1.5805e-003 cor -0.114 cov -2.7125e-005 Eig 1.581e-003 3.540e-005 1stv 0.018 -1.000 tan -56.962
65 23-21 mu 1.8515e-002 3.0143e-001 Var 7.2068e-005 8.8370e-004 cor -0.130 cov -3.2807e-005 Eig 8.850e-004 7.074e-005 1stv 0.040 -0.999 tan -24.780
70 23-21 mu 3.2908e-002 2.7817e-001 Var 1.2712e-004 5.4051e-004 cor -0.148 cov -3.8834e-005 Eig 5.441e-004 1.235e-004 1stv 0.093 -0.996 tan -10.738
75 23-21 mu 5.8110e-002 2.5504e-001 Var 1.8564e-004 4.5090e-004 cor -0.152 cov -4.3851e-005 Eig 4.580e-004 1.786e-004 1stv 0.159 -0.987 tan -6.210
80 23-21 mu 1.0154e-001 2.3138e-001 Var 2.3255e-004 5.2360e-004 cor -0.144 cov -5.0331e-005 Eig 5.321e-004 2.241e-004 1stv 0.166 -0.986 tan -5.951
85 23-21 mu 1.7437e-001 2.0631e-001 Var 5.4387e-004 6.7471e-004 cor -0.164 cov -9.9121e-005 Eig 7.281e-004 4.905e-004 1stv 0.474 -0.881 tan -1.858
90 23-21 mu 2.9126e-001 1.7892e-001 Var 2.9462e-003 8.3572e-004 cor -0.247 cov -3.8742e-004 Eig 3.015e-003 7.668e-004 1stv 0.985 -0.175 tan -0.178
Prevalence combination of varying and fixed dummies 1
Warning Observed prevalence doesn't sum to 1 for state 2: probs[50][2][1]=0.000000 because of lack of cases.
Warning Observed prevalence doesn't sum to 1 for state 1: probs[51][1][1]=0.000000 because of lack of cases.
Warning Observed prevalence doesn't sum to 1 for state 2: probs[51][2][1]=0.000000 because of lack of cases.
Warning Observed prevalence doesn't sum to 1 for state 1: probs[52][1][1]=0.000000 because of lack of cases.
Warning Observed prevalence doesn't sum to 1 for state 2: probs[52][2][1]=0.000000 because of lack of cases.
Warning Observed prevalence doesn't sum to 1 for state 1: probs[53][1][1]=0.000000 because of lack of cases.
Warning Observed prevalence doesn't sum to 1 for state 2: probs[53][2][1]=0.000000 because of lack of cases.
Warning Observed prevalence doesn't sum to 1 for state 1: probs[54][1][1]=0.000000 because of lack of cases.
Warning Observed prevalence doesn't sum to 1 for state 2: probs[54][2][1]=0.000000 because of lack of cases.
Warning Observed prevalence doesn't sum to 1 for state 1: probs[55][1][1]=0.000000 because of lack of cases.
Warning Observed prevalence doesn't sum to 1 for state 2: probs[55][2][1]=0.000000 because of lack of cases.
Warning Observed prevalence doesn't sum to 1 for state 1: probs[56][1][1]=0.000000 because of lack of cases.
Warning Observed prevalence doesn't sum to 1 for state 2: probs[56][2][1]=0.000000 because of lack of cases.
Warning Observed prevalence doesn't sum to 1 for state 1: probs[57][1][1]=0.000000 because of lack of cases.
Warning Observed prevalence doesn't sum to 1 for state 2: probs[57][2][1]=0.000000 because of lack of cases.
Warning Observed prevalence doesn't sum to 1 for state 1: probs[58][1][1]=0.000000 because of lack of cases.
Warning Observed prevalence doesn't sum to 1 for state 2: probs[58][2][1]=0.000000 because of lack of cases.
Warning Observed prevalence doesn't sum to 1 for state 1: probs[59][1][1]=0.000000 because of lack of cases.
Warning Observed prevalence doesn't sum to 1 for state 2: probs[59][2][1]=0.000000 because of lack of cases.
Warning Observed prevalence doesn't sum to 1 for state 1: probs[60][1][1]=0.000000 because of lack of cases.
Warning Observed prevalence doesn't sum to 1 for state 2: probs[60][2][1]=0.000000 because of lack of cases.
Warning Observed prevalence doesn't sum to 1 for state 1: probs[61][1][1]=0.000000 because of lack of cases.
Warning Observed prevalence doesn't sum to 1 for state 2: probs[61][2][1]=0.000000 because of lack of cases.
Warning Observed prevalence doesn't sum to 1 for state 1: probs[62][1][1]=0.000000 because of lack of cases.
Warning Observed prevalence doesn't sum to 1 for state 2: probs[62][2][1]=0.000000 because of lack of cases.
Warning Observed prevalence doesn't sum to 1 for state 1: probs[63][1][1]=0.000000 because of lack of cases.
Warning Observed prevalence doesn't sum to 1 for state 2: probs[63][2][1]=0.000000 because of lack of cases.
Warning Observed prevalence doesn't sum to 1 for state 1: probs[64][1][1]=0.000000 because of lack of cases.
Warning Observed prevalence doesn't sum to 1 for state 2: probs[64][2][1]=0.000000 because of lack of cases.
Warning Observed prevalence doesn't sum to 1 for state 1: probs[65][1][1]=0.000000 because of lack of cases.
Warning Observed prevalence doesn't sum to 1 for state 2: probs[65][2][1]=0.000000 because of lack of cases.
Warning Observed prevalence doesn't sum to 1 for state 1: probs[66][1][1]=0.000000 because of lack of cases.
Warning Observed prevalence doesn't sum to 1 for state 2: probs[66][2][1]=0.000000 because of lack of cases.
Warning Observed prevalence doesn't sum to 1 for state 1: probs[67][1][1]=0.000000 because of lack of cases.
Warning Observed prevalence doesn't sum to 1 for state 2: probs[67][2][1]=0.000000 because of lack of cases.
Warning Observed prevalence doesn't sum to 1 for state 1: probs[68][1][1]=0.000000 because of lack of cases.
Warning Observed prevalence doesn't sum to 1 for state 2: probs[68][2][1]=0.000000 because of lack of cases.
Warning Observed prevalence doesn't sum to 1 for state 1: probs[69][1][1]=0.000000 because of lack of cases.
Warning Observed prevalence doesn't sum to 1 for state 2: probs[69][2][1]=0.000000 because of lack of cases.
Warning Observed prevalence doesn't sum to 1 for state 1: probs[70][1][1]=0.000000 because of lack of cases.
Warning Observed prevalence doesn't sum to 1 for state 2: probs[70][2][1]=0.000000 because of lack of cases.
Warning Observed prevalence doesn't sum to 1 for state 1: probs[71][1][1]=0.000000 because of lack of cases.
Warning Observed prevalence doesn't sum to 1 for state 2: probs[71][2][1]=0.000000 because of lack of cases.
Warning Observed prevalence doesn't sum to 1 for state 1: probs[72][1][1]=0.000000 because of lack of cases.
Warning Observed prevalence doesn't sum to 1 for state 2: probs[72][2][1]=0.000000 because of lack of cases.
Warning Observed prevalence doesn't sum to 1 for state 1: probs[73][1][1]=0.000000 because of lack of cases.
Warning Observed prevalence doesn't sum to 1 for state 2: probs[73][2][1]=0.000000 because of lack of cases.
Warning Observed prevalence doesn't sum to 1 for state 1: probs[74][1][1]=0.000000 because of lack of cases.
Warning Observed prevalence doesn't sum to 1 for state 2: probs[74][2][1]=0.000000 because of lack of cases.
Warning Observed prevalence doesn't sum to 1 for state 1: probs[75][1][1]=0.000000 because of lack of cases.
Warning Observed prevalence doesn't sum to 1 for state 2: probs[75][2][1]=0.000000 because of lack of cases.
Warning Observed prevalence doesn't sum to 1 for state 1: probs[76][1][1]=0.000000 because of lack of cases.
Warning Observed prevalence doesn't sum to 1 for state 2: probs[76][2][1]=0.000000 because of lack of cases.
Warning Observed prevalence doesn't sum to 1 for state 1: probs[77][1][1]=0.000000 because of lack of cases.
Warning Observed prevalence doesn't sum to 1 for state 2: probs[77][2][1]=0.000000 because of lack of cases.
Warning Observed prevalence doesn't sum to 1 for state 1: probs[78][1][1]=0.000000 because of lack of cases.
Warning Observed prevalence doesn't sum to 1 for state 2: probs[78][2][1]=0.000000 because of lack of cases.
Warning Observed prevalence doesn't sum to 1 for state 1: probs[79][1][1]=0.000000 because of lack of cases.
Warning Observed prevalence doesn't sum to 1 for state 2: probs[79][2][1]=0.000000 because of lack of cases.
Warning Observed prevalence doesn't sum to 1 for state 1: probs[80][1][1]=0.000000 because of lack of cases.
Warning Observed prevalence doesn't sum to 1 for state 2: probs[80][2][1]=0.000000 because of lack of cases.
Warning Observed prevalence doesn't sum to 1 for state 1: probs[81][1][1]=0.000000 because of lack of cases.
Warning Observed prevalence doesn't sum to 1 for state 2: probs[81][2][1]=0.000000 because of lack of cases.
Warning Observed prevalence doesn't sum to 1 for state 1: probs[82][1][1]=0.000000 because of lack of cases.
Warning Observed prevalence doesn't sum to 1 for state 2: probs[82][2][1]=0.000000 because of lack of cases.
Warning Observed prevalence doesn't sum to 1 for state 1: probs[83][1][1]=0.000000 because of lack of cases.
Warning Observed prevalence doesn't sum to 1 for state 2: probs[83][2][1]=0.000000 because of lack of cases.
Warning Observed prevalence doesn't sum to 1 for state 1: probs[84][1][1]=0.000000 because of lack of cases.
Warning Observed prevalence doesn't sum to 1 for state 2: probs[84][2][1]=0.000000 because of lack of cases.
Warning Observed prevalence doesn't sum to 1 for state 1: probs[85][1][1]=0.000000 because of lack of cases.
Warning Observed prevalence doesn't sum to 1 for state 2: probs[85][2][1]=0.000000 because of lack of cases.
Warning Observed prevalence doesn't sum to 1 for state 1: probs[86][1][1]=0.000000 because of lack of cases.
Warning Observed prevalence doesn't sum to 1 for state 2: probs[86][2][1]=0.000000 because of lack of cases.
Warning Observed prevalence doesn't sum to 1 for state 1: probs[87][1][1]=0.000000 because of lack of cases.
Warning Observed prevalence doesn't sum to 1 for state 2: probs[87][2][1]=0.000000 because of lack of cases.
Warning Observed prevalence doesn't sum to 1 for state 1: probs[88][1][1]=0.000000 because of lack of cases.
Warning Observed prevalence doesn't sum to 1 for state 2: probs[88][2][1]=0.000000 because of lack of cases.
Warning Observed prevalence doesn't sum to 1 for state 1: probs[89][1][1]=0.000000 because of lack of cases.
Warning Observed prevalence doesn't sum to 1 for state 2: probs[89][2][1]=0.000000 because of lack of cases.
Warning Observed prevalence doesn't sum to 1 for state 1: probs[90][1][1]=0.000000 because of lack of cases.
Warning Observed prevalence doesn't sum to 1 for state 2: probs[90][2][1]=0.000000 because of lack of cases.
Computing Health Expectancies: result on file 'E_EEFadl.txt' ...50|51|52|53|54|55|56|57|58|59|60|61|62|63|64|65|66|67|68|69|70|71|72|73|74|75|76|77|78|79|80|81|82|83|84|85|86|87|88|89|90|
done evsij
Computing Total Life expectancies with their standard errors: file 'T_EEFadl.txt' ...
  Computing State-specific Expectancies and standard errors: result on file 'STDE_EEFadl.txt' 
    Computing Covar. of State-specific Expectancies: result on file 'CVE_EEFadl.txt' 
      Computing Variance-covariance of State-specific Expectancies: file 'V_EEFadl.txt' ... 
# model  
#****** Result for:******
 cvevsij 50|51|52|53|54|55|56|57|58|59|60|61|62|63|64|65|66|67|68|69|70|71|72|73|74|75|76|77|78|79|80|81|82|83|84|85|86|87|88|89|90|
 end cvevsij 
 varevsij vpopbased=0 
Computing total mortality p.j=w1*p1j+w2*p2j+..: result on file 'PRMORPREV-1-STABLBASED_EEFadl.txt' 
Computing age specific forward period (stable) prevalences in each health state 
done selection
done State-specific expectancies
Computing Variance-covariance of forward period (stable) prevalence: file 'VPL_EEFadl.txt' ...
#****** ******
done variance-covariance of forward period prevalence
End of Imach
Local time at start Tue Feb 04 22:03:38 2025

Local time at end   Tue Feb 04 22:04:10 2025

Total time used 0 day(s) 0 hour(s) 0 minute(s) 32 second(s)
Total time was 32 Sec.
