Log filename:EEFchr.log
Version 0.99r45 $Revision: 1.353 $ $Date: 2023/05/08 18:48:22 $
Enter the parameter file name: 
pathimach=C:\PROGRA~1\IMACH-~2.99R\bin\
pathtot=C:\Users\mmusz\Dropbox\gender_paradox\data\IMACHnew\EEFchr.txt
 path=C:\Users\mmusz\Dropbox\gender_paradox\data\IMACHnew\ 
 optionfile=EEFchr.txt
 optionfilext=txt
 optionfilefiname='EEFchr'
Compiled with: Microsoft Visual Studio for Windows (x64 and x86)  64-bit
The programm is not running under WOW64 (i.e probably on a 64bit Windows).
Local time (at start): Tue Feb 04 22:21:37 2025
title=chr datafile=dataEEFchr.txt lastobs=5000 firstpass=1 lastpass=2
ftol=1.000000e-018 stepm=24 ncovcol=0 nqv=0 ntv=0 nqtv=0 nlstate=2 ndeath=1 maxwav=2 mle=1 weight=1
model=1+age+
# Parameters nlstate*nlstate*ncov a12*1 + b12 * age + ...
12 0.000000 0.000000
13 0.000000 0.000000
21 0.000000 0.000000
23 0.000000 0.000000
# Scales (for hessian or gradient estimation)
12 0.000000e+000 0.000000e+000
13 0.000000e+000 0.000000e+000
21 0.000000e+000 0.000000e+000
23 0.000000e+000 0.000000e+000
# Covariance matrix
121 0.00000e+000
122 0.00000e+000 0.00000e+000
131 0.00000e+000 0.00000e+000 0.00000e+000
132 0.00000e+000 0.00000e+000 0.00000e+000 0.00000e+000
211 0.00000e+000 0.00000e+000 0.00000e+000 0.00000e+000 0.00000e+000
212 0.00000e+000 0.00000e+000 0.00000e+000 0.00000e+000 0.00000e+000 0.00000e+000
231 0.00000e+000 0.00000e+000 0.00000e+000 0.00000e+000 0.00000e+000 0.00000e+000 0.00000e+000
232 0.00000e+000 0.00000e+000 0.00000e+000 0.00000e+000 0.00000e+000 0.00000e+000 0.00000e+000 0.00000e+000

Model=1+age+
Typevar: 0 for simple covariate (dummy, quantitative, fixed or varying), 1 for age product, 2 for  product, 3 for double product with age  
Fixed[k] 0=fixed (product or simple), 1 varying, 2 fixed with age product, 3 varying with age product 
Dummy[k] 0=dummy (0 1), 1 quantitative (single or product without age), 2 dummy with age product, 3 quant with age product
ncoveff=0, nqfveff=0, ntveff=0, nqtveff=0, cptcovn=0
ncovf=0, ncovv=0, ncova=0, nsd=0, nsq=0
Total number of individuals= 2866, Agemin = 51.08, Agemax= 92.92

Information, you have to check 0 informations which haven't been logged!
Delay (in months) between two waves Min=1 (for indiviudal 2374) Max=29 (1919) Mean=21.095604

 Age 51 1.=1 loss[1]=0.0% 2.=2 loss[2]=0.0% 1.=1 prev[1]=42.7% 2.=2 prev[2]=57.3% 11=1 12=1 21=0 22=1 23=0
Age 52 1.=1 loss[1]=0.0% 2.=2 loss[2]=0.0% 1.=1 prev[1]=27.3% 2.=2 prev[2]=72.7% 11=1 12=0 21=0 22=1
Age 53 1.=1 loss[1]=0.0% 2.=2 loss[2]=0.0% 1.=1 prev[1]=27.6% 2.=2 prev[2]=72.4% 11=1 12=0 21=0 22=1
Age 54 1.=1 loss[1]=0.0% 2.=2 loss[2]=0.0% 1.=1 prev[1]=30.4% 2.=2 prev[2]=69.6% 11=1 12=0 21=0 22=2
Age 55 1.=1 loss[1]=0.0% 2.=1 loss[2]=0.0% 1.=1 prev[1]=45.8% 2.=1 prev[2]=54.2% 11=1 12=0 21=0 22=1
Age 56 1.=1 loss[1]=0.0% 2.=2 loss[2]=0.0% 1.=1 prev[1]=39.3% 2.=2 prev[2]=60.7% 11=1 12=0 13=0 21=0 22=1
Age 57 1.=1 loss[1]=0.0% 2.=2 loss[2]=0.0% 1.=1 prev[1]=30.7% 2.=2 prev[2]=69.3% 11=1 12=0 21=0 22=2
Age 58 1.=1 loss[1]=0.0% 2.=2 loss[2]=0.0% 1.=1 prev[1]=32.7% 2.=2 prev[2]=67.3% 11=1 12=0 21=0 22=2 23=0
Age 59 1.=1 loss[1]=0.0% 2.=2 loss[2]=0.0% 1.=1 prev[1]=20.2% 2.=2 prev[2]=79.8% 11=0 12=0 21=0 22=2 23=0
Age 60 1.=1 loss[1]=0.0% 2.=2 loss[2]=0.0% 1.=1 prev[1]=25.2% 2.=2 prev[2]=74.8% 11=0 12=0 13=0 21=0 22=2 23=0
Age 61 1.=1 loss[1]=0.0% 2.=2 loss[2]=0.0% 1.=1 prev[1]=26.3% 2.=2 prev[2]=73.7% 11=1 12=0 21=0 22=2 23=0
Age 62 1.=0 loss[1]=0.0% 2.=2 loss[2]=0.0% 1.=0 prev[1]=11.6% 2.=2 prev[2]=88.4% 11=0 12=0 21=0 22=2 23=0
Age 63 1.=0 loss[1]=0.0% 2.=2 loss[2]=0.0% 1.=0 prev[1]=16.0% 2.=2 prev[2]=84.0% 11=0 12=0 21=0 22=2 23=0
Age 64 1.=0 loss[1]=0.0% 2.=2 loss[2]=0.0% 1.=0 prev[1]=17.7% 2.=2 prev[2]=82.3% 11=0 12=0 21=0 22=2 23=0
Age 65 1.=0 loss[1]=0.0% 2.=2 loss[2]=0.0% 1.=0 prev[1]=16.6% 2.=2 prev[2]=83.4% 11=0 12=0 21=0 22=2 23=0
Age 66 1.=0 loss[1]=0.0% 2.=2 loss[2]=0.0% 1.=0 prev[1]=19.0% 2.=2 prev[2]=81.0% 11=0 12=0 21=0 22=2 23=0
Age 67 1.=0 loss[1]=0.0% 2.=3 loss[2]=0.0% 1.=0 prev[1]=15.6% 2.=3 prev[2]=84.4% 11=0 12=0 21=0 22=2 23=0
Age 68 1.=0 loss[1]=0.0% 2.=2 loss[2]=0.0% 1.=0 prev[1]=14.1% 2.=2 prev[2]=85.9% 11=0 12=0 21=0 22=2
Age 69 1.=0 loss[1]=0.0% 2.=2 loss[2]=0.0% 1.=0 prev[1]=14.9% 2.=2 prev[2]=85.1% 11=0 12=0 21=0 22=2 23=0
Age 70 1.=0 loss[1]=0.0% 2.=2 loss[2]=0.0% 1.=0 prev[1]=8.8% 2.=2 prev[2]=91.2% 11=0 12=0 21=0 22=2
Age 71 1.=0 loss[1]=0.0% 2.=1 loss[2]=0.0% 1.=0 prev[1]=12.8% 2.=1 prev[2]=87.2% 11=0 12=0 21=0 22=1 23=0
Age 72 1.=0 loss[1]=0.0% 2.=2 loss[2]=0.0% 1.=0 prev[1]=12.3% 2.=2 prev[2]=87.7% 11=0 12=0 21=0 22=2 23=0
Age 73 1.=0 loss[1]=0.0% 2.=2 loss[2]=0.0% 1.=0 prev[1]=10.4% 2.=2 prev[2]=89.6% 11=0 12=0 13=0 21=0 22=2 23=0
Age 74 1.=0 loss[1]=0.0% 2.=2 loss[2]=0.0% 1.=0 prev[1]=10.4% 2.=2 prev[2]=89.6% 11=0 12=0 21=0 22=2 23=0
Age 75 1.=0 loss[1]=0.0% 2.=3 loss[2]=0.0% 1.=0 prev[1]=9.5% 2.=3 prev[2]=90.5% 11=0 12=0 21=0 22=2 23=0
Age 76 1.=0 loss[1]=0.0% 2.=2 loss[2]=0.0% 1.=0 prev[1]=5.0% 2.=2 prev[2]=95.0% 11=0 21=0 22=2 23=0
Age 77 1.=0 loss[1]=0.0% 2.=2 loss[2]=0.0% 1.=0 prev[1]=9.4% 2.=2 prev[2]=90.6% 11=0 12=0 13=0 21=0 22=2 23=0
Age 78 1.=0 loss[1]=0.0% 2.=2 loss[2]=0.0% 1.=0 prev[1]=5.7% 2.=2 prev[2]=94.3% 11=0 12=0 21=0 22=2 23=0
Age 79 1.=0 loss[1]=0.0% 2.=2 loss[2]=0.0% 1.=0 prev[1]=5.4% 2.=2 prev[2]=94.6% 11=0 12=0 13=0 21=0 22=2 23=0
Age 80 1.=0 loss[1]=0.0% 2.=2 loss[2]=0.0% 1.=0 prev[1]=6.7% 2.=2 prev[2]=93.3% 11=0 12=0 13=0 21=0 22=2 23=0
Age 81 1.=0 loss[1]=0.0% 2.=2 loss[2]=0.0% 1.=0 prev[1]=1.0% 2.=2 prev[2]=99.0% 11=0 21=0 22=1 23=0
Age 82 1.=0 loss[1]=0.0% 2.=2 loss[2]=0.0% 1.=0 prev[1]=2.1% 2.=2 prev[2]=97.9% 12=0 21=0 22=1 23=0
Age 83 1.=0 loss[1]=0.0% 2.=2 loss[2]=0.0% 1.=0 prev[1]=2.8% 2.=2 prev[2]=97.2% 12=0 21=0 22=2 23=0
Age 84 1.=0 loss[1]=0.0% 2.=1 loss[2]=0.0% 1.=0 prev[1]=6.7% 2.=1 prev[2]=93.3% 12=0 13=0 21=0 22=1 23=0
Age 85 1.=0 loss[1]=0.0% 2.=1 loss[2]=0.0% 1.=0 prev[1]=9.4% 2.=1 prev[2]=90.6% 11=0 12=0 13=0 22=1 23=0
Age 86 1.=0 loss[1]=0.0% 2.=1 loss[2]=0.0% 1.=0 prev[1]=6.9% 2.=1 prev[2]=93.1% 12=0 21=0 22=1 23=0
Age 87 1.=0 loss[1]=0.0% 2.=1 loss[2]=0.0% 1.=0 prev[1]=3.6% 2.=1 prev[2]=96.4% 12=0 21=0 22=1 23=0
Age 88 1.=0 loss[1]=0.0% 2.=1 loss[2]=0.0% 1.=0 prev[1]=4.5% 2.=1 prev[2]=95.5% 12=0 21=0 22=1 23=0
Age 89 1.=0 loss[1]=0.0% 2.=0 loss[2]=0.0% 1.=0 prev[1]=6.9% 2.=0 prev[2]=93.1% 13=0 22=0 23=0
Age 90 1.=0 loss[1]=0.0% 2.=1 loss[2]=0.0% 1.=0 prev[1]=5.9% 2.=1 prev[2]=94.1% 13=0 21=0 22=0 23=0
Age 91 1.=0 loss[1]=NaNQ% 2.=0 loss[2]=0.0% 1.=0 prev[1]=0.0% 2.=0 prev[2]=100.0% 22=0
Age 92 1.=0 loss[1]=NaNQ% 2.=0 loss[2]=NaNQ% 1.=0 prev[1]=NaNQ% 2.=0 prev[2]=NaNQ%
1 1.=0 loss[1]=NaNQ% 2.=0 loss[2]=NaNQ% 1.=0 prev[1]=NaNQ% 2.=0 prev[2]=NaNQ%
0 1.=0 loss[1]=NaNQ% 2.=0 loss[2]=NaNQ% 1.=0 prev[1]=NaNQ% 2.=0 prev[2]=NaNQ%
Total 1.=15 loss[1]=0.0% 2.=72 loss[2]=0.0% 1.=15 prev[1]=17.6% 2.=72 prev[2]=82.4% 11=9 12=6 13=0 21=6 22=62 23=5


12    0.0000000 ln(6/9)=   -0.3789404 
13    0.0000000 ln(0/9)=   -3.1232919 
21    0.0000000 ln(6/62)=   -2.4107679 
23    0.0000000 ln(5/62)=   -2.5974516 

 -1-1=0 -10=0 -11=0 -12=0 -13=0 0-1=0 00=0 01=0 02=0 03=0 1-1=0 10=0 11=9 12=6 13=0 2-1=0 20=0 21=6 22=62 23=5 3-1=0 30=0 31=0 32=0 33=0
Powell

Powell iter=1 Big Iter=1 -2*LL=5531.613933442462 gain=0 0 sec. 0 sec.
#model=  1      +     age 
12    0.0000000    0.0000000 
13    0.0000000    0.0000000 
21    0.0000000    0.0000000 
23    0.0000000    0.0000000 
1........2...............3......4..................5.....6...............7......8..........................Gaining to use new average direction of P0 P8 instead of biggest increase direction 7 :

Powell iter=2 Big Iter=2 -2*LL=3222.119037409168 gain=2.31e+003 0 sec. 0 sec.
#model=  1      +     age 
12    0.6993175    0.0006537 
13   -3.0059562    0.0047435 
21   -1.8441064   -0.0016864 
23   -2.7740421    0.0022739 

Considering the time needed for this last iteration #2: 0 seconds,
   - if your program needs 1 BIG iterations  (2 iterations) to converge, convergence will be 
   reached in 0 day(s) 0 hour(s) 0 minute(s) 0 second(s) i.e.
   on Tue Feb 04 22:21:37 2025 (current time is Tue Feb 04 22:21:37 2025);
   - if your program needs 11 BIG iterations  (22 iterations) to converge, convergence will be 
   reached in 0 day(s) 0 hour(s) 0 minute(s) 0 second(s) i.e.
   on Tue Feb 04 22:21:37 2025 (current time is Tue Feb 04 22:21:37 2025);
   - if your program needs 21 BIG iterations  (42 iterations) to converge, convergence will be 
   reached in 0 day(s) 0 hour(s) 0 minute(s) 0 second(s) i.e.
   on Tue Feb 04 22:21:37 2025 (current time is Tue Feb 04 22:21:37 2025);
   - if your program needs 31 BIG iterations  (62 iterations) to converge, convergence will be 
   reached in 0 day(s) 0 hour(s) 0 minute(s) 0 second(s) i.e.
   on Tue Feb 04 22:21:37 2025 (current time is Tue Feb 04 22:21:37 2025);
1.......2.............3.........4..................5.........6................7..................8........
Powell iter=3 Big Iter=2 -2*LL=3111.121539161235 gain=111 0 sec. 0 sec.
#model=  1      +     age 
12   -0.1852202    0.0013396 
13   -3.3301300    0.0091573 
21   -2.2069561   -0.0030946 
23   -2.8194676    0.0060954 

Considering the time needed for this last iteration #3: 0 seconds,
   - if your program needs 1 BIG iterations  (2 iterations) to converge, convergence will be 
   reached in 0 day(s) 0 hour(s) 0 minute(s) 0 second(s) i.e.
   on Tue Feb 04 22:21:37 2025 (current time is Tue Feb 04 22:21:37 2025);
   - if your program needs 11 BIG iterations  (22 iterations) to converge, convergence will be 
   reached in 0 day(s) 0 hour(s) 0 minute(s) 0 second(s) i.e.
   on Tue Feb 04 22:21:37 2025 (current time is Tue Feb 04 22:21:37 2025);
   - if your program needs 21 BIG iterations  (42 iterations) to converge, convergence will be 
   reached in 0 day(s) 0 hour(s) 0 minute(s) 0 second(s) i.e.
   on Tue Feb 04 22:21:37 2025 (current time is Tue Feb 04 22:21:37 2025);
   - if your program needs 31 BIG iterations  (62 iterations) to converge, convergence will be 
   reached in 0 day(s) 0 hour(s) 0 minute(s) 0 second(s) i.e.
   on Tue Feb 04 22:21:37 2025 (current time is Tue Feb 04 22:21:37 2025);
1........2.............3..........4..................5.........6................7.................8................Gaining to use new average direction of P0 P8 instead of biggest increase direction 5 :

Powell iter=4 Big Iter=3 -2*LL=3034.773141620836 gain=76.3 0 sec. 0 sec.
#model=  1      +     age 
12   -1.0476285    0.0163899 
13  -10.7387378    0.0924570 
21    0.2083632   -0.0323439 
23   -3.8182282    0.0201589 
1........2..............3........4..................5........6...............7..................8........
Powell iter=5 Big Iter=3 -2*LL=2972.342499534720 gain=62.4 0 sec. 0 sec.
#model=  1      +     age 
12   -1.5823747    0.0240720 
13  -12.7801046    0.1343378 
21    1.2177747   -0.0492576 
23   -4.5110750    0.0300018 
1........2..............3........4.................5........6................7.................8..............Gaining to use new average direction of P0 P8 instead of biggest increase direction 8 :

Powell iter=6 Big Iter=4 -2*LL=2930.154112004111 gain=42.2 0 sec. 0 sec.
#model=  1      +     age 
12   -2.5809066    0.0387531 
13  -17.5421996    0.2124625 
21    3.0414225   -0.0803438 
23   -5.9376624    0.0487889 
1........2.............3.........4................5........6................7.................8........directest= 18.221581753126 (if directest<0 or t<0 we include P0 Pn as new direction), t= -38.712718434720, f1= 2930.154112004111,f2= 2927.370321796889,f3= 2944.571768121776, del= 0.881827389491
f1-2f2+f3= 19.985236532108, f1-f2-del= 1.901962817730, f1-f3= -14.417656117665

Powell iter=7 Big Iter=4 -2*LL=2927.370321796889 gain=2.78 0 sec. 0 sec.
#model=  1      +     age 
12   -2.6887698    0.0412863 
13  -18.6228933    0.2236623 
21    3.2811900   -0.0845055 
23   -6.2018564    0.0521270 
1........2.............3.........4................5........6................7.................8..............Gaining to use new average direction of P0 P8 instead of biggest increase direction 6 :

Powell iter=8 Big Iter=5 -2*LL=2925.316774227076 gain=2.05 1 sec. 1 sec.
#model=  1      +     age 
12   -2.9722963    0.0452056 
13  -20.0773344    0.2382882 
21    3.6023513   -0.0888997 
23   -6.6120347    0.0574950 
1........2..............3........4................5........6........7.................8...............Gaining to use new average direction of P0 P8 instead of biggest increase direction 5 :

Powell iter=9 Big Iter=5 -2*LL=2923.188480880835 gain=2.13 0 sec. 1 sec.
#model=  1      +     age 
12   -3.1615297    0.0482786 
13  -20.8987684    0.2458935 
21    3.7284231   -0.0911499 
23   -7.0137605    0.0627399 
1........2.............3.........4................5........6........7.................8..............Gaining to use new average direction of P0 P8 instead of biggest increase direction 3 :

Powell iter=10 Big Iter=6 -2*LL=2917.837218622076 gain=5.35 0 sec. 1 sec.
#model=  1      +     age 
12   -3.6084038    0.0548585 
13  -21.4139406    0.2495671 
21    3.7406221   -0.0902821 
23   -7.9177085    0.0746337 
1........2.............3......4..................5........6........7.................8...............Gaining to use new average direction of P0 P8 instead of biggest increase direction 8 :

Powell iter=11 Big Iter=6 -2*LL=2908.974215294646 gain=8.86 0 sec. 1 sec.
#model=  1      +     age 
12   -3.8835050    0.0593692 
13  -19.9505508    0.2355429 
21    3.1950499   -0.0799763 
23   -8.7571517    0.0857010 
1........2.............3......4.................5.......6........7.................8......
Powell iter=12 Big Iter=7 -2*LL=2904.464092701997 gain=4.51 0 sec. 1 sec.
#model=  1      +     age 
12   -3.6146054    0.0559668 
13  -17.5624279    0.2137083 
21    2.6521001   -0.0713450 
23   -8.5133806    0.0824129 
1........2..............3........4................5.......6........7.................8..............Gaining to use new average direction of P0 P8 instead of biggest increase direction 5 :

Powell iter=13 Big Iter=7 -2*LL=2898.249548946371 gain=6.21 0 sec. 1 sec.
#model=  1      +     age 
12   -3.7224669    0.0595708 
13  -15.6418567    0.1946777 
21    2.1689676   -0.0652520 
23   -9.2651374    0.0917238 
1........2.............3.......4..................5........6........7.................8........
Powell iter=14 Big Iter=8 -2*LL=2892.074731622593 gain=6.17 1 sec. 2 sec.
#model=  1      +     age 
12   -4.0250911    0.0642232 
13  -15.9107418    0.1934105 
21    2.1794611   -0.0665184 
23   -9.9442164    0.1003860 
1........2.............3........4.................5........6........7.................8..............Gaining to use new average direction of P0 P8 instead of biggest increase direction 1 :

Powell iter=15 Big Iter=8 -2*LL=2889.927875523793 gain=2.15 0 sec. 2 sec.
#model=  1      +     age 
12   -4.1613656    0.0648096 
13  -14.9614402    0.1775797 
21    1.8961044   -0.0629265 
23  -10.1931839    0.1036510 
1...........2.............3........4.................5........6........7.................8........
Powell iter=16 Big Iter=9 -2*LL=2889.841464492622 gain=0.0864 0 sec. 2 sec.
#model=  1      +     age 
12   -4.0896247    0.0635315 
13  -14.8032323    0.1756390 
21    1.8653481   -0.0624383 
23  -10.0602484    0.1019684 
1........2.............3........4.................5........6........7.................8..............Gaining to use new average direction of P0 P8 instead of biggest increase direction 2 :

Powell iter=17 Big Iter=9 -2*LL=2889.800346652598 gain=0.0411 0 sec. 2 sec.
#model=  1      +     age 
12   -4.0194936    0.0622172 
13  -14.7730218    0.1752598 
21    1.8527446   -0.0621868 
23   -9.9580004    0.1006782 
1........2.........3........4.................5........6........7................8............Gaining to use new average direction of P0 P8 instead of biggest increase direction 3 :

Powell iter=18 Big Iter=10 -2*LL=2889.722349924472 gain=0.078 0 sec. 2 sec.
#model=  1      +     age 
12   -3.9418796    0.0607459 
13  -14.7663036    0.1748858 
21    1.8213237   -0.0617056 
23   -9.9163153    0.1001613 
1........2........3.......4.................5........6........7.................8............Gaining to use new average direction of P0 P8 instead of biggest increase direction 8 :

Powell iter=19 Big Iter=10 -2*LL=2889.523573110126 gain=0.199 0 sec. 2 sec.
#model=  1      +     age 
12   -3.7474203    0.0574154 
13  -14.6064637    0.1727440 
21    1.7208684   -0.0602791 
23   -9.9337385    0.1003869 
1........2........3......4.................5........6........7..................8.......
Powell iter=20 Big Iter=11 -2*LL=2889.232654327753 gain=0.291 1 sec. 3 sec.
#model=  1      +     age 
12   -3.6756298    0.0565045 
13  -14.6390064    0.1731390 
21    1.6922447   -0.0599534 
23  -10.0952217    0.1024206 
1........2........3......4.................5........6........7.................8............Gaining to use new average direction of P0 P8 instead of biggest increase direction 8 :

Powell iter=21 Big Iter=11 -2*LL=2888.888307070105 gain=0.344 0 sec. 3 sec.
#model=  1      +     age 
12   -3.4181716    0.0526420 
13  -15.2753973    0.1805561 
21    1.7518173   -0.0607635 
23  -10.3209183    0.1052622 
1..........2........3........4..................5........6........7.........................8..........directest= 0.181074528052 (if directest<0 or t<0 we include P0 Pn as new direction), t= -0.000025908252, f1= 2888.888307070105,f2= 2888.886970211441,f3= 2889.068313474043, del= 0.000802796607
f1-2f2+f3= 0.182680121266, f1-f2-del= 0.000534062057, f1-f3= -0.180006403938

Powell iter=22 Big Iter=12 -2*LL=2888.886970211441 gain=0.00134 0 sec. 3 sec.
#model=  1      +     age 
12   -3.4270323    0.0527566 
13  -15.2784459    0.1805274 
21    1.7521911   -0.0607830 
23  -10.3374654    0.1054697 
1................2..............3.........4.................5....................6........7................8.................
Powell iter=23 Big Iter=12 -2*LL=2888.886848842310 gain=0.000121 0 sec. 3 sec.
#model=  1      +     age 
12   -3.4281097    0.0527620 
13  -15.2844731    0.1805859 
21    1.7539877   -0.0608073 
23  -10.3373274    0.1054680 
1.........2................3........4.................5.........6.........7..................8................Gaining to use new average direction of P0 P8 instead of biggest increase direction 4 :

Powell iter=24 Big Iter=13 -2*LL=2888.886409472409 gain=0.000439 0 sec. 3 sec.
#model=  1      +     age 
12   -3.4314862    0.0527908 
13  -15.2891771    0.1805966 
21    1.7585860   -0.0608732 
23  -10.3406623    0.1055103 
1........2........3........4............5.........6........7..................8............Gaining to use new average direction of P0 P8 instead of biggest increase direction 8 :

Powell iter=25 Big Iter=13 -2*LL=2888.885215859120 gain=0.00119 0 sec. 3 sec.
#model=  1      +     age 
12   -3.4309075    0.0527538 
13  -15.2791344    0.1804472 
21    1.7638783   -0.0609413 
23  -10.3434750    0.1055458 
1........2........3.......4.............5........6........7......................8...........Gaining to use new average direction of P0 P8 instead of biggest increase direction 1 :

Powell iter=26 Big Iter=14 -2*LL=2888.880648158591 gain=0.00457 0 sec. 3 sec.
#model=  1      +     age 
12   -3.4184101    0.0525076 
13  -15.1930226    0.1793425 
21    1.7759134   -0.0610964 
23  -10.3495208    0.1056215 
1.....2........3........4............5........6........7.................8.............Gaining to use new average direction of P0 P8 instead of biggest increase direction 8 :

Powell iter=27 Big Iter=14 -2*LL=2888.874654575815 gain=0.00599 1 sec. 4 sec.
#model=  1      +     age 
12   -3.3985351    0.0522094 
13  -15.0679892    0.1777385 
21    1.7886201   -0.0612848 
23  -10.3473883    0.1055933 
1.....2........3........4........5........6.......7.................8......
Powell iter=28 Big Iter=15 -2*LL=2888.871332229068 gain=0.00332 0 sec. 4 sec.
#model=  1      +     age 
12   -3.3902764    0.0521387 
13  -15.0236669    0.1771552 
21    1.7871726   -0.0612915 
23  -10.3498947    0.1056242 
1.........2........3........4........5........6........7..................8................
Powell iter=29 Big Iter=15 -2*LL=2888.871006701989 gain=0.000326 0 sec. 4 sec.
#model=  1      +     age 
12   -3.3888601    0.0521235 
13  -15.0153014    0.1770112 
21    1.7888989   -0.0613259 
23  -10.3528492    0.1056614 
1........2..............3...........4..........5........6...........7...................8...................
Powell iter=30 Big Iter=16 -2*LL=2888.870949625038 gain=5.71e-005 0 sec. 4 sec.
#model=  1      +     age 
12   -3.3886836    0.0521212 
13  -15.0142169    0.1769806 
21    1.7899983   -0.0613447 
23  -10.3534045    0.1056684 
1.........2.................3..........4................5........6...........7........................8...................Gaining to use new average direction of P0 P8 instead of biggest increase direction 1 :

Powell iter=31 Big Iter=16 -2*LL=2888.870924948757 gain=2.47e-005 0 sec. 4 sec.
#model=  1      +     age 
12   -3.3890931    0.0521275 
13  -15.0148782    0.1769720 
21    1.7916132   -0.0613701 
23  -10.3533037    0.1056671 
1............................2.........3................4...........5.........................6.............7......................8..............directest= 0.000008830350 (if directest<0 or t<0 we include P0 Pn as new direction), t= -0.000000000000, f1= 2888.870924948757,f2= 2888.870923757240,f3= 2888.870932239629, del= 0.000000421778
f1-2f2+f3= 0.000009673906, f1-f2-del= 0.000000769739, f1-f3= -0.000007290872

Powell iter=32 Big Iter=17 -2*LL=2888.870923757240 gain=1.19e-006 0 sec. 4 sec.
#model=  1      +     age 
12   -3.3892310    0.0521298 
13  -15.0148569    0.1769729 
21    1.7917992   -0.0613723 
23  -10.3530591    0.1056640 
1...............2............3.............4.............5...........................6................7.....................8.............
Powell iter=33 Big Iter=17 -2*LL=2888.870923360189 gain=3.97e-007 1 sec. 5 sec.
#model=  1      +     age 
12   -3.3893809    0.0521321 
13  -15.0153867    0.1769802 
21    1.7918163   -0.0613724 
23  -10.3529383    0.1056625 
1.........2..............3.........................4...............5............6................7.....................8.............
Powell iter=34 Big Iter=18 -2*LL=2888.870923236153 gain=1.24e-007 0 sec. 5 sec.
#model=  1      +     age 
12   -3.3894597    0.0521333 
13  -15.0156792    0.1769843 
21    1.7918257   -0.0613724 
23  -10.3528739    0.1056616 
1....................2...............3..............4.................5.............6.................................7.....................8.....................
Powell iter=35 Big Iter=18 -2*LL=2888.870923195675 gain=4.05e-008 0 sec. 5 sec.
#model=  1      +     age 
12   -3.3895047    0.0521340 
13  -15.0158432    0.1769865 
21    1.7918318   -0.0613724 
23  -10.3528399    0.1056612 
1...............2................3................4...............5................6..................7.....................8................
Powell iter=36 Big Iter=19 -2*LL=2888.870923182025 gain=1.37e-008 0 sec. 5 sec.
#model=  1      +     age 
12   -3.3895295    0.0521344 
13  -15.0159400    0.1769878 
21    1.7918327   -0.0613724 
23  -10.3528198    0.1056610 
1..............2...............3................4..................5...........................6....................7....................8..................
Powell iter=37 Big Iter=19 -2*LL=2888.870923177430 gain=4.59e-009 0 sec. 5 sec.
#model=  1      +     age 
12   -3.3895441    0.0521346 
13  -15.0159977    0.1769886 
21    1.7918335   -0.0613724 
23  -10.3528090    0.1056608 
1..................2..................3..................4...................5..............................6................................7.........................8.................
Powell iter=38 Big Iter=20 -2*LL=2888.870923175956 gain=1.47e-009 0 sec. 5 sec.
#model=  1      +     age 
12   -3.3895527    0.0521347 
13  -15.0160282    0.1769890 
21    1.7918348   -0.0613724 
23  -10.3528017    0.1056607 
1...............2..............3.....................4.................5.................................6...................7...................8......................
Powell iter=39 Big Iter=20 -2*LL=2888.870923175455 gain=5.01e-010 0 sec. 5 sec.
#model=  1      +     age 
12   -3.3895576    0.0521348 
13  -15.0160447    0.1769893 
21    1.7918348   -0.0613724 
23  -10.3527989    0.1056607 
1.......................2..............3.......................4..................5..................6...............................7.......................8...............
Powell iter=40 Big Iter=21 -2*LL=2888.870923175254 gain=2.01e-010 0 sec. 5 sec.
#model=  1      +     age 
12   -3.3895601    0.0521349 
13  -15.0160602    0.1769895 
21    1.7918354   -0.0613724 
23  -10.3527951    0.1056607 
1.....................2...................................3......................4.................5........................6.......................7....................8.....................
Powell iter=41 Big Iter=21 -2*LL=2888.870923175201 gain=5.23e-011 1 sec. 6 sec.
#model=  1      +     age 
12   -3.3895615    0.0521349 
13  -15.0160630    0.1769895 
21    1.7918355   -0.0613724 
23  -10.3527946    0.1056607 
1................................2........................3...........................4................................5........................6......................7....................8...................................
Powell iter=42 Big Iter=22 -2*LL=2888.870923175200 gain=1.36e-012 0 sec. 6 sec.
#model=  1      +     age 
12   -3.3895615    0.0521349 
13  -15.0160630    0.1769895 
21    1.7918355   -0.0613724 
23  -10.3527946    0.1056607 
1.................................2.........................3...........................4.................................5.....................6....................7....................8....................................directest= 0.000000000001 (if directest<0 or t<0 we include P0 Pn as new direction), t= -0.000000000000, f1= 2888.870923175200,f2= 2888.870923175199,f3= 2888.870923175201, del= 0.000000000001
f1-2f2+f3= 0.000000000004, f1-f2-del= 0.000000000000, f1-f3= -0.000000000001

Powell iter=43 Big Iter=22 -2*LL=2888.870923175199 gain=1.36e-012 0 sec. 6 sec.
#model=  1      +     age 
12   -3.3895615    0.0521349 
13  -15.0160630    0.1769895 
21    1.7918355   -0.0613724 
23  -10.3527946    0.1056607 
1...................................2.........................3...............................4................................5...........................6.......................7...................8....................................
#Number of iterations & function calls = 43 & 6123, -2 Log likelihood = 2888.870923175199
# Parameters nlstate*nlstate*ncov a12*1 + b12 * age + ...
#model=  1      +     age 
12   -3.3895615    0.0521349 
13  -15.0160630    0.1769895 
21    1.7918355   -0.0613724 
23  -10.3527946    0.1056607 

Calculation of the hessian matrix. Wait...
1-2-3-4-5-6-7-8-.1-2.1-3.1-4.1-5.1-6.1-7.1-8.2-3.2-4.2-5.2-6.2-7.2-8.3-4.3-5.3-6.3-7.3-8.4-5.4-6.4-7.4-8.5-6.5-7.5-8.6-7.6-8.7-8

Inverting the hessian to get the covariance matrix. Wait...

#Hessian matrix#
9.871382e+001 6.094653e+003 -5.359363e+000 -4.096548e+002 3.117543e-001 2.599871e+001 -1.279992e+000 -1.036850e+002 
6.094653e+003 3.833159e+005 -4.107351e+002 -3.187525e+004 2.678831e+001 2.212811e+003 -1.025746e+002 -8.377432e+003 
-5.359363e+000 -4.107351e+002 8.767456e+000 6.611730e+002 -7.968422e-001 -5.824693e+001 1.111143e+000 8.625501e+001 
-4.096548e+002 -3.187525e+004 6.611730e+002 5.072976e+004 -5.971559e+001 -4.446980e+003 8.625500e+001 6.789921e+003 
3.117543e-001 2.678831e+001 -7.968422e-001 -5.971559e+001 1.585082e+002 1.015924e+004 -6.773234e+000 -4.971357e+002 
2.599871e+001 2.212811e+003 -5.824693e+001 -4.446980e+003 1.015924e+004 6.645664e+005 -4.986067e+002 -3.721351e+004 
-1.279992e+000 -1.025746e+002 1.111143e+000 8.625500e+001 -6.773234e+000 -4.986067e+002 1.279990e+002 1.001901e+004 
-1.036850e+002 -8.377432e+003 8.625501e+001 6.789921e+003 -4.971357e+002 -3.721351e+004 1.001901e+004 7.931649e+005 
Parameters, Wald tests and Wald-based confidence intervals
 W is simply the result of the division of the parameter by the square root of covariance of the parameter.
 And Wald-based confidence intervals plus and minus 1.96 * W 
  It might be better to visualize the covariance matrix. See the page 'Matrix of variance-covariance of one-step probabilities' and its graphs.
12   -3.3895615(   0.8026880) W=  -4.223 CI=[  -4.9628300 ;   -1.8162931]    0.0521349(   0.0130106) W=   4.007 CI=[   0.0266341 ;    0.0776357] 
13  -15.0160630(   2.6325223) W=  -5.704 CI=[ -20.1758067 ;   -9.8563192]    0.1769895(   0.0349837) W=   5.059 CI=[   0.1084214 ;    0.2455576] 
21    1.7918355(   0.5596565) W=   3.202 CI=[   0.6949087 ;    2.8887623]   -0.0613724(   0.0086457) W=  -7.099 CI=[  -0.0783180 ;   -0.0444268] 
23  -10.3527946(   0.8338388) W= -12.416 CI=[ -11.9871185 ;   -8.7184706]    0.1056607(   0.0105928) W=   9.975 CI=[   0.0848987 ;    0.1264226] 
# Scales (for hessian or gradient estimation)
12 1.00000e-003 1.00000e-005
13 3.00000e-003 4.00000e-005
21 1.00000e-004 1.00000e-005
23 1.00000e-004 1.00000e-005
# Covariance matrix 
# 121 Var(a12)
# 122 Cov(b12,a12) Var(b12)
#   ...
# 232 Cov(b23,a12)  Cov(b23,b12) ... Var (b23)
#121 Var(a12)
#122 Cov(b12,a12) Var(b12)
#131 Cov(a13,a12) Cov(a13,b12) Var(a13)
#132 Cov(b13,a12) Cov(b13,b12) Cov(b13,a13) Var(b13)
#211 Cov(a21,a12) Cov(a21,b12) Cov(a21,a13) Cov(a21,b13) Var(a21)
#212 Cov(b21,a12) Cov(b21,b12) Cov(b21,a13) Cov(b21,b13) Cov(b21,a21) Var(b21)
#231 Cov(a23,a12) Cov(a23,b12) Cov(a23,a13) Cov(a23,b13) Cov(a23,a21) Cov(a23,b21) Var(a23)
#232 Cov(b23,a12) Cov(b23,b12) Cov(b23,a13) Cov(b23,b13) Cov(b23,a21) Cov(b23,b21) Cov(b23,a23) Var(b23)
121 6.4430801e-001
122 -1.03582e-002 1.6927615e-004
131 4.10211e-001 -6.68006e-003 6.9301737e+000
132 -6.65015e-003 1.09751e-004 -9.12122e-002 1.2238611e-003
211 4.75970e-005 2.91582e-008 2.78477e-002 -4.10076e-004 3.1321544e-001
212 -4.45938e-007 -2.07180e-009 -4.24828e-004 6.38161e-006 -4.78948e-003 7.4748127e-005
231 6.14731e-003 -1.04618e-004 -6.52819e-002 8.28700e-004 1.21436e-002 -1.55851e-004 6.9528707e-001
232 -9.04999e-005 1.54219e-006 8.32396e-004 -1.06934e-005 -1.81301e-004 2.46524e-006 -8.78264e-003 1.1220780e-004
# agemin agemax for life expectancy, bage fage (if mle==0 ie no data nor Max likelihood).
# Observed prevalence period
begin-prev-date=1/1/2013 end-prev-date=1/9/2018 mov_average=0
# Health expectancies computed from stable (period) prevalence (pop_based=0) or population based (1)
pop_based=0
# Prevalence forecasting and backcasting is skept here
##prevforecast=0  starting-proj-date=1/1/1989 final-proj-date=1/1/1990 mobil_average=0
#prevforecast=1 yearsfproj=10 mobil_average=0
#prevbackcast=1 yearsbproj=10 mobil_average=1
result:  .
End of resultlines.

Computing forward period (stable) prevalence: result on file 'PL_EEFchr.txt' 
#************
Computing pij: result on file 'PIJ_EEFchr.txt' 
Computing standard deviation of one-step probabilities: result on file 'PROB_rEEFchr.txt' 
Computing matrix of variance covariance of one-step probabilities: result on file 'PROBCOV_EEFchr.txt' 
and correlation matrix of one-step probabilities: result on file 'PROBCOR_EEFchr.txt' 
50 13-12 mu 7.1901e-004 1.5663e-001 Var 4.4352e-007 3.6573e-004 cor 0.038 cov 4.8913e-007 Eig 3.657e-004 4.429e-007 1stv 0.001 1.000 tan 746.815
55 13-12 mu 1.5904e-003 1.8558e-001 Var 1.4945e-006 2.3008e-004 cor -0.003 cov -5.2533e-008 Eig 2.301e-004 1.495e-006 1stv 0.000 -1.000 tan -4351.312
60 13-12 mu 3.4558e-003 2.1600e-001 Var 4.5680e-006 1.6025e-004 cor -0.060 cov -1.6354e-006 Eig 1.603e-004 4.551e-006 1stv 0.011 -1.000 tan -95.205
65 13-12 mu 7.3544e-003 2.4622e-001 Var 1.2559e-005 1.9852e-004 cor -0.108 cov -5.4015e-006 Eig 1.987e-004 1.240e-005 1stv 0.029 -1.000 tan -34.457
70 13-12 mu 1.5261e-002 2.7369e-001 Var 3.2421e-005 3.4263e-004 cor -0.148 cov -1.5583e-005 Eig 3.434e-004 3.164e-005 1stv 0.050 -0.999 tan -19.956
75 13-12 mu 3.0648e-002 2.9441e-001 Var 9.4779e-005 5.4836e-004 cor -0.247 cov -5.6378e-005 Eig 5.553e-004 8.788e-005 1stv 0.122 -0.993 tan -8.168
80 13-12 mu 5.8814e-002 3.0263e-001 Var 3.7341e-004 8.2532e-004 cor -0.480 cov -2.6633e-004 Eig 9.486e-004 2.501e-004 1stv 0.420 -0.907 tan -2.160
85 13-12 mu 1.0574e-001 2.9144e-001 Var 1.5365e-003 1.5349e-003 cor -0.775 cov -1.1902e-003 Eig 2.726e-003 3.455e-004 1stv 0.707 -0.707 tan -0.999
90 13-12 mu 1.7375e-001 2.5652e-001 Var 4.6547e-003 3.5194e-003 cor -0.934 cov -3.7794e-003 Eig 7.909e-003 2.653e-004 1stv 0.758 -0.652 tan -0.861
50 21-12 mu 1.0852e-001 1.5663e-001 Var 1.5249e-004 3.6573e-004 cor 0.001 cov 1.4269e-007 Eig 3.657e-004 1.525e-004 1stv 0.001 1.000 tan 1494.392
55 21-12 mu 8.4394e-002 1.8558e-001 Var 6.1371e-005 2.3008e-004 cor 0.001 cov 8.9930e-008 Eig 2.301e-004 6.137e-005 1stv 0.001 1.000 tan 1876.022
60 21-12 mu 6.4579e-002 2.1600e-001 Var 2.3904e-005 1.6025e-004 cor 0.001 cov 3.8182e-008 Eig 1.603e-004 2.390e-005 1stv 0.000 1.000 tan 3570.985
65 21-12 mu 4.8651e-002 2.4622e-001 Var 1.2306e-005 1.9852e-004 cor -0.001 cov -3.0165e-008 Eig 1.985e-004 1.231e-005 1stv 0.000 -1.000 tan -6173.147
70 21-12 mu 3.6048e-002 2.7369e-001 Var 9.9926e-006 3.4263e-004 cor -0.003 cov -1.8290e-007 Eig 3.426e-004 9.992e-006 1stv 0.001 -1.000 tan -1818.633
75 21-12 mu 2.6185e-002 2.9441e-001 Var 9.3558e-006 5.4836e-004 cor -0.008 cov -5.6707e-007 Eig 5.484e-004 9.355e-006 1stv 0.001 -1.000 tan -950.509
80 21-12 mu 1.8532e-002 3.0263e-001 Var 8.0181e-006 8.2532e-004 cor -0.017 cov -1.3853e-006 Eig 8.253e-004 8.016e-006 1stv 0.002 -1.000 tan -589.990
85 21-12 mu 1.2655e-002 2.9144e-001 Var 5.9436e-006 1.5349e-003 cor -0.028 cov -2.6971e-006 Eig 1.535e-003 5.939e-006 1stv 0.002 -1.000 tan -566.889
90 21-12 mu 8.2355e-003 2.5652e-001 Var 3.7799e-006 3.5194e-003 cor -0.035 cov -4.0313e-006 Eig 3.519e-003 3.775e-006 1stv 0.001 -1.000 tan -872.080
50 23-12 mu 2.4447e-003 1.5663e-001 Var 5.7949e-007 3.6573e-004 cor 0.005 cov 6.8520e-008 Eig 3.657e-004 5.795e-007 1stv 0.000 1.000 tan 5329.107
55 23-12 mu 4.3828e-003 1.8558e-001 Var 1.2952e-006 2.3008e-004 cor 0.003 cov 5.6048e-008 Eig 2.301e-004 1.295e-006 1stv 0.000 1.000 tan 4082.010
60 23-12 mu 7.7310e-003 2.1600e-001 Var 2.6211e-006 1.6025e-004 cor 0.002 cov 3.8560e-008 Eig 1.603e-004 2.621e-006 1stv 0.000 1.000 tan 4087.882
65 23-12 mu 1.3426e-002 2.4622e-001 Var 4.7041e-006 1.9852e-004 cor 0.003 cov 8.6395e-008 Eig 1.985e-004 4.704e-006 1stv 0.000 1.000 tan 2243.362
70 23-12 mu 2.2932e-002 2.7369e-001 Var 7.4171e-006 3.4263e-004 cor 0.008 cov 3.8799e-007 Eig 3.426e-004 7.417e-006 1stv 0.001 1.000 tan 863.960
75 23-12 mu 3.8400e-002 2.9441e-001 Var 1.1344e-005 5.4836e-004 cor 0.018 cov 1.3914e-006 Eig 5.484e-004 1.134e-005 1stv 0.003 1.000 tan 385.966
80 23-12 mu 6.2646e-002 3.0263e-001 Var 2.4500e-005 8.2532e-004 cor 0.031 cov 4.4491e-006 Eig 8.253e-004 2.448e-005 1stv 0.006 1.000 tan 180.000
85 23-12 mu 9.8617e-002 2.9144e-001 Var 8.0826e-005 1.5349e-003 cor 0.039 cov 1.3821e-005 Eig 1.535e-003 8.069e-005 1stv 0.010 1.000 tan 105.218
90 23-12 mu 1.4794e-001 2.5652e-001 Var 2.5220e-004 3.5194e-003 cor 0.040 cov 3.7272e-005 Eig 3.520e-003 2.518e-004 1stv 0.011 1.000 tan 87.670
50 21-13 mu 1.0852e-001 7.1901e-004 Var 1.5249e-004 4.4352e-007 cor 0.016 cov 1.2849e-007 Eig 1.525e-004 4.434e-007 1stv 1.000 0.001 tan 0.001
55 21-13 mu 8.4394e-002 1.5904e-003 Var 6.1371e-005 1.4945e-006 cor 0.015 cov 1.4369e-007 Eig 6.137e-005 1.494e-006 1stv 1.000 0.002 tan 0.002
60 21-13 mu 6.4579e-002 3.4558e-003 Var 2.3904e-005 4.5680e-006 cor 0.015 cov 1.5318e-007 Eig 2.390e-005 4.567e-006 1stv 1.000 0.008 tan 0.008
65 21-13 mu 4.8651e-002 7.3544e-003 Var 1.2306e-005 1.2559e-005 cor 0.016 cov 1.9387e-007 Eig 1.266e-005 1.220e-005 1stv 0.476 0.879 tan 1.845
70 21-13 mu 3.6048e-002 1.5261e-002 Var 9.9926e-006 3.2421e-005 cor 0.020 cov 3.6638e-007 Eig 3.243e-005 9.987e-006 1stv 0.016 1.000 tan 61.234
75 21-13 mu 2.6185e-002 3.0648e-002 Var 9.3558e-006 9.4779e-005 cor 0.029 cov 8.5813e-007 Eig 9.479e-005 9.347e-006 1stv 0.010 1.000 tan 99.556
80 21-13 mu 1.8532e-002 5.8814e-002 Var 8.0181e-006 3.7341e-004 cor 0.035 cov 1.8908e-006 Eig 3.734e-004 8.008e-006 1stv 0.005 1.000 tan 193.254
85 21-13 mu 1.2655e-002 1.0574e-001 Var 5.9436e-006 1.5365e-003 cor 0.036 cov 3.4642e-006 Eig 1.537e-003 5.936e-006 1stv 0.002 1.000 tan 441.822
90 21-13 mu 8.2355e-003 1.7375e-001 Var 3.7799e-006 4.6547e-003 cor 0.037 cov 4.9401e-006 Eig 4.655e-003 3.775e-006 1stv 0.001 1.000 tan 941.463
50 23-13 mu 2.4447e-003 7.1901e-004 Var 5.7949e-007 4.4352e-007 cor -0.033 cov -1.6567e-008 Eig 5.815e-007 4.415e-007 1stv 0.993 -0.119 tan -0.120
55 23-13 mu 4.3828e-003 1.5904e-003 Var 1.2952e-006 1.4945e-006 cor -0.032 cov -4.4823e-008 Eig 1.504e-006 1.286e-006 1stv 0.210 -0.978 tan -4.661
60 23-13 mu 7.7310e-003 3.4558e-003 Var 2.6211e-006 4.5680e-006 cor -0.032 cov -1.0980e-007 Eig 4.574e-006 2.615e-006 1stv 0.056 -0.998 tan -17.788
65 23-13 mu 1.3426e-002 7.3544e-003 Var 4.7041e-006 1.2559e-005 cor -0.031 cov -2.3990e-007 Eig 1.257e-005 4.697e-006 1stv 0.030 -1.000 tan -32.772
70 23-13 mu 2.2932e-002 1.5261e-002 Var 7.4171e-006 3.2421e-005 cor -0.031 cov -4.7887e-007 Eig 3.243e-005 7.408e-006 1stv 0.019 -1.000 tan -52.233
75 23-13 mu 3.8400e-002 3.0648e-002 Var 1.1344e-005 9.4779e-005 cor -0.032 cov -1.0524e-006 Eig 9.479e-005 1.133e-005 1stv 0.013 -1.000 tan -79.293
80 23-13 mu 6.2646e-002 5.8814e-002 Var 2.4500e-005 3.7341e-004 cor -0.035 cov -3.3900e-006 Eig 3.734e-004 2.447e-005 1stv 0.010 -1.000 tan -102.934
85 23-13 mu 9.8617e-002 1.0574e-001 Var 8.0826e-005 1.5365e-003 cor -0.037 cov -1.2961e-005 Eig 1.537e-003 8.071e-005 1stv 0.009 -1.000 tan -112.319
90 23-13 mu 1.4794e-001 1.7375e-001 Var 2.5220e-004 4.6547e-003 cor -0.037 cov -3.9570e-005 Eig 4.655e-003 2.518e-004 1stv 0.009 -1.000 tan -111.270
50 23-21 mu 2.4447e-003 1.0852e-001 Var 5.7949e-007 1.5249e-004 cor -0.083 cov -7.7889e-007 Eig 1.525e-004 5.755e-007 1stv 0.005 -1.000 tan -195.044
55 23-21 mu 4.3828e-003 8.4394e-002 Var 1.2952e-006 6.1371e-005 cor -0.061 cov -5.4562e-007 Eig 6.138e-005 1.290e-006 1stv 0.009 -1.000 tan -110.115
60 23-21 mu 7.7310e-003 6.4579e-002 Var 2.6211e-006 2.3904e-005 cor -0.054 cov -4.3096e-007 Eig 2.391e-005 2.612e-006 1stv 0.020 -1.000 tan -49.405
65 23-21 mu 1.3426e-002 4.8651e-002 Var 4.7041e-006 1.2306e-005 cor -0.061 cov -4.6750e-007 Eig 1.233e-005 4.675e-006 1stv 0.061 -0.998 tan -16.323
70 23-21 mu 2.2932e-002 3.6048e-002 Var 7.4171e-006 9.9926e-006 cor -0.070 cov -5.9984e-007 Eig 1.013e-005 7.284e-006 1stv 0.216 -0.976 tan -4.515
75 23-21 mu 3.8400e-002 2.6185e-002 Var 1.1344e-005 9.3558e-006 cor -0.074 cov -7.6706e-007 Eig 1.161e-005 9.094e-006 1stv 0.947 -0.323 tan -0.341
80 23-21 mu 6.2646e-002 1.8532e-002 Var 2.4500e-005 8.0181e-006 cor -0.083 cov -1.1573e-006 Eig 2.458e-005 7.937e-006 1stv 0.998 -0.070 tan -0.070
85 23-21 mu 9.8617e-002 1.2655e-002 Var 8.0826e-005 5.9436e-006 cor -0.113 cov -2.4848e-006 Eig 8.091e-005 5.861e-006 1stv 0.999 -0.033 tan -0.033
90 23-21 mu 1.4794e-001 8.2355e-003 Var 2.5220e-004 3.7799e-006 cor -0.179 cov -5.5268e-006 Eig 2.523e-004 3.657e-006 1stv 1.000 -0.022 tan -0.022
Prevalence combination of varying and fixed dummies 1
Warning Observed prevalence doesn't sum to 1 for state 2: probs[50][2][1]=0.000000 because of lack of cases.
Computing Health Expectancies: result on file 'E_EEFchr.txt' ...50|51|52|53|54|55|56|57|58|59|60|61|62|63|64|65|66|67|68|69|70|71|72|73|74|75|76|77|78|79|80|81|82|83|84|85|86|87|88|89|90|
done evsij
Computing Total Life expectancies with their standard errors: file 'T_EEFchr.txt' ...
  Computing State-specific Expectancies and standard errors: result on file 'STDE_EEFchr.txt' 
    Computing Covar. of State-specific Expectancies: result on file 'CVE_EEFchr.txt' 
      Computing Variance-covariance of State-specific Expectancies: file 'V_EEFchr.txt' ... 
# model  
#****** Result for:******
 cvevsij 50|51|52|53|54|55|56|57|58|59|60|61|62|63|64|65|66|67|68|69|70|71|72|73|74|75|76|77|78|79|80|81|82|83|84|85|86|87|88|89|90|
 end cvevsij 
 varevsij vpopbased=0 
Computing total mortality p.j=w1*p1j+w2*p2j+..: result on file 'PRMORPREV-1-STABLBASED_EEFchr.txt' 
Computing age specific forward period (stable) prevalences in each health state 
done selection
done State-specific expectancies
Computing Variance-covariance of forward period (stable) prevalence: file 'VPL_EEFchr.txt' ...
#****** ******
done variance-covariance of forward period prevalence
End of Imach
Local time at start Tue Feb 04 22:21:37 2025

Local time at end   Tue Feb 04 22:21:45 2025

Total time used 0 day(s) 0 hour(s) 0 minute(s) 8 second(s)
Total time was 8 Sec.
