Log filename:EEFgali.log
Version 0.99r45 $Revision: 1.353 $ $Date: 2023/05/08 18:48:22 $
Enter the parameter file name: 
pathimach=C:\PROGRA~1\IMACH-~2.99R\bin\
pathtot=C:\Users\mmusz\Dropbox\gender_paradox\data\IMACHnew\EEFgali.txt
 path=C:\Users\mmusz\Dropbox\gender_paradox\data\IMACHnew\ 
 optionfile=EEFgali.txt
 optionfilext=txt
 optionfilefiname='EEFgali'
Compiled with: Microsoft Visual Studio for Windows (x64 and x86)  64-bit
The programm is not running under WOW64 (i.e probably on a 64bit Windows).
Local time (at start): Tue Feb 04 20:24:32 2025
title=gali datafile=dataEEFgali.txt lastobs=5000 firstpass=1 lastpass=2
ftol=1.000000e-018 stepm=6 ncovcol=0 nqv=0 ntv=0 nqtv=0 nlstate=2 ndeath=1 maxwav=2 mle=1 weight=1
model=1+age+
12 -5.211726 0.044844
13 -12.456050 0.114596
21 0.017515 -0.017106
23 -8.520642 0.082187
# Scales (for hessian or gradient estimation)
12 0.000000e+000 0.000000e+000
13 0.000000e+000 0.000000e+000
21 0.000000e+000 0.000000e+000
23 0.000000e+000 0.000000e+000
# Covariance matrix
121 0.00000e+000
122 0.00000e+000 0.00000e+000
131 0.00000e+000 0.00000e+000 0.00000e+000
132 0.00000e+000 0.00000e+000 0.00000e+000 0.00000e+000
211 0.00000e+000 0.00000e+000 0.00000e+000 0.00000e+000 0.00000e+000
212 0.00000e+000 0.00000e+000 0.00000e+000 0.00000e+000 0.00000e+000 0.00000e+000
231 0.00000e+000 0.00000e+000 0.00000e+000 0.00000e+000 0.00000e+000 0.00000e+000 0.00000e+000
232 0.00000e+000 0.00000e+000 0.00000e+000 0.00000e+000 0.00000e+000 0.00000e+000 0.00000e+000 0.00000e+000

Model=1+age+
Typevar: 0 for simple covariate (dummy, quantitative, fixed or varying), 1 for age product, 2 for  product, 3 for double product with age  
Fixed[k] 0=fixed (product or simple), 1 varying, 2 fixed with age product, 3 varying with age product 
Dummy[k] 0=dummy (0 1), 1 quantitative (single or product without age), 2 dummy with age product, 3 quant with age product
ncoveff=0, nqfveff=0, ntveff=0, nqtveff=0, cptcovn=0
ncovf=0, ncovv=0, ncova=0, nsd=0, nsq=0
Total number of individuals= 2876, Agemin = 51.08, Agemax= 92.92

Information, you have to check 0 informations which haven't been logged!
Delay (in months) between two waves Min=1 (for indiviudal 2383) Max=29 (1926) Mean=21.100834

 Age 51 1.=3 loss[1]=0.0% 2.=0 loss[2]=0.0% 1.=3 prev[1]=86.7% 2.=0 prev[2]=13.3% 11=2 12=0 21=0 22=0 23=0
Age 52 1.=2 loss[1]=0.0% 2.=1 loss[2]=0.0% 1.=2 prev[1]=78.4% 2.=1 prev[2]=21.6% 11=2 12=0 21=0 22=0
Age 53 1.=2 loss[1]=0.0% 2.=0 loss[2]=0.0% 1.=2 prev[1]=81.2% 2.=0 prev[2]=18.8% 11=2 12=0 21=0 22=0
Age 54 1.=2 loss[1]=0.0% 2.=0 loss[2]=0.0% 1.=2 prev[1]=83.0% 2.=0 prev[2]=17.0% 11=2 12=0 21=0 22=0
Age 55 1.=2 loss[1]=0.0% 2.=0 loss[2]=0.0% 1.=2 prev[1]=92.3% 2.=0 prev[2]=7.7% 11=2 12=0 21=0 22=0
Age 56 1.=2 loss[1]=0.0% 2.=1 loss[2]=0.0% 1.=2 prev[1]=81.4% 2.=1 prev[2]=18.6% 11=2 12=0 13=0 21=0 22=0
Age 57 1.=2 loss[1]=0.0% 2.=1 loss[2]=0.0% 1.=2 prev[1]=76.8% 2.=1 prev[2]=23.2% 11=2 12=0 21=0 22=0
Age 58 1.=2 loss[1]=0.0% 2.=1 loss[2]=0.0% 1.=2 prev[1]=76.7% 2.=1 prev[2]=23.3% 11=2 12=0 13=0 21=0 22=0 23=0
Age 59 1.=2 loss[1]=0.0% 2.=1 loss[2]=0.0% 1.=2 prev[1]=75.3% 2.=1 prev[2]=24.7% 11=2 12=0 21=0 22=0 23=0
Age 60 1.=3 loss[1]=0.0% 2.=1 loss[2]=0.0% 1.=3 prev[1]=77.6% 2.=1 prev[2]=22.4% 11=2 12=0 13=0 21=0 22=1 23=0
Age 61 1.=2 loss[1]=0.0% 2.=1 loss[2]=0.0% 1.=2 prev[1]=78.7% 2.=1 prev[2]=21.3% 11=2 12=0 13=0 21=0 22=0
Age 62 1.=2 loss[1]=0.0% 2.=1 loss[2]=0.0% 1.=2 prev[1]=71.8% 2.=1 prev[2]=28.2% 11=1 12=0 13=0 21=0 22=0 23=0
Age 63 1.=2 loss[1]=0.0% 2.=1 loss[2]=0.0% 1.=2 prev[1]=77.3% 2.=1 prev[2]=22.7% 11=2 12=0 13=0 21=0 22=0
Age 64 1.=2 loss[1]=0.0% 2.=1 loss[2]=0.0% 1.=2 prev[1]=79.6% 2.=1 prev[2]=20.4% 11=2 12=0 13=0 21=0 22=0 23=0
Age 65 1.=2 loss[1]=0.0% 2.=0 loss[2]=0.0% 1.=2 prev[1]=84.2% 2.=0 prev[2]=15.8% 11=2 12=0 13=0 21=0 22=0
Age 66 1.=2 loss[1]=0.0% 2.=1 loss[2]=0.0% 1.=2 prev[1]=75.2% 2.=1 prev[2]=24.8% 11=2 12=0 13=0 21=0 22=0
Age 67 1.=2 loss[1]=0.0% 2.=1 loss[2]=0.0% 1.=2 prev[1]=75.7% 2.=1 prev[2]=24.3% 11=2 12=0 13=0 21=0 22=0
Age 68 1.=2 loss[1]=0.0% 2.=1 loss[2]=0.0% 1.=2 prev[1]=76.2% 2.=1 prev[2]=23.8% 11=2 12=0 21=0 22=0
Age 69 1.=2 loss[1]=0.0% 2.=1 loss[2]=0.0% 1.=2 prev[1]=69.2% 2.=1 prev[2]=30.8% 11=1 12=0 13=0 21=0 22=0 23=0
Age 70 1.=2 loss[1]=0.0% 2.=0 loss[2]=0.0% 1.=2 prev[1]=80.7% 2.=0 prev[2]=19.3% 11=2 12=0 21=0 22=0
Age 71 1.=1 loss[1]=0.0% 2.=0 loss[2]=0.0% 1.=1 prev[1]=81.4% 2.=0 prev[2]=18.6% 11=1 12=0 13=0 21=0 22=0 23=0
Age 72 1.=2 loss[1]=0.0% 2.=1 loss[2]=0.0% 1.=2 prev[1]=74.1% 2.=1 prev[2]=25.9% 11=1 12=0 21=0 22=0 23=0
Age 73 1.=2 loss[1]=0.0% 2.=1 loss[2]=0.0% 1.=2 prev[1]=72.1% 2.=1 prev[2]=27.9% 11=1 12=0 13=0 21=0 22=0 23=0
Age 74 1.=2 loss[1]=0.0% 2.=1 loss[2]=0.0% 1.=2 prev[1]=74.1% 2.=1 prev[2]=25.9% 11=1 12=0 13=0 21=0 22=0
Age 75 1.=2 loss[1]=0.0% 2.=1 loss[2]=0.0% 1.=2 prev[1]=66.0% 2.=1 prev[2]=34.0% 11=1 12=0 13=0 21=0 22=1 23=0
Age 76 1.=2 loss[1]=0.0% 2.=1 loss[2]=0.0% 1.=2 prev[1]=70.2% 2.=1 prev[2]=29.8% 11=1 12=0 13=0 21=0 22=0 23=0
Age 77 1.=1 loss[1]=0.0% 2.=1 loss[2]=0.0% 1.=1 prev[1]=62.1% 2.=1 prev[2]=37.9% 11=1 12=0 13=0 21=0 22=1 23=0
Age 78 1.=1 loss[1]=0.0% 2.=1 loss[2]=0.0% 1.=1 prev[1]=59.0% 2.=1 prev[2]=41.0% 11=1 12=1 13=0 21=0 22=1 23=0
Age 79 1.=1 loss[1]=0.0% 2.=1 loss[2]=0.0% 1.=1 prev[1]=60.6% 2.=1 prev[2]=39.4% 11=1 12=0 13=0 21=0 22=1 23=0
Age 80 1.=1 loss[1]=0.0% 2.=1 loss[2]=0.0% 1.=1 prev[1]=60.1% 2.=1 prev[2]=39.9% 11=1 12=0 13=0 21=0 22=1 23=0
Age 81 1.=1 loss[1]=0.0% 2.=1 loss[2]=0.0% 1.=1 prev[1]=53.1% 2.=1 prev[2]=46.9% 11=1 12=0 13=0 21=0 22=0 23=0
Age 82 1.=1 loss[1]=0.0% 2.=1 loss[2]=0.0% 1.=1 prev[1]=44.9% 2.=1 prev[2]=55.1% 11=1 12=0 13=0 21=0 22=1 23=0
Age 83 1.=1 loss[1]=0.0% 2.=1 loss[2]=0.0% 1.=1 prev[1]=32.8% 2.=1 prev[2]=67.2% 11=0 12=0 13=0 21=0 22=1 23=0
Age 84 1.=1 loss[1]=0.0% 2.=1 loss[2]=0.0% 1.=1 prev[1]=50.2% 2.=1 prev[2]=49.8% 11=1 12=0 13=0 21=0 22=0 23=0
Age 85 1.=1 loss[1]=0.0% 2.=1 loss[2]=0.0% 1.=1 prev[1]=51.6% 2.=1 prev[2]=48.4% 11=0 12=0 13=0 21=0 22=0 23=0
Age 86 1.=0 loss[1]=0.0% 2.=1 loss[2]=0.0% 1.=0 prev[1]=33.8% 2.=1 prev[2]=66.2% 11=0 12=0 13=0 21=0 22=0 23=0
Age 87 1.=0 loss[1]=0.0% 2.=1 loss[2]=0.0% 1.=0 prev[1]=46.5% 2.=1 prev[2]=53.5% 11=0 12=0 13=0 21=0 22=0 23=0
Age 88 1.=0 loss[1]=0.0% 2.=1 loss[2]=0.0% 1.=0 prev[1]=34.1% 2.=1 prev[2]=65.9% 11=0 12=0 13=0 21=0 22=0 23=0
Age 89 1.=0 loss[1]=0.0% 2.=0 loss[2]=0.0% 1.=0 prev[1]=51.7% 2.=0 prev[2]=48.3% 11=0 12=0 22=0 23=0
Age 90 1.=0 loss[1]=0.0% 2.=0 loss[2]=0.0% 1.=0 prev[1]=41.2% 2.=0 prev[2]=58.8% 11=0 12=0 13=0 21=0 22=0 23=0
Age 91 1.=0 loss[1]=NaNQ% 2.=0 loss[2]=0.0% 1.=0 prev[1]=0.0% 2.=0 prev[2]=100.0% 22=0
Age 92 1.=0 loss[1]=NaNQ% 2.=0 loss[2]=NaNQ% 1.=0 prev[1]=NaNQ% 2.=0 prev[2]=NaNQ%
1 1.=0 loss[1]=NaNQ% 2.=0 loss[2]=NaNQ% 1.=0 prev[1]=NaNQ% 2.=0 prev[2]=NaNQ%
0 1.=0 loss[1]=NaNQ% 2.=0 loss[2]=NaNQ% 1.=0 prev[1]=NaNQ% 2.=0 prev[2]=NaNQ%
Total 1.=62 loss[1]=0.0% 2.=25 loss[2]=0.0% 1.=62 prev[1]=71.0% 2.=25 prev[2]=29.0% 11=51 12=9 13=2 21=8 22=14 23=3


12   -5.2117260 ln(9/51)=   -1.6992122 
13  -12.4560495 ln(2/51)=   -3.3868386 
21    0.0175152 ln(8/14)=   -0.5846142 
23   -8.5206419 ln(3/14)=   -1.4711166 

 -1-1=0 -10=0 -11=0 -12=0 -13=0 0-1=0 00=0 01=0 02=0 03=0 1-1=0 10=0 11=51 12=9 13=2 2-1=0 20=0 21=8 22=14 23=3 3-1=0 30=0 31=0 32=0 33=0
Powell

Powell iter=1 Big Iter=1 -2*LL=4321.186925976802 gain=0 0 sec. 0 sec.
#model=  1      +     age 
12   -5.2117260    0.0448436 
13  -12.4560495    0.1145958 
21    0.0175152   -0.0171062 
23   -8.5206419    0.0821872 
1.........2...............3.......4..................5........6...............7........8..................
Powell iter=2 Big Iter=2 -2*LL=4083.395705134567 gain=238 0 sec. 0 sec.
#model=  1      +     age 
12   -5.5884455    0.0448969 
13  -13.8760047    0.1141006 
21   -0.5494505   -0.0169108 
23   -9.2244981    0.0821658 

Considering the time needed for this last iteration #2: 0 seconds,
   - if your program needs 1 BIG iterations  (2 iterations) to converge, convergence will be 
   reached in 0 day(s) 0 hour(s) 0 minute(s) 0 second(s) i.e.
   on Tue Feb 04 20:24:32 2025 (current time is Tue Feb 04 20:24:32 2025);
   - if your program needs 11 BIG iterations  (22 iterations) to converge, convergence will be 
   reached in 0 day(s) 0 hour(s) 0 minute(s) 0 second(s) i.e.
   on Tue Feb 04 20:24:32 2025 (current time is Tue Feb 04 20:24:32 2025);
   - if your program needs 21 BIG iterations  (42 iterations) to converge, convergence will be 
   reached in 0 day(s) 0 hour(s) 0 minute(s) 0 second(s) i.e.
   on Tue Feb 04 20:24:32 2025 (current time is Tue Feb 04 20:24:32 2025);
   - if your program needs 31 BIG iterations  (62 iterations) to converge, convergence will be 
   reached in 0 day(s) 0 hour(s) 0 minute(s) 0 second(s) i.e.
   on Tue Feb 04 20:24:32 2025 (current time is Tue Feb 04 20:24:32 2025);
1.........2...............3..........4...................5.........6...............7..........8...................
Powell iter=3 Big Iter=2 -2*LL=4058.315281398239 gain=25.1 0 sec. 0 sec.
#model=  1      +     age 
12   -5.8031832    0.0449149 
13  -13.3789024    0.1139631 
21   -0.7116958   -0.0168538 
23   -9.3220776    0.0821635 

Considering the time needed for this last iteration #3: 0 seconds,
   - if your program needs 1 BIG iterations  (2 iterations) to converge, convergence will be 
   reached in 0 day(s) 0 hour(s) 0 minute(s) 0 second(s) i.e.
   on Tue Feb 04 20:24:32 2025 (current time is Tue Feb 04 20:24:32 2025);
   - if your program needs 11 BIG iterations  (22 iterations) to converge, convergence will be 
   reached in 0 day(s) 0 hour(s) 0 minute(s) 0 second(s) i.e.
   on Tue Feb 04 20:24:32 2025 (current time is Tue Feb 04 20:24:32 2025);
   - if your program needs 21 BIG iterations  (42 iterations) to converge, convergence will be 
   reached in 0 day(s) 0 hour(s) 0 minute(s) 0 second(s) i.e.
   on Tue Feb 04 20:24:32 2025 (current time is Tue Feb 04 20:24:32 2025);
   - if your program needs 31 BIG iterations  (62 iterations) to converge, convergence will be 
   reached in 0 day(s) 0 hour(s) 0 minute(s) 0 second(s) i.e.
   on Tue Feb 04 20:24:32 2025 (current time is Tue Feb 04 20:24:32 2025);
1.........2................3...........4...................5.........6...............7.........8...................................Gaining to use new average direction of P0 P8 instead of biggest increase direction 1 :

Powell iter=4 Big Iter=3 -2*LL=4056.727514660874 gain=1.59 1 sec. 1 sec.
#model=  1      +     age 
12   -5.8799058    0.0448883 
13  -13.3257623    0.1138357 
21   -0.7467719   -0.0168029 
23   -9.3382784    0.0821636 
1.......................2...............3..........4...................5.........6...............7..........8.......
Powell iter=5 Big Iter=3 -2*LL=4056.720539486655 gain=0.00698 0 sec. 1 sec.
#model=  1      +     age 
12   -5.8794550    0.0448817 
13  -13.3190582    0.1137293 
21   -0.7496051   -0.0167615 
23   -9.3380183    0.0821635 
1....................2........................3..........4...................5.........6...............7..............8..............Gaining to use new average direction of P0 P8 instead of biggest increase direction 5 :

Powell iter=6 Big Iter=4 -2*LL=4056.532422972094 gain=0.188 0 sec. 1 sec.
#model=  1      +     age 
12   -5.8617526    0.0446517 
13  -12.9082344    0.1084089 
21   -0.8971367   -0.0147186 
23   -9.3377730    0.0821927 
1..................2...................3..........4...................5.......6................7..........8...........directest= 0.181870454777 (if directest<0 or t<0 we include P0 Pn as new direction), t= -0.000018849582, f1= 4056.532422972094,f2= 4056.531296074890,f3= 4056.713199904291, del= 0.000580135914
f1-2f2+f3= 0.183030726605, f1-f2-del= 0.000546761290, f1-f3= -0.180776932197

Powell iter=7 Big Iter=4 -2*LL=4056.531296074890 gain=0.00113 1 sec. 2 sec.
#model=  1      +     age 
12   -5.8613741    0.0446482 
13  -12.9048214    0.1083928 
21   -0.8965471   -0.0147280 
23   -9.3391236    0.0822057 
1..................2................3..........4..................5.......6...............7..........8....................Gaining to use new average direction of P0 P8 instead of biggest increase direction 3 :

Powell iter=8 Big Iter=5 -2*LL=4056.495219943271 gain=0.0361 0 sec. 2 sec.
#model=  1      +     age 
12   -5.8132698    0.0439694 
13  -12.7243337    0.1062511 
21   -0.8531707   -0.0153466 
23   -9.4395876    0.0834223 
1.................2................3........4..................5.......6...............7..........8........directest= 0.034262302227 (if directest<0 or t<0 we include P0 Pn as new direction), t= -0.000004320325, f1= 4056.495219943271,f2= 4056.489751196982,f3= 4056.527206939354, del= 0.004331093217
f1-2f2+f3= 0.042924488661, f1-f2-del= 0.001137653072, f1-f3= -0.031986996084

Powell iter=9 Big Iter=5 -2*LL=4056.489751196982 gain=0.00547 0 sec. 2 sec.
#model=  1      +     age 
12   -5.8065366    0.0438695 
13  -12.7023219    0.1058173 
21   -0.8466145   -0.0154346 
23   -9.4512049    0.0835875 
1.................2...............3...............4...................5.......6......................7..........8................Gaining to use new average direction of P0 P8 instead of biggest increase direction 4 :

Powell iter=10 Big Iter=6 -2*LL=4056.489392963043 gain=0.000358 0 sec. 2 sec.
#model=  1      +     age 
12   -5.8047669    0.0438432 
13  -12.6940677    0.1056634 
21   -0.8447210   -0.0154599 
23   -9.4555014    0.0836475 
1...................2................3..................4...........5........6..............7..........8...............Gaining to use new average direction of P0 P8 instead of biggest increase direction 2 :

Powell iter=11 Big Iter=6 -2*LL=4056.489069691285 gain=0.000323 1 sec. 3 sec.
#model=  1      +     age 
12   -5.8048157    0.0438432 
13  -12.6859587    0.1055246 
21   -0.8438530   -0.0154715 
23   -9.4598891    0.0837071 
1.................2......3...............4.....................5..............6....................7............8............Gaining to use new average direction of P0 P8 instead of biggest increase direction 2 :

Powell iter=12 Big Iter=7 -2*LL=4056.488592175471 gain=0.000478 0 sec. 3 sec.
#model=  1      +     age 
12   -5.8057255    0.0438555 
13  -12.6745979    0.1053461 
21   -0.8429840   -0.0154836 
23   -9.4667442    0.0837973 
1.....................2.....3..............4..........5.....................6...............7.........8............Gaining to use new average direction of P0 P8 instead of biggest increase direction 8 :

Powell iter=13 Big Iter=7 -2*LL=4056.488135914655 gain=0.000456 0 sec. 3 sec.
#model=  1      +     age 
12   -5.8069975    0.0438734 
13  -12.6612338    0.1051442 
21   -0.8421743   -0.0154984 
23   -9.4752049    0.0839074 
1...................2......3...............4.........5...........6.................7............8............Gaining to use new average direction of P0 P8 instead of biggest increase direction 2 :

Powell iter=14 Big Iter=8 -2*LL=4056.485924581623 gain=0.00221 1 sec. 4 sec.
#model=  1      +     age 
12   -5.8170115    0.0440177 
13  -12.6155170    0.1044975 
21   -0.8423920   -0.0155037 
23   -9.5068867    0.0843130 
1....................2......3..................4.............5...........6.......................7...........8.............Gaining to use new average direction of P0 P8 instead of biggest increase direction 2 :

Powell iter=15 Big Iter=8 -2*LL=4056.483930505180 gain=0.00199 0 sec. 4 sec.
#model=  1      +     age 
12   -5.8274835    0.0441691 
13  -12.5910344    0.1041892 
21   -0.8452691   -0.0154614 
23   -9.5260937    0.0845538 
1...................2.......3...............4..............5...........6......................7..........8............Gaining to use new average direction of P0 P8 instead of biggest increase direction 2 :

Powell iter=16 Big Iter=9 -2*LL=4056.483178020500 gain=0.000752 0 sec. 4 sec.
#model=  1      +     age 
12   -5.8336778    0.0442574 
13  -12.5799451    0.1040594 
21   -0.8472870   -0.0154255 
23   -9.5349848    0.0846637 
1..................2......3.......4...........5...........6................7.........8............Gaining to use new average direction of P0 P8 instead of biggest increase direction 2 :

Powell iter=17 Big Iter=9 -2*LL=4056.482831246056 gain=0.000347 0 sec. 4 sec.
#model=  1      +     age 
12   -5.8369881    0.0443037 
13  -12.5743004    0.1040033 
21   -0.8482025   -0.0154082 
23   -9.5393051    0.0847155 
1..................2......3..................4............5.............6..................7.........8............Gaining to use new average direction of P0 P8 instead of biggest increase direction 8 :

Powell iter=18 Big Iter=10 -2*LL=4056.482578962875 gain=0.000252 1 sec. 5 sec.
#model=  1      +     age 
12   -5.8396885    0.0443420 
13  -12.5698520    0.1039652 
21   -0.8487704   -0.0154000 
23   -9.5423393    0.0847510 
1...................2.....3............4..........5.........6...................7............8............Gaining to use new average direction of P0 P8 instead of biggest increase direction 2 :

Powell iter=19 Big Iter=10 -2*LL=4056.481942097312 gain=0.000637 0 sec. 5 sec.
#model=  1      +     age 
12   -5.8404829    0.0443541 
13  -12.5797818    0.1041482 
21   -0.8495120   -0.0153904 
23   -9.5339833    0.0846393 
1..........................2.....3............4..........5............6.................7...................8.......
Powell iter=20 Big Iter=11 -2*LL=4056.481763869414 gain=0.000178 0 sec. 5 sec.
#model=  1      +     age 
12   -5.8383746    0.0443250 
13  -12.5884143    0.1042628 
21   -0.8494762   -0.0153911 
23   -9.5271044    0.0845529 
1....................2......3...............4.........5............6................7...........8...................Gaining to use new average direction of P0 P8 instead of biggest increase direction 2 :

Powell iter=21 Big Iter=11 -2*LL=4056.481684301863 gain=7.96e-005 1 sec. 6 sec.
#model=  1      +     age 
12   -5.8355838    0.0442852 
13  -12.5979066    0.1043910 
21   -0.8491170   -0.0153954 
23   -9.5192068    0.0844531 
1....................2................3..................4..............5............6.......................7..............8................directest= 0.000022533723 (if directest<0 or t<0 we include P0 Pn as new direction), t= -0.000000000000, f1= 4056.481684301863,f2= 4056.481679882285,f3= 4056.481702344616, del= 0.000002174093
f1-2f2+f3= 0.000026881909, f1-f2-del= 0.000002245485, f1-f3= -0.000018042753

Powell iter=22 Big Iter=12 -2*LL=4056.481679882285 gain=4.42e-006 0 sec. 6 sec.
#model=  1      +     age 
12   -5.8355480    0.0442845 
13  -12.5977155    0.1043888 
21   -0.8490225   -0.0153969 
23   -9.5192464    0.0844536 
1....................2.............3.........4................5..........................6..................7............8...................Gaining to use new average direction of P0 P8 instead of biggest increase direction 1 :

Powell iter=23 Big Iter=12 -2*LL=4056.481230265265 gain=0.00045 0 sec. 6 sec.
#model=  1      +     age 
12   -5.8371949    0.0443094 
13  -12.5762156    0.1040789 
21   -0.8441764   -0.0154659 
23   -9.5109142    0.0843558 
1....................2.......3..........4..............5..........6.................7..............8.......directest= 0.000449320838 (if directest<0 or t<0 we include P0 Pn as new direction), t= -0.000000000006, f1= 4056.481230265265,f2= 4056.481187705137,f3= 4056.481657836602, del= 0.000031685378
f1-2f2+f3= 0.000512691594, f1-f2-del= 0.000010874751, f1-f3= -0.000427571336

Powell iter=24 Big Iter=13 -2*LL=4056.481187705137 gain=4.26e-005 1 sec. 7 sec.
#model=  1      +     age 
12   -5.8380423    0.0443208 
13  -12.5736473    0.1040577 
21   -0.8445738   -0.0154589 
23   -9.5094249    0.0843353 
1..............2...................3..............4...............5.................6.....................7.................8.............
Powell iter=25 Big Iter=13 -2*LL=4056.481187053842 gain=6.51e-007 0 sec. 7 sec.
#model=  1      +     age 
12   -5.8381757    0.0443225 
13  -12.5730691    0.1040518 
21   -0.8445707   -0.0154589 
23   -9.5094958    0.0843360 
1..............2..............3.......................4...................5..................6........................7......................8..................
Powell iter=26 Big Iter=14 -2*LL=4056.481187048166 gain=5.68e-009 2 sec. 9 sec.
#model=  1      +     age 
12   -5.8381823    0.0443226 
13  -12.5730289    0.1040514 
21   -0.8445682   -0.0154589 
23   -9.5094929    0.0843359 
1..................................2....................3..........................4......................5................6.................7......................8..............................
Powell iter=27 Big Iter=14 -2*LL=4056.481187048115 gain=5.09e-011 1 sec. 10 sec.
#model=  1      +     age 
12   -5.8381828    0.0443226 
13  -12.5730282    0.1040514 
21   -0.8445682   -0.0154589 
23   -9.5094928    0.0843359 
1.....................................2.................................3..........................4...........................5............................6....................7.......................8..............................
#Number of iterations & function calls = 27 & 3976, -2 Log likelihood = 4056.481187048115
# Parameters nlstate*nlstate*ncov a12*1 + b12 * age + ...
#model=  1      +     age 
12   -5.8381828    0.0443226 
13  -12.5730282    0.1040514 
21   -0.8445682   -0.0154589 
23   -9.5094928    0.0843359 

Calculation of the hessian matrix. Wait...
1-2-3-4-5-6-7-8-.1-2.1-3.1-4.1-5.1-6.1-7.1-8.2-3.2-4.2-5.2-6.2-7.2-8.3-4.3-5.3-6.3-7.3-8.4-5.4-6.4-7.4-8.5-6.5-7.5-8.6-7.6-8.7-8

Inverting the hessian to get the covariance matrix. Wait...

#Hessian matrix#
2.798912e+002 1.970200e+004 9.088800e+000 7.238380e+002 -7.076713e+001 -5.062218e+003 -9.153200e+000 -7.299154e+002 
1.970200e+004 1.413944e+006 7.160989e+002 5.795915e+004 -5.056413e+003 -3.691581e+005 -7.284236e+002 -5.896650e+004 
9.088800e+000 7.160989e+002 2.509711e+001 1.889943e+003 -7.608519e+000 -5.957471e+002 1.495249e+001 1.179534e+003 
7.238380e+002 5.795915e+004 1.889943e+003 1.441229e+005 -6.000312e+002 -4.777930e+004 1.179169e+003 9.445245e+004 
-7.076713e+001 -5.056413e+003 -7.608519e+000 -6.000312e+002 2.163305e+002 1.526783e+004 -8.049991e+000 -6.491483e+002 
-5.062218e+003 -3.691581e+005 -5.957471e+002 -4.777930e+004 1.526783e+004 1.102970e+006 -6.477748e+002 -5.260723e+004 
-9.153200e+000 -7.284236e+002 1.495249e+001 1.179169e+003 -8.049991e+000 -6.477748e+002 9.890034e+001 7.958563e+003 
-7.299154e+002 -5.896650e+004 1.179534e+003 9.445245e+004 -6.491483e+002 -5.260723e+004 7.958563e+003 6.467477e+005 
Parameters, Wald tests and Wald-based confidence intervals
 W is simply the result of the division of the parameter by the square root of covariance of the parameter.
 And Wald-based confidence intervals plus and minus 1.96 * W 
  It might be better to visualize the covariance matrix. See the page 'Matrix of variance-covariance of one-step probabilities' and its graphs.
12   -5.8381828(   0.4627355) W= -12.617 CI=[  -6.7451445 ;   -4.9312212]    0.0443226(   0.0065538) W=   6.763 CI=[   0.0314772 ;    0.0571680] 
13  -12.5730282(   2.0246762) W=  -6.210 CI=[ -16.5413935 ;   -8.6046628]    0.1040514(   0.0268972) W=   3.868 CI=[   0.0513329 ;    0.1567699] 
21   -0.8445682(   0.4694099) W=  -1.799 CI=[  -1.7646117 ;    0.0754753]   -0.0154589(   0.0066002) W=  -2.342 CI=[  -0.0283954 ;   -0.0025225] 
23   -9.5094928(   1.1197064) W=  -8.493 CI=[ -11.7041174 ;   -7.3148682]    0.0843359(   0.0139258) W=   6.056 CI=[   0.0570414 ;    0.1116304] 
# Scales (for hessian or gradient estimation)
12 1.00000e-004 1.00000e-006
13 1.00000e-003 2.00000e-005
21 1.00000e-004 1.00000e-006
23 1.00000e-003 1.00000e-005
# Covariance matrix 
# 121 Var(a12)
# 122 Cov(b12,a12) Var(b12)
#   ...
# 232 Cov(b23,a12)  Cov(b23,b12) ... Var (b23)
#121 Var(a12)
#122 Cov(b12,a12) Var(b12)
#131 Cov(a13,a12) Cov(a13,b12) Var(a13)
#132 Cov(b13,a12) Cov(b13,b12) Cov(b13,a13) Var(b13)
#211 Cov(a21,a12) Cov(a21,b12) Cov(a21,a13) Cov(a21,b13) Var(a21)
#212 Cov(b21,a12) Cov(b21,b12) Cov(b21,a13) Cov(b21,b13) Cov(b21,a21) Var(b21)
#231 Cov(a23,a12) Cov(a23,b12) Cov(a23,a13) Cov(a23,b13) Cov(a23,a21) Cov(a23,b21) Var(a23)
#232 Cov(b23,a12) Cov(b23,b12) Cov(b23,a13) Cov(b23,b13) Cov(b23,a21) Cov(b23,b21) Cov(b23,a23) Var(b23)
121 2.1412417e-001
122 -3.00435e-003 4.2952185e-005
131 -1.76967e-001 2.61156e-003 4.0993137e+000
132 2.46734e-003 -3.66384e-005 -5.41553e-002 7.2345808e-004
211 5.64160e-002 -7.94444e-004 7.13010e-002 -9.82020e-004 2.2034569e-001
212 -7.96125e-004 1.14667e-005 -1.03538e-003 1.44019e-005 -3.06223e-003 4.3563222e-005
231 6.95370e-002 -9.96354e-004 -9.30500e-001 1.21669e-002 5.34088e-003 -6.77237e-005 1.2537425e+000
232 -9.33665e-004 1.35092e-005 1.19087e-002 -1.56978e-004 -8.90281e-005 1.23525e-006 -1.55203e-002 1.9392695e-004
# agemin agemax for life expectancy, bage fage (if mle==0 ie no data nor Max likelihood).
# Observed prevalence period
begin-prev-date=1/1/2016 end-prev-date=1/9/2018 mov_average=0
# Health expectancies computed from stable (period) prevalence (pop_based=0) or population based (1)
pop_based=0
# Prevalence forecasting and backcasting is skept here
##prevforecast=0  starting-proj-date=1/1/1989 final-proj-date=1/1/1990 mobil_average=0
#prevforecast=1 yearsfproj=10 mobil_average=0
#prevbackcast=1 yearsbproj=10 mobil_average=1
result:  .
End of resultlines.

Computing forward period (stable) prevalence: result on file 'PL_EEFgali.txt' 
#************
Computing pij: result on file 'PIJ_EEFgali.txt' 
Computing standard deviation of one-step probabilities: result on file 'PROB_rEEFgali.txt' 
Computing matrix of variance covariance of one-step probabilities: result on file 'PROBCOV_EEFgali.txt' 
and correlation matrix of one-step probabilities: result on file 'PROBCOR_EEFgali.txt' 
50 13-12 mu 1.2256e-003 5.2032e-002 Var 7.3998e-007 5.4160e-005 cor -0.152 cov -9.6070e-007 Eig 5.418e-005 7.227e-007 1stv 0.018 -1.000 tan -55.623
55 13-12 mu 2.0480e-003 6.4497e-002 Var 1.3865e-006 5.2961e-005 cor -0.138 cov -1.1808e-006 Eig 5.299e-005 1.360e-006 1stv 0.023 -1.000 tan -43.699
60 13-12 mu 3.4160e-003 7.9804e-002 Var 2.3895e-006 4.8402e-005 cor -0.117 cov -1.2608e-006 Eig 4.844e-005 2.355e-006 1stv 0.027 -1.000 tan -36.523
65 13-12 mu 5.6843e-003 9.8513e-002 Var 3.7241e-006 4.4229e-005 cor -0.092 cov -1.1841e-006 Eig 4.426e-005 3.690e-006 1stv 0.029 -1.000 tan -34.236
70 13-12 mu 9.4301e-003 1.2124e-001 Var 5.5194e-006 5.1772e-005 cor -0.097 cov -1.6340e-006 Eig 5.183e-005 5.462e-006 1stv 0.035 -0.999 tan -28.342
75 13-12 mu 1.5581e-002 1.4860e-001 Var 1.0953e-005 9.6814e-005 cor -0.190 cov -6.1774e-006 Eig 9.726e-005 1.051e-005 1stv 0.071 -0.997 tan -13.971
80 13-12 mu 2.5607e-002 1.8116e-001 Var 4.1932e-005 2.3015e-004 cor -0.289 cov -2.8406e-005 Eig 2.343e-004 3.774e-005 1stv 0.146 -0.989 tan -6.774
85 13-12 mu 4.1778e-002 2.1926e-001 Var 2.0466e-004 5.4302e-004 cor -0.344 cov -1.1458e-004 Eig 5.782e-004 1.695e-004 1stv 0.293 -0.956 tan -3.260
90 13-12 mu 6.7493e-002 2.6277e-001 Var 9.1991e-004 1.1912e-003 cor -0.396 cov -4.1421e-004 Eig 1.491e-003 6.197e-004 1stv 0.587 -0.810 tan -1.380
50 21-12 mu 3.2971e-001 5.2032e-002 Var 1.7461e-003 5.4160e-005 cor 0.250 cov 7.6972e-005 Eig 1.750e-003 5.067e-005 1stv 0.999 0.045 tan 0.045
55 21-12 mu 3.0829e-001 6.4497e-002 Var 1.0390e-003 5.2961e-005 cor 0.249 cov 5.8342e-005 Eig 1.042e-003 4.952e-005 1stv 0.998 0.059 tan 0.059
60 21-12 mu 2.8769e-001 7.9804e-002 Var 5.8897e-004 4.8402e-005 cor 0.249 cov 4.2082e-005 Eig 5.922e-004 4.515e-005 1stv 0.997 0.077 tan 0.077
65 21-12 mu 2.6776e-001 9.8513e-002 Var 3.3959e-004 4.4229e-005 cor 0.257 cov 3.1517e-005 Eig 3.429e-004 4.090e-005 1stv 0.994 0.105 tan 0.106
70 21-12 mu 2.4835e-001 1.2124e-001 Var 2.4091e-004 5.1772e-005 cor 0.275 cov 3.0746e-005 Eig 2.458e-004 4.690e-005 1stv 0.988 0.157 tan 0.158
75 21-12 mu 2.2921e-001 1.4860e-001 Var 2.4865e-004 9.6814e-005 cor 0.285 cov 4.4154e-005 Eig 2.606e-004 8.491e-005 1stv 0.966 0.260 tan 0.270
80 21-12 mu 2.1007e-001 1.8116e-001 Var 3.2341e-004 2.3015e-004 cor 0.275 cov 7.5138e-005 Eig 3.652e-004 1.884e-004 1stv 0.874 0.486 tan 0.556
85 21-12 mu 1.9062e-001 2.1926e-001 Var 4.3037e-004 5.4302e-004 cor 0.255 cov 1.2339e-004 Eig 6.223e-004 3.511e-004 1stv 0.541 0.841 tan 1.556
90 21-12 mu 1.7054e-001 2.6277e-001 Var 5.4014e-004 1.1912e-003 cor 0.224 cov 1.7977e-004 Eig 1.238e-003 4.938e-004 1stv 0.250 0.968 tan 3.879
50 23-12 mu 8.3565e-003 5.2032e-002 Var 1.2947e-005 5.4160e-005 cor 0.095 cov 2.5157e-006 Eig 5.431e-005 1.279e-005 1stv 0.061 0.998 tan 16.443
55 23-12 mu 1.2869e-002 6.4497e-002 Var 2.1804e-005 5.2961e-005 cor 0.089 cov 3.0136e-006 Eig 5.325e-005 2.152e-005 1stv 0.095 0.995 tan 10.434
60 23-12 mu 1.9779e-002 7.9804e-002 Var 3.4340e-005 4.8402e-005 cor 0.078 cov 3.1987e-006 Eig 4.910e-005 3.365e-005 1stv 0.212 0.977 tan 4.613
65 23-12 mu 3.0321e-002 9.8513e-002 Var 4.9455e-005 4.4229e-005 cor 0.063 cov 2.9313e-006 Eig 5.077e-005 4.292e-005 1stv 0.913 0.409 tan 0.448
70 23-12 mu 4.6318e-002 1.2124e-001 Var 6.3703e-005 5.1772e-005 cor 0.049 cov 2.7975e-006 Eig 6.433e-005 5.115e-005 1stv 0.976 0.217 tan 0.223
75 23-12 mu 7.0408e-002 1.4860e-001 Var 7.6117e-005 9.6814e-005 cor 0.071 cov 6.0634e-006 Eig 9.846e-005 7.447e-005 1stv 0.262 0.965 tan 3.685
80 23-12 mu 1.0628e-001 1.8116e-001 Var 1.1731e-004 2.3015e-004 cor 0.146 cov 2.3911e-005 Eig 2.350e-004 1.125e-004 1stv 0.199 0.980 tan 4.922
85 23-12 mu 1.5884e-001 2.1926e-001 Var 3.5012e-004 5.4302e-004 cor 0.203 cov 8.8665e-005 Eig 5.776e-004 3.156e-004 1stv 0.363 0.932 tan 2.565
90 23-12 mu 2.3407e-001 2.6277e-001 Var 1.3183e-003 1.1912e-003 cor 0.228 cov 2.8579e-004 Eig 1.547e-003 9.619e-004 1stv 0.780 0.626 tan 0.802
50 21-13 mu 3.2971e-001 1.2256e-003 Var 1.7461e-003 7.3998e-007 cor 0.065 cov 2.3232e-006 Eig 1.746e-003 7.369e-007 1stv 1.000 0.001 tan 0.001
55 21-13 mu 3.0829e-001 2.0480e-003 Var 1.0390e-003 1.3865e-006 cor 0.062 cov 2.3536e-006 Eig 1.039e-003 1.381e-006 1stv 1.000 0.002 tan 0.002
60 21-13 mu 2.8769e-001 3.4160e-003 Var 5.8897e-004 2.3895e-006 cor 0.058 cov 2.1877e-006 Eig 5.890e-004 2.381e-006 1stv 1.000 0.004 tan 0.004
65 21-13 mu 2.6776e-001 5.6843e-003 Var 3.3959e-004 3.7241e-006 cor 0.054 cov 1.9068e-006 Eig 3.396e-004 3.713e-006 1stv 1.000 0.006 tan 0.006
70 21-13 mu 2.4835e-001 9.4301e-003 Var 2.4091e-004 5.5194e-006 cor 0.054 cov 1.9540e-006 Eig 2.409e-004 5.503e-006 1stv 1.000 0.008 tan 0.008
75 21-13 mu 2.2921e-001 1.5581e-002 Var 2.4865e-004 1.0953e-005 cor 0.072 cov 3.7611e-006 Eig 2.487e-004 1.089e-005 1stv 1.000 0.016 tan 0.016
80 21-13 mu 2.1007e-001 2.5607e-002 Var 3.2341e-004 4.1932e-005 cor 0.098 cov 1.1388e-005 Eig 3.239e-004 4.147e-005 1stv 0.999 0.040 tan 0.040
85 21-13 mu 1.9062e-001 4.1778e-002 Var 4.3037e-004 2.0466e-004 cor 0.120 cov 3.5640e-005 Eig 4.359e-004 1.992e-004 1stv 0.988 0.152 tan 0.154
90 21-13 mu 1.7054e-001 6.7493e-002 Var 5.4014e-004 9.1991e-004 cor 0.147 cov 1.0329e-004 Eig 9.462e-004 5.139e-004 1stv 0.247 0.969 tan 3.931
50 23-13 mu 8.3565e-003 1.2256e-003 Var 1.2947e-005 7.3998e-007 cor -0.396 cov -1.2271e-006 Eig 1.307e-005 6.179e-007 1stv 0.995 -0.099 tan -0.100
55 23-13 mu 1.2869e-002 2.0480e-003 Var 2.1804e-005 1.3865e-006 cor -0.390 cov -2.1432e-006 Eig 2.203e-005 1.164e-006 1stv 0.995 -0.103 tan -0.104
60 23-13 mu 1.9779e-002 3.4160e-003 Var 3.4340e-005 2.3895e-006 cor -0.379 cov -3.4375e-006 Eig 3.471e-005 2.024e-006 1stv 0.994 -0.106 tan -0.106
65 23-13 mu 3.0321e-002 5.6843e-003 Var 4.9455e-005 3.7241e-006 cor -0.362 cov -4.9092e-006 Eig 4.998e-005 3.203e-006 1stv 0.994 -0.106 tan -0.106
70 23-13 mu 4.6318e-002 9.4301e-003 Var 6.3703e-005 5.5194e-006 cor -0.329 cov -6.1624e-006 Eig 6.435e-005 4.874e-006 1stv 0.995 -0.104 tan -0.105
75 23-13 mu 7.0408e-002 1.5581e-002 Var 7.6117e-005 1.0953e-005 cor -0.291 cov -8.3952e-006 Eig 7.718e-005 9.889e-006 1stv 0.992 -0.126 tan -0.127
80 23-13 mu 1.0628e-001 2.5607e-002 Var 1.1731e-004 4.1932e-005 cor -0.343 cov -2.4070e-005 Eig 1.243e-004 3.490e-005 1stv 0.960 -0.280 tan -0.292
85 23-13 mu 1.5884e-001 4.1778e-002 Var 3.5012e-004 2.0466e-004 cor -0.423 cov -1.1329e-004 Eig 4.120e-004 1.428e-004 1stv 0.878 -0.479 tan -0.546
90 23-13 mu 2.3407e-001 6.7493e-002 Var 1.3183e-003 9.1991e-004 cor -0.446 cov -4.9153e-004 Eig 1.649e-003 5.887e-004 1stv 0.829 -0.559 tan -0.674
50 23-21 mu 8.3565e-003 3.2971e-001 Var 1.2947e-005 1.7461e-003 cor -0.063 cov -9.5183e-006 Eig 1.746e-003 1.289e-005 1stv 0.005 -1.000 tan -182.092
55 23-21 mu 1.2869e-002 3.0829e-001 Var 2.1804e-005 1.0390e-003 cor -0.065 cov -9.7579e-006 Eig 1.039e-003 2.171e-005 1stv 0.010 -1.000 tan -104.255
60 23-21 mu 1.9779e-002 2.8769e-001 Var 3.4340e-005 5.8897e-004 cor -0.070 cov -9.9359e-006 Eig 5.891e-004 3.416e-005 1stv 0.018 -1.000 tan -55.839
65 23-21 mu 3.0321e-002 2.6776e-001 Var 4.9455e-005 3.3959e-004 cor -0.078 cov -1.0087e-005 Eig 3.399e-004 4.910e-005 1stv 0.035 -0.999 tan -28.800
70 23-21 mu 4.6318e-002 2.4835e-001 Var 6.3703e-005 2.4091e-004 cor -0.083 cov -1.0318e-005 Eig 2.415e-004 6.310e-005 1stv 0.058 -0.998 tan -17.233
75 23-21 mu 7.0408e-002 2.2921e-001 Var 7.6117e-005 2.4865e-004 cor -0.084 cov -1.1598e-005 Eig 2.494e-004 7.534e-005 1stv 0.067 -0.998 tan -14.943
80 23-21 mu 1.0628e-001 2.1007e-001 Var 1.1731e-004 3.2341e-004 cor -0.097 cov -1.8903e-005 Eig 3.251e-004 1.156e-004 1stv 0.091 -0.996 tan -10.994
85 23-21 mu 1.5884e-001 1.9062e-001 Var 3.5012e-004 4.3037e-004 cor -0.129 cov -5.0257e-005 Eig 4.546e-004 3.259e-004 1stv 0.434 -0.901 tan -2.078
90 23-21 mu 2.3407e-001 1.7054e-001 Var 1.3183e-003 5.4014e-004 cor -0.184 cov -1.5554e-004 Eig 1.348e-003 5.102e-004 1stv 0.982 -0.189 tan -0.192
Prevalence combination of varying and fixed dummies 1
Warning Observed prevalence doesn't sum to 1 for state 2: probs[50][2][1]=0.000000 because of lack of cases.
Warning Observed prevalence doesn't sum to 1 for state 1: probs[51][1][1]=0.000000 because of lack of cases.
Warning Observed prevalence doesn't sum to 1 for state 2: probs[51][2][1]=0.000000 because of lack of cases.
Warning Observed prevalence doesn't sum to 1 for state 1: probs[52][1][1]=0.000000 because of lack of cases.
Warning Observed prevalence doesn't sum to 1 for state 2: probs[52][2][1]=0.000000 because of lack of cases.
Warning Observed prevalence doesn't sum to 1 for state 1: probs[53][1][1]=0.000000 because of lack of cases.
Warning Observed prevalence doesn't sum to 1 for state 2: probs[53][2][1]=0.000000 because of lack of cases.
Warning Observed prevalence doesn't sum to 1 for state 1: probs[54][1][1]=0.000000 because of lack of cases.
Warning Observed prevalence doesn't sum to 1 for state 2: probs[54][2][1]=0.000000 because of lack of cases.
Warning Observed prevalence doesn't sum to 1 for state 1: probs[55][1][1]=0.000000 because of lack of cases.
Warning Observed prevalence doesn't sum to 1 for state 2: probs[55][2][1]=0.000000 because of lack of cases.
Warning Observed prevalence doesn't sum to 1 for state 1: probs[56][1][1]=0.000000 because of lack of cases.
Warning Observed prevalence doesn't sum to 1 for state 2: probs[56][2][1]=0.000000 because of lack of cases.
Warning Observed prevalence doesn't sum to 1 for state 1: probs[57][1][1]=0.000000 because of lack of cases.
Warning Observed prevalence doesn't sum to 1 for state 2: probs[57][2][1]=0.000000 because of lack of cases.
Warning Observed prevalence doesn't sum to 1 for state 1: probs[58][1][1]=0.000000 because of lack of cases.
Warning Observed prevalence doesn't sum to 1 for state 2: probs[58][2][1]=0.000000 because of lack of cases.
Warning Observed prevalence doesn't sum to 1 for state 1: probs[59][1][1]=0.000000 because of lack of cases.
Warning Observed prevalence doesn't sum to 1 for state 2: probs[59][2][1]=0.000000 because of lack of cases.
Warning Observed prevalence doesn't sum to 1 for state 1: probs[60][1][1]=0.000000 because of lack of cases.
Warning Observed prevalence doesn't sum to 1 for state 2: probs[60][2][1]=0.000000 because of lack of cases.
Warning Observed prevalence doesn't sum to 1 for state 1: probs[61][1][1]=0.000000 because of lack of cases.
Warning Observed prevalence doesn't sum to 1 for state 2: probs[61][2][1]=0.000000 because of lack of cases.
Warning Observed prevalence doesn't sum to 1 for state 1: probs[62][1][1]=0.000000 because of lack of cases.
Warning Observed prevalence doesn't sum to 1 for state 2: probs[62][2][1]=0.000000 because of lack of cases.
Warning Observed prevalence doesn't sum to 1 for state 1: probs[63][1][1]=0.000000 because of lack of cases.
Warning Observed prevalence doesn't sum to 1 for state 2: probs[63][2][1]=0.000000 because of lack of cases.
Warning Observed prevalence doesn't sum to 1 for state 1: probs[64][1][1]=0.000000 because of lack of cases.
Warning Observed prevalence doesn't sum to 1 for state 2: probs[64][2][1]=0.000000 because of lack of cases.
Warning Observed prevalence doesn't sum to 1 for state 1: probs[65][1][1]=0.000000 because of lack of cases.
Warning Observed prevalence doesn't sum to 1 for state 2: probs[65][2][1]=0.000000 because of lack of cases.
Warning Observed prevalence doesn't sum to 1 for state 1: probs[66][1][1]=0.000000 because of lack of cases.
Warning Observed prevalence doesn't sum to 1 for state 2: probs[66][2][1]=0.000000 because of lack of cases.
Warning Observed prevalence doesn't sum to 1 for state 1: probs[67][1][1]=0.000000 because of lack of cases.
Warning Observed prevalence doesn't sum to 1 for state 2: probs[67][2][1]=0.000000 because of lack of cases.
Warning Observed prevalence doesn't sum to 1 for state 1: probs[68][1][1]=0.000000 because of lack of cases.
Warning Observed prevalence doesn't sum to 1 for state 2: probs[68][2][1]=0.000000 because of lack of cases.
Warning Observed prevalence doesn't sum to 1 for state 1: probs[69][1][1]=0.000000 because of lack of cases.
Warning Observed prevalence doesn't sum to 1 for state 2: probs[69][2][1]=0.000000 because of lack of cases.
Warning Observed prevalence doesn't sum to 1 for state 1: probs[70][1][1]=0.000000 because of lack of cases.
Warning Observed prevalence doesn't sum to 1 for state 2: probs[70][2][1]=0.000000 because of lack of cases.
Warning Observed prevalence doesn't sum to 1 for state 1: probs[71][1][1]=0.000000 because of lack of cases.
Warning Observed prevalence doesn't sum to 1 for state 2: probs[71][2][1]=0.000000 because of lack of cases.
Warning Observed prevalence doesn't sum to 1 for state 1: probs[72][1][1]=0.000000 because of lack of cases.
Warning Observed prevalence doesn't sum to 1 for state 2: probs[72][2][1]=0.000000 because of lack of cases.
Warning Observed prevalence doesn't sum to 1 for state 1: probs[73][1][1]=0.000000 because of lack of cases.
Warning Observed prevalence doesn't sum to 1 for state 2: probs[73][2][1]=0.000000 because of lack of cases.
Warning Observed prevalence doesn't sum to 1 for state 1: probs[74][1][1]=0.000000 because of lack of cases.
Warning Observed prevalence doesn't sum to 1 for state 2: probs[74][2][1]=0.000000 because of lack of cases.
Warning Observed prevalence doesn't sum to 1 for state 1: probs[75][1][1]=0.000000 because of lack of cases.
Warning Observed prevalence doesn't sum to 1 for state 2: probs[75][2][1]=0.000000 because of lack of cases.
Warning Observed prevalence doesn't sum to 1 for state 1: probs[76][1][1]=0.000000 because of lack of cases.
Warning Observed prevalence doesn't sum to 1 for state 2: probs[76][2][1]=0.000000 because of lack of cases.
Warning Observed prevalence doesn't sum to 1 for state 1: probs[77][1][1]=0.000000 because of lack of cases.
Warning Observed prevalence doesn't sum to 1 for state 2: probs[77][2][1]=0.000000 because of lack of cases.
Warning Observed prevalence doesn't sum to 1 for state 1: probs[78][1][1]=0.000000 because of lack of cases.
Warning Observed prevalence doesn't sum to 1 for state 2: probs[78][2][1]=0.000000 because of lack of cases.
Warning Observed prevalence doesn't sum to 1 for state 1: probs[79][1][1]=0.000000 because of lack of cases.
Warning Observed prevalence doesn't sum to 1 for state 2: probs[79][2][1]=0.000000 because of lack of cases.
Warning Observed prevalence doesn't sum to 1 for state 1: probs[80][1][1]=0.000000 because of lack of cases.
Warning Observed prevalence doesn't sum to 1 for state 2: probs[80][2][1]=0.000000 because of lack of cases.
Warning Observed prevalence doesn't sum to 1 for state 1: probs[81][1][1]=0.000000 because of lack of cases.
Warning Observed prevalence doesn't sum to 1 for state 2: probs[81][2][1]=0.000000 because of lack of cases.
Warning Observed prevalence doesn't sum to 1 for state 1: probs[82][1][1]=0.000000 because of lack of cases.
Warning Observed prevalence doesn't sum to 1 for state 2: probs[82][2][1]=0.000000 because of lack of cases.
Warning Observed prevalence doesn't sum to 1 for state 1: probs[83][1][1]=0.000000 because of lack of cases.
Warning Observed prevalence doesn't sum to 1 for state 2: probs[83][2][1]=0.000000 because of lack of cases.
Warning Observed prevalence doesn't sum to 1 for state 1: probs[84][1][1]=0.000000 because of lack of cases.
Warning Observed prevalence doesn't sum to 1 for state 2: probs[84][2][1]=0.000000 because of lack of cases.
Warning Observed prevalence doesn't sum to 1 for state 1: probs[85][1][1]=0.000000 because of lack of cases.
Warning Observed prevalence doesn't sum to 1 for state 2: probs[85][2][1]=0.000000 because of lack of cases.
Warning Observed prevalence doesn't sum to 1 for state 1: probs[86][1][1]=0.000000 because of lack of cases.
Warning Observed prevalence doesn't sum to 1 for state 2: probs[86][2][1]=0.000000 because of lack of cases.
Warning Observed prevalence doesn't sum to 1 for state 1: probs[87][1][1]=0.000000 because of lack of cases.
Warning Observed prevalence doesn't sum to 1 for state 2: probs[87][2][1]=0.000000 because of lack of cases.
Warning Observed prevalence doesn't sum to 1 for state 1: probs[88][1][1]=0.000000 because of lack of cases.
Warning Observed prevalence doesn't sum to 1 for state 2: probs[88][2][1]=0.000000 because of lack of cases.
Warning Observed prevalence doesn't sum to 1 for state 1: probs[89][1][1]=0.000000 because of lack of cases.
Warning Observed prevalence doesn't sum to 1 for state 2: probs[89][2][1]=0.000000 because of lack of cases.
Warning Observed prevalence doesn't sum to 1 for state 1: probs[90][1][1]=0.000000 because of lack of cases.
Warning Observed prevalence doesn't sum to 1 for state 2: probs[90][2][1]=0.000000 because of lack of cases.
Computing Health Expectancies: result on file 'E_EEFgali.txt' ...50|51|52|53|54|55|56|57|58|59|60|61|62|63|64|65|66|67|68|69|70|71|72|73|74|75|76|77|78|79|80|81|82|83|84|85|86|87|88|89|90|
done evsij
Computing Total Life expectancies with their standard errors: file 'T_EEFgali.txt' ...
  Computing State-specific Expectancies and standard errors: result on file 'STDE_EEFgali.txt' 
    Computing Covar. of State-specific Expectancies: result on file 'CVE_EEFgali.txt' 
      Computing Variance-covariance of State-specific Expectancies: file 'V_EEFgali.txt' ... 
# model  
#****** Result for:******
 cvevsij 50|51|52|53|54|55|56|57|58|59|60|61|62|63|64|65|66|67|68|69|70|71|72|73|74|75|76|77|78|79|80|81|82|83|84|85|86|87|88|89|90|
 end cvevsij 
 varevsij vpopbased=0 
Computing total mortality p.j=w1*p1j+w2*p2j+..: result on file 'PRMORPREV-1-STABLBASED_EEFgali.txt' 
Computing age specific forward period (stable) prevalences in each health state 
done selection
done State-specific expectancies
Computing Variance-covariance of forward period (stable) prevalence: file 'VPL_EEFgali.txt' ...
#****** ******
done variance-covariance of forward period prevalence
End of Imach
Local time at start Tue Feb 04 20:24:32 2025

Local time at end   Tue Feb 04 20:25:00 2025

Total time used 0 day(s) 0 hour(s) 0 minute(s) 28 second(s)
Total time was 28 Sec.
