Log filename:ESFadl.log
Version 0.99r45 $Revision: 1.353 $ $Date: 2023/05/08 18:48:22 $
Enter the parameter file name: 
pathimach=C:\PROGRA~1\IMACH-~2.99R\bin\
pathtot=C:\Users\mmusz\Dropbox\gender_paradox\data\IMACHnew\ESFadl.txt
 path=C:\Users\mmusz\Dropbox\gender_paradox\data\IMACHnew\ 
 optionfile=ESFadl.txt
 optionfilext=txt
 optionfilefiname='ESFadl'
Compiled with: Microsoft Visual Studio for Windows (x64 and x86)  64-bit
The programm is not running under WOW64 (i.e probably on a 64bit Windows).
Local time (at start): Tue Feb 04 22:03:38 2025
title=adl datafile=dataESFadl.txt lastobs=5000 firstpass=1 lastpass=2
ftol=1.000000e-018 stepm=6 ncovcol=0 nqv=0 ntv=0 nqtv=0 nlstate=2 ndeath=1 maxwav=2 mle=1 weight=1
model=1+age+
12 -10.467772 0.106546
13 -13.920956 0.135113
21 -0.672815 -0.011712
23 -8.930342 0.086229
# Scales (for hessian or gradient estimation)
12 0.000000e+000 0.000000e+000
13 0.000000e+000 0.000000e+000
21 0.000000e+000 0.000000e+000
23 0.000000e+000 0.000000e+000
# Covariance matrix
121 0.00000e+000
122 0.00000e+000 0.00000e+000
131 0.00000e+000 0.00000e+000 0.00000e+000
132 0.00000e+000 0.00000e+000 0.00000e+000 0.00000e+000
211 0.00000e+000 0.00000e+000 0.00000e+000 0.00000e+000 0.00000e+000
212 0.00000e+000 0.00000e+000 0.00000e+000 0.00000e+000 0.00000e+000 0.00000e+000
231 0.00000e+000 0.00000e+000 0.00000e+000 0.00000e+000 0.00000e+000 0.00000e+000 0.00000e+000
232 0.00000e+000 0.00000e+000 0.00000e+000 0.00000e+000 0.00000e+000 0.00000e+000 0.00000e+000 0.00000e+000

Model=1+age+
Typevar: 0 for simple covariate (dummy, quantitative, fixed or varying), 1 for age product, 2 for  product, 3 for double product with age  
Fixed[k] 0=fixed (product or simple), 1 varying, 2 fixed with age product, 3 varying with age product 
Dummy[k] 0=dummy (0 1), 1 quantitative (single or product without age), 2 dummy with age product, 3 quant with age product
ncoveff=0, nqfveff=0, ntveff=0, nqtveff=0, cptcovn=0
ncovf=0, ncovv=0, ncova=0, nsd=0, nsq=0
Warning: The value of parameter lastobs=5000 is big compared to the 
  effective number of cases imx=2354, please adjust, 
  otherwise you are allocating more memory than necessary.
Total number of individuals= 2354, Agemin = 51.08, Agemax= 93.08

Information, you have to check 0 informations which haven't been logged!
Delay (in months) between two waves Min=1 (for indiviudal 2142) Max=33 (1399) Mean=24.514444

 Age 51 1.=3 loss[1]=0.0% 2.=0 loss[2]=0.0% 1.=3 prev[1]=99.9% 2.=0 prev[2]=0.1% 11=3 21=0
Age 52 1.=2 loss[1]=0.0% 2.=0 loss[2]=0.0% 1.=2 prev[1]=98.4% 2.=0 prev[2]=1.6% 11=2 22=0
Age 53 1.=1 loss[1]=0.0% 2.=0 loss[2]=0.0% 1.=1 prev[1]=100.0% 2.=0 prev[2]=0.0% 11=1 21=0
Age 54 1.=5 loss[1]=0.0% 2.=0 loss[2]=0.0% 1.=5 prev[1]=99.2% 2.=0 prev[2]=0.8% 11=5 12=0 22=0
Age 55 1.=6 loss[1]=0.0% 2.=0 loss[2]=NaNQ% 1.=6 prev[1]=100.0% 2.=0 prev[2]=0.0% 11=6 12=0 13=0
Age 56 1.=5 loss[1]=0.0% 2.=0 loss[2]=0.0% 1.=5 prev[1]=99.6% 2.=0 prev[2]=0.4% 11=5 12=0 22=0
Age 57 1.=3 loss[1]=0.0% 2.=1 loss[2]=0.0% 1.=3 prev[1]=84.4% 2.=1 prev[2]=15.6% 11=3 12=0 22=1
Age 58 1.=1 loss[1]=0.0% 2.=0 loss[2]=0.0% 1.=1 prev[1]=99.5% 2.=0 prev[2]=0.5% 11=1 12=0 13=0 21=0
Age 59 1.=1 loss[1]=0.0% 2.=0 loss[2]=0.0% 1.=1 prev[1]=99.6% 2.=0 prev[2]=0.4% 11=1 12=0 13=0 21=0
Age 60 1.=1 loss[1]=0.0% 2.=0 loss[2]=0.0% 1.=1 prev[1]=92.3% 2.=0 prev[2]=7.7% 11=1 12=0 13=0 21=0
Age 61 1.=3 loss[1]=0.0% 2.=0 loss[2]=0.0% 1.=3 prev[1]=92.7% 2.=0 prev[2]=7.3% 11=2 12=0 21=0 22=0
Age 62 1.=2 loss[1]=0.0% 2.=0 loss[2]=0.0% 1.=2 prev[1]=94.8% 2.=0 prev[2]=5.2% 11=2 12=0 21=0 23=0
Age 63 1.=2 loss[1]=0.0% 2.=0 loss[2]=0.0% 1.=2 prev[1]=93.0% 2.=0 prev[2]=7.0% 11=2 12=0 13=0 21=0
Age 64 1.=2 loss[1]=0.0% 2.=0 loss[2]=0.0% 1.=2 prev[1]=90.6% 2.=0 prev[2]=9.4% 11=2 12=0 22=0
Age 65 1.=2 loss[1]=0.0% 2.=0 loss[2]=0.0% 1.=2 prev[1]=98.5% 2.=0 prev[2]=1.5% 11=2 12=0 22=0
Age 66 1.=3 loss[1]=0.0% 2.=0 loss[2]=0.0% 1.=3 prev[1]=97.9% 2.=0 prev[2]=2.1% 11=3 12=0 21=0 22=0
Age 67 1.=2 loss[1]=0.0% 2.=0 loss[2]=0.0% 1.=2 prev[1]=89.1% 2.=0 prev[2]=10.9% 11=2 12=0 13=0 21=0 22=0 23=0
Age 68 1.=2 loss[1]=0.0% 2.=0 loss[2]=0.0% 1.=2 prev[1]=86.5% 2.=0 prev[2]=13.5% 11=2 12=0 13=0 21=0 22=0 23=0
Age 69 1.=2 loss[1]=0.0% 2.=0 loss[2]=0.0% 1.=2 prev[1]=95.8% 2.=0 prev[2]=4.2% 11=2 12=0 13=0 21=0 22=0
Age 70 1.=2 loss[1]=0.0% 2.=0 loss[2]=0.0% 1.=2 prev[1]=93.0% 2.=0 prev[2]=7.0% 11=2 12=0 21=0 22=0 23=0
Age 71 1.=2 loss[1]=0.0% 2.=0 loss[2]=0.0% 1.=2 prev[1]=88.2% 2.=0 prev[2]=11.8% 11=1 12=0 13=0 21=0 22=0 23=0
Age 72 1.=2 loss[1]=0.0% 2.=0 loss[2]=0.0% 1.=2 prev[1]=95.6% 2.=0 prev[2]=4.4% 11=2 12=0 13=0 21=0 22=0
Age 73 1.=2 loss[1]=0.0% 2.=0 loss[2]=0.0% 1.=2 prev[1]=87.4% 2.=0 prev[2]=12.6% 11=2 12=0 13=0 21=0 22=0 23=0
Age 74 1.=1 loss[1]=0.0% 2.=0 loss[2]=0.0% 1.=1 prev[1]=73.4% 2.=0 prev[2]=26.6% 11=1 12=0 13=0 21=0 22=0 23=0
Age 75 1.=1 loss[1]=0.0% 2.=0 loss[2]=0.0% 1.=1 prev[1]=81.5% 2.=0 prev[2]=18.5% 11=1 12=0 13=0 21=0 22=0 23=0
Age 76 1.=1 loss[1]=0.0% 2.=0 loss[2]=0.0% 1.=1 prev[1]=77.6% 2.=0 prev[2]=22.4% 11=1 12=0 13=0 21=0 22=0 23=0
Age 77 1.=2 loss[1]=0.0% 2.=0 loss[2]=0.0% 1.=2 prev[1]=89.9% 2.=0 prev[2]=10.1% 11=1 12=0 13=0 21=0 22=0
Age 78 1.=2 loss[1]=0.0% 2.=0 loss[2]=0.0% 1.=2 prev[1]=80.8% 2.=0 prev[2]=19.2% 11=1 12=0 13=0 21=0 22=0 23=0
Age 79 1.=2 loss[1]=0.0% 2.=0 loss[2]=0.0% 1.=2 prev[1]=89.2% 2.=0 prev[2]=10.8% 11=1 12=0 13=0 21=0 22=0 23=0
Age 80 1.=2 loss[1]=0.0% 2.=1 loss[2]=0.0% 1.=2 prev[1]=75.7% 2.=1 prev[2]=24.3% 11=1 12=0 13=0 21=0 22=0 23=0
Age 81 1.=1 loss[1]=0.0% 2.=1 loss[2]=0.0% 1.=1 prev[1]=60.7% 2.=1 prev[2]=39.3% 11=1 12=0 13=0 21=0 22=0 23=0
Age 82 1.=1 loss[1]=0.0% 2.=1 loss[2]=0.0% 1.=1 prev[1]=62.6% 2.=1 prev[2]=37.4% 11=1 12=0 13=0 21=0 22=0 23=0
Age 83 1.=1 loss[1]=0.0% 2.=0 loss[2]=0.0% 1.=1 prev[1]=71.4% 2.=0 prev[2]=28.6% 11=1 12=0 13=0 21=0 22=0 23=0
Age 84 1.=1 loss[1]=0.0% 2.=0 loss[2]=0.0% 1.=1 prev[1]=78.4% 2.=0 prev[2]=21.6% 11=1 12=0 13=0 21=0 22=0 23=0
Age 85 1.=1 loss[1]=0.0% 2.=1 loss[2]=0.0% 1.=1 prev[1]=44.7% 2.=1 prev[2]=55.3% 11=0 12=0 13=0 21=0 22=0 23=0
Age 86 1.=1 loss[1]=0.0% 2.=0 loss[2]=0.0% 1.=1 prev[1]=72.6% 2.=0 prev[2]=27.4% 11=0 12=0 13=0 21=0 22=0 23=0
Age 87 1.=1 loss[1]=0.0% 2.=1 loss[2]=0.0% 1.=1 prev[1]=54.1% 2.=1 prev[2]=45.9% 11=0 12=0 13=0 21=0 22=0 23=0
Age 88 1.=1 loss[1]=0.0% 2.=0 loss[2]=0.0% 1.=1 prev[1]=60.2% 2.=0 prev[2]=39.8% 11=0 12=0 13=0 21=0 22=0 23=0
Age 89 1.=0 loss[1]=0.0% 2.=0 loss[2]=0.0% 1.=0 prev[1]=54.0% 2.=0 prev[2]=46.0% 11=0 12=0 13=0 22=0 23=0
Age 90 1.=0 loss[1]=0.0% 2.=1 loss[2]=0.0% 1.=0 prev[1]=31.1% 2.=1 prev[2]=68.9% 11=0 12=0 13=0 21=0 22=0 23=0
Age 91 1.=0 loss[1]=0.0% 2.=0 loss[2]=NaNQ% 1.=0 prev[1]=100.0% 2.=0 prev[2]=0.0% 13=0
Age 92 1.=0 loss[1]=NaNQ% 2.=0 loss[2]=NaNQ% 1.=0 prev[1]=NaNQ% 2.=0 prev[2]=NaNQ%
Age 93 1.=0 loss[1]=NaNQ% 2.=0 loss[2]=NaNQ% 1.=0 prev[1]=NaNQ% 2.=0 prev[2]=NaNQ%
1 1.=0 loss[1]=NaNQ% 2.=0 loss[2]=NaNQ% 1.=0 prev[1]=NaNQ% 2.=0 prev[2]=NaNQ%
0 1.=0 loss[1]=NaNQ% 2.=0 loss[2]=NaNQ% 1.=0 prev[1]=NaNQ% 2.=0 prev[2]=NaNQ%
Total 1.=74 loss[1]=0.0% 2.=11 loss[2]=0.0% 1.=74 prev[1]=87.5% 2.=11 prev[2]=12.5% 11=65 12=6 13=3 21=3 22=6 23=2


12  -10.4677717 ln(6/65)=   -2.3200983 
13  -13.9209558 ln(3/65)=   -3.1799552 
21   -0.6728149 ln(3/6)=   -0.8148726 
23   -8.9303418 ln(2/6)=   -1.0255181 

 -1-1=0 -10=0 -11=0 -12=0 -13=0 0-1=0 00=0 01=0 02=0 03=0 1-1=0 10=0 11=65 12=6 13=3 2-1=0 20=0 21=3 22=6 23=2 3-1=0 30=0 31=0 32=0 33=0
Powell

Powell iter=1 Big Iter=1 -2*LL=2651.036436221546 gain=0 0 sec. 1 sec.
#model=  1      +     age 
12  -10.4677717    0.1065461 
13  -13.9209558    0.1351130 
21   -0.6728149   -0.0117118 
23   -8.9303418    0.0862292 
1.........2............3........4..................5.........6..............7........8..................
Powell iter=2 Big Iter=2 -2*LL=2488.328836784297 gain=163 1 sec. 2 sec.
#model=  1      +     age 
12  -10.9472102    0.1066307 
13  -15.0036714    0.1347895 
21   -1.1871176   -0.0114657 
23   -9.6716624    0.0861971 

Considering the time needed for this last iteration #2: 1 seconds,
   - if your program needs 1 BIG iterations  (2 iterations) to converge, convergence will be 
   reached in 0 day(s) 0 hour(s) 0 minute(s) 0 second(s) i.e.
   on Tue Feb 04 22:03:40 2025 (current time is Tue Feb 04 22:03:40 2025);
   - if your program needs 11 BIG iterations  (22 iterations) to converge, convergence will be 
   reached in 0 day(s) 0 hour(s) 0 minute(s) 20 second(s) i.e.
   on Tue Feb 04 22:04:00 2025 (current time is Tue Feb 04 22:03:40 2025);
   - if your program needs 21 BIG iterations  (42 iterations) to converge, convergence will be 
   reached in 0 day(s) 0 hour(s) 0 minute(s) 40 second(s) i.e.
   on Tue Feb 04 22:04:20 2025 (current time is Tue Feb 04 22:03:40 2025);
   - if your program needs 31 BIG iterations  (62 iterations) to converge, convergence will be 
   reached in 0 day(s) 0 hour(s) 1 minute(s) 0 second(s) i.e.
   on Tue Feb 04 22:04:40 2025 (current time is Tue Feb 04 22:03:40 2025);
1.........2..............3.........4..................5.........6...............7..........8..................
Powell iter=3 Big Iter=2 -2*LL=2478.412419320808 gain=9.92 1 sec. 3 sec.
#model=  1      +     age 
12  -11.1071908    0.1066244 
13  -14.7449292    0.1346668 
21   -1.3783820   -0.0113925 
23   -9.7609839    0.0861800 

Considering the time needed for this last iteration #3: 1 seconds,
   - if your program needs 1 BIG iterations  (2 iterations) to converge, convergence will be 
   reached in 0 day(s) 0 hour(s) 0 minute(s) -1 second(s) i.e.
   on Tue Feb 04 22:03:40 2025 (current time is Tue Feb 04 22:03:41 2025);
   - if your program needs 11 BIG iterations  (22 iterations) to converge, convergence will be 
   reached in 0 day(s) 0 hour(s) 0 minute(s) 19 second(s) i.e.
   on Tue Feb 04 22:04:00 2025 (current time is Tue Feb 04 22:03:41 2025);
   - if your program needs 21 BIG iterations  (42 iterations) to converge, convergence will be 
   reached in 0 day(s) 0 hour(s) 0 minute(s) 39 second(s) i.e.
   on Tue Feb 04 22:04:20 2025 (current time is Tue Feb 04 22:03:41 2025);
   - if your program needs 31 BIG iterations  (62 iterations) to converge, convergence will be 
   reached in 0 day(s) 0 hour(s) 0 minute(s) 59 second(s) i.e.
   on Tue Feb 04 22:04:40 2025 (current time is Tue Feb 04 22:03:41 2025);
1.........2.............3..........4..................5.........6...............7.........8..........................Gaining to use new average direction of P0 P8 instead of biggest increase direction 1 :

Powell iter=4 Big Iter=3 -2*LL=2477.759508803317 gain=0.653 0 sec. 3 sec.
#model=  1      +     age 
12  -11.1712269    0.1065861 
13  -14.7194224    0.1345419 
21   -1.4213516   -0.0113293 
23   -9.7744156    0.0861627 
1.......................2.............3..........4..................5.........6...............7..........8.......
Powell iter=5 Big Iter=3 -2*LL=2477.750709180288 gain=0.0088 1 sec. 4 sec.
#model=  1      +     age 
12  -11.1703680    0.1065750 
13  -14.7117902    0.1344367 
21   -1.4250780   -0.0112783 
23   -9.7729253    0.0861630 
1..................2.............3..........4..................5.........6...............7..........8..............Gaining to use new average direction of P0 P8 instead of biggest increase direction 3 :

Powell iter=6 Big Iter=4 -2*LL=2477.433041976752 gain=0.318 0 sec. 4 sec.
#model=  1      +     age 
12  -11.1169024    0.1059170 
13  -14.1494342    0.1273504 
21   -1.6897515   -0.0078678 
23   -9.6839579    0.0851729 
1....................2.............3.......4..................5............6...............7............8......................directest= 0.316248910308 (if directest<0 or t<0 we include P0 Pn as new direction), t= -0.000018115805, f1= 2477.433041976752,f2= 2477.432518899757,f3= 2477.748610039430, del= 0.000182653180
f1-2f2+f3= 0.316614216668, f1-f2-del= 0.000340423815, f1-f3= -0.315568062678

Powell iter=7 Big Iter=4 -2*LL=2477.432518899757 gain=0.000523 0 sec. 4 sec.
#model=  1      +     age 
12  -11.1157669    0.1059032 
13  -14.1492270    0.1273363 
21   -1.6890241   -0.0078840 
23   -9.6837985    0.0851735 
1......................2.............3.......4....................5.........6...............7..........8................Gaining to use new average direction of P0 P8 instead of biggest increase direction 2 :

Powell iter=8 Big Iter=5 -2*LL=2477.411528655193 gain=0.021 1 sec. 5 sec.
#model=  1      +     age 
12  -11.0345592    0.1048182 
13  -14.1327418    0.1270316 
21   -1.6060318   -0.0089873 
23   -9.6853825    0.0851959 
1.....................2................3.........4..................5.........6.................7..........8.......directest= 0.019530374772 (if directest<0 or t<0 we include P0 Pn as new direction), t= -0.000000849926, f1= 2477.411528655193,f2= 2477.408415152256,f3= 2477.429938648430, del= 0.002553312169
f1-2f2+f3= 0.024636999110, f1-f2-del= 0.000560190768, f1-f3= -0.018409993236

Powell iter=9 Big Iter=5 -2*LL=2477.408415152256 gain=0.00311 0 sec. 5 sec.
#model=  1      +     age 
12  -11.0246067    0.1046869 
13  -14.1307410    0.1270893 
21   -1.5951624   -0.0091294 
23   -9.6873640    0.0851990 
1.....................2........3........4..................5..........6...............7..........8.............Gaining to use new average direction of P0 P8 instead of biggest increase direction 4 :

Powell iter=10 Big Iter=6 -2*LL=2477.408234169021 gain=0.000181 1 sec. 6 sec.
#model=  1      +     age 
12  -11.0217847    0.1046529 
13  -14.1320318    0.1271283 
21   -1.5906110   -0.0091874 
23   -9.6881749    0.0852032 
1............................2...........3..........4............................5.........6....................7..................8.........................Gaining to use new average direction of P0 P8 instead of biggest increase direction 5 :

Powell iter=11 Big Iter=6 -2*LL=2477.408178224213 gain=5.59e-005 0 sec. 6 sec.
#model=  1      +     age 
12  -11.0208404    0.1046407 
13  -14.1312818    0.1271263 
21   -1.5886260   -0.0092127 
23   -9.6882974    0.0852028 
1............................2..........3...............4..........5......6................7................8................Gaining to use new average direction of P0 P8 instead of biggest increase direction 8 :

Powell iter=12 Big Iter=7 -2*LL=2477.408129751366 gain=4.85e-005 1 sec. 7 sec.
#model=  1      +     age 
12  -11.0204084    0.1046339 
13  -14.1289955    0.1271044 
21   -1.5877608   -0.0092245 
23   -9.6881840    0.0851999 
1......................2..........3..........4............5......6.......................7..................8..........Gaining to use new average direction of P0 P8 instead of biggest increase direction 5 :

Powell iter=13 Big Iter=7 -2*LL=2477.407879351785 gain=0.00025 0 sec. 7 sec.
#model=  1      +     age 
12  -11.0208193    0.1046325 
13  -14.1180593    0.1269808 
21   -1.5850798   -0.0092622 
23   -9.6872250    0.0851852 
1.....................2..........3.......4............5........6.......................7................8............Gaining to use new average direction of P0 P8 instead of biggest increase direction 8 :

Powell iter=14 Big Iter=8 -2*LL=2477.407429120035 gain=0.00045 0 sec. 7 sec.
#model=  1      +     age 
12  -11.0224426    0.1046544 
13  -14.1098098    0.1268882 
21   -1.5753321   -0.0093865 
23   -9.6868653    0.0851792 
1...........................2........3.......4..........5......6..................7...............8............Gaining to use new average direction of P0 P8 instead of biggest increase direction 5 :

Powell iter=15 Big Iter=8 -2*LL=2477.406517062305 gain=0.000912 1 sec. 8 sec.
#model=  1      +     age 
12  -11.0293530    0.1047529 
13  -14.1011587    0.1267600 
21   -1.5586653   -0.0095970 
23   -9.6862499    0.0851787 
1...........................2............3..........4..........5.....6.................7.............8......
Powell iter=16 Big Iter=9 -2*LL=2477.406343162149 gain=0.000174 0 sec. 8 sec.
#model=  1      +     age 
12  -11.0298328    0.1047616 
13  -14.1012893    0.1267486 
21   -1.5597725   -0.0095826 
23   -9.6860417    0.0851797 
1......................2.........3.........4..............5......6..................7...............8...........Gaining to use new average direction of P0 P8 instead of biggest increase direction 5 :

Powell iter=17 Big Iter=9 -2*LL=2477.406201190461 gain=0.000142 0 sec. 8 sec.
#model=  1      +     age 
12  -11.0327665    0.1047965 
13  -14.0969750    0.1266755 
21   -1.5635918   -0.0095362 
23   -9.6852552    0.0851750 
1.....................2..............3........................4.......................5..........6.....................7...........8............directest= 0.000060486869 (if directest<0 or t<0 we include P0 Pn as new direction), t= -0.000000000000, f1= 2477.406201190461,f2= 2477.406200291953,f3= 2477.406260563769, del= 0.000000341728
f1-2f2+f3= 0.000061170324, f1-f2-del= 0.000000556780, f1-f3= -0.000059373308

Powell iter=18 Big Iter=10 -2*LL=2477.406200291953 gain=8.99e-007 1 sec. 9 sec.
#model=  1      +     age 
12  -11.0327396    0.1047964 
13  -14.0972273    0.1266783 
21   -1.5635321   -0.0095369 
23   -9.6853628    0.0851764 
1...........................2......................3...............4................5.................6.....................7..............8......................Gaining to use new average direction of P0 P8 instead of biggest increase direction 1 :

Powell iter=19 Big Iter=10 -2*LL=2477.406188580362 gain=1.17e-005 0 sec. 9 sec.
#model=  1      +     age 
12  -11.0328411    0.1047996 
13  -14.0992518    0.1267011 
21   -1.5633598   -0.0095381 
23   -9.6882649    0.0852117 
1.................2.........3........4...............5...........6................7....................8........
Powell iter=20 Big Iter=11 -2*LL=2477.406177437598 gain=1.11e-005 1 sec. 10 sec.
#model=  1      +     age 
12  -11.0331333    0.1048029 
13  -14.0982106    0.1266867 
21   -1.5637733   -0.0095332 
23   -9.6896809    0.0852290 
1........2..........3...............4................5.........6...............7......................8............Gaining to use new average direction of P0 P8 instead of biggest increase direction 8 :

Powell iter=21 Big Iter=11 -2*LL=2477.406144425132 gain=3.3e-005 0 sec. 10 sec.
#model=  1      +     age 
12  -11.0330516    0.1048006 
13  -14.0948877    0.1266489 
21   -1.5639141   -0.0095318 
23   -9.6981873    0.0853300 
1...................2...............3..................4.....................5.........................................6.................................7....................8................................directest= 0.000023877918 (if directest<0 or t<0 we include P0 Pn as new direction), t= -0.000000000000, f1= 2477.406144425132,f2= 2477.406144424331,f3= 2477.406168302313, del= 0.000000000432
f1-2f2+f3= 0.000023878783, f1-f2-del= 0.000000000369, f1-f3= -0.000023877181

Powell iter=22 Big Iter=12 -2*LL=2477.406144424331 gain=8.01e-010 1 sec. 11 sec.
#model=  1      +     age 
12  -11.0330503    0.1048006 
13  -14.0949115    0.1266493 
21   -1.5639019   -0.0095320 
23   -9.6981921    0.0853300 
1...............2..........................3............................4.....................................5..................................6.................7......................8................................
Powell iter=23 Big Iter=12 -2*LL=2477.406144424326 gain=5e-012 1 sec. 12 sec.
#model=  1      +     age 
12  -11.0330504    0.1048006 
13  -14.0949113    0.1266493 
21   -1.5639021   -0.0095320 
23   -9.6981921    0.0853300 
1..................................2.........................3............................4....................................5................................6..................7........................8...................................
#Number of iterations & function calls = 23 & 3531, -2 Log likelihood = 2477.406144424326
# Parameters nlstate*nlstate*ncov a12*1 + b12 * age + ...
#model=  1      +     age 
12  -11.0330504    0.1048006 
13  -14.0949113    0.1266493 
21   -1.5639021   -0.0095320 
23   -9.6981921    0.0853300 

Calculation of the hessian matrix. Wait...
1-2-3-4-5-6-7-8-.1-2.1-3.1-4.1-5.1-6.1-7.1-8.2-3.2-4.2-5.2-6.2-7.2-8.3-4.3-5.3-6.3-7.3-8.4-5.4-6.4-7.4-8.5-6.5-7.5-8.6-7.6-8.7-8

Inverting the hessian to get the covariance matrix. Wait...

#Hessian matrix#
1.610468e+002 1.221301e+004 6.296042e+000 5.161443e+002 -3.088453e+001 -2.409170e+003 -8.129381e+000 -6.731074e+002 
1.221301e+004 9.410910e+005 5.095364e+002 4.203719e+004 -2.403887e+003 -1.904316e+005 -6.718259e+002 -5.594054e+004 
6.296042e+000 5.095364e+002 4.623987e+001 3.599896e+003 -4.739952e+000 -3.892760e+002 1.260085e+001 1.040413e+003 
5.161443e+002 4.203719e+004 3.599896e+003 2.841254e+005 -3.911989e+002 -3.237640e+004 1.040102e+003 8.643736e+004 
-3.088453e+001 -2.403887e+003 -4.739952e+000 -3.911989e+002 6.462871e+001 4.916368e+003 -2.195682e+000 -1.875343e+002 
-2.409170e+003 -1.904316e+005 -3.892760e+002 -3.237640e+004 4.916368e+003 3.805544e+005 -1.867376e+002 -1.600530e+004 
-8.129381e+000 -6.718259e+002 1.260085e+001 1.040102e+003 -2.195682e+000 -1.867376e+002 5.465119e+001 4.573384e+003 
-6.731074e+002 -5.594054e+004 1.040413e+003 8.643736e+004 -1.875343e+002 -1.600530e+004 4.573384e+003 3.851428e+005 
Parameters, Wald tests and Wald-based confidence intervals
 W is simply the result of the division of the parameter by the square root of covariance of the parameter.
 And Wald-based confidence intervals plus and minus 1.96 * W 
  It might be better to visualize the covariance matrix. See the page 'Matrix of variance-covariance of one-step probabilities' and its graphs.
12  -11.0330504(   0.6597516) W= -16.723 CI=[ -12.3261636 ;   -9.7399373]    0.1048006(   0.0086889) W=  12.061 CI=[   0.0877704 ;    0.1218307] 
13  -14.0949113(   1.2903393) W= -10.923 CI=[ -16.6239764 ;  -11.5658462]    0.1266493(   0.0165314) W=   7.661 CI=[   0.0942478 ;    0.1590507] 
21   -1.5639021(   0.9959993) W=  -1.570 CI=[  -3.5160607 ;    0.3882565]   -0.0095320(   0.0130620) W=  -0.730 CI=[  -0.0351336 ;    0.0160696] 
23   -9.6981921(   1.7295405) W=  -5.607 CI=[ -13.0880914 ;   -6.3082928]    0.0853300(   0.0206242) W=   4.137 CI=[   0.0449065 ;    0.1257535] 
# Scales (for hessian or gradient estimation)
12 1.00000e-004 1.00000e-005
13 1.00000e-003 1.00000e-005
21 1.00000e-003 1.00000e-005
23 1.00000e-003 1.00000e-005
# Covariance matrix 
# 121 Var(a12)
# 122 Cov(b12,a12) Var(b12)
#   ...
# 232 Cov(b23,a12)  Cov(b23,b12) ... Var (b23)
#121 Var(a12)
#122 Cov(b12,a12) Var(b12)
#131 Cov(a13,a12) Cov(a13,b12) Var(a13)
#132 Cov(b13,a12) Cov(b13,b12) Cov(b13,a13) Var(b13)
#211 Cov(a21,a12) Cov(a21,b12) Cov(a21,a13) Cov(a21,b13) Var(a21)
#212 Cov(b21,a12) Cov(b21,b12) Cov(b21,a13) Cov(b21,b13) Cov(b21,a21) Var(b21)
#231 Cov(a23,a12) Cov(a23,b12) Cov(a23,a13) Cov(a23,b13) Cov(a23,a21) Cov(a23,b21) Var(a23)
#232 Cov(b23,a12) Cov(b23,b12) Cov(b23,a13) Cov(b23,b13) Cov(b23,a21) Cov(b23,b21) Cov(b23,a23) Var(b23)
121 4.3527218e-001
122 -5.68631e-003 7.5496267e-005
131 -3.58830e-002 5.07966e-004 1.6649756e+000
132 5.02539e-004 -7.24408e-006 -2.11800e-002 2.7328600e-004
211 1.93084e-001 -2.58142e-003 5.64635e-002 -7.68626e-004 9.9201453e-001
212 -2.58279e-003 3.51022e-005 -7.87177e-004 1.08565e-005 -1.28962e-002 1.7061687e-004
231 6.08489e-002 -7.77139e-004 -3.49471e-001 4.28978e-003 4.44333e-002 -5.97494e-004 2.9913102e+000
232 -8.16916e-004 1.07112e-005 4.41136e-003 -5.51544e-005 -5.98033e-004 8.18033e-006 -3.55488e-002 4.2535952e-004
# agemin agemax for life expectancy, bage fage (if mle==0 ie no data nor Max likelihood).
# Observed prevalence period
begin-prev-date=1/1/2016 end-prev-date=1/9/2018 mov_average=0
# Health expectancies computed from stable (period) prevalence (pop_based=0) or population based (1)
pop_based=0
# Prevalence forecasting and backcasting is skept here
##prevforecast=0  starting-proj-date=1/1/1989 final-proj-date=1/1/1990 mobil_average=0
#prevforecast=1 yearsfproj=10 mobil_average=0
#prevbackcast=1 yearsbproj=10 mobil_average=1
result:  .
End of resultlines.

Computing forward period (stable) prevalence: result on file 'PL_ESFadl.txt' 
#************
Computing pij: result on file 'PIJ_ESFadl.txt' 
Computing standard deviation of one-step probabilities: result on file 'PROB_rESFadl.txt' 
Computing matrix of variance covariance of one-step probabilities: result on file 'PROBCOV_ESFadl.txt' 
and correlation matrix of one-step probabilities: result on file 'PROBCOR_ESFadl.txt' 
50 13-12 mu 8.4788e-004 6.0764e-003 Var 1.6536e-007 2.0326e-006 cor -0.033 cov -1.9172e-008 Eig 2.033e-006 1.652e-007 1stv 0.010 -1.000 tan -97.401
55 13-12 mu 1.5932e-003 1.0236e-002 Var 4.1027e-007 3.9575e-006 cor -0.032 cov -4.1239e-008 Eig 3.958e-006 4.098e-007 1stv 0.012 -1.000 tan -86.029
60 13-12 mu 2.9886e-003 1.7214e-002 Var 9.5482e-007 7.1956e-006 cor -0.033 cov -8.6876e-008 Eig 7.197e-006 9.536e-007 1stv 0.014 -1.000 tan -71.849
65 13-12 mu 5.5891e-003 2.8862e-002 Var 2.0573e-006 1.2160e-005 cor -0.038 cov -1.9208e-007 Eig 1.216e-005 2.054e-006 1stv 0.019 -1.000 tan -52.616
70 13-12 mu 1.0399e-002 4.8143e-002 Var 4.1639e-006 2.0152e-005 cor -0.057 cov -5.2082e-007 Eig 2.017e-005 4.147e-006 1stv 0.033 -0.999 tan -30.730
75 13-12 mu 1.9183e-002 7.9617e-002 Var 9.1256e-006 4.0978e-005 cor -0.103 cov -1.9988e-006 Eig 4.110e-005 9.001e-006 1stv 0.062 -0.998 tan -15.998
80 13-12 mu 3.4883e-002 1.2980e-001 Var 2.9864e-005 1.2816e-004 cor -0.165 cov -1.0180e-005 Eig 1.292e-004 2.882e-005 1stv 0.102 -0.995 tan -9.759
85 13-12 mu 6.1984e-002 2.0677e-001 Var 1.4255e-004 4.9037e-004 cor -0.218 cov -5.7684e-005 Eig 4.997e-004 1.332e-004 1stv 0.159 -0.987 tan -6.191
90 13-12 mu 1.0628e-001 3.1785e-001 Var 6.8917e-004 1.7136e-003 cor -0.291 cov -3.1578e-004 Eig 1.803e-003 5.996e-004 1stv 0.273 -0.962 tan -3.528
50 21-12 mu 2.2914e-001 6.0764e-003 Var 5.3063e-003 2.0326e-006 cor 0.267 cov 2.7768e-005 Eig 5.306e-003 1.887e-006 1stv 1.000 0.005 tan 0.005
55 21-12 mu 2.1920e-001 1.0236e-002 Var 3.4101e-003 3.9575e-006 cor 0.260 cov 3.0206e-005 Eig 3.410e-003 3.690e-006 1stv 1.000 0.009 tan 0.009
60 21-12 mu 2.0940e-001 1.7214e-002 Var 2.0624e-003 7.1956e-006 cor 0.251 cov 3.0580e-005 Eig 2.063e-003 6.741e-006 1stv 1.000 0.015 tan 0.015
65 21-12 mu 1.9966e-001 2.8862e-002 Var 1.1748e-003 1.2160e-005 cor 0.243 cov 2.9013e-005 Eig 1.175e-003 1.144e-005 1stv 1.000 0.025 tan 0.025
70 21-12 mu 1.8984e-001 4.8143e-002 Var 6.6685e-004 2.0152e-005 cor 0.247 cov 2.8612e-005 Eig 6.681e-004 1.889e-005 1stv 0.999 0.044 tan 0.044
75 21-12 mu 1.7976e-001 7.9617e-002 Var 4.6352e-004 4.0978e-005 cor 0.286 cov 3.9432e-005 Eig 4.672e-004 3.733e-005 1stv 0.996 0.092 tan 0.093
80 21-12 mu 1.6919e-001 1.2980e-001 Var 4.9230e-004 1.2816e-004 cor 0.334 cov 8.3977e-005 Eig 5.107e-004 1.097e-004 1stv 0.977 0.214 tan 0.220
85 21-12 mu 1.5782e-001 2.0677e-001 Var 6.8039e-004 4.9037e-004 cor 0.346 cov 1.9960e-004 Eig 8.064e-004 3.643e-004 1stv 0.846 0.534 tan 0.632
90 21-12 mu 1.4532e-001 3.1785e-001 Var 9.5332e-004 1.7136e-003 cor 0.332 cov 4.2416e-004 Eig 1.903e-003 7.639e-004 1stv 0.408 0.913 tan 2.239
50 23-12 mu 7.7150e-003 6.0764e-003 Var 2.9552e-005 2.0326e-006 cor 0.032 cov 2.4880e-007 Eig 2.955e-005 2.030e-006 1stv 1.000 0.009 tan 0.009
55 23-12 mu 1.1859e-002 1.0236e-002 Var 5.1141e-005 3.9575e-006 cor 0.033 cov 4.7158e-007 Eig 5.115e-005 3.953e-006 1stv 1.000 0.010 tan 0.010
60 23-12 mu 1.8205e-002 1.7214e-002 Var 8.3615e-005 7.1956e-006 cor 0.035 cov 8.5926e-007 Eig 8.362e-005 7.186e-006 1stv 1.000 0.011 tan 0.011
65 23-12 mu 2.7893e-002 2.8862e-002 Var 1.2650e-004 1.2160e-005 cor 0.039 cov 1.5331e-006 Eig 1.265e-004 1.214e-005 1stv 1.000 0.013 tan 0.013
70 23-12 mu 4.2617e-002 4.8143e-002 Var 1.7186e-004 2.0152e-005 cor 0.049 cov 2.8589e-006 Eig 1.719e-004 2.010e-005 1stv 1.000 0.019 tan 0.019
75 23-12 mu 6.4845e-002 7.9617e-002 Var 2.0330e-004 4.0978e-005 cor 0.069 cov 6.3234e-006 Eig 2.035e-004 4.073e-005 1stv 0.999 0.039 tan 0.039
80 23-12 mu 9.8069e-002 1.2980e-001 Var 2.2408e-004 1.2816e-004 cor 0.106 cov 1.7976e-005 Eig 2.273e-004 1.249e-004 1stv 0.984 0.178 tan 0.181
85 23-12 mu 1.4700e-001 2.0677e-001 Var 3.9223e-004 4.9037e-004 cor 0.137 cov 6.0103e-005 Eig 5.189e-004 3.637e-004 1stv 0.429 0.903 tan 2.107
90 23-12 mu 2.1751e-001 3.1785e-001 Var 1.4199e-003 1.7136e-003 cor 0.132 cov 2.0554e-004 Eig 1.819e-003 1.314e-003 1stv 0.458 0.889 tan 1.943
50 21-13 mu 2.2914e-001 8.4788e-004 Var 5.3063e-003 1.6536e-007 cor 0.035 cov 1.0272e-006 Eig 5.306e-003 1.652e-007 1stv 1.000 0.000 tan 0.000
55 21-13 mu 2.1920e-001 1.5932e-003 Var 3.4101e-003 4.1027e-007 cor 0.032 cov 1.2145e-006 Eig 3.410e-003 4.098e-007 1stv 1.000 0.000 tan 0.000
60 21-13 mu 2.0940e-001 2.9886e-003 Var 2.0624e-003 9.5482e-007 cor 0.030 cov 1.3316e-006 Eig 2.062e-003 9.540e-007 1stv 1.000 0.001 tan 0.001
65 21-13 mu 1.9966e-001 5.5891e-003 Var 1.1748e-003 2.0573e-006 cor 0.028 cov 1.3874e-006 Eig 1.175e-003 2.056e-006 1stv 1.000 0.001 tan 0.001
70 21-13 mu 1.8984e-001 1.0399e-002 Var 6.6685e-004 4.1639e-006 cor 0.031 cov 1.6333e-006 Eig 6.669e-004 4.160e-006 1stv 1.000 0.002 tan 0.002
75 21-13 mu 1.7976e-001 1.9183e-002 Var 4.6352e-004 9.1256e-006 cor 0.046 cov 3.0238e-006 Eig 4.635e-004 9.105e-006 1stv 1.000 0.007 tan 0.007
80 21-13 mu 1.6919e-001 3.4883e-002 Var 4.9230e-004 2.9864e-005 cor 0.067 cov 8.0926e-006 Eig 4.924e-004 2.972e-005 1stv 1.000 0.017 tan 0.017
85 21-13 mu 1.5782e-001 6.1984e-002 Var 6.8039e-004 1.4255e-004 cor 0.071 cov 2.2031e-005 Eig 6.813e-004 1.417e-004 1stv 0.999 0.041 tan 0.041
90 21-13 mu 1.4532e-001 1.0628e-001 Var 9.5332e-004 6.8917e-004 cor 0.065 cov 5.2596e-005 Eig 9.634e-004 6.791e-004 1stv 0.982 0.188 tan 0.192
50 23-13 mu 7.7150e-003 8.4788e-004 Var 2.9552e-005 1.6536e-007 cor -0.156 cov -3.4511e-007 Eig 2.956e-005 1.613e-007 1stv 1.000 -0.012 tan -0.012
55 23-13 mu 1.1859e-002 1.5932e-003 Var 5.1141e-005 4.1027e-007 cor -0.156 cov -7.1658e-007 Eig 5.115e-005 4.002e-007 1stv 1.000 -0.014 tan -0.014
60 23-13 mu 1.8205e-002 2.9886e-003 Var 8.3615e-005 9.5482e-007 cor -0.158 cov -1.4111e-006 Eig 8.364e-005 9.307e-007 1stv 1.000 -0.017 tan -0.017
65 23-13 mu 2.7893e-002 5.5891e-003 Var 1.2650e-004 2.0573e-006 cor -0.162 cov -2.6173e-006 Eig 1.266e-004 2.002e-006 1stv 1.000 -0.021 tan -0.021
70 23-13 mu 4.2617e-002 1.0399e-002 Var 1.7186e-004 4.1639e-006 cor -0.173 cov -4.6404e-006 Eig 1.720e-004 4.036e-006 1stv 1.000 -0.028 tan -0.028
75 23-13 mu 6.4845e-002 1.9183e-002 Var 2.0330e-004 9.1256e-006 cor -0.201 cov -8.6512e-006 Eig 2.037e-004 8.741e-006 1stv 0.999 -0.044 tan -0.044
80 23-13 mu 9.8069e-002 3.4883e-002 Var 2.2408e-004 2.9864e-005 cor -0.258 cov -2.1085e-005 Eig 2.263e-004 2.760e-005 1stv 0.994 -0.107 tan -0.107
85 23-13 mu 1.4700e-001 6.1984e-002 Var 3.9223e-004 1.4255e-004 cor -0.305 cov -7.2091e-005 Eig 4.116e-004 1.232e-004 1stv 0.966 -0.259 tan -0.268
90 23-13 mu 2.1751e-001 1.0628e-001 Var 1.4199e-003 6.8917e-004 cor -0.276 cov -2.7308e-004 Eig 1.511e-003 5.984e-004 1stv 0.949 -0.315 tan -0.332
50 23-21 mu 7.7150e-003 2.2914e-001 Var 2.9552e-005 5.3063e-003 cor -0.047 cov -1.8551e-005 Eig 5.306e-003 2.949e-005 1stv 0.004 -1.000 tan -284.451
55 23-21 mu 1.1859e-002 2.1920e-001 Var 5.1141e-005 3.4101e-003 cor -0.049 cov -2.0464e-005 Eig 3.410e-003 5.102e-005 1stv 0.006 -1.000 tan -164.144
60 23-21 mu 1.8205e-002 2.0940e-001 Var 8.3615e-005 2.0624e-003 cor -0.054 cov -2.2520e-005 Eig 2.063e-003 8.336e-005 1stv 0.011 -1.000 tan -87.876
65 23-21 mu 2.7893e-002 1.9966e-001 Var 1.2650e-004 1.1748e-003 cor -0.064 cov -2.4633e-005 Eig 1.175e-003 1.259e-004 1stv 0.023 -1.000 tan -42.580
70 23-21 mu 4.2617e-002 1.8984e-001 Var 1.7186e-004 6.6685e-004 cor -0.078 cov -2.6387e-005 Eig 6.683e-004 1.705e-004 1stv 0.053 -0.999 tan -18.812
75 23-21 mu 6.4845e-002 1.7976e-001 Var 2.0330e-004 4.6352e-004 cor -0.089 cov -2.7322e-005 Eig 4.664e-004 2.005e-004 1stv 0.103 -0.995 tan -9.628
80 23-21 mu 9.8069e-002 1.6919e-001 Var 2.2408e-004 4.9230e-004 cor -0.090 cov -2.9777e-005 Eig 4.956e-004 2.208e-004 1stv 0.109 -0.994 tan -9.118
85 23-21 mu 1.4700e-001 1.5782e-001 Var 3.9223e-004 6.8039e-004 cor -0.097 cov -4.9932e-005 Eig 6.888e-004 3.838e-004 1stv 0.166 -0.986 tan -5.939
90 23-21 mu 2.1751e-001 1.4532e-001 Var 1.4199e-003 9.5332e-004 cor -0.126 cov -1.4680e-004 Eig 1.462e-003 9.110e-004 1stv 0.961 -0.277 tan -0.288
Prevalence combination of varying and fixed dummies 1
Warning Observed prevalence doesn't sum to 1 for state 2: probs[50][2][1]=0.000000 because of lack of cases.
Warning Observed prevalence doesn't sum to 1 for state 1: probs[51][1][1]=0.000000 because of lack of cases.
Warning Observed prevalence doesn't sum to 1 for state 2: probs[51][2][1]=0.000000 because of lack of cases.
Warning Observed prevalence doesn't sum to 1 for state 1: probs[52][1][1]=0.000000 because of lack of cases.
Warning Observed prevalence doesn't sum to 1 for state 2: probs[52][2][1]=0.000000 because of lack of cases.
Warning Observed prevalence doesn't sum to 1 for state 1: probs[53][1][1]=0.000000 because of lack of cases.
Warning Observed prevalence doesn't sum to 1 for state 2: probs[53][2][1]=0.000000 because of lack of cases.
Warning Observed prevalence doesn't sum to 1 for state 1: probs[54][1][1]=0.000000 because of lack of cases.
Warning Observed prevalence doesn't sum to 1 for state 2: probs[54][2][1]=0.000000 because of lack of cases.
Warning Observed prevalence doesn't sum to 1 for state 1: probs[55][1][1]=0.000000 because of lack of cases.
Warning Observed prevalence doesn't sum to 1 for state 2: probs[55][2][1]=0.000000 because of lack of cases.
Warning Observed prevalence doesn't sum to 1 for state 1: probs[56][1][1]=0.000000 because of lack of cases.
Warning Observed prevalence doesn't sum to 1 for state 2: probs[56][2][1]=0.000000 because of lack of cases.
Warning Observed prevalence doesn't sum to 1 for state 1: probs[57][1][1]=0.000000 because of lack of cases.
Warning Observed prevalence doesn't sum to 1 for state 2: probs[57][2][1]=0.000000 because of lack of cases.
Warning Observed prevalence doesn't sum to 1 for state 1: probs[58][1][1]=0.000000 because of lack of cases.
Warning Observed prevalence doesn't sum to 1 for state 2: probs[58][2][1]=0.000000 because of lack of cases.
Warning Observed prevalence doesn't sum to 1 for state 1: probs[59][1][1]=0.000000 because of lack of cases.
Warning Observed prevalence doesn't sum to 1 for state 2: probs[59][2][1]=0.000000 because of lack of cases.
Warning Observed prevalence doesn't sum to 1 for state 1: probs[60][1][1]=0.000000 because of lack of cases.
Warning Observed prevalence doesn't sum to 1 for state 2: probs[60][2][1]=0.000000 because of lack of cases.
Warning Observed prevalence doesn't sum to 1 for state 1: probs[61][1][1]=0.000000 because of lack of cases.
Warning Observed prevalence doesn't sum to 1 for state 2: probs[61][2][1]=0.000000 because of lack of cases.
Warning Observed prevalence doesn't sum to 1 for state 1: probs[62][1][1]=0.000000 because of lack of cases.
Warning Observed prevalence doesn't sum to 1 for state 2: probs[62][2][1]=0.000000 because of lack of cases.
Warning Observed prevalence doesn't sum to 1 for state 1: probs[63][1][1]=0.000000 because of lack of cases.
Warning Observed prevalence doesn't sum to 1 for state 2: probs[63][2][1]=0.000000 because of lack of cases.
Warning Observed prevalence doesn't sum to 1 for state 1: probs[64][1][1]=0.000000 because of lack of cases.
Warning Observed prevalence doesn't sum to 1 for state 2: probs[64][2][1]=0.000000 because of lack of cases.
Warning Observed prevalence doesn't sum to 1 for state 1: probs[65][1][1]=0.000000 because of lack of cases.
Warning Observed prevalence doesn't sum to 1 for state 2: probs[65][2][1]=0.000000 because of lack of cases.
Warning Observed prevalence doesn't sum to 1 for state 1: probs[66][1][1]=0.000000 because of lack of cases.
Warning Observed prevalence doesn't sum to 1 for state 2: probs[66][2][1]=0.000000 because of lack of cases.
Warning Observed prevalence doesn't sum to 1 for state 1: probs[67][1][1]=0.000000 because of lack of cases.
Warning Observed prevalence doesn't sum to 1 for state 2: probs[67][2][1]=0.000000 because of lack of cases.
Warning Observed prevalence doesn't sum to 1 for state 1: probs[68][1][1]=0.000000 because of lack of cases.
Warning Observed prevalence doesn't sum to 1 for state 2: probs[68][2][1]=0.000000 because of lack of cases.
Warning Observed prevalence doesn't sum to 1 for state 1: probs[69][1][1]=0.000000 because of lack of cases.
Warning Observed prevalence doesn't sum to 1 for state 2: probs[69][2][1]=0.000000 because of lack of cases.
Warning Observed prevalence doesn't sum to 1 for state 1: probs[70][1][1]=0.000000 because of lack of cases.
Warning Observed prevalence doesn't sum to 1 for state 2: probs[70][2][1]=0.000000 because of lack of cases.
Warning Observed prevalence doesn't sum to 1 for state 1: probs[71][1][1]=0.000000 because of lack of cases.
Warning Observed prevalence doesn't sum to 1 for state 2: probs[71][2][1]=0.000000 because of lack of cases.
Warning Observed prevalence doesn't sum to 1 for state 1: probs[72][1][1]=0.000000 because of lack of cases.
Warning Observed prevalence doesn't sum to 1 for state 2: probs[72][2][1]=0.000000 because of lack of cases.
Warning Observed prevalence doesn't sum to 1 for state 1: probs[73][1][1]=0.000000 because of lack of cases.
Warning Observed prevalence doesn't sum to 1 for state 2: probs[73][2][1]=0.000000 because of lack of cases.
Warning Observed prevalence doesn't sum to 1 for state 1: probs[74][1][1]=0.000000 because of lack of cases.
Warning Observed prevalence doesn't sum to 1 for state 2: probs[74][2][1]=0.000000 because of lack of cases.
Warning Observed prevalence doesn't sum to 1 for state 1: probs[75][1][1]=0.000000 because of lack of cases.
Warning Observed prevalence doesn't sum to 1 for state 2: probs[75][2][1]=0.000000 because of lack of cases.
Warning Observed prevalence doesn't sum to 1 for state 1: probs[76][1][1]=0.000000 because of lack of cases.
Warning Observed prevalence doesn't sum to 1 for state 2: probs[76][2][1]=0.000000 because of lack of cases.
Warning Observed prevalence doesn't sum to 1 for state 1: probs[77][1][1]=0.000000 because of lack of cases.
Warning Observed prevalence doesn't sum to 1 for state 2: probs[77][2][1]=0.000000 because of lack of cases.
Warning Observed prevalence doesn't sum to 1 for state 1: probs[78][1][1]=0.000000 because of lack of cases.
Warning Observed prevalence doesn't sum to 1 for state 2: probs[78][2][1]=0.000000 because of lack of cases.
Warning Observed prevalence doesn't sum to 1 for state 1: probs[79][1][1]=0.000000 because of lack of cases.
Warning Observed prevalence doesn't sum to 1 for state 2: probs[79][2][1]=0.000000 because of lack of cases.
Warning Observed prevalence doesn't sum to 1 for state 1: probs[80][1][1]=0.000000 because of lack of cases.
Warning Observed prevalence doesn't sum to 1 for state 2: probs[80][2][1]=0.000000 because of lack of cases.
Warning Observed prevalence doesn't sum to 1 for state 1: probs[81][1][1]=0.000000 because of lack of cases.
Warning Observed prevalence doesn't sum to 1 for state 2: probs[81][2][1]=0.000000 because of lack of cases.
Warning Observed prevalence doesn't sum to 1 for state 1: probs[82][1][1]=0.000000 because of lack of cases.
Warning Observed prevalence doesn't sum to 1 for state 2: probs[82][2][1]=0.000000 because of lack of cases.
Warning Observed prevalence doesn't sum to 1 for state 1: probs[83][1][1]=0.000000 because of lack of cases.
Warning Observed prevalence doesn't sum to 1 for state 2: probs[83][2][1]=0.000000 because of lack of cases.
Warning Observed prevalence doesn't sum to 1 for state 1: probs[84][1][1]=0.000000 because of lack of cases.
Warning Observed prevalence doesn't sum to 1 for state 2: probs[84][2][1]=0.000000 because of lack of cases.
Warning Observed prevalence doesn't sum to 1 for state 1: probs[85][1][1]=0.000000 because of lack of cases.
Warning Observed prevalence doesn't sum to 1 for state 2: probs[85][2][1]=0.000000 because of lack of cases.
Warning Observed prevalence doesn't sum to 1 for state 1: probs[86][1][1]=0.000000 because of lack of cases.
Warning Observed prevalence doesn't sum to 1 for state 2: probs[86][2][1]=0.000000 because of lack of cases.
Warning Observed prevalence doesn't sum to 1 for state 1: probs[87][1][1]=0.000000 because of lack of cases.
Warning Observed prevalence doesn't sum to 1 for state 2: probs[87][2][1]=0.000000 because of lack of cases.
Warning Observed prevalence doesn't sum to 1 for state 1: probs[88][1][1]=0.000000 because of lack of cases.
Warning Observed prevalence doesn't sum to 1 for state 2: probs[88][2][1]=0.000000 because of lack of cases.
Warning Observed prevalence doesn't sum to 1 for state 1: probs[89][1][1]=0.000000 because of lack of cases.
Warning Observed prevalence doesn't sum to 1 for state 2: probs[89][2][1]=0.000000 because of lack of cases.
Warning Observed prevalence doesn't sum to 1 for state 1: probs[90][1][1]=0.000000 because of lack of cases.
Warning Observed prevalence doesn't sum to 1 for state 2: probs[90][2][1]=0.000000 because of lack of cases.
Computing Health Expectancies: result on file 'E_ESFadl.txt' ...50|51|52|53|54|55|56|57|58|59|60|61|62|63|64|65|66|67|68|69|70|71|72|73|74|75|76|77|78|79|80|81|82|83|84|85|86|87|88|89|90|
done evsij
Computing Total Life expectancies with their standard errors: file 'T_ESFadl.txt' ...
  Computing State-specific Expectancies and standard errors: result on file 'STDE_ESFadl.txt' 
    Computing Covar. of State-specific Expectancies: result on file 'CVE_ESFadl.txt' 
      Computing Variance-covariance of State-specific Expectancies: file 'V_ESFadl.txt' ... 
# model  
#****** Result for:******
 cvevsij 50|51|52|53|54|55|56|57|58|59|60|61|62|63|64|65|66|67|68|69|70|71|72|73|74|75|76|77|78|79|80|81|82|83|84|85|86|87|88|89|90|
 end cvevsij 
 varevsij vpopbased=0 
Computing total mortality p.j=w1*p1j+w2*p2j+..: result on file 'PRMORPREV-1-STABLBASED_ESFadl.txt' 
Computing age specific forward period (stable) prevalences in each health state 
done selection
done State-specific expectancies
Computing Variance-covariance of forward period (stable) prevalence: file 'VPL_ESFadl.txt' ...
#****** ******
done variance-covariance of forward period prevalence
End of Imach with 0 errors and/or warnings 1. Please look at the log file for details.
Local time at start Tue Feb 04 22:03:38 2025

Local time at end   Tue Feb 04 22:04:05 2025

Total time used 0 day(s) 0 hour(s) 0 minute(s) 27 second(s)
Total time was 27 Sec.
