Log filename:FRFgali.log
Version 0.99r45 $Revision: 1.353 $ $Date: 2023/05/08 18:48:22 $
Enter the parameter file name: 
pathimach=C:\PROGRA~1\IMACH-~2.99R\bin\
pathtot=C:\Users\mmusz\Dropbox\gender_paradox\data\IMACHnew\FRFgali.txt
 path=C:\Users\mmusz\Dropbox\gender_paradox\data\IMACHnew\ 
 optionfile=FRFgali.txt
 optionfilext=txt
 optionfilefiname='FRFgali'
Compiled with: Microsoft Visual Studio for Windows (x64 and x86)  64-bit
The programm is not running under WOW64 (i.e probably on a 64bit Windows).
Local time (at start): Tue Feb 04 20:24:32 2025
title=gali datafile=dataFRFgali.txt lastobs=5000 firstpass=1 lastpass=2
ftol=1.000000e-018 stepm=6 ncovcol=0 nqv=0 ntv=0 nqtv=0 nlstate=2 ndeath=1 maxwav=2 mle=1 weight=1
model=1+age+
12 -5.428904 0.034883
13 -19.815595 0.199392
21 0.144387 -0.015712
23 -4.649238 0.027992
# Scales (for hessian or gradient estimation)
12 0.000000e+000 0.000000e+000
13 0.000000e+000 0.000000e+000
21 0.000000e+000 0.000000e+000
23 0.000000e+000 0.000000e+000
# Covariance matrix
121 0.00000e+000
122 0.00000e+000 0.00000e+000
131 0.00000e+000 0.00000e+000 0.00000e+000
132 0.00000e+000 0.00000e+000 0.00000e+000 0.00000e+000
211 0.00000e+000 0.00000e+000 0.00000e+000 0.00000e+000 0.00000e+000
212 0.00000e+000 0.00000e+000 0.00000e+000 0.00000e+000 0.00000e+000 0.00000e+000
231 0.00000e+000 0.00000e+000 0.00000e+000 0.00000e+000 0.00000e+000 0.00000e+000 0.00000e+000
232 0.00000e+000 0.00000e+000 0.00000e+000 0.00000e+000 0.00000e+000 0.00000e+000 0.00000e+000 0.00000e+000

Model=1+age+
Typevar: 0 for simple covariate (dummy, quantitative, fixed or varying), 1 for age product, 2 for  product, 3 for double product with age  
Fixed[k] 0=fixed (product or simple), 1 varying, 2 fixed with age product, 3 varying with age product 
Dummy[k] 0=dummy (0 1), 1 quantitative (single or product without age), 2 dummy with age product, 3 quant with age product
ncoveff=0, nqfveff=0, ntveff=0, nqtveff=0, cptcovn=0
ncovf=0, ncovv=0, ncova=0, nsd=0, nsq=0
Warning: The value of parameter lastobs=5000 is big compared to the 
  effective number of cases imx=1610, please adjust, 
  otherwise you are allocating more memory than necessary.
Total number of individuals= 1610, Agemin = 51.08, Agemax= 93.17

Information, you have to check 0 informations which haven't been logged!
Delay (in months) between two waves Min=1 (for indiviudal 1079) Max=33 (707) Mean=24.731677

 Age 51 1.=2 loss[1]=0.0% 2.=0 loss[2]=0.0% 1.=2 prev[1]=89.9% 2.=0 prev[2]=10.1% 11=2 12=0 21=0 22=0
Age 52 1.=3 loss[1]=0.0% 2.=0 loss[2]=0.0% 1.=3 prev[1]=85.8% 2.=0 prev[2]=14.2% 11=2 12=0 13=0 21=0 22=0 23=0
Age 53 1.=3 loss[1]=0.0% 2.=0 loss[2]=0.0% 1.=3 prev[1]=93.1% 2.=0 prev[2]=6.9% 11=3 12=0 21=0 22=0
Age 54 1.=3 loss[1]=0.0% 2.=0 loss[2]=0.0% 1.=3 prev[1]=90.2% 2.=0 prev[2]=9.8% 11=3 22=0 23=0
Age 55 1.=2 loss[1]=0.0% 2.=0 loss[2]=0.0% 1.=2 prev[1]=97.3% 2.=0 prev[2]=2.7% 11=2 21=0
Age 56 1.=2 loss[1]=0.0% 2.=0 loss[2]=0.0% 1.=2 prev[1]=84.1% 2.=0 prev[2]=15.9% 11=2 12=0 21=0 22=0
Age 57 1.=2 loss[1]=0.0% 2.=0 loss[2]=0.0% 1.=2 prev[1]=95.2% 2.=0 prev[2]=4.8% 11=2 12=0 13=0 22=0
Age 58 1.=2 loss[1]=0.0% 2.=0 loss[2]=0.0% 1.=2 prev[1]=97.1% 2.=0 prev[2]=2.9% 11=2 12=0 22=0 23=0
Age 59 1.=2 loss[1]=0.0% 2.=0 loss[2]=0.0% 1.=2 prev[1]=89.8% 2.=0 prev[2]=10.2% 11=1 12=0 21=0 22=0
Age 60 1.=2 loss[1]=0.0% 2.=0 loss[2]=0.0% 1.=2 prev[1]=93.6% 2.=0 prev[2]=6.4% 11=2 12=0 21=0 22=0
Age 61 1.=3 loss[1]=0.0% 2.=0 loss[2]=0.0% 1.=3 prev[1]=92.2% 2.=0 prev[2]=7.8% 11=3 12=0 21=0 22=0
Age 62 1.=3 loss[1]=0.0% 2.=0 loss[2]=0.0% 1.=3 prev[1]=94.9% 2.=0 prev[2]=5.1% 11=2 12=0 21=0 22=0
Age 63 1.=2 loss[1]=0.0% 2.=0 loss[2]=0.0% 1.=2 prev[1]=83.8% 2.=0 prev[2]=16.2% 11=2 12=0 21=0 22=0
Age 64 1.=3 loss[1]=0.0% 2.=0 loss[2]=0.0% 1.=3 prev[1]=87.5% 2.=0 prev[2]=12.5% 11=3 12=0 21=0 22=0
Age 65 1.=2 loss[1]=0.0% 2.=0 loss[2]=0.0% 1.=2 prev[1]=92.0% 2.=0 prev[2]=8.0% 11=2 12=0 13=0 21=0 22=0
Age 66 1.=3 loss[1]=0.0% 2.=0 loss[2]=0.0% 1.=3 prev[1]=95.0% 2.=0 prev[2]=5.0% 11=3 12=0 13=0 21=0 22=0
Age 67 1.=3 loss[1]=0.0% 2.=0 loss[2]=0.0% 1.=3 prev[1]=91.4% 2.=0 prev[2]=8.6% 11=2 12=0 22=0
Age 68 1.=2 loss[1]=0.0% 2.=0 loss[2]=0.0% 1.=2 prev[1]=92.4% 2.=0 prev[2]=7.6% 11=2 12=0 13=0 21=0 22=0 23=0
Age 69 1.=2 loss[1]=0.0% 2.=0 loss[2]=0.0% 1.=2 prev[1]=92.4% 2.=0 prev[2]=7.6% 11=2 12=0 21=0 22=0
Age 70 1.=1 loss[1]=0.0% 2.=0 loss[2]=0.0% 1.=1 prev[1]=84.3% 2.=0 prev[2]=15.7% 11=1 12=0 21=0 22=0
Age 71 1.=2 loss[1]=0.0% 2.=0 loss[2]=0.0% 1.=2 prev[1]=93.0% 2.=0 prev[2]=7.0% 11=2 12=0 21=0 22=0
Age 72 1.=2 loss[1]=0.0% 2.=0 loss[2]=0.0% 1.=2 prev[1]=90.5% 2.=0 prev[2]=9.5% 11=2 12=0 21=0 22=0 23=0
Age 73 1.=1 loss[1]=0.0% 2.=0 loss[2]=0.0% 1.=1 prev[1]=86.7% 2.=0 prev[2]=13.3% 11=1 12=0 21=0 22=0
Age 74 1.=1 loss[1]=0.0% 2.=0 loss[2]=0.0% 1.=1 prev[1]=89.9% 2.=0 prev[2]=10.1% 11=1 12=0 13=0 21=0 22=0
Age 75 1.=1 loss[1]=0.0% 2.=1 loss[2]=0.0% 1.=1 prev[1]=72.5% 2.=1 prev[2]=27.5% 11=1 12=0 13=0 21=0 22=0 23=0
Age 76 1.=1 loss[1]=0.0% 2.=0 loss[2]=0.0% 1.=1 prev[1]=79.9% 2.=0 prev[2]=20.1% 11=1 12=0 21=0 22=0 23=0
Age 77 1.=1 loss[1]=0.0% 2.=0 loss[2]=0.0% 1.=1 prev[1]=78.8% 2.=0 prev[2]=21.2% 11=1 12=0 13=0 21=0 22=0 23=0
Age 78 1.=1 loss[1]=0.0% 2.=0 loss[2]=0.0% 1.=1 prev[1]=77.5% 2.=0 prev[2]=22.5% 11=1 12=0 13=0 21=0 22=0
Age 79 1.=1 loss[1]=0.0% 2.=0 loss[2]=0.0% 1.=1 prev[1]=76.0% 2.=0 prev[2]=24.0% 11=1 12=0 21=0 22=0 23=0
Age 80 1.=1 loss[1]=0.0% 2.=0 loss[2]=0.0% 1.=1 prev[1]=82.6% 2.=0 prev[2]=17.4% 11=1 12=0 13=0 21=0 23=0
Age 81 1.=1 loss[1]=0.0% 2.=0 loss[2]=0.0% 1.=1 prev[1]=69.6% 2.=0 prev[2]=30.4% 11=1 12=0 21=0 22=0
Age 82 1.=1 loss[1]=0.0% 2.=0 loss[2]=0.0% 1.=1 prev[1]=76.6% 2.=0 prev[2]=23.4% 11=1 13=0 21=0
Age 83 1.=1 loss[1]=0.0% 2.=0 loss[2]=0.0% 1.=1 prev[1]=68.0% 2.=0 prev[2]=32.0% 11=1 12=0 13=0 21=0 22=0 23=0
Age 84 1.=1 loss[1]=0.0% 2.=0 loss[2]=0.0% 1.=1 prev[1]=77.2% 2.=0 prev[2]=22.8% 11=1 12=0 13=0 21=0 22=0 23=0
Age 85 1.=1 loss[1]=0.0% 2.=0 loss[2]=0.0% 1.=1 prev[1]=56.9% 2.=0 prev[2]=43.1% 11=1 22=0 23=0
Age 86 1.=1 loss[1]=0.0% 2.=0 loss[2]=0.0% 1.=1 prev[1]=70.8% 2.=0 prev[2]=29.2% 11=0 12=0 13=0 21=0 22=0 23=0
Age 87 1.=0 loss[1]=0.0% 2.=0 loss[2]=0.0% 1.=0 prev[1]=52.2% 2.=0 prev[2]=47.8% 11=0 12=0 13=0 21=0 22=0 23=0
Age 88 1.=1 loss[1]=0.0% 2.=0 loss[2]=0.0% 1.=1 prev[1]=67.9% 2.=0 prev[2]=32.1% 11=0 12=0 13=0 22=0 23=0
Age 89 1.=0 loss[1]=0.0% 2.=0 loss[2]=0.0% 1.=0 prev[1]=45.7% 2.=0 prev[2]=54.3% 11=0 12=0 13=0 21=0 22=0
Age 90 1.=0 loss[1]=0.0% 2.=0 loss[2]=0.0% 1.=0 prev[1]=40.0% 2.=0 prev[2]=60.0% 11=0 13=0 21=0 22=0 23=0
Age 91 1.=0 loss[1]=NaNQ% 2.=0 loss[2]=0.0% 1.=0 prev[1]=0.0% 2.=0 prev[2]=100.0% 23=0
Age 92 1.=0 loss[1]=NaNQ% 2.=0 loss[2]=NaNQ% 1.=0 prev[1]=NaNQ% 2.=0 prev[2]=NaNQ%
Age 93 1.=0 loss[1]=NaNQ% 2.=0 loss[2]=NaNQ% 1.=0 prev[1]=NaNQ% 2.=0 prev[2]=NaNQ%
1 1.=0 loss[1]=NaNQ% 2.=0 loss[2]=NaNQ% 1.=0 prev[1]=NaNQ% 2.=0 prev[2]=NaNQ%
0 1.=0 loss[1]=NaNQ% 2.=0 loss[2]=NaNQ% 1.=0 prev[1]=NaNQ% 2.=0 prev[2]=NaNQ%
Total 1.=67 loss[1]=0.0% 2.=11 loss[2]=0.0% 1.=67 prev[1]=85.8% 2.=11 prev[2]=14.2% 11=61 12=5 13=1 21=5 22=5 23=1


12   -5.4289043 ln(5/61)=   -2.5061472 
13  -19.8155946 ln(1/61)=   -3.8255859 
21    0.1443869 ln(5/5)=   -0.1281842 
23   -4.6492376 ln(1/5)=   -1.5551322 

 -1-1=0 -10=0 -11=0 -12=0 -13=0 0-1=0 00=0 01=0 02=0 03=0 1-1=0 10=0 11=61 12=5 13=1 2-1=0 20=0 21=5 22=5 23=1 3-1=0 30=0 31=0 32=0 33=0
Powell

Powell iter=1 Big Iter=1 -2*LL=1579.479304568755 gain=0 0 sec. 0 sec.
#model=  1      +     age 
12   -5.4289043    0.0348834 
13  -19.8155946    0.1993915 
21    0.1443869   -0.0157118 
23   -4.6492376    0.0279917 
1.........2............3.......4..................5........6...............7........8..................
Powell iter=2 Big Iter=2 -2*LL=1495.761041193940 gain=83.7 0 sec. 0 sec.
#model=  1      +     age 
12   -5.7729783    0.0349639 
13  -20.7560605    0.1994291 
21   -0.4592453   -0.0156953 
23   -5.4658725    0.0280469 

Considering the time needed for this last iteration #2: 0 seconds,
   - if your program needs 1 BIG iterations  (2 iterations) to converge, convergence will be 
   reached in 0 day(s) 0 hour(s) 0 minute(s) 0 second(s) i.e.
   on Tue Feb 04 20:24:32 2025 (current time is Tue Feb 04 20:24:32 2025);
   - if your program needs 11 BIG iterations  (22 iterations) to converge, convergence will be 
   reached in 0 day(s) 0 hour(s) 0 minute(s) 0 second(s) i.e.
   on Tue Feb 04 20:24:32 2025 (current time is Tue Feb 04 20:24:32 2025);
   - if your program needs 21 BIG iterations  (42 iterations) to converge, convergence will be 
   reached in 0 day(s) 0 hour(s) 0 minute(s) 0 second(s) i.e.
   on Tue Feb 04 20:24:32 2025 (current time is Tue Feb 04 20:24:32 2025);
   - if your program needs 31 BIG iterations  (62 iterations) to converge, convergence will be 
   reached in 0 day(s) 0 hour(s) 0 minute(s) 0 second(s) i.e.
   on Tue Feb 04 20:24:32 2025 (current time is Tue Feb 04 20:24:32 2025);
1.........2..............3.........4....................5.........6...............7.........8....................................Gaining to use new average direction of P0 P8 instead of biggest increase direction 1 :

Powell iter=3 Big Iter=2 -2*LL=1486.748395623350 gain=9.01 1 sec. 1 sec.
#model=  1      +     age 
12   -6.0660755    0.0349332 
13  -20.5801092    0.1994256 
21   -0.6290097   -0.0156359 
23   -5.5474768    0.0280478 

Considering the time needed for this last iteration #3: 1 seconds,
   - if your program needs 1 BIG iterations  (2 iterations) to converge, convergence will be 
   reached in 0 day(s) 0 hour(s) 0 minute(s) -1 second(s) i.e.
   on Tue Feb 04 20:24:32 2025 (current time is Tue Feb 04 20:24:33 2025);
   - if your program needs 11 BIG iterations  (22 iterations) to converge, convergence will be 
   reached in 0 day(s) 0 hour(s) 0 minute(s) 19 second(s) i.e.
   on Tue Feb 04 20:24:52 2025 (current time is Tue Feb 04 20:24:33 2025);
   - if your program needs 21 BIG iterations  (42 iterations) to converge, convergence will be 
   reached in 0 day(s) 0 hour(s) 0 minute(s) 39 second(s) i.e.
   on Tue Feb 04 20:25:12 2025 (current time is Tue Feb 04 20:24:33 2025);
   - if your program needs 31 BIG iterations  (62 iterations) to converge, convergence will be 
   reached in 0 day(s) 0 hour(s) 0 minute(s) 59 second(s) i.e.
   on Tue Feb 04 20:25:32 2025 (current time is Tue Feb 04 20:24:33 2025);
1.................2..............3.........4..................5.........6...............7..........8........directest= 0.218247469955 (if directest<0 or t<0 we include P0 Pn as new direction), t= -0.000493915081, f1= 1486.748395623350,f2= 1486.724494030894,f3= 1486.946534764914, del= 0.013847428260
f1-2f2+f3= 0.245942326475, f1-f2-del= 0.010054164195, f1-f3= -0.198139141564

Powell iter=4 Big Iter=3 -2*LL=1486.724494030894 gain=0.0239 0 sec. 1 sec.
#model=  1      +     age 
12   -6.0633538    0.0348140 
13  -20.6077678    0.1994166 
21   -0.6253297   -0.0155824 
23   -5.5409282    0.0280563 
1...................2.................3..........4..................5.........6...............7............8..............Gaining to use new average direction of P0 P8 instead of biggest increase direction 5 :

Powell iter=5 Big Iter=3 -2*LL=1486.700036705139 gain=0.0245 1 sec. 2 sec.
#model=  1      +     age 
12   -6.0575243    0.0347864 
13  -20.5795343    0.1992734 
21   -0.6971552   -0.0147075 
23   -5.5420534    0.0279945 
1..................2..............3..........4..................5........6...............7..........8.......
Powell iter=6 Big Iter=4 -2*LL=1486.682888773986 gain=0.0171 0 sec. 2 sec.
#model=  1      +     age 
12   -6.0508035    0.0346803 
13  -20.5809323    0.1991957 
21   -0.7302725   -0.0142103 
23   -5.5390100    0.0279761 
1.................2..............3..........4..................5........6...............7..................8............Gaining to use new average direction of P0 P8 instead of biggest increase direction 2 :

Powell iter=7 Big Iter=4 -2*LL=1486.675232965832 gain=0.00766 0 sec. 2 sec.
#model=  1      +     age 
12   -6.0418886    0.0345066 
13  -20.5777609    0.1990971 
21   -0.7691796   -0.0136299 
23   -5.5368523    0.0279579 
1............................2................3..........4....................5........6...............7..........8......directest= 0.002425565305 (if directest<0 or t<0 we include P0 Pn as new direction), t= -0.000000000282, f1= 1486.675232965832,f2= 1486.675061940902,f3= 1486.677452756070, del= 0.000068137397
f1-2f2+f3= 0.002561840098, f1-f2-del= 0.000102887533, f1-f3= -0.002219790239

Powell iter=8 Big Iter=5 -2*LL=1486.675061940902 gain=0.000171 1 sec. 3 sec.
#model=  1      +     age 
12   -6.0408321    0.0344947 
13  -20.5759792    0.1990851 
21   -0.7715959   -0.0135997 
23   -5.5370627    0.0279574 
1.....................2.......3..........4..................5........6...............7....................8....................Gaining to use new average direction of P0 P8 instead of biggest increase direction 3 :

Powell iter=9 Big Iter=5 -2*LL=1486.667143499384 gain=0.00792 0 sec. 3 sec.
#model=  1      +     age 
12   -5.9809516    0.0336320 
13  -20.5286876    0.1985750 
21   -0.7458719   -0.0139610 
23   -5.5527599    0.0281372 
1....................2.......3............4..................5........6...............7.........8......directest= 0.008075751495 (if directest<0 or t<0 we include P0 Pn as new direction), t= -0.000000010201, f1= 1486.667143499384,f2= 1486.666777012672,f3= 1486.674849301529, del= 0.000181512037
f1-2f2+f3= 0.008438775568, f1-f2-del= 0.000184974675, f1-f3= -0.007705802145

Powell iter=10 Big Iter=6 -2*LL=1486.666777012672 gain=0.000366 1 sec. 4 sec.
#model=  1      +     age 
12   -5.9778624    0.0335974 
13  -20.5283010    0.1985238 
21   -0.7416738   -0.0140192 
23   -5.5522761    0.0281428 
1.......................2.......3..........4....................5........6..............................7..........8..........
Powell iter=11 Big Iter=6 -2*LL=1486.666764735945 gain=1.23e-005 0 sec. 4 sec.
#model=  1      +     age 
12   -5.9773077    0.0335926 
13  -20.5277923    0.1985173 
21   -0.7426296   -0.0140051 
23   -5.5520091    0.0281394 
1.....................2...........3..........4.......................5.................6............................7...........8...................Gaining to use new average direction of P0 P8 instead of biggest increase direction 7 :

Powell iter=12 Big Iter=7 -2*LL=1486.666752189252 gain=1.25e-005 1 sec. 5 sec.
#model=  1      +     age 
12   -5.9773945    0.0335950 
13  -20.5268778    0.1985145 
21   -0.7437323   -0.0139892 
23   -5.5503607    0.0281156 
1.....................2.........3..........4....................5.................6.................7...........8......
Powell iter=13 Big Iter=7 -2*LL=1486.666737447032 gain=1.47e-005 0 sec. 5 sec.
#model=  1      +     age 
12   -5.9774280    0.0335949 
13  -20.5263735    0.1985086 
21   -0.7434710   -0.0139929 
23   -5.5492422    0.0280972 
1.....................2...........3..........4...................5............6.................7...........8..................Gaining to use new average direction of P0 P8 instead of biggest increase direction 8 :

Powell iter=14 Big Iter=8 -2*LL=1486.666672501083 gain=6.49e-005 0 sec. 5 sec.
#model=  1      +     age 
12   -5.9769114    0.0335864 
13  -20.5208576    0.1984393 
21   -0.7421982   -0.0140103 
23   -5.5382860    0.0279559 
1....................2.........3.........4..........................5..............6..................7............8.................directest= 0.000052903315 (if directest<0 or t<0 we include P0 Pn as new direction), t= -0.000000000000, f1= 1486.666672501083,f2= 1486.666671476302,f3= 1486.666724119932, del= 0.000000382547
f1-2f2+f3= 0.000053668410, f1-f2-del= 0.000000642233, f1-f3= -0.000051618849

Powell iter=15 Big Iter=8 -2*LL=1486.666671476302 gain=1.02e-006 0 sec. 5 sec.
#model=  1      +     age 
12   -5.9768776    0.0335861 
13  -20.5207694    0.1984377 
21   -0.7421934   -0.0140103 
23   -5.5383591    0.0279584 
1........................2............3...........4.......................5.............6..................7............8.............................Gaining to use new average direction of P0 P8 instead of biggest increase direction 6 :

Powell iter=16 Big Iter=9 -2*LL=1486.666636414166 gain=3.51e-005 1 sec. 6 sec.
#model=  1      +     age 
12   -5.9768436    0.0335889 
13  -20.5090305    0.1982969 
21   -0.7433158   -0.0139940 
23   -5.5397994    0.0279856 
1...................2........3................4............................5........6...........7...........8......
Powell iter=17 Big Iter=9 -2*LL=1486.666611332159 gain=2.51e-005 0 sec. 6 sec.
#model=  1      +     age 
12   -5.9774798    0.0335964 
13  -20.5039641    0.1982385 
21   -0.7430215   -0.0139989 
23   -5.5408517    0.0279948 
1....................2.........3..........4......................5........6...........7........8................Gaining to use new average direction of P0 P8 instead of biggest increase direction 8 :

Powell iter=18 Big Iter=10 -2*LL=1486.666599231560 gain=1.21e-005 0 sec. 6 sec.
#model=  1      +     age 
12   -5.9781538    0.0336040 
13  -20.4976586    0.1981628 
21   -0.7423882   -0.0140073 
23   -5.5427108    0.0280141 
1.......................2................3............4..........................5..............6....................7...........8...................directest= 0.000003741770 (if directest<0 or t<0 we include P0 Pn as new direction), t= -0.000000000000, f1= 1486.666599231560,f2= 1486.666599167761,f3= 1486.666602888694, del= 0.000000021481
f1-2f2+f3= 0.000003784733, f1-f2-del= 0.000000042318, f1-f3= -0.000003657134

Powell iter=19 Big Iter=10 -2*LL=1486.666599167761 gain=6.38e-008 1 sec. 7 sec.
#model=  1      +     age 
12   -5.9781558    0.0336040 
13  -20.4977069    0.1981633 
21   -0.7423777   -0.0140077 
23   -5.5427215    0.0280141 
1................................2..................3..................4.......................5...................6.............7...............8..................................Gaining to use new average direction of P0 P8 instead of biggest increase direction 4 :

Powell iter=20 Big Iter=11 -2*LL=1486.666599145566 gain=2.22e-008 0 sec. 7 sec.
#model=  1      +     age 
12   -5.9781544    0.0336040 
13  -20.4977016    0.1981631 
21   -0.7423619   -0.0140081 
23   -5.5427627    0.0280147 
1........................2................3.................................4..................5.................6.............7..........8.....................directest= 0.000000006514 (if directest<0 or t<0 we include P0 Pn as new direction), t= -0.000000000000, f1= 1486.666599145566,f2= 1486.666599144254,f3= 1486.666599150386, del= 0.000000000465
f1-2f2+f3= 0.000000007444, f1-f2-del= 0.000000000847, f1-f3= -0.000000004821

Powell iter=21 Big Iter=11 -2*LL=1486.666599144254 gain=1.31e-009 0 sec. 7 sec.
#model=  1      +     age 
12   -5.9781541    0.0336040 
13  -20.4976647    0.1981626 
21   -0.7423668   -0.0140081 
23   -5.5427609    0.0280147 
1........................2.....................3...............................4...........5......................6.........................7...........................8.......................................................Gaining to use new average direction of P0 P8 instead of biggest increase direction 4 :

Powell iter=22 Big Iter=12 -2*LL=1486.666599143862 gain=3.92e-010 1 sec. 8 sec.
#model=  1      +     age 
12   -5.9781574    0.0336041 
13  -20.4976157    0.1981621 
21   -0.7423684   -0.0140081 
23   -5.5427701    0.0280149 
1...............................2......................3...............4............................5......................6.................7......................8..............................................directest= 0.000000000189 (if directest<0 or t<0 we include P0 Pn as new direction), t= -0.000000000000, f1= 1486.666599143862,f2= 1486.666599143830,f3= 1486.666599144019, del= 0.000000000016
f1-2f2+f3= 0.000000000221, f1-f2-del= 0.000000000016, f1-f3= -0.000000000158

Powell iter=23 Big Iter=12 -2*LL=1486.666599143830 gain=3.16e-011 1 sec. 9 sec.
#model=  1      +     age 
12   -5.9781568    0.0336041 
13  -20.4976142    0.1981621 
21   -0.7423714   -0.0140080 
23   -5.5427681    0.0280148 
1......................2.........................3.............................4..........................5........................6....................................7............................8...............................................directest= 0.000000000003 (if directest<0 or t<0 we include P0 Pn as new direction), t= -0.000000000000, f1= 1486.666599143830,f2= 1486.666599143829,f3= 1486.666599143833, del= 0.000000000000
f1-2f2+f3= 0.000000000004, f1-f2-del= 0.000000000000, f1-f3= -0.000000000003

Powell iter=24 Big Iter=13 -2*LL=1486.666599143829 gain=4.55e-013 0 sec. 9 sec.
#model=  1      +     age 
12   -5.9781568    0.0336041 
13  -20.4976142    0.1981621 
21   -0.7423714   -0.0140080 
23   -5.5427681    0.0280148 
1......................2...................................3...........................4...................................5.........................6....................................7..............................8................................................
#Number of iterations & function calls = 24 & 3958, -2 Log likelihood = 1486.666599143829
# Parameters nlstate*nlstate*ncov a12*1 + b12 * age + ...
#model=  1      +     age 
12   -5.9781568    0.0336041 
13  -20.4976142    0.1981621 
21   -0.7423714   -0.0140080 
23   -5.5427681    0.0280148 

Calculation of the hessian matrix. Wait...
1-2-3-4-5-6-7-8-.1-2.1-3.1-4.1-5.1-6.1-7.1-8.2-3.2-4.2-5.2-6.2-7.2-8.3-4.3-5.3-6.3-7.3-8.4-5.4-6.4-7.4-8.5-6.5-7.5-8.6-7.6-8.7-8

Inverting the hessian to get the covariance matrix. Wait...

#Hessian matrix#
9.838054e+001 6.883132e+003 1.584869e+000 1.208293e+002 -2.600267e+001 -1.836812e+003 -1.677204e+000 -1.432778e+002 
6.883132e+003 4.917127e+005 1.190290e+002 9.120839e+003 -1.832251e+003 -1.324333e+005 -1.433100e+002 -1.213492e+004 
1.584869e+000 1.190290e+002 2.034526e+001 1.703336e+003 -2.613801e+000 -2.164216e+002 4.314490e+000 3.543818e+002 
1.208293e+002 9.120839e+003 1.703336e+003 1.434786e+005 -2.174704e+002 -1.812685e+004 3.543448e+002 2.931530e+004 
-2.600267e+001 -1.832251e+003 -2.613801e+000 -2.174704e+002 7.947824e+001 5.694914e+003 -1.061262e+000 -5.686538e+001 
-1.836812e+003 -1.324333e+005 -2.164216e+002 -1.812685e+004 5.694914e+003 4.196525e+005 -5.666578e+001 -2.727685e+003 
-1.677204e+000 -1.433100e+002 4.314490e+000 3.543448e+002 -1.061262e+000 -5.666578e+001 1.964736e+001 1.489649e+003 
-1.432778e+002 -1.213492e+004 3.543818e+002 2.931530e+004 -5.686538e+001 -2.727685e+003 1.489649e+003 1.154823e+005 
Parameters, Wald tests and Wald-based confidence intervals
 W is simply the result of the division of the parameter by the square root of covariance of the parameter.
 And Wald-based confidence intervals plus and minus 1.96 * W 
  It might be better to visualize the covariance matrix. See the page 'Matrix of variance-covariance of one-step probabilities' and its graphs.
12   -5.9781568(   0.7320097) W=  -8.167 CI=[  -7.4128958 ;   -4.5434178]    0.0336041(   0.0103547) W=   3.245 CI=[   0.0133089 ;    0.0538993] 
13  -20.4976142(   2.8684381) W=  -7.146 CI=[ -26.1197528 ;  -14.8754755]    0.1981621(   0.0341590) W=   5.801 CI=[   0.1312104 ;    0.2651137] 
21   -0.7423714(   0.7050711) W=  -1.053 CI=[  -2.1243107 ;    0.6395679]   -0.0140080(   0.0096982) W=  -1.444 CI=[  -0.0330164 ;    0.0050004] 
23   -5.5427681(   1.5424722) W=  -3.593 CI=[  -8.5660137 ;   -2.5195226]    0.0280148(   0.0201797) W=   1.388 CI=[  -0.0115373 ;    0.0675670] 
# Scales (for hessian or gradient estimation)
12 1.00000e-003 1.00000e-005
13 2.00000e-003 2.00000e-005
21 1.00000e-003 1.00000e-005
23 2.00000e-003 2.00000e-005
# Covariance matrix 
# 121 Var(a12)
# 122 Cov(b12,a12) Var(b12)
#   ...
# 232 Cov(b23,a12)  Cov(b23,b12) ... Var (b23)
#121 Var(a12)
#122 Cov(b12,a12) Var(b12)
#131 Cov(a13,a12) Cov(a13,b12) Var(a13)
#132 Cov(b13,a12) Cov(b13,b12) Cov(b13,a13) Var(b13)
#211 Cov(a21,a12) Cov(a21,b12) Cov(a21,a13) Cov(a21,b13) Var(a21)
#212 Cov(b21,a12) Cov(b21,b12) Cov(b21,a13) Cov(b21,b13) Cov(b21,a21) Var(b21)
#231 Cov(a23,a12) Cov(a23,b12) Cov(a23,a13) Cov(a23,b13) Cov(a23,a21) Cov(a23,b21) Var(a23)
#232 Cov(b23,a12) Cov(b23,b12) Cov(b23,a13) Cov(b23,b13) Cov(b23,a21) Cov(b23,b21) Cov(b23,a23) Var(b23)
121 5.3583819e-001
122 -7.50014e-003 1.0721976e-004
131 1.71766e-002 -4.33352e-004 8.2279371e+000
132 -1.82849e-004 4.72243e-006 -9.76675e-002 1.1668370e-003
211 1.42264e-001 -1.95290e-003 4.69259e-002 -6.61394e-004 4.9712519e-001
212 -1.95039e-003 2.74805e-005 -7.01667e-004 1.00376e-005 -6.74182e-003 9.4054605e-005
231 2.85725e-002 -4.25909e-004 -4.83423e-001 6.16224e-003 3.68505e-002 -3.71301e-004 2.3792206e+000
232 -4.74184e-004 7.27377e-006 5.76199e-003 -7.57978e-005 -3.94609e-004 3.76431e-006 -3.07712e-002 4.0721859e-004
# agemin agemax for life expectancy, bage fage (if mle==0 ie no data nor Max likelihood).
# Observed prevalence period
begin-prev-date=1/1/2016 end-prev-date=1/9/2018 mov_average=0
# Health expectancies computed from stable (period) prevalence (pop_based=0) or population based (1)
pop_based=0
# Prevalence forecasting and backcasting is skept here
##prevforecast=0  starting-proj-date=1/1/1989 final-proj-date=1/1/1990 mobil_average=0
#prevforecast=1 yearsfproj=10 mobil_average=0
#prevbackcast=1 yearsbproj=10 mobil_average=1
result:  .
End of resultlines.

Computing forward period (stable) prevalence: result on file 'PL_FRFgali.txt' 
#************
Computing pij: result on file 'PIJ_FRFgali.txt' 
Computing standard deviation of one-step probabilities: result on file 'PROB_rFRFgali.txt' 
Computing matrix of variance covariance of one-step probabilities: result on file 'PROBCOV_FRFgali.txt' 
and correlation matrix of one-step probabilities: result on file 'PROBCOR_FRFgali.txt' 
50 13-12 mu 4.9681e-005 2.6827e-002 Var 3.4018e-009 3.7740e-005 cor -0.009 cov -3.3986e-009 Eig 3.774e-005 3.402e-009 1stv 0.000 -1.000 tan -11103.624
55 13-12 mu 1.3348e-004 3.1657e-002 Var 1.8068e-008 3.4131e-005 cor -0.016 cov -1.2701e-008 Eig 3.413e-005 1.806e-008 1stv 0.000 -1.000 tan -2685.841
60 13-12 mu 3.5843e-004 3.7336e-002 Var 9.1000e-008 2.9283e-005 cor -0.027 cov -4.3741e-008 Eig 2.928e-005 9.093e-008 1stv 0.001 -1.000 tan -667.384
65 13-12 mu 9.6183e-004 4.4004e-002 Var 4.2624e-007 2.5607e-005 cor -0.043 cov -1.4295e-007 Eig 2.561e-005 4.254e-007 1stv 0.006 -1.000 tan -176.157
70 13-12 mu 2.5781e-003 5.1804e-002 Var 1.8042e-006 2.8528e-005 cor -0.063 cov -4.5058e-007 Eig 2.854e-005 1.797e-006 1stv 0.017 -1.000 tan -59.326
75 13-12 mu 6.8962e-003 6.0861e-002 Var 6.6802e-006 4.8566e-005 cor -0.077 cov -1.3799e-006 Eig 4.861e-005 6.635e-006 1stv 0.033 -0.999 tan -30.386
80 13-12 mu 1.8365e-002 7.1184e-002 Var 2.2867e-005 1.0399e-004 cor -0.086 cov -4.1767e-006 Eig 1.042e-004 2.265e-005 1stv 0.051 -0.999 tan -19.473
85 13-12 mu 4.8397e-002 8.2390e-002 Var 1.2270e-004 2.2195e-004 cor -0.090 cov -1.4789e-005 Eig 2.241e-004 1.205e-004 1stv 0.144 -0.990 tan -6.856
90 13-12 mu 1.2432e-001 9.2954e-002 Var 1.3500e-003 4.2987e-004 cor -0.125 cov -9.4923e-005 Eig 1.360e-003 4.202e-004 1stv 0.995 -0.102 tan -0.102
50 21-12 mu 3.7738e-001 2.6827e-002 Var 5.4285e-003 3.7740e-005 cor 0.282 cov 1.2782e-004 Eig 5.431e-003 3.471e-005 1stv 1.000 0.024 tan 0.024
55 21-12 mu 3.5572e-001 3.1657e-002 Var 3.4119e-003 3.4131e-005 cor 0.285 cov 9.7417e-005 Eig 3.415e-003 3.132e-005 1stv 1.000 0.029 tan 0.029
60 21-12 mu 3.3494e-001 3.7336e-002 Var 2.0671e-003 2.9283e-005 cor 0.290 cov 7.1315e-005 Eig 2.070e-003 2.679e-005 1stv 0.999 0.035 tan 0.035
65 21-12 mu 3.1504e-001 4.4004e-002 Var 1.2669e-003 2.5607e-005 cor 0.294 cov 5.2946e-005 Eig 1.269e-003 2.335e-005 1stv 0.999 0.043 tan 0.043
70 21-12 mu 2.9600e-001 5.1804e-002 Var 8.9646e-004 2.8528e-005 cor 0.291 cov 4.6493e-005 Eig 8.989e-004 2.604e-005 1stv 0.999 0.053 tan 0.053
75 21-12 mu 2.7779e-001 6.0861e-002 Var 8.5401e-004 4.8566e-005 cor 0.279 cov 5.6847e-005 Eig 8.580e-004 4.457e-005 1stv 0.998 0.070 tan 0.070
80 21-12 mu 2.6040e-001 7.1184e-002 Var 1.0509e-003 1.0399e-004 cor 0.270 cov 8.9246e-005 Eig 1.059e-003 9.565e-005 1stv 0.996 0.093 tan 0.093
85 21-12 mu 2.4380e-001 8.2390e-002 Var 1.4114e-003 2.2195e-004 cor 0.264 cov 1.4771e-004 Eig 1.429e-003 2.039e-004 1stv 0.993 0.121 tan 0.122
90 21-12 mu 2.2797e-001 9.2954e-002 Var 1.8721e-003 4.2987e-004 cor 0.256 cov 2.2956e-004 Eig 1.908e-003 3.942e-004 1stv 0.988 0.153 tan 0.155
50 23-12 mu 2.5381e-002 2.6827e-002 Var 2.0046e-004 3.7740e-005 cor -0.010 cov -8.3933e-007 Eig 2.005e-004 3.774e-005 1stv 1.000 -0.005 tan -0.005
55 23-12 mu 2.9518e-002 3.1657e-002 Var 1.9057e-004 3.4131e-005 cor -0.010 cov -7.7847e-007 Eig 1.906e-004 3.413e-005 1stv 1.000 -0.005 tan -0.005
60 23-12 mu 3.4293e-002 3.7336e-002 Var 1.7259e-004 2.9283e-005 cor -0.008 cov -5.3355e-007 Eig 1.726e-004 2.928e-005 1stv 1.000 -0.004 tan -0.004
65 23-12 mu 3.9797e-002 4.4004e-002 Var 1.5058e-004 2.5607e-005 cor 0.002 cov 1.0769e-007 Eig 1.506e-004 2.561e-005 1stv 1.000 0.001 tan 0.001
70 23-12 mu 4.6134e-002 5.1804e-002 Var 1.3496e-004 2.8528e-005 cor 0.025 cov 1.5366e-006 Eig 1.350e-004 2.851e-005 1stv 1.000 0.014 tan 0.014
75 23-12 mu 5.3421e-002 6.0861e-002 Var 1.4675e-004 4.8566e-005 cor 0.053 cov 4.4542e-006 Eig 1.469e-004 4.836e-005 1stv 0.999 0.045 tan 0.045
80 23-12 mu 6.1785e-002 7.1184e-002 Var 2.2402e-004 1.0399e-004 cor 0.067 cov 1.0151e-005 Eig 2.249e-004 1.031e-004 1stv 0.996 0.084 tan 0.084
85 23-12 mu 7.1372e-002 8.2390e-002 Var 4.3119e-004 2.2195e-004 cor 0.069 cov 2.1363e-005 Eig 4.333e-004 2.198e-004 1stv 0.995 0.101 tan 0.101
90 23-12 mu 8.2341e-002 9.2954e-002 Var 8.7201e-004 4.2987e-004 cor 0.074 cov 4.5420e-005 Eig 8.766e-004 4.252e-004 1stv 0.995 0.101 tan 0.102
50 21-13 mu 3.7738e-001 4.9681e-005 Var 5.4285e-003 3.4018e-009 cor 0.017 cov 7.3848e-008 Eig 5.428e-003 3.401e-009 1stv 1.000 0.000 tan 0.000
55 21-13 mu 3.5572e-001 1.3348e-004 Var 3.4119e-003 1.8068e-008 cor 0.016 cov 1.2385e-007 Eig 3.412e-003 1.806e-008 1stv 1.000 0.000 tan 0.000
60 21-13 mu 3.3494e-001 3.5843e-004 Var 2.0671e-003 9.1000e-008 cor 0.014 cov 1.9870e-007 Eig 2.067e-003 9.098e-008 1stv 1.000 0.000 tan 0.000
65 21-13 mu 3.1504e-001 9.6183e-004 Var 1.2669e-003 4.2624e-007 cor 0.014 cov 3.3401e-007 Eig 1.267e-003 4.262e-007 1stv 1.000 0.000 tan 0.000
70 21-13 mu 2.9600e-001 2.5781e-003 Var 8.9646e-004 1.8042e-006 cor 0.019 cov 7.4424e-007 Eig 8.965e-004 1.804e-006 1stv 1.000 0.001 tan 0.001
75 21-13 mu 2.7779e-001 6.8962e-003 Var 8.5401e-004 6.6802e-006 cor 0.033 cov 2.4895e-006 Eig 8.540e-004 6.673e-006 1stv 1.000 0.003 tan 0.003
80 21-13 mu 2.6040e-001 1.8365e-002 Var 1.0509e-003 2.2867e-005 cor 0.065 cov 1.0026e-005 Eig 1.051e-003 2.277e-005 1stv 1.000 0.010 tan 0.010
85 21-13 mu 2.4380e-001 4.8397e-002 Var 1.4114e-003 1.2270e-004 cor 0.095 cov 3.9685e-005 Eig 1.413e-003 1.215e-004 1stv 1.000 0.031 tan 0.031
90 21-13 mu 2.2797e-001 1.2432e-001 Var 1.8721e-003 1.3500e-003 cor 0.089 cov 1.4183e-004 Eig 1.908e-003 1.314e-003 1stv 0.969 0.246 tan 0.254
50 23-13 mu 2.5381e-002 4.9681e-005 Var 2.0046e-004 3.4018e-009 cor -0.117 cov -9.6391e-008 Eig 2.005e-004 3.355e-009 1stv 1.000 -0.000 tan -0.000
55 23-13 mu 2.9518e-002 1.3348e-004 Var 1.9057e-004 1.8068e-008 cor -0.120 cov -2.2235e-007 Eig 1.906e-004 1.781e-008 1stv 1.000 -0.001 tan -0.001
60 23-13 mu 3.4293e-002 3.5843e-004 Var 1.7259e-004 9.1000e-008 cor -0.125 cov -4.9584e-007 Eig 1.726e-004 8.957e-008 1stv 1.000 -0.003 tan -0.003
65 23-13 mu 3.9797e-002 9.6183e-004 Var 1.5058e-004 4.2624e-007 cor -0.134 cov -1.0767e-006 Eig 1.506e-004 4.185e-007 1stv 1.000 -0.007 tan -0.007
70 23-13 mu 4.6134e-002 2.5781e-003 Var 1.3496e-004 1.8042e-006 cor -0.151 cov -2.3509e-006 Eig 1.350e-004 1.763e-006 1stv 1.000 -0.018 tan -0.018
75 23-13 mu 5.3421e-002 6.8962e-003 Var 1.4675e-004 6.6802e-006 cor -0.179 cov -5.6014e-006 Eig 1.470e-004 6.457e-006 1stv 0.999 -0.040 tan -0.040
80 23-13 mu 6.1785e-002 1.8365e-002 Var 2.2402e-004 2.2867e-005 cor -0.228 cov -1.6298e-005 Eig 2.253e-004 2.155e-005 1stv 0.997 -0.080 tan -0.080
85 23-13 mu 7.1372e-002 4.8397e-002 Var 4.3119e-004 1.2270e-004 cor -0.256 cov -5.8838e-005 Eig 4.420e-004 1.119e-004 1stv 0.983 -0.181 tan -0.184
90 23-13 mu 8.2341e-002 1.2432e-001 Var 8.7201e-004 1.3500e-003 cor -0.213 cov -2.3110e-004 Eig 1.443e-003 7.785e-004 1stv 0.375 -0.927 tan -2.473
50 23-21 mu 2.5381e-002 3.7738e-001 Var 2.0046e-004 5.4285e-003 cor -0.060 cov -6.2285e-005 Eig 5.429e-003 1.997e-004 1stv 0.012 -1.000 tan -83.948
55 23-21 mu 2.9518e-002 3.5572e-001 Var 1.9057e-004 3.4119e-003 cor -0.054 cov -4.3860e-005 Eig 3.413e-003 1.900e-004 1stv 0.014 -1.000 tan -73.460
60 23-21 mu 3.4293e-002 3.3494e-001 Var 1.7259e-004 2.0671e-003 cor -0.051 cov -3.0368e-005 Eig 2.068e-003 1.721e-004 1stv 0.016 -1.000 tan -62.402
65 23-21 mu 3.9797e-002 3.1504e-001 Var 1.5058e-004 1.2669e-003 cor -0.054 cov -2.3515e-005 Eig 1.267e-003 1.501e-004 1stv 0.021 -1.000 tan -47.493
70 23-21 mu 4.6134e-002 2.9600e-001 Var 1.3496e-004 8.9646e-004 cor -0.074 cov -2.5651e-005 Eig 8.973e-004 1.341e-004 1stv 0.034 -0.999 tan -29.721
75 23-21 mu 5.3421e-002 2.7779e-001 Var 1.4675e-004 8.5401e-004 cor -0.113 cov -4.0087e-005 Eig 8.563e-004 1.445e-004 1stv 0.056 -0.998 tan -17.700
80 23-21 mu 6.1785e-002 2.6040e-001 Var 2.2402e-004 1.0509e-003 cor -0.147 cov -7.1524e-005 Eig 1.057e-003 2.179e-004 1stv 0.086 -0.996 tan -11.647
85 23-21 mu 7.1372e-002 2.4380e-001 Var 4.3119e-004 1.4114e-003 cor -0.162 cov -1.2660e-004 Eig 1.427e-003 4.151e-004 1stv 0.126 -0.992 tan -7.870
90 23-21 mu 8.2341e-002 2.2797e-001 Var 8.7201e-004 1.8721e-003 cor -0.168 cov -2.1455e-004 Eig 1.916e-003 8.279e-004 1stv 0.201 -0.980 tan -4.867
Prevalence combination of varying and fixed dummies 1
Warning Observed prevalence doesn't sum to 1 for state 2: probs[50][2][1]=0.000000 because of lack of cases.
Warning Observed prevalence doesn't sum to 1 for state 1: probs[51][1][1]=0.000000 because of lack of cases.
Warning Observed prevalence doesn't sum to 1 for state 2: probs[51][2][1]=0.000000 because of lack of cases.
Warning Observed prevalence doesn't sum to 1 for state 1: probs[52][1][1]=0.000000 because of lack of cases.
Warning Observed prevalence doesn't sum to 1 for state 2: probs[52][2][1]=0.000000 because of lack of cases.
Warning Observed prevalence doesn't sum to 1 for state 1: probs[53][1][1]=0.000000 because of lack of cases.
Warning Observed prevalence doesn't sum to 1 for state 2: probs[53][2][1]=0.000000 because of lack of cases.
Warning Observed prevalence doesn't sum to 1 for state 1: probs[54][1][1]=0.000000 because of lack of cases.
Warning Observed prevalence doesn't sum to 1 for state 2: probs[54][2][1]=0.000000 because of lack of cases.
Warning Observed prevalence doesn't sum to 1 for state 1: probs[55][1][1]=0.000000 because of lack of cases.
Warning Observed prevalence doesn't sum to 1 for state 2: probs[55][2][1]=0.000000 because of lack of cases.
Warning Observed prevalence doesn't sum to 1 for state 1: probs[56][1][1]=0.000000 because of lack of cases.
Warning Observed prevalence doesn't sum to 1 for state 2: probs[56][2][1]=0.000000 because of lack of cases.
Warning Observed prevalence doesn't sum to 1 for state 1: probs[57][1][1]=0.000000 because of lack of cases.
Warning Observed prevalence doesn't sum to 1 for state 2: probs[57][2][1]=0.000000 because of lack of cases.
Warning Observed prevalence doesn't sum to 1 for state 1: probs[58][1][1]=0.000000 because of lack of cases.
Warning Observed prevalence doesn't sum to 1 for state 2: probs[58][2][1]=0.000000 because of lack of cases.
Warning Observed prevalence doesn't sum to 1 for state 1: probs[59][1][1]=0.000000 because of lack of cases.
Warning Observed prevalence doesn't sum to 1 for state 2: probs[59][2][1]=0.000000 because of lack of cases.
Warning Observed prevalence doesn't sum to 1 for state 1: probs[60][1][1]=0.000000 because of lack of cases.
Warning Observed prevalence doesn't sum to 1 for state 2: probs[60][2][1]=0.000000 because of lack of cases.
Warning Observed prevalence doesn't sum to 1 for state 1: probs[61][1][1]=0.000000 because of lack of cases.
Warning Observed prevalence doesn't sum to 1 for state 2: probs[61][2][1]=0.000000 because of lack of cases.
Warning Observed prevalence doesn't sum to 1 for state 1: probs[62][1][1]=0.000000 because of lack of cases.
Warning Observed prevalence doesn't sum to 1 for state 2: probs[62][2][1]=0.000000 because of lack of cases.
Warning Observed prevalence doesn't sum to 1 for state 1: probs[63][1][1]=0.000000 because of lack of cases.
Warning Observed prevalence doesn't sum to 1 for state 2: probs[63][2][1]=0.000000 because of lack of cases.
Warning Observed prevalence doesn't sum to 1 for state 1: probs[64][1][1]=0.000000 because of lack of cases.
Warning Observed prevalence doesn't sum to 1 for state 2: probs[64][2][1]=0.000000 because of lack of cases.
Warning Observed prevalence doesn't sum to 1 for state 1: probs[65][1][1]=0.000000 because of lack of cases.
Warning Observed prevalence doesn't sum to 1 for state 2: probs[65][2][1]=0.000000 because of lack of cases.
Warning Observed prevalence doesn't sum to 1 for state 1: probs[66][1][1]=0.000000 because of lack of cases.
Warning Observed prevalence doesn't sum to 1 for state 2: probs[66][2][1]=0.000000 because of lack of cases.
Warning Observed prevalence doesn't sum to 1 for state 1: probs[67][1][1]=0.000000 because of lack of cases.
Warning Observed prevalence doesn't sum to 1 for state 2: probs[67][2][1]=0.000000 because of lack of cases.
Warning Observed prevalence doesn't sum to 1 for state 1: probs[68][1][1]=0.000000 because of lack of cases.
Warning Observed prevalence doesn't sum to 1 for state 2: probs[68][2][1]=0.000000 because of lack of cases.
Warning Observed prevalence doesn't sum to 1 for state 1: probs[69][1][1]=0.000000 because of lack of cases.
Warning Observed prevalence doesn't sum to 1 for state 2: probs[69][2][1]=0.000000 because of lack of cases.
Warning Observed prevalence doesn't sum to 1 for state 1: probs[70][1][1]=0.000000 because of lack of cases.
Warning Observed prevalence doesn't sum to 1 for state 2: probs[70][2][1]=0.000000 because of lack of cases.
Warning Observed prevalence doesn't sum to 1 for state 1: probs[71][1][1]=0.000000 because of lack of cases.
Warning Observed prevalence doesn't sum to 1 for state 2: probs[71][2][1]=0.000000 because of lack of cases.
Warning Observed prevalence doesn't sum to 1 for state 1: probs[72][1][1]=0.000000 because of lack of cases.
Warning Observed prevalence doesn't sum to 1 for state 2: probs[72][2][1]=0.000000 because of lack of cases.
Warning Observed prevalence doesn't sum to 1 for state 1: probs[73][1][1]=0.000000 because of lack of cases.
Warning Observed prevalence doesn't sum to 1 for state 2: probs[73][2][1]=0.000000 because of lack of cases.
Warning Observed prevalence doesn't sum to 1 for state 1: probs[74][1][1]=0.000000 because of lack of cases.
Warning Observed prevalence doesn't sum to 1 for state 2: probs[74][2][1]=0.000000 because of lack of cases.
Warning Observed prevalence doesn't sum to 1 for state 1: probs[75][1][1]=0.000000 because of lack of cases.
Warning Observed prevalence doesn't sum to 1 for state 2: probs[75][2][1]=0.000000 because of lack of cases.
Warning Observed prevalence doesn't sum to 1 for state 1: probs[76][1][1]=0.000000 because of lack of cases.
Warning Observed prevalence doesn't sum to 1 for state 2: probs[76][2][1]=0.000000 because of lack of cases.
Warning Observed prevalence doesn't sum to 1 for state 1: probs[77][1][1]=0.000000 because of lack of cases.
Warning Observed prevalence doesn't sum to 1 for state 2: probs[77][2][1]=0.000000 because of lack of cases.
Warning Observed prevalence doesn't sum to 1 for state 1: probs[78][1][1]=0.000000 because of lack of cases.
Warning Observed prevalence doesn't sum to 1 for state 2: probs[78][2][1]=0.000000 because of lack of cases.
Warning Observed prevalence doesn't sum to 1 for state 1: probs[79][1][1]=0.000000 because of lack of cases.
Warning Observed prevalence doesn't sum to 1 for state 2: probs[79][2][1]=0.000000 because of lack of cases.
Warning Observed prevalence doesn't sum to 1 for state 1: probs[80][1][1]=0.000000 because of lack of cases.
Warning Observed prevalence doesn't sum to 1 for state 2: probs[80][2][1]=0.000000 because of lack of cases.
Warning Observed prevalence doesn't sum to 1 for state 1: probs[81][1][1]=0.000000 because of lack of cases.
Warning Observed prevalence doesn't sum to 1 for state 2: probs[81][2][1]=0.000000 because of lack of cases.
Warning Observed prevalence doesn't sum to 1 for state 1: probs[82][1][1]=0.000000 because of lack of cases.
Warning Observed prevalence doesn't sum to 1 for state 2: probs[82][2][1]=0.000000 because of lack of cases.
Warning Observed prevalence doesn't sum to 1 for state 1: probs[83][1][1]=0.000000 because of lack of cases.
Warning Observed prevalence doesn't sum to 1 for state 2: probs[83][2][1]=0.000000 because of lack of cases.
Warning Observed prevalence doesn't sum to 1 for state 1: probs[84][1][1]=0.000000 because of lack of cases.
Warning Observed prevalence doesn't sum to 1 for state 2: probs[84][2][1]=0.000000 because of lack of cases.
Warning Observed prevalence doesn't sum to 1 for state 1: probs[85][1][1]=0.000000 because of lack of cases.
Warning Observed prevalence doesn't sum to 1 for state 2: probs[85][2][1]=0.000000 because of lack of cases.
Warning Observed prevalence doesn't sum to 1 for state 1: probs[86][1][1]=0.000000 because of lack of cases.
Warning Observed prevalence doesn't sum to 1 for state 2: probs[86][2][1]=0.000000 because of lack of cases.
Warning Observed prevalence doesn't sum to 1 for state 1: probs[87][1][1]=0.000000 because of lack of cases.
Warning Observed prevalence doesn't sum to 1 for state 2: probs[87][2][1]=0.000000 because of lack of cases.
Warning Observed prevalence doesn't sum to 1 for state 1: probs[88][1][1]=0.000000 because of lack of cases.
Warning Observed prevalence doesn't sum to 1 for state 2: probs[88][2][1]=0.000000 because of lack of cases.
Warning Observed prevalence doesn't sum to 1 for state 1: probs[89][1][1]=0.000000 because of lack of cases.
Warning Observed prevalence doesn't sum to 1 for state 2: probs[89][2][1]=0.000000 because of lack of cases.
Warning Observed prevalence doesn't sum to 1 for state 1: probs[90][1][1]=0.000000 because of lack of cases.
Warning Observed prevalence doesn't sum to 1 for state 2: probs[90][2][1]=0.000000 because of lack of cases.
Computing Health Expectancies: result on file 'E_FRFgali.txt' ...50|51|52|53|54|55|56|57|58|59|60|61|62|63|64|65|66|67|68|69|70|71|72|73|74|75|76|77|78|79|80|81|82|83|84|85|86|87|88|89|90|
done evsij
Computing Total Life expectancies with their standard errors: file 'T_FRFgali.txt' ...
  Computing State-specific Expectancies and standard errors: result on file 'STDE_FRFgali.txt' 
    Computing Covar. of State-specific Expectancies: result on file 'CVE_FRFgali.txt' 
      Computing Variance-covariance of State-specific Expectancies: file 'V_FRFgali.txt' ... 
# model  
#****** Result for:******
 cvevsij 50|51|52|53|54|55|56|57|58|59|60|61|62|63|64|65|66|67|68|69|70|71|72|73|74|75|76|77|78|79|80|81|82|83|84|85|86|87|88|89|90|
 end cvevsij 
 varevsij vpopbased=0 
Computing total mortality p.j=w1*p1j+w2*p2j+..: result on file 'PRMORPREV-1-STABLBASED_FRFgali.txt' 
Computing age specific forward period (stable) prevalences in each health state 
done selection
done State-specific expectancies
Computing Variance-covariance of forward period (stable) prevalence: file 'VPL_FRFgali.txt' ...
#****** ******
done variance-covariance of forward period prevalence
End of Imach with 0 errors and/or warnings 1. Please look at the log file for details.
Local time at start Tue Feb 04 20:24:32 2025

Local time at end   Tue Feb 04 20:24:46 2025

Total time used 0 day(s) 0 hour(s) 0 minute(s) 14 second(s)
Total time was 14 Sec.
