Log filename:FRMadl.log
Version 0.99r45 $Revision: 1.353 $ $Date: 2023/05/08 18:48:22 $
Enter the parameter file name: 
pathimach=C:\PROGRA~1\IMACH-~2.99R\bin\
pathtot=C:\Users\mmusz\Dropbox\gender_paradox\data\IMACHnew\FRMadl.txt
 path=C:\Users\mmusz\Dropbox\gender_paradox\data\IMACHnew\ 
 optionfile=FRMadl.txt
 optionfilext=txt
 optionfilefiname='FRMadl'
Compiled with: Microsoft Visual Studio for Windows (x64 and x86)  64-bit
The programm is not running under WOW64 (i.e probably on a 64bit Windows).
Local time (at start): Tue Feb 04 22:03:38 2025
title=adl datafile=dataFRMadl.txt lastobs=5000 firstpass=1 lastpass=2
ftol=1.000000e-018 stepm=6 ncovcol=0 nqv=0 ntv=0 nqtv=0 nlstate=2 ndeath=1 maxwav=2 mle=1 weight=1
model=1+age+
12 -9.887852 0.091537
13 -10.946966 0.099228
21 0.795177 -0.023160
23 -13.400976 0.148066
# Scales (for hessian or gradient estimation)
12 0.000000e+000 0.000000e+000
13 0.000000e+000 0.000000e+000
21 0.000000e+000 0.000000e+000
23 0.000000e+000 0.000000e+000
# Covariance matrix
121 0.00000e+000
122 0.00000e+000 0.00000e+000
131 0.00000e+000 0.00000e+000 0.00000e+000
132 0.00000e+000 0.00000e+000 0.00000e+000 0.00000e+000
211 0.00000e+000 0.00000e+000 0.00000e+000 0.00000e+000 0.00000e+000
212 0.00000e+000 0.00000e+000 0.00000e+000 0.00000e+000 0.00000e+000 0.00000e+000
231 0.00000e+000 0.00000e+000 0.00000e+000 0.00000e+000 0.00000e+000 0.00000e+000 0.00000e+000
232 0.00000e+000 0.00000e+000 0.00000e+000 0.00000e+000 0.00000e+000 0.00000e+000 0.00000e+000 0.00000e+000

Model=1+age+
Typevar: 0 for simple covariate (dummy, quantitative, fixed or varying), 1 for age product, 2 for  product, 3 for double product with age  
Fixed[k] 0=fixed (product or simple), 1 varying, 2 fixed with age product, 3 varying with age product 
Dummy[k] 0=dummy (0 1), 1 quantitative (single or product without age), 2 dummy with age product, 3 quant with age product
ncoveff=0, nqfveff=0, ntveff=0, nqtveff=0, cptcovn=0
ncovf=0, ncovv=0, ncova=0, nsd=0, nsq=0
Warning: The value of parameter lastobs=5000 is big compared to the 
  effective number of cases imx=1221, please adjust, 
  otherwise you are allocating more memory than necessary.
Total number of individuals= 1221, Agemin = 51.08, Agemax= 93.08

Information, you have to check 0 informations which haven't been logged!
Delay (in months) between two waves Min=1 (for indiviudal 1131) Max=33 (715) Mean=24.320229

 Age 51 1.=3 loss[1]=0.0% 2.=0 loss[2]=0.0% 1.=3 prev[1]=95.1% 2.=0 prev[2]=4.9% 11=3 22=0
Age 52 1.=3 loss[1]=0.0% 2.=0 loss[2]=0.0% 1.=3 prev[1]=89.5% 2.=0 prev[2]=10.5% 11=3 21=0 22=0
Age 53 1.=2 loss[1]=0.0% 2.=0 loss[2]=0.0% 1.=2 prev[1]=92.3% 2.=0 prev[2]=7.7% 11=2 22=0
Age 54 1.=3 loss[1]=0.0% 2.=1 loss[2]=0.0% 1.=3 prev[1]=82.7% 2.=1 prev[2]=17.3% 11=3 21=0 22=0
Age 55 1.=3 loss[1]=0.0% 2.=0 loss[2]=0.0% 1.=3 prev[1]=95.6% 2.=0 prev[2]=4.4% 11=2 12=0 13=0 21=0
Age 56 1.=4 loss[1]=0.0% 2.=0 loss[2]=0.0% 1.=4 prev[1]=96.1% 2.=0 prev[2]=3.9% 11=3 13=0 21=0
Age 57 1.=2 loss[1]=0.0% 2.=0 loss[2]=0.0% 1.=2 prev[1]=92.9% 2.=0 prev[2]=7.1% 11=2 21=0
Age 58 1.=1 loss[1]=0.0% 2.=0 loss[2]=NaNQ% 1.=1 prev[1]=100.0% 2.=0 prev[2]=0.0% 11=1 12=0
Age 59 1.=2 loss[1]=0.0% 2.=0 loss[2]=0.0% 1.=2 prev[1]=90.9% 2.=0 prev[2]=9.1% 11=2 12=0 13=0 21=0 22=0
Age 60 1.=2 loss[1]=0.0% 2.=0 loss[2]=0.0% 1.=2 prev[1]=90.1% 2.=0 prev[2]=9.9% 11=2 12=0 21=0 22=0
Age 61 1.=3 loss[1]=0.0% 2.=0 loss[2]=0.0% 1.=3 prev[1]=90.3% 2.=0 prev[2]=9.7% 11=2 12=0 13=0 21=0 22=0
Age 62 1.=3 loss[1]=0.0% 2.=0 loss[2]=0.0% 1.=3 prev[1]=98.4% 2.=0 prev[2]=1.6% 11=3 12=0 13=0 22=0
Age 63 1.=3 loss[1]=0.0% 2.=0 loss[2]=0.0% 1.=3 prev[1]=94.1% 2.=0 prev[2]=5.9% 11=3 12=0 21=0
Age 64 1.=3 loss[1]=0.0% 2.=0 loss[2]=0.0% 1.=3 prev[1]=94.5% 2.=0 prev[2]=5.5% 11=3 12=0 13=0 21=0 22=0
Age 65 1.=3 loss[1]=0.0% 2.=0 loss[2]=0.0% 1.=3 prev[1]=91.0% 2.=0 prev[2]=9.0% 11=3 12=0 21=0 22=0
Age 66 1.=2 loss[1]=0.0% 2.=0 loss[2]=0.0% 1.=2 prev[1]=93.5% 2.=0 prev[2]=6.5% 11=2 13=0 21=0 22=0
Age 67 1.=3 loss[1]=0.0% 2.=0 loss[2]=0.0% 1.=3 prev[1]=89.0% 2.=0 prev[2]=11.0% 11=2 12=0 13=0 21=0 22=0
Age 68 1.=3 loss[1]=0.0% 2.=0 loss[2]=0.0% 1.=3 prev[1]=94.0% 2.=0 prev[2]=6.0% 11=2 12=0 13=0 21=0
Age 69 1.=2 loss[1]=0.0% 2.=0 loss[2]=0.0% 1.=2 prev[1]=87.3% 2.=0 prev[2]=12.7% 11=1 12=0 21=0 22=0
Age 70 1.=2 loss[1]=0.0% 2.=0 loss[2]=0.0% 1.=2 prev[1]=93.1% 2.=0 prev[2]=6.9% 11=2 12=0 13=0 21=0 22=0
Age 71 1.=1 loss[1]=0.0% 2.=0 loss[2]=0.0% 1.=1 prev[1]=89.8% 2.=0 prev[2]=10.2% 11=1 12=0 13=0 21=0 23=0
Age 72 1.=2 loss[1]=0.0% 2.=0 loss[2]=0.0% 1.=2 prev[1]=78.9% 2.=0 prev[2]=21.1% 11=1 13=0 21=0 22=0 23=0
Age 73 1.=1 loss[1]=0.0% 2.=0 loss[2]=0.0% 1.=1 prev[1]=80.0% 2.=0 prev[2]=20.0% 11=1 12=0 22=0
Age 74 1.=1 loss[1]=0.0% 2.=0 loss[2]=0.0% 1.=1 prev[1]=83.4% 2.=0 prev[2]=16.6% 11=1 12=0 13=0 21=0 22=0 23=0
Age 75 1.=1 loss[1]=0.0% 2.=0 loss[2]=0.0% 1.=1 prev[1]=77.3% 2.=0 prev[2]=22.7% 11=1 12=0 13=0 21=0 22=0
Age 76 1.=1 loss[1]=0.0% 2.=0 loss[2]=0.0% 1.=1 prev[1]=73.3% 2.=0 prev[2]=26.7% 11=1 12=0 13=0 21=0 22=0 23=0
Age 77 1.=1 loss[1]=0.0% 2.=0 loss[2]=0.0% 1.=1 prev[1]=84.7% 2.=0 prev[2]=15.3% 11=1 12=0 13=0 21=0 22=0 23=0
Age 78 1.=1 loss[1]=0.0% 2.=0 loss[2]=0.0% 1.=1 prev[1]=95.7% 2.=0 prev[2]=4.3% 11=1 12=0 13=0 21=0
Age 79 1.=1 loss[1]=0.0% 2.=0 loss[2]=0.0% 1.=1 prev[1]=80.7% 2.=0 prev[2]=19.3% 11=1 12=0 13=0 21=0 22=0 23=0
Age 80 1.=1 loss[1]=0.0% 2.=0 loss[2]=0.0% 1.=1 prev[1]=60.5% 2.=0 prev[2]=39.5% 11=1 12=0 21=0 22=0
Age 81 1.=1 loss[1]=0.0% 2.=0 loss[2]=0.0% 1.=1 prev[1]=71.8% 2.=0 prev[2]=28.2% 11=0 12=0 13=0 21=0 22=0 23=0
Age 82 1.=1 loss[1]=0.0% 2.=0 loss[2]=0.0% 1.=1 prev[1]=74.8% 2.=0 prev[2]=25.2% 11=1 12=0 13=0 21=0 22=0 23=0
Age 83 1.=1 loss[1]=0.0% 2.=0 loss[2]=0.0% 1.=1 prev[1]=58.8% 2.=0 prev[2]=41.2% 11=1 12=0 13=0 21=0 22=0 23=0
Age 84 1.=1 loss[1]=0.0% 2.=0 loss[2]=0.0% 1.=1 prev[1]=65.8% 2.=0 prev[2]=34.2% 11=0 12=0 13=0 22=0 23=0
Age 85 1.=0 loss[1]=0.0% 2.=0 loss[2]=0.0% 1.=0 prev[1]=63.8% 2.=0 prev[2]=36.2% 11=0 12=0 13=0 21=0 22=0 23=0
Age 86 1.=0 loss[1]=0.0% 2.=0 loss[2]=0.0% 1.=0 prev[1]=81.8% 2.=0 prev[2]=18.2% 11=0 12=0 22=0
Age 87 1.=0 loss[1]=0.0% 2.=1 loss[2]=0.0% 1.=0 prev[1]=48.5% 2.=1 prev[2]=51.5% 11=0 13=0 21=0 22=0 23=0
Age 88 1.=0 loss[1]=0.0% 2.=0 loss[2]=0.0% 1.=0 prev[1]=81.9% 2.=0 prev[2]=18.1% 11=0 12=0 13=0 22=0 23=0
Age 89 1.=0 loss[1]=0.0% 2.=0 loss[2]=0.0% 1.=0 prev[1]=50.3% 2.=0 prev[2]=49.7% 11=0 21=0 23=0
Age 90 1.=0 loss[1]=0.0% 2.=0 loss[2]=0.0% 1.=0 prev[1]=31.3% 2.=0 prev[2]=68.7% 11=0 13=0 22=0 23=0
Age 91 1.=0 loss[1]=NaNQ% 2.=0 loss[2]=0.0% 1.=0 prev[1]=0.0% 2.=0 prev[2]=100.0% 22=0
Age 92 1.=0 loss[1]=NaNQ% 2.=0 loss[2]=NaNQ% 1.=0 prev[1]=NaNQ% 2.=0 prev[2]=NaNQ%
Age 93 1.=0 loss[1]=NaNQ% 2.=0 loss[2]=NaNQ% 1.=0 prev[1]=NaNQ% 2.=0 prev[2]=NaNQ%
1 1.=0 loss[1]=NaNQ% 2.=0 loss[2]=NaNQ% 1.=0 prev[1]=NaNQ% 2.=0 prev[2]=NaNQ%
0 1.=0 loss[1]=NaNQ% 2.=0 loss[2]=NaNQ% 1.=0 prev[1]=NaNQ% 2.=0 prev[2]=NaNQ%
Total 1.=67 loss[1]=0.0% 2.=10 loss[2]=0.0% 1.=67 prev[1]=87.6% 2.=10 prev[2]=12.4% 11=62 12=3 13=2 21=4 22=4 23=2


12   -9.8878524 ln(3/62)=   -3.0660631 
13  -10.9469664 ln(2/62)=   -3.2390239 
21    0.7951771 ln(4/4)=    0.1335210 
23  -13.4009761 ln(2/4)=   -0.6814810 

 -1-1=0 -10=0 -11=0 -12=0 -13=0 0-1=0 00=0 01=0 02=0 03=0 1-1=0 10=0 11=62 12=3 13=2 2-1=0 20=0 21=4 22=4 23=2 3-1=0 30=0 31=0 32=0 33=0
Powell

Powell iter=1 Big Iter=1 -2*LL=1194.059893547835 gain=0 0 sec. 0 sec.
#model=  1      +     age 
12   -9.8878524    0.0915371 
13  -10.9469664    0.0992279 
21    0.7951771   -0.0231604 
23  -13.4009761    0.1480662 
1..........2...............3.......4..................5........6..............7........8..................
Powell iter=2 Big Iter=2 -2*LL=1119.274011559092 gain=74.8 1 sec. 1 sec.
#model=  1      +     age 
12  -10.1917828    0.0915803 
13  -11.8845999    0.0988126 
21    0.1800700   -0.0227242 
23  -14.2197993    0.1479750 

Considering the time needed for this last iteration #2: 1 seconds,
   - if your program needs 1 BIG iterations  (2 iterations) to converge, convergence will be 
   reached in 0 day(s) 0 hour(s) 0 minute(s) 0 second(s) i.e.
   on Tue Feb 04 22:03:39 2025 (current time is Tue Feb 04 22:03:39 2025);
   - if your program needs 11 BIG iterations  (22 iterations) to converge, convergence will be 
   reached in 0 day(s) 0 hour(s) 0 minute(s) 20 second(s) i.e.
   on Tue Feb 04 22:03:59 2025 (current time is Tue Feb 04 22:03:39 2025);
   - if your program needs 21 BIG iterations  (42 iterations) to converge, convergence will be 
   reached in 0 day(s) 0 hour(s) 0 minute(s) 40 second(s) i.e.
   on Tue Feb 04 22:04:19 2025 (current time is Tue Feb 04 22:03:39 2025);
   - if your program needs 31 BIG iterations  (62 iterations) to converge, convergence will be 
   reached in 0 day(s) 0 hour(s) 1 minute(s) 0 second(s) i.e.
   on Tue Feb 04 22:04:39 2025 (current time is Tue Feb 04 22:03:39 2025);
1.........2...............3.........4..................5.........6...............7.........8..................
Powell iter=3 Big Iter=2 -2*LL=1113.754055160025 gain=5.52 0 sec. 1 sec.
#model=  1      +     age 
12  -10.4370892    0.0916328 
13  -11.7274250    0.0986673 
21   -0.0051806   -0.0226507 
23  -14.2929112    0.1478940 

Considering the time needed for this last iteration #3: 0 seconds,
   - if your program needs 1 BIG iterations  (2 iterations) to converge, convergence will be 
   reached in 0 day(s) 0 hour(s) 0 minute(s) 0 second(s) i.e.
   on Tue Feb 04 22:03:39 2025 (current time is Tue Feb 04 22:03:39 2025);
   - if your program needs 11 BIG iterations  (22 iterations) to converge, convergence will be 
   reached in 0 day(s) 0 hour(s) 0 minute(s) 0 second(s) i.e.
   on Tue Feb 04 22:03:39 2025 (current time is Tue Feb 04 22:03:39 2025);
   - if your program needs 21 BIG iterations  (42 iterations) to converge, convergence will be 
   reached in 0 day(s) 0 hour(s) 0 minute(s) 0 second(s) i.e.
   on Tue Feb 04 22:03:39 2025 (current time is Tue Feb 04 22:03:39 2025);
   - if your program needs 31 BIG iterations  (62 iterations) to converge, convergence will be 
   reached in 0 day(s) 0 hour(s) 0 minute(s) 0 second(s) i.e.
   on Tue Feb 04 22:03:39 2025 (current time is Tue Feb 04 22:03:39 2025);
1.........2...............3..........4..................5.........6...............7.........8..........................Gaining to use new average direction of P0 P8 instead of biggest increase direction 1 :

Powell iter=4 Big Iter=3 -2*LL=1113.457721659074 gain=0.296 1 sec. 2 sec.
#model=  1      +     age 
12  -10.5224951    0.0916592 
13  -11.7122026    0.0985112 
21   -0.0360155   -0.0226001 
23  -14.2978380    0.1478009 
1...................2...............3..........4..................5.........6...............7.........8.......
Powell iter=5 Big Iter=3 -2*LL=1113.449672234737 gain=0.00805 0 sec. 2 sec.
#model=  1      +     age 
12  -10.5258716    0.0917080 
13  -11.7020923    0.0983749 
21   -0.0388765   -0.0225595 
23  -14.2905471    0.1477974 
1..................2...............3..........4..................5.........6...............7.........8.............Gaining to use new average direction of P0 P8 instead of biggest increase direction 4 :

Powell iter=6 Big Iter=4 -2*LL=1113.153675620426 gain=0.296 1 sec. 3 sec.
#model=  1      +     age 
12  -10.7475200    0.0949223 
13  -11.0418564    0.0893578 
21   -0.2261494   -0.0198961 
23  -13.8031640    0.1422514 
1..................2...............3..........4........5.........6...............7.........8........directest= 0.286339780482 (if directest<0 or t<0 we include P0 Pn as new direction), t= -0.000079956173, f1= 1113.153675620426,f2= 1113.151742224513,f3= 1113.438137391118, del= 0.000994391018
f1-2f2+f3= 0.288328562518, f1-f2-del= 0.000939004895, f1-f3= -0.284461770692

Powell iter=7 Big Iter=4 -2*LL=1113.151742224513 gain=0.00193 0 sec. 3 sec.
#model=  1      +     age 
12  -10.7487261    0.0949484 
13  -11.0400857    0.0892516 
21   -0.2267660   -0.0198885 
23  -13.7935431    0.1421467 
1..................2...............3..............4........5.........6...............7.........8................Gaining to use new average direction of P0 P8 instead of biggest increase direction 1 :

Powell iter=8 Big Iter=5 -2*LL=1113.141198168527 gain=0.0105 1 sec. 4 sec.
#model=  1      +     age 
12  -10.7296796    0.0947051 
13  -11.0217994    0.0887795 
21   -0.1814806   -0.0205135 
23  -13.6814371    0.1408336 
1...........2.................3..........4.......5..........6...............7.........8.......
Powell iter=9 Big Iter=5 -2*LL=1113.132982510084 gain=0.00822 0 sec. 4 sec.
#model=  1      +     age 
12  -10.7213710    0.0945767 
13  -10.9981421    0.0885244 
21   -0.1586505   -0.0208495 
23  -13.6249795    0.1401410 
1........2...............3..........4.......5..........6...............7........8.............Gaining to use new average direction of P0 P8 instead of biggest increase direction 3 :

Powell iter=10 Big Iter=6 -2*LL=1113.126970263724 gain=0.00601 0 sec. 4 sec.
#model=  1      +     age 
12  -10.6903055    0.0941191 
13  -11.0061027    0.0887524 
21   -0.1047093   -0.0216369 
23  -13.5612779    0.1393280 
1.............2...............3............4................5........6...............7..............8..........directest= 0.002425366018 (if directest<0 or t<0 we include P0 Pn as new direction), t= -0.000000000179, f1= 1113.126970263724,f2= 1113.126891035625,f3= 1113.129306538574, del= 0.000034682515
f1-2f2+f3= 0.002494731048, f1-f2-del= 0.000044545584, f1-f3= -0.002336274850

Powell iter=11 Big Iter=6 -2*LL=1113.126891035625 gain=7.92e-005 1 sec. 5 sec.
#model=  1      +     age 
12  -10.6904396    0.0941213 
13  -11.0062758    0.0887554 
21   -0.1049320   -0.0216334 
23  -13.5606233    0.1393200 
1...........2...............3..........4........5.........6...............7.............8................Gaining to use new average direction of P0 P8 instead of biggest increase direction 6 :

Powell iter=12 Big Iter=7 -2*LL=1113.115626695683 gain=0.0113 0 sec. 5 sec.
#model=  1      +     age 
12  -10.7063109    0.0943246 
13  -11.1003769    0.0900914 
21   -0.1443087   -0.0210675 
23  -13.3717162    0.1370237 
1........2...............3........4.............5...........6........7.........8........directest= 0.011281551915 (if directest<0 or t<0 we include P0 Pn as new direction), t= -0.000000014469, f1= 1113.115626695683,f2= 1113.115482430323,f3= 1113.126849766685, del= 0.000115024903
f1-2f2+f3= 0.011511601722, f1-f2-del= 0.000029240457, f1-f3= -0.011223071002

Powell iter=13 Big Iter=7 -2*LL=1113.115482430323 gain=0.000144 0 sec. 5 sec.
#model=  1      +     age 
12  -10.7034278    0.0942936 
13  -11.1037340    0.0901130 
21   -0.1397961   -0.0211324 
23  -13.3623971    0.1369134 
1..........2................3............4..........5............6.......7................8...............
Powell iter=14 Big Iter=8 -2*LL=1113.115481261795 gain=1.17e-006 1 sec. 6 sec.
#model=  1      +     age 
12  -10.7030540    0.0942885 
13  -11.1045945    0.0901238 
21   -0.1395100   -0.0211364 
23  -13.3626085    0.1369157 
1..............2...............3...............................4............5......................6............7................8...............Gaining to use new average direction of P0 P8 instead of biggest increase direction 2 :

Powell iter=15 Big Iter=8 -2*LL=1113.115468330489 gain=1.29e-005 1 sec. 7 sec.
#model=  1      +     age 
12  -10.6991427    0.0942347 
13  -11.1069891    0.0901552 
21   -0.1393633   -0.0211383 
23  -13.3630980    0.1369204 
1........2................3...............4.........................5...............6...........7....................8............
Powell iter=16 Big Iter=9 -2*LL=1113.115462178523 gain=6.15e-006 0 sec. 7 sec.
#model=  1      +     age 
12  -10.6985538    0.0942270 
13  -11.1055203    0.0901367 
21   -0.1399829   -0.0211295 
23  -13.3620488    0.1369079 
1........2................3.........4....................5..................6...........7.........................8......................Gaining to use new average direction of P0 P8 instead of biggest increase direction 1 :

Powell iter=17 Big Iter=9 -2*LL=1113.115461021541 gain=1.16e-006 1 sec. 8 sec.
#model=  1      +     age 
12  -10.6981481    0.0942217 
13  -11.1044504    0.0901231 
21   -0.1403458   -0.0211243 
23  -13.3615368    0.1369019 
1.............................2..............................3....................4......................5....................6......................................7.........................8..............................directest= 0.000000184770 (if directest<0 or t<0 we include P0 Pn as new direction), t= -0.000000000000, f1= 1113.115461021541,f2= 1113.115461021537,f3= 1113.115461206309, del= 0.000000000003
f1-2f2+f3= 0.000000184777, f1-f2-del= 0.000000000001, f1-f3= -0.000000184768

Powell iter=18 Big Iter=10 -2*LL=1113.115461021537 gain=4.55e-012 0 sec. 8 sec.
#model=  1      +     age 
12  -10.6981484    0.0942217 
13  -11.1044525    0.0901231 
21   -0.1403467   -0.0211243 
23  -13.3615324    0.1369019 
1................................2..........................3............................4...........................5...................6......................................7..........................8.......................................directest= 0.000000000002 (if directest<0 or t<0 we include P0 Pn as new direction), t= -0.000000000000, f1= 1113.115461021537,f2= 1113.115461021536,f3= 1113.115461021538, del= 0.000000000001
f1-2f2+f3= 0.000000000003, f1-f2-del= 0.000000000000, f1-f3= -0.000000000002

Powell iter=19 Big Iter=10 -2*LL=1113.115461021536 gain=6.82e-013 1 sec. 9 sec.
#model=  1      +     age 
12  -10.6981484    0.0942217 
13  -11.1044525    0.0901231 
21   -0.1403467   -0.0211243 
23  -13.3615324    0.1369019 
1..................................2.........................3...........................4..........................5..................6.................................7............................8......................................
#Number of iterations & function calls = 19 & 2841, -2 Log likelihood = 1113.115461021536
# Parameters nlstate*nlstate*ncov a12*1 + b12 * age + ...
#model=  1      +     age 
12  -10.6981484    0.0942217 
13  -11.1044525    0.0901231 
21   -0.1403467   -0.0211243 
23  -13.3615324    0.1369019 

Calculation of the hessian matrix. Wait...
1-2-3-4-5-6-7-8-.1-2.1-3.1-4.1-5.1-6.1-7.1-8.2-3.2-4.2-5.2-6.2-7.2-8.3-4.3-5.3-6.3-7.3-8.4-5.4-6.4-7.4-8.5-6.5-7.5-8.6-7.6-8.7-8

Inverting the hessian to get the covariance matrix. Wait...

#Hessian matrix#
4.488844e+001 3.288595e+003 3.191424e+000 2.673990e+002 -1.214215e+001 -8.946861e+002 -2.837321e+000 -2.342158e+002 
3.288595e+003 2.448684e+005 2.645608e+002 2.226830e+004 -8.934608e+002 -6.702972e+004 -2.337839e+002 -1.942375e+004 
3.191424e+000 2.645608e+002 2.811915e+001 2.022733e+003 -2.595028e+000 -2.113565e+002 4.725657e+000 3.864754e+002 
2.673990e+002 2.226830e+004 2.022733e+003 1.479410e+005 -2.128673e+002 -1.742774e+004 3.861816e+002 3.178691e+004 
-1.214215e+001 -8.934608e+002 -2.595028e+000 -2.128673e+002 5.116430e+001 3.527856e+003 -2.427708e+000 -2.024862e+002 
-8.946861e+002 -6.702972e+004 -2.113565e+002 -1.742774e+004 3.527856e+003 2.493632e+005 -2.019082e+002 -1.699407e+004 
-2.837321e+000 -2.337839e+002 4.725657e+000 3.861816e+002 -2.427708e+000 -2.019082e+002 2.380869e+001 1.977869e+003 
-2.342158e+002 -1.942375e+004 3.864754e+002 3.178691e+004 -2.024862e+002 -1.699407e+004 1.977869e+003 1.654061e+005 
Parameters, Wald tests and Wald-based confidence intervals
 W is simply the result of the division of the parameter by the square root of covariance of the parameter.
 And Wald-based confidence intervals plus and minus 1.96 * W 
  It might be better to visualize the covariance matrix. See the page 'Matrix of variance-covariance of one-step probabilities' and its graphs.
12  -10.6981484(   1.2391139) W=  -8.634 CI=[ -13.1268116 ;   -8.2694852]    0.0942217(   0.0169383) W=   5.563 CI=[   0.0610227 ;    0.1274208] 
13  -11.1044525(   1.5325401) W=  -7.246 CI=[ -14.1082310 ;   -8.1006739]    0.0901231(   0.0213258) W=   4.226 CI=[   0.0483246 ;    0.1319217] 
21   -0.1403467(   0.9328556) W=  -0.150 CI=[  -1.9687437 ;    1.6880504]   -0.0211243(   0.0134628) W=  -1.569 CI=[  -0.0475115 ;    0.0052628] 
23  -13.3615324(   2.5353238) W=  -5.270 CI=[ -18.3307670 ;   -8.3922978]    0.1369019(   0.0304826) W=   4.491 CI=[   0.0771559 ;    0.1966479] 
# Scales (for hessian or gradient estimation)
12 1.00000e-003 2.00000e-005
13 1.00000e-003 2.00000e-005
21 1.00000e-003 2.00000e-005
23 2.00000e-003 2.00000e-005
# Covariance matrix 
# 121 Var(a12)
# 122 Cov(b12,a12) Var(b12)
#   ...
# 232 Cov(b23,a12)  Cov(b23,b12) ... Var (b23)
#121 Var(a12)
#122 Cov(b12,a12) Var(b12)
#131 Cov(a13,a12) Cov(a13,b12) Var(a13)
#132 Cov(b13,a12) Cov(b13,b12) Cov(b13,a13) Var(b13)
#211 Cov(a21,a12) Cov(a21,b12) Cov(a21,a13) Cov(a21,b13) Var(a21)
#212 Cov(b21,a12) Cov(b21,b12) Cov(b21,a13) Cov(b21,b13) Cov(b21,a21) Var(b21)
#231 Cov(a23,a12) Cov(a23,b12) Cov(a23,a13) Cov(a23,b13) Cov(a23,a21) Cov(a23,b21) Var(a23)
#232 Cov(b23,a12) Cov(b23,b12) Cov(b23,a13) Cov(b23,b13) Cov(b23,a21) Cov(b23,b21) Cov(b23,a23) Var(b23)
121 1.5354032e+000
122 -2.08169e-002 2.8690587e-004
131 -2.72036e-001 4.09449e-003 2.3486791e+000
132 4.10439e-003 -6.19249e-005 -3.24186e-002 4.5478853e-004
211 2.74033e-001 -3.90897e-003 3.24931e-002 -5.11714e-004 8.7021965e-001
212 -3.94215e-003 5.74154e-005 -5.52499e-004 8.73021e-006 -1.24056e-002 1.8124797e-004
231 2.20879e-001 -3.01669e-003 -3.20006e-001 4.15260e-003 1.61831e-001 -2.33154e-003 6.4278667e+000
232 -3.13429e-003 4.37345e-005 4.64746e-003 -6.24969e-005 -2.19297e-003 3.20883e-005 -7.69954e-002 9.2919189e-004
# agemin agemax for life expectancy, bage fage (if mle==0 ie no data nor Max likelihood).
# Observed prevalence period
begin-prev-date=1/1/2016 end-prev-date=1/9/2018 mov_average=0
# Health expectancies computed from stable (period) prevalence (pop_based=0) or population based (1)
pop_based=0
# Prevalence forecasting and backcasting is skept here
##prevforecast=0  starting-proj-date=1/1/1989 final-proj-date=1/1/1990 mobil_average=0
#prevforecast=1 yearsfproj=10 mobil_average=0
#prevbackcast=1 yearsbproj=10 mobil_average=1
result:  .
End of resultlines.

Computing forward period (stable) prevalence: result on file 'PL_FRMadl.txt' 
#************
Computing pij: result on file 'PIJ_FRMadl.txt' 
Computing standard deviation of one-step probabilities: result on file 'PROB_rFRMadl.txt' 
Computing matrix of variance covariance of one-step probabilities: result on file 'PROBCOV_FRMadl.txt' 
and correlation matrix of one-step probabilities: result on file 'PROBCOR_FRMadl.txt' 
50 13-12 mu 2.7149e-003 5.0027e-003 Var 1.7926e-006 4.2589e-006 cor -0.086 cov -2.3899e-007 Eig 4.282e-006 1.770e-006 1stv 0.096 -0.995 tan -10.416
55 13-12 mu 4.2507e-003 7.9949e-003 Var 2.8505e-006 7.1953e-006 cor -0.069 cov -3.1118e-007 Eig 7.218e-006 2.828e-006 1stv 0.071 -0.997 tan -14.034
60 13-12 mu 6.6465e-003 1.2760e-002 Var 4.2005e-006 1.1294e-005 cor -0.046 cov -3.1937e-007 Eig 1.131e-005 4.186e-006 1stv 0.045 -0.999 tan -22.256
65 13-12 mu 1.0371e-002 2.0322e-002 Var 5.9347e-006 1.6751e-005 cor -0.030 cov -3.0224e-007 Eig 1.676e-005 5.926e-006 1stv 0.028 -1.000 tan -35.815
70 13-12 mu 1.6128e-002 3.2259e-002 Var 9.8770e-006 2.7106e-005 cor -0.071 cov -1.1677e-006 Eig 2.719e-005 9.798e-006 1stv 0.067 -0.998 tan -14.823
75 13-12 mu 2.4953e-002 5.0942e-002 Var 2.6940e-005 6.6216e-005 cor -0.194 cov -8.1998e-006 Eig 6.786e-005 2.530e-005 1stv 0.196 -0.981 tan -4.990
80 13-12 mu 3.8299e-002 7.9808e-002 Var 1.0361e-004 2.4323e-004 cor -0.282 cov -4.4794e-005 Eig 2.564e-004 9.048e-005 1stv 0.281 -0.960 tan -3.410
85 13-12 mu 5.8075e-002 1.2352e-001 Var 4.0224e-004 9.5287e-004 cor -0.325 cov -2.0139e-004 Eig 1.019e-003 3.364e-004 1stv 0.311 -0.951 tan -3.061
90 13-12 mu 8.6491e-002 1.8777e-001 Var 1.4052e-003 3.3628e-003 cor -0.365 cov -7.9300e-004 Eig 3.644e-003 1.124e-003 1stv 0.334 -0.943 tan -2.823
50 21-12 mu 4.6365e-001 5.0027e-003 Var 1.0495e-002 4.2589e-006 cor 0.210 cov 4.4398e-005 Eig 1.050e-002 4.071e-006 1stv 1.000 0.004 tan 0.004
55 21-12 mu 4.2661e-001 7.9949e-003 Var 6.0630e-003 7.1953e-006 cor 0.203 cov 4.2381e-005 Eig 6.063e-003 6.899e-006 1stv 1.000 0.007 tan 0.007
60 21-12 mu 3.9133e-001 1.2760e-002 Var 3.3678e-003 1.1294e-005 cor 0.197 cov 3.8339e-005 Eig 3.368e-003 1.086e-005 1stv 1.000 0.011 tan 0.011
65 21-12 mu 3.5749e-001 2.0322e-002 Var 2.0028e-003 1.6751e-005 cor 0.201 cov 3.6743e-005 Eig 2.003e-003 1.607e-005 1stv 1.000 0.018 tan 0.018
70 21-12 mu 3.2448e-001 3.2259e-002 Var 1.5924e-003 2.7106e-005 cor 0.236 cov 4.8992e-005 Eig 1.594e-003 2.557e-005 1stv 1.000 0.031 tan 0.031
75 21-12 mu 2.9133e-001 5.0942e-002 Var 1.7867e-003 6.6216e-005 cor 0.283 cov 9.7490e-005 Eig 1.792e-003 6.071e-005 1stv 0.998 0.056 tan 0.056
80 21-12 mu 2.5654e-001 7.9808e-002 Var 2.2419e-003 2.4323e-004 cor 0.292 cov 2.1579e-004 Eig 2.265e-003 2.202e-004 1stv 0.994 0.106 tan 0.107
85 21-12 mu 2.1821e-001 1.2352e-001 Var 2.6164e-003 9.5287e-004 cor 0.273 cov 4.3086e-004 Eig 2.721e-003 8.479e-004 1stv 0.972 0.237 tan 0.244
90 21-12 mu 1.7507e-001 1.8777e-001 Var 2.6595e-003 3.3628e-003 cor 0.237 cov 7.0916e-004 Eig 3.803e-003 2.220e-003 1stv 0.527 0.850 tan 1.612
50 23-12 mu 2.2688e-003 5.0027e-003 Var 5.3844e-006 4.2589e-006 cor 0.040 cov 1.9123e-007 Eig 5.416e-006 4.227e-006 1stv 0.987 0.163 tan 0.165
55 23-12 mu 4.6003e-003 7.9949e-003 Var 1.6165e-005 7.1953e-006 cor 0.039 cov 4.2123e-007 Eig 1.618e-005 7.176e-006 1stv 0.999 0.047 tan 0.047
60 23-12 mu 9.2994e-003 1.2760e-002 Var 4.5623e-005 1.1294e-005 cor 0.038 cov 8.7098e-007 Eig 4.565e-005 1.127e-005 1stv 1.000 0.025 tan 0.025
65 23-12 mu 1.8720e-002 2.0322e-002 Var 1.1826e-004 1.6751e-005 cor 0.040 cov 1.7801e-006 Eig 1.183e-004 1.672e-005 1stv 1.000 0.018 tan 0.018
70 23-12 mu 3.7445e-002 3.2259e-002 Var 2.7186e-004 2.7106e-005 cor 0.051 cov 4.3580e-006 Eig 2.719e-004 2.703e-005 1stv 1.000 0.018 tan 0.018
75 23-12 mu 7.4088e-002 5.0942e-002 Var 5.3449e-004 6.6216e-005 cor 0.084 cov 1.5863e-005 Eig 5.350e-004 6.568e-005 1stv 0.999 0.034 tan 0.034
80 23-12 mu 1.4377e-001 7.9808e-002 Var 9.7640e-004 2.4323e-004 cor 0.151 cov 7.3375e-005 Eig 9.837e-004 2.360e-004 1stv 0.995 0.099 tan 0.099
85 23-12 mu 2.6949e-001 1.2352e-001 Var 2.7667e-003 9.5287e-004 cor 0.201 cov 3.2598e-004 Eig 2.823e-003 8.961e-004 1stv 0.985 0.172 tan 0.174
90 23-12 mu 4.7645e-001 1.8777e-001 Var 1.2276e-002 3.3628e-003 cor 0.187 cov 1.2029e-003 Eig 1.244e-002 3.203e-003 1stv 0.991 0.131 tan 0.133
50 21-13 mu 4.6365e-001 2.7149e-003 Var 1.0495e-002 1.7926e-006 cor 0.008 cov 1.0612e-006 Eig 1.050e-002 1.792e-006 1stv 1.000 0.000 tan 0.000
55 21-13 mu 4.2661e-001 4.2507e-003 Var 6.0630e-003 2.8505e-006 cor 0.004 cov 5.4100e-007 Eig 6.063e-003 2.850e-006 1stv 1.000 0.000 tan 0.000
60 21-13 mu 3.9133e-001 6.6465e-003 Var 3.3678e-003 4.2005e-006 cor 0.002 cov 2.2069e-007 Eig 3.368e-003 4.201e-006 1stv 1.000 0.000 tan 0.000
65 21-13 mu 3.5749e-001 1.0371e-002 Var 2.0028e-003 5.9347e-006 cor 0.008 cov 8.4273e-007 Eig 2.003e-003 5.934e-006 1stv 1.000 0.000 tan 0.000
70 21-13 mu 3.2448e-001 1.6128e-002 Var 1.5924e-003 9.8770e-006 cor 0.032 cov 3.9687e-006 Eig 1.592e-003 9.867e-006 1stv 1.000 0.003 tan 0.003
75 21-13 mu 2.9133e-001 2.4953e-002 Var 1.7867e-003 2.6940e-005 cor 0.058 cov 1.2763e-005 Eig 1.787e-003 2.685e-005 1stv 1.000 0.007 tan 0.007
80 21-13 mu 2.5654e-001 3.8299e-002 Var 2.2419e-003 1.0361e-004 cor 0.070 cov 3.3867e-005 Eig 2.242e-003 1.031e-004 1stv 1.000 0.016 tan 0.016
85 21-13 mu 2.1821e-001 5.8075e-002 Var 2.6164e-003 4.0224e-004 cor 0.079 cov 8.1535e-005 Eig 2.619e-003 3.992e-004 1stv 0.999 0.037 tan 0.037
90 21-13 mu 1.7507e-001 8.6491e-002 Var 2.6595e-003 1.4052e-003 cor 0.094 cov 1.8147e-004 Eig 2.685e-003 1.379e-003 1stv 0.990 0.140 tan 0.142
50 23-13 mu 2.2688e-003 2.7149e-003 Var 5.3844e-006 1.7926e-006 cor -0.072 cov -2.2454e-007 Eig 5.398e-006 1.779e-006 1stv 0.998 -0.062 tan -0.062
55 23-13 mu 4.6003e-003 4.2507e-003 Var 1.6165e-005 2.8505e-006 cor -0.072 cov -4.9024e-007 Eig 1.618e-005 2.832e-006 1stv 0.999 -0.037 tan -0.037
60 23-13 mu 9.2994e-003 6.6465e-003 Var 4.5623e-005 4.2005e-006 cor -0.076 cov -1.0456e-006 Eig 4.565e-005 4.174e-006 1stv 1.000 -0.025 tan -0.025
65 23-13 mu 1.8720e-002 1.0371e-002 Var 1.1826e-004 5.9347e-006 cor -0.088 cov -2.3222e-006 Eig 1.183e-004 5.887e-006 1stv 1.000 -0.021 tan -0.021
70 23-13 mu 3.7445e-002 1.6128e-002 Var 2.7186e-004 9.8770e-006 cor -0.118 cov -6.1281e-006 Eig 2.720e-004 9.734e-006 1stv 1.000 -0.023 tan -0.023
75 23-13 mu 7.4088e-002 2.4953e-002 Var 5.3449e-004 2.6940e-005 cor -0.175 cov -2.0971e-005 Eig 5.354e-004 2.608e-005 1stv 0.999 -0.041 tan -0.041
80 23-13 mu 1.4377e-001 3.8299e-002 Var 9.7640e-004 1.0361e-004 cor -0.263 cov -8.3743e-005 Eig 9.844e-004 9.565e-005 1stv 0.996 -0.095 tan -0.095
85 23-13 mu 2.6949e-001 5.8075e-002 Var 2.7667e-003 4.0224e-004 cor -0.310 cov -3.2747e-004 Eig 2.811e-003 3.577e-004 1stv 0.991 -0.135 tan -0.136
90 23-13 mu 4.7645e-001 8.6491e-002 Var 1.2276e-002 1.4052e-003 cor -0.266 cov -1.1061e-003 Eig 1.239e-002 1.294e-003 1stv 0.995 -0.100 tan -0.101
50 23-21 mu 2.2688e-003 4.6365e-001 Var 5.3844e-006 1.0495e-002 cor -0.017 cov -3.9819e-006 Eig 1.050e-002 5.383e-006 1stv 0.000 -1.000 tan -2634.435
55 23-21 mu 4.6003e-003 4.2661e-001 Var 1.6165e-005 6.0630e-003 cor -0.018 cov -5.7182e-006 Eig 6.063e-003 1.616e-005 1stv 0.001 -1.000 tan -1057.485
60 23-21 mu 9.2994e-003 3.9133e-001 Var 4.5623e-005 3.3678e-003 cor -0.029 cov -1.1337e-005 Eig 3.368e-003 4.558e-005 1stv 0.003 -1.000 tan -293.040
65 23-21 mu 1.8720e-002 3.5749e-001 Var 1.1826e-004 2.0028e-003 cor -0.054 cov -2.6159e-005 Eig 2.003e-003 1.179e-004 1stv 0.014 -1.000 tan -72.056
70 23-21 mu 3.7445e-002 3.2448e-001 Var 2.7186e-004 1.5924e-003 cor -0.087 cov -5.7046e-005 Eig 1.595e-003 2.694e-004 1stv 0.043 -0.999 tan -23.191
75 23-21 mu 7.4088e-002 2.9133e-001 Var 5.3449e-004 1.7867e-003 cor -0.108 cov -1.0525e-004 Eig 1.795e-003 5.257e-004 1stv 0.083 -0.997 tan -11.981
80 23-21 mu 1.4377e-001 2.5654e-001 Var 9.7640e-004 2.2419e-003 cor -0.112 cov -1.6525e-004 Eig 2.263e-003 9.552e-004 1stv 0.127 -0.992 tan -7.786
85 23-21 mu 2.6949e-001 2.1821e-001 Var 2.7667e-003 2.6164e-003 cor -0.127 cov -3.4179e-004 Eig 3.042e-003 2.342e-003 1stv 0.779 -0.627 tan -0.804
90 23-21 mu 4.7645e-001 1.7507e-001 Var 1.2276e-002 2.6595e-003 cor -0.223 cov -1.2736e-003 Eig 1.244e-002 2.494e-003 1stv 0.992 -0.129 tan -0.130
Prevalence combination of varying and fixed dummies 1
Warning Observed prevalence doesn't sum to 1 for state 2: probs[50][2][1]=0.000000 because of lack of cases.
Warning Observed prevalence doesn't sum to 1 for state 1: probs[51][1][1]=0.000000 because of lack of cases.
Warning Observed prevalence doesn't sum to 1 for state 2: probs[51][2][1]=0.000000 because of lack of cases.
Warning Observed prevalence doesn't sum to 1 for state 1: probs[52][1][1]=0.000000 because of lack of cases.
Warning Observed prevalence doesn't sum to 1 for state 2: probs[52][2][1]=0.000000 because of lack of cases.
Warning Observed prevalence doesn't sum to 1 for state 1: probs[53][1][1]=0.000000 because of lack of cases.
Warning Observed prevalence doesn't sum to 1 for state 2: probs[53][2][1]=0.000000 because of lack of cases.
Warning Observed prevalence doesn't sum to 1 for state 1: probs[54][1][1]=0.000000 because of lack of cases.
Warning Observed prevalence doesn't sum to 1 for state 2: probs[54][2][1]=0.000000 because of lack of cases.
Warning Observed prevalence doesn't sum to 1 for state 1: probs[55][1][1]=0.000000 because of lack of cases.
Warning Observed prevalence doesn't sum to 1 for state 2: probs[55][2][1]=0.000000 because of lack of cases.
Warning Observed prevalence doesn't sum to 1 for state 1: probs[56][1][1]=0.000000 because of lack of cases.
Warning Observed prevalence doesn't sum to 1 for state 2: probs[56][2][1]=0.000000 because of lack of cases.
Warning Observed prevalence doesn't sum to 1 for state 1: probs[57][1][1]=0.000000 because of lack of cases.
Warning Observed prevalence doesn't sum to 1 for state 2: probs[57][2][1]=0.000000 because of lack of cases.
Warning Observed prevalence doesn't sum to 1 for state 1: probs[58][1][1]=0.000000 because of lack of cases.
Warning Observed prevalence doesn't sum to 1 for state 2: probs[58][2][1]=0.000000 because of lack of cases.
Warning Observed prevalence doesn't sum to 1 for state 1: probs[59][1][1]=0.000000 because of lack of cases.
Warning Observed prevalence doesn't sum to 1 for state 2: probs[59][2][1]=0.000000 because of lack of cases.
Warning Observed prevalence doesn't sum to 1 for state 1: probs[60][1][1]=0.000000 because of lack of cases.
Warning Observed prevalence doesn't sum to 1 for state 2: probs[60][2][1]=0.000000 because of lack of cases.
Warning Observed prevalence doesn't sum to 1 for state 1: probs[61][1][1]=0.000000 because of lack of cases.
Warning Observed prevalence doesn't sum to 1 for state 2: probs[61][2][1]=0.000000 because of lack of cases.
Warning Observed prevalence doesn't sum to 1 for state 1: probs[62][1][1]=0.000000 because of lack of cases.
Warning Observed prevalence doesn't sum to 1 for state 2: probs[62][2][1]=0.000000 because of lack of cases.
Warning Observed prevalence doesn't sum to 1 for state 1: probs[63][1][1]=0.000000 because of lack of cases.
Warning Observed prevalence doesn't sum to 1 for state 2: probs[63][2][1]=0.000000 because of lack of cases.
Warning Observed prevalence doesn't sum to 1 for state 1: probs[64][1][1]=0.000000 because of lack of cases.
Warning Observed prevalence doesn't sum to 1 for state 2: probs[64][2][1]=0.000000 because of lack of cases.
Warning Observed prevalence doesn't sum to 1 for state 1: probs[65][1][1]=0.000000 because of lack of cases.
Warning Observed prevalence doesn't sum to 1 for state 2: probs[65][2][1]=0.000000 because of lack of cases.
Warning Observed prevalence doesn't sum to 1 for state 1: probs[66][1][1]=0.000000 because of lack of cases.
Warning Observed prevalence doesn't sum to 1 for state 2: probs[66][2][1]=0.000000 because of lack of cases.
Warning Observed prevalence doesn't sum to 1 for state 1: probs[67][1][1]=0.000000 because of lack of cases.
Warning Observed prevalence doesn't sum to 1 for state 2: probs[67][2][1]=0.000000 because of lack of cases.
Warning Observed prevalence doesn't sum to 1 for state 1: probs[68][1][1]=0.000000 because of lack of cases.
Warning Observed prevalence doesn't sum to 1 for state 2: probs[68][2][1]=0.000000 because of lack of cases.
Warning Observed prevalence doesn't sum to 1 for state 1: probs[69][1][1]=0.000000 because of lack of cases.
Warning Observed prevalence doesn't sum to 1 for state 2: probs[69][2][1]=0.000000 because of lack of cases.
Warning Observed prevalence doesn't sum to 1 for state 1: probs[70][1][1]=0.000000 because of lack of cases.
Warning Observed prevalence doesn't sum to 1 for state 2: probs[70][2][1]=0.000000 because of lack of cases.
Warning Observed prevalence doesn't sum to 1 for state 1: probs[71][1][1]=0.000000 because of lack of cases.
Warning Observed prevalence doesn't sum to 1 for state 2: probs[71][2][1]=0.000000 because of lack of cases.
Warning Observed prevalence doesn't sum to 1 for state 1: probs[72][1][1]=0.000000 because of lack of cases.
Warning Observed prevalence doesn't sum to 1 for state 2: probs[72][2][1]=0.000000 because of lack of cases.
Warning Observed prevalence doesn't sum to 1 for state 1: probs[73][1][1]=0.000000 because of lack of cases.
Warning Observed prevalence doesn't sum to 1 for state 2: probs[73][2][1]=0.000000 because of lack of cases.
Warning Observed prevalence doesn't sum to 1 for state 1: probs[74][1][1]=0.000000 because of lack of cases.
Warning Observed prevalence doesn't sum to 1 for state 2: probs[74][2][1]=0.000000 because of lack of cases.
Warning Observed prevalence doesn't sum to 1 for state 1: probs[75][1][1]=0.000000 because of lack of cases.
Warning Observed prevalence doesn't sum to 1 for state 2: probs[75][2][1]=0.000000 because of lack of cases.
Warning Observed prevalence doesn't sum to 1 for state 1: probs[76][1][1]=0.000000 because of lack of cases.
Warning Observed prevalence doesn't sum to 1 for state 2: probs[76][2][1]=0.000000 because of lack of cases.
Warning Observed prevalence doesn't sum to 1 for state 1: probs[77][1][1]=0.000000 because of lack of cases.
Warning Observed prevalence doesn't sum to 1 for state 2: probs[77][2][1]=0.000000 because of lack of cases.
Warning Observed prevalence doesn't sum to 1 for state 1: probs[78][1][1]=0.000000 because of lack of cases.
Warning Observed prevalence doesn't sum to 1 for state 2: probs[78][2][1]=0.000000 because of lack of cases.
Warning Observed prevalence doesn't sum to 1 for state 1: probs[79][1][1]=0.000000 because of lack of cases.
Warning Observed prevalence doesn't sum to 1 for state 2: probs[79][2][1]=0.000000 because of lack of cases.
Warning Observed prevalence doesn't sum to 1 for state 1: probs[80][1][1]=0.000000 because of lack of cases.
Warning Observed prevalence doesn't sum to 1 for state 2: probs[80][2][1]=0.000000 because of lack of cases.
Warning Observed prevalence doesn't sum to 1 for state 1: probs[81][1][1]=0.000000 because of lack of cases.
Warning Observed prevalence doesn't sum to 1 for state 2: probs[81][2][1]=0.000000 because of lack of cases.
Warning Observed prevalence doesn't sum to 1 for state 1: probs[82][1][1]=0.000000 because of lack of cases.
Warning Observed prevalence doesn't sum to 1 for state 2: probs[82][2][1]=0.000000 because of lack of cases.
Warning Observed prevalence doesn't sum to 1 for state 1: probs[83][1][1]=0.000000 because of lack of cases.
Warning Observed prevalence doesn't sum to 1 for state 2: probs[83][2][1]=0.000000 because of lack of cases.
Warning Observed prevalence doesn't sum to 1 for state 1: probs[84][1][1]=0.000000 because of lack of cases.
Warning Observed prevalence doesn't sum to 1 for state 2: probs[84][2][1]=0.000000 because of lack of cases.
Warning Observed prevalence doesn't sum to 1 for state 1: probs[85][1][1]=0.000000 because of lack of cases.
Warning Observed prevalence doesn't sum to 1 for state 2: probs[85][2][1]=0.000000 because of lack of cases.
Warning Observed prevalence doesn't sum to 1 for state 1: probs[86][1][1]=0.000000 because of lack of cases.
Warning Observed prevalence doesn't sum to 1 for state 2: probs[86][2][1]=0.000000 because of lack of cases.
Warning Observed prevalence doesn't sum to 1 for state 1: probs[87][1][1]=0.000000 because of lack of cases.
Warning Observed prevalence doesn't sum to 1 for state 2: probs[87][2][1]=0.000000 because of lack of cases.
Warning Observed prevalence doesn't sum to 1 for state 1: probs[88][1][1]=0.000000 because of lack of cases.
Warning Observed prevalence doesn't sum to 1 for state 2: probs[88][2][1]=0.000000 because of lack of cases.
Warning Observed prevalence doesn't sum to 1 for state 1: probs[89][1][1]=0.000000 because of lack of cases.
Warning Observed prevalence doesn't sum to 1 for state 2: probs[89][2][1]=0.000000 because of lack of cases.
Warning Observed prevalence doesn't sum to 1 for state 1: probs[90][1][1]=0.000000 because of lack of cases.
Warning Observed prevalence doesn't sum to 1 for state 2: probs[90][2][1]=0.000000 because of lack of cases.
Computing Health Expectancies: result on file 'E_FRMadl.txt' ...50|51|52|53|54|55|56|57|58|59|60|61|62|63|64|65|66|67|68|69|70|71|72|73|74|75|76|77|78|79|80|81|82|83|84|85|86|87|88|89|90|
done evsij
Computing Total Life expectancies with their standard errors: file 'T_FRMadl.txt' ...
  Computing State-specific Expectancies and standard errors: result on file 'STDE_FRMadl.txt' 
    Computing Covar. of State-specific Expectancies: result on file 'CVE_FRMadl.txt' 
      Computing Variance-covariance of State-specific Expectancies: file 'V_FRMadl.txt' ... 
# model  
#****** Result for:******
 cvevsij 50|51|52|53|54|55|56|57|58|59|60|61|62|63|64|65|66|67|68|69|70|71|72|73|74|75|76|77|78|79|80|81|82|83|84|85|86|87|88|89|90|
 end cvevsij 
 varevsij vpopbased=0 
Computing total mortality p.j=w1*p1j+w2*p2j+..: result on file 'PRMORPREV-1-STABLBASED_FRMadl.txt' 
Computing age specific forward period (stable) prevalences in each health state 
done selection
done State-specific expectancies
Computing Variance-covariance of forward period (stable) prevalence: file 'VPL_FRMadl.txt' ...
#****** ******
done variance-covariance of forward period prevalence
End of Imach with 0 errors and/or warnings 1. Please look at the log file for details.
Local time at start Tue Feb 04 22:03:38 2025

Local time at end   Tue Feb 04 22:04:04 2025

Total time used 0 day(s) 0 hour(s) 0 minute(s) 26 second(s)
Total time was 26 Sec.
