Log filename:GRFgali.log
Version 0.99r45 $Revision: 1.353 $ $Date: 2023/05/08 18:48:22 $
Enter the parameter file name: 
pathimach=C:\PROGRA~1\IMACH-~2.99R\bin\
pathtot=C:\Users\mmusz\Dropbox\gender_paradox\data\IMACHnew\GRFgali.txt
 path=C:\Users\mmusz\Dropbox\gender_paradox\data\IMACHnew\ 
 optionfile=GRFgali.txt
 optionfilext=txt
 optionfilefiname='GRFgali'
Compiled with: Microsoft Visual Studio for Windows (x64 and x86)  64-bit
The programm is not running under WOW64 (i.e probably on a 64bit Windows).
Local time (at start): Tue Feb 04 20:24:32 2025
title=gali datafile=dataGRFgali.txt lastobs=5000 firstpass=1 lastpass=2
ftol=1.000000e-018 stepm=6 ncovcol=0 nqv=0 ntv=0 nqtv=0 nlstate=2 ndeath=1 maxwav=2 mle=1 weight=1
model=1+age+
12 -14.058837 0.138335
13 -19.433194 0.205858
21 -0.697093 -0.012011
23 -8.437615 0.084079
# Scales (for hessian or gradient estimation)
12 0.000000e+000 0.000000e+000
13 0.000000e+000 0.000000e+000
21 0.000000e+000 0.000000e+000
23 0.000000e+000 0.000000e+000
# Covariance matrix
121 0.00000e+000
122 0.00000e+000 0.00000e+000
131 0.00000e+000 0.00000e+000 0.00000e+000
132 0.00000e+000 0.00000e+000 0.00000e+000 0.00000e+000
211 0.00000e+000 0.00000e+000 0.00000e+000 0.00000e+000 0.00000e+000
212 0.00000e+000 0.00000e+000 0.00000e+000 0.00000e+000 0.00000e+000 0.00000e+000
231 0.00000e+000 0.00000e+000 0.00000e+000 0.00000e+000 0.00000e+000 0.00000e+000 0.00000e+000
232 0.00000e+000 0.00000e+000 0.00000e+000 0.00000e+000 0.00000e+000 0.00000e+000 0.00000e+000 0.00000e+000

Model=1+age+
Typevar: 0 for simple covariate (dummy, quantitative, fixed or varying), 1 for age product, 2 for  product, 3 for double product with age  
Fixed[k] 0=fixed (product or simple), 1 varying, 2 fixed with age product, 3 varying with age product 
Dummy[k] 0=dummy (0 1), 1 quantitative (single or product without age), 2 dummy with age product, 3 quant with age product
ncoveff=0, nqfveff=0, ntveff=0, nqtveff=0, cptcovn=0
ncovf=0, ncovv=0, ncova=0, nsd=0, nsq=0
Warning: The value of parameter lastobs=5000 is big compared to the 
  effective number of cases imx=1645, please adjust, 
  otherwise you are allocating more memory than necessary.
Total number of individuals= 1645, Agemin = 51.08, Agemax= 92.67

Information, you have to check 0 informations which haven't been logged!
Delay (in months) between two waves Min=2 (for indiviudal 501) Max=30 (1460) Mean=23.115502

 Age 51 1.=2 loss[1]=0.0% 2.=0 loss[2]=NaNQ% 1.=2 prev[1]=100.0% 2.=0 prev[2]=0.0% 11=2
Age 52 1.=1 loss[1]=0.0% 2.=0 loss[2]=NaNQ% 1.=1 prev[1]=100.0% 2.=0 prev[2]=0.0% 11=1 12=0
Age 53 1.=1 loss[1]=0.0% 2.=0 loss[2]=NaNQ% 1.=1 prev[1]=100.0% 2.=0 prev[2]=0.0% 11=1
Age 54 1.=2 loss[1]=0.0% 2.=0 loss[2]=NaNQ% 1.=2 prev[1]=100.0% 2.=0 prev[2]=0.0% 11=2
Age 55 1.=2 loss[1]=0.0% 2.=0 loss[2]=0.0% 1.=2 prev[1]=98.8% 2.=0 prev[2]=1.2% 11=2 12=0 22=0
Age 56 1.=1 loss[1]=0.0% 2.=0 loss[2]=0.0% 1.=1 prev[1]=92.3% 2.=0 prev[2]=7.7% 11=1 23=0
Age 57 1.=1 loss[1]=0.0% 2.=0 loss[2]=0.0% 1.=1 prev[1]=95.5% 2.=0 prev[2]=4.5% 11=1 22=0
Age 58 1.=2 loss[1]=0.0% 2.=0 loss[2]=NaNQ% 1.=2 prev[1]=100.0% 2.=0 prev[2]=0.0% 11=2 12=0
Age 59 1.=1 loss[1]=0.0% 2.=0 loss[2]=0.0% 1.=1 prev[1]=94.2% 2.=0 prev[2]=5.8% 11=1 13=0 21=0 22=0
Age 60 1.=2 loss[1]=0.0% 2.=0 loss[2]=0.0% 1.=2 prev[1]=98.9% 2.=0 prev[2]=1.1% 11=2 12=0 22=0
Age 61 1.=2 loss[1]=0.0% 2.=0 loss[2]=0.0% 1.=2 prev[1]=95.9% 2.=0 prev[2]=4.1% 11=2 22=0
Age 62 1.=2 loss[1]=0.0% 2.=0 loss[2]=0.0% 1.=2 prev[1]=97.2% 2.=0 prev[2]=2.8% 11=2 21=0 22=0
Age 63 1.=2 loss[1]=0.0% 2.=0 loss[2]=0.0% 1.=2 prev[1]=95.4% 2.=0 prev[2]=4.6% 11=2 12=0 13=0 21=0 22=0
Age 64 1.=2 loss[1]=0.0% 2.=0 loss[2]=0.0% 1.=2 prev[1]=98.7% 2.=0 prev[2]=1.3% 11=2 13=0 22=0
Age 65 1.=2 loss[1]=0.0% 2.=0 loss[2]=0.0% 1.=2 prev[1]=97.3% 2.=0 prev[2]=2.7% 11=2 12=0 21=0 22=0
Age 66 1.=2 loss[1]=0.0% 2.=0 loss[2]=0.0% 1.=2 prev[1]=96.6% 2.=0 prev[2]=3.4% 11=2 12=0 13=0 21=0 22=0
Age 67 1.=2 loss[1]=0.0% 2.=0 loss[2]=0.0% 1.=2 prev[1]=94.6% 2.=0 prev[2]=5.4% 11=2 22=0
Age 68 1.=1 loss[1]=0.0% 2.=0 loss[2]=0.0% 1.=1 prev[1]=94.8% 2.=0 prev[2]=5.2% 11=1 21=0
Age 69 1.=2 loss[1]=0.0% 2.=0 loss[2]=0.0% 1.=2 prev[1]=96.6% 2.=0 prev[2]=3.4% 11=2 13=0 21=0
Age 70 1.=2 loss[1]=0.0% 2.=0 loss[2]=0.0% 1.=2 prev[1]=95.4% 2.=0 prev[2]=4.6% 11=2 12=0 22=0
Age 71 1.=2 loss[1]=0.0% 2.=0 loss[2]=0.0% 1.=2 prev[1]=95.0% 2.=0 prev[2]=5.0% 11=2 12=0 21=0 22=0
Age 72 1.=1 loss[1]=0.0% 2.=0 loss[2]=0.0% 1.=1 prev[1]=93.1% 2.=0 prev[2]=6.9% 11=1 12=0 13=0 21=0 22=0
Age 73 1.=1 loss[1]=0.0% 2.=0 loss[2]=0.0% 1.=1 prev[1]=94.3% 2.=0 prev[2]=5.7% 11=1 12=0 13=0 22=0
Age 74 1.=1 loss[1]=0.0% 2.=0 loss[2]=0.0% 1.=1 prev[1]=89.2% 2.=0 prev[2]=10.8% 11=1 21=0 22=0
Age 75 1.=1 loss[1]=0.0% 2.=0 loss[2]=0.0% 1.=1 prev[1]=90.4% 2.=0 prev[2]=9.6% 11=1 13=0 21=0 22=0
Age 76 1.=1 loss[1]=0.0% 2.=0 loss[2]=0.0% 1.=1 prev[1]=85.0% 2.=0 prev[2]=15.0% 11=1 12=0 13=0 21=0 22=0 23=0
Age 77 1.=1 loss[1]=0.0% 2.=0 loss[2]=0.0% 1.=1 prev[1]=84.1% 2.=0 prev[2]=15.9% 11=1 12=0 13=0 21=0 22=0
Age 78 1.=1 loss[1]=0.0% 2.=0 loss[2]=0.0% 1.=1 prev[1]=92.2% 2.=0 prev[2]=7.8% 11=1 12=0 13=0 22=0
Age 79 1.=1 loss[1]=0.0% 2.=0 loss[2]=0.0% 1.=1 prev[1]=81.0% 2.=0 prev[2]=19.0% 11=1 12=0 13=0 21=0 22=0 23=0
Age 80 1.=2 loss[1]=0.0% 2.=0 loss[2]=0.0% 1.=2 prev[1]=82.0% 2.=0 prev[2]=18.0% 11=1 12=0 13=0 21=0 22=0 23=0
Age 81 1.=2 loss[1]=0.0% 2.=0 loss[2]=0.0% 1.=2 prev[1]=81.9% 2.=0 prev[2]=18.1% 11=1 12=0 13=0 22=0 23=0
Age 82 1.=1 loss[1]=0.0% 2.=0 loss[2]=0.0% 1.=1 prev[1]=82.2% 2.=0 prev[2]=17.8% 11=1 12=0 13=0 21=0 22=0
Age 83 1.=1 loss[1]=0.0% 2.=0 loss[2]=0.0% 1.=1 prev[1]=80.4% 2.=0 prev[2]=19.6% 11=1 12=0 13=0 22=0 23=0
Age 84 1.=1 loss[1]=0.0% 2.=0 loss[2]=0.0% 1.=1 prev[1]=78.5% 2.=0 prev[2]=21.5% 11=1 12=0 13=0 22=0 23=0
Age 85 1.=1 loss[1]=0.0% 2.=0 loss[2]=0.0% 1.=1 prev[1]=77.9% 2.=0 prev[2]=22.1% 11=0 13=0 22=0 23=0
Age 86 1.=1 loss[1]=0.0% 2.=0 loss[2]=0.0% 1.=1 prev[1]=57.0% 2.=0 prev[2]=43.0% 11=0 13=0 21=0 22=0 23=0
Age 87 1.=1 loss[1]=0.0% 2.=0 loss[2]=0.0% 1.=1 prev[1]=84.6% 2.=0 prev[2]=15.4% 11=0 12=0 13=0 21=0 22=0 23=0
Age 88 1.=1 loss[1]=0.0% 2.=0 loss[2]=0.0% 1.=1 prev[1]=76.4% 2.=0 prev[2]=23.6% 11=0 12=0 13=0 21=0 23=0
Age 89 1.=0 loss[1]=0.0% 2.=0 loss[2]=0.0% 1.=0 prev[1]=64.0% 2.=0 prev[2]=36.0% 11=0 12=0 13=0 21=0 22=0 23=0
Age 90 1.=0 loss[1]=0.0% 2.=0 loss[2]=0.0% 1.=0 prev[1]=29.8% 2.=0 prev[2]=70.2% 11=0 23=0
Age 91 1.=0 loss[1]=NaNQ% 2.=0 loss[2]=NaNQ% 1.=0 prev[1]=NaNQ% 2.=0 prev[2]=NaNQ%
Age 92 1.=0 loss[1]=NaNQ% 2.=0 loss[2]=NaNQ% 1.=0 prev[1]=NaNQ% 2.=0 prev[2]=NaNQ%
1 1.=0 loss[1]=NaNQ% 2.=0 loss[2]=NaNQ% 1.=0 prev[1]=NaNQ% 2.=0 prev[2]=NaNQ%
0 1.=0 loss[1]=NaNQ% 2.=0 loss[2]=NaNQ% 1.=0 prev[1]=NaNQ% 2.=0 prev[2]=NaNQ%
Total 1.=57 loss[1]=0.0% 2.=5 loss[2]=0.0% 1.=57 prev[1]=91.4% 2.=5 prev[2]=8.6% 11=52 12=2 13=3 21=1 22=3 23=1


12  -14.0588375 ln(2/52)=   -3.2706006 
13  -19.4331942 ln(3/52)=   -2.8636657 
21   -0.6970932 ln(1/3)=   -0.8684744 
23   -8.4376148 ln(1/3)=   -0.7823579 

 -1-1=0 -10=0 -11=0 -12=0 -13=0 0-1=0 00=0 01=0 02=0 03=0 1-1=0 10=0 11=52 12=2 13=3 2-1=0 20=0 21=1 22=3 23=1 3-1=0 30=0 31=0 32=0 33=0
Powell

Powell iter=1 Big Iter=1 -2*LL=1508.141955859480 gain=0 0 sec. 0 sec.
#model=  1      +     age 
12  -14.0588375    0.1383352 
13  -19.4331942    0.2058580 
21   -0.6970932   -0.0120114 
23   -8.4376148    0.0840785 
1.........2................3........4..................5........6...............7........8..................
Powell iter=2 Big Iter=2 -2*LL=1396.933648752009 gain=111 0 sec. 0 sec.
#model=  1      +     age 
12  -14.5314858    0.1384273 
13  -20.4146966    0.2058014 
21   -1.3306308   -0.0118902 
23   -9.1676482    0.0840666 

Considering the time needed for this last iteration #2: 0 seconds,
   - if your program needs 1 BIG iterations  (2 iterations) to converge, convergence will be 
   reached in 0 day(s) 0 hour(s) 0 minute(s) 0 second(s) i.e.
   on Tue Feb 04 20:24:32 2025 (current time is Tue Feb 04 20:24:32 2025);
   - if your program needs 11 BIG iterations  (22 iterations) to converge, convergence will be 
   reached in 0 day(s) 0 hour(s) 0 minute(s) 0 second(s) i.e.
   on Tue Feb 04 20:24:32 2025 (current time is Tue Feb 04 20:24:32 2025);
   - if your program needs 21 BIG iterations  (42 iterations) to converge, convergence will be 
   reached in 0 day(s) 0 hour(s) 0 minute(s) 0 second(s) i.e.
   on Tue Feb 04 20:24:32 2025 (current time is Tue Feb 04 20:24:32 2025);
   - if your program needs 31 BIG iterations  (62 iterations) to converge, convergence will be 
   reached in 0 day(s) 0 hour(s) 0 minute(s) 0 second(s) i.e.
   on Tue Feb 04 20:24:32 2025 (current time is Tue Feb 04 20:24:32 2025);
1.........2.................3.........4..................5.........6...............7..........8..................
Powell iter=3 Big Iter=2 -2*LL=1393.675068655232 gain=3.26 1 sec. 1 sec.
#model=  1      +     age 
12  -14.7079855    0.1384160 
13  -20.2781829    0.2057616 
21   -1.4477699   -0.0118384 
23   -9.2532309    0.0840480 

Considering the time needed for this last iteration #3: 1 seconds,
   - if your program needs 1 BIG iterations  (2 iterations) to converge, convergence will be 
   reached in 0 day(s) 0 hour(s) 0 minute(s) -1 second(s) i.e.
   on Tue Feb 04 20:24:32 2025 (current time is Tue Feb 04 20:24:33 2025);
   - if your program needs 11 BIG iterations  (22 iterations) to converge, convergence will be 
   reached in 0 day(s) 0 hour(s) 0 minute(s) 19 second(s) i.e.
   on Tue Feb 04 20:24:52 2025 (current time is Tue Feb 04 20:24:33 2025);
   - if your program needs 21 BIG iterations  (42 iterations) to converge, convergence will be 
   reached in 0 day(s) 0 hour(s) 0 minute(s) 39 second(s) i.e.
   on Tue Feb 04 20:25:12 2025 (current time is Tue Feb 04 20:24:33 2025);
   - if your program needs 31 BIG iterations  (62 iterations) to converge, convergence will be 
   reached in 0 day(s) 0 hour(s) 0 minute(s) 59 second(s) i.e.
   on Tue Feb 04 20:25:32 2025 (current time is Tue Feb 04 20:24:33 2025);
1.........2.................3..........4..................5.........6...............7.........8..................
Powell iter=4 Big Iter=3 -2*LL=1393.573623775494 gain=0.101 0 sec. 1 sec.
#model=  1      +     age 
12  -14.7477765    0.1383957 
13  -20.2643224    0.2057224 
21   -1.4630989   -0.0117910 
23   -9.2638105    0.0840285 
1.........2.................3..........4..................5.........6...............7.........8........................Gaining to use new average direction of P0 P8 instead of biggest increase direction 3 :

Powell iter=5 Big Iter=3 -2*LL=1393.568200793173 gain=0.00542 0 sec. 1 sec.
#model=  1      +     age 
12  -14.7537023    0.1383414 
13  -20.2520974    0.2056223 
21   -1.4752264   -0.0116710 
23   -9.2629690    0.0839784 
1.........2.................3..................4..................5.........6...............7.........8............Gaining to use new average direction of P0 P8 instead of biggest increase direction 1 :

Powell iter=6 Big Iter=4 -2*LL=1393.561067264193 gain=0.00713 1 sec. 2 sec.
#model=  1      +     age 
12  -14.7494823    0.1382077 
13  -20.2315529    0.2054032 
21   -1.4998486   -0.0113773 
23   -9.2569910    0.0839211 
1.....2.................3..................4..................5.........6...............7.........8...........Gaining to use new average direction of P0 P8 instead of biggest increase direction 8 :

Powell iter=7 Big Iter=4 -2*LL=1393.538065381872 gain=0.023 0 sec. 2 sec.
#model=  1      +     age 
12  -14.7357782    0.1379098 
13  -20.1525978    0.2045063 
21   -1.5990028   -0.0101407 
23   -9.2285680    0.0836214 
1......2.................3..................4..................5.........6...............7.........8............Gaining to use new average direction of P0 P8 instead of biggest increase direction 8 :

Powell iter=8 Big Iter=5 -2*LL=1393.479698230556 gain=0.0584 1 sec. 3 sec.
#model=  1      +     age 
12  -14.6831258    0.1373231 
13  -19.9750752    0.2023781 
21   -1.8301156   -0.0071595 
23   -9.1538514    0.0827797 
1......2.................3..................4..................5.........6...............7.........8.......
Powell iter=9 Big Iter=5 -2*LL=1393.456987150211 gain=0.0227 0 sec. 3 sec.
#model=  1      +     age 
12  -14.6611731    0.1372799 
13  -19.9478281    0.2019779 
21   -1.8693484   -0.0065994 
23   -9.1354271    0.0824954 
1.......2.....................3..................4..................5.........6...............7.........8..............Gaining to use new average direction of P0 P8 instead of biggest increase direction 3 :

Powell iter=10 Big Iter=6 -2*LL=1393.456123985528 gain=0.000863 0 sec. 3 sec.
#model=  1      +     age 
12  -14.6601146    0.1372588 
13  -19.9399216    0.2018700 
21   -1.8731447   -0.0065582 
23   -9.1308124    0.0823820 
1...............2......................3............4..................5.........6...............7.........8............Gaining to use new average direction of P0 P8 instead of biggest increase direction 8 :

Powell iter=11 Big Iter=6 -2*LL=1393.454659592903 gain=0.00146 1 sec. 4 sec.
#model=  1      +     age 
12  -14.6582300    0.1372153 
13  -19.9239513    0.2016782 
21   -1.8747213   -0.0065472 
23   -9.1154814    0.0821504 
1........2.................3.......4..................5.........6...............7.........8...........Gaining to use new average direction of P0 P8 instead of biggest increase direction 8 :

Powell iter=12 Big Iter=7 -2*LL=1393.448993771909 gain=0.00567 0 sec. 4 sec.
#model=  1      +     age 
12  -14.6494992    0.1370584 
13  -19.8660570    0.2010086 
21   -1.8648031   -0.0066909 
23   -9.0404028    0.0811807 
1.....2.................3.......4..................5.........6...............7..........8......
Powell iter=13 Big Iter=7 -2*LL=1393.440817458714 gain=0.00818 0 sec. 4 sec.
#model=  1      +     age 
12  -14.6443558    0.1370095 
13  -19.8461231    0.2007847 
21   -1.8288172   -0.0071399 
23   -8.9840506    0.0805687 
1......2.................3.......4..................5..........6........................7.........8............Gaining to use new average direction of P0 P8 instead of biggest increase direction 8 :

Powell iter=14 Big Iter=8 -2*LL=1393.434937442602 gain=0.00588 1 sec. 5 sec.
#model=  1      +     age 
12  -14.6389628    0.1369884 
13  -19.8327360    0.2005894 
21   -1.7391731   -0.0082669 
23   -8.8974251    0.0795925 
1.......2......................3........4.....................5.........6...............7..................8.........directest= 0.002285428468 (if directest<0 or t<0 we include P0 Pn as new direction), t= -0.000000000070, f1= 1393.434937442602,f2= 1393.434875507880,f3= 1393.437132191557, del= 0.000016594966
f1-2f2+f3= 0.002318618399, f1-f2-del= 0.000045339756, f1-f3= -0.002194748955

Powell iter=15 Big Iter=8 -2*LL=1393.434875507880 gain=6.19e-005 0 sec. 5 sec.
#model=  1      +     age 
12  -14.6385157    0.1369765 
13  -19.8297099    0.2005573 
21   -1.7395596   -0.0082628 
23   -8.8939107    0.0795569 
1.............2....................3..........4.........................5.........6................7.............8.................Gaining to use new average direction of P0 P8 instead of biggest increase direction 6 :

Powell iter=16 Big Iter=9 -2*LL=1393.434408402798 gain=0.000467 1 sec. 6 sec.
#model=  1      +     age 
12  -14.6321782    0.1369099 
13  -19.8190497    0.2004167 
21   -1.7388211   -0.0082738 
23   -8.8962252    0.0795516 
1......2..................3.........4..................5.........6.......7.........8............Gaining to use new average direction of P0 P8 instead of biggest increase direction 8 :

Powell iter=17 Big Iter=9 -2*LL=1393.433448501610 gain=0.00096 0 sec. 6 sec.
#model=  1      +     age 
12  -14.6199962    0.1367607 
13  -19.7956833    0.2001355 
21   -1.7269053   -0.0084138 
23   -8.8893646    0.0794503 
1......2..........................3.......4..................5...........6.......7.........8............Gaining to use new average direction of P0 P8 instead of biggest increase direction 7 :

Powell iter=18 Big Iter=10 -2*LL=1393.431568280849 gain=0.00188 1 sec. 7 sec.
#model=  1      +     age 
12  -14.5949584    0.1364306 
13  -19.7485543    0.1995907 
21   -1.7026255   -0.0087216 
23   -8.8792938    0.0793371 
1.......2.................3.......4............................5........6.......7......8......
Powell iter=19 Big Iter=10 -2*LL=1393.430497609221 gain=0.00107 0 sec. 7 sec.
#model=  1      +     age 
12  -14.5918152    0.1363709 
13  -19.7511910    0.1996368 
21   -1.7048244   -0.0087157 
23   -8.9063918    0.0796448 
1......2.................3.......4..................5..........6........7......8............Gaining to use new average direction of P0 P8 instead of biggest increase direction 1 :

Powell iter=20 Big Iter=11 -2*LL=1393.427238237534 gain=0.00326 0 sec. 7 sec.
#model=  1      +     age 
12  -14.5644113    0.1360275 
13  -19.7677463    0.1998192 
21   -1.6634411   -0.0092459 
23   -9.0115378    0.0809152 
1.................2................3.......4..................5............6.......7.....8...............
Powell iter=21 Big Iter=11 -2*LL=1393.426575153771 gain=0.000663 0 sec. 7 sec.
#model=  1      +     age 
12  -14.5631792    0.1360168 
13  -19.7676437    0.1998145 
21   -1.6777400   -0.0090693 
23   -9.0195911    0.0810408 
1......2................3.......4..................5...........6.........7......8.......
Powell iter=22 Big Iter=12 -2*LL=1393.426343417051 gain=0.000232 1 sec. 8 sec.
#model=  1      +     age 
12  -14.5604031    0.1359901 
13  -19.7628837    0.1997529 
21   -1.6815209   -0.0090180 
23   -9.0213798    0.0810753 
1...............2.................3.......4..................5...............6...............7......8.................Gaining to use new average direction of P0 P8 instead of biggest increase direction 7 :

Powell iter=23 Big Iter=12 -2*LL=1393.426218913090 gain=0.000125 0 sec. 8 sec.
#model=  1      +     age 
12  -14.5562735    0.1359495 
13  -19.7554458    0.1996590 
21   -1.6869817   -0.0089446 
23   -9.0246157    0.0811319 
1.........2.....................3.........4.....................5.......................6........7.......8........
Powell iter=24 Big Iter=13 -2*LL=1393.426203111656 gain=1.58e-005 0 sec. 8 sec.
#model=  1      +     age 
12  -14.5562003    0.1359491 
13  -19.7548299    0.1996512 
21   -1.6867723   -0.0089470 
23   -9.0247115    0.0811322 
1.......2....................3...........4.......................5................6..........7..........8.............Gaining to use new average direction of P0 P8 instead of biggest increase direction 3 :

Powell iter=25 Big Iter=13 -2*LL=1393.425732378148 gain=0.000471 1 sec. 9 sec.
#model=  1      +     age 
12  -14.5566223    0.1359653 
13  -19.7282853    0.1993309 
21   -1.6815204   -0.0090100 
23   -9.0367773    0.0812497 
1......2.................3......4..................5...........6.......7...........8......
Powell iter=26 Big Iter=14 -2*LL=1393.425347449434 gain=0.000385 0 sec. 9 sec.
#model=  1      +     age 
12  -14.5614393    0.1360242 
13  -19.7256188    0.1992989 
21   -1.6824886   -0.0089979 
23   -9.0421066    0.0813168 
1......2.................3......4..................5...........6.......7.........8............Gaining to use new average direction of P0 P8 instead of biggest increase direction 1 :

Powell iter=27 Big Iter=14 -2*LL=1393.423200985497 gain=0.00215 0 sec. 9 sec.
#model=  1      +     age 
12  -14.6179415    0.1367207 
13  -19.6958622    0.1989356 
21   -1.6818366   -0.0090128 
23   -9.0941069    0.0819831 
1.............2...................3........4....................5............6.........7..................8...............directest= 0.001827291319 (if directest<0 or t<0 we include P0 Pn as new direction), t= -0.000000000007, f1= 1393.423200985497,f2= 1393.423196188068,f3= 1393.425022968061, del= 0.000002143052
f1-2f2+f3= 0.001831577423, f1-f2-del= 0.000002654377, f1-f3= -0.001821982565

Powell iter=28 Big Iter=15 -2*LL=1393.423196188068 gain=4.8e-006 1 sec. 10 sec.
#model=  1      +     age 
12  -14.6182873    0.1367233 
13  -19.6968391    0.1989490 
21   -1.6802718   -0.0090354 
23   -9.0930832    0.0819692 
1.........2.................3..............4..............................5.................6...........7..................8................
Powell iter=29 Big Iter=15 -2*LL=1393.423196043251 gain=1.45e-007 1 sec. 11 sec.
#model=  1      +     age 
12  -14.6182630    0.1367231 
13  -19.6964575    0.1989446 
21   -1.6801508   -0.0090373 
23   -9.0932579    0.0819709 
1..............2......................3.............4.......................5...................6....................7.....................8.............................Gaining to use new average direction of P0 P8 instead of biggest increase direction 2 :

Powell iter=30 Big Iter=16 -2*LL=1393.423196032698 gain=1.06e-008 1 sec. 12 sec.
#model=  1      +     age 
12  -14.6182075    0.1367223 
13  -19.6963237    0.1989430 
21   -1.6801280   -0.0090376 
23   -9.0932607    0.0819710 
1.........................2.........3...................4.....................5...................6..............7...............................8.............................................directest= 0.000000003213 (if directest<0 or t<0 we include P0 Pn as new direction), t= -0.000000000000, f1= 1393.423196032698,f2= 1393.423196032383,f3= 1393.423196035653, del= 0.000000000186
f1-2f2+f3= 0.000000003585, f1-f2-del= 0.000000000129, f1-f3= -0.000000002955

Powell iter=31 Big Iter=16 -2*LL=1393.423196032383 gain=3.15e-010 0 sec. 12 sec.
#model=  1      +     age 
12  -14.6182105    0.1367223 
13  -19.6963135    0.1989429 
21   -1.6801197   -0.0090377 
23   -9.0932653    0.0819710 
1...........................2......................................3.................................4......................5......................6..............................7..............................8..........................................
#Number of iterations & function calls = 31 & 4275, -2 Log likelihood = 1393.423196032383
# Parameters nlstate*nlstate*ncov a12*1 + b12 * age + ...
#model=  1      +     age 
12  -14.6182105    0.1367223 
13  -19.6963135    0.1989429 
21   -1.6801197   -0.0090377 
23   -9.0932653    0.0819710 

Calculation of the hessian matrix. Wait...
1-2-3-4-5-6-7-8-.1-2.1-3.1-4.1-5.1-6.1-7.1-8.2-3.2-4.2-5.2-6.2-7.2-8.3-4.3-5.3-6.3-7.3-8.4-5.4-6.4-7.4-8.5-6.5-7.5-8.6-7.6-8.7-8

Inverting the hessian to get the covariance matrix. Wait...

#Hessian matrix#
4.940177e+001 3.926159e+003 3.834215e+000 3.109121e+002 -6.565834e+000 -5.257387e+002 -6.120403e+000 -5.118794e+002 
3.926159e+003 3.151150e+005 3.070510e+002 2.503899e+004 -5.246619e+002 -4.239693e+004 -5.094963e+002 -4.282369e+004 
3.834215e+000 3.070510e+002 5.837767e+001 4.832832e+003 -2.648031e+000 -2.248768e+002 8.193304e+000 6.900887e+002 
3.109121e+002 2.503899e+004 4.832832e+003 4.022874e+005 -2.257210e+002 -1.924345e+004 6.899574e+002 5.839079e+004 
-6.565834e+000 -5.246619e+002 -2.648031e+000 -2.257210e+002 2.859694e+001 2.202192e+003 -6.634523e-001 -4.847341e+001 
-5.257387e+002 -4.239693e+004 -2.248768e+002 -1.924345e+004 2.202192e+003 1.719565e+005 -4.840540e+001 -3.522460e+003 
-6.120403e+000 -5.094963e+002 8.193304e+000 6.899574e+002 -6.634523e-001 -4.840540e+001 2.944004e+001 2.438640e+003 
-5.118794e+002 -4.282369e+004 6.900887e+002 5.839079e+004 -4.847341e+001 -3.522460e+003 2.438640e+003 2.031525e+005 
Parameters, Wald tests and Wald-based confidence intervals
 W is simply the result of the division of the parameter by the square root of covariance of the parameter.
 And Wald-based confidence intervals plus and minus 1.96 * W 
  It might be better to visualize the covariance matrix. See the page 'Matrix of variance-covariance of one-step probabilities' and its graphs.
12  -14.6182105(   1.4697945) W=  -9.946 CI=[ -17.4990078 ;  -11.7374132]    0.1367223(   0.0184498) W=   7.411 CI=[   0.1005608 ;    0.1728839] 
13  -19.6963135(   1.8099792) W= -10.882 CI=[ -23.2438727 ;  -16.1487543]    0.1989429(   0.0218407) W=   9.109 CI=[   0.1561352 ;    0.2417506] 
21   -1.6801197(   1.6145714) W=  -1.041 CI=[  -4.8446796 ;    1.4844402]   -0.0090377(   0.0208583) W=  -0.433 CI=[  -0.0499201 ;    0.0318446] 
23   -9.0932653(   2.5168440) W=  -3.613 CI=[ -14.0262796 ;   -4.1602510]    0.0819710(   0.0303694) W=   2.699 CI=[   0.0224469 ;    0.1414951] 
# Scales (for hessian or gradient estimation)
12 1.00000e-003 1.00000e-005
13 1.00000e-003 1.00000e-005
21 1.00000e-003 2.00000e-005
23 1.00000e-003 2.00000e-005
# Covariance matrix 
# 121 Var(a12)
# 122 Cov(b12,a12) Var(b12)
#   ...
# 232 Cov(b23,a12)  Cov(b23,b12) ... Var (b23)
#121 Var(a12)
#122 Cov(b12,a12) Var(b12)
#131 Cov(a13,a12) Cov(a13,b12) Var(a13)
#132 Cov(b13,a12) Cov(b13,b12) Cov(b13,a13) Var(b13)
#211 Cov(a21,a12) Cov(a21,b12) Cov(a21,a13) Cov(a21,b13) Var(a21)
#212 Cov(b21,a12) Cov(b21,b12) Cov(b21,a13) Cov(b21,b13) Cov(b21,a21) Var(b21)
#231 Cov(a23,a12) Cov(a23,b12) Cov(a23,a13) Cov(a23,b13) Cov(a23,a21) Cov(a23,b21) Var(a23)
#232 Cov(b23,a12) Cov(b23,b12) Cov(b23,a13) Cov(b23,b13) Cov(b23,a21) Cov(b23,b21) Cov(b23,a23) Var(b23)
121 2.1602960e+000
122 -2.69804e-002 3.4039349e-004
131 -1.96280e-001 2.39869e-003 3.2760246e+000
132 2.40089e-003 -2.96389e-005 -3.94214e-002 4.7701561e-004
211 3.27637e-001 -4.23197e-003 1.12049e-001 -1.47342e-003 2.6068407e+000
212 -4.21950e-003 5.53211e-005 -1.59714e-003 2.10354e-005 -3.34418e-002 4.3507033e-004
231 4.81307e-001 -6.08300e-003 -8.55589e-001 1.04907e-002 7.97513e-002 -7.72529e-004 6.3345039e+000
232 -6.04003e-003 7.71120e-005 1.04829e-002 -1.29310e-004 -9.38838e-004 9.24663e-006 -7.62121e-002 9.2230192e-004
# agemin agemax for life expectancy, bage fage (if mle==0 ie no data nor Max likelihood).
# Observed prevalence period
begin-prev-date=1/1/2016 end-prev-date=1/9/2018 mov_average=0
# Health expectancies computed from stable (period) prevalence (pop_based=0) or population based (1)
pop_based=0
# Prevalence forecasting and backcasting is skept here
##prevforecast=0  starting-proj-date=1/1/1989 final-proj-date=1/1/1990 mobil_average=0
#prevforecast=1 yearsfproj=10 mobil_average=0
#prevbackcast=1 yearsbproj=10 mobil_average=1
result:  .
End of resultlines.

Computing forward period (stable) prevalence: result on file 'PL_GRFgali.txt' 
#************
Computing pij: result on file 'PIJ_GRFgali.txt' 
Computing standard deviation of one-step probabilities: result on file 'PROB_rGRFgali.txt' 
Computing matrix of variance covariance of one-step probabilities: result on file 'PROBCOV_GRFgali.txt' 
and correlation matrix of one-step probabilities: result on file 'PROBCOR_GRFgali.txt' 
50 13-12 mu 1.1663e-004 8.3388e-004 Var 7.1603e-009 2.1763e-007 cor -0.075 cov -2.9707e-009 Eig 2.177e-007 7.118e-009 1stv 0.014 -1.000 tan -70.863
55 13-12 mu 3.1520e-004 1.6511e-003 Var 3.8008e-008 6.0459e-007 cor -0.076 cov -1.1545e-008 Eig 6.048e-007 3.777e-008 1stv 0.020 -1.000 tan -49.098
60 13-12 mu 8.5138e-004 3.2673e-003 Var 1.9030e-007 1.5756e-006 cor -0.078 cov -4.2637e-008 Eig 1.577e-006 1.890e-007 1stv 0.031 -1.000 tan -32.521
65 13-12 mu 2.2967e-003 6.4576e-003 Var 8.7729e-007 3.7713e-006 cor -0.081 cov -1.4793e-007 Eig 3.779e-006 8.698e-007 1stv 0.051 -0.999 tan -19.615
70 13-12 mu 6.1786e-003 1.2727e-002 Var 3.5844e-006 8.1564e-006 cor -0.089 cov -4.7975e-007 Eig 8.206e-006 3.535e-006 1stv 0.103 -0.995 tan -9.634
75 13-12 mu 1.6517e-002 2.4926e-002 Var 1.2371e-005 1.6965e-005 cor -0.105 cov -1.5187e-006 Eig 1.742e-005 1.191e-005 1stv 0.288 -0.958 tan -3.326
80 13-12 mu 4.3516e-002 4.8114e-002 Var 3.9158e-005 4.8608e-005 cor -0.138 cov -6.0416e-006 Eig 5.155e-005 3.621e-005 1stv 0.438 -0.899 tan -2.052
85 13-12 mu 1.1093e-001 8.9863e-002 Var 2.3198e-004 2.4544e-004 cor -0.198 cov -4.7129e-005 Eig 2.863e-004 1.911e-004 1stv 0.655 -0.755 tan -1.153
90 13-12 mu 2.6345e-001 1.5635e-001 Var 2.3693e-003 1.3120e-003 cor -0.303 cov -5.3504e-004 Eig 2.593e-003 1.089e-003 1stv 0.923 -0.385 tan -0.418
50 21-12 mu 2.1077e-001 8.3388e-004 Var 1.2450e-002 2.1763e-007 cor 0.130 cov 6.7439e-006 Eig 1.245e-002 2.140e-007 1stv 1.000 0.001 tan 0.001
55 21-12 mu 2.0178e-001 1.6511e-003 Var 8.0357e-003 6.0459e-007 cor 0.127 cov 8.8798e-006 Eig 8.036e-003 5.948e-007 1stv 1.000 0.001 tan 0.001
60 21-12 mu 1.9284e-001 3.2673e-003 Var 4.8543e-003 1.5756e-006 cor 0.125 cov 1.0927e-005 Eig 4.854e-003 1.551e-006 1stv 1.000 0.002 tan 0.002
65 21-12 mu 1.8383e-001 6.4576e-003 Var 2.7142e-003 3.7713e-006 cor 0.123 cov 1.2451e-005 Eig 2.714e-003 3.714e-006 1stv 1.000 0.005 tan 0.005
70 21-12 mu 1.7460e-001 1.2727e-002 Var 1.4395e-003 8.1564e-006 cor 0.126 cov 1.3601e-005 Eig 1.440e-003 8.027e-006 1stv 1.000 0.010 tan 0.010
75 21-12 mu 1.6495e-001 2.4926e-002 Var 8.6410e-004 1.6965e-005 cor 0.143 cov 1.7365e-005 Eig 8.645e-004 1.661e-005 1stv 1.000 0.020 tan 0.020
80 21-12 mu 1.5463e-001 4.8114e-002 Var 8.2523e-004 4.8608e-005 cor 0.173 cov 3.4683e-005 Eig 8.268e-004 4.706e-005 1stv 0.999 0.045 tan 0.045
85 21-12 mu 1.4337e-001 8.9863e-002 Var 1.1578e-003 2.4544e-004 cor 0.169 cov 9.0074e-005 Eig 1.167e-003 2.366e-004 1stv 0.995 0.097 tan 0.098
90 21-12 mu 1.3089e-001 1.5635e-001 Var 1.6940e-003 1.3120e-003 cor 0.138 cov 2.0520e-004 Eig 1.783e-003 1.223e-003 1stv 0.917 0.399 tan 0.435
50 23-12 mu 1.2038e-002 8.3388e-004 Var 1.4594e-004 2.1763e-007 cor 0.112 cov 6.3179e-007 Eig 1.459e-004 2.149e-007 1stv 1.000 0.004 tan 0.004
55 23-12 mu 1.8166e-002 1.6511e-003 Var 2.4007e-004 6.0459e-007 cor 0.110 cov 1.3289e-006 Eig 2.401e-004 5.972e-007 1stv 1.000 0.006 tan 0.006
60 23-12 mu 2.7364e-002 3.2673e-003 Var 3.7067e-004 1.5756e-006 cor 0.108 cov 2.6086e-006 Eig 3.707e-004 1.557e-006 1stv 1.000 0.007 tan 0.007
65 23-12 mu 4.1117e-002 6.4576e-003 Var 5.2400e-004 3.7713e-006 cor 0.105 cov 4.6724e-006 Eig 5.240e-004 3.729e-006 1stv 1.000 0.009 tan 0.009
70 23-12 mu 6.1556e-002 1.2727e-002 Var 6.5352e-004 8.1564e-006 cor 0.103 cov 7.5219e-006 Eig 6.536e-004 8.069e-006 1stv 1.000 0.012 tan 0.012
75 23-12 mu 9.1665e-002 2.4926e-002 Var 6.9097e-004 1.6965e-005 cor 0.109 cov 1.1819e-005 Eig 6.912e-004 1.676e-005 1stv 1.000 0.018 tan 0.018
80 23-12 mu 1.3545e-001 4.8114e-002 Var 6.8946e-004 4.8608e-005 cor 0.150 cov 2.7508e-005 Eig 6.906e-004 4.743e-005 1stv 0.999 0.043 tan 0.043
85 23-12 mu 1.9796e-001 8.9863e-002 Var 1.3460e-003 2.4544e-004 cor 0.205 cov 1.1783e-004 Eig 1.358e-003 2.330e-004 1stv 0.994 0.105 tan 0.106
90 23-12 mu 2.8486e-001 1.5635e-001 Var 5.2226e-003 1.3120e-003 cor 0.215 cov 5.6167e-004 Eig 5.302e-003 1.233e-003 1stv 0.990 0.139 tan 0.141
50 21-13 mu 2.1077e-001 1.1663e-004 Var 1.2450e-002 7.1603e-009 cor 0.028 cov 2.6316e-007 Eig 1.245e-002 7.155e-009 1stv 1.000 0.000 tan 0.000
55 21-13 mu 2.0178e-001 3.1520e-004 Var 8.0357e-003 3.8008e-008 cor 0.025 cov 4.4123e-007 Eig 8.036e-003 3.798e-008 1stv 1.000 0.000 tan 0.000
60 21-13 mu 1.9284e-001 8.5138e-004 Var 4.8543e-003 1.9030e-007 cor 0.022 cov 6.6140e-007 Eig 4.854e-003 1.902e-007 1stv 1.000 0.000 tan 0.000
65 21-13 mu 1.8383e-001 2.2967e-003 Var 2.7142e-003 8.7729e-007 cor 0.017 cov 8.3258e-007 Eig 2.714e-003 8.770e-007 1stv 1.000 0.000 tan 0.000
70 21-13 mu 1.7460e-001 6.1786e-003 Var 1.4395e-003 3.5844e-006 cor 0.012 cov 8.3408e-007 Eig 1.440e-003 3.584e-006 1stv 1.000 0.001 tan 0.001
75 21-13 mu 1.6495e-001 1.6517e-002 Var 8.6410e-004 1.2371e-005 cor 0.012 cov 1.2852e-006 Eig 8.641e-004 1.237e-005 1stv 1.000 0.002 tan 0.002
80 21-13 mu 1.5463e-001 4.3516e-002 Var 8.2523e-004 3.9158e-005 cor 0.044 cov 7.8358e-006 Eig 8.253e-004 3.908e-005 1stv 1.000 0.010 tan 0.010
85 21-13 mu 1.4337e-001 1.1093e-001 Var 1.1578e-003 2.3198e-004 cor 0.092 cov 4.7456e-005 Eig 1.160e-003 2.296e-004 1stv 0.999 0.051 tan 0.051
90 21-13 mu 1.3089e-001 2.6345e-001 Var 1.6940e-003 2.3693e-003 cor 0.102 cov 2.0347e-004 Eig 2.426e-003 1.637e-003 1stv 0.268 0.963 tan 3.597
50 23-13 mu 1.2038e-002 1.1663e-004 Var 1.4594e-004 7.1603e-009 cor -0.179 cov -1.8335e-007 Eig 1.459e-004 6.930e-009 1stv 1.000 -0.001 tan -0.001
55 23-13 mu 1.8166e-002 3.1520e-004 Var 2.4007e-004 3.8008e-008 cor -0.176 cov -5.3288e-007 Eig 2.401e-004 3.683e-008 1stv 1.000 -0.002 tan -0.002
60 23-13 mu 2.7364e-002 8.5138e-004 Var 3.7067e-004 1.9030e-007 cor -0.173 cov -1.4490e-006 Eig 3.707e-004 1.846e-007 1stv 1.000 -0.004 tan -0.004
65 23-13 mu 4.1117e-002 2.2967e-003 Var 5.2400e-004 8.7729e-007 cor -0.167 cov -3.5869e-006 Eig 5.240e-004 8.527e-007 1stv 1.000 -0.007 tan -0.007
70 23-13 mu 6.1556e-002 6.1786e-003 Var 6.5352e-004 3.5844e-006 cor -0.160 cov -7.7674e-006 Eig 6.536e-004 3.492e-006 1stv 1.000 -0.012 tan -0.012
75 23-13 mu 9.1665e-002 1.6517e-002 Var 6.9097e-004 1.2371e-005 cor -0.155 cov -1.4346e-005 Eig 6.913e-004 1.207e-005 1stv 1.000 -0.021 tan -0.021
80 23-13 mu 1.3545e-001 4.3516e-002 Var 6.8946e-004 3.9158e-005 cor -0.179 cov -2.9471e-005 Eig 6.908e-004 3.783e-005 1stv 0.999 -0.045 tan -0.045
85 23-13 mu 1.9796e-001 1.1093e-001 Var 1.3460e-003 2.3198e-004 cor -0.257 cov -1.4364e-004 Eig 1.364e-003 2.138e-004 1stv 0.992 -0.126 tan -0.127
90 23-13 mu 2.8486e-001 2.6345e-001 Var 5.2226e-003 2.3693e-003 cor -0.271 cov -9.5407e-004 Eig 5.512e-003 2.080e-003 1stv 0.957 -0.290 tan -0.304
50 23-21 mu 1.2038e-002 2.1077e-001 Var 1.4594e-004 1.2450e-002 cor -0.045 cov -6.0216e-005 Eig 1.245e-002 1.456e-004 1stv 0.005 -1.000 tan -204.330
55 23-21 mu 1.8166e-002 2.0178e-001 Var 2.4007e-004 8.0357e-003 cor -0.044 cov -6.1243e-005 Eig 8.036e-003 2.396e-004 1stv 0.008 -1.000 tan -127.298
60 23-21 mu 2.7364e-002 1.9284e-001 Var 3.7067e-004 4.8543e-003 cor -0.046 cov -6.1086e-005 Eig 4.855e-003 3.698e-004 1stv 0.014 -1.000 tan -73.412
65 23-21 mu 4.1117e-002 1.8383e-001 Var 5.2400e-004 2.7142e-003 cor -0.050 cov -5.9758e-005 Eig 2.716e-003 5.224e-004 1stv 0.027 -1.000 tan -36.679
70 23-21 mu 6.1556e-002 1.7460e-001 Var 6.5352e-004 1.4395e-003 cor -0.059 cov -5.7488e-005 Eig 1.444e-003 6.493e-004 1stv 0.073 -0.997 tan -13.745
75 23-21 mu 9.1665e-002 1.6495e-001 Var 6.9097e-004 8.6410e-004 cor -0.075 cov -5.7875e-005 Eig 8.817e-004 6.734e-004 1stv 0.290 -0.957 tan -3.295
80 23-21 mu 1.3545e-001 1.5463e-001 Var 6.8946e-004 8.2523e-004 cor -0.108 cov -8.1299e-005 Eig 8.633e-004 6.514e-004 1stv 0.424 -0.906 tan -2.138
85 23-21 mu 1.9796e-001 1.4337e-001 Var 1.3460e-003 1.1578e-003 cor -0.163 cov -2.0333e-004 Eig 1.476e-003 1.028e-003 1stv 0.843 -0.539 tan -0.639
90 23-21 mu 2.8486e-001 1.3089e-001 Var 5.2226e-003 1.6940e-003 cor -0.212 cov -6.3112e-004 Eig 5.332e-003 1.585e-003 1stv 0.985 -0.171 tan -0.173
Prevalence combination of varying and fixed dummies 1
Warning Observed prevalence doesn't sum to 1 for state 2: probs[50][2][1]=0.000000 because of lack of cases.
Warning Observed prevalence doesn't sum to 1 for state 1: probs[51][1][1]=0.000000 because of lack of cases.
Warning Observed prevalence doesn't sum to 1 for state 2: probs[51][2][1]=0.000000 because of lack of cases.
Warning Observed prevalence doesn't sum to 1 for state 1: probs[52][1][1]=0.000000 because of lack of cases.
Warning Observed prevalence doesn't sum to 1 for state 2: probs[52][2][1]=0.000000 because of lack of cases.
Warning Observed prevalence doesn't sum to 1 for state 1: probs[53][1][1]=0.000000 because of lack of cases.
Warning Observed prevalence doesn't sum to 1 for state 2: probs[53][2][1]=0.000000 because of lack of cases.
Warning Observed prevalence doesn't sum to 1 for state 1: probs[54][1][1]=0.000000 because of lack of cases.
Warning Observed prevalence doesn't sum to 1 for state 2: probs[54][2][1]=0.000000 because of lack of cases.
Warning Observed prevalence doesn't sum to 1 for state 1: probs[55][1][1]=0.000000 because of lack of cases.
Warning Observed prevalence doesn't sum to 1 for state 2: probs[55][2][1]=0.000000 because of lack of cases.
Warning Observed prevalence doesn't sum to 1 for state 1: probs[56][1][1]=0.000000 because of lack of cases.
Warning Observed prevalence doesn't sum to 1 for state 2: probs[56][2][1]=0.000000 because of lack of cases.
Warning Observed prevalence doesn't sum to 1 for state 1: probs[57][1][1]=0.000000 because of lack of cases.
Warning Observed prevalence doesn't sum to 1 for state 2: probs[57][2][1]=0.000000 because of lack of cases.
Warning Observed prevalence doesn't sum to 1 for state 1: probs[58][1][1]=0.000000 because of lack of cases.
Warning Observed prevalence doesn't sum to 1 for state 2: probs[58][2][1]=0.000000 because of lack of cases.
Warning Observed prevalence doesn't sum to 1 for state 1: probs[59][1][1]=0.000000 because of lack of cases.
Warning Observed prevalence doesn't sum to 1 for state 2: probs[59][2][1]=0.000000 because of lack of cases.
Warning Observed prevalence doesn't sum to 1 for state 1: probs[60][1][1]=0.000000 because of lack of cases.
Warning Observed prevalence doesn't sum to 1 for state 2: probs[60][2][1]=0.000000 because of lack of cases.
Warning Observed prevalence doesn't sum to 1 for state 1: probs[61][1][1]=0.000000 because of lack of cases.
Warning Observed prevalence doesn't sum to 1 for state 2: probs[61][2][1]=0.000000 because of lack of cases.
Warning Observed prevalence doesn't sum to 1 for state 1: probs[62][1][1]=0.000000 because of lack of cases.
Warning Observed prevalence doesn't sum to 1 for state 2: probs[62][2][1]=0.000000 because of lack of cases.
Warning Observed prevalence doesn't sum to 1 for state 1: probs[63][1][1]=0.000000 because of lack of cases.
Warning Observed prevalence doesn't sum to 1 for state 2: probs[63][2][1]=0.000000 because of lack of cases.
Warning Observed prevalence doesn't sum to 1 for state 1: probs[64][1][1]=0.000000 because of lack of cases.
Warning Observed prevalence doesn't sum to 1 for state 2: probs[64][2][1]=0.000000 because of lack of cases.
Warning Observed prevalence doesn't sum to 1 for state 1: probs[65][1][1]=0.000000 because of lack of cases.
Warning Observed prevalence doesn't sum to 1 for state 2: probs[65][2][1]=0.000000 because of lack of cases.
Warning Observed prevalence doesn't sum to 1 for state 1: probs[66][1][1]=0.000000 because of lack of cases.
Warning Observed prevalence doesn't sum to 1 for state 2: probs[66][2][1]=0.000000 because of lack of cases.
Warning Observed prevalence doesn't sum to 1 for state 1: probs[67][1][1]=0.000000 because of lack of cases.
Warning Observed prevalence doesn't sum to 1 for state 2: probs[67][2][1]=0.000000 because of lack of cases.
Warning Observed prevalence doesn't sum to 1 for state 1: probs[68][1][1]=0.000000 because of lack of cases.
Warning Observed prevalence doesn't sum to 1 for state 2: probs[68][2][1]=0.000000 because of lack of cases.
Warning Observed prevalence doesn't sum to 1 for state 1: probs[69][1][1]=0.000000 because of lack of cases.
Warning Observed prevalence doesn't sum to 1 for state 2: probs[69][2][1]=0.000000 because of lack of cases.
Warning Observed prevalence doesn't sum to 1 for state 1: probs[70][1][1]=0.000000 because of lack of cases.
Warning Observed prevalence doesn't sum to 1 for state 2: probs[70][2][1]=0.000000 because of lack of cases.
Warning Observed prevalence doesn't sum to 1 for state 1: probs[71][1][1]=0.000000 because of lack of cases.
Warning Observed prevalence doesn't sum to 1 for state 2: probs[71][2][1]=0.000000 because of lack of cases.
Warning Observed prevalence doesn't sum to 1 for state 1: probs[72][1][1]=0.000000 because of lack of cases.
Warning Observed prevalence doesn't sum to 1 for state 2: probs[72][2][1]=0.000000 because of lack of cases.
Warning Observed prevalence doesn't sum to 1 for state 1: probs[73][1][1]=0.000000 because of lack of cases.
Warning Observed prevalence doesn't sum to 1 for state 2: probs[73][2][1]=0.000000 because of lack of cases.
Warning Observed prevalence doesn't sum to 1 for state 1: probs[74][1][1]=0.000000 because of lack of cases.
Warning Observed prevalence doesn't sum to 1 for state 2: probs[74][2][1]=0.000000 because of lack of cases.
Warning Observed prevalence doesn't sum to 1 for state 1: probs[75][1][1]=0.000000 because of lack of cases.
Warning Observed prevalence doesn't sum to 1 for state 2: probs[75][2][1]=0.000000 because of lack of cases.
Warning Observed prevalence doesn't sum to 1 for state 1: probs[76][1][1]=0.000000 because of lack of cases.
Warning Observed prevalence doesn't sum to 1 for state 2: probs[76][2][1]=0.000000 because of lack of cases.
Warning Observed prevalence doesn't sum to 1 for state 1: probs[77][1][1]=0.000000 because of lack of cases.
Warning Observed prevalence doesn't sum to 1 for state 2: probs[77][2][1]=0.000000 because of lack of cases.
Warning Observed prevalence doesn't sum to 1 for state 1: probs[78][1][1]=0.000000 because of lack of cases.
Warning Observed prevalence doesn't sum to 1 for state 2: probs[78][2][1]=0.000000 because of lack of cases.
Warning Observed prevalence doesn't sum to 1 for state 1: probs[79][1][1]=0.000000 because of lack of cases.
Warning Observed prevalence doesn't sum to 1 for state 2: probs[79][2][1]=0.000000 because of lack of cases.
Warning Observed prevalence doesn't sum to 1 for state 1: probs[80][1][1]=0.000000 because of lack of cases.
Warning Observed prevalence doesn't sum to 1 for state 2: probs[80][2][1]=0.000000 because of lack of cases.
Warning Observed prevalence doesn't sum to 1 for state 1: probs[81][1][1]=0.000000 because of lack of cases.
Warning Observed prevalence doesn't sum to 1 for state 2: probs[81][2][1]=0.000000 because of lack of cases.
Warning Observed prevalence doesn't sum to 1 for state 1: probs[82][1][1]=0.000000 because of lack of cases.
Warning Observed prevalence doesn't sum to 1 for state 2: probs[82][2][1]=0.000000 because of lack of cases.
Warning Observed prevalence doesn't sum to 1 for state 1: probs[83][1][1]=0.000000 because of lack of cases.
Warning Observed prevalence doesn't sum to 1 for state 2: probs[83][2][1]=0.000000 because of lack of cases.
Warning Observed prevalence doesn't sum to 1 for state 1: probs[84][1][1]=0.000000 because of lack of cases.
Warning Observed prevalence doesn't sum to 1 for state 2: probs[84][2][1]=0.000000 because of lack of cases.
Warning Observed prevalence doesn't sum to 1 for state 1: probs[85][1][1]=0.000000 because of lack of cases.
Warning Observed prevalence doesn't sum to 1 for state 2: probs[85][2][1]=0.000000 because of lack of cases.
Warning Observed prevalence doesn't sum to 1 for state 1: probs[86][1][1]=0.000000 because of lack of cases.
Warning Observed prevalence doesn't sum to 1 for state 2: probs[86][2][1]=0.000000 because of lack of cases.
Warning Observed prevalence doesn't sum to 1 for state 1: probs[87][1][1]=0.000000 because of lack of cases.
Warning Observed prevalence doesn't sum to 1 for state 2: probs[87][2][1]=0.000000 because of lack of cases.
Warning Observed prevalence doesn't sum to 1 for state 1: probs[88][1][1]=0.000000 because of lack of cases.
Warning Observed prevalence doesn't sum to 1 for state 2: probs[88][2][1]=0.000000 because of lack of cases.
Warning Observed prevalence doesn't sum to 1 for state 1: probs[89][1][1]=0.000000 because of lack of cases.
Warning Observed prevalence doesn't sum to 1 for state 2: probs[89][2][1]=0.000000 because of lack of cases.
Warning Observed prevalence doesn't sum to 1 for state 1: probs[90][1][1]=0.000000 because of lack of cases.
Warning Observed prevalence doesn't sum to 1 for state 2: probs[90][2][1]=0.000000 because of lack of cases.
Computing Health Expectancies: result on file 'E_GRFgali.txt' ...50|51|52|53|54|55|56|57|58|59|60|61|62|63|64|65|66|67|68|69|70|71|72|73|74|75|76|77|78|79|80|81|82|83|84|85|86|87|88|89|90|
done evsij
Computing Total Life expectancies with their standard errors: file 'T_GRFgali.txt' ...
  Computing State-specific Expectancies and standard errors: result on file 'STDE_GRFgali.txt' 
    Computing Covar. of State-specific Expectancies: result on file 'CVE_GRFgali.txt' 
      Computing Variance-covariance of State-specific Expectancies: file 'V_GRFgali.txt' ... 
# model  
#****** Result for:******
 cvevsij 50|51|52|53|54|55|56|57|58|59|60|61|62|63|64|65|66|67|68|69|70|71|72|73|74|75|76|77|78|79|80|81|82|83|84|85|86|87|88|89|90|
 end cvevsij 
 varevsij vpopbased=0 
Computing total mortality p.j=w1*p1j+w2*p2j+..: result on file 'PRMORPREV-1-STABLBASED_GRFgali.txt' 
Computing age specific forward period (stable) prevalences in each health state 
done selection
done State-specific expectancies
Computing Variance-covariance of forward period (stable) prevalence: file 'VPL_GRFgali.txt' ...
#****** ******
done variance-covariance of forward period prevalence
End of Imach with 0 errors and/or warnings 1. Please look at the log file for details.
Local time at start Tue Feb 04 20:24:32 2025

Local time at end   Tue Feb 04 20:25:01 2025

Total time used 0 day(s) 0 hour(s) 0 minute(s) 29 second(s)
Total time was 29 Sec.
