Log filename:HRMadl.log
Version 0.99r45 $Revision: 1.353 $ $Date: 2023/05/08 18:48:22 $
Enter the parameter file name: 
pathimach=C:\PROGRA~1\IMACH-~2.99R\bin\
pathtot=C:\Users\mmusz\Dropbox\gender_paradox\data\IMACHnew\HRMadl.txt
 path=C:\Users\mmusz\Dropbox\gender_paradox\data\IMACHnew\ 
 optionfile=HRMadl.txt
 optionfilext=txt
 optionfilefiname='HRMadl'
Compiled with: Microsoft Visual Studio for Windows (x64 and x86)  64-bit
The programm is not running under WOW64 (i.e probably on a 64bit Windows).
Local time (at start): Tue Feb 04 22:03:38 2025
title=adl datafile=dataHRMadl.txt lastobs=5000 firstpass=1 lastpass=2
ftol=1.000000e-018 stepm=6 ncovcol=0 nqv=0 ntv=0 nqtv=0 nlstate=2 ndeath=1 maxwav=2 mle=1 weight=1
model=1+age+
12 -7.458338 0.068335
13 -10.291119 0.101640
21 4.279213 -0.070925
23 -5.974615 0.065278
# Scales (for hessian or gradient estimation)
12 0.000000e+000 0.000000e+000
13 0.000000e+000 0.000000e+000
21 0.000000e+000 0.000000e+000
23 0.000000e+000 0.000000e+000
# Covariance matrix
121 0.00000e+000
122 0.00000e+000 0.00000e+000
131 0.00000e+000 0.00000e+000 0.00000e+000
132 0.00000e+000 0.00000e+000 0.00000e+000 0.00000e+000
211 0.00000e+000 0.00000e+000 0.00000e+000 0.00000e+000 0.00000e+000
212 0.00000e+000 0.00000e+000 0.00000e+000 0.00000e+000 0.00000e+000 0.00000e+000
231 0.00000e+000 0.00000e+000 0.00000e+000 0.00000e+000 0.00000e+000 0.00000e+000 0.00000e+000
232 0.00000e+000 0.00000e+000 0.00000e+000 0.00000e+000 0.00000e+000 0.00000e+000 0.00000e+000 0.00000e+000

Model=1+age+
Typevar: 0 for simple covariate (dummy, quantitative, fixed or varying), 1 for age product, 2 for  product, 3 for double product with age  
Fixed[k] 0=fixed (product or simple), 1 varying, 2 fixed with age product, 3 varying with age product 
Dummy[k] 0=dummy (0 1), 1 quantitative (single or product without age), 2 dummy with age product, 3 quant with age product
ncoveff=0, nqfveff=0, ntveff=0, nqtveff=0, cptcovn=0
ncovf=0, ncovv=0, ncova=0, nsd=0, nsq=0
Warning: The value of parameter lastobs=5000 is big compared to the 
  effective number of cases imx=909, please adjust, 
  otherwise you are allocating more memory than necessary.
Total number of individuals= 909, Agemin = 51.25, Agemax= 92.75

Information, you have to check 0 informations which haven't been logged!
Error! Negative delay (1 to death) between waves 1 and 2 of individual 603 at line 603 who is aged 62.5 with statuses from 2 to 3
    We assumed that the date of interview was correct (and not the date of death) and postponed the death 6 month(s) (one stepm) after the interview. You MUST fix the contradiction between dates.
Delay (in months) between two waves Min=1 (for indiviudal 810) Max=27 (646) Mean=19.249725

 Age 51 1.=1 loss[1]=0.0% 2.=0 loss[2]=NaNQ% 1.=1 prev[1]=100.0% 2.=0 prev[2]=0.0% 11=1
Age 52 1.=3 loss[1]=0.0% 2.=0 loss[2]=0.0% 1.=3 prev[1]=94.3% 2.=0 prev[2]=5.7% 11=3 13=0 21=0
Age 53 1.=4 loss[1]=0.0% 2.=0 loss[2]=0.0% 1.=4 prev[1]=95.9% 2.=0 prev[2]=4.1% 11=4 22=0
Age 54 1.=5 loss[1]=0.0% 2.=0 loss[2]=0.0% 1.=5 prev[1]=92.1% 2.=0 prev[2]=7.9% 11=4 12=0 21=0 22=0
Age 55 1.=2 loss[1]=0.0% 2.=0 loss[2]=0.0% 1.=2 prev[1]=89.3% 2.=0 prev[2]=10.7% 11=2 12=0 21=0
Age 56 1.=3 loss[1]=0.0% 2.=0 loss[2]=0.0% 1.=3 prev[1]=92.1% 2.=0 prev[2]=7.9% 11=3 12=0 21=0 22=0
Age 57 1.=4 loss[1]=0.0% 2.=0 loss[2]=0.0% 1.=4 prev[1]=98.6% 2.=0 prev[2]=1.4% 11=4 12=0 21=0
Age 58 1.=3 loss[1]=0.0% 2.=0 loss[2]=0.0% 1.=3 prev[1]=89.7% 2.=0 prev[2]=10.3% 11=3 12=0 21=0 23=0
Age 59 1.=3 loss[1]=0.0% 2.=0 loss[2]=0.0% 1.=3 prev[1]=97.5% 2.=0 prev[2]=2.5% 11=3 12=0 22=0
Age 60 1.=4 loss[1]=0.0% 2.=0 loss[2]=NaNQ% 1.=4 prev[1]=100.0% 2.=0 prev[2]=0.0% 11=4 12=0 13=0
Age 61 1.=3 loss[1]=0.0% 2.=0 loss[2]=0.0% 1.=3 prev[1]=90.9% 2.=0 prev[2]=9.1% 11=3 12=0 13=0 21=0 22=0
Age 62 1.=2 loss[1]=0.0% 2.=0 loss[2]=0.0% 1.=2 prev[1]=84.5% 2.=0 prev[2]=15.5% 11=2 13=0 21=0 22=0 23=0
Age 63 1.=3 loss[1]=0.0% 2.=0 loss[2]=0.0% 1.=3 prev[1]=91.6% 2.=0 prev[2]=8.4% 11=3 13=0 21=0 22=0
Age 64 1.=2 loss[1]=0.0% 2.=0 loss[2]=0.0% 1.=2 prev[1]=93.4% 2.=0 prev[2]=6.6% 11=2 12=0 13=0 21=0 22=0
Age 65 1.=4 loss[1]=0.0% 2.=0 loss[2]=0.0% 1.=4 prev[1]=91.6% 2.=0 prev[2]=8.4% 11=3 12=0 13=0 21=0 22=0 23=0
Age 66 1.=2 loss[1]=0.0% 2.=0 loss[2]=0.0% 1.=2 prev[1]=87.1% 2.=0 prev[2]=12.9% 11=2 12=0 21=0 22=0
Age 67 1.=2 loss[1]=0.0% 2.=0 loss[2]=0.0% 1.=2 prev[1]=94.5% 2.=0 prev[2]=5.5% 11=2 12=0 13=0 21=0 22=0
Age 68 1.=2 loss[1]=0.0% 2.=0 loss[2]=0.0% 1.=2 prev[1]=94.7% 2.=0 prev[2]=5.3% 11=2 12=0 13=0 21=0
Age 69 1.=2 loss[1]=0.0% 2.=0 loss[2]=0.0% 1.=2 prev[1]=96.5% 2.=0 prev[2]=3.5% 11=1 12=0 13=0 23=0
Age 70 1.=1 loss[1]=0.0% 2.=0 loss[2]=0.0% 1.=1 prev[1]=95.2% 2.=0 prev[2]=4.8% 11=1 13=0 22=0
Age 71 1.=2 loss[1]=0.0% 2.=0 loss[2]=0.0% 1.=2 prev[1]=91.8% 2.=0 prev[2]=8.2% 11=1 12=0 13=0 21=0 22=0
Age 72 1.=2 loss[1]=0.0% 2.=0 loss[2]=0.0% 1.=2 prev[1]=78.4% 2.=0 prev[2]=21.6% 11=2 12=0 13=0 21=0 22=0 23=0
Age 73 1.=2 loss[1]=0.0% 2.=0 loss[2]=0.0% 1.=2 prev[1]=86.3% 2.=0 prev[2]=13.7% 11=1 12=0 13=0 22=0 23=0
Age 74 1.=2 loss[1]=0.0% 2.=1 loss[2]=0.0% 1.=2 prev[1]=77.5% 2.=1 prev[2]=22.5% 11=2 12=0 21=0 22=0 23=0
Age 75 1.=2 loss[1]=0.0% 2.=0 loss[2]=0.0% 1.=2 prev[1]=91.5% 2.=0 prev[2]=8.5% 11=1 12=0 13=0 22=0 23=0
Age 76 1.=1 loss[1]=0.0% 2.=0 loss[2]=NaNQ% 1.=1 prev[1]=100.0% 2.=0 prev[2]=0.0% 11=1 12=0 13=0
Age 77 1.=1 loss[1]=0.0% 2.=0 loss[2]=0.0% 1.=1 prev[1]=87.5% 2.=0 prev[2]=12.5% 11=1 12=0 13=0 22=0 23=0
Age 78 1.=1 loss[1]=0.0% 2.=0 loss[2]=0.0% 1.=1 prev[1]=80.5% 2.=0 prev[2]=19.5% 11=1 12=0 13=0 22=0 23=0
Age 79 1.=1 loss[1]=0.0% 2.=0 loss[2]=0.0% 1.=1 prev[1]=82.4% 2.=0 prev[2]=17.6% 11=1 12=0 13=0 21=0 22=0 23=0
Age 80 1.=1 loss[1]=0.0% 2.=0 loss[2]=NaNQ% 1.=1 prev[1]=100.0% 2.=0 prev[2]=0.0% 11=1 12=0
Age 81 1.=1 loss[1]=0.0% 2.=0 loss[2]=0.0% 1.=1 prev[1]=88.8% 2.=0 prev[2]=11.2% 11=1 13=0 22=0
Age 82 1.=1 loss[1]=0.0% 2.=0 loss[2]=0.0% 1.=1 prev[1]=80.2% 2.=0 prev[2]=19.8% 11=1 13=0 23=0
Age 83 1.=1 loss[1]=0.0% 2.=0 loss[2]=NaNQ% 1.=1 prev[1]=100.0% 2.=0 prev[2]=0.0% 11=0 12=0 13=0
Age 84 1.=1 loss[1]=0.0% 2.=0 loss[2]=NaNQ% 1.=1 prev[1]=100.0% 2.=0 prev[2]=0.0% 11=0 12=0 13=0
Age 85 1.=0 loss[1]=0.0% 2.=0 loss[2]=0.0% 1.=0 prev[1]=57.4% 2.=0 prev[2]=42.6% 11=0 13=0 22=0 23=0
Age 86 1.=0 loss[1]=0.0% 2.=0 loss[2]=NaNQ% 1.=0 prev[1]=100.0% 2.=0 prev[2]=0.0% 11=0 13=0
Age 87 1.=0 loss[1]=0.0% 2.=0 loss[2]=0.0% 1.=0 prev[1]=65.4% 2.=0 prev[2]=34.6% 11=0 22=0
Age 88 1.=0 loss[1]=0.0% 2.=0 loss[2]=0.0% 1.=0 prev[1]=65.9% 2.=0 prev[2]=34.1% 13=0 23=0
Age 89 1.=0 loss[1]=0.0% 2.=0 loss[2]=0.0% 1.=0 prev[1]=56.1% 2.=0 prev[2]=43.9% 11=0 12=0 22=0
Age 90 1.=0 loss[1]=0.0% 2.=0 loss[2]=0.0% 1.=0 prev[1]=40.9% 2.=0 prev[2]=59.1% 12=0 23=0
Age 91 1.=0 loss[1]=0.0% 2.=0 loss[2]=NaNQ% 1.=0 prev[1]=100.0% 2.=0 prev[2]=0.0% 12=0
Age 92 1.=0 loss[1]=NaNQ% 2.=0 loss[2]=NaNQ% 1.=0 prev[1]=NaNQ% 2.=0 prev[2]=NaNQ%
1 1.=0 loss[1]=NaNQ% 2.=0 loss[2]=NaNQ% 1.=0 prev[1]=NaNQ% 2.=0 prev[2]=NaNQ%
0 1.=0 loss[1]=NaNQ% 2.=0 loss[2]=NaNQ% 1.=0 prev[1]=NaNQ% 2.=0 prev[2]=NaNQ%
Total 1.=76 loss[1]=0.0% 2.=8 loss[2]=0.0% 1.=76 prev[1]=90.7% 2.=8 prev[2]=9.3% 11=66 12=5 13=5 21=3 22=3 23=2


12   -7.4583381 ln(5/66)=   -2.5676193 
13  -10.2911190 ln(5/66)=   -2.6418948 
21    4.2792134 ln(3/3)=    0.0307622 
23   -5.9746150 ln(2/3)=   -0.5311568 

 -1-1=0 -10=0 -11=0 -12=0 -13=0 0-1=0 00=0 01=0 02=0 03=0 1-1=0 10=0 11=66 12=5 13=5 2-1=0 20=0 21=3 22=3 23=2 3-1=0 30=0 31=0 32=0 33=0
Powell

Powell iter=1 Big Iter=1 -2*LL=1115.310531551136 gain=0 0 sec. 0 sec.
#model=  1      +     age 
12   -7.4583381    0.0683353 
13  -10.2911190    0.1016404 
21    4.2792134   -0.0709251 
23   -5.9746150    0.0652782 
1.........2.............3........4..................5........6..............7........8..................
Powell iter=2 Big Iter=2 -2*LL=1041.849359346031 gain=73.5 1 sec. 1 sec.
#model=  1      +     age 
12   -7.8392027    0.0681657 
13  -11.2795362    0.1012029 
21    3.6110935   -0.0703812 
23   -6.7922182    0.0652387 

Considering the time needed for this last iteration #2: 1 seconds,
   - if your program needs 1 BIG iterations  (2 iterations) to converge, convergence will be 
   reached in 0 day(s) 0 hour(s) 0 minute(s) 0 second(s) i.e.
   on Tue Feb 04 22:03:39 2025 (current time is Tue Feb 04 22:03:39 2025);
   - if your program needs 11 BIG iterations  (22 iterations) to converge, convergence will be 
   reached in 0 day(s) 0 hour(s) 0 minute(s) 20 second(s) i.e.
   on Tue Feb 04 22:03:59 2025 (current time is Tue Feb 04 22:03:39 2025);
   - if your program needs 21 BIG iterations  (42 iterations) to converge, convergence will be 
   reached in 0 day(s) 0 hour(s) 0 minute(s) 40 second(s) i.e.
   on Tue Feb 04 22:04:19 2025 (current time is Tue Feb 04 22:03:39 2025);
   - if your program needs 31 BIG iterations  (62 iterations) to converge, convergence will be 
   reached in 0 day(s) 0 hour(s) 1 minute(s) 0 second(s) i.e.
   on Tue Feb 04 22:04:39 2025 (current time is Tue Feb 04 22:03:39 2025);
1.........2..............3.........4..................5.........6..............7.........8..................
Powell iter=3 Big Iter=2 -2*LL=1037.703113107143 gain=4.15 0 sec. 1 sec.
#model=  1      +     age 
12   -7.9984941    0.0680982 
13  -11.0963962    0.1010296 
21    3.3651816   -0.0700707 
23   -6.9095417    0.0652099 

Considering the time needed for this last iteration #3: 0 seconds,
   - if your program needs 1 BIG iterations  (2 iterations) to converge, convergence will be 
   reached in 0 day(s) 0 hour(s) 0 minute(s) 0 second(s) i.e.
   on Tue Feb 04 22:03:39 2025 (current time is Tue Feb 04 22:03:39 2025);
   - if your program needs 11 BIG iterations  (22 iterations) to converge, convergence will be 
   reached in 0 day(s) 0 hour(s) 0 minute(s) 0 second(s) i.e.
   on Tue Feb 04 22:03:39 2025 (current time is Tue Feb 04 22:03:39 2025);
   - if your program needs 21 BIG iterations  (42 iterations) to converge, convergence will be 
   reached in 0 day(s) 0 hour(s) 0 minute(s) 0 second(s) i.e.
   on Tue Feb 04 22:03:39 2025 (current time is Tue Feb 04 22:03:39 2025);
   - if your program needs 31 BIG iterations  (62 iterations) to converge, convergence will be 
   reached in 0 day(s) 0 hour(s) 0 minute(s) 0 second(s) i.e.
   on Tue Feb 04 22:03:39 2025 (current time is Tue Feb 04 22:03:39 2025);
1.........2..............3..........4..................5.........6.............7.........8..................
Powell iter=4 Big Iter=3 -2*LL=1037.331150172551 gain=0.372 0 sec. 1 sec.
#model=  1      +     age 
12   -8.0652687    0.0680275 
13  -11.0676452    0.1008936 
21    3.3055965   -0.0697906 
23   -6.9338097    0.0651793 
1.........2..............3..........4..................5.........6.............7.........8.......................Gaining to use new average direction of P0 P8 instead of biggest increase direction 5 :

Powell iter=5 Big Iter=3 -2*LL=1037.267354434112 gain=0.0638 1 sec. 2 sec.
#model=  1      +     age 
12   -8.0848468    0.0678106 
13  -11.0250215    0.1004923 
21    3.2290117   -0.0689382 
23   -6.9401091    0.0650851 
1.........2..............3..........4..................5..................6.............7.........8............Gaining to use new average direction of P0 P8 instead of biggest increase direction 1 :

Powell iter=6 Big Iter=4 -2*LL=1037.196865853887 gain=0.0705 0 sec. 2 sec.
#model=  1      +     age 
12   -8.0709756    0.0673899 
13  -10.9603174    0.0997139 
21    3.1201443   -0.0674227 
23   -6.9434188    0.0651015 
1......2..............3..........4..................5..................6.............7.........8............Gaining to use new average direction of P0 P8 instead of biggest increase direction 8 :

Powell iter=7 Big Iter=4 -2*LL=1037.021167998436 gain=0.176 0 sec. 2 sec.
#model=  1      +     age 
12   -8.0406175    0.0667618 
13  -10.7538442    0.0970233 
21    2.7751778   -0.0623463 
23   -6.9484086    0.0652161 
1......2..............3..........4..................5..................6.............7.........8.......
Powell iter=8 Big Iter=5 -2*LL=1036.824638380836 gain=0.197 0 sec. 2 sec.
#model=  1      +     age 
12   -7.9956457    0.0666386 
13  -10.6500796    0.0954502 
21    2.6069717   -0.0595386 
23   -6.9445091    0.0653411 
1......2..............3..........4..................5..................6.............7..............8.............Gaining to use new average direction of P0 P8 instead of biggest increase direction 1 :

Powell iter=9 Big Iter=5 -2*LL=1036.782570553319 gain=0.0421 1 sec. 3 sec.
#model=  1      +     age 
12   -7.9640237    0.0665617 
13  -10.5742974    0.0943162 
21    2.4855421   -0.0575403 
23   -6.9427602    0.0654052 
1..............2..............3...................4...................5..................6...............7.........8.......directest= 0.006898166701 (if directest<0 or t<0 we include P0 Pn as new direction), t= -0.000000000530, f1= 1036.782570553319,f2= 1036.782531855035,f3= 1036.789414384595, del= 0.000011530571
f1-2f2+f3= 0.006921227842, f1-f2-del= 0.000027167712, f1-f3= -0.006843831276

Powell iter=10 Big Iter=6 -2*LL=1036.782531855035 gain=3.87e-005 0 sec. 3 sec.
#model=  1      +     age 
12   -7.9642168    0.0665656 
13  -10.5743561    0.0943183 
21    2.4862663   -0.0575560 
23   -6.9435879    0.0654151 
1.........2................3..........4..................5..................6...................7.........8...............Gaining to use new average direction of P0 P8 instead of biggest increase direction 5 :

Powell iter=11 Big Iter=6 -2*LL=1036.781680352876 gain=0.000852 0 sec. 3 sec.
#model=  1      +     age 
12   -7.9681590    0.0666067 
13  -10.5526654    0.0940075 
21    2.4734254   -0.0573761 
23   -6.9871304    0.0659785 
1........2..............3..........4...................5........6...................7..........8......
Powell iter=12 Big Iter=7 -2*LL=1036.781297550959 gain=0.000383 1 sec. 4 sec.
#model=  1      +     age 
12   -7.9706339    0.0666542 
13  -10.5524276    0.0940108 
21    2.4831372   -0.0575169 
23   -7.0005164    0.0661580 
1........2..............3..........4..................5........6................7.........8....................Gaining to use new average direction of P0 P8 instead of biggest increase direction 1 :

Powell iter=13 Big Iter=7 -2*LL=1036.781241814531 gain=5.57e-005 0 sec. 4 sec.
#model=  1      +     age 
12   -7.9720692    0.0666820 
13  -10.5524941    0.0940127 
21    2.4886769   -0.0575960 
23   -7.0077980    0.0662566 
1........................2................3...........4...................5...........6................7................8.............
Powell iter=14 Big Iter=8 -2*LL=1036.781239657158 gain=2.16e-006 0 sec. 4 sec.
#model=  1      +     age 
12   -7.9721053    0.0666826 
13  -10.5525835    0.0940136 
21    2.4888136   -0.0575980 
23   -7.0075260    0.0662530 
1............2................3...........4....................5...............6...................7.........8......................Gaining to use new average direction of P0 P8 instead of biggest increase direction 4 :

Powell iter=15 Big Iter=8 -2*LL=1036.781049989418 gain=0.00019 0 sec. 4 sec.
#model=  1      +     age 
12   -7.9797052    0.0667915 
13  -10.5444563    0.0939001 
21    2.4950711   -0.0576923 
23   -6.9938609    0.0660808 
1......2..............3............4.........5.............6................7.........8.........directest= 0.000180280349 (if directest<0 or t<0 we include P0 Pn as new direction), t= -0.000000000001, f1= 1036.781049989418,f2= 1036.781026654064,f3= 1036.781221648470, del= 0.000019024706
f1-2f2+f3= 0.000218329761, f1-f2-del= 0.000004310648, f1-f3= -0.000171659052

Powell iter=16 Big Iter=9 -2*LL=1036.781026654064 gain=2.33e-005 1 sec. 5 sec.
#model=  1      +     age 
12   -7.9808967    0.0668075 
13  -10.5402686    0.0938422 
21    2.4933277   -0.0576663 
23   -6.9984417    0.0661433 
1........2..................3.................4............5.............6..................7.............8..................Gaining to use new average direction of P0 P8 instead of biggest increase direction 1 :

Powell iter=17 Big Iter=9 -2*LL=1036.781024967403 gain=1.69e-006 0 sec. 5 sec.
#model=  1      +     age 
12   -7.9812948    0.0668127 
13  -10.5389920    0.0938237 
21    2.4925905   -0.0576552 
23   -6.9997131    0.0661608 
1.......................2..................3.................4..........5...............6.....................7....................8.........................Gaining to use new average direction of P0 P8 instead of biggest increase direction 2 :

Powell iter=18 Big Iter=10 -2*LL=1036.781023815592 gain=1.15e-006 0 sec. 5 sec.
#model=  1      +     age 
12   -7.9816811    0.0668180 
13  -10.5383186    0.0938144 
21    2.4922559   -0.0576504 
23   -7.0002804    0.0661685 
1............2.......3..................4....................5.....................6..................7........................8..................Gaining to use new average direction of P0 P8 instead of biggest increase direction 8 :

Powell iter=19 Big Iter=10 -2*LL=1036.781022753854 gain=1.06e-006 1 sec. 6 sec.
#model=  1      +     age 
12   -7.9819749    0.0668218 
13  -10.5378523    0.0938080 
21    2.4918540   -0.0576446 
23   -7.0011581    0.0661800 
1............2.....3.............4...........5...............6................7..................8..............Gaining to use new average direction of P0 P8 instead of biggest increase direction 2 :

Powell iter=20 Big Iter=11 -2*LL=1036.781016628947 gain=6.12e-006 0 sec. 6 sec.
#model=  1      +     age 
12   -7.9832539    0.0668390 
13  -10.5369827    0.0937962 
21    2.4902640   -0.0576221 
23   -7.0040721    0.0662180 
1...................2.......3.............4...............5.............6...................7..................8..............Gaining to use new average direction of P0 P8 instead of biggest increase direction 2 :

Powell iter=21 Big Iter=11 -2*LL=1036.781007812866 gain=8.82e-006 0 sec. 6 sec.
#model=  1      +     age 
12   -7.9848253    0.0668607 
13  -10.5369165    0.0937951 
21    2.4886766   -0.0575995 
23   -7.0058525    0.0662415 
1..........2........3...............4...............5...............6....................7...................8.................Gaining to use new average direction of P0 P8 instead of biggest increase direction 8 :

Powell iter=22 Big Iter=12 -2*LL=1036.781002044501 gain=5.77e-006 1 sec. 7 sec.
#model=  1      +     age 
12   -7.9864967    0.0668844 
13  -10.5365392    0.0937891 
21    2.4875415   -0.0575827 
23   -7.0058425    0.0662426 
1.........2.....3................4.................5...................6.............................7..................8.............Gaining to use new average direction of P0 P8 instead of biggest increase direction 2 :

Powell iter=23 Big Iter=12 -2*LL=1036.780987096069 gain=1.49e-005 0 sec. 7 sec.
#model=  1      +     age 
12   -7.9890371    0.0669215 
13  -10.5380286    0.0938084 
21    2.4861580   -0.0575612 
23   -7.0027732    0.0662046 
1......2......3................4..............5...........6..................7.............8.......
Powell iter=24 Big Iter=13 -2*LL=1036.780978856451 gain=8.24e-006 0 sec. 7 sec.
#model=  1      +     age 
12   -7.9884203    0.0669129 
13  -10.5400202    0.0938366 
21    2.4855742   -0.0575523 
23   -7.0029636    0.0662060 
1........2..............3................4.................5.................6.............7..............8...................Gaining to use new average direction of P0 P8 instead of biggest increase direction 2 :

Powell iter=25 Big Iter=13 -2*LL=1036.780974938336 gain=3.92e-006 1 sec. 8 sec.
#model=  1      +     age 
12   -7.9874871    0.0669004 
13  -10.5423362    0.0938693 
21    2.4861321   -0.0575602 
23   -7.0016411    0.0661876 
1.......2.................3..................4....................5...........................6.......................7...................8......directest= 0.000001265303 (if directest<0 or t<0 we include P0 Pn as new direction), t= -0.000000000000, f1= 1036.780974938336,f2= 1036.780974915718,f3= 1036.780976187510, del= 0.000000014553
f1-2f2+f3= 0.000001294409, f1-f2-del= 0.000000008064, f1-f3= -0.000001249174

Powell iter=26 Big Iter=14 -2*LL=1036.780974915718 gain=2.26e-008 0 sec. 8 sec.
#model=  1      +     age 
12   -7.9874825    0.0669004 
13  -10.5423109    0.0938689 
21    2.4862439   -0.0575619 
23   -7.0015341    0.0661862 
1............2...............3.................4................5......................6..................7....................8...........................Gaining to use new average direction of P0 P8 instead of biggest increase direction 1 :

Powell iter=27 Big Iter=14 -2*LL=1036.780974911876 gain=3.84e-009 0 sec. 8 sec.
#model=  1      +     age 
12   -7.9874726    0.0669002 
13  -10.5422896    0.0938686 
21    2.4862968   -0.0575627 
23   -7.0014508    0.0661852 
1.................2......................3....................4.......................5....................................6.............................7......................8...............directest= 0.000000000587 (if directest<0 or t<0 we include P0 Pn as new direction), t= -0.000000000000, f1= 1036.780974911876,f2= 1036.780974911845,f3= 1036.780974912436, del= 0.000000000018
f1-2f2+f3= 0.000000000622, f1-f2-del= 0.000000000013, f1-f3= -0.000000000561

Powell iter=28 Big Iter=15 -2*LL=1036.780974911845 gain=3.05e-011 1 sec. 9 sec.
#model=  1      +     age 
12   -7.9874696    0.0669002 
13  -10.5422897    0.0938686 
21    2.4862971   -0.0575627 
23   -7.0014492    0.0661852 
1......................................2..............................3....................4.................................5...........................6......................7..........................8...............................directest= 0.000000000002 (if directest<0 or t<0 we include P0 Pn as new direction), t= -0.000000000000, f1= 1036.780974911845,f2= 1036.780974911845,f3= 1036.780974911847, del= 0.000000000000
f1-2f2+f3= 0.000000000003, f1-f2-del= 0.000000000000, f1-f3= -0.000000000002

Powell iter=29 Big Iter=15 -2*LL=1036.780974911845 gain=4.55e-013 0 sec. 9 sec.
#model=  1      +     age 
12   -7.9874696    0.0669002 
13  -10.5422897    0.0938686 
21    2.4862971   -0.0575627 
23   -7.0014492    0.0661852 
1.......................................2...................................3......................4.................................5.............................6.....................7........................8...........................................
Powell iter=30 Big Iter=16 -2*LL=1036.780974911844 gain=2.27e-013 1 sec. 10 sec.
#model=  1      +     age 
12   -7.9874696    0.0669002 
13  -10.5422897    0.0938686 
21    2.4862971   -0.0575627 
23   -7.0014492    0.0661852 
1.......................................2...................................3......................4....................................5....................................6......................7..........................8.........................................
#Number of iterations & function calls = 30 & 4667, -2 Log likelihood = 1036.780974911844
# Parameters nlstate*nlstate*ncov a12*1 + b12 * age + ...
#model=  1      +     age 
12   -7.9874696    0.0669002 
13  -10.5422897    0.0938686 
21    2.4862971   -0.0575627 
23   -7.0014492    0.0661852 

Calculation of the hessian matrix. Wait...
1-2-3-4-5-6-7-8-.1-2.1-3.1-4.1-5.1-6.1-7.1-8.2-3.2-4.2-5.2-6.2-7.2-8.3-4.3-5.3-6.3-7.3-8.4-5.4-6.4-7.4-8.5-6.5-7.5-8.6-7.6-8.7-8

Inverting the hessian to get the covariance matrix. Wait...

#Hessian matrix#
5.216631e+001 3.674480e+003 3.870086e+000 3.090407e+002 -1.014142e+001 -6.859669e+002 -3.990088e+000 -3.207433e+002 
3.674480e+003 2.634724e+005 3.055841e+002 2.460782e+004 -6.842116e+002 -4.712218e+004 -3.200106e+002 -2.590291e+004 
3.870086e+000 3.055841e+002 3.525059e+001 2.545093e+003 -1.810739e+000 -1.333826e+002 5.710680e+000 4.454500e+002 
3.090407e+002 2.460782e+004 2.545093e+003 1.870143e+005 -1.339023e+002 -1.001200e+004 4.452651e+002 3.515432e+004 
-1.014142e+001 -6.842116e+002 -1.810739e+000 -1.339023e+002 2.409521e+001 1.585173e+003 -1.664003e+000 -1.186162e+002 
-6.859669e+002 -4.712218e+004 -1.333826e+002 -1.001200e+004 1.585173e+003 1.065337e+005 -1.182278e+002 -8.666741e+003 
-3.990088e+000 -3.200106e+002 5.710680e+000 4.452651e+002 -1.664003e+000 -1.182278e+002 1.730746e+001 1.339918e+003 
-3.207433e+002 -2.590291e+004 4.454500e+002 3.515432e+004 -1.186162e+002 -8.666741e+003 1.339918e+003 1.054985e+005 
Parameters, Wald tests and Wald-based confidence intervals
 W is simply the result of the division of the parameter by the square root of covariance of the parameter.
 And Wald-based confidence intervals plus and minus 1.96 * W 
  It might be better to visualize the covariance matrix. See the page 'Matrix of variance-covariance of one-step probabilities' and its graphs.
12   -7.9874696(   1.1182429) W=  -7.143 CI=[ -10.1792258 ;   -5.7957135]    0.0669002(   0.0158362) W=   4.225 CI=[   0.0358613 ;    0.0979391] 
13  -10.5422897(   1.3274043) W=  -7.942 CI=[ -13.1440021 ;   -7.9405773]    0.0938686(   0.0183982) W=   5.102 CI=[   0.0578081 ;    0.1299291] 
21    2.4862971(   1.4666613) W=   1.695 CI=[  -0.3883590 ;    5.3609533]   -0.0575627(   0.0220441) W=  -2.611 CI=[  -0.1007690 ;   -0.0143563] 
23   -7.0014492(   1.9150908) W=  -3.656 CI=[ -10.7550272 ;   -3.2478712]    0.0661852(   0.0247484) W=   2.674 CI=[   0.0176782 ;    0.1146921] 
# Scales (for hessian or gradient estimation)
12 1.00000e-003 1.00000e-005
13 1.00000e-003 2.00000e-005
21 2.00000e-003 3.00000e-005
23 2.00000e-003 3.00000e-005
# Covariance matrix 
# 121 Var(a12)
# 122 Cov(b12,a12) Var(b12)
#   ...
# 232 Cov(b23,a12)  Cov(b23,b12) ... Var (b23)
#121 Var(a12)
#122 Cov(b12,a12) Var(b12)
#131 Cov(a13,a12) Cov(a13,b12) Var(a13)
#132 Cov(b13,a12) Cov(b13,b12) Cov(b13,a13) Var(b13)
#211 Cov(a21,a12) Cov(a21,b12) Cov(a21,a13) Cov(a21,b13) Var(a21)
#212 Cov(b21,a12) Cov(b21,b12) Cov(b21,a13) Cov(b21,b13) Cov(b21,a21) Var(b21)
#231 Cov(a23,a12) Cov(a23,b12) Cov(a23,a13) Cov(a23,b13) Cov(a23,a21) Cov(a23,b21) Var(a23)
#232 Cov(b23,a12) Cov(b23,b12) Cov(b23,a13) Cov(b23,b13) Cov(b23,a21) Cov(b23,b21) Cov(b23,a23) Var(b23)
121 1.2504672e+000
122 -1.75515e-002 2.5078418e-004
131 -2.05083e-001 3.17984e-003 1.7620021e+000
132 3.14999e-003 -4.90829e-005 -2.42065e-002 3.3849396e-004
211 4.36210e-001 -6.27448e-003 -1.39368e-002 2.06099e-004 2.1510954e+000
212 -6.19807e-003 9.12539e-005 2.53051e-004 -3.56011e-006 -3.19811e-002 4.8594075e-004
231 2.96893e-001 -4.34324e-003 -4.65502e-001 6.49721e-003 3.41608e-001 -4.81441e-003 3.6675728e+000
232 -4.48086e-003 6.67474e-005 6.70096e-003 -9.56407e-005 -4.77159e-003 6.87891e-005 -4.69559e-002 6.1248453e-004
# agemin agemax for life expectancy, bage fage (if mle==0 ie no data nor Max likelihood).
# Observed prevalence period
begin-prev-date=1/1/2016 end-prev-date=1/9/2018 mov_average=0
# Health expectancies computed from stable (period) prevalence (pop_based=0) or population based (1)
pop_based=0
# Prevalence forecasting and backcasting is skept here
##prevforecast=0  starting-proj-date=1/1/1989 final-proj-date=1/1/1990 mobil_average=0
#prevforecast=1 yearsfproj=10 mobil_average=0
#prevbackcast=1 yearsbproj=10 mobil_average=1
result:  .
End of resultlines.

Computing forward period (stable) prevalence: result on file 'PL_HRMadl.txt' 
#************
Computing pij: result on file 'PIJ_HRMadl.txt' 
Computing standard deviation of one-step probabilities: result on file 'PROB_rHRMadl.txt' 
Computing matrix of variance covariance of one-step probabilities: result on file 'PROBCOV_HRMadl.txt' 
and correlation matrix of one-step probabilities: result on file 'PROBCOR_HRMadl.txt' 
50 13-12 mu 5.6951e-003 1.9030e-002 Var 6.0570e-006 4.3467e-005 cor -0.086 cov -1.3921e-006 Eig 4.352e-005 6.005e-006 1stv 0.037 -0.999 tan -26.910
55 13-12 mu 9.0564e-003 2.6444e-002 Var 1.0029e-005 5.3439e-005 cor -0.071 cov -1.6529e-006 Eig 5.350e-005 9.966e-006 1stv 0.038 -0.999 tan -26.301
60 13-12 mu 1.4366e-002 3.6657e-002 Var 1.5439e-005 6.1053e-005 cor -0.057 cov -1.7536e-006 Eig 6.112e-005 1.537e-005 1stv 0.038 -0.999 tan -26.049
65 13-12 mu 2.2708e-002 5.0632e-002 Var 2.2866e-005 6.9094e-005 cor -0.063 cov -2.5187e-006 Eig 6.923e-005 2.273e-005 1stv 0.054 -0.999 tan -18.408
70 13-12 mu 3.5707e-002 6.9573e-002 Var 3.9258e-005 1.0015e-004 cor -0.145 cov -9.1202e-006 Eig 1.015e-004 3.792e-005 1stv 0.145 -0.989 tan -6.823
75 13-12 mu 5.5727e-002 9.4884e-002 Var 1.0494e-004 2.3539e-004 cor -0.276 cov -4.3375e-005 Eig 2.485e-004 9.183e-005 1stv 0.289 -0.957 tan -3.310
80 13-12 mu 8.6047e-002 1.2803e-001 Var 3.8823e-004 6.9712e-004 cor -0.352 cov -1.8325e-004 Eig 7.823e-004 3.030e-004 1stv 0.422 -0.907 tan -2.151
85 13-12 mu 1.3088e-001 1.7017e-001 Var 1.4531e-003 1.9927e-003 cor -0.398 cov -6.7778e-004 Eig 2.452e-003 9.934e-004 1stv 0.561 -0.828 tan -1.474
90 13-12 mu 1.9504e-001 2.2160e-001 Var 4.8512e-003 5.1076e-003 cor -0.450 cov -2.2385e-003 Eig 7.222e-003 2.737e-003 1stv 0.687 -0.727 tan -1.059
50 21-12 mu 7.9473e-001 1.9030e-002 Var 3.8184e-002 4.3467e-005 cor 0.281 cov 3.6259e-004 Eig 3.819e-002 4.002e-005 1stv 1.000 0.010 tan 0.010
55 21-12 mu 6.5754e-001 2.6444e-002 Var 1.9877e-002 5.3439e-005 cor 0.288 cov 2.9719e-004 Eig 1.988e-002 4.898e-005 1stv 1.000 0.015 tan 0.015
60 21-12 mu 5.3215e-001 3.6657e-002 Var 9.4509e-003 6.1053e-005 cor 0.296 cov 2.2491e-004 Eig 9.456e-003 5.567e-005 1stv 1.000 0.024 tan 0.024
65 21-12 mu 4.2152e-001 5.0632e-002 Var 5.1022e-003 6.9094e-005 cor 0.296 cov 1.7547e-004 Eig 5.108e-003 6.298e-005 1stv 0.999 0.035 tan 0.035
70 21-12 mu 3.2695e-001 6.9573e-002 Var 4.0573e-003 1.0015e-004 cor 0.280 cov 1.7832e-004 Eig 4.065e-003 9.213e-005 1stv 0.999 0.045 tan 0.045
75 21-12 mu 2.4836e-001 9.4884e-002 Var 4.0719e-003 2.3539e-004 cor 0.257 cov 2.5159e-004 Eig 4.088e-003 2.190e-004 1stv 0.998 0.065 tan 0.065
80 21-12 mu 1.8467e-001 1.2803e-001 Var 3.9698e-003 6.9712e-004 cor 0.235 cov 3.9146e-004 Eig 4.016e-003 6.509e-004 1stv 0.993 0.117 tan 0.118
85 21-12 mu 1.3424e-001 1.7017e-001 Var 3.4520e-003 1.9927e-003 cor 0.216 cov 5.6601e-004 Eig 3.646e-003 1.799e-003 1stv 0.946 0.324 tan 0.342
90 21-12 mu 9.5236e-002 2.2160e-001 Var 2.6639e-003 5.1076e-003 cor 0.195 cov 7.1872e-004 Eig 5.303e-003 2.468e-003 1stv 0.263 0.965 tan 3.672
50 23-12 mu 2.9302e-002 1.9030e-002 Var 4.1918e-004 4.3467e-005 cor 0.025 cov 3.4092e-006 Eig 4.192e-004 4.344e-005 1stv 1.000 0.009 tan 0.009
55 23-12 mu 4.5010e-002 2.6444e-002 Var 6.8090e-004 5.3439e-005 cor 0.029 cov 5.4859e-006 Eig 6.810e-004 5.339e-005 1stv 1.000 0.009 tan 0.009
60 23-12 mu 6.7630e-002 3.6657e-002 Var 1.0026e-003 6.1053e-005 cor 0.032 cov 7.9043e-006 Eig 1.003e-003 6.099e-005 1stv 1.000 0.008 tan 0.008
65 23-12 mu 9.9457e-002 5.0632e-002 Var 1.3335e-003 6.9094e-005 cor 0.046 cov 1.4102e-005 Eig 1.334e-003 6.894e-005 1stv 1.000 0.011 tan 0.011
70 23-12 mu 1.4323e-001 6.9573e-002 Var 1.6607e-003 1.0015e-004 cor 0.102 cov 4.1529e-005 Eig 1.662e-003 9.904e-005 1stv 1.000 0.027 tan 0.027
75 23-12 mu 2.0199e-001 9.4884e-002 Var 2.2566e-003 2.3539e-004 cor 0.203 cov 1.4764e-004 Eig 2.267e-003 2.247e-004 1stv 0.997 0.072 tan 0.073
80 23-12 mu 2.7884e-001 1.2803e-001 Var 4.2022e-003 6.9712e-004 cor 0.281 cov 4.8139e-004 Eig 4.267e-003 6.322e-004 1stv 0.991 0.134 tan 0.135
85 23-12 mu 3.7632e-001 1.7017e-001 Var 1.0069e-002 1.9927e-003 cor 0.304 cov 1.3626e-003 Eig 1.029e-002 1.769e-003 1stv 0.987 0.162 tan 0.164
90 23-12 mu 4.9567e-001 2.2160e-001 Var 2.4102e-002 5.1076e-003 cor 0.303 cov 3.3620e-003 Eig 2.468e-002 4.530e-003 1stv 0.986 0.169 tan 0.172
50 21-13 mu 7.9473e-001 5.6951e-003 Var 3.8184e-002 6.0570e-006 cor 0.005 cov 2.2403e-006 Eig 3.818e-002 6.057e-006 1stv 1.000 0.000 tan 0.000
55 21-13 mu 6.5754e-001 9.0564e-003 Var 1.9877e-002 1.0029e-005 cor 0.010 cov 4.6703e-006 Eig 1.988e-002 1.003e-005 1stv 1.000 0.000 tan 0.000
60 21-13 mu 5.3215e-001 1.4366e-002 Var 9.4509e-003 1.5439e-005 cor 0.019 cov 7.3847e-006 Eig 9.451e-003 1.543e-005 1stv 1.000 0.001 tan 0.001
65 21-13 mu 4.2152e-001 2.2708e-002 Var 5.1022e-003 2.2866e-005 cor 0.029 cov 9.9307e-006 Eig 5.102e-003 2.285e-005 1stv 1.000 0.002 tan 0.002
70 21-13 mu 3.2695e-001 3.5707e-002 Var 4.0573e-003 3.9258e-005 cor 0.031 cov 1.2405e-005 Eig 4.057e-003 3.922e-005 1stv 1.000 0.003 tan 0.003
75 21-13 mu 2.4836e-001 5.5727e-002 Var 4.0719e-003 1.0494e-004 cor 0.026 cov 1.6694e-005 Eig 4.072e-003 1.049e-004 1stv 1.000 0.004 tan 0.004
80 21-13 mu 1.8467e-001 8.6047e-002 Var 3.9698e-003 3.8823e-004 cor 0.023 cov 2.8116e-005 Eig 3.970e-003 3.880e-004 1stv 1.000 0.008 tan 0.008
85 21-13 mu 1.3424e-001 1.3088e-001 Var 3.4520e-003 1.4531e-003 cor 0.025 cov 5.6305e-005 Eig 3.454e-003 1.451e-003 1stv 1.000 0.028 tan 0.028
90 21-13 mu 9.5236e-002 1.9504e-001 Var 2.6639e-003 4.8512e-003 cor 0.031 cov 1.1292e-004 Eig 4.857e-003 2.658e-003 1stv 0.051 0.999 tan 19.421
50 23-13 mu 2.9302e-002 5.6951e-003 Var 4.1918e-004 6.0570e-006 cor -0.146 cov -7.3460e-006 Eig 4.193e-004 5.926e-006 1stv 1.000 -0.018 tan -0.018
55 23-13 mu 4.5010e-002 9.0564e-003 Var 6.8090e-004 1.0029e-005 cor -0.140 cov -1.1567e-005 Eig 6.811e-004 9.830e-006 1stv 1.000 -0.017 tan -0.017
60 23-13 mu 6.7630e-002 1.4366e-002 Var 1.0026e-003 1.5439e-005 cor -0.136 cov -1.6959e-005 Eig 1.003e-003 1.515e-005 1stv 1.000 -0.017 tan -0.017
65 23-13 mu 9.9457e-002 2.2708e-002 Var 1.3335e-003 2.2866e-005 cor -0.145 cov -2.5395e-005 Eig 1.334e-003 2.237e-005 1stv 1.000 -0.019 tan -0.019
70 23-13 mu 1.4323e-001 3.5707e-002 Var 1.6607e-003 3.9258e-005 cor -0.193 cov -4.9247e-005 Eig 1.662e-003 3.776e-005 1stv 1.000 -0.030 tan -0.030
75 23-13 mu 2.0199e-001 5.5727e-002 Var 2.2566e-003 1.0494e-004 cor -0.285 cov -1.3874e-004 Eig 2.265e-003 9.603e-005 1stv 0.998 -0.064 tan -0.064
80 23-13 mu 2.7884e-001 8.6047e-002 Var 4.2022e-003 3.8823e-004 cor -0.353 cov -4.5057e-004 Eig 4.255e-003 3.357e-004 1stv 0.993 -0.116 tan -0.117
85 23-13 mu 3.7632e-001 1.3088e-001 Var 1.0069e-002 1.4531e-003 cor -0.361 cov -1.3824e-003 Eig 1.029e-002 1.237e-003 1stv 0.988 -0.155 tan -0.157
90 23-13 mu 4.9567e-001 1.9504e-001 Var 2.4102e-002 4.8512e-003 cor -0.347 cov -3.7523e-003 Eig 2.481e-002 4.146e-003 1stv 0.983 -0.185 tan -0.188
50 23-21 mu 2.9302e-002 7.9473e-001 Var 4.1918e-004 3.8184e-002 cor -0.157 cov -6.2645e-004 Eig 3.819e-002 4.088e-004 1stv 0.017 -1.000 tan -60.301
55 23-21 mu 4.5010e-002 6.5754e-001 Var 6.8090e-004 1.9877e-002 cor -0.126 cov -4.6379e-004 Eig 1.989e-002 6.697e-004 1stv 0.024 -1.000 tan -41.415
60 23-21 mu 6.7630e-002 5.3215e-001 Var 1.0026e-003 9.4509e-003 cor -0.116 cov -3.5655e-004 Eig 9.466e-003 9.875e-004 1stv 0.042 -0.999 tan -23.737
65 23-21 mu 9.9457e-002 4.2152e-001 Var 1.3335e-003 5.1022e-003 cor -0.128 cov -3.3284e-004 Eig 5.131e-003 1.304e-003 1stv 0.087 -0.996 tan -11.411
70 23-21 mu 1.4323e-001 3.2695e-001 Var 1.6607e-003 4.0573e-003 cor -0.140 cov -3.6425e-004 Eig 4.111e-003 1.607e-003 1stv 0.147 -0.989 tan -6.728
75 23-21 mu 2.0199e-001 2.4836e-001 Var 2.2566e-003 4.0719e-003 cor -0.134 cov -4.0770e-004 Eig 4.159e-003 2.169e-003 1stv 0.210 -0.978 tan -4.667
80 23-21 mu 2.7884e-001 1.8467e-001 Var 4.2022e-003 3.9698e-003 cor -0.115 cov -4.7015e-004 Eig 4.570e-003 3.602e-003 1stv 0.787 -0.616 tan -0.783
85 23-21 mu 3.7632e-001 1.3424e-001 Var 1.0069e-002 3.4520e-003 cor -0.108 cov -6.3771e-004 Eig 1.013e-002 3.391e-003 1stv 0.995 -0.095 tan -0.095
90 23-21 mu 4.9567e-001 9.5236e-002 Var 2.4102e-002 2.6639e-003 cor -0.128 cov -1.0227e-003 Eig 2.415e-002 2.615e-003 1stv 0.999 -0.048 tan -0.048
Prevalence combination of varying and fixed dummies 1
Warning Observed prevalence doesn't sum to 1 for state 2: probs[50][2][1]=0.000000 because of lack of cases.
Warning Observed prevalence doesn't sum to 1 for state 1: probs[51][1][1]=0.000000 because of lack of cases.
Warning Observed prevalence doesn't sum to 1 for state 2: probs[51][2][1]=0.000000 because of lack of cases.
Warning Observed prevalence doesn't sum to 1 for state 1: probs[52][1][1]=0.000000 because of lack of cases.
Warning Observed prevalence doesn't sum to 1 for state 2: probs[52][2][1]=0.000000 because of lack of cases.
Warning Observed prevalence doesn't sum to 1 for state 1: probs[53][1][1]=0.000000 because of lack of cases.
Warning Observed prevalence doesn't sum to 1 for state 2: probs[53][2][1]=0.000000 because of lack of cases.
Warning Observed prevalence doesn't sum to 1 for state 1: probs[54][1][1]=0.000000 because of lack of cases.
Warning Observed prevalence doesn't sum to 1 for state 2: probs[54][2][1]=0.000000 because of lack of cases.
Warning Observed prevalence doesn't sum to 1 for state 1: probs[55][1][1]=0.000000 because of lack of cases.
Warning Observed prevalence doesn't sum to 1 for state 2: probs[55][2][1]=0.000000 because of lack of cases.
Warning Observed prevalence doesn't sum to 1 for state 1: probs[56][1][1]=0.000000 because of lack of cases.
Warning Observed prevalence doesn't sum to 1 for state 2: probs[56][2][1]=0.000000 because of lack of cases.
Warning Observed prevalence doesn't sum to 1 for state 1: probs[57][1][1]=0.000000 because of lack of cases.
Warning Observed prevalence doesn't sum to 1 for state 2: probs[57][2][1]=0.000000 because of lack of cases.
Warning Observed prevalence doesn't sum to 1 for state 1: probs[58][1][1]=0.000000 because of lack of cases.
Warning Observed prevalence doesn't sum to 1 for state 2: probs[58][2][1]=0.000000 because of lack of cases.
Warning Observed prevalence doesn't sum to 1 for state 1: probs[59][1][1]=0.000000 because of lack of cases.
Warning Observed prevalence doesn't sum to 1 for state 2: probs[59][2][1]=0.000000 because of lack of cases.
Warning Observed prevalence doesn't sum to 1 for state 1: probs[60][1][1]=0.000000 because of lack of cases.
Warning Observed prevalence doesn't sum to 1 for state 2: probs[60][2][1]=0.000000 because of lack of cases.
Warning Observed prevalence doesn't sum to 1 for state 1: probs[61][1][1]=0.000000 because of lack of cases.
Warning Observed prevalence doesn't sum to 1 for state 2: probs[61][2][1]=0.000000 because of lack of cases.
Warning Observed prevalence doesn't sum to 1 for state 1: probs[62][1][1]=0.000000 because of lack of cases.
Warning Observed prevalence doesn't sum to 1 for state 2: probs[62][2][1]=0.000000 because of lack of cases.
Warning Observed prevalence doesn't sum to 1 for state 1: probs[63][1][1]=0.000000 because of lack of cases.
Warning Observed prevalence doesn't sum to 1 for state 2: probs[63][2][1]=0.000000 because of lack of cases.
Warning Observed prevalence doesn't sum to 1 for state 1: probs[64][1][1]=0.000000 because of lack of cases.
Warning Observed prevalence doesn't sum to 1 for state 2: probs[64][2][1]=0.000000 because of lack of cases.
Warning Observed prevalence doesn't sum to 1 for state 1: probs[65][1][1]=0.000000 because of lack of cases.
Warning Observed prevalence doesn't sum to 1 for state 2: probs[65][2][1]=0.000000 because of lack of cases.
Warning Observed prevalence doesn't sum to 1 for state 1: probs[66][1][1]=0.000000 because of lack of cases.
Warning Observed prevalence doesn't sum to 1 for state 2: probs[66][2][1]=0.000000 because of lack of cases.
Warning Observed prevalence doesn't sum to 1 for state 1: probs[67][1][1]=0.000000 because of lack of cases.
Warning Observed prevalence doesn't sum to 1 for state 2: probs[67][2][1]=0.000000 because of lack of cases.
Warning Observed prevalence doesn't sum to 1 for state 1: probs[68][1][1]=0.000000 because of lack of cases.
Warning Observed prevalence doesn't sum to 1 for state 2: probs[68][2][1]=0.000000 because of lack of cases.
Warning Observed prevalence doesn't sum to 1 for state 1: probs[69][1][1]=0.000000 because of lack of cases.
Warning Observed prevalence doesn't sum to 1 for state 2: probs[69][2][1]=0.000000 because of lack of cases.
Warning Observed prevalence doesn't sum to 1 for state 1: probs[70][1][1]=0.000000 because of lack of cases.
Warning Observed prevalence doesn't sum to 1 for state 2: probs[70][2][1]=0.000000 because of lack of cases.
Warning Observed prevalence doesn't sum to 1 for state 1: probs[71][1][1]=0.000000 because of lack of cases.
Warning Observed prevalence doesn't sum to 1 for state 2: probs[71][2][1]=0.000000 because of lack of cases.
Warning Observed prevalence doesn't sum to 1 for state 1: probs[72][1][1]=0.000000 because of lack of cases.
Warning Observed prevalence doesn't sum to 1 for state 2: probs[72][2][1]=0.000000 because of lack of cases.
Warning Observed prevalence doesn't sum to 1 for state 1: probs[73][1][1]=0.000000 because of lack of cases.
Warning Observed prevalence doesn't sum to 1 for state 2: probs[73][2][1]=0.000000 because of lack of cases.
Warning Observed prevalence doesn't sum to 1 for state 1: probs[74][1][1]=0.000000 because of lack of cases.
Warning Observed prevalence doesn't sum to 1 for state 2: probs[74][2][1]=0.000000 because of lack of cases.
Warning Observed prevalence doesn't sum to 1 for state 1: probs[75][1][1]=0.000000 because of lack of cases.
Warning Observed prevalence doesn't sum to 1 for state 2: probs[75][2][1]=0.000000 because of lack of cases.
Warning Observed prevalence doesn't sum to 1 for state 1: probs[76][1][1]=0.000000 because of lack of cases.
Warning Observed prevalence doesn't sum to 1 for state 2: probs[76][2][1]=0.000000 because of lack of cases.
Warning Observed prevalence doesn't sum to 1 for state 1: probs[77][1][1]=0.000000 because of lack of cases.
Warning Observed prevalence doesn't sum to 1 for state 2: probs[77][2][1]=0.000000 because of lack of cases.
Warning Observed prevalence doesn't sum to 1 for state 1: probs[78][1][1]=0.000000 because of lack of cases.
Warning Observed prevalence doesn't sum to 1 for state 2: probs[78][2][1]=0.000000 because of lack of cases.
Warning Observed prevalence doesn't sum to 1 for state 1: probs[79][1][1]=0.000000 because of lack of cases.
Warning Observed prevalence doesn't sum to 1 for state 2: probs[79][2][1]=0.000000 because of lack of cases.
Warning Observed prevalence doesn't sum to 1 for state 1: probs[80][1][1]=0.000000 because of lack of cases.
Warning Observed prevalence doesn't sum to 1 for state 2: probs[80][2][1]=0.000000 because of lack of cases.
Warning Observed prevalence doesn't sum to 1 for state 1: probs[81][1][1]=0.000000 because of lack of cases.
Warning Observed prevalence doesn't sum to 1 for state 2: probs[81][2][1]=0.000000 because of lack of cases.
Warning Observed prevalence doesn't sum to 1 for state 1: probs[82][1][1]=0.000000 because of lack of cases.
Warning Observed prevalence doesn't sum to 1 for state 2: probs[82][2][1]=0.000000 because of lack of cases.
Warning Observed prevalence doesn't sum to 1 for state 1: probs[83][1][1]=0.000000 because of lack of cases.
Warning Observed prevalence doesn't sum to 1 for state 2: probs[83][2][1]=0.000000 because of lack of cases.
Warning Observed prevalence doesn't sum to 1 for state 1: probs[84][1][1]=0.000000 because of lack of cases.
Warning Observed prevalence doesn't sum to 1 for state 2: probs[84][2][1]=0.000000 because of lack of cases.
Warning Observed prevalence doesn't sum to 1 for state 1: probs[85][1][1]=0.000000 because of lack of cases.
Warning Observed prevalence doesn't sum to 1 for state 2: probs[85][2][1]=0.000000 because of lack of cases.
Warning Observed prevalence doesn't sum to 1 for state 1: probs[86][1][1]=0.000000 because of lack of cases.
Warning Observed prevalence doesn't sum to 1 for state 2: probs[86][2][1]=0.000000 because of lack of cases.
Warning Observed prevalence doesn't sum to 1 for state 1: probs[87][1][1]=0.000000 because of lack of cases.
Warning Observed prevalence doesn't sum to 1 for state 2: probs[87][2][1]=0.000000 because of lack of cases.
Warning Observed prevalence doesn't sum to 1 for state 1: probs[88][1][1]=0.000000 because of lack of cases.
Warning Observed prevalence doesn't sum to 1 for state 2: probs[88][2][1]=0.000000 because of lack of cases.
Warning Observed prevalence doesn't sum to 1 for state 1: probs[89][1][1]=0.000000 because of lack of cases.
Warning Observed prevalence doesn't sum to 1 for state 2: probs[89][2][1]=0.000000 because of lack of cases.
Warning Observed prevalence doesn't sum to 1 for state 1: probs[90][1][1]=0.000000 because of lack of cases.
Warning Observed prevalence doesn't sum to 1 for state 2: probs[90][2][1]=0.000000 because of lack of cases.
Computing Health Expectancies: result on file 'E_HRMadl.txt' ...50|51|52|53|54|55|56|57|58|59|60|61|62|63|64|65|66|67|68|69|70|71|72|73|74|75|76|77|78|79|80|81|82|83|84|85|86|87|88|89|90|
done evsij
Computing Total Life expectancies with their standard errors: file 'T_HRMadl.txt' ...
  Computing State-specific Expectancies and standard errors: result on file 'STDE_HRMadl.txt' 
    Computing Covar. of State-specific Expectancies: result on file 'CVE_HRMadl.txt' 
      Computing Variance-covariance of State-specific Expectancies: file 'V_HRMadl.txt' ... 
# model  
#****** Result for:******
 cvevsij 50|51|52|53|54|55|56|57|58|59|60|61|62|63|64|65|66|67|68|69|70|71|72|73|74|75|76|77|78|79|80|81|82|83|84|85|86|87|88|89|90|
 end cvevsij 
 varevsij vpopbased=0 
Computing total mortality p.j=w1*p1j+w2*p2j+..: result on file 'PRMORPREV-1-STABLBASED_HRMadl.txt' 
Computing age specific forward period (stable) prevalences in each health state 
done selection
done State-specific expectancies
Computing Variance-covariance of forward period (stable) prevalence: file 'VPL_HRMadl.txt' ...
#****** ******
done variance-covariance of forward period prevalence
End of Imach with 1 errors and/or warnings 1. Please look at the log file for details.
Local time at start Tue Feb 04 22:03:38 2025

Local time at end   Tue Feb 04 22:04:01 2025

Total time used 0 day(s) 0 hour(s) 0 minute(s) 23 second(s)
Total time was 23 Sec.
