Log filename:ITFchr.log
Version 0.99r45 $Revision: 1.353 $ $Date: 2023/05/08 18:48:22 $
Enter the parameter file name: 
pathimach=C:\PROGRA~1\IMACH-~2.99R\bin\
pathtot=C:\Users\mmusz\Dropbox\gender_paradox\data\IMACHnew\ITFchr.txt
 path=C:\Users\mmusz\Dropbox\gender_paradox\data\IMACHnew\ 
 optionfile=ITFchr.txt
 optionfilext=txt
 optionfilefiname='ITFchr'
Compiled with: Microsoft Visual Studio for Windows (x64 and x86)  64-bit
The programm is not running under WOW64 (i.e probably on a 64bit Windows).
Local time (at start): Tue Feb 04 22:21:37 2025
title=chr datafile=dataITFchr.txt lastobs=5000 firstpass=1 lastpass=2
ftol=1.000000e-018 stepm=24 ncovcol=0 nqv=0 ntv=0 nqtv=0 nlstate=2 ndeath=1 maxwav=2 mle=1 weight=1
model=1+age+
# Parameters nlstate*nlstate*ncov a12*1 + b12 * age + ...
12 0.000000 0.000000
13 0.000000 0.000000
21 0.000000 0.000000
23 0.000000 0.000000
# Scales (for hessian or gradient estimation)
12 0.000000e+000 0.000000e+000
13 0.000000e+000 0.000000e+000
21 0.000000e+000 0.000000e+000
23 0.000000e+000 0.000000e+000
# Covariance matrix
121 0.00000e+000
122 0.00000e+000 0.00000e+000
131 0.00000e+000 0.00000e+000 0.00000e+000
132 0.00000e+000 0.00000e+000 0.00000e+000 0.00000e+000
211 0.00000e+000 0.00000e+000 0.00000e+000 0.00000e+000 0.00000e+000
212 0.00000e+000 0.00000e+000 0.00000e+000 0.00000e+000 0.00000e+000 0.00000e+000
231 0.00000e+000 0.00000e+000 0.00000e+000 0.00000e+000 0.00000e+000 0.00000e+000 0.00000e+000
232 0.00000e+000 0.00000e+000 0.00000e+000 0.00000e+000 0.00000e+000 0.00000e+000 0.00000e+000 0.00000e+000

Model=1+age+
Typevar: 0 for simple covariate (dummy, quantitative, fixed or varying), 1 for age product, 2 for  product, 3 for double product with age  
Fixed[k] 0=fixed (product or simple), 1 varying, 2 fixed with age product, 3 varying with age product 
Dummy[k] 0=dummy (0 1), 1 quantitative (single or product without age), 2 dummy with age product, 3 quant with age product
ncoveff=0, nqfveff=0, ntveff=0, nqtveff=0, cptcovn=0
ncovf=0, ncovv=0, ncova=0, nsd=0, nsq=0
Warning: The value of parameter lastobs=5000 is big compared to the 
  effective number of cases imx=2206, please adjust, 
  otherwise you are allocating more memory than necessary.
Total number of individuals= 2206, Agemin = 51.08, Agemax= 93.67

Information, you have to check 0 informations which haven't been logged!
Delay (in months) between two waves Min=2 (for indiviudal 2130) Max=32 (1783) Mean=24.362647

 Age 51 1.=1 loss[1]=0.0% 2.=1 loss[2]=0.0% 1.=1 prev[1]=47.9% 2.=1 prev[2]=52.1% 11=0 12=0 21=0 22=1
Age 52 1.=1 loss[1]=0.0% 2.=2 loss[2]=0.0% 1.=1 prev[1]=44.6% 2.=2 prev[2]=55.4% 11=1 12=0 21=1 22=1 23=0
Age 53 1.=2 loss[1]=0.0% 2.=1 loss[2]=0.0% 1.=2 prev[1]=61.8% 2.=1 prev[2]=38.2% 11=2 12=1 13=0 21=0 22=1
Age 54 1.=1 loss[1]=0.0% 2.=1 loss[2]=0.0% 1.=1 prev[1]=42.3% 2.=1 prev[2]=57.7% 11=0 12=1 21=0 22=1
Age 55 1.=1 loss[1]=0.0% 2.=1 loss[2]=0.0% 1.=1 prev[1]=46.3% 2.=1 prev[2]=53.7% 11=1 12=0 21=0 22=1
Age 56 1.=1 loss[1]=0.0% 2.=1 loss[2]=0.0% 1.=1 prev[1]=53.5% 2.=1 prev[2]=46.5% 11=1 12=1 21=0 22=1
Age 57 1.=1 loss[1]=0.0% 2.=2 loss[2]=0.0% 1.=1 prev[1]=37.9% 2.=2 prev[2]=62.1% 11=1 12=1 21=1 22=1 23=0
Age 58 1.=1 loss[1]=0.0% 2.=1 loss[2]=0.0% 1.=1 prev[1]=44.5% 2.=1 prev[2]=55.5% 11=1 12=0 21=0 22=1
Age 59 1.=1 loss[1]=0.0% 2.=1 loss[2]=0.0% 1.=1 prev[1]=40.7% 2.=1 prev[2]=59.3% 11=0 12=0 21=0 22=1 23=0
Age 60 1.=1 loss[1]=0.0% 2.=1 loss[2]=0.0% 1.=1 prev[1]=31.5% 2.=1 prev[2]=68.5% 11=0 12=0 21=0 22=1 23=0
Age 61 1.=1 loss[1]=0.0% 2.=1 loss[2]=0.0% 1.=1 prev[1]=38.5% 2.=1 prev[2]=61.5% 11=0 12=0 21=0 22=1 23=0
Age 62 1.=1 loss[1]=0.0% 2.=2 loss[2]=0.0% 1.=1 prev[1]=27.4% 2.=2 prev[2]=72.6% 11=0 12=0 21=0 22=1 23=0
Age 63 1.=1 loss[1]=0.0% 2.=1 loss[2]=0.0% 1.=1 prev[1]=32.4% 2.=1 prev[2]=67.6% 11=0 12=0 21=0 22=1 23=0
Age 64 1.=1 loss[1]=0.0% 2.=2 loss[2]=0.0% 1.=1 prev[1]=24.4% 2.=2 prev[2]=75.6% 11=0 12=0 21=0 22=1 23=0
Age 65 1.=0 loss[1]=0.0% 2.=2 loss[2]=0.0% 1.=0 prev[1]=20.2% 2.=2 prev[2]=79.8% 11=0 12=0 21=0 22=1 23=0
Age 66 1.=1 loss[1]=0.0% 2.=2 loss[2]=0.0% 1.=1 prev[1]=27.7% 2.=2 prev[2]=72.3% 11=0 12=1 13=0 21=0 22=2 23=0
Age 67 1.=1 loss[1]=0.0% 2.=2 loss[2]=0.0% 1.=1 prev[1]=27.6% 2.=2 prev[2]=72.4% 11=0 12=0 21=0 22=2
Age 68 1.=0 loss[1]=0.0% 2.=2 loss[2]=0.0% 1.=0 prev[1]=14.4% 2.=2 prev[2]=85.6% 11=0 12=0 21=0 22=2 23=0
Age 69 1.=1 loss[1]=0.0% 2.=1 loss[2]=0.0% 1.=1 prev[1]=28.8% 2.=1 prev[2]=71.2% 11=0 12=0 21=0 22=1 23=0
Age 70 1.=0 loss[1]=0.0% 2.=2 loss[2]=0.0% 1.=0 prev[1]=15.3% 2.=2 prev[2]=84.7% 11=0 12=0 21=0 22=2
Age 71 1.=1 loss[1]=0.0% 2.=1 loss[2]=0.0% 1.=1 prev[1]=29.8% 2.=1 prev[2]=70.2% 11=0 12=0 13=0 21=0 22=1
Age 72 1.=0 loss[1]=0.0% 2.=2 loss[2]=0.0% 1.=0 prev[1]=19.0% 2.=2 prev[2]=81.0% 11=0 12=0 21=0 22=2 23=0
Age 73 1.=0 loss[1]=0.0% 2.=2 loss[2]=0.0% 1.=0 prev[1]=19.6% 2.=2 prev[2]=80.4% 11=0 12=0 13=0 21=0 22=1
Age 74 1.=0 loss[1]=0.0% 2.=2 loss[2]=0.0% 1.=0 prev[1]=16.1% 2.=2 prev[2]=83.9% 11=0 12=0 21=0 22=2 23=0
Age 75 1.=0 loss[1]=0.0% 2.=1 loss[2]=0.0% 1.=0 prev[1]=18.7% 2.=1 prev[2]=81.3% 11=0 12=0 21=0 22=1 23=0
Age 76 1.=0 loss[1]=0.0% 2.=2 loss[2]=0.0% 1.=0 prev[1]=10.7% 2.=2 prev[2]=89.3% 11=0 12=0 21=0 22=2 23=0
Age 77 1.=0 loss[1]=0.0% 2.=2 loss[2]=0.0% 1.=0 prev[1]=11.3% 2.=2 prev[2]=88.7% 11=0 12=0 21=0 22=2 23=0
Age 78 1.=0 loss[1]=0.0% 2.=2 loss[2]=0.0% 1.=0 prev[1]=8.3% 2.=2 prev[2]=91.7% 11=0 12=0 21=0 22=1 23=0
Age 79 1.=0 loss[1]=0.0% 2.=1 loss[2]=0.0% 1.=0 prev[1]=4.8% 2.=1 prev[2]=95.2% 11=0 22=1 23=0
Age 80 1.=0 loss[1]=0.0% 2.=2 loss[2]=0.0% 1.=0 prev[1]=15.8% 2.=2 prev[2]=84.2% 11=0 12=0 21=0 22=1 23=0
Age 81 1.=0 loss[1]=0.0% 2.=2 loss[2]=0.0% 1.=0 prev[1]=1.9% 2.=2 prev[2]=98.1% 12=0 22=2 23=0
Age 82 1.=0 loss[1]=0.0% 2.=2 loss[2]=0.0% 1.=0 prev[1]=7.8% 2.=2 prev[2]=92.2% 12=0 22=1 23=0
Age 83 1.=0 loss[1]=0.0% 2.=1 loss[2]=0.0% 1.=0 prev[1]=9.8% 2.=1 prev[2]=90.2% 12=0 13=0 22=1 23=0
Age 84 1.=0 loss[1]=0.0% 2.=1 loss[2]=0.0% 1.=0 prev[1]=3.2% 2.=1 prev[2]=96.8% 12=0 22=1 23=0
Age 85 1.=0 loss[1]=0.0% 2.=1 loss[2]=0.0% 1.=0 prev[1]=13.7% 2.=1 prev[2]=86.3% 12=0 13=0 21=0 22=1 23=0
Age 86 1.=0 loss[1]=NaNQ% 2.=1 loss[2]=0.0% 1.=0 prev[1]=0.0% 2.=1 prev[2]=100.0% 21=0 22=1 23=0
Age 87 1.=0 loss[1]=NaNQ% 2.=1 loss[2]=0.0% 1.=0 prev[1]=0.0% 2.=1 prev[2]=100.0% 21=0 22=1 23=0
Age 88 1.=0 loss[1]=NaNQ% 2.=1 loss[2]=0.0% 1.=0 prev[1]=0.0% 2.=1 prev[2]=100.0% 21=0 22=0 23=1
Age 89 1.=0 loss[1]=NaNQ% 2.=1 loss[2]=0.0% 1.=0 prev[1]=0.0% 2.=1 prev[2]=100.0% 22=1 23=0
Age 90 1.=0 loss[1]=NaNQ% 2.=0 loss[2]=0.0% 1.=0 prev[1]=0.0% 2.=0 prev[2]=100.0% 22=0 23=0
Age 91 1.=0 loss[1]=NaNQ% 2.=0 loss[2]=0.0% 1.=0 prev[1]=0.0% 2.=0 prev[2]=100.0% 22=0 23=0
Age 92 1.=0 loss[1]=NaNQ% 2.=0 loss[2]=NaNQ% 1.=0 prev[1]=NaNQ% 2.=0 prev[2]=NaNQ%
Age 93 1.=0 loss[1]=NaNQ% 2.=0 loss[2]=NaNQ% 1.=0 prev[1]=NaNQ% 2.=0 prev[2]=NaNQ%
1 1.=0 loss[1]=NaNQ% 2.=0 loss[2]=NaNQ% 1.=0 prev[1]=NaNQ% 2.=0 prev[2]=NaNQ%
0 1.=0 loss[1]=NaNQ% 2.=0 loss[2]=NaNQ% 1.=0 prev[1]=NaNQ% 2.=0 prev[2]=NaNQ%
Total 1.=21 loss[1]=0.0% 2.=59 loss[2]=0.0% 1.=21 prev[1]=25.9% 2.=59 prev[2]=74.1% 11=11 12=9 13=0 21=7 22=48 23=4


12    0.0000000 ln(9/11)=   -0.1690982 
13    0.0000000 ln(0/11)=   -3.4355676 
21    0.0000000 ln(7/48)=   -1.9088102 
23    0.0000000 ln(4/48)=   -2.5210577 

 -1-1=0 -10=0 -11=0 -12=0 -13=0 0-1=0 00=0 01=0 02=0 03=0 1-1=0 10=0 11=11 12=9 13=0 2-1=0 20=0 21=7 22=48 23=4 3-1=0 30=0 31=0 32=0 33=0
Powell

Powell iter=1 Big Iter=1 -2*LL=4828.345776649673 gain=0 0 sec. 0 sec.
#model=  1      +     age 
12    0.0000000    0.0000000 
13    0.0000000    0.0000000 
21    0.0000000    0.0000000 
23    0.0000000    0.0000000 
1........2.............3........4.................5........6................7........8..................
Powell iter=2 Big Iter=2 -2*LL=3015.528083061364 gain=1.81e+003 1 sec. 1 sec.
#model=  1      +     age 
12    0.7473726    0.0014604 
13   -3.5938218    0.0035160 
21   -1.1911735   -0.0018559 
23   -2.4155815    0.0020631 

Considering the time needed for this last iteration #2: 1 seconds,
   - if your program needs 1 BIG iterations  (2 iterations) to converge, convergence will be 
   reached in 0 day(s) 0 hour(s) 0 minute(s) 0 second(s) i.e.
   on Tue Feb 04 22:21:38 2025 (current time is Tue Feb 04 22:21:38 2025);
   - if your program needs 11 BIG iterations  (22 iterations) to converge, convergence will be 
   reached in 0 day(s) 0 hour(s) 0 minute(s) 20 second(s) i.e.
   on Tue Feb 04 22:21:58 2025 (current time is Tue Feb 04 22:21:38 2025);
   - if your program needs 21 BIG iterations  (42 iterations) to converge, convergence will be 
   reached in 0 day(s) 0 hour(s) 0 minute(s) 40 second(s) i.e.
   on Tue Feb 04 22:22:18 2025 (current time is Tue Feb 04 22:21:38 2025);
   - if your program needs 31 BIG iterations  (62 iterations) to converge, convergence will be 
   reached in 0 day(s) 0 hour(s) 1 minute(s) 0 second(s) i.e.
   on Tue Feb 04 22:22:38 2025 (current time is Tue Feb 04 22:21:38 2025);
1......2............3..........4..................5........6................7.........8..................
Powell iter=3 Big Iter=2 -2*LL=2825.027025070210 gain=191 0 sec. 1 sec.
#model=  1      +     age 
12   -0.1958087    0.0026836 
13   -4.1665839    0.0076449 
21   -1.7543353   -0.0036125 
23   -2.6786237    0.0040763 

Considering the time needed for this last iteration #3: 0 seconds,
   - if your program needs 1 BIG iterations  (2 iterations) to converge, convergence will be 
   reached in 0 day(s) 0 hour(s) 0 minute(s) 0 second(s) i.e.
   on Tue Feb 04 22:21:38 2025 (current time is Tue Feb 04 22:21:38 2025);
   - if your program needs 11 BIG iterations  (22 iterations) to converge, convergence will be 
   reached in 0 day(s) 0 hour(s) 0 minute(s) 0 second(s) i.e.
   on Tue Feb 04 22:21:38 2025 (current time is Tue Feb 04 22:21:38 2025);
   - if your program needs 21 BIG iterations  (42 iterations) to converge, convergence will be 
   reached in 0 day(s) 0 hour(s) 0 minute(s) 0 second(s) i.e.
   on Tue Feb 04 22:21:38 2025 (current time is Tue Feb 04 22:21:38 2025);
   - if your program needs 31 BIG iterations  (62 iterations) to converge, convergence will be 
   reached in 0 day(s) 0 hour(s) 0 minute(s) 0 second(s) i.e.
   on Tue Feb 04 22:21:38 2025 (current time is Tue Feb 04 22:21:38 2025);
1........2............3..........4..................5.........6................7.........8..........................Gaining to use new average direction of P0 P8 instead of biggest increase direction 6 :

Powell iter=4 Big Iter=3 -2*LL=2702.107622552759 gain=123 0 sec. 1 sec.
#model=  1      +     age 
12   -2.4308040    0.0267696 
13  -10.4483538    0.0881772 
21    0.5694495   -0.0393431 
23   -5.6773497    0.0448440 
1.......2...........3........4..................5........6.................7.........8.......
Powell iter=5 Big Iter=3 -2*LL=2603.588775023636 gain=98.5 0 sec. 1 sec.
#model=  1      +     age 
12   -3.0566378    0.0408593 
13  -13.1413387    0.1348851 
21    2.1003778   -0.0591850 
23   -7.4227311    0.0668154 
1.......2............3..........4.................5.........6.................7.........8...............Gaining to use new average direction of P0 P8 instead of biggest increase direction 1 :

Powell iter=6 Big Iter=4 -2*LL=2551.130466741772 gain=52.5 0 sec. 1 sec.
#model=  1      +     age 
12   -4.0862352    0.0639141 
13  -17.9483006    0.2105257 
21    4.2499472   -0.0914948 
23  -10.2719545    0.1030235 
1........2.............3.........4..................5.........6.................7.........8........directest= 19.101288922539 (if directest<0 or t<0 we include P0 Pn as new direction), t= -108.611696179206, f1= 2551.130466741772,f2= 2549.883172409242,f3= 2568.617724160297, del= 0.440278580523
f1-2f2+f3= 19.981846083586, f1-f2-del= 0.807015752007, f1-f3= -17.487257418525

Powell iter=7 Big Iter=4 -2*LL=2549.883172409242 gain=1.25 0 sec. 1 sec.
#model=  1      +     age 
12   -4.1425435    0.0650460 
13  -18.4169844    0.2135734 
21    4.2832105   -0.0928038 
23  -10.4019878    0.1037324 
1........2.............3..........4.................5.........6.................7.........8...............Gaining to use new average direction of P0 P8 instead of biggest increase direction 1 :

Powell iter=8 Big Iter=5 -2*LL=2549.677917003534 gain=0.205 1 sec. 2 sec.
#model=  1      +     age 
12   -4.2579232    0.0664364 
13  -18.7424001    0.2176776 
21    4.3925979   -0.0946426 
23  -10.5764081    0.1058932 
1.............2.............3..........4.................5.........6.................7.........8.............Gaining to use new average direction of P0 P8 instead of biggest increase direction 6 :

Powell iter=9 Big Iter=5 -2*LL=2549.603647471715 gain=0.0743 0 sec. 2 sec.
#model=  1      +     age 
12   -4.3233769    0.0674722 
13  -18.9015269    0.2199258 
21    4.4581108   -0.0956881 
23  -10.7055104    0.1075101 
1........2.............3..........4.................5.........6.......7.........8............Gaining to use new average direction of P0 P8 instead of biggest increase direction 2 :

Powell iter=10 Big Iter=6 -2*LL=2549.497903729640 gain=0.106 0 sec. 2 sec.
#model=  1      +     age 
12   -4.4196980    0.0690922 
13  -19.0027575    0.2215401 
21    4.5156308   -0.0965811 
23  -10.8418920    0.1092219 
1........2........3..........4.................5.........6......7..........8...........Gaining to use new average direction of P0 P8 instead of biggest increase direction 8 :

Powell iter=11 Big Iter=6 -2*LL=2548.815858093717 gain=0.682 0 sec. 2 sec.
#model=  1      +     age 
12   -4.8179716    0.0751963 
13  -18.6929568    0.2185733 
21    4.5305388   -0.0966412 
23  -11.2374423    0.1141989 
1........2......3..........4.................5.........6......7.........8.......
Powell iter=12 Big Iter=7 -2*LL=2547.739616123222 gain=1.08 0 sec. 2 sec.
#model=  1      +     age 
12   -4.9362158    0.0768625 
13  -17.5908523    0.2044383 
21    4.2158734   -0.0916423 
23  -11.1002483    0.1124965 
1........2......3.........4.................5.........6......7.........8..............Gaining to use new average direction of P0 P8 instead of biggest increase direction 8 :

Powell iter=13 Big Iter=7 -2*LL=2547.180453014737 gain=0.559 1 sec. 3 sec.
#model=  1      +     age 
12   -5.1195064    0.0801733 
13  -16.4160933    0.1894551 
21    3.8805646   -0.0865250 
23  -11.0516530    0.1118906 
1........2........3.........4.................5.........6......7.........8........directest= 0.183908599121 (if directest<0 or t<0 we include P0 Pn as new direction), t= -0.000074459199, f1= 2547.180453014737,f2= 2547.149228026574,f3= 2547.324697627795, del= 0.011392995132
f1-2f2+f3= 0.206694589384, f1-f2-del= 0.019831993031, f1-f3= -0.144244613058

Powell iter=14 Big Iter=8 -2*LL=2547.149228026574 gain=0.0312 0 sec. 3 sec.
#model=  1      +     age 
12   -5.1147715    0.0802660 
13  -16.5125520    0.1906538 
21    3.9026959   -0.0869144 
23  -11.0768131    0.1121954 
1........2.......3.........4.................5.........6.......7..........8...............Gaining to use new average direction of P0 P8 instead of biggest increase direction 6 :

Powell iter=15 Big Iter=8 -2*LL=2547.127327555555 gain=0.0219 0 sec. 3 sec.
#model=  1      +     age 
12   -5.1141281    0.0804426 
13  -16.6472309    0.1924963 
21    3.9253478   -0.0873102 
23  -11.1190139    0.1127209 
1........2.......3..........4.................5.........6........7.........8............Gaining to use new average direction of P0 P8 instead of biggest increase direction 1 :

Powell iter=16 Big Iter=9 -2*LL=2547.078271210316 gain=0.0491 0 sec. 3 sec.
#model=  1      +     age 
12   -5.1413863    0.0809985 
13  -16.8421452    0.1951289 
21    3.9380356   -0.0875750 
23  -11.2029353    0.1137688 
1.....2........3.........4.................5.........6........7...........8............Gaining to use new average direction of P0 P8 instead of biggest increase direction 8 :

Powell iter=17 Big Iter=9 -2*LL=2547.022819816169 gain=0.0555 0 sec. 3 sec.
#model=  1      +     age 
12   -5.1677183    0.0815586 
13  -17.1056094    0.1987727 
21    3.9462024   -0.0876951 
23  -11.2963485    0.1149408 
1......2.......3.........4.................5.........6........7.............................8............Gaining to use new average direction of P0 P8 instead of biggest increase direction 1 :

Powell iter=18 Big Iter=10 -2*LL=2546.756528061675 gain=0.266 0 sec. 3 sec.
#model=  1      +     age 
12   -5.2453566    0.0829829 
13  -18.1945972    0.2136130 
21    3.9028830   -0.0869322 
23  -11.6020048    0.1187866 
1......2......3.........4.................5.........6........7..........8..............Gaining to use new average direction of P0 P8 instead of biggest increase direction 8 :

Powell iter=19 Big Iter=10 -2*LL=2546.421076157407 gain=0.335 0 sec. 3 sec.
#model=  1      +     age 
12   -5.2016157    0.0822509 
13  -19.4609302    0.2303494 
21    3.7886207   -0.0850455 
23  -11.7608804    0.1208041 
1......2.......3.........4.................5.........6........7.........8..............Gaining to use new average direction of P0 P8 instead of biggest increase direction 1 :

Powell iter=20 Big Iter=11 -2*LL=2546.047004434969 gain=0.374 1 sec. 4 sec.
#model=  1      +     age 
12   -5.0465652    0.0792763 
13  -20.5906014    0.2442455 
21    3.6084169   -0.0822729 
23  -11.7080586    0.1201689 
1.......2.......3.........4.................5.........6........7.........8.......
Powell iter=21 Big Iter=11 -2*LL=2546.000863621138 gain=0.0461 0 sec. 4 sec.
#model=  1      +     age 
12   -4.9799335    0.0781061 
13  -20.4949194    0.2422545 
21    3.6116457   -0.0824134 
23  -11.5997871    0.1188074 
1............2........3.........4.................5.........6........7..................8................
Powell iter=22 Big Iter=12 -2*LL=2545.996936178750 gain=0.00393 0 sec. 4 sec.
#model=  1      +     age 
12   -4.9614291    0.0778070 
13  -20.5003127    0.2421500 
21    3.6118850   -0.0824315 
23  -11.5798066    0.1185580 
1.......2........3..........4.................5........6........7................8.............Gaining to use new average direction of P0 P8 instead of biggest increase direction 4 :

Powell iter=23 Big Iter=12 -2*LL=2545.978642462562 gain=0.0183 0 sec. 4 sec.
#model=  1      +     age 
12   -4.8916035    0.0768045 
13  -20.7004113    0.2443546 
21    3.6130784   -0.0824796 
23  -11.5713477    0.1184547 
1.......2.......3...........4.......5.........6.......7.............8......
Powell iter=24 Big Iter=13 -2*LL=2545.966853180605 gain=0.0118 0 sec. 4 sec.
#model=  1      +     age 
12   -4.8926311    0.0768706 
13  -20.7111729    0.2448703 
21    3.6107884   -0.0824339 
23  -11.5945310    0.1187424 
1........2.......3..........4.......5.........6.......7...............8.............Gaining to use new average direction of P0 P8 instead of biggest increase direction 2 :

Powell iter=25 Big Iter=13 -2*LL=2545.837583539073 gain=0.129 0 sec. 4 sec.
#model=  1      +     age 
12   -4.8770124    0.0768478 
13  -20.1283080    0.2390232 
21    3.6100101   -0.0823301 
23  -11.8134808    0.1214597 
1.......2......3.........4.......5.........6........7.........8.......
Powell iter=26 Big Iter=14 -2*LL=2545.680191757914 gain=0.157 0 sec. 4 sec.
#model=  1      +     age 
12   -4.8083211    0.0757501 
13  -19.6600164    0.2326195 
21    3.6068526   -0.0822906 
23  -11.8486015    0.1218931 
1.......2.......3.........4.......5.........6........7.........8...............Gaining to use new average direction of P0 P8 instead of biggest increase direction 8 :

Powell iter=27 Big Iter=14 -2*LL=2545.209438957463 gain=0.471 0 sec. 4 sec.
#model=  1      +     age 
12   -4.6124058    0.0722799 
13  -16.6172332    0.1920021 
21    3.5849905   -0.0819951 
23  -12.1574684    0.1257041 
1........2........3.........4........5.........6........7.........8.........directest= 0.402729983531 (if directest<0 or t<0 we include P0 Pn as new direction), t= -0.001703007953, f1= 2545.209438957463,f2= 2545.175637640502,f3= 2545.574664692395, del= 0.015049192662
f1-2f2+f3= 0.432828368855, f1-f2-del= 0.018752124299, f1-f3= -0.365225734932

Powell iter=28 Big Iter=15 -2*LL=2545.175637640502 gain=0.0338 0 sec. 4 sec.
#model=  1      +     age 
12   -4.6130415    0.0722236 
13  -16.8035824    0.1938673 
21    3.5826514   -0.0819756 
23  -12.2437455    0.1267622 
1........2.......3.........4........5.........6........7.........8...............Gaining to use new average direction of P0 P8 instead of biggest increase direction 2 :

Powell iter=29 Big Iter=15 -2*LL=2545.166483305817 gain=0.00915 0 sec. 4 sec.
#model=  1      +     age 
12   -4.6621370    0.0729244 
13  -16.7911583    0.1937917 
21    3.5840329   -0.0820062 
23  -12.2894146    0.1273240 
1........2.........3.............4........5.........6.........7.............8.................
Powell iter=30 Big Iter=16 -2*LL=2545.165613200416 gain=0.00087 0 sec. 4 sec.
#model=  1      +     age 
12   -4.6618843    0.0729310 
13  -16.7767094    0.1936088 
21    3.5845349   -0.0820137 
23  -12.3044479    0.1275108 
1........2.........3...............4........5...........6.........7............8..............Gaining to use new average direction of P0 P8 instead of biggest increase direction 1 :

Powell iter=31 Big Iter=16 -2*LL=2545.165065869561 gain=0.000547 0 sec. 4 sec.
#model=  1      +     age 
12   -4.6621985    0.0729546 
13  -16.7862467    0.1937492 
21    3.5854831   -0.0820286 
23  -12.3266495    0.1277861 
1..........2...............3............4.....................5............6...............7....................8..................directest= 0.000185182989 (if directest<0 or t<0 we include P0 Pn as new direction), t= -0.000000000000, f1= 2545.165065869561,f2= 2545.165065700851,f3= 2545.165250923126, del= 0.000000103998
f1-2f2+f3= 0.000185390985, f1-f2-del= 0.000000064712, f1-f3= -0.000185053565

Powell iter=32 Big Iter=17 -2*LL=2545.165065700851 gain=1.69e-007 0 sec. 4 sec.
#model=  1      +     age 
12   -4.6622278    0.0729551 
13  -16.7873885    0.1937635 
21    3.5854844   -0.0820290 
23  -12.3265563    0.1277849 
1...............2.................3......................4................5............................6.....................7.......................8.............................
Powell iter=33 Big Iter=17 -2*LL=2545.165065699918 gain=9.33e-010 1 sec. 5 sec.
#model=  1      +     age 
12   -4.6622146    0.0729549 
13  -16.7874595    0.1937644 
21    3.5854795   -0.0820289 
23  -12.3265453    0.1277848 
1..............................2...................................3.................................4...........................5...................6.......................7....................8..........................
Powell iter=34 Big Iter=18 -2*LL=2545.165065699905 gain=1.36e-011 0 sec. 5 sec.
#model=  1      +     age 
12   -4.6622122    0.0729548 
13  -16.7874567    0.1937644 
21    3.5854786   -0.0820289 
23  -12.3265453    0.1277848 
1...................................2..........................3...............................4............................5......................6........................7....................8..............................directest= 0.000000000005 (if directest<0 or t<0 we include P0 Pn as new direction), t= -0.000000000000, f1= 2545.165065699905,f2= 2545.165065699904,f3= 2545.165065699910, del= 0.000000000000
f1-2f2+f3= 0.000000000006, f1-f2-del= 0.000000000000, f1-f3= -0.000000000005

Powell iter=35 Big Iter=18 -2*LL=2545.165065699904 gain=4.55e-013 0 sec. 5 sec.
#model=  1      +     age 
12   -4.6622120    0.0729548 
13  -16.7874567    0.1937644 
21    3.5854786   -0.0820289 
23  -12.3265452    0.1277848 
1........................2..........................3........................4..........................5................6...........................7......................8............................directest= 0.000000000002 (if directest<0 or t<0 we include P0 Pn as new direction), t= -0.000000000000, f1= 2545.165065699904,f2= 2545.165065699902,f3= 2545.165065699906, del= 0.000000000002
f1-2f2+f3= 0.000000000007, f1-f2-del= 0.000000000000, f1-f3= -0.000000000002

Powell iter=36 Big Iter=19 -2*LL=2545.165065699902 gain=2.27e-012 0 sec. 5 sec.
#model=  1      +     age 
12   -4.6622120    0.0729548 
13  -16.7874561    0.1937644 
21    3.5854786   -0.0820289 
23  -12.3265452    0.1277848 
1........................................2.........................3...........................4..........................5................6...........................7......................8............................
#Number of iterations & function calls = 36 & 4629, -2 Log likelihood = 2545.165065699902
# Parameters nlstate*nlstate*ncov a12*1 + b12 * age + ...
#model=  1      +     age 
12   -4.6622120    0.0729548 
13  -16.7874561    0.1937644 
21    3.5854786   -0.0820289 
23  -12.3265452    0.1277848 

Calculation of the hessian matrix. Wait...
1-2-3-4-5-6-7-8-.1-2.1-3.1-4.1-5.1-6.1-7.1-8.2-3.2-4.2-5.2-6.2-7.2-8.3-4.3-5.3-6.3-7.3-8.4-5.4-6.4-7.4-8.5-6.5-7.5-8.6-7.6-8.7-8

Inverting the hessian to get the covariance matrix. Wait...

#Hessian matrix#
1.229221e+002 7.613275e+003 -2.618254e+000 -2.071951e+002 -3.311385e+000 -2.044502e+002 -1.577770e+000 -1.110978e+002 
7.613275e+003 4.795440e+005 -2.088063e+002 -1.646590e+004 -2.050404e+002 -1.283968e+004 -1.095139e+002 -7.927683e+003 
-2.618254e+000 -2.088063e+002 4.884594e+000 3.692841e+002 -6.343652e-001 -4.213505e+001 1.338975e+000 9.284444e+001 
-2.071951e+002 -1.646590e+004 3.692841e+002 2.816623e+004 -4.303013e+001 -2.899819e+003 9.284450e+001 6.593470e+003 
-3.311385e+000 -2.050404e+002 -6.343652e-001 -4.303013e+001 1.572448e+002 1.009756e+004 -4.692529e+000 -3.581052e+002 
-2.044502e+002 -1.283968e+004 -4.213505e+001 -2.899819e+003 1.009756e+004 6.613575e+005 -3.588064e+002 -2.773858e+004 
-1.577770e+000 -1.095139e+002 1.338975e+000 9.284450e+001 -4.692529e+000 -3.588064e+002 9.135573e+001 7.371185e+003 
-1.110978e+002 -7.927683e+003 9.284444e+001 6.593470e+003 -3.581052e+002 -2.773858e+004 7.371185e+003 5.994961e+005 
Parameters, Wald tests and Wald-based confidence intervals
 W is simply the result of the division of the parameter by the square root of covariance of the parameter.
 And Wald-based confidence intervals plus and minus 1.96 * W 
  It might be better to visualize the covariance matrix. See the page 'Matrix of variance-covariance of one-step probabilities' and its graphs.
12   -4.6622120(   0.7180362) W=  -6.493 CI=[  -6.0695630 ;   -3.2548611]    0.0729548(   0.0115438) W=   6.320 CI=[   0.0503289 ;    0.0955808] 
13  -16.7874561(   4.9947334) W=  -3.361 CI=[ -26.5771336 ;   -6.9977786]    0.1937644(   0.0657474) W=   2.947 CI=[   0.0648995 ;    0.3226292] 
21    3.5854786(   0.5711404) W=   6.278 CI=[   2.4660435 ;    4.7049138]   -0.0820289(   0.0088085) W=  -9.312 CI=[  -0.0992936 ;   -0.0647642] 
23  -12.3265452(   1.2188443) W= -10.113 CI=[ -14.7154801 ;   -9.9376103]    0.1277848(   0.0150231) W=   8.506 CI=[   0.0983394 ;    0.1572301] 
# Scales (for hessian or gradient estimation)
12 1.00000e-004 1.00000e-005
13 1.00000e-003 1.00000e-005
21 1.00000e-004 1.00000e-005
23 1.00000e-003 1.00000e-005
# Covariance matrix 
# 121 Var(a12)
# 122 Cov(b12,a12) Var(b12)
#   ...
# 232 Cov(b23,a12)  Cov(b23,b12) ... Var (b23)
#121 Var(a12)
#122 Cov(b12,a12) Var(b12)
#131 Cov(a13,a12) Cov(a13,b12) Var(a13)
#132 Cov(b13,a12) Cov(b13,b12) Cov(b13,a13) Var(b13)
#211 Cov(a21,a12) Cov(a21,b12) Cov(a21,a13) Cov(a21,b13) Var(a21)
#212 Cov(b21,a12) Cov(b21,b12) Cov(b21,a13) Cov(b21,b13) Cov(b21,a21) Var(b21)
#231 Cov(a23,a12) Cov(a23,b12) Cov(a23,a13) Cov(a23,b13) Cov(a23,a21) Cov(a23,b21) Var(a23)
#232 Cov(b23,a12) Cov(b23,b12) Cov(b23,a13) Cov(b23,b13) Cov(b23,a21) Cov(b23,b21) Cov(b23,a23) Var(b23)
121 5.1557599e-001
122 -8.22219e-003 1.3326007e-004
131 1.55317e-001 -2.86669e-003 2.4947362e+001
132 -3.05905e-003 5.51262e-005 -3.26921e-001 4.3227165e-003
211 8.76721e-003 -1.35189e-004 5.78213e-002 -7.81005e-004 3.2620134e-001
212 -1.37234e-004 2.16428e-006 -7.86089e-004 1.08180e-005 -4.98144e-003 7.7589849e-005
231 2.16723e-002 -3.05623e-004 -1.48718e+000 1.88552e-002 5.57528e-003 -5.55826e-005 1.4855815e+000
232 -2.71180e-004 3.85338e-006 1.80068e-002 -2.28553e-004 -1.04716e-004 1.30381e-006 -1.82425e-002 2.2569449e-004
# agemin agemax for life expectancy, bage fage (if mle==0 ie no data nor Max likelihood).
# Observed prevalence period
begin-prev-date=1/1/2013 end-prev-date=1/9/2018 mov_average=0
# Health expectancies computed from stable (period) prevalence (pop_based=0) or population based (1)
pop_based=0
# Prevalence forecasting and backcasting is skept here
##prevforecast=0  starting-proj-date=1/1/1989 final-proj-date=1/1/1990 mobil_average=0
#prevforecast=1 yearsfproj=10 mobil_average=0
#prevbackcast=1 yearsbproj=10 mobil_average=1
result:  .
End of resultlines.

Computing forward period (stable) prevalence: result on file 'PL_ITFchr.txt' 
#************
Computing pij: result on file 'PIJ_ITFchr.txt' 
Computing standard deviation of one-step probabilities: result on file 'PROB_rITFchr.txt' 
Computing matrix of variance covariance of one-step probabilities: result on file 'PROBCOV_ITFchr.txt' 
and correlation matrix of one-step probabilities: result on file 'PROBCOR_ITFchr.txt' 
50 13-12 mu 3.0282e-004 1.3297e-001 Var 2.8077e-007 2.5262e-004 cor -0.045 cov -3.7619e-007 Eig 2.526e-004 2.802e-007 1stv 0.001 -1.000 tan -670.772
55 13-12 mu 7.1363e-004 1.7128e-001 Var 1.0494e-006 1.8099e-004 cor -0.077 cov -1.0600e-006 Eig 1.810e-004 1.043e-006 1stv 0.006 -1.000 tan -169.768
60 13-12 mu 1.6306e-003 2.1392e-001 Var 3.3858e-006 1.3050e-004 cor -0.121 cov -2.5419e-006 Eig 1.306e-004 3.335e-006 1stv 0.020 -1.000 tan -50.029
65 13-12 mu 3.5993e-003 2.5810e-001 Var 9.0736e-006 1.5252e-004 cor -0.151 cov -5.6028e-006 Eig 1.527e-004 8.855e-006 1stv 0.039 -0.999 tan -25.641
70 13-12 mu 7.6542e-003 3.0002e-001 Var 2.0069e-005 2.4704e-004 cor -0.174 cov -1.2225e-005 Eig 2.477e-004 1.941e-005 1stv 0.054 -0.999 tan -18.620
75 13-12 mu 1.5644e-002 3.3517e-001 Var 4.8400e-005 3.6476e-004 cor -0.265 cov -3.5146e-005 Eig 3.686e-004 4.454e-005 1stv 0.109 -0.994 tan -9.111
80 13-12 mu 3.0619e-002 3.5856e-001 Var 2.3484e-004 5.3964e-004 cor -0.547 cov -1.9481e-004 Eig 6.346e-004 1.399e-004 1stv 0.438 -0.899 tan -2.052
85 13-12 mu 5.6983e-002 3.6474e-001 Var 1.4655e-003 1.4163e-003 cor -0.875 cov -1.2601e-003 Eig 2.701e-003 1.806e-004 1stv 0.714 -0.700 tan -0.981
90 13-12 mu 9.9601e-002 3.4847e-001 Var 6.8926e-003 5.6535e-003 cor -0.979 cov -6.1124e-003 Eig 1.242e-002 1.293e-004 1stv 0.742 -0.671 tan -0.904
50 21-12 mu 1.8659e-001 1.3297e-001 Var 3.0134e-004 2.5262e-004 cor 0.023 cov 6.2156e-006 Eig 3.021e-004 2.518e-004 1stv 0.992 0.125 tan 0.126
55 21-12 mu 1.4135e-001 1.7128e-001 Var 1.3312e-004 1.8099e-004 cor 0.023 cov 3.5604e-006 Eig 1.813e-004 1.329e-004 1stv 0.074 0.997 tan 13.520
60 21-12 mu 1.0329e-001 2.1392e-001 Var 5.2043e-005 1.3050e-004 cor 0.022 cov 1.8417e-006 Eig 1.305e-004 5.200e-005 1stv 0.023 1.000 tan 42.626
65 21-12 mu 7.3133e-002 2.5810e-001 Var 2.5060e-005 1.5252e-004 cor 0.020 cov 1.2164e-006 Eig 1.525e-004 2.505e-005 1stv 0.010 1.000 tan 104.793
70 21-12 mu 5.0327e-002 3.0002e-001 Var 1.8399e-005 2.4704e-004 cor 0.018 cov 1.1935e-006 Eig 2.470e-004 1.839e-005 1stv 0.005 1.000 tan 191.576
75 21-12 mu 3.3644e-002 3.3517e-001 Var 1.5154e-005 3.6476e-004 cor 0.016 cov 1.2114e-006 Eig 3.648e-004 1.515e-005 1stv 0.003 1.000 tan 288.610
80 21-12 mu 2.1720e-002 3.5856e-001 Var 1.1068e-005 5.3964e-004 cor 0.011 cov 8.7691e-007 Eig 5.396e-004 1.107e-005 1stv 0.002 1.000 tan 602.768
85 21-12 mu 1.3365e-002 3.6474e-001 Var 6.7605e-006 1.4163e-003 cor -0.006 cov -5.4483e-007 Eig 1.416e-003 6.760e-006 1stv 0.000 -1.000 tan -2587.070
90 21-12 mu 7.6819e-003 3.4847e-001 Var 3.4193e-006 5.6535e-003 cor -0.032 cov -4.4670e-006 Eig 5.654e-003 3.416e-006 1stv 0.001 -1.000 tan -1264.854
50 23-12 mu 8.2495e-004 1.3297e-001 Var 1.5468e-007 2.5262e-004 cor 0.031 cov 1.9593e-007 Eig 2.526e-004 1.545e-007 1stv 0.001 1.000 tan 1288.562
55 23-12 mu 1.7842e-003 1.7128e-001 Var 5.1291e-007 1.8099e-004 cor 0.038 cov 3.6866e-007 Eig 1.810e-004 5.122e-007 1stv 0.002 1.000 tan 489.557
60 23-12 mu 3.7222e-003 2.1392e-001 Var 1.4884e-006 1.3050e-004 cor 0.047 cov 6.5799e-007 Eig 1.305e-004 1.485e-006 1stv 0.005 1.000 tan 196.079
65 23-12 mu 7.5244e-003 2.5810e-001 Var 3.7109e-006 1.5252e-004 cor 0.050 cov 1.1835e-006 Eig 1.525e-004 3.701e-006 1stv 0.008 1.000 tan 125.742
70 23-12 mu 1.4783e-002 3.0002e-001 Var 7.7134e-006 2.4704e-004 cor 0.046 cov 2.0216e-006 Eig 2.471e-004 7.696e-006 1stv 0.008 1.000 tan 118.392
75 23-12 mu 2.8215e-002 3.3517e-001 Var 1.3248e-005 3.6476e-004 cor 0.035 cov 2.4441e-006 Eig 3.648e-004 1.323e-005 1stv 0.007 1.000 tan 143.826
80 23-12 mu 5.2004e-002 3.5856e-001 Var 2.4278e-005 5.3964e-004 cor 0.015 cov 1.7682e-006 Eig 5.396e-004 2.427e-005 1stv 0.003 1.000 tan 291.471
85 23-12 mu 9.1355e-002 3.6474e-001 Var 8.3364e-005 1.4163e-003 cor 0.057 cov 1.9695e-005 Eig 1.417e-003 8.307e-005 1stv 0.015 1.000 tan 67.694
90 23-12 mu 1.4992e-001 3.4847e-001 Var 3.3067e-004 5.6535e-003 cor 0.119 cov 1.6316e-004 Eig 5.659e-003 3.257e-004 1stv 0.031 1.000 tan 32.655
50 21-13 mu 1.8659e-001 3.0282e-004 Var 3.0134e-004 2.8077e-007 cor 0.027 cov 2.4537e-007 Eig 3.013e-004 2.806e-007 1stv 1.000 0.001 tan 0.001
55 21-13 mu 1.4135e-001 7.1363e-004 Var 1.3312e-004 1.0494e-006 cor 0.031 cov 3.6101e-007 Eig 1.331e-004 1.048e-006 1stv 1.000 0.003 tan 0.003
60 21-13 mu 1.0329e-001 1.6306e-003 Var 5.2043e-005 3.3858e-006 cor 0.036 cov 4.7609e-007 Eig 5.205e-005 3.381e-006 1stv 1.000 0.010 tan 0.010
65 21-13 mu 7.3133e-002 3.5993e-003 Var 2.5060e-005 9.0736e-006 cor 0.038 cov 5.7233e-007 Eig 2.508e-005 9.053e-006 1stv 0.999 0.036 tan 0.036
70 21-13 mu 5.0327e-002 7.6542e-003 Var 1.8399e-005 2.0069e-005 cor 0.033 cov 6.2469e-007 Eig 2.028e-005 1.819e-005 1stv 0.316 0.949 tan 3.005
75 21-13 mu 3.3644e-002 1.5644e-002 Var 1.5154e-005 4.8400e-005 cor 0.023 cov 6.1043e-007 Eig 4.841e-005 1.514e-005 1stv 0.018 1.000 tan 54.481
80 21-13 mu 2.1720e-002 3.0619e-002 Var 1.1068e-005 2.3484e-004 cor 0.014 cov 7.0368e-007 Eig 2.348e-004 1.107e-005 1stv 0.003 1.000 tan 318.005
85 21-13 mu 1.3365e-002 5.6983e-002 Var 6.7605e-006 1.4655e-003 cor 0.018 cov 1.8400e-006 Eig 1.465e-003 6.758e-006 1stv 0.001 1.000 tan 792.788
90 21-13 mu 7.6819e-003 9.9601e-002 Var 3.4193e-006 6.8926e-003 cor 0.037 cov 5.7154e-006 Eig 6.893e-003 3.415e-006 1stv 0.001 1.000 tan 1205.360
50 23-13 mu 8.2495e-004 3.0282e-004 Var 1.5468e-007 2.8077e-007 cor -0.261 cov -5.4459e-008 Eig 3.010e-007 1.344e-007 1stv 0.349 -0.937 tan -2.688
55 23-13 mu 1.7842e-003 7.1363e-004 Var 5.1291e-007 1.0494e-006 cor -0.264 cov -1.9370e-007 Eig 1.112e-006 4.503e-007 1stv 0.308 -0.952 tan -3.093
60 23-13 mu 3.7222e-003 1.6306e-003 Var 1.4884e-006 3.3858e-006 cor -0.265 cov -5.9566e-007 Eig 3.557e-006 1.317e-006 1stv 0.277 -0.961 tan -3.473
65 23-13 mu 7.5244e-003 3.5993e-003 Var 3.7109e-006 9.0736e-006 cor -0.261 cov -1.5163e-006 Eig 9.473e-006 3.312e-006 1stv 0.254 -0.967 tan -3.800
70 23-13 mu 1.4783e-002 7.6542e-003 Var 7.7134e-006 2.0069e-005 cor -0.234 cov -2.9143e-006 Eig 2.072e-005 7.060e-006 1stv 0.219 -0.976 tan -4.464
75 23-13 mu 2.8215e-002 1.5644e-002 Var 1.3248e-005 4.8400e-005 cor -0.131 cov -3.3298e-006 Eig 4.871e-005 1.294e-005 1stv 0.093 -0.996 tan -10.651
80 23-13 mu 5.2004e-002 3.0619e-002 Var 2.4278e-005 2.3484e-004 cor -0.020 cov -1.5420e-006 Eig 2.348e-004 2.427e-005 1stv 0.007 -1.000 tan -136.559
85 23-13 mu 9.1355e-002 5.6983e-002 Var 8.3364e-005 1.4655e-003 cor -0.061 cov -2.1327e-005 Eig 1.466e-003 8.304e-005 1stv 0.015 -1.000 tan -64.821
90 23-13 mu 1.4992e-001 9.9601e-002 Var 3.3067e-004 6.8926e-003 cor -0.121 cov -1.8238e-004 Eig 6.898e-003 3.256e-004 1stv 0.028 -1.000 tan -36.007
50 23-21 mu 8.2495e-004 1.8659e-001 Var 1.5468e-007 3.0134e-004 cor -0.113 cov -7.7142e-007 Eig 3.013e-004 1.527e-007 1stv 0.003 -1.000 tan -390.433
55 23-21 mu 1.7842e-003 1.4135e-001 Var 5.1291e-007 1.3312e-004 cor -0.082 cov -6.8044e-007 Eig 1.331e-004 5.094e-007 1stv 0.005 -1.000 tan -194.883
60 23-21 mu 3.7222e-003 1.0329e-001 Var 1.4884e-006 5.2043e-005 cor -0.068 cov -6.0055e-007 Eig 5.205e-005 1.481e-006 1stv 0.012 -1.000 tan -84.192
65 23-21 mu 7.5244e-003 7.3133e-002 Var 3.7109e-006 2.5060e-005 cor -0.071 cov -6.8515e-007 Eig 2.508e-005 3.689e-006 1stv 0.032 -0.999 tan -31.192
70 23-21 mu 1.4783e-002 5.0327e-002 Var 7.7134e-006 1.8399e-005 cor -0.077 cov -9.2257e-007 Eig 1.848e-005 7.634e-006 1stv 0.085 -0.996 tan -11.668
75 23-21 mu 2.8215e-002 3.3644e-002 Var 1.3248e-005 1.5154e-005 cor -0.079 cov -1.1223e-006 Eig 1.567e-005 1.273e-005 1stv 0.420 -0.908 tan -2.161
80 23-21 mu 5.2004e-002 2.1720e-002 Var 2.4278e-005 1.1068e-005 cor -0.081 cov -1.3239e-006 Eig 2.441e-005 1.094e-005 1stv 0.995 -0.099 tan -0.099
85 23-21 mu 9.1355e-002 1.3365e-002 Var 8.3364e-005 6.7605e-006 cor -0.112 cov -2.6650e-006 Eig 8.346e-005 6.668e-006 1stv 0.999 -0.035 tan -0.035
90 23-21 mu 1.4992e-001 7.6819e-003 Var 3.3067e-004 3.4193e-006 cor -0.206 cov -6.9118e-006 Eig 3.308e-004 3.273e-006 1stv 1.000 -0.021 tan -0.021
Prevalence combination of varying and fixed dummies 1
Warning Observed prevalence doesn't sum to 1 for state 2: probs[50][2][1]=0.000000 because of lack of cases.
Computing Health Expectancies: result on file 'E_ITFchr.txt' ...50|51|52|53|54|55|56|57|58|59|60|61|62|63|64|65|66|67|68|69|70|71|72|73|74|75|76|77|78|79|80|81|82|83|84|85|86|87|88|89|90|
done evsij
Computing Total Life expectancies with their standard errors: file 'T_ITFchr.txt' ...
  Computing State-specific Expectancies and standard errors: result on file 'STDE_ITFchr.txt' 
    Computing Covar. of State-specific Expectancies: result on file 'CVE_ITFchr.txt' 
      Computing Variance-covariance of State-specific Expectancies: file 'V_ITFchr.txt' ... 
# model  
#****** Result for:******
 cvevsij 50|51|52|53|54|55|56|57|58|59|60|61|62|63|64|65|66|67|68|69|70|71|72|73|74|75|76|77|78|79|80|81|82|83|84|85|86|87|88|89|90|
 end cvevsij 
 varevsij vpopbased=0 
Computing total mortality p.j=w1*p1j+w2*p2j+..: result on file 'PRMORPREV-1-STABLBASED_ITFchr.txt' 
Computing age specific forward period (stable) prevalences in each health state 
done selection
done State-specific expectancies
Computing Variance-covariance of forward period (stable) prevalence: file 'VPL_ITFchr.txt' ...
#****** ******
done variance-covariance of forward period prevalence
End of Imach with 0 errors and/or warnings 1. Please look at the log file for details.
Local time at start Tue Feb 04 22:21:37 2025

Local time at end   Tue Feb 04 22:21:43 2025

Total time used 0 day(s) 0 hour(s) 0 minute(s) 6 second(s)
Total time was 6 Sec.
