Log filename:ITFgali.log
Version 0.99r45 $Revision: 1.353 $ $Date: 2023/05/08 18:48:22 $
Enter the parameter file name: 
pathimach=C:\PROGRA~1\IMACH-~2.99R\bin\
pathtot=C:\Users\mmusz\Dropbox\gender_paradox\data\IMACHnew\ITFgali.txt
 path=C:\Users\mmusz\Dropbox\gender_paradox\data\IMACHnew\ 
 optionfile=ITFgali.txt
 optionfilext=txt
 optionfilefiname='ITFgali'
Compiled with: Microsoft Visual Studio for Windows (x64 and x86)  64-bit
The programm is not running under WOW64 (i.e probably on a 64bit Windows).
Local time (at start): Tue Feb 04 20:24:32 2025
title=gali datafile=dataITFgali.txt lastobs=5000 firstpass=1 lastpass=2
ftol=1.000000e-018 stepm=6 ncovcol=0 nqv=0 ntv=0 nqtv=0 nlstate=2 ndeath=1 maxwav=2 mle=1 weight=1
model=1+age+
12 -7.047311 0.061989
13 -23.915108 0.249901
21 1.282945 -0.036157
23 -5.436660 0.044619
# Scales (for hessian or gradient estimation)
12 0.000000e+000 0.000000e+000
13 0.000000e+000 0.000000e+000
21 0.000000e+000 0.000000e+000
23 0.000000e+000 0.000000e+000
# Covariance matrix
121 0.00000e+000
122 0.00000e+000 0.00000e+000
131 0.00000e+000 0.00000e+000 0.00000e+000
132 0.00000e+000 0.00000e+000 0.00000e+000 0.00000e+000
211 0.00000e+000 0.00000e+000 0.00000e+000 0.00000e+000 0.00000e+000
212 0.00000e+000 0.00000e+000 0.00000e+000 0.00000e+000 0.00000e+000 0.00000e+000
231 0.00000e+000 0.00000e+000 0.00000e+000 0.00000e+000 0.00000e+000 0.00000e+000 0.00000e+000
232 0.00000e+000 0.00000e+000 0.00000e+000 0.00000e+000 0.00000e+000 0.00000e+000 0.00000e+000 0.00000e+000

Model=1+age+
Typevar: 0 for simple covariate (dummy, quantitative, fixed or varying), 1 for age product, 2 for  product, 3 for double product with age  
Fixed[k] 0=fixed (product or simple), 1 varying, 2 fixed with age product, 3 varying with age product 
Dummy[k] 0=dummy (0 1), 1 quantitative (single or product without age), 2 dummy with age product, 3 quant with age product
ncoveff=0, nqfveff=0, ntveff=0, nqtveff=0, cptcovn=0
ncovf=0, ncovv=0, ncova=0, nsd=0, nsq=0
Warning: The value of parameter lastobs=5000 is big compared to the 
  effective number of cases imx=2209, please adjust, 
  otherwise you are allocating more memory than necessary.
Total number of individuals= 2209, Agemin = 51.08, Agemax= 93.67

Information, you have to check 0 informations which haven't been logged!
Delay (in months) between two waves Min=2 (for indiviudal 2133) Max=32 (1786) Mean=24.361702

 Age 51 1.=1 loss[1]=0.0% 2.=0 loss[2]=0.0% 1.=1 prev[1]=79.5% 2.=0 prev[2]=20.5% 11=1 12=0 21=0 22=0
Age 52 1.=3 loss[1]=0.0% 2.=0 loss[2]=0.0% 1.=3 prev[1]=94.3% 2.=0 prev[2]=5.7% 11=3 12=0 13=0 21=0 22=0
Age 53 1.=4 loss[1]=0.0% 2.=0 loss[2]=0.0% 1.=4 prev[1]=92.6% 2.=0 prev[2]=7.4% 11=3 12=0 13=0 21=0 22=0
Age 54 1.=2 loss[1]=0.0% 2.=0 loss[2]=0.0% 1.=2 prev[1]=92.5% 2.=0 prev[2]=7.5% 11=2 12=0 22=0
Age 55 1.=2 loss[1]=0.0% 2.=0 loss[2]=0.0% 1.=2 prev[1]=94.9% 2.=0 prev[2]=5.1% 11=2 21=0 22=0
Age 56 1.=2 loss[1]=0.0% 2.=0 loss[2]=0.0% 1.=2 prev[1]=95.8% 2.=0 prev[2]=4.2% 11=2 12=0 21=0 22=0
Age 57 1.=3 loss[1]=0.0% 2.=0 loss[2]=0.0% 1.=3 prev[1]=89.0% 2.=0 prev[2]=11.0% 11=3 12=0 13=0 21=0 22=0
Age 58 1.=2 loss[1]=0.0% 2.=0 loss[2]=0.0% 1.=2 prev[1]=92.1% 2.=0 prev[2]=7.9% 11=2 12=0 21=0 22=0
Age 59 1.=2 loss[1]=0.0% 2.=0 loss[2]=0.0% 1.=2 prev[1]=94.5% 2.=0 prev[2]=5.5% 11=1 12=0 13=0 21=0 22=0 23=0
Age 60 1.=2 loss[1]=0.0% 2.=0 loss[2]=0.0% 1.=2 prev[1]=81.8% 2.=0 prev[2]=18.2% 11=2 12=0 13=0 21=0 22=0 23=0
Age 61 1.=2 loss[1]=0.0% 2.=0 loss[2]=0.0% 1.=2 prev[1]=90.6% 2.=0 prev[2]=9.4% 11=2 12=0 21=0 22=0 23=0
Age 62 1.=2 loss[1]=0.0% 2.=0 loss[2]=0.0% 1.=2 prev[1]=88.1% 2.=0 prev[2]=11.9% 11=2 12=0 13=0 21=0 22=0 23=0
Age 63 1.=2 loss[1]=0.0% 2.=0 loss[2]=0.0% 1.=2 prev[1]=93.9% 2.=0 prev[2]=6.1% 11=2 12=0 21=0 22=0 23=0
Age 64 1.=2 loss[1]=0.0% 2.=0 loss[2]=0.0% 1.=2 prev[1]=91.2% 2.=0 prev[2]=8.8% 11=2 12=0 13=0 21=0 22=0
Age 65 1.=2 loss[1]=0.0% 2.=0 loss[2]=0.0% 1.=2 prev[1]=88.6% 2.=0 prev[2]=11.4% 11=2 12=0 13=0 21=0 22=0
Age 66 1.=3 loss[1]=0.0% 2.=0 loss[2]=0.0% 1.=3 prev[1]=92.7% 2.=0 prev[2]=7.3% 11=2 12=0 13=0 21=0 22=0 23=0
Age 67 1.=3 loss[1]=0.0% 2.=0 loss[2]=0.0% 1.=3 prev[1]=91.5% 2.=0 prev[2]=8.5% 11=3 12=0 21=0 22=0
Age 68 1.=2 loss[1]=0.0% 2.=0 loss[2]=0.0% 1.=2 prev[1]=85.1% 2.=0 prev[2]=14.9% 11=2 12=0 13=0 21=0 22=0 23=0
Age 69 1.=2 loss[1]=0.0% 2.=0 loss[2]=0.0% 1.=2 prev[1]=80.5% 2.=0 prev[2]=19.5% 11=1 12=0 21=0 22=0 23=0
Age 70 1.=2 loss[1]=0.0% 2.=0 loss[2]=0.0% 1.=2 prev[1]=87.5% 2.=0 prev[2]=12.5% 11=2 12=0 21=0 22=0
Age 71 1.=2 loss[1]=0.0% 2.=0 loss[2]=0.0% 1.=2 prev[1]=87.4% 2.=0 prev[2]=12.6% 11=1 12=0 13=0 21=0 22=0
Age 72 1.=2 loss[1]=0.0% 2.=0 loss[2]=0.0% 1.=2 prev[1]=89.9% 2.=0 prev[2]=10.1% 11=2 12=0 13=0 21=0 22=0
Age 73 1.=2 loss[1]=0.0% 2.=0 loss[2]=0.0% 1.=2 prev[1]=90.5% 2.=0 prev[2]=9.5% 11=2 12=0 13=0 21=0 22=0
Age 74 1.=2 loss[1]=0.0% 2.=0 loss[2]=0.0% 1.=2 prev[1]=82.2% 2.=0 prev[2]=17.8% 11=2 12=0 13=0 21=0 22=0 23=0
Age 75 1.=1 loss[1]=0.0% 2.=0 loss[2]=0.0% 1.=1 prev[1]=85.2% 2.=0 prev[2]=14.8% 11=1 12=0 21=0 22=0 23=0
Age 76 1.=2 loss[1]=0.0% 2.=0 loss[2]=0.0% 1.=2 prev[1]=86.4% 2.=0 prev[2]=13.6% 11=1 12=0 13=0 21=0 22=0 23=0
Age 77 1.=2 loss[1]=0.0% 2.=0 loss[2]=0.0% 1.=2 prev[1]=82.7% 2.=0 prev[2]=17.3% 11=1 12=0 13=0 21=0 22=0
Age 78 1.=1 loss[1]=0.0% 2.=1 loss[2]=0.0% 1.=1 prev[1]=71.8% 2.=1 prev[2]=28.2% 11=1 12=0 13=0 21=0 22=0 23=0
Age 79 1.=1 loss[1]=0.0% 2.=0 loss[2]=0.0% 1.=1 prev[1]=76.4% 2.=0 prev[2]=23.6% 11=1 12=0 13=0 21=0 22=0 23=0
Age 80 1.=1 loss[1]=0.0% 2.=1 loss[2]=0.0% 1.=1 prev[1]=66.0% 2.=1 prev[2]=34.0% 11=1 12=0 13=0 21=0 22=0 23=0
Age 81 1.=1 loss[1]=0.0% 2.=1 loss[2]=0.0% 1.=1 prev[1]=71.4% 2.=1 prev[2]=28.6% 11=1 12=0 21=0 22=0 23=0
Age 82 1.=1 loss[1]=0.0% 2.=1 loss[2]=0.0% 1.=1 prev[1]=57.3% 2.=1 prev[2]=42.7% 11=1 12=0 21=0 22=0 23=0
Age 83 1.=1 loss[1]=0.0% 2.=1 loss[2]=0.0% 1.=1 prev[1]=49.4% 2.=1 prev[2]=50.6% 11=1 12=0 13=0 21=0 22=0 23=0
Age 84 1.=1 loss[1]=0.0% 2.=0 loss[2]=0.0% 1.=1 prev[1]=75.4% 2.=0 prev[2]=24.6% 11=0 12=0 13=0 21=0 22=0 23=0
Age 85 1.=1 loss[1]=0.0% 2.=1 loss[2]=0.0% 1.=1 prev[1]=47.3% 2.=1 prev[2]=52.7% 11=0 12=0 13=0 21=0 22=0 23=0
Age 86 1.=1 loss[1]=0.0% 2.=1 loss[2]=0.0% 1.=1 prev[1]=58.8% 2.=1 prev[2]=41.2% 11=1 12=0 13=0 21=0 22=0 23=0
Age 87 1.=0 loss[1]=0.0% 2.=1 loss[2]=0.0% 1.=0 prev[1]=46.8% 2.=1 prev[2]=53.2% 11=0 12=0 13=0 22=0 23=0
Age 88 1.=1 loss[1]=0.0% 2.=0 loss[2]=0.0% 1.=1 prev[1]=54.4% 2.=0 prev[2]=45.6% 11=0 12=0 13=0 21=0 22=0 23=0
Age 89 1.=0 loss[1]=0.0% 2.=0 loss[2]=0.0% 1.=0 prev[1]=35.2% 2.=0 prev[2]=64.8% 11=0 12=0 22=0 23=0
Age 90 1.=0 loss[1]=0.0% 2.=0 loss[2]=0.0% 1.=0 prev[1]=31.1% 2.=0 prev[2]=68.9% 13=0 21=0 22=0 23=0
Age 91 1.=0 loss[1]=NaNQ% 2.=0 loss[2]=0.0% 1.=0 prev[1]=0.0% 2.=0 prev[2]=100.0% 22=0 23=0
Age 92 1.=0 loss[1]=NaNQ% 2.=0 loss[2]=NaNQ% 1.=0 prev[1]=NaNQ% 2.=0 prev[2]=NaNQ%
Age 93 1.=0 loss[1]=NaNQ% 2.=0 loss[2]=NaNQ% 1.=0 prev[1]=NaNQ% 2.=0 prev[2]=NaNQ%
1 1.=0 loss[1]=NaNQ% 2.=0 loss[2]=NaNQ% 1.=0 prev[1]=NaNQ% 2.=0 prev[2]=NaNQ%
0 1.=0 loss[1]=NaNQ% 2.=0 loss[2]=NaNQ% 1.=0 prev[1]=NaNQ% 2.=0 prev[2]=NaNQ%
Total 1.=66 loss[1]=0.0% 2.=14 loss[2]=0.0% 1.=66 prev[1]=82.7% 2.=14 prev[2]=17.3% 11=58 12=6 13=2 21=4 22=7 23=3


12   -7.0473108 ln(6/58)=   -2.1931389 
13  -23.9151077 ln(2/58)=   -3.5320457 
21    1.2829452 ln(4/7)=   -0.5804647 
23   -5.4366597 ln(3/7)=   -1.0555641 

 -1-1=0 -10=0 -11=0 -12=0 -13=0 0-1=0 00=0 01=0 02=0 03=0 1-1=0 10=0 11=58 12=6 13=2 2-1=0 20=0 21=4 22=7 23=3 3-1=0 30=0 31=0 32=0 33=0
Powell

Powell iter=1 Big Iter=1 -2*LL=2675.790873874768 gain=0 0 sec. 0 sec.
#model=  1      +     age 
12   -7.0473108    0.0619887 
13  -23.9151077    0.2499014 
21    1.2829452   -0.0361572 
23   -5.4366597    0.0446186 
1.........2..............3........4...................5........6...............7........8..................
Powell iter=2 Big Iter=2 -2*LL=2508.811860905039 gain=167 0 sec. 0 sec.
#model=  1      +     age 
12   -7.5025991    0.0619758 
13  -25.1052486    0.2500425 
21    0.7039456   -0.0359826 
23   -6.2202415    0.0446412 

Considering the time needed for this last iteration #2: 0 seconds,
   - if your program needs 1 BIG iterations  (2 iterations) to converge, convergence will be 
   reached in 0 day(s) 0 hour(s) 0 minute(s) 0 second(s) i.e.
   on Tue Feb 04 20:24:32 2025 (current time is Tue Feb 04 20:24:32 2025);
   - if your program needs 11 BIG iterations  (22 iterations) to converge, convergence will be 
   reached in 0 day(s) 0 hour(s) 0 minute(s) 0 second(s) i.e.
   on Tue Feb 04 20:24:32 2025 (current time is Tue Feb 04 20:24:32 2025);
   - if your program needs 21 BIG iterations  (42 iterations) to converge, convergence will be 
   reached in 0 day(s) 0 hour(s) 0 minute(s) 0 second(s) i.e.
   on Tue Feb 04 20:24:32 2025 (current time is Tue Feb 04 20:24:32 2025);
   - if your program needs 31 BIG iterations  (62 iterations) to converge, convergence will be 
   reached in 0 day(s) 0 hour(s) 0 minute(s) 0 second(s) i.e.
   on Tue Feb 04 20:24:32 2025 (current time is Tue Feb 04 20:24:32 2025);
1.........2...........3..........4...................5.........6..............7.........8.........................
Powell iter=3 Big Iter=2 -2*LL=2499.187006187214 gain=9.62 1 sec. 1 sec.
#model=  1      +     age 
12   -7.6657521    0.0619414 
13  -24.7794197    0.2501118 
21    0.5451057   -0.0358623 
23   -6.2846659    0.0446409 

Considering the time needed for this last iteration #3: 1 seconds,
   - if your program needs 1 BIG iterations  (2 iterations) to converge, convergence will be 
   reached in 0 day(s) 0 hour(s) 0 minute(s) -1 second(s) i.e.
   on Tue Feb 04 20:24:32 2025 (current time is Tue Feb 04 20:24:33 2025);
   - if your program needs 11 BIG iterations  (22 iterations) to converge, convergence will be 
   reached in 0 day(s) 0 hour(s) 0 minute(s) 19 second(s) i.e.
   on Tue Feb 04 20:24:52 2025 (current time is Tue Feb 04 20:24:33 2025);
   - if your program needs 21 BIG iterations  (42 iterations) to converge, convergence will be 
   reached in 0 day(s) 0 hour(s) 0 minute(s) 39 second(s) i.e.
   on Tue Feb 04 20:25:12 2025 (current time is Tue Feb 04 20:24:33 2025);
   - if your program needs 31 BIG iterations  (62 iterations) to converge, convergence will be 
   reached in 0 day(s) 0 hour(s) 0 minute(s) 59 second(s) i.e.
   on Tue Feb 04 20:25:32 2025 (current time is Tue Feb 04 20:24:33 2025);
1.........2............3.............4...................5.........6..............7.........8..........................
Powell iter=4 Big Iter=3 -2*LL=2498.768411915076 gain=0.419 1 sec. 2 sec.
#model=  1      +     age 
12   -7.7086265    0.0618945 
13  -24.7805390    0.2501649 
21    0.5163548   -0.0357478 
23   -6.2890397    0.0446397 
1.........2............3..........4..................5.........6..............7............8.........................Gaining to use new average direction of P0 P8 instead of biggest increase direction 5 :

Powell iter=5 Big Iter=3 -2*LL=2498.731664755985 gain=0.0367 0 sec. 2 sec.
#model=  1      +     age 
12   -7.7119490    0.0617461 
13  -24.7995094    0.2503336 
21    0.4837836   -0.0353865 
23   -6.2894805    0.0446359 
1.........2............3..........4..................5...........................6..............7.........8............Gaining to use new average direction of P0 P8 instead of biggest increase direction 1 :

Powell iter=6 Big Iter=4 -2*LL=2498.671332542401 gain=0.0603 1 sec. 3 sec.
#model=  1      +     age 
12   -7.6939444    0.0613866 
13  -24.8365097    0.2507519 
21    0.4232125   -0.0346071 
23   -6.2898316    0.0446306 
1.....2............3..........4..................5....................6..............7...........8............Gaining to use new average direction of P0 P8 instead of biggest increase direction 8 :

Powell iter=7 Big Iter=4 -2*LL=2498.551818922127 gain=0.12 0 sec. 3 sec.
#model=  1      +     age 
12   -7.6511647    0.0607550 
13  -24.9274960    0.2518748 
21    0.2772602   -0.0326303 
23   -6.2902061    0.0446151 
1......2............3..........4..................5..................6..............7...................8......
Powell iter=8 Big Iter=5 -2*LL=2498.447686629179 gain=0.104 1 sec. 4 sec.
#model=  1      +     age 
12   -7.6205489    0.0605522 
13  -24.9639530    0.2524241 
21    0.2232066   -0.0317994 
23   -6.2898159    0.0446024 
1......2............3..........4..................5..................6..............7............8.............Gaining to use new average direction of P0 P8 instead of biggest increase direction 1 :

Powell iter=9 Big Iter=5 -2*LL=2498.433783450811 gain=0.0139 0 sec. 4 sec.
#model=  1      +     age 
12   -7.6045178    0.0604434 
13  -24.9867225    0.2527654 
21    0.1953582   -0.0313756 
23   -6.2894537    0.0445905 
1...................2............3..........4..................5.....................6..............7...........8......
Powell iter=10 Big Iter=6 -2*LL=2498.432799265102 gain=0.000984 1 sec. 5 sec.
#model=  1      +     age 
12   -7.6036484    0.0604298 
13  -24.9926066    0.2528366 
21    0.1938455   -0.0313561 
23   -6.2892802    0.0445878 
1............2............3..........4..................5.....................6.......................7...........8............Gaining to use new average direction of P0 P8 instead of biggest increase direction 3 :

Powell iter=11 Big Iter=6 -2*LL=2498.272887288176 gain=0.16 0 sec. 5 sec.
#model=  1      +     age 
12   -7.4747378    0.0586908 
13  -26.5419982    0.2711287 
21    0.2589748   -0.0322201 
23   -6.2314964    0.0438933 
1........2............3......4..................5..................6..............7..........8.........directest= 0.159588631647 (if directest<0 or t<0 we include P0 Pn as new direction), t= -0.000019689459, f1= 2498.272887288176,f2= 2498.271079588819,f3= 2498.430472326640, del= 0.000805902765
f1-2f2+f3= 0.161200437178, f1-f2-del= 0.001001796591, f1-f3= -0.157585038464

Powell iter=12 Big Iter=7 -2*LL=2498.271079588819 gain=0.00181 0 sec. 5 sec.
#model=  1      +     age 
12   -7.4781188    0.0587429 
13  -26.5541071    0.2711872 
21    0.2744671   -0.0324294 
23   -6.2298806    0.0438793 
1................2............3......4.............................5..................6..............7..........8..............Gaining to use new average direction of P0 P8 instead of biggest increase direction 2 :

Powell iter=13 Big Iter=7 -2*LL=2498.269746504829 gain=0.00133 1 sec. 6 sec.
#model=  1      +     age 
12   -7.4801721    0.0588078 
13  -26.5733855    0.2713944 
21    0.2798706   -0.0324892 
23   -6.2258970    0.0438354 
1.......2........3......4..................5..................6..............7..........8............Gaining to use new average direction of P0 P8 instead of biggest increase direction 8 :

Powell iter=14 Big Iter=8 -2*LL=2498.266321664778 gain=0.00342 0 sec. 6 sec.
#model=  1      +     age 
12   -7.4840009    0.0588978 
13  -26.6272241    0.2720114 
21    0.2736532   -0.0323890 
23   -6.2137666    0.0436891 
1........2........3.....4..................5..................6.................7..........8...........Gaining to use new average direction of P0 P8 instead of biggest increase direction 8 :

Powell iter=15 Big Iter=8 -2*LL=2498.252682746683 gain=0.0136 0 sec. 6 sec.
#model=  1      +     age 
12   -7.5091036    0.0592897 
13  -26.8429566    0.2745355 
21    0.2444229   -0.0319650 
23   -6.1613110    0.0430431 
1........2........3......4...................5..................6................7.............8......
Powell iter=16 Big Iter=9 -2*LL=2498.237905764644 gain=0.0148 1 sec. 7 sec.
#model=  1      +     age 
12   -7.5313021    0.0595337 
13  -26.9437132    0.2757572 
21    0.2315068   -0.0318056 
23   -6.1326440    0.0426798 
1........2..........3.....4..................5...................6..............................7...........8.............Gaining to use new average direction of P0 P8 instead of biggest increase direction 3 :

Powell iter=17 Big Iter=9 -2*LL=2498.234006789349 gain=0.0039 0 sec. 7 sec.
#model=  1      +     age 
12   -7.5518626    0.0597665 
13  -27.0223799    0.2767161 
21    0.2246928   -0.0317254 
23   -6.1089289    0.0423782 
1...................2...........3..........................4..................5..................6..................7..............8............directest= 0.000787705490 (if directest<0 or t<0 we include P0 Pn as new direction), t= -0.000000000011, f1= 2498.234006789349,f2= 2498.233965554482,f3= 2498.234754338888, del= 0.000021156892
f1-2f2+f3= 0.000830019274, f1-f2-del= 0.000020077976, f1-f3= -0.000747549539

Powell iter=18 Big Iter=10 -2*LL=2498.233965554482 gain=4.12e-005 2 sec. 9 sec.
#model=  1      +     age 
12   -7.5519907    0.0597682 
13  -27.0212492    0.2767033 
21    0.2245749   -0.0317238 
23   -6.1094899    0.0423849 
1..................2.............3....................4.....................5..................6................7...........8...............Gaining to use new average direction of P0 P8 instead of biggest increase direction 5 :

Powell iter=19 Big Iter=10 -2*LL=2498.231863810704 gain=0.0021 1 sec. 10 sec.
#model=  1      +     age 
12   -7.5643023    0.0599404 
13  -27.0663828    0.2772353 
21    0.2149284   -0.0315933 
23   -6.1473899    0.0428624 
1........2.........3.............4..................5........6.................7...........8..........directest= 0.002042941148 (if directest<0 or t<0 we include P0 Pn as new direction), t= -0.000000000166, f1= 2498.231863810704,f2= 2498.231811224666,f3= 2498.233883412525, del= 0.000040916374
f1-2f2+f3= 0.002124773896, f1-f2-del= 0.000011669663, f1-f3= -0.002019601822

Powell iter=20 Big Iter=11 -2*LL=2498.231811224666 gain=5.26e-005 0 sec. 10 sec.
#model=  1      +     age 
12   -7.5643892    0.0599404 
13  -27.0711949    0.2772768 
21    0.2158947   -0.0316080 
23   -6.1480097    0.0428724 
1..........2..............3..........4......................5..........6..................7................8...........
Powell iter=21 Big Iter=11 -2*LL=2498.231806461950 gain=4.76e-006 1 sec. 11 sec.
#model=  1      +     age 
12   -7.5642409    0.0599380 
13  -27.0735968    0.2773027 
21    0.2167799   -0.0316202 
23   -6.1483083    0.0428765 
1............2.............3.............4..........................5.................6.................7..................8................
Powell iter=22 Big Iter=12 -2*LL=2498.231806172797 gain=2.89e-007 1 sec. 12 sec.
#model=  1      +     age 
12   -7.5642381    0.0599380 
13  -27.0740886    0.2773080 
21    0.2170186   -0.0316235 
23   -6.1483629    0.0428773 
1.............2..............................3...............4..........................5..............6...................7......................8....................
Powell iter=23 Big Iter=12 -2*LL=2498.231806157939 gain=1.49e-008 0 sec. 12 sec.
#model=  1      +     age 
12   -7.5642377    0.0599380 
13  -27.0742090    0.2773092 
21    0.2170715   -0.0316242 
23   -6.1483744    0.0428775 
1.................2......................3.....................4..........................5................6...............7....................8.................
Powell iter=24 Big Iter=13 -2*LL=2498.231806157175 gain=7.64e-010 1 sec. 13 sec.
#model=  1      +     age 
12   -7.5642382    0.0599380 
13  -27.0742229    0.2773094 
21    0.2170834   -0.0316244 
23   -6.1483767    0.0428775 
1...................2............3....................4........................5........................................6................7......................8...................................
Powell iter=25 Big Iter=13 -2*LL=2498.231806157127 gain=4.77e-011 2 sec. 15 sec.
#model=  1      +     age 
12   -7.5642373    0.0599379 
13  -27.0742267    0.2773094 
21    0.2170866   -0.0316244 
23   -6.1483776    0.0428775 
1...........................2..........................3............................4.............................5................................6................7.....................8...................................
#Number of iterations & function calls = 25 & 3679, -2 Log likelihood = 2498.231806157127
# Parameters nlstate*nlstate*ncov a12*1 + b12 * age + ...
#model=  1      +     age 
12   -7.5642373    0.0599379 
13  -27.0742267    0.2773094 
21    0.2170866   -0.0316244 
23   -6.1483776    0.0428775 

Calculation of the hessian matrix. Wait...
1-2-3-4-5-6-7-8-.1-2.1-3.1-4.1-5.1-6.1-7.1-8.2-3.2-4.2-5.2-6.2-7.2-8.3-4.3-5.3-6.3-7.3-8.4-5.4-6.4-7.4-8.5-6.5-7.5-8.6-7.6-8.7-8

Inverting the hessian to get the covariance matrix. Wait...

#Hessian matrix#
1.774132e+002 1.291166e+004 4.118365e+000 3.298083e+002 -3.666558e+001 -2.658869e+003 -3.859775e+000 -3.386499e+002 
1.291166e+004 9.559456e+005 3.266379e+002 2.636138e+004 -2.652423e+003 -1.962139e+005 -3.415136e+002 -2.973383e+004 
4.118365e+000 3.266379e+002 2.096633e+001 1.786176e+003 -5.040770e+000 -4.297748e+002 9.376449e+000 7.885963e+002 
3.298083e+002 2.636138e+004 1.786176e+003 1.525139e+005 -4.328675e+002 -3.704405e+004 7.884530e+002 6.667840e+004 
-3.666558e+001 -2.652423e+003 -5.040770e+000 -4.328675e+002 9.698122e+001 6.941236e+003 -3.105654e+000 -1.970506e+002 
-2.658869e+003 -1.962139e+005 -4.297748e+002 -3.704405e+004 6.941236e+003 5.100691e+005 -1.965826e+002 -1.226838e+004 
-3.859775e+000 -3.415136e+002 9.376449e+000 7.884530e+002 -3.105654e+000 -1.965826e+002 6.919885e+001 5.516734e+003 
-3.386499e+002 -2.973383e+004 7.885963e+002 6.667840e+004 -1.970506e+002 -1.226838e+004 5.516734e+003 4.458864e+005 
Parameters, Wald tests and Wald-based confidence intervals
 W is simply the result of the division of the parameter by the square root of covariance of the parameter.
 And Wald-based confidence intervals plus and minus 1.96 * W 
  It might be better to visualize the covariance matrix. See the page 'Matrix of variance-covariance of one-step probabilities' and its graphs.
12   -7.5642373(   0.5975729) W= -12.658 CI=[  -8.7354801 ;   -6.3929945]    0.0599379(   0.0081458) W=   7.358 CI=[   0.0439723 ;    0.0759036] 
13  -27.0742267(   4.7598042) W=  -5.688 CI=[ -36.4034429 ;  -17.7450104]    0.2773094(   0.0558628) W=   4.964 CI=[   0.1678183 ;    0.3868006] 
21    0.2170866(   0.6587032) W=   0.330 CI=[  -1.0739716 ;    1.5081448]   -0.0316244(   0.0091087) W=  -3.472 CI=[  -0.0494775 ;   -0.0137714] 
23   -6.1483776(   1.0665274) W=  -5.765 CI=[  -8.2387713 ;   -4.0579839]    0.0428775(   0.0133109) W=   3.221 CI=[   0.0167882 ;    0.0689669] 
# Scales (for hessian or gradient estimation)
12 1.00000e-004 1.00000e-005
13 2.00000e-003 2.00000e-005
21 1.00000e-003 1.00000e-005
23 1.00000e-003 1.00000e-005
# Covariance matrix 
# 121 Var(a12)
# 122 Cov(b12,a12) Var(b12)
#   ...
# 232 Cov(b23,a12)  Cov(b23,b12) ... Var (b23)
#121 Var(a12)
#122 Cov(b12,a12) Var(b12)
#131 Cov(a13,a12) Cov(a13,b12) Var(a13)
#132 Cov(b13,a12) Cov(b13,b12) Cov(b13,a13) Var(b13)
#211 Cov(a21,a12) Cov(a21,b12) Cov(a21,a13) Cov(a21,b13) Var(a21)
#212 Cov(b21,a12) Cov(b21,b12) Cov(b21,a13) Cov(b21,b13) Cov(b21,a21) Var(b21)
#231 Cov(a23,a12) Cov(a23,b12) Cov(a23,a13) Cov(a23,b13) Cov(a23,a21) Cov(a23,b21) Var(a23)
#232 Cov(b23,a12) Cov(b23,b12) Cov(b23,a13) Cov(b23,b13) Cov(b23,a21) Cov(b23,b21) Cov(b23,a23) Var(b23)
121 3.5709332e-001
122 -4.82518e-003 6.6353244e-005
131 -6.23014e-002 3.36696e-004 2.2655736e+001
132 7.73494e-004 -4.67378e-006 -2.65582e-001 3.1206557e-003
211 1.00278e-001 -1.36294e-003 2.00650e-001 -2.55306e-003 4.3388988e-001
212 -1.35496e-003 1.88581e-005 -3.23424e-003 4.11272e-005 -5.92052e-003 8.2968324e-005
231 2.13549e-002 -2.80342e-004 -1.14544e+000 1.37282e-002 1.10385e-002 -1.55710e-005 1.1374807e+000
232 -3.13216e-004 4.24856e-006 1.37933e-002 -1.66530e-004 -9.55349e-005 -3.42637e-007 -1.40986e-002 1.7717974e-004
# agemin agemax for life expectancy, bage fage (if mle==0 ie no data nor Max likelihood).
# Observed prevalence period
begin-prev-date=1/1/2016 end-prev-date=1/9/2018 mov_average=0
# Health expectancies computed from stable (period) prevalence (pop_based=0) or population based (1)
pop_based=0
# Prevalence forecasting and backcasting is skept here
##prevforecast=0  starting-proj-date=1/1/1989 final-proj-date=1/1/1990 mobil_average=0
#prevforecast=1 yearsfproj=10 mobil_average=0
#prevbackcast=1 yearsbproj=10 mobil_average=1
result:  .
End of resultlines.

Computing forward period (stable) prevalence: result on file 'PL_ITFgali.txt' 
#************
Computing pij: result on file 'PIJ_ITFgali.txt' 
Computing standard deviation of one-step probabilities: result on file 'PROB_rITFgali.txt' 
Computing matrix of variance covariance of one-step probabilities: result on file 'PROBCOV_ITFgali.txt' 
and correlation matrix of one-step probabilities: result on file 'PROBCOR_ITFgali.txt' 
50 13-12 mu 3.6312e-006 2.0558e-002 Var 5.1418e-011 1.6748e-005 cor -0.048 cov -1.3963e-009 Eig 1.675e-005 5.130e-011 1stv 0.000 -1.000 tan -11994.770
55 13-12 mu 1.4476e-005 2.7642e-002 Var 6.0399e-010 2.0095e-005 cor -0.057 cov -6.2248e-009 Eig 2.009e-005 6.021e-010 1stv 0.000 -1.000 tan -3228.095
60 13-12 mu 5.7641e-005 3.7121e-002 Var 6.7133e-009 2.2489e-005 cor -0.070 cov -2.7066e-008 Eig 2.249e-005 6.681e-009 1stv 0.001 -1.000 tan -830.641
65 13-12 mu 2.2912e-004 4.9765e-002 Var 6.9030e-008 2.3936e-005 cor -0.089 cov -1.1443e-007 Eig 2.394e-005 6.848e-008 1stv 0.005 -1.000 tan -208.577
70 13-12 mu 9.0848e-004 6.6554e-002 Var 6.3157e-007 2.7759e-005 cor -0.113 cov -4.7162e-007 Eig 2.777e-005 6.234e-007 1stv 0.017 -1.000 tan -57.537
75 13-12 mu 3.5882e-003 8.8658e-002 Var 4.7796e-006 4.7196e-005 cor -0.128 cov -1.9171e-006 Eig 4.728e-005 4.693e-006 1stv 0.045 -0.999 tan -22.170
80 13-12 mu 1.4063e-002 1.1719e-001 Var 2.6360e-005 1.1908e-004 cor -0.137 cov -7.6725e-006 Eig 1.197e-004 2.573e-005 1stv 0.082 -0.997 tan -12.167
85 13-12 mu 5.4020e-002 1.5183e-001 Var 1.4871e-004 3.2205e-004 cor -0.153 cov -3.3444e-005 Eig 3.283e-004 1.425e-004 1stv 0.183 -0.983 tan -5.369
90 13-12 mu 1.9514e-001 1.8499e-001 Var 3.9861e-003 7.7659e-004 cor -0.281 cov -4.9360e-004 Eig 4.060e-003 7.024e-004 1stv 0.989 -0.149 tan -0.150
50 21-12 mu 4.0131e-001 2.0558e-002 Var 5.0574e-003 1.6748e-005 cor 0.258 cov 7.4975e-005 Eig 5.059e-003 1.563e-005 1stv 1.000 0.015 tan 0.015
55 21-12 mu 3.5174e-001 2.7642e-002 Var 2.8149e-003 2.0095e-005 cor 0.259 cov 6.1674e-005 Eig 2.816e-003 1.873e-005 1stv 1.000 0.022 tan 0.022
60 21-12 mu 3.0685e-001 3.7121e-002 Var 1.4848e-003 2.2489e-005 cor 0.262 cov 4.7935e-005 Eig 1.486e-003 2.092e-005 1stv 0.999 0.033 tan 0.033
65 21-12 mu 2.6648e-001 4.9765e-002 Var 7.8232e-004 2.3936e-005 cor 0.268 cov 3.6606e-005 Eig 7.841e-004 2.217e-005 1stv 0.999 0.048 tan 0.048
70 21-12 mu 2.3040e-001 6.6554e-002 Var 4.7728e-004 2.7759e-005 cor 0.274 cov 3.1543e-005 Eig 4.795e-004 2.556e-005 1stv 0.998 0.070 tan 0.070
75 21-12 mu 1.9831e-001 8.8658e-002 Var 3.9826e-004 4.7196e-005 cor 0.274 cov 3.7502e-005 Eig 4.022e-004 4.323e-005 1stv 0.994 0.105 tan 0.106
80 21-12 mu 1.6992e-001 1.1719e-001 Var 4.2715e-004 1.1908e-004 cor 0.263 cov 5.9379e-005 Eig 4.382e-004 1.080e-004 1stv 0.983 0.183 tan 0.186
85 21-12 mu 1.4491e-001 1.5183e-001 Var 4.8957e-004 3.2205e-004 cor 0.247 cov 9.7942e-005 Eig 5.347e-004 2.769e-004 1stv 0.908 0.418 tan 0.461
90 21-12 mu 1.2296e-001 1.8499e-001 Var 5.4403e-004 7.7659e-004 cor 0.198 cov 1.2864e-004 Eig 8.337e-004 4.869e-004 1stv 0.406 0.914 tan 2.252
50 23-12 mu 2.8628e-002 2.0558e-002 Var 1.3594e-004 1.6748e-005 cor -0.001 cov -2.7623e-008 Eig 1.359e-004 1.675e-005 1stv 1.000 -0.000 tan -0.000
55 23-12 mu 3.6417e-002 2.7642e-002 Var 1.5632e-004 2.0095e-005 cor 0.003 cov 1.5380e-007 Eig 1.563e-004 2.009e-005 1stv 1.000 0.001 tan 0.001
60 23-12 mu 4.6109e-002 3.7121e-002 Var 1.6853e-004 2.2489e-005 cor 0.006 cov 3.9234e-007 Eig 1.685e-004 2.249e-005 1stv 1.000 0.003 tan 0.003
65 23-12 mu 5.8118e-002 4.9765e-002 Var 1.6836e-004 2.3936e-005 cor 0.012 cov 7.6478e-007 Eig 1.684e-004 2.393e-005 1stv 1.000 0.005 tan 0.005
70 23-12 mu 7.2928e-002 6.6554e-002 Var 1.5625e-004 2.7759e-005 cor 0.024 cov 1.5800e-006 Eig 1.563e-004 2.774e-005 1stv 1.000 0.012 tan 0.012
75 23-12 mu 9.1106e-002 8.8658e-002 Var 1.4593e-004 4.7196e-005 cor 0.045 cov 3.7474e-006 Eig 1.461e-004 4.705e-005 1stv 0.999 0.038 tan 0.038
80 23-12 mu 1.1330e-001 1.1719e-001 Var 1.8054e-004 1.1908e-004 cor 0.065 cov 9.5983e-006 Eig 1.820e-004 1.176e-004 1stv 0.989 0.151 tan 0.153
85 23-12 mu 1.4023e-001 1.5183e-001 Var 3.5949e-004 3.2205e-004 cor 0.078 cov 2.6605e-005 Eig 3.733e-004 3.082e-004 1stv 0.888 0.461 tan 0.519
90 23-12 mu 1.7270e-001 1.8499e-001 Var 8.7891e-004 7.7659e-004 cor 0.120 cov 9.9211e-005 Eig 9.394e-004 7.161e-004 1stv 0.854 0.520 tan 0.609
50 21-13 mu 4.0131e-001 3.6312e-006 Var 5.0574e-003 5.1418e-011 cor 0.040 cov 2.0164e-008 Eig 5.057e-003 5.134e-011 1stv 1.000 0.000 tan 0.000
55 21-13 mu 3.5174e-001 1.4476e-005 Var 2.8149e-003 6.0399e-010 cor 0.031 cov 4.0474e-008 Eig 2.815e-003 6.034e-010 1stv 1.000 0.000 tan 0.000
60 21-13 mu 3.0685e-001 5.7641e-005 Var 1.4848e-003 6.7133e-009 cor 0.019 cov 5.8802e-008 Eig 1.485e-003 6.711e-009 1stv 1.000 0.000 tan 0.000
65 21-13 mu 2.6648e-001 2.2912e-004 Var 7.8232e-004 6.9030e-008 cor 0.001 cov 9.1718e-009 Eig 7.823e-004 6.903e-008 1stv 1.000 0.000 tan 0.000
70 21-13 mu 2.3040e-001 9.0848e-004 Var 4.7728e-004 6.3157e-007 cor -0.017 cov -2.9201e-007 Eig 4.773e-004 6.314e-007 1stv 1.000 -0.001 tan -0.001
75 21-13 mu 1.9831e-001 3.5882e-003 Var 3.9826e-004 4.7796e-006 cor -0.018 cov -8.0179e-007 Eig 3.983e-004 4.778e-006 1stv 1.000 -0.002 tan -0.002
80 21-13 mu 1.6992e-001 1.4063e-002 Var 4.2715e-004 2.6360e-005 cor 0.026 cov 2.7461e-006 Eig 4.272e-004 2.634e-005 1stv 1.000 0.007 tan 0.007
85 21-13 mu 1.4491e-001 5.4020e-002 Var 4.8957e-004 1.4871e-004 cor 0.161 cov 4.3493e-005 Eig 4.950e-004 1.432e-004 1stv 0.992 0.125 tan 0.126
90 21-13 mu 1.2296e-001 1.9514e-001 Var 5.4403e-004 3.9861e-003 cor 0.189 cov 2.7808e-004 Eig 4.008e-003 5.217e-004 1stv 0.080 0.997 tan 12.458
50 23-13 mu 2.8628e-002 3.6312e-006 Var 1.3594e-004 5.1418e-011 cor -0.231 cov -1.9321e-008 Eig 1.359e-004 4.867e-011 1stv 1.000 -0.000 tan -0.000
55 23-13 mu 3.6417e-002 1.4476e-005 Var 1.5632e-004 6.0399e-010 cor -0.230 cov -7.0767e-008 Eig 1.563e-004 5.719e-010 1stv 1.000 -0.000 tan -0.000
60 23-13 mu 4.6109e-002 5.7641e-005 Var 1.6853e-004 6.7133e-009 cor -0.229 cov -2.4379e-007 Eig 1.685e-004 6.361e-009 1stv 1.000 -0.001 tan -0.001
65 23-13 mu 5.8118e-002 2.2912e-004 Var 1.6836e-004 6.9030e-008 cor -0.227 cov -7.7432e-007 Eig 1.684e-004 6.547e-008 1stv 1.000 -0.005 tan -0.005
70 23-13 mu 7.2928e-002 9.0848e-004 Var 1.5625e-004 6.3157e-007 cor -0.222 cov -2.2073e-006 Eig 1.563e-004 6.003e-007 1stv 1.000 -0.014 tan -0.014
75 23-13 mu 9.1106e-002 3.5882e-003 Var 1.4593e-004 4.7796e-006 cor -0.211 cov -5.5647e-006 Eig 1.461e-004 4.561e-006 1stv 0.999 -0.039 tan -0.039
80 23-13 mu 1.1330e-001 1.4063e-002 Var 1.8054e-004 2.6360e-005 cor -0.208 cov -1.4380e-005 Eig 1.819e-004 2.503e-005 1stv 0.996 -0.092 tan -0.092
85 23-13 mu 1.4023e-001 5.4020e-002 Var 3.5949e-004 1.4871e-004 cor -0.292 cov -6.7443e-005 Eig 3.792e-004 1.290e-004 1stv 0.960 -0.281 tan -0.293
90 23-13 mu 1.7270e-001 1.9514e-001 Var 8.7891e-004 3.9861e-003 cor -0.274 cov -5.1263e-004 Eig 4.069e-003 7.965e-004 1stv 0.159 -0.987 tan -6.222
50 23-21 mu 2.8628e-002 4.0131e-001 Var 1.3594e-004 5.0574e-003 cor -0.092 cov -7.6383e-005 Eig 5.059e-003 1.348e-004 1stv 0.016 -1.000 tan -64.447
55 23-21 mu 3.6417e-002 3.5174e-001 Var 1.5632e-004 2.8149e-003 cor -0.075 cov -4.9986e-005 Eig 2.816e-003 1.554e-004 1stv 0.019 -1.000 tan -53.205
60 23-21 mu 4.6109e-002 3.0685e-001 Var 1.6853e-004 1.4848e-003 cor -0.061 cov -3.0360e-005 Eig 1.486e-003 1.678e-004 1stv 0.023 -1.000 tan -43.380
65 23-21 mu 5.8118e-002 2.6648e-001 Var 1.6836e-004 7.8232e-004 cor -0.051 cov -1.8653e-005 Eig 7.829e-004 1.678e-004 1stv 0.030 -1.000 tan -32.944
70 23-21 mu 7.2928e-002 2.3040e-001 Var 1.5625e-004 4.7728e-004 cor -0.058 cov -1.5831e-005 Eig 4.781e-004 1.555e-004 1stv 0.049 -0.999 tan -20.328
75 23-21 mu 9.1106e-002 1.9831e-001 Var 1.4593e-004 3.9826e-004 cor -0.096 cov -2.3215e-005 Eig 4.004e-004 1.438e-004 1stv 0.091 -0.996 tan -10.961
80 23-21 mu 1.1330e-001 1.6992e-001 Var 1.8054e-004 4.2715e-004 cor -0.155 cov -4.3168e-005 Eig 4.345e-004 1.732e-004 1stv 0.168 -0.986 tan -5.883
85 23-21 mu 1.4023e-001 1.4491e-001 Var 3.5949e-004 4.8957e-004 cor -0.190 cov -7.9809e-005 Eig 5.275e-004 3.216e-004 1stv 0.429 -0.903 tan -2.105
90 23-21 mu 1.7270e-001 1.2296e-001 Var 8.7891e-004 5.4403e-004 cor -0.202 cov -1.3956e-004 Eig 9.294e-004 4.935e-004 1stv 0.940 -0.340 tan -0.362
Prevalence combination of varying and fixed dummies 1
Warning Observed prevalence doesn't sum to 1 for state 2: probs[50][2][1]=0.000000 because of lack of cases.
Warning Observed prevalence doesn't sum to 1 for state 1: probs[51][1][1]=0.000000 because of lack of cases.
Warning Observed prevalence doesn't sum to 1 for state 2: probs[51][2][1]=0.000000 because of lack of cases.
Warning Observed prevalence doesn't sum to 1 for state 1: probs[52][1][1]=0.000000 because of lack of cases.
Warning Observed prevalence doesn't sum to 1 for state 2: probs[52][2][1]=0.000000 because of lack of cases.
Warning Observed prevalence doesn't sum to 1 for state 1: probs[53][1][1]=0.000000 because of lack of cases.
Warning Observed prevalence doesn't sum to 1 for state 2: probs[53][2][1]=0.000000 because of lack of cases.
Warning Observed prevalence doesn't sum to 1 for state 1: probs[54][1][1]=0.000000 because of lack of cases.
Warning Observed prevalence doesn't sum to 1 for state 2: probs[54][2][1]=0.000000 because of lack of cases.
Warning Observed prevalence doesn't sum to 1 for state 1: probs[55][1][1]=0.000000 because of lack of cases.
Warning Observed prevalence doesn't sum to 1 for state 2: probs[55][2][1]=0.000000 because of lack of cases.
Warning Observed prevalence doesn't sum to 1 for state 1: probs[56][1][1]=0.000000 because of lack of cases.
Warning Observed prevalence doesn't sum to 1 for state 2: probs[56][2][1]=0.000000 because of lack of cases.
Warning Observed prevalence doesn't sum to 1 for state 1: probs[57][1][1]=0.000000 because of lack of cases.
Warning Observed prevalence doesn't sum to 1 for state 2: probs[57][2][1]=0.000000 because of lack of cases.
Warning Observed prevalence doesn't sum to 1 for state 1: probs[58][1][1]=0.000000 because of lack of cases.
Warning Observed prevalence doesn't sum to 1 for state 2: probs[58][2][1]=0.000000 because of lack of cases.
Warning Observed prevalence doesn't sum to 1 for state 1: probs[59][1][1]=0.000000 because of lack of cases.
Warning Observed prevalence doesn't sum to 1 for state 2: probs[59][2][1]=0.000000 because of lack of cases.
Warning Observed prevalence doesn't sum to 1 for state 1: probs[60][1][1]=0.000000 because of lack of cases.
Warning Observed prevalence doesn't sum to 1 for state 2: probs[60][2][1]=0.000000 because of lack of cases.
Warning Observed prevalence doesn't sum to 1 for state 1: probs[61][1][1]=0.000000 because of lack of cases.
Warning Observed prevalence doesn't sum to 1 for state 2: probs[61][2][1]=0.000000 because of lack of cases.
Warning Observed prevalence doesn't sum to 1 for state 1: probs[62][1][1]=0.000000 because of lack of cases.
Warning Observed prevalence doesn't sum to 1 for state 2: probs[62][2][1]=0.000000 because of lack of cases.
Warning Observed prevalence doesn't sum to 1 for state 1: probs[63][1][1]=0.000000 because of lack of cases.
Warning Observed prevalence doesn't sum to 1 for state 2: probs[63][2][1]=0.000000 because of lack of cases.
Warning Observed prevalence doesn't sum to 1 for state 1: probs[64][1][1]=0.000000 because of lack of cases.
Warning Observed prevalence doesn't sum to 1 for state 2: probs[64][2][1]=0.000000 because of lack of cases.
Warning Observed prevalence doesn't sum to 1 for state 1: probs[65][1][1]=0.000000 because of lack of cases.
Warning Observed prevalence doesn't sum to 1 for state 2: probs[65][2][1]=0.000000 because of lack of cases.
Warning Observed prevalence doesn't sum to 1 for state 1: probs[66][1][1]=0.000000 because of lack of cases.
Warning Observed prevalence doesn't sum to 1 for state 2: probs[66][2][1]=0.000000 because of lack of cases.
Warning Observed prevalence doesn't sum to 1 for state 1: probs[67][1][1]=0.000000 because of lack of cases.
Warning Observed prevalence doesn't sum to 1 for state 2: probs[67][2][1]=0.000000 because of lack of cases.
Warning Observed prevalence doesn't sum to 1 for state 1: probs[68][1][1]=0.000000 because of lack of cases.
Warning Observed prevalence doesn't sum to 1 for state 2: probs[68][2][1]=0.000000 because of lack of cases.
Warning Observed prevalence doesn't sum to 1 for state 1: probs[69][1][1]=0.000000 because of lack of cases.
Warning Observed prevalence doesn't sum to 1 for state 2: probs[69][2][1]=0.000000 because of lack of cases.
Warning Observed prevalence doesn't sum to 1 for state 1: probs[70][1][1]=0.000000 because of lack of cases.
Warning Observed prevalence doesn't sum to 1 for state 2: probs[70][2][1]=0.000000 because of lack of cases.
Warning Observed prevalence doesn't sum to 1 for state 1: probs[71][1][1]=0.000000 because of lack of cases.
Warning Observed prevalence doesn't sum to 1 for state 2: probs[71][2][1]=0.000000 because of lack of cases.
Warning Observed prevalence doesn't sum to 1 for state 1: probs[72][1][1]=0.000000 because of lack of cases.
Warning Observed prevalence doesn't sum to 1 for state 2: probs[72][2][1]=0.000000 because of lack of cases.
Warning Observed prevalence doesn't sum to 1 for state 1: probs[73][1][1]=0.000000 because of lack of cases.
Warning Observed prevalence doesn't sum to 1 for state 2: probs[73][2][1]=0.000000 because of lack of cases.
Warning Observed prevalence doesn't sum to 1 for state 1: probs[74][1][1]=0.000000 because of lack of cases.
Warning Observed prevalence doesn't sum to 1 for state 2: probs[74][2][1]=0.000000 because of lack of cases.
Warning Observed prevalence doesn't sum to 1 for state 1: probs[75][1][1]=0.000000 because of lack of cases.
Warning Observed prevalence doesn't sum to 1 for state 2: probs[75][2][1]=0.000000 because of lack of cases.
Warning Observed prevalence doesn't sum to 1 for state 1: probs[76][1][1]=0.000000 because of lack of cases.
Warning Observed prevalence doesn't sum to 1 for state 2: probs[76][2][1]=0.000000 because of lack of cases.
Warning Observed prevalence doesn't sum to 1 for state 1: probs[77][1][1]=0.000000 because of lack of cases.
Warning Observed prevalence doesn't sum to 1 for state 2: probs[77][2][1]=0.000000 because of lack of cases.
Warning Observed prevalence doesn't sum to 1 for state 1: probs[78][1][1]=0.000000 because of lack of cases.
Warning Observed prevalence doesn't sum to 1 for state 2: probs[78][2][1]=0.000000 because of lack of cases.
Warning Observed prevalence doesn't sum to 1 for state 1: probs[79][1][1]=0.000000 because of lack of cases.
Warning Observed prevalence doesn't sum to 1 for state 2: probs[79][2][1]=0.000000 because of lack of cases.
Warning Observed prevalence doesn't sum to 1 for state 1: probs[80][1][1]=0.000000 because of lack of cases.
Warning Observed prevalence doesn't sum to 1 for state 2: probs[80][2][1]=0.000000 because of lack of cases.
Warning Observed prevalence doesn't sum to 1 for state 1: probs[81][1][1]=0.000000 because of lack of cases.
Warning Observed prevalence doesn't sum to 1 for state 2: probs[81][2][1]=0.000000 because of lack of cases.
Warning Observed prevalence doesn't sum to 1 for state 1: probs[82][1][1]=0.000000 because of lack of cases.
Warning Observed prevalence doesn't sum to 1 for state 2: probs[82][2][1]=0.000000 because of lack of cases.
Warning Observed prevalence doesn't sum to 1 for state 1: probs[83][1][1]=0.000000 because of lack of cases.
Warning Observed prevalence doesn't sum to 1 for state 2: probs[83][2][1]=0.000000 because of lack of cases.
Warning Observed prevalence doesn't sum to 1 for state 1: probs[84][1][1]=0.000000 because of lack of cases.
Warning Observed prevalence doesn't sum to 1 for state 2: probs[84][2][1]=0.000000 because of lack of cases.
Warning Observed prevalence doesn't sum to 1 for state 1: probs[85][1][1]=0.000000 because of lack of cases.
Warning Observed prevalence doesn't sum to 1 for state 2: probs[85][2][1]=0.000000 because of lack of cases.
Warning Observed prevalence doesn't sum to 1 for state 1: probs[86][1][1]=0.000000 because of lack of cases.
Warning Observed prevalence doesn't sum to 1 for state 2: probs[86][2][1]=0.000000 because of lack of cases.
Warning Observed prevalence doesn't sum to 1 for state 1: probs[87][1][1]=0.000000 because of lack of cases.
Warning Observed prevalence doesn't sum to 1 for state 2: probs[87][2][1]=0.000000 because of lack of cases.
Warning Observed prevalence doesn't sum to 1 for state 1: probs[88][1][1]=0.000000 because of lack of cases.
Warning Observed prevalence doesn't sum to 1 for state 2: probs[88][2][1]=0.000000 because of lack of cases.
Warning Observed prevalence doesn't sum to 1 for state 1: probs[89][1][1]=0.000000 because of lack of cases.
Warning Observed prevalence doesn't sum to 1 for state 2: probs[89][2][1]=0.000000 because of lack of cases.
Warning Observed prevalence doesn't sum to 1 for state 1: probs[90][1][1]=0.000000 because of lack of cases.
Warning Observed prevalence doesn't sum to 1 for state 2: probs[90][2][1]=0.000000 because of lack of cases.
Computing Health Expectancies: result on file 'E_ITFgali.txt' ...50|51|52|53|54|55|56|57|58|59|60|61|62|63|64|65|66|67|68|69|70|71|72|73|74|75|76|77|78|79|80|81|82|83|84|85|86|87|88|89|90|
done evsij
Computing Total Life expectancies with their standard errors: file 'T_ITFgali.txt' ...
  Computing State-specific Expectancies and standard errors: result on file 'STDE_ITFgali.txt' 
    Computing Covar. of State-specific Expectancies: result on file 'CVE_ITFgali.txt' 
      Computing Variance-covariance of State-specific Expectancies: file 'V_ITFgali.txt' ... 
# model  
#****** Result for:******
 cvevsij 50|51|52|53|54|55|56|57|58|59|60|61|62|63|64|65|66|67|68|69|70|71|72|73|74|75|76|77|78|79|80|81|82|83|84|85|86|87|88|89|90|
 end cvevsij 
 varevsij vpopbased=0 
Computing total mortality p.j=w1*p1j+w2*p2j+..: result on file 'PRMORPREV-1-STABLBASED_ITFgali.txt' 
Computing age specific forward period (stable) prevalences in each health state 
done selection
done State-specific expectancies
Computing Variance-covariance of forward period (stable) prevalence: file 'VPL_ITFgali.txt' ...
#****** ******
done variance-covariance of forward period prevalence
End of Imach with 0 errors and/or warnings 1. Please look at the log file for details.
Local time at start Tue Feb 04 20:24:32 2025

Local time at end   Tue Feb 04 20:24:57 2025

Total time used 0 day(s) 0 hour(s) 0 minute(s) 25 second(s)
Total time was 25 Sec.
