Log filename:PLFchr.log
Version 0.99r45 $Revision: 1.353 $ $Date: 2023/05/08 18:48:22 $
Enter the parameter file name: 
pathimach=C:\PROGRA~1\IMACH-~2.99R\bin\
pathtot=C:\Users\mmusz\Dropbox\gender_paradox\data\IMACHnew\PLFchr.txt
 path=C:\Users\mmusz\Dropbox\gender_paradox\data\IMACHnew\ 
 optionfile=PLFchr.txt
 optionfilext=txt
 optionfilefiname='PLFchr'
Compiled with: Microsoft Visual Studio for Windows (x64 and x86)  64-bit
The programm is not running under WOW64 (i.e probably on a 64bit Windows).
Local time (at start): Tue Feb 04 22:21:37 2025
title=chr datafile=dataPLFchr.txt lastobs=5000 firstpass=1 lastpass=2
ftol=1.000000e-018 stepm=24 ncovcol=0 nqv=0 ntv=0 nqtv=0 nlstate=2 ndeath=1 maxwav=2 mle=1 weight=1
model=1+age+
# Parameters nlstate*nlstate*ncov a12*1 + b12 * age + ...
12 0.000000 0.000000
13 0.000000 0.000000
21 0.000000 0.000000
23 0.000000 0.000000
# Scales (for hessian or gradient estimation)
12 0.000000e+000 0.000000e+000
13 0.000000e+000 0.000000e+000
21 0.000000e+000 0.000000e+000
23 0.000000e+000 0.000000e+000
# Covariance matrix
121 0.00000e+000
122 0.00000e+000 0.00000e+000
131 0.00000e+000 0.00000e+000 0.00000e+000
132 0.00000e+000 0.00000e+000 0.00000e+000 0.00000e+000
211 0.00000e+000 0.00000e+000 0.00000e+000 0.00000e+000 0.00000e+000
212 0.00000e+000 0.00000e+000 0.00000e+000 0.00000e+000 0.00000e+000 0.00000e+000
231 0.00000e+000 0.00000e+000 0.00000e+000 0.00000e+000 0.00000e+000 0.00000e+000 0.00000e+000
232 0.00000e+000 0.00000e+000 0.00000e+000 0.00000e+000 0.00000e+000 0.00000e+000 0.00000e+000 0.00000e+000

Model=1+age+
Typevar: 0 for simple covariate (dummy, quantitative, fixed or varying), 1 for age product, 2 for  product, 3 for double product with age  
Fixed[k] 0=fixed (product or simple), 1 varying, 2 fixed with age product, 3 varying with age product 
Dummy[k] 0=dummy (0 1), 1 quantitative (single or product without age), 2 dummy with age product, 3 quant with age product
ncoveff=0, nqfveff=0, ntveff=0, nqtveff=0, cptcovn=0
ncovf=0, ncovv=0, ncova=0, nsd=0, nsq=0
Warning: The value of parameter lastobs=5000 is big compared to the 
  effective number of cases imx=841, please adjust, 
  otherwise you are allocating more memory than necessary.
Total number of individuals= 841, Agemin = 51.17, Agemax= 92.83

Information, you have to check 0 informations which haven't been logged!
Delay (in months) between two waves Min=1 (for indiviudal 213) Max=33 (209) Mean=24.612366

 Age 51 1.=1 loss[1]=0.0% 2.=2 loss[2]=0.0% 1.=1 prev[1]=32.5% 2.=2 prev[2]=67.5% 11=1 12=0 22=2
Age 52 1.=1 loss[1]=0.0% 2.=1 loss[2]=0.0% 1.=1 prev[1]=49.0% 2.=1 prev[2]=51.0% 11=1 12=0 21=0 22=1
Age 53 1.=0 loss[1]=0.0% 2.=2 loss[2]=0.0% 1.=0 prev[1]=18.7% 2.=2 prev[2]=81.3% 11=0 12=0 21=0 22=2
Age 54 1.=1 loss[1]=0.0% 2.=2 loss[2]=0.0% 1.=1 prev[1]=38.1% 2.=2 prev[2]=61.9% 11=1 12=0 21=0 22=2
Age 55 1.=0 loss[1]=0.0% 2.=2 loss[2]=0.0% 1.=0 prev[1]=14.1% 2.=2 prev[2]=85.9% 11=0 12=0 21=0 22=2 23=0
Age 56 1.=1 loss[1]=0.0% 2.=3 loss[2]=0.0% 1.=1 prev[1]=24.3% 2.=3 prev[2]=75.7% 11=1 12=0 21=0 22=2
Age 57 1.=1 loss[1]=0.0% 2.=4 loss[2]=0.0% 1.=1 prev[1]=19.7% 2.=4 prev[2]=80.3% 11=1 12=0 21=0 22=3
Age 58 1.=0 loss[1]=0.0% 2.=1 loss[2]=0.0% 1.=0 prev[1]=23.8% 2.=1 prev[2]=76.2% 11=0 12=0 21=0 22=1
Age 59 1.=1 loss[1]=0.0% 2.=3 loss[2]=0.0% 1.=1 prev[1]=33.6% 2.=3 prev[2]=66.4% 11=1 12=1 21=0 22=3 23=0
Age 60 1.=1 loss[1]=0.0% 2.=3 loss[2]=0.0% 1.=1 prev[1]=22.6% 2.=3 prev[2]=77.4% 11=0 12=0 21=0 22=3
Age 61 1.=1 loss[1]=0.0% 2.=2 loss[2]=0.0% 1.=1 prev[1]=26.7% 2.=2 prev[2]=73.3% 11=0 12=0 21=0 22=1
Age 62 1.=1 loss[1]=0.0% 2.=2 loss[2]=0.0% 1.=1 prev[1]=27.7% 2.=2 prev[2]=72.3% 11=0 12=0 21=0 22=2
Age 63 1.=1 loss[1]=0.0% 2.=2 loss[2]=0.0% 1.=1 prev[1]=18.5% 2.=2 prev[2]=81.5% 11=0 12=0 21=0 22=2
Age 64 1.=0 loss[1]=0.0% 2.=3 loss[2]=0.0% 1.=0 prev[1]=13.4% 2.=3 prev[2]=86.6% 11=0 12=0 21=0 22=3 23=0
Age 65 1.=1 loss[1]=0.0% 2.=2 loss[2]=0.0% 1.=1 prev[1]=18.5% 2.=2 prev[2]=81.5% 11=0 12=0 21=0 22=2
Age 66 1.=1 loss[1]=0.0% 2.=2 loss[2]=0.0% 1.=1 prev[1]=21.2% 2.=2 prev[2]=78.8% 11=0 12=0 21=0 22=2 23=0
Age 67 1.=0 loss[1]=0.0% 2.=3 loss[2]=0.0% 1.=0 prev[1]=16.1% 2.=3 prev[2]=83.9% 11=0 12=0 21=0 22=2
Age 68 1.=0 loss[1]=0.0% 2.=2 loss[2]=0.0% 1.=0 prev[1]=12.1% 2.=2 prev[2]=87.9% 11=0 12=0 13=0 21=0 22=2 23=0
Age 69 1.=0 loss[1]=0.0% 2.=2 loss[2]=0.0% 1.=0 prev[1]=8.4% 2.=2 prev[2]=91.6% 12=0 21=0 22=2 23=0
Age 70 1.=0 loss[1]=NaNQ% 2.=2 loss[2]=0.0% 1.=0 prev[1]=0.0% 2.=2 prev[2]=100.0% 21=0 22=1
Age 71 1.=0 loss[1]=0.0% 2.=1 loss[2]=0.0% 1.=0 prev[1]=15.1% 2.=1 prev[2]=84.9% 11=0 12=0 22=1
Age 72 1.=0 loss[1]=NaNQ% 2.=1 loss[2]=0.0% 1.=0 prev[1]=0.0% 2.=1 prev[2]=100.0% 21=0 22=1 23=0
Age 73 1.=0 loss[1]=0.0% 2.=2 loss[2]=0.0% 1.=0 prev[1]=7.1% 2.=2 prev[2]=92.9% 12=0 22=2 23=0
Age 74 1.=0 loss[1]=0.0% 2.=3 loss[2]=0.0% 1.=0 prev[1]=6.7% 2.=3 prev[2]=93.3% 11=0 21=0 22=2 23=1
Age 75 1.=0 loss[1]=0.0% 2.=1 loss[2]=0.0% 1.=0 prev[1]=3.3% 2.=1 prev[2]=96.7% 12=0 22=1 23=0
Age 76 1.=0 loss[1]=NaNQ% 2.=2 loss[2]=0.0% 1.=0 prev[1]=0.0% 2.=2 prev[2]=100.0% 21=0 22=2
Age 77 1.=0 loss[1]=NaNQ% 2.=2 loss[2]=0.0% 1.=0 prev[1]=0.0% 2.=2 prev[2]=100.0% 22=1 23=0
Age 78 1.=0 loss[1]=0.0% 2.=1 loss[2]=0.0% 1.=0 prev[1]=4.6% 2.=1 prev[2]=95.4% 11=0 22=1 23=0
Age 79 1.=0 loss[1]=0.0% 2.=1 loss[2]=0.0% 1.=0 prev[1]=9.2% 2.=1 prev[2]=90.8% 13=0 22=1 23=0
Age 80 1.=0 loss[1]=0.0% 2.=1 loss[2]=0.0% 1.=0 prev[1]=7.1% 2.=1 prev[2]=92.9% 12=0 21=0 22=1 23=0
Age 81 1.=0 loss[1]=0.0% 2.=1 loss[2]=0.0% 1.=0 prev[1]=10.3% 2.=1 prev[2]=89.7% 11=0 22=1 23=0
Age 82 1.=0 loss[1]=NaNQ% 2.=1 loss[2]=0.0% 1.=0 prev[1]=0.0% 2.=1 prev[2]=100.0% 22=1 23=0
Age 83 1.=0 loss[1]=0.0% 2.=1 loss[2]=0.0% 1.=0 prev[1]=7.3% 2.=1 prev[2]=92.7% 13=0 22=1 23=0
Age 84 1.=0 loss[1]=0.0% 2.=1 loss[2]=0.0% 1.=0 prev[1]=9.8% 2.=1 prev[2]=90.2% 13=0 21=0 22=1 23=0
Age 85 1.=0 loss[1]=0.0% 2.=1 loss[2]=0.0% 1.=0 prev[1]=11.0% 2.=1 prev[2]=89.0% 11=0 22=1 23=0
Age 86 1.=0 loss[1]=NaNQ% 2.=1 loss[2]=0.0% 1.=0 prev[1]=0.0% 2.=1 prev[2]=100.0% 22=0 23=1
Age 87 1.=0 loss[1]=NaNQ% 2.=1 loss[2]=0.0% 1.=0 prev[1]=0.0% 2.=1 prev[2]=100.0% 22=1 23=0
Age 88 1.=0 loss[1]=NaNQ% 2.=0 loss[2]=0.0% 1.=0 prev[1]=0.0% 2.=0 prev[2]=100.0% 22=0 23=0
Age 89 1.=0 loss[1]=NaNQ% 2.=1 loss[2]=0.0% 1.=0 prev[1]=0.0% 2.=1 prev[2]=100.0% 22=0 23=0
Age 90 1.=0 loss[1]=NaNQ% 2.=0 loss[2]=0.0% 1.=0 prev[1]=0.0% 2.=0 prev[2]=100.0% 22=0
Age 91 1.=0 loss[1]=NaNQ% 2.=0 loss[2]=0.0% 1.=0 prev[1]=0.0% 2.=0 prev[2]=100.0% 23=0
Age 92 1.=0 loss[1]=NaNQ% 2.=0 loss[2]=NaNQ% 1.=0 prev[1]=NaNQ% 2.=0 prev[2]=NaNQ%
1 1.=0 loss[1]=NaNQ% 2.=0 loss[2]=NaNQ% 1.=0 prev[1]=NaNQ% 2.=0 prev[2]=NaNQ%
0 1.=0 loss[1]=NaNQ% 2.=0 loss[2]=NaNQ% 1.=0 prev[1]=NaNQ% 2.=0 prev[2]=NaNQ%
Total 1.=14 loss[1]=0.0% 2.=69 loss[2]=0.0% 1.=14 prev[1]=17.1% 2.=69 prev[2]=82.9% 11=8 12=6 13=0 21=5 22=59 23=6


12    0.0000000 ln(6/8)=   -0.3578466 
13    0.0000000 ln(0/8)=   -2.8833055 
21    0.0000000 ln(5/59)=   -2.4316817 
23    0.0000000 ln(6/59)=   -2.3258866 

 -1-1=0 -10=0 -11=0 -12=0 -13=0 0-1=0 00=0 01=0 02=0 03=0 1-1=0 10=0 11=8 12=6 13=0 2-1=0 20=0 21=5 22=59 23=6 3-1=0 30=0 31=0 32=0 33=0
Powell

Powell iter=1 Big Iter=1 -2*LL=1857.323709057373 gain=0 0 sec. 0 sec.
#model=  1      +     age 
12    0.0000000    0.0000000 
13    0.0000000    0.0000000 
21    0.0000000    0.0000000 
23    0.0000000    0.0000000 
1.......2............3......4..................5......6.................7.......8.................
Powell iter=2 Big Iter=2 -2*LL=1035.814061052224 gain=822 1 sec. 1 sec.
#model=  1      +     age 
12    0.5753066    0.0005024 
13   -2.7922396    0.0065011 
21   -1.7706484   -0.0009967 
23   -2.3049503    0.0021774 

Considering the time needed for this last iteration #2: 1 seconds,
   - if your program needs 1 BIG iterations  (2 iterations) to converge, convergence will be 
   reached in 0 day(s) 0 hour(s) 0 minute(s) 0 second(s) i.e.
   on Tue Feb 04 22:21:38 2025 (current time is Tue Feb 04 22:21:38 2025);
   - if your program needs 11 BIG iterations  (22 iterations) to converge, convergence will be 
   reached in 0 day(s) 0 hour(s) 0 minute(s) 20 second(s) i.e.
   on Tue Feb 04 22:21:58 2025 (current time is Tue Feb 04 22:21:38 2025);
   - if your program needs 21 BIG iterations  (42 iterations) to converge, convergence will be 
   reached in 0 day(s) 0 hour(s) 0 minute(s) 40 second(s) i.e.
   on Tue Feb 04 22:22:18 2025 (current time is Tue Feb 04 22:21:38 2025);
   - if your program needs 31 BIG iterations  (62 iterations) to converge, convergence will be 
   reached in 0 day(s) 0 hour(s) 1 minute(s) 0 second(s) i.e.
   on Tue Feb 04 22:22:38 2025 (current time is Tue Feb 04 22:21:38 2025);
1.......2............3.........4..................5........6.................7.........8.................
Powell iter=3 Big Iter=2 -2*LL=981.901128498430 gain=53.9 0 sec. 1 sec.
#model=  1      +     age 
12   -0.3380219    0.0009064 
13   -3.4902018    0.0132065 
21   -2.3654489   -0.0018889 
23   -2.5281223    0.0043000 

Considering the time needed for this last iteration #3: 0 seconds,
   - if your program needs 1 BIG iterations  (2 iterations) to converge, convergence will be 
   reached in 0 day(s) 0 hour(s) 0 minute(s) 0 second(s) i.e.
   on Tue Feb 04 22:21:38 2025 (current time is Tue Feb 04 22:21:38 2025);
   - if your program needs 11 BIG iterations  (22 iterations) to converge, convergence will be 
   reached in 0 day(s) 0 hour(s) 0 minute(s) 0 second(s) i.e.
   on Tue Feb 04 22:21:38 2025 (current time is Tue Feb 04 22:21:38 2025);
   - if your program needs 21 BIG iterations  (42 iterations) to converge, convergence will be 
   reached in 0 day(s) 0 hour(s) 0 minute(s) 0 second(s) i.e.
   on Tue Feb 04 22:21:38 2025 (current time is Tue Feb 04 22:21:38 2025);
   - if your program needs 31 BIG iterations  (62 iterations) to converge, convergence will be 
   reached in 0 day(s) 0 hour(s) 0 minute(s) 0 second(s) i.e.
   on Tue Feb 04 22:21:38 2025 (current time is Tue Feb 04 22:21:38 2025);
1........2............3.........4..................5.........6.................7.........8.........................Gaining to use new average direction of P0 P8 instead of biggest increase direction 8 :

Powell iter=4 Big Iter=3 -2*LL=943.704856329066 gain=38.2 0 sec. 1 sec.
#model=  1      +     age 
12   -1.6163740    0.0094370 
13  -13.2957575    0.1348441 
21   -1.2946873   -0.0197398 
23   -5.5208958    0.0468550 
1.......2............3.........4..................5.........6.................7.........8........
Powell iter=5 Big Iter=3 -2*LL=913.589701873154 gain=30.1 0 sec. 1 sec.
#model=  1      +     age 
12   -1.6283392    0.0141773 
13  -16.9362836    0.1999017 
21   -0.5597930   -0.0293010 
23   -7.2273929    0.0688190 
1........2............3.........4..................5.........6.................7.........8................Gaining to use new average direction of P0 P8 instead of biggest increase direction 1 :

Powell iter=6 Big Iter=4 -2*LL=900.690025110112 gain=12.9 0 sec. 1 sec.
#model=  1      +     age 
12   -1.6335144    0.0211094 
13  -23.2567961    0.2904063 
21    0.3605218   -0.0424608 
23   -9.5439289    0.0995523 
1........2............3.........4...............5.........6.................7.........8........directest= 4.355831785231 (if directest<0 or t<0 we include P0 Pn as new direction), t= -4.048265838189, f1= 900.690025110112,f2= 900.035254368585,f3= 904.442319807399, del= 0.353002197555
f1-2f2+f3= 5.061836180341, f1-f2-del= 0.301768543972, f1-f3= -3.752294697287

Powell iter=7 Big Iter=4 -2*LL=900.035254368585 gain=0.655 0 sec. 1 sec.
#model=  1      +     age 
12   -1.6599718    0.0221025 
13  -23.9739270    0.2947084 
21    0.3777143   -0.0428772 
23   -9.7097289    0.1009629 
1........2............3.........4...............5.........6.................7.........8...............Gaining to use new average direction of P0 P8 instead of biggest increase direction 1 :

Powell iter=8 Big Iter=5 -2*LL=899.770872954164 gain=0.264 0 sec. 1 sec.
#model=  1      +     age 
12   -1.8335830    0.0239910 
13  -25.2400451    0.3098791 
21    0.4804765   -0.0446343 
23  -10.1099334    0.1061696 
1........2............3.........4...............5.........6.................7.........8.......
Powell iter=9 Big Iter=5 -2*LL=899.706862995971 gain=0.064 0 sec. 1 sec.
#model=  1      +     age 
12   -1.8762828    0.0249791 
13  -25.5231892    0.3137994 
21    0.4974089   -0.0448630 
23  -10.2089605    0.1074727 
1........2............3.........4...............5.........6.................7.........8..............Gaining to use new average direction of P0 P8 instead of biggest increase direction 2 :

Powell iter=10 Big Iter=6 -2*LL=898.148499053771 gain=1.56 0 sec. 1 sec.
#model=  1      +     age 
12   -3.5080630    0.0519712 
13  -25.7626383    0.3212088 
21   -0.3082623   -0.0323249 
23  -10.3031464    0.1087751 
1........2........3.........4...............5.........6.................7...........8..........directest= 1.415632171515 (if directest<0 or t<0 we include P0 Pn as new direction), t= -0.003397713332, f1= 898.148499053771,f2= 898.144541914691,f3= 899.559643804486, del= 0.001713428680
f1-2f2+f3= 1.419059028875, f1-f2-del= 0.002243710400, f1-f3= -1.411144750715

Powell iter=11 Big Iter=6 -2*LL=898.144541914691 gain=0.00396 0 sec. 1 sec.
#model=  1      +     age 
12   -3.5178974    0.0520559 
13  -25.7501529    0.3214467 
21   -0.3177482   -0.0322920 
23  -10.3040498    0.1087849 
1........2.............3.........4...............5.........6.................7...........8.................Gaining to use new average direction of P0 P8 instead of biggest increase direction 4 :

Powell iter=12 Big Iter=7 -2*LL=898.138163744042 gain=0.00638 0 sec. 1 sec.
#model=  1      +     age 
12   -3.5077991    0.0517409 
13  -25.7288740    0.3209176 
21   -0.3338221   -0.0320541 
23  -10.2341966    0.1078766 
1........2........3.........4........5...........6.................7.........8............Gaining to use new average direction of P0 P8 instead of biggest increase direction 1 :

Powell iter=13 Big Iter=7 -2*LL=898.126059286664 gain=0.0121 0 sec. 1 sec.
#model=  1      +     age 
12   -3.5070192    0.0516607 
13  -25.9634194    0.3233753 
21   -0.3392356   -0.0319758 
23  -10.1881783    0.1072827 
1......2........3.........4.......5.........6.................7...................8............Gaining to use new average direction of P0 P8 instead of biggest increase direction 8 :

Powell iter=14 Big Iter=8 -2*LL=898.114422731578 gain=0.0116 0 sec. 1 sec.
#model=  1      +     age 
12   -3.5144082    0.0516838 
13  -26.2750642    0.3271426 
21   -0.3473842   -0.0318450 
23  -10.1250490    0.1064612 
1......2.........3.........4................5.........6.................7..........8............Gaining to use new average direction of P0 P8 instead of biggest increase direction 1 :

Powell iter=15 Big Iter=8 -2*LL=898.065698567813 gain=0.0487 0 sec. 1 sec.
#model=  1      +     age 
12   -3.5791283    0.0526809 
13  -27.8519615    0.3470427 
21   -0.3475787   -0.0318153 
23   -9.9996576    0.1048290 
1......2........3...........4..............5..........6.................7...........................8................Gaining to use new average direction of P0 P8 instead of biggest increase direction 1 :

Powell iter=16 Big Iter=9 -2*LL=898.034168312528 gain=0.0315 1 sec. 2 sec.
#model=  1      +     age 
12   -3.6405204    0.0537927 
13  -28.9661639    0.3615155 
21   -0.3289848   -0.0320909 
23   -9.9982850    0.1048082 
1........2........3........4........5.........6.................7.............8...............Gaining to use new average direction of P0 P8 instead of biggest increase direction 1 :

Powell iter=17 Big Iter=9 -2*LL=898.023973748534 gain=0.0102 0 sec. 2 sec.
#model=  1      +     age 
12   -3.6765837    0.0544480 
13  -29.6804632    0.3705089 
21   -0.3123527   -0.0323523 
23  -10.0082782    0.1049374 
1.......2........3........4..........5.........6......................7...........8...............Gaining to use new average direction of P0 P8 instead of biggest increase direction 1 :

Powell iter=18 Big Iter=10 -2*LL=898.018072228750 gain=0.0059 0 sec. 2 sec.
#model=  1      +     age 
12   -3.6969443    0.0548577 
13  -30.1710481    0.3764596 
21   -0.2971311   -0.0325902 
23  -10.0205558    0.1050996 
1.......2..........3........4...........5.........6.................7.............8..............Gaining to use new average direction of P0 P8 instead of biggest increase direction 1 :

Powell iter=19 Big Iter=10 -2*LL=898.015360351263 gain=0.00271 0 sec. 2 sec.
#model=  1      +     age 
12   -3.7031186    0.0550257 
13  -30.3593970    0.3786782 
21   -0.2889586   -0.0327113 
23  -10.0283381    0.1052044 
1.......2............3........4............5............6.....................7...............8.............Gaining to use new average direction of P0 P8 instead of biggest increase direction 8 :

Powell iter=20 Big Iter=11 -2*LL=898.013668840650 gain=0.00169 0 sec. 2 sec.
#model=  1      +     age 
12   -3.7106277    0.0552123 
13  -30.4932446    0.3803820 
21   -0.2826369   -0.0328008 
23  -10.0375825    0.1053272 
1.......2........3........4............5.........6.......................7.........8............Gaining to use new average direction of P0 P8 instead of biggest increase direction 1 :

Powell iter=21 Big Iter=11 -2*LL=898.008428169922 gain=0.00524 0 sec. 2 sec.
#model=  1      +     age 
12   -3.7101126    0.0553316 
13  -30.2835339    0.3779486 
21   -0.2733968   -0.0329327 
23  -10.0837279    0.1059311 
1......2........3.................4............5.........6.................7............8......
Powell iter=22 Big Iter=12 -2*LL=898.006583608321 gain=0.00184 0 sec. 2 sec.
#model=  1      +     age 
12   -3.7018103    0.0551710 
13  -30.0254157    0.3747873 
21   -0.2764626   -0.0328950 
23  -10.0974207    0.1061066 
1......2.................3........4..........5..........6.................7................8.............Gaining to use new average direction of P0 P8 instead of biggest increase direction 1 :

Powell iter=23 Big Iter=12 -2*LL=898.005781044007 gain=0.000803 0 sec. 2 sec.
#model=  1      +     age 
12   -3.6873633    0.0549133 
13  -29.6899805    0.3705880 
21   -0.2809584   -0.0328332 
23  -10.1093243    0.1062600 
1................2.........3...............4.............5..............6..................7.................8..................directest= 0.000272849230 (if directest<0 or t<0 we include P0 Pn as new direction), t= -0.000000000000, f1= 898.005781044007,f2= 898.005775638294,f3= 898.006049168537, del= 0.000003043363
f1-2f2+f3= 0.000278935956, f1-f2-del= 0.000002362350, f1-f3= -0.000268124530

Powell iter=24 Big Iter=13 -2*LL=898.005775638294 gain=5.41e-006 0 sec. 2 sec.
#model=  1      +     age 
12   -3.6870222    0.0549083 
13  -29.6887982    0.3705723 
21   -0.2811588   -0.0328294 
23  -10.1090069    0.1062560 
1........................2....................3.............4..............5..........6.................7...............8.......................Gaining to use new average direction of P0 P8 instead of biggest increase direction 6 :

Powell iter=25 Big Iter=13 -2*LL=898.005503064315 gain=0.000273 0 sec. 2 sec.
#model=  1      +     age 
12   -3.6736945    0.0546734 
13  -29.7520390    0.3713123 
21   -0.2936172   -0.0326379 
23  -10.1102833    0.1062733 
1......2..............3..........4...........5.........6.........7.............8......directest= 0.000253814409 (if directest<0 or t<0 we include P0 Pn as new direction), t= -0.000000000002, f1= 898.005503064315,f2= 898.005442694619,f3= 898.005730847667, del= 0.000047354167
f1-2f2+f3= 0.000348522743, f1-f2-del= 0.000013015529, f1-f3= -0.000227783351

Powell iter=26 Big Iter=14 -2*LL=898.005442694619 gain=6.04e-005 0 sec. 2 sec.
#model=  1      +     age 
12   -3.6714133    0.0546506 
13  -29.7615841    0.3714274 
21   -0.2945132   -0.0326262 
23  -10.1146114    0.1063297 
1........2................3...........4..............5.................6......................7...................8.........................Gaining to use new average direction of P0 P8 instead of biggest increase direction 1 :

Powell iter=27 Big Iter=14 -2*LL=898.005440262619 gain=2.43e-006 0 sec. 2 sec.
#model=  1      +     age 
12   -3.6707691    0.0546438 
13  -29.7631206    0.3714447 
21   -0.2947644   -0.0326221 
23  -10.1154869    0.1063412 
1.................2.................3.................4...............................5....................6...............................7....................8..................directest= 0.000000071797 (if directest<0 or t<0 we include P0 Pn as new direction), t= -0.000000000000, f1= 898.005440262619,f2= 898.005440262342,f3= 898.005440334139, del= 0.000000000139
f1-2f2+f3= 0.000000072074, f1-f2-del= 0.000000000139, f1-f3= -0.000000071520

Powell iter=28 Big Iter=15 -2*LL=898.005440262342 gain=2.77e-010 0 sec. 2 sec.
#model=  1      +     age 
12   -3.6707727    0.0546438 
13  -29.7631434    0.3714450 
21   -0.2947618   -0.0326221 
23  -10.1154962    0.1063413 
1..........................2.....................3..............................4.......................5.......................6...............................7.....................8.............................................
Powell iter=29 Big Iter=15 -2*LL=898.005440262334 gain=7.84e-012 0 sec. 2 sec.
#model=  1      +     age 
12   -3.6707734    0.0546438 
13  -29.7631482    0.3714451 
21   -0.2947613   -0.0326221 
23  -10.1154980    0.1063413 
1..............................2...........................3......................4.......................5......................6...............................7.................8....................directest= 0.000000000000 (if directest<0 or t<0 we include P0 Pn as new direction), t= -0.000000000000, f1= 898.005440262334,f2= 898.005440262333,f3= 898.005440262334, del= 0.000000000001
f1-2f2+f3= 0.000000000002, f1-f2-del= 0.000000000000, f1-f3= -0.000000000000

Powell iter=30 Big Iter=16 -2*LL=898.005440262333 gain=1.02e-012 0 sec. 2 sec.
#model=  1      +     age 
12   -3.6707732    0.0546438 
13  -29.7631489    0.3714451 
21   -0.2947614   -0.0326221 
23  -10.1154984    0.1063413 
1....................2.....................3.......................4.....................5.....................6..........................7.....................8......................................
#Number of iterations & function calls = 30 & 4102, -2 Log likelihood = 898.005440262333
# Parameters nlstate*nlstate*ncov a12*1 + b12 * age + ...
#model=  1      +     age 
12   -3.6707734    0.0546438 
13  -29.7631537    0.3714451 
21   -0.2947614   -0.0326221 
23  -10.1154983    0.1063413 

Calculation of the hessian matrix. Wait...
1-2-3-4-5-6-7-8-.1-2.1-3.1-4.1-5.1-6.1-7.1-8.2-3.2-4.2-5.2-6.2-7.2-8.3-4.3-5.3-6.3-7.3-8.4-5.4-6.4-7.4-8.5-6.5-7.5-8.6-7.6-8.7-8

Inverting the hessian to get the covariance matrix. Wait...

#Hessian matrix#
3.229167e+001 1.968099e+003 -1.199398e+000 -9.934233e+001 -6.016278e-001 -3.265183e+001 -5.813950e-001 -4.669325e+001 
1.968099e+003 1.216433e+005 -9.968517e+001 -8.261474e+003 -3.293098e+001 -1.698168e+003 -4.616657e+001 -3.731265e+003 
-1.199398e+000 -9.968517e+001 1.707608e+000 1.386940e+002 -3.633105e-001 -2.913269e+001 4.813735e-001 3.839153e+001 
-9.934233e+001 -8.261474e+003 1.386940e+002 1.130473e+004 -2.979855e+001 -2.395191e+003 3.839152e+001 3.079906e+003 
-6.016278e-001 -3.293098e+001 -3.633105e-001 -2.979855e+001 4.700220e+001 3.023081e+003 -2.291378e+000 -1.623956e+002 
-3.265183e+001 -1.698168e+003 -2.913269e+001 -2.395191e+003 3.023081e+003 1.981726e+005 -1.633559e+002 -1.177562e+004 
-5.813950e-001 -4.616657e+001 4.813735e-001 3.839152e+001 -2.291378e+000 -1.633559e+002 4.699122e+001 3.600067e+003 
-4.669325e+001 -3.731265e+003 3.839153e+001 3.079906e+003 -1.623956e+002 -1.177562e+004 3.600067e+003 2.797369e+005 
Parameters, Wald tests and Wald-based confidence intervals
 W is simply the result of the division of the parameter by the square root of covariance of the parameter.
 And Wald-based confidence intervals plus and minus 1.96 * W 
  It might be better to visualize the covariance matrix. See the page 'Matrix of variance-covariance of one-step probabilities' and its graphs.
12   -3.6707734(   1.7445855) W=  -2.104 CI=[  -7.0901610 ;   -0.2513857]    0.0546438(   0.0287908) W=   1.898 CI=[  -0.0017862 ;    0.1110738] 
13  -29.7631537(  13.1437974) W=  -2.264 CI=[ -55.5249967 ;   -4.0013107]    0.3714451(   0.1627878) W=   2.282 CI=[   0.0523811 ;    0.6905092] 
21   -0.2947614(   1.0664158) W=  -0.276 CI=[  -2.3849364 ;    1.7954137]   -0.0326221(   0.0164332) W=  -1.985 CI=[  -0.0648311 ;   -0.0004131] 
23  -10.1154983(   1.2329888) W=  -8.204 CI=[ -12.5321564 ;   -7.6988401]    0.1063413(   0.0159801) W=   6.655 CI=[   0.0750203 ;    0.1376623] 
# Scales (for hessian or gradient estimation)
12 1.00000e-003 2.00000e-005
13 1.00000e-003 1.00000e-005
21 1.00000e-003 2.00000e-005
23 1.00000e-003 1.00000e-005
# Covariance matrix 
# 121 Var(a12)
# 122 Cov(b12,a12) Var(b12)
#   ...
# 232 Cov(b23,a12)  Cov(b23,b12) ... Var (b23)
#121 Var(a12)
#122 Cov(b12,a12) Var(b12)
#131 Cov(a13,a12) Cov(a13,b12) Var(a13)
#132 Cov(b13,a12) Cov(b13,b12) Cov(b13,a13) Var(b13)
#211 Cov(a21,a12) Cov(a21,b12) Cov(a21,a13) Cov(a21,b13) Var(a21)
#212 Cov(b21,a12) Cov(b21,b12) Cov(b21,a13) Cov(b21,b13) Cov(b21,a21) Var(b21)
#231 Cov(a23,a12) Cov(a23,b12) Cov(a23,a13) Cov(a23,b13) Cov(a23,a21) Cov(a23,b21) Var(a23)
#232 Cov(b23,a12) Cov(b23,b12) Cov(b23,a13) Cov(b23,b13) Cov(b23,a21) Cov(b23,b21) Cov(b23,a23) Var(b23)
121 3.0435786e+000
122 -4.99641e-002 8.2891158e-004
131 4.08487e+000 -6.94819e-002 1.7275941e+002
132 -5.99010e-002 1.01944e-003 -2.13463e+000 2.6499864e-002
211 4.28353e-002 -6.88082e-004 3.44654e-001 -5.01371e-003 1.1372427e+000
212 -7.06458e-004 1.15247e-005 -5.64946e-003 8.26129e-005 -1.73590e-002 2.7004908e-004
231 1.62829e-002 -2.66944e-004 -6.23217e-001 7.76054e-003 3.42967e-002 -4.29953e-004 1.5202615e+000
232 -2.73942e-004 4.54932e-006 7.53036e-003 -9.45112e-005 -5.06037e-004 6.72525e-006 -1.95639e-002 2.5536337e-004
# agemin agemax for life expectancy, bage fage (if mle==0 ie no data nor Max likelihood).
# Observed prevalence period
begin-prev-date=1/1/2013 end-prev-date=1/9/2018 mov_average=0
# Health expectancies computed from stable (period) prevalence (pop_based=0) or population based (1)
pop_based=0
# Prevalence forecasting and backcasting is skept here
##prevforecast=0  starting-proj-date=1/1/1989 final-proj-date=1/1/1990 mobil_average=0
#prevforecast=1 yearsfproj=10 mobil_average=0
#prevbackcast=1 yearsbproj=10 mobil_average=1
result:  .
End of resultlines.

Computing forward period (stable) prevalence: result on file 'PL_PLFchr.txt' 
#************
Computing pij: result on file 'PIJ_PLFchr.txt' 
Computing standard deviation of one-step probabilities: result on file 'PROB_rPLFchr.txt' 
Computing matrix of variance covariance of one-step probabilities: result on file 'PROBCOV_PLFchr.txt' 
and correlation matrix of one-step probabilities: result on file 'PROBCOR_PLFchr.txt' 
50 13-12 mu 4.9595e-006 1.4059e-001 Var 6.2628e-010 1.2199e-003 cor 0.075 cov 6.5355e-008 Eig 1.220e-003 6.228e-010 1stv 0.000 1.000 tan 18666.285
55 13-12 mu 2.9190e-005 1.6976e-001 Var 1.5405e-008 6.9120e-004 cor 0.032 cov 1.0590e-007 Eig 6.912e-004 1.539e-008 1stv 0.000 1.000 tan 6526.479
60 13-12 mu 1.6892e-004 2.0153e-001 Var 3.4258e-007 4.6294e-004 cor -0.045 cov -5.6452e-007 Eig 4.629e-004 3.419e-007 1stv 0.001 -1.000 tan -819.443
65 13-12 mu 9.5889e-004 2.3470e-001 Var 6.6378e-006 7.8513e-004 cor -0.112 cov -8.0677e-006 Eig 7.852e-004 6.554e-006 1stv 0.010 -1.000 tan -96.505
70 13-12 mu 5.3052e-003 2.6639e-001 Var 1.0378e-004 1.7219e-003 cor -0.187 cov -7.9142e-005 Eig 1.726e-003 9.992e-005 1stv 0.049 -0.999 tan -20.495
75 13-12 mu 2.7748e-002 2.8584e-001 Var 1.0742e-003 3.1322e-003 cor -0.375 cov -6.8729e-004 Eig 3.341e-003 8.658e-004 1stv 0.290 -0.957 tan -3.298
80 13-12 mu 1.2013e-001 2.5388e-001 Var 5.2464e-003 4.6315e-003 cor -0.677 cov -3.3386e-003 Eig 8.292e-003 1.586e-003 1stv 0.739 -0.674 tan -0.912
85 13-12 mu 3.1304e-001 1.3572e-001 Var 1.3150e-002 7.2836e-003 cor -0.948 cov -9.2765e-003 Eig 1.995e-002 4.877e-004 1stv 0.807 -0.591 tan -0.733
90 13-12 mu 4.4863e-001 3.9904e-002 Var 5.4199e-003 3.2647e-003 cor -0.991 cov -4.1675e-003 Eig 8.647e-003 3.778e-005 1stv 0.791 -0.612 tan -0.774
50 21-12 mu 6.3150e-002 1.4059e-001 Var 2.3261e-004 1.2199e-003 cor 0.020 cov 1.0676e-005 Eig 1.220e-003 2.325e-004 1stv 0.011 1.000 tan 92.487
55 21-12 mu 5.4407e-002 1.6976e-001 Var 1.0484e-004 6.9120e-004 cor 0.020 cov 5.3978e-006 Eig 6.912e-004 1.048e-004 1stv 0.009 1.000 tan 108.639
60 21-12 mu 4.6579e-002 2.0153e-001 Var 4.6895e-005 4.6294e-004 cor 0.022 cov 3.2778e-006 Eig 4.630e-004 4.687e-005 1stv 0.008 1.000 tan 126.937
65 21-12 mu 3.9536e-002 2.3470e-001 Var 2.8467e-005 7.8513e-004 cor 0.026 cov 3.9099e-006 Eig 7.852e-004 2.845e-005 1stv 0.005 1.000 tan 193.530
70 21-12 mu 3.3144e-002 2.6639e-001 Var 2.8865e-005 1.7219e-003 cor 0.027 cov 5.9702e-006 Eig 1.722e-003 2.884e-005 1stv 0.004 1.000 tan 283.588
75 21-12 mu 2.7272e-002 2.8584e-001 Var 3.4746e-005 3.1322e-003 cor 0.015 cov 4.9831e-006 Eig 3.132e-003 3.474e-005 1stv 0.002 1.000 tan 621.590
80 21-12 mu 2.1822e-002 2.5388e-001 Var 3.8319e-005 4.6315e-003 cor -0.035 cov -1.4702e-005 Eig 4.632e-003 3.827e-005 1stv 0.003 -1.000 tan -312.424
85 21-12 mu 1.6770e-002 1.3572e-001 Var 3.6297e-005 7.2836e-003 cor -0.077 cov -3.9811e-005 Eig 7.284e-003 3.608e-005 1stv 0.005 -1.000 tan -182.048
90 21-12 mu 1.2204e-002 3.9904e-002 Var 2.9166e-005 3.2647e-003 cor -0.068 cov -2.1091e-005 Eig 3.265e-003 2.903e-005 1stv 0.007 -1.000 tan -153.417
50 23-12 mu 3.5714e-003 1.4059e-001 Var 2.5450e-006 1.2199e-003 cor 0.002 cov 1.3222e-007 Eig 1.220e-003 2.545e-006 1stv 0.000 1.000 tan 9207.145
55 23-12 mu 6.1641e-003 1.6976e-001 Var 5.2096e-006 6.9120e-004 cor 0.002 cov 1.3107e-007 Eig 6.912e-004 5.210e-006 1stv 0.000 1.000 tan 5233.574
60 23-12 mu 1.0572e-002 2.0153e-001 Var 9.8194e-006 4.6294e-004 cor 0.003 cov 2.1339e-007 Eig 4.629e-004 9.819e-006 1stv 0.000 1.000 tan 2123.450
65 23-12 mu 1.7977e-002 2.3470e-001 Var 1.6730e-005 7.8513e-004 cor 0.007 cov 8.1460e-007 Eig 7.851e-004 1.673e-005 1stv 0.001 1.000 tan 943.286
70 23-12 mu 3.0191e-002 2.6639e-001 Var 2.6156e-005 1.7219e-003 cor 0.016 cov 3.3921e-006 Eig 1.722e-003 2.615e-005 1stv 0.002 1.000 tan 499.922
75 23-12 mu 4.9768e-002 2.8584e-001 Var 4.4290e-005 3.1322e-003 cor 0.033 cov 1.2266e-005 Eig 3.132e-003 4.424e-005 1stv 0.004 1.000 tan 251.741
80 23-12 mu 7.9779e-002 2.5388e-001 Var 1.0944e-004 4.6315e-003 cor 0.056 cov 3.9659e-005 Eig 4.632e-003 1.091e-004 1stv 0.009 1.000 tan 114.033
85 23-12 mu 1.2282e-001 1.3572e-001 Var 3.3799e-004 7.2836e-003 cor 0.056 cov 8.8197e-005 Eig 7.285e-003 3.369e-004 1stv 0.013 1.000 tan 78.764
90 23-12 mu 1.7906e-001 3.9904e-002 Var 8.8699e-004 3.2647e-003 cor 0.045 cov 7.7306e-005 Eig 3.267e-003 8.845e-004 1stv 0.032 0.999 tan 30.790
50 21-13 mu 6.3150e-002 4.9595e-006 Var 2.3261e-004 6.2628e-010 cor 0.013 cov 4.9980e-009 Eig 2.326e-004 6.262e-010 1stv 1.000 0.000 tan 0.000
55 21-13 mu 5.4407e-002 2.9190e-005 Var 1.0484e-004 1.5405e-008 cor 0.010 cov 1.2296e-008 Eig 1.048e-004 1.540e-008 1stv 1.000 0.000 tan 0.000
60 21-13 mu 4.6579e-002 1.6892e-004 Var 4.6895e-005 3.4258e-007 cor 0.005 cov 2.1980e-008 Eig 4.689e-005 3.426e-007 1stv 1.000 0.000 tan 0.000
65 21-13 mu 3.9536e-002 9.5889e-004 Var 2.8467e-005 6.6378e-006 cor 0.003 cov 4.5160e-008 Eig 2.847e-005 6.638e-006 1stv 1.000 0.002 tan 0.002
70 21-13 mu 3.3144e-002 5.3052e-003 Var 2.8865e-005 1.0378e-004 cor 0.009 cov 5.1698e-007 Eig 1.038e-004 2.886e-005 1stv 0.007 1.000 tan 144.921
75 21-13 mu 2.7272e-002 2.7748e-002 Var 3.4746e-005 1.0742e-003 cor 0.030 cov 5.8675e-006 Eig 1.074e-003 3.471e-005 1stv 0.006 1.000 tan 177.160
80 21-13 mu 2.1822e-002 1.2013e-001 Var 3.8319e-005 5.2464e-003 cor 0.076 cov 3.4289e-005 Eig 5.247e-003 3.809e-005 1stv 0.007 1.000 tan 151.894
85 21-13 mu 1.6770e-002 3.1304e-001 Var 3.6297e-005 1.3150e-002 cor 0.088 cov 6.0456e-005 Eig 1.315e-002 3.602e-005 1stv 0.005 1.000 tan 216.920
90 21-13 mu 1.2204e-002 4.4863e-001 Var 2.9166e-005 5.4199e-003 cor 0.071 cov 2.8385e-005 Eig 5.420e-003 2.902e-005 1stv 0.005 1.000 tan 189.923
50 23-13 mu 3.5714e-003 4.9595e-006 Var 2.5450e-006 6.2628e-010 cor -0.043 cov -1.7119e-009 Eig 2.545e-006 6.251e-010 1stv 1.000 -0.001 tan -0.001
55 23-13 mu 6.1641e-003 2.9190e-005 Var 5.2096e-006 1.5405e-008 cor -0.043 cov -1.2274e-008 Eig 5.210e-006 1.538e-008 1stv 1.000 -0.002 tan -0.002
60 23-13 mu 1.0572e-002 1.6892e-004 Var 9.8194e-006 3.4258e-007 cor -0.044 cov -8.0869e-008 Eig 9.820e-006 3.419e-007 1stv 1.000 -0.009 tan -0.009
65 23-13 mu 1.7977e-002 9.5889e-004 Var 1.6730e-005 6.6378e-006 cor -0.045 cov -4.7762e-007 Eig 1.675e-005 6.615e-006 1stv 0.999 -0.047 tan -0.047
70 23-13 mu 3.0191e-002 5.3052e-003 Var 2.6156e-005 1.0378e-004 cor -0.047 cov -2.4559e-006 Eig 1.039e-004 2.608e-005 1stv 0.032 -1.000 tan -31.641
75 23-13 mu 4.9768e-002 2.7748e-002 Var 4.4290e-005 1.0742e-003 cor -0.050 cov -1.0907e-005 Eig 1.074e-003 4.417e-005 1stv 0.011 -1.000 tan -94.440
80 23-13 mu 7.9779e-002 1.2013e-001 Var 1.0944e-004 5.2464e-003 cor -0.058 cov -4.3572e-005 Eig 5.247e-003 1.091e-004 1stv 0.008 -1.000 tan -117.904
85 23-13 mu 1.2282e-001 3.1304e-001 Var 3.3799e-004 1.3150e-002 cor -0.051 cov -1.0801e-004 Eig 1.315e-002 3.371e-004 1stv 0.008 -1.000 tan -118.624
90 23-13 mu 1.7906e-001 4.4863e-001 Var 8.8699e-004 5.4199e-003 cor -0.043 cov -9.4185e-005 Eig 5.422e-003 8.850e-004 1stv 0.021 -1.000 tan -48.149
50 23-21 mu 3.5714e-003 6.3150e-002 Var 2.5450e-006 2.3261e-004 cor -0.057 cov -1.3825e-006 Eig 2.326e-004 2.537e-006 1stv 0.006 -1.000 tan -166.425
55 23-21 mu 6.1641e-003 5.4407e-002 Var 5.2096e-006 1.0484e-004 cor -0.047 cov -1.0923e-006 Eig 1.049e-004 5.198e-006 1stv 0.011 -1.000 tan -91.223
60 23-21 mu 1.0572e-002 4.6579e-002 Var 9.8194e-006 4.6895e-005 cor -0.047 cov -1.0038e-006 Eig 4.692e-005 9.792e-006 1stv 0.027 -1.000 tan -36.962
65 23-21 mu 1.7977e-002 3.9536e-002 Var 1.6730e-005 2.8467e-005 cor -0.060 cov -1.3060e-006 Eig 2.861e-005 1.659e-005 1stv 0.109 -0.994 tan -9.097
70 23-21 mu 3.0191e-002 3.3144e-002 Var 2.6156e-005 2.8865e-005 cor -0.080 cov -2.1960e-006 Eig 3.009e-005 2.493e-005 1stv 0.487 -0.873 tan -1.792
75 23-21 mu 4.9768e-002 2.7272e-002 Var 4.4290e-005 3.4746e-005 cor -0.105 cov -4.1162e-006 Eig 4.582e-005 3.322e-005 1stv 0.937 -0.348 tan -0.372
80 23-21 mu 7.9779e-002 2.1822e-002 Var 1.0944e-004 3.8319e-005 cor -0.133 cov -8.6201e-006 Eig 1.105e-004 3.729e-005 1stv 0.993 -0.119 tan -0.119
85 23-21 mu 1.2282e-001 1.6770e-002 Var 3.3799e-004 3.6297e-005 cor -0.173 cov -1.9153e-005 Eig 3.392e-004 3.509e-005 1stv 0.998 -0.063 tan -0.063
90 23-21 mu 1.7906e-001 1.2204e-002 Var 8.8699e-004 2.9166e-005 cor -0.235 cov -3.7875e-005 Eig 8.887e-004 2.750e-005 1stv 0.999 -0.044 tan -0.044
Prevalence combination of varying and fixed dummies 1
Warning Observed prevalence doesn't sum to 1 for state 2: probs[50][2][1]=0.000000 because of lack of cases.
Computing Health Expectancies: result on file 'E_PLFchr.txt' ...50|51|52|53|54|55|56|57|58|59|60|61|62|63|64|65|66|67|68|69|70|71|72|73|74|75|76|77|78|79|80|81|82|83|84|85|86|87|88|89|90|
done evsij
Computing Total Life expectancies with their standard errors: file 'T_PLFchr.txt' ...
  Computing State-specific Expectancies and standard errors: result on file 'STDE_PLFchr.txt' 
    Computing Covar. of State-specific Expectancies: result on file 'CVE_PLFchr.txt' 
      Computing Variance-covariance of State-specific Expectancies: file 'V_PLFchr.txt' ... 
# model  
#****** Result for:******
 cvevsij 50|51|52|53|54|55|56|57|58|59|60|61|62|63|64|65|66|67|68|69|70|71|72|73|74|75|76|77|78|79|80|81|82|83|84|85|86|87|88|89|90|
 end cvevsij 
 varevsij vpopbased=0 
Computing total mortality p.j=w1*p1j+w2*p2j+..: result on file 'PRMORPREV-1-STABLBASED_PLFchr.txt' 
Computing age specific forward period (stable) prevalences in each health state 
done selection
done State-specific expectancies
Computing Variance-covariance of forward period (stable) prevalence: file 'VPL_PLFchr.txt' ...
#****** ******
done variance-covariance of forward period prevalence
End of Imach with 0 errors and/or warnings 1. Please look at the log file for details.
Local time at start Tue Feb 04 22:21:37 2025

Local time at end   Tue Feb 04 22:21:40 2025

Total time used 0 day(s) 0 hour(s) 0 minute(s) 3 second(s)
Total time was 3 Sec.
