Log filename:PLFgali.log
Version 0.99r45 $Revision: 1.353 $ $Date: 2023/05/08 18:48:22 $
Enter the parameter file name: 
pathimach=C:\PROGRA~1\IMACH-~2.99R\bin\
pathtot=C:\Users\mmusz\Dropbox\gender_paradox\data\IMACHnew\PLFgali.txt
 path=C:\Users\mmusz\Dropbox\gender_paradox\data\IMACHnew\ 
 optionfile=PLFgali.txt
 optionfilext=txt
 optionfilefiname='PLFgali'
Compiled with: Microsoft Visual Studio for Windows (x64 and x86)  64-bit
The programm is not running under WOW64 (i.e probably on a 64bit Windows).
Local time (at start): Tue Feb 04 20:24:32 2025
title=gali datafile=dataPLFgali.txt lastobs=5000 firstpass=1 lastpass=2
ftol=1.000000e-018 stepm=6 ncovcol=0 nqv=0 ntv=0 nqtv=0 nlstate=2 ndeath=1 maxwav=2 mle=1 weight=1
model=1+age+
12 -6.413839 0.061575
13 -13.892420 0.136858
21 2.644139 -0.051458
23 -6.111456 0.058012
# Scales (for hessian or gradient estimation)
12 0.000000e+000 0.000000e+000
13 0.000000e+000 0.000000e+000
21 0.000000e+000 0.000000e+000
23 0.000000e+000 0.000000e+000
# Covariance matrix
121 0.00000e+000
122 0.00000e+000 0.00000e+000
131 0.00000e+000 0.00000e+000 0.00000e+000
132 0.00000e+000 0.00000e+000 0.00000e+000 0.00000e+000
211 0.00000e+000 0.00000e+000 0.00000e+000 0.00000e+000 0.00000e+000
212 0.00000e+000 0.00000e+000 0.00000e+000 0.00000e+000 0.00000e+000 0.00000e+000
231 0.00000e+000 0.00000e+000 0.00000e+000 0.00000e+000 0.00000e+000 0.00000e+000 0.00000e+000
232 0.00000e+000 0.00000e+000 0.00000e+000 0.00000e+000 0.00000e+000 0.00000e+000 0.00000e+000 0.00000e+000

Model=1+age+
Typevar: 0 for simple covariate (dummy, quantitative, fixed or varying), 1 for age product, 2 for  product, 3 for double product with age  
Fixed[k] 0=fixed (product or simple), 1 varying, 2 fixed with age product, 3 varying with age product 
Dummy[k] 0=dummy (0 1), 1 quantitative (single or product without age), 2 dummy with age product, 3 quant with age product
ncoveff=0, nqfveff=0, ntveff=0, nqtveff=0, cptcovn=0
ncovf=0, ncovv=0, ncova=0, nsd=0, nsq=0
Warning: The value of parameter lastobs=5000 is big compared to the 
  effective number of cases imx=839, please adjust, 
  otherwise you are allocating more memory than necessary.
Total number of individuals= 839, Agemin = 51.17, Agemax= 92.83

Information, you have to check 0 informations which haven't been logged!
Delay (in months) between two waves Min=1 (for indiviudal 213) Max=33 (209) Mean=24.609058

 Age 51 1.=2 loss[1]=0.0% 2.=0 loss[2]=0.0% 1.=2 prev[1]=90.3% 2.=0 prev[2]=9.7% 11=2 12=0 21=0 22=0
Age 52 1.=3 loss[1]=0.0% 2.=0 loss[2]=0.0% 1.=3 prev[1]=96.1% 2.=0 prev[2]=3.9% 11=3 21=0
Age 53 1.=2 loss[1]=0.0% 2.=0 loss[2]=NaNQ% 1.=2 prev[1]=100.0% 2.=0 prev[2]=0.0% 11=2
Age 54 1.=2 loss[1]=0.0% 2.=0 loss[2]=0.0% 1.=2 prev[1]=94.1% 2.=0 prev[2]=5.9% 11=2 12=0 21=0
Age 55 1.=2 loss[1]=0.0% 2.=0 loss[2]=0.0% 1.=2 prev[1]=88.5% 2.=0 prev[2]=11.5% 11=2 13=0 21=0 22=0
Age 56 1.=3 loss[1]=0.0% 2.=0 loss[2]=0.0% 1.=3 prev[1]=89.5% 2.=0 prev[2]=10.5% 11=3 12=0 21=0
Age 57 1.=4 loss[1]=0.0% 2.=1 loss[2]=0.0% 1.=4 prev[1]=80.3% 2.=1 prev[2]=19.7% 11=4 21=1 22=0
Age 58 1.=1 loss[1]=0.0% 2.=0 loss[2]=0.0% 1.=1 prev[1]=78.7% 2.=0 prev[2]=21.3% 11=1 12=0 21=0 22=0
Age 59 1.=4 loss[1]=0.0% 2.=0 loss[2]=0.0% 1.=4 prev[1]=95.2% 2.=0 prev[2]=4.8% 11=3 12=1 22=0 23=0
Age 60 1.=3 loss[1]=0.0% 2.=0 loss[2]=0.0% 1.=3 prev[1]=86.5% 2.=0 prev[2]=13.5% 11=3 12=0 21=0 22=0
Age 61 1.=2 loss[1]=0.0% 2.=0 loss[2]=0.0% 1.=2 prev[1]=97.5% 2.=0 prev[2]=2.5% 11=2 12=0 21=0
Age 62 1.=3 loss[1]=0.0% 2.=0 loss[2]=0.0% 1.=3 prev[1]=92.6% 2.=0 prev[2]=7.4% 11=2 12=0 21=0 22=0
Age 63 1.=2 loss[1]=0.0% 2.=1 loss[2]=0.0% 1.=2 prev[1]=82.3% 2.=1 prev[2]=17.7% 11=2 12=0 21=0 22=0
Age 64 1.=3 loss[1]=0.0% 2.=0 loss[2]=0.0% 1.=3 prev[1]=97.0% 2.=0 prev[2]=3.0% 11=3 12=0 13=0 21=0
Age 65 1.=2 loss[1]=0.0% 2.=0 loss[2]=0.0% 1.=2 prev[1]=89.9% 2.=0 prev[2]=10.1% 11=2 12=0 21=0 22=0
Age 66 1.=2 loss[1]=0.0% 2.=1 loss[2]=0.0% 1.=2 prev[1]=79.6% 2.=1 prev[2]=20.4% 11=2 12=0 21=0 22=0 23=0
Age 67 1.=3 loss[1]=0.0% 2.=1 loss[2]=0.0% 1.=3 prev[1]=83.5% 2.=1 prev[2]=16.5% 11=2 12=1 21=0 22=0
Age 68 1.=2 loss[1]=0.0% 2.=0 loss[2]=0.0% 1.=2 prev[1]=90.3% 2.=0 prev[2]=9.7% 11=2 12=0 13=0 21=0 22=0 23=0
Age 69 1.=1 loss[1]=0.0% 2.=1 loss[2]=0.0% 1.=1 prev[1]=66.0% 2.=1 prev[2]=34.0% 11=1 12=0 13=0 21=0 22=0 23=0
Age 70 1.=2 loss[1]=0.0% 2.=0 loss[2]=0.0% 1.=2 prev[1]=95.7% 2.=0 prev[2]=4.3% 11=1 12=0 21=0
Age 71 1.=1 loss[1]=0.0% 2.=0 loss[2]=0.0% 1.=1 prev[1]=83.9% 2.=0 prev[2]=16.1% 11=1 12=0 21=0 22=0
Age 72 1.=1 loss[1]=0.0% 2.=0 loss[2]=0.0% 1.=1 prev[1]=62.8% 2.=0 prev[2]=37.2% 11=1 12=0 21=0 22=0 23=0
Age 73 1.=1 loss[1]=0.0% 2.=0 loss[2]=0.0% 1.=1 prev[1]=74.0% 2.=0 prev[2]=26.0% 11=1 12=0 13=0 22=0
Age 74 1.=2 loss[1]=0.0% 2.=1 loss[2]=0.0% 1.=2 prev[1]=73.9% 2.=1 prev[2]=26.1% 11=1 12=1 13=0 21=0 22=0 23=0
Age 75 1.=1 loss[1]=0.0% 2.=1 loss[2]=0.0% 1.=1 prev[1]=64.2% 2.=1 prev[2]=35.8% 11=0 12=0 13=0 21=0 22=0 23=0
Age 76 1.=2 loss[1]=0.0% 2.=0 loss[2]=0.0% 1.=2 prev[1]=83.4% 2.=0 prev[2]=16.6% 11=1 12=0 21=0 22=0
Age 77 1.=1 loss[1]=0.0% 2.=1 loss[2]=0.0% 1.=1 prev[1]=40.9% 2.=1 prev[2]=59.1% 11=1 12=0 13=0 21=1 22=0 23=0
Age 78 1.=1 loss[1]=0.0% 2.=1 loss[2]=0.0% 1.=1 prev[1]=57.3% 2.=1 prev[2]=42.7% 11=0 12=0 13=0 21=0 22=0
Age 79 1.=1 loss[1]=0.0% 2.=1 loss[2]=0.0% 1.=1 prev[1]=51.8% 2.=1 prev[2]=48.2% 12=0 13=0 22=1 23=0
Age 80 1.=1 loss[1]=0.0% 2.=0 loss[2]=0.0% 1.=1 prev[1]=81.1% 2.=0 prev[2]=18.9% 11=1 12=0 13=0 22=0 23=0
Age 81 1.=1 loss[1]=0.0% 2.=0 loss[2]=0.0% 1.=1 prev[1]=67.2% 2.=0 prev[2]=32.8% 11=1 13=0 22=0 23=0
Age 82 1.=1 loss[1]=0.0% 2.=0 loss[2]=0.0% 1.=1 prev[1]=64.6% 2.=0 prev[2]=35.4% 11=1 12=0 21=0 23=0
Age 83 1.=1 loss[1]=0.0% 2.=0 loss[2]=0.0% 1.=1 prev[1]=67.3% 2.=0 prev[2]=32.7% 11=0 12=0 13=0 22=0 23=0
Age 84 1.=1 loss[1]=0.0% 2.=1 loss[2]=0.0% 1.=1 prev[1]=48.8% 2.=1 prev[2]=51.2% 11=0 12=0 13=0 21=0 22=0 23=0
Age 85 1.=1 loss[1]=0.0% 2.=0 loss[2]=0.0% 1.=1 prev[1]=72.5% 2.=0 prev[2]=27.5% 11=1 12=0 13=0 22=0
Age 86 1.=1 loss[1]=0.0% 2.=0 loss[2]=0.0% 1.=1 prev[1]=62.7% 2.=0 prev[2]=37.3% 11=0 12=0 13=0 23=0
Age 87 1.=0 loss[1]=0.0% 2.=1 loss[2]=0.0% 1.=0 prev[1]=46.8% 2.=1 prev[2]=53.2% 11=0 13=0 21=0 22=0 23=0
Age 88 1.=0 loss[1]=0.0% 2.=0 loss[2]=0.0% 1.=0 prev[1]=49.2% 2.=0 prev[2]=50.8% 11=0 22=0 23=0
Age 89 1.=0 loss[1]=0.0% 2.=0 loss[2]=0.0% 1.=0 prev[1]=34.2% 2.=0 prev[2]=65.8% 11=0 21=0 22=0 23=0
Age 90 1.=0 loss[1]=NaNQ% 2.=0 loss[2]=0.0% 1.=0 prev[1]=0.0% 2.=0 prev[2]=100.0% 21=0 22=0
Age 91 1.=0 loss[1]=0.0% 2.=0 loss[2]=NaNQ% 1.=0 prev[1]=100.0% 2.=0 prev[2]=0.0% 13=0
Age 92 1.=0 loss[1]=NaNQ% 2.=0 loss[2]=NaNQ% 1.=0 prev[1]=NaNQ% 2.=0 prev[2]=NaNQ%
1 1.=0 loss[1]=NaNQ% 2.=0 loss[2]=NaNQ% 1.=0 prev[1]=NaNQ% 2.=0 prev[2]=NaNQ%
0 1.=0 loss[1]=NaNQ% 2.=0 loss[2]=NaNQ% 1.=0 prev[1]=NaNQ% 2.=0 prev[2]=NaNQ%
Total 1.=68 loss[1]=0.0% 2.=16 loss[2]=0.0% 1.=68 prev[1]=81.1% 2.=16 prev[2]=18.9% 11=55 12=9 13=3 21=6 22=7 23=3


12   -6.4138389 ln(9/55)=   -1.7708138 
13  -13.8924204 ln(3/55)=   -2.9119102 
21    2.6441390 ln(6/7)=   -0.2147652 
23   -6.1114560 ln(3/7)=   -0.7907348 

 -1-1=0 -10=0 -11=0 -12=0 -13=0 0-1=0 00=0 01=0 02=0 03=0 1-1=0 10=0 11=55 12=9 13=3 2-1=0 20=0 21=6 22=7 23=3 3-1=0 30=0 31=0 32=0 33=0
Powell

Powell iter=1 Big Iter=1 -2*LL=1267.832782370102 gain=0 0 sec. 0 sec.
#model=  1      +     age 
12   -6.4138389    0.0615753 
13  -13.8924204    0.1368584 
21    2.6441390   -0.0514584 
23   -6.1114560    0.0580124 
1.........2..............3........4..................5........6..............7.........8..................
Powell iter=2 Big Iter=2 -2*LL=1201.108648751892 gain=66.7 0 sec. 0 sec.
#model=  1      +     age 
12   -6.7689068    0.0614429 
13  -15.3955883    0.1365759 
21    2.2113407   -0.0511555 
23   -6.8083304    0.0580345 

Considering the time needed for this last iteration #2: 0 seconds,
   - if your program needs 1 BIG iterations  (2 iterations) to converge, convergence will be 
   reached in 0 day(s) 0 hour(s) 0 minute(s) 0 second(s) i.e.
   on Tue Feb 04 20:24:32 2025 (current time is Tue Feb 04 20:24:32 2025);
   - if your program needs 11 BIG iterations  (22 iterations) to converge, convergence will be 
   reached in 0 day(s) 0 hour(s) 0 minute(s) 0 second(s) i.e.
   on Tue Feb 04 20:24:32 2025 (current time is Tue Feb 04 20:24:32 2025);
   - if your program needs 21 BIG iterations  (42 iterations) to converge, convergence will be 
   reached in 0 day(s) 0 hour(s) 0 minute(s) 0 second(s) i.e.
   on Tue Feb 04 20:24:32 2025 (current time is Tue Feb 04 20:24:32 2025);
   - if your program needs 31 BIG iterations  (62 iterations) to converge, convergence will be 
   reached in 0 day(s) 0 hour(s) 0 minute(s) 0 second(s) i.e.
   on Tue Feb 04 20:24:32 2025 (current time is Tue Feb 04 20:24:32 2025);
1.........2...............3..........4..................5.........6...............7..........8..................
Powell iter=3 Big Iter=2 -2*LL=1194.457248770641 gain=6.65 0 sec. 0 sec.
#model=  1      +     age 
12   -6.8983296    0.0613471 
13  -14.8927627    0.1364067 
21    1.9555646   -0.0510186 
23   -6.9231676    0.0580882 

Considering the time needed for this last iteration #3: 0 seconds,
   - if your program needs 1 BIG iterations  (2 iterations) to converge, convergence will be 
   reached in 0 day(s) 0 hour(s) 0 minute(s) 0 second(s) i.e.
   on Tue Feb 04 20:24:32 2025 (current time is Tue Feb 04 20:24:32 2025);
   - if your program needs 11 BIG iterations  (22 iterations) to converge, convergence will be 
   reached in 0 day(s) 0 hour(s) 0 minute(s) 0 second(s) i.e.
   on Tue Feb 04 20:24:32 2025 (current time is Tue Feb 04 20:24:32 2025);
   - if your program needs 21 BIG iterations  (42 iterations) to converge, convergence will be 
   reached in 0 day(s) 0 hour(s) 0 minute(s) 0 second(s) i.e.
   on Tue Feb 04 20:24:32 2025 (current time is Tue Feb 04 20:24:32 2025);
   - if your program needs 31 BIG iterations  (62 iterations) to converge, convergence will be 
   reached in 0 day(s) 0 hour(s) 0 minute(s) 0 second(s) i.e.
   on Tue Feb 04 20:24:32 2025 (current time is Tue Feb 04 20:24:32 2025);
1.........2...............3..........4..................5.........6...............7.........8........................Gaining to use new average direction of P0 P8 instead of biggest increase direction 1 :

Powell iter=4 Big Iter=3 -2*LL=1192.771528023317 gain=1.69 0 sec. 0 sec.
#model=  1      +     age 
12   -7.0424979    0.0612002 
13  -14.7957923    0.1362164 
21    1.8352204   -0.0508627 
23   -6.9684745    0.0581676 
1....................2...............3..........4..................5.........6...............7.........8.......directest= 0.086153139958 (if directest<0 or t<0 we include P0 Pn as new direction), t= -0.000003569404, f1= 1192.771528023317,f2= 1192.761225465547,f3= 1192.842610418054, del= 0.002767185159
f1-2f2+f3= 0.091687510276, f1-f2-del= 0.007535372610, f1-f3= -0.071082394737

Powell iter=5 Big Iter=3 -2*LL=1192.761225465547 gain=0.0103 0 sec. 0 sec.
#model=  1      +     age 
12   -7.0392286    0.0611491 
13  -14.7895353    0.1360827 
21    1.8302727   -0.0507536 
23   -6.9724493    0.0581608 
1..................2...............3..........4..................5.........6................7.........8..............Gaining to use new average direction of P0 P8 instead of biggest increase direction 5 :

Powell iter=6 Big Iter=4 -2*LL=1192.371840171640 gain=0.389 1 sec. 1 sec.
#model=  1      +     age 
12   -6.9001205    0.0592089 
13  -14.1033972    0.1277829 
21    1.3524140   -0.0440594 
23   -7.2861752    0.0620587 
1..................2...............3..........4...................5......6...............7.........8........directest= 0.389925810161 (if directest<0 or t<0 we include P0 Pn as new direction), t= -0.000304052482, f1= 1192.371840171640,f2= 1192.367637793184,f3= 1192.757498079894, del= 0.002068427502
f1-2f2+f3= 0.394062665165, f1-f2-del= 0.002133950954, f1-f3= -0.385657908254

Powell iter=7 Big Iter=4 -2*LL=1192.367637793184 gain=0.0042 0 sec. 1 sec.
#model=  1      +     age 
12   -6.8953581    0.0591318 
13  -14.1053840    0.1277044 
21    1.3525754   -0.0439951 
23   -7.2901297    0.0621136 
1..................2...............3..........4...................5.......6...............7.........8.................Gaining to use new average direction of P0 P8 instead of biggest increase direction 7 :

Powell iter=8 Big Iter=5 -2*LL=1192.306437979266 gain=0.0612 0 sec. 1 sec.
#model=  1      +     age 
12   -6.8094623    0.0576451 
13  -14.0146908    0.1268014 
21    1.4705751   -0.0456996 
23   -7.4931526    0.0645702 
1..................2...............3..........4...................5.......6........................7........8.......
Powell iter=9 Big Iter=5 -2*LL=1192.269939603145 gain=0.0365 0 sec. 1 sec.
#model=  1      +     age 
12   -6.7681654    0.0571907 
13  -13.9839147    0.1263704 
21    1.5282921   -0.0465117 
23   -7.5855160    0.0657229 
1..................2...............3..........4...................5.......6..............7...........8.............Gaining to use new average direction of P0 P8 instead of biggest increase direction 2 :

Powell iter=10 Big Iter=6 -2*LL=1192.258161973652 gain=0.0118 0 sec. 1 sec.
#model=  1      +     age 
12   -6.7288916    0.0567590 
13  -13.9538053    0.1258887 
21    1.5821309   -0.0472638 
23   -7.6741348    0.0668837 
1..................2.............3..........4...................5.......6.......................7..................8......directest= 0.002739767576 (if directest<0 or t<0 we include P0 Pn as new direction), t= -0.000000000585, f1= 1192.258161973652,f2= 1192.257770842841,f3= 1192.260457040448, del= 0.000168780420
f1-2f2+f3= 0.003077328417, f1-f2-del= 0.000222350390, f1-f3= -0.002295066797

Powell iter=11 Big Iter=6 -2*LL=1192.257770842841 gain=0.000391 0 sec. 1 sec.
#model=  1      +     age 
12   -6.7282433    0.0567455 
13  -13.9489984    0.1258257 
21    1.5837599   -0.0472864 
23   -7.6770437    0.0669289 
1....................2........3..........4...................5.......6.................7............8.............Gaining to use new average direction of P0 P8 instead of biggest increase direction 3 :

Powell iter=12 Big Iter=7 -2*LL=1192.236727064782 gain=0.021 0 sec. 1 sec.
#model=  1      +     age 
12   -6.7703343    0.0573651 
13  -13.5606986    0.1207845 
21    1.6146762   -0.0477210 
23   -7.7076524    0.0674111 
1..................2........3......4.....................5.......6.......................7........8........directest= 0.022755660278 (if directest<0 or t<0 we include P0 Pn as new direction), t= -0.000000476426, f1= 1192.236727064782,f2= 1192.234930173986,f3= 1192.258084745724, del= 0.001097901128
f1-2f2+f3= 0.024951462534, f1-f2-del= 0.000698989667, f1-f3= -0.021357680943

Powell iter=13 Big Iter=7 -2*LL=1192.234930173986 gain=0.0018 0 sec. 1 sec.
#model=  1      +     age 
12   -6.7646806    0.0572604 
13  -13.5224216    0.1203140 
21    1.6313613   -0.0479594 
23   -7.7322681    0.0676482 
1..................2.........3........4.............................5.......6..............7...............8.................Gaining to use new average direction of P0 P8 instead of biggest increase direction 5 :

Powell iter=14 Big Iter=8 -2*LL=1192.234809326753 gain=0.000121 0 sec. 1 sec.
#model=  1      +     age 
12   -6.7641407    0.0572492 
13  -13.5120591    0.1201868 
21    1.6355168   -0.0480194 
23   -7.7396010    0.0677177 
1..................2........3.................4....................5...............6..............7..........8......
Powell iter=15 Big Iter=8 -2*LL=1192.234700823996 gain=0.000109 0 sec. 1 sec.
#model=  1      +     age 
12   -6.7640808    0.0572563 
13  -13.5120752    0.1201838 
21    1.6356561   -0.0480173 
23   -7.7412195    0.0677379 
1..................2........3.........4..........................5.........6................7..........8...........Gaining to use new average direction of P0 P8 instead of biggest increase direction 8 :

Powell iter=16 Big Iter=9 -2*LL=1192.232980576410 gain=0.00172 0 sec. 1 sec.
#model=  1      +     age 
12   -6.7813429    0.0575455 
13  -13.4931993    0.1199748 
21    1.6229079   -0.0478138 
23   -7.7790485    0.0682081 
1..................2........3......4...................5..........6...............7...................8......
Powell iter=17 Big Iter=9 -2*LL=1192.231625150838 gain=0.00136 1 sec. 2 sec.
#model=  1      +     age 
12   -6.7895217    0.0576448 
13  -13.4839489    0.1198431 
21    1.6165923   -0.0477350 
23   -7.7977841    0.0684450 
1..................2........3......4...................5.........6...............7................8...........Gaining to use new average direction of P0 P8 instead of biggest increase direction 8 :

Powell iter=18 Big Iter=10 -2*LL=1192.230285393678 gain=0.00134 0 sec. 2 sec.
#model=  1      +     age 
12   -6.8086939    0.0578791 
13  -13.4653431    0.1195723 
21    1.6016339   -0.0475457 
23   -7.8407199    0.0690009 
1...................2.............3..........4.......................5...........6........................7..............8...............directest= 0.000653953929 (if directest<0 or t<0 we include P0 Pn as new direction), t= -0.000000000000, f1= 1192.230285393678,f2= 1192.230285177298,f3= 1192.230939281993, del= 0.000000183572
f1-2f2+f3= 0.000654321074, f1-f2-del= 0.000000032807, f1-f3= -0.000653888315

Powell iter=19 Big Iter=10 -2*LL=1192.230285177298 gain=2.16e-007 0 sec. 2 sec.
#model=  1      +     age 
12   -6.8086640    0.0578788 
13  -13.4657321    0.1195772 
21    1.6016155   -0.0475453 
23   -7.8405536    0.0689997 
1............................2...............3.........4................................5...............6..................7...................8.............
Powell iter=20 Big Iter=11 -2*LL=1192.230285174542 gain=2.76e-009 0 sec. 2 sec.
#model=  1      +     age 
12   -6.8086663    0.0578788 
13  -13.4657727    0.1195778 
21    1.6016066   -0.0475451 
23   -7.8405273    0.0689995 
1.............................2.................................3.....................................4......................5....................................6...................7....................................8....................
Powell iter=21 Big Iter=11 -2*LL=1192.230285174517 gain=2.52e-011 0 sec. 2 sec.
#model=  1      +     age 
12   -6.8086666    0.0578789 
13  -13.4657734    0.1195778 
21    1.6016060   -0.0475451 
23   -7.8405256    0.0689995 
1....................2............................3................4...............................5.........................6....................7....................................8.....................
Powell iter=22 Big Iter=12 -2*LL=1192.230285174515 gain=2.05e-012 0 sec. 2 sec.
#model=  1      +     age 
12   -6.8086668    0.0578789 
13  -13.4657741    0.1195778 
21    1.6016056   -0.0475451 
23   -7.8405244    0.0689994 
1......................2.............................3...........................4......................5.......................................6...................7.................................8................................
#Number of iterations & function calls = 22 & 3319, -2 Log likelihood = 1192.230285174515
# Parameters nlstate*nlstate*ncov a12*1 + b12 * age + ...
#model=  1      +     age 
12   -6.8086668    0.0578789 
13  -13.4657741    0.1195778 
21    1.6016056   -0.0475451 
23   -7.8405244    0.0689994 

Calculation of the hessian matrix. Wait...
1-2-3-4-5-6-7-8-.1-2.1-3.1-4.1-5.1-6.1-7.1-8.2-3.2-4.2-5.2-6.2-7.2-8.3-4.3-5.3-6.3-7.3-8.4-5.4-6.4-7.4-8.5-6.5-7.5-8.6-7.6-8.7-8

Inverting the hessian to get the covariance matrix. Wait...

#Hessian matrix#
8.684317e+001 6.121628e+003 4.927538e+000 3.796961e+002 -2.537416e+001 -1.760863e+003 -3.784323e+000 -2.968947e+002 
6.121628e+003 4.399326e+005 3.749362e+002 2.945195e+004 -1.757878e+003 -1.244453e+005 -2.967679e+002 -2.369821e+004 
4.927538e+000 3.749362e+002 1.047183e+001 8.000214e+002 -2.671648e+000 -2.017043e+002 6.486681e+000 5.020120e+002 
3.796961e+002 2.945195e+004 8.000214e+002 6.200215e+004 -2.029322e+002 -1.562654e+004 5.017153e+002 3.950906e+004 
-2.537416e+001 -1.757878e+003 -2.671648e+000 -2.029322e+002 4.502212e+001 3.126646e+003 -2.864339e+000 -2.187603e+002 
-1.760863e+003 -1.244453e+005 -2.017043e+002 -1.562654e+004 3.126646e+003 2.214096e+005 -2.174507e+002 -1.678907e+004 
-3.784323e+000 -2.967679e+002 6.486681e+000 5.017153e+002 -2.864339e+000 -2.174507e+002 3.331009e+001 2.648118e+003 
-2.968947e+002 -2.369821e+004 5.020120e+002 3.950906e+004 -2.187603e+002 -1.678907e+004 2.648118e+003 2.126467e+005 
Parameters, Wald tests and Wald-based confidence intervals
 W is simply the result of the division of the parameter by the square root of covariance of the parameter.
 And Wald-based confidence intervals plus and minus 1.96 * W 
  It might be better to visualize the covariance matrix. See the page 'Matrix of variance-covariance of one-step probabilities' and its graphs.
12   -6.8086668(   0.8957747) W=  -7.601 CI=[  -8.5643852 ;   -5.0529483]    0.0578789(   0.0125911) W=   4.597 CI=[   0.0332002 ;    0.0825575] 
13  -13.4657741(   3.1108387) W=  -4.329 CI=[ -19.5630180 ;   -7.3685302]    0.1195778(   0.0404621) W=   2.955 CI=[   0.0402720 ;    0.1988835] 
21    1.6016056(   1.1884206) W=   1.348 CI=[  -0.7276988 ;    3.9309101]   -0.0475451(   0.0169015) W=  -2.813 CI=[  -0.0806720 ;   -0.0144182] 
23   -7.8405244(   2.0509027) W=  -3.823 CI=[ -11.8602936 ;   -3.8207551]    0.0689994(   0.0256960) W=   2.685 CI=[   0.0186352 ;    0.1193636] 
# Scales (for hessian or gradient estimation)
12 1.00000e-003 1.00000e-005
13 3.00000e-003 4.00000e-005
21 1.00000e-003 2.00000e-005
23 1.00000e-003 2.00000e-005
# Covariance matrix 
# 121 Var(a12)
# 122 Cov(b12,a12) Var(b12)
#   ...
# 232 Cov(b23,a12)  Cov(b23,b12) ... Var (b23)
#121 Var(a12)
#122 Cov(b12,a12) Var(b12)
#131 Cov(a13,a12) Cov(a13,b12) Var(a13)
#132 Cov(b13,a12) Cov(b13,b12) Cov(b13,a13) Var(b13)
#211 Cov(a21,a12) Cov(a21,b12) Cov(a21,a13) Cov(a21,b13) Var(a21)
#212 Cov(b21,a12) Cov(b21,b12) Cov(b21,a13) Cov(b21,b13) Cov(b21,a21) Var(b21)
#231 Cov(a23,a12) Cov(a23,b12) Cov(a23,a13) Cov(a23,b13) Cov(a23,a21) Cov(a23,b21) Var(a23)
#232 Cov(b23,a12) Cov(b23,b12) Cov(b23,a13) Cov(b23,b13) Cov(b23,a21) Cov(b23,b21) Cov(b23,a23) Var(b23)
121 8.0241232e-001
122 -1.11770e-002 1.5853677e-004
131 -6.93968e-001 9.76150e-003 9.6773176e+000
132 9.35620e-003 -1.32980e-004 -1.25114e-001 1.6371828e-003
211 4.28042e-001 -5.93905e-003 9.20506e-002 -1.30209e-003 1.4123436e+000
212 -5.92098e-003 8.37027e-005 -1.43425e-003 2.04464e-005 -1.98927e-002 2.8566069e-004
231 4.03075e-001 -5.54944e-003 -3.31826e+000 4.23957e-002 1.49439e-001 -1.90268e-003 4.2062018e+000
232 -5.27202e-003 7.33319e-005 4.18230e-002 -5.38258e-004 -2.01825e-003 2.64319e-005 -5.24759e-002 6.6028546e-004
# agemin agemax for life expectancy, bage fage (if mle==0 ie no data nor Max likelihood).
# Observed prevalence period
begin-prev-date=1/1/2016 end-prev-date=1/9/2018 mov_average=0
# Health expectancies computed from stable (period) prevalence (pop_based=0) or population based (1)
pop_based=0
# Prevalence forecasting and backcasting is skept here
##prevforecast=0  starting-proj-date=1/1/1989 final-proj-date=1/1/1990 mobil_average=0
#prevforecast=1 yearsfproj=10 mobil_average=0
#prevbackcast=1 yearsbproj=10 mobil_average=1
result:  .
End of resultlines.

Computing forward period (stable) prevalence: result on file 'PL_PLFgali.txt' 
#************
Computing pij: result on file 'PIJ_PLFgali.txt' 
Computing standard deviation of one-step probabilities: result on file 'PROB_rPLFgali.txt' 
Computing matrix of variance covariance of one-step probabilities: result on file 'PROBCOV_PLFgali.txt' 
and correlation matrix of one-step probabilities: result on file 'PROBCOR_PLFgali.txt' 
50 13-12 mu 1.0982e-003 3.9090e-002 Var 1.5201e-006 1.1917e-004 cor -0.228 cov -3.0636e-006 Eig 1.193e-004 1.440e-006 1stv 0.026 -1.000 tan -38.430
55 13-12 mu 1.9830e-003 5.1847e-002 Var 3.4128e-006 1.3417e-004 cor -0.220 cov -4.7027e-006 Eig 1.343e-004 3.244e-006 1stv 0.036 -0.999 tan -27.840
60 13-12 mu 3.5717e-003 6.8595e-002 Var 7.1091e-006 1.4040e-004 cor -0.208 cov -6.5564e-006 Eig 1.407e-004 6.787e-006 1stv 0.049 -0.999 tan -20.379
65 13-12 mu 6.4112e-003 9.0443e-002 Var 1.3510e-005 1.4397e-004 cor -0.189 cov -8.3529e-006 Eig 1.445e-004 1.298e-005 1stv 0.064 -0.998 tan -15.682
70 13-12 mu 1.1453e-002 1.1868e-001 Var 2.3918e-005 1.8138e-004 cor -0.180 cov -1.1838e-005 Eig 1.823e-004 2.303e-005 1stv 0.075 -0.997 tan -13.376
75 13-12 mu 2.0325e-002 1.5471e-001 Var 4.8858e-005 3.6308e-004 cor -0.234 cov -3.1157e-005 Eig 3.661e-004 4.580e-005 1stv 0.098 -0.995 tan -10.183
80 13-12 mu 3.5732e-002 1.9979e-001 Var 1.7301e-004 9.5060e-004 cor -0.331 cov -1.3438e-004 Eig 9.732e-004 1.504e-004 1stv 0.166 -0.986 tan -5.954
85 13-12 mu 6.1987e-002 2.5458e-001 Var 8.8455e-004 2.4757e-003 cor -0.402 cov -5.9455e-004 Eig 2.673e-003 6.869e-004 1stv 0.315 -0.949 tan -3.009
90 13-12 mu 1.0553e-001 3.1835e-001 Var 4.3664e-003 5.9239e-003 cor -0.473 cov -2.4032e-003 Eig 7.671e-003 2.619e-003 1stv 0.588 -0.809 tan -1.375
50 21-12 mu 6.2521e-001 3.9090e-002 Var 2.5274e-002 1.1917e-004 cor 0.415 cov 7.2039e-004 Eig 2.530e-002 9.856e-005 1stv 1.000 0.029 tan 0.029
55 21-12 mu 5.2589e-001 5.1847e-002 Var 1.3210e-002 1.3417e-004 cor 0.418 cov 5.5634e-004 Eig 1.323e-002 1.105e-004 1stv 0.999 0.042 tan 0.042
60 21-12 mu 4.3663e-001 6.8595e-002 Var 6.2108e-003 1.4040e-004 cor 0.420 cov 3.9180e-004 Eig 6.236e-003 1.152e-004 1stv 0.998 0.064 tan 0.064
65 21-12 mu 3.5800e-001 9.0443e-002 Var 2.8497e-003 1.4397e-004 cor 0.414 cov 2.6518e-004 Eig 2.875e-003 1.182e-004 1stv 0.995 0.097 tan 0.097
70 21-12 mu 2.8993e-001 1.1868e-001 Var 1.6527e-003 1.8138e-004 cor 0.391 cov 2.1398e-004 Eig 1.683e-003 1.509e-004 1stv 0.990 0.141 tan 0.142
75 21-12 mu 2.3187e-001 1.5471e-001 Var 1.4691e-003 3.6308e-004 cor 0.363 cov 2.6535e-004 Eig 1.529e-003 3.027e-004 1stv 0.975 0.222 tan 0.228
80 21-12 mu 1.8296e-001 1.9979e-001 Var 1.5790e-003 9.5060e-004 cor 0.347 cov 4.2490e-004 Eig 1.793e-003 7.363e-004 1stv 0.893 0.450 tan 0.504
85 21-12 mu 1.4224e-001 2.5458e-001 Var 1.6336e-003 2.4757e-003 cor 0.330 cov 6.6442e-004 Eig 2.841e-003 1.268e-003 1stv 0.482 0.876 tan 1.818
90 21-12 mu 1.0871e-001 3.1835e-001 Var 1.5319e-003 5.9239e-003 cor 0.303 cov 9.1132e-004 Eig 6.105e-003 1.350e-003 1stv 0.195 0.981 tan 5.019
50 23-12 mu 1.6830e-002 3.9090e-002 Var 1.7009e-004 1.1917e-004 cor 0.142 cov 2.0226e-005 Eig 1.771e-004 1.121e-004 1stv 0.944 0.329 tan 0.349
55 23-12 mu 2.5353e-002 5.1847e-002 Var 2.6954e-004 1.3417e-004 cor 0.148 cov 2.8238e-005 Eig 2.752e-004 1.285e-004 1stv 0.981 0.196 tan 0.200
60 23-12 mu 3.7699e-002 6.8595e-002 Var 3.8940e-004 1.4040e-004 cor 0.149 cov 3.4802e-005 Eig 3.942e-004 1.356e-004 1stv 0.991 0.136 tan 0.137
65 23-12 mu 5.5357e-002 9.0443e-002 Var 5.0083e-004 1.4397e-004 cor 0.137 cov 3.6807e-005 Eig 5.046e-004 1.402e-004 1stv 0.995 0.102 tan 0.102
70 23-12 mu 8.0289e-002 1.1868e-001 Var 5.5972e-004 1.8138e-004 cor 0.110 cov 3.4945e-005 Eig 5.629e-004 1.782e-004 1stv 0.996 0.091 tan 0.092
75 23-12 mu 1.1499e-001 1.5471e-001 Var 5.6930e-004 3.6308e-004 cor 0.107 cov 4.8468e-005 Eig 5.801e-004 3.523e-004 1stv 0.976 0.218 tan 0.223
80 23-12 mu 1.6250e-001 1.9979e-001 Var 7.9091e-004 9.5060e-004 cor 0.177 cov 1.5333e-004 Eig 1.044e-003 6.979e-004 1stv 0.519 0.855 tan 1.648
85 23-12 mu 2.2626e-001 2.5458e-001 Var 2.2280e-003 2.4757e-003 cor 0.244 cov 5.7240e-004 Eig 2.937e-003 1.766e-003 1stv 0.628 0.778 tan 1.240
90 23-12 mu 3.0970e-001 3.1835e-001 Var 7.4052e-003 5.9239e-003 cor 0.284 cov 1.8827e-003 Eig 8.688e-003 4.641e-003 1stv 0.826 0.563 tan 0.681
50 21-13 mu 6.2521e-001 1.0982e-003 Var 2.5274e-002 1.5201e-006 cor 0.027 cov 5.2078e-006 Eig 2.527e-002 1.519e-006 1stv 1.000 0.000 tan 0.000
55 21-13 mu 5.2589e-001 1.9830e-003 Var 1.3210e-002 3.4128e-006 cor 0.029 cov 6.1992e-006 Eig 1.321e-002 3.410e-006 1stv 1.000 0.000 tan 0.000
60 21-13 mu 4.3663e-001 3.5717e-003 Var 6.2108e-003 7.1091e-006 cor 0.033 cov 7.0257e-006 Eig 6.211e-003 7.101e-006 1stv 1.000 0.001 tan 0.001
65 21-13 mu 3.5800e-001 6.4112e-003 Var 2.8497e-003 1.3510e-005 cor 0.039 cov 7.6721e-006 Eig 2.850e-003 1.349e-005 1stv 1.000 0.003 tan 0.003
70 21-13 mu 2.8993e-001 1.1453e-002 Var 1.6527e-003 2.3918e-005 cor 0.044 cov 8.6618e-006 Eig 1.653e-003 2.387e-005 1stv 1.000 0.005 tan 0.005
75 21-13 mu 2.3187e-001 2.0325e-002 Var 1.4691e-003 4.8858e-005 cor 0.047 cov 1.2565e-005 Eig 1.469e-003 4.875e-005 1stv 1.000 0.009 tan 0.009
80 21-13 mu 1.8296e-001 3.5732e-002 Var 1.5790e-003 1.7301e-004 cor 0.054 cov 2.8193e-005 Eig 1.580e-003 1.724e-004 1stv 1.000 0.020 tan 0.020
85 21-13 mu 1.4224e-001 6.1987e-002 Var 1.6336e-003 8.8455e-004 cor 0.066 cov 7.9917e-005 Eig 1.642e-003 8.761e-004 1stv 0.994 0.105 tan 0.106
90 21-13 mu 1.0871e-001 1.0553e-001 Var 1.5319e-003 4.3664e-003 cor 0.086 cov 2.2263e-004 Eig 4.384e-003 1.515e-003 1stv 0.078 0.997 tan 12.810
50 23-13 mu 1.6830e-002 1.0982e-003 Var 1.7009e-004 1.5201e-006 cor -0.519 cov -8.3456e-006 Eig 1.705e-004 1.108e-006 1stv 0.999 -0.049 tan -0.049
55 23-13 mu 2.5353e-002 1.9830e-003 Var 2.6954e-004 3.4128e-006 cor -0.517 cov -1.5667e-005 Eig 2.705e-004 2.494e-006 1stv 0.998 -0.059 tan -0.059
60 23-13 mu 3.7699e-002 3.5717e-003 Var 3.8940e-004 7.1091e-006 cor -0.510 cov -2.6859e-005 Eig 3.913e-004 5.231e-006 1stv 0.998 -0.070 tan -0.070
65 23-13 mu 5.5357e-002 6.4112e-003 Var 5.0083e-004 1.3510e-005 cor -0.496 cov -4.0806e-005 Eig 5.042e-004 1.012e-005 1stv 0.997 -0.083 tan -0.083
70 23-13 mu 8.0289e-002 1.1453e-002 Var 5.5972e-004 2.3918e-005 cor -0.461 cov -5.3306e-005 Eig 5.650e-004 1.867e-005 1stv 0.995 -0.098 tan -0.099
75 23-13 mu 1.1499e-001 2.0325e-002 Var 5.6930e-004 4.8858e-005 cor -0.392 cov -6.5420e-005 Eig 5.774e-004 4.076e-005 1stv 0.992 -0.123 tan -0.124
80 23-13 mu 1.6250e-001 3.5732e-002 Var 7.9091e-004 1.7301e-004 cor -0.376 cov -1.3906e-004 Eig 8.208e-004 1.432e-004 1stv 0.978 -0.210 tan -0.215
85 23-13 mu 2.2626e-001 6.1987e-002 Var 2.2280e-003 8.8455e-004 cor -0.435 cov -6.1007e-004 Eig 2.464e-003 6.489e-004 1stv 0.933 -0.360 tan -0.386
90 23-13 mu 3.0970e-001 1.0553e-001 Var 7.4052e-003 4.3664e-003 cor -0.472 cov -2.6861e-003 Eig 8.972e-003 2.800e-003 1stv 0.864 -0.504 tan -0.583
50 23-21 mu 1.6830e-002 6.2521e-001 Var 1.7009e-004 2.5274e-002 cor -0.108 cov -2.2359e-004 Eig 2.528e-002 1.681e-004 1stv 0.009 -1.000 tan -112.288
55 23-21 mu 2.5353e-002 5.2589e-001 Var 2.6954e-004 1.3210e-002 cor -0.088 cov -1.6609e-004 Eig 1.321e-002 2.674e-004 1stv 0.013 -1.000 tan -77.927
60 23-21 mu 3.7699e-002 4.3663e-001 Var 3.8940e-004 6.2108e-003 cor -0.077 cov -1.1915e-004 Eig 6.213e-003 3.870e-004 1stv 0.020 -1.000 tan -48.878
65 23-21 mu 5.5357e-002 3.5800e-001 Var 5.0083e-004 2.8497e-003 cor -0.075 cov -9.0015e-005 Eig 2.853e-003 4.974e-004 1stv 0.038 -0.999 tan -26.133
70 23-21 mu 8.0289e-002 2.8993e-001 Var 5.5972e-004 1.6527e-003 cor -0.080 cov -7.7015e-005 Eig 1.658e-003 5.543e-004 1stv 0.070 -0.998 tan -14.262
75 23-21 mu 1.1499e-001 2.3187e-001 Var 5.6930e-004 1.4691e-003 cor -0.084 cov -7.6448e-005 Eig 1.476e-003 5.628e-004 1stv 0.084 -0.996 tan -11.854
80 23-21 mu 1.6250e-001 1.8296e-001 Var 7.9091e-004 1.5790e-003 cor -0.089 cov -9.8942e-005 Eig 1.591e-003 7.787e-004 1stv 0.123 -0.992 tan -8.089
85 23-21 mu 2.2626e-001 1.4224e-001 Var 2.2280e-003 1.6336e-003 cor -0.100 cov -1.9040e-004 Eig 2.284e-003 1.578e-003 1stv 0.960 -0.281 tan -0.293
90 23-21 mu 3.0970e-001 1.0871e-001 Var 7.4052e-003 1.5319e-003 cor -0.131 cov -4.4181e-004 Eig 7.438e-003 1.499e-003 1stv 0.997 -0.075 tan -0.075
Prevalence combination of varying and fixed dummies 1
Warning Observed prevalence doesn't sum to 1 for state 2: probs[50][2][1]=0.000000 because of lack of cases.
Warning Observed prevalence doesn't sum to 1 for state 1: probs[51][1][1]=0.000000 because of lack of cases.
Warning Observed prevalence doesn't sum to 1 for state 2: probs[51][2][1]=0.000000 because of lack of cases.
Warning Observed prevalence doesn't sum to 1 for state 1: probs[52][1][1]=0.000000 because of lack of cases.
Warning Observed prevalence doesn't sum to 1 for state 2: probs[52][2][1]=0.000000 because of lack of cases.
Warning Observed prevalence doesn't sum to 1 for state 1: probs[53][1][1]=0.000000 because of lack of cases.
Warning Observed prevalence doesn't sum to 1 for state 2: probs[53][2][1]=0.000000 because of lack of cases.
Warning Observed prevalence doesn't sum to 1 for state 1: probs[54][1][1]=0.000000 because of lack of cases.
Warning Observed prevalence doesn't sum to 1 for state 2: probs[54][2][1]=0.000000 because of lack of cases.
Warning Observed prevalence doesn't sum to 1 for state 1: probs[55][1][1]=0.000000 because of lack of cases.
Warning Observed prevalence doesn't sum to 1 for state 2: probs[55][2][1]=0.000000 because of lack of cases.
Warning Observed prevalence doesn't sum to 1 for state 1: probs[56][1][1]=0.000000 because of lack of cases.
Warning Observed prevalence doesn't sum to 1 for state 2: probs[56][2][1]=0.000000 because of lack of cases.
Warning Observed prevalence doesn't sum to 1 for state 1: probs[57][1][1]=0.000000 because of lack of cases.
Warning Observed prevalence doesn't sum to 1 for state 2: probs[57][2][1]=0.000000 because of lack of cases.
Warning Observed prevalence doesn't sum to 1 for state 1: probs[58][1][1]=0.000000 because of lack of cases.
Warning Observed prevalence doesn't sum to 1 for state 2: probs[58][2][1]=0.000000 because of lack of cases.
Warning Observed prevalence doesn't sum to 1 for state 1: probs[59][1][1]=0.000000 because of lack of cases.
Warning Observed prevalence doesn't sum to 1 for state 2: probs[59][2][1]=0.000000 because of lack of cases.
Warning Observed prevalence doesn't sum to 1 for state 1: probs[60][1][1]=0.000000 because of lack of cases.
Warning Observed prevalence doesn't sum to 1 for state 2: probs[60][2][1]=0.000000 because of lack of cases.
Warning Observed prevalence doesn't sum to 1 for state 1: probs[61][1][1]=0.000000 because of lack of cases.
Warning Observed prevalence doesn't sum to 1 for state 2: probs[61][2][1]=0.000000 because of lack of cases.
Warning Observed prevalence doesn't sum to 1 for state 1: probs[62][1][1]=0.000000 because of lack of cases.
Warning Observed prevalence doesn't sum to 1 for state 2: probs[62][2][1]=0.000000 because of lack of cases.
Warning Observed prevalence doesn't sum to 1 for state 1: probs[63][1][1]=0.000000 because of lack of cases.
Warning Observed prevalence doesn't sum to 1 for state 2: probs[63][2][1]=0.000000 because of lack of cases.
Warning Observed prevalence doesn't sum to 1 for state 1: probs[64][1][1]=0.000000 because of lack of cases.
Warning Observed prevalence doesn't sum to 1 for state 2: probs[64][2][1]=0.000000 because of lack of cases.
Warning Observed prevalence doesn't sum to 1 for state 1: probs[65][1][1]=0.000000 because of lack of cases.
Warning Observed prevalence doesn't sum to 1 for state 2: probs[65][2][1]=0.000000 because of lack of cases.
Warning Observed prevalence doesn't sum to 1 for state 1: probs[66][1][1]=0.000000 because of lack of cases.
Warning Observed prevalence doesn't sum to 1 for state 2: probs[66][2][1]=0.000000 because of lack of cases.
Warning Observed prevalence doesn't sum to 1 for state 1: probs[67][1][1]=0.000000 because of lack of cases.
Warning Observed prevalence doesn't sum to 1 for state 2: probs[67][2][1]=0.000000 because of lack of cases.
Warning Observed prevalence doesn't sum to 1 for state 1: probs[68][1][1]=0.000000 because of lack of cases.
Warning Observed prevalence doesn't sum to 1 for state 2: probs[68][2][1]=0.000000 because of lack of cases.
Warning Observed prevalence doesn't sum to 1 for state 1: probs[69][1][1]=0.000000 because of lack of cases.
Warning Observed prevalence doesn't sum to 1 for state 2: probs[69][2][1]=0.000000 because of lack of cases.
Warning Observed prevalence doesn't sum to 1 for state 1: probs[70][1][1]=0.000000 because of lack of cases.
Warning Observed prevalence doesn't sum to 1 for state 2: probs[70][2][1]=0.000000 because of lack of cases.
Warning Observed prevalence doesn't sum to 1 for state 1: probs[71][1][1]=0.000000 because of lack of cases.
Warning Observed prevalence doesn't sum to 1 for state 2: probs[71][2][1]=0.000000 because of lack of cases.
Warning Observed prevalence doesn't sum to 1 for state 1: probs[72][1][1]=0.000000 because of lack of cases.
Warning Observed prevalence doesn't sum to 1 for state 2: probs[72][2][1]=0.000000 because of lack of cases.
Warning Observed prevalence doesn't sum to 1 for state 1: probs[73][1][1]=0.000000 because of lack of cases.
Warning Observed prevalence doesn't sum to 1 for state 2: probs[73][2][1]=0.000000 because of lack of cases.
Warning Observed prevalence doesn't sum to 1 for state 1: probs[74][1][1]=0.000000 because of lack of cases.
Warning Observed prevalence doesn't sum to 1 for state 2: probs[74][2][1]=0.000000 because of lack of cases.
Warning Observed prevalence doesn't sum to 1 for state 1: probs[75][1][1]=0.000000 because of lack of cases.
Warning Observed prevalence doesn't sum to 1 for state 2: probs[75][2][1]=0.000000 because of lack of cases.
Warning Observed prevalence doesn't sum to 1 for state 1: probs[76][1][1]=0.000000 because of lack of cases.
Warning Observed prevalence doesn't sum to 1 for state 2: probs[76][2][1]=0.000000 because of lack of cases.
Warning Observed prevalence doesn't sum to 1 for state 1: probs[77][1][1]=0.000000 because of lack of cases.
Warning Observed prevalence doesn't sum to 1 for state 2: probs[77][2][1]=0.000000 because of lack of cases.
Warning Observed prevalence doesn't sum to 1 for state 1: probs[78][1][1]=0.000000 because of lack of cases.
Warning Observed prevalence doesn't sum to 1 for state 2: probs[78][2][1]=0.000000 because of lack of cases.
Warning Observed prevalence doesn't sum to 1 for state 1: probs[79][1][1]=0.000000 because of lack of cases.
Warning Observed prevalence doesn't sum to 1 for state 2: probs[79][2][1]=0.000000 because of lack of cases.
Warning Observed prevalence doesn't sum to 1 for state 1: probs[80][1][1]=0.000000 because of lack of cases.
Warning Observed prevalence doesn't sum to 1 for state 2: probs[80][2][1]=0.000000 because of lack of cases.
Warning Observed prevalence doesn't sum to 1 for state 1: probs[81][1][1]=0.000000 because of lack of cases.
Warning Observed prevalence doesn't sum to 1 for state 2: probs[81][2][1]=0.000000 because of lack of cases.
Warning Observed prevalence doesn't sum to 1 for state 1: probs[82][1][1]=0.000000 because of lack of cases.
Warning Observed prevalence doesn't sum to 1 for state 2: probs[82][2][1]=0.000000 because of lack of cases.
Warning Observed prevalence doesn't sum to 1 for state 1: probs[83][1][1]=0.000000 because of lack of cases.
Warning Observed prevalence doesn't sum to 1 for state 2: probs[83][2][1]=0.000000 because of lack of cases.
Warning Observed prevalence doesn't sum to 1 for state 1: probs[84][1][1]=0.000000 because of lack of cases.
Warning Observed prevalence doesn't sum to 1 for state 2: probs[84][2][1]=0.000000 because of lack of cases.
Warning Observed prevalence doesn't sum to 1 for state 1: probs[85][1][1]=0.000000 because of lack of cases.
Warning Observed prevalence doesn't sum to 1 for state 2: probs[85][2][1]=0.000000 because of lack of cases.
Warning Observed prevalence doesn't sum to 1 for state 1: probs[86][1][1]=0.000000 because of lack of cases.
Warning Observed prevalence doesn't sum to 1 for state 2: probs[86][2][1]=0.000000 because of lack of cases.
Warning Observed prevalence doesn't sum to 1 for state 1: probs[87][1][1]=0.000000 because of lack of cases.
Warning Observed prevalence doesn't sum to 1 for state 2: probs[87][2][1]=0.000000 because of lack of cases.
Warning Observed prevalence doesn't sum to 1 for state 1: probs[88][1][1]=0.000000 because of lack of cases.
Warning Observed prevalence doesn't sum to 1 for state 2: probs[88][2][1]=0.000000 because of lack of cases.
Warning Observed prevalence doesn't sum to 1 for state 1: probs[89][1][1]=0.000000 because of lack of cases.
Warning Observed prevalence doesn't sum to 1 for state 2: probs[89][2][1]=0.000000 because of lack of cases.
Warning Observed prevalence doesn't sum to 1 for state 1: probs[90][1][1]=0.000000 because of lack of cases.
Warning Observed prevalence doesn't sum to 1 for state 2: probs[90][2][1]=0.000000 because of lack of cases.
Computing Health Expectancies: result on file 'E_PLFgali.txt' ...50|51|52|53|54|55|56|57|58|59|60|61|62|63|64|65|66|67|68|69|70|71|72|73|74|75|76|77|78|79|80|81|82|83|84|85|86|87|88|89|90|
done evsij
Computing Total Life expectancies with their standard errors: file 'T_PLFgali.txt' ...
  Computing State-specific Expectancies and standard errors: result on file 'STDE_PLFgali.txt' 
    Computing Covar. of State-specific Expectancies: result on file 'CVE_PLFgali.txt' 
      Computing Variance-covariance of State-specific Expectancies: file 'V_PLFgali.txt' ... 
# model  
#****** Result for:******
 cvevsij 50|51|52|53|54|55|56|57|58|59|60|61|62|63|64|65|66|67|68|69|70|71|72|73|74|75|76|77|78|79|80|81|82|83|84|85|86|87|88|89|90|
 end cvevsij 
 varevsij vpopbased=0 
Computing total mortality p.j=w1*p1j+w2*p2j+..: result on file 'PRMORPREV-1-STABLBASED_PLFgali.txt' 
Computing age specific forward period (stable) prevalences in each health state 
done selection
done State-specific expectancies
Computing Variance-covariance of forward period (stable) prevalence: file 'VPL_PLFgali.txt' ...
#****** ******
done variance-covariance of forward period prevalence
End of Imach with 0 errors and/or warnings 1. Please look at the log file for details.
Local time at start Tue Feb 04 20:24:32 2025

Local time at end   Tue Feb 04 20:24:46 2025

Total time used 0 day(s) 0 hour(s) 0 minute(s) 14 second(s)
Total time was 14 Sec.
