Log filename:SEFchr.log
Version 0.99r45 $Revision: 1.353 $ $Date: 2023/05/08 18:48:22 $
Enter the parameter file name: 
pathimach=C:\PROGRA~1\IMACH-~2.99R\bin\
pathtot=C:\Users\mmusz\Dropbox\gender_paradox\data\IMACHnew\SEFchr.txt
 path=C:\Users\mmusz\Dropbox\gender_paradox\data\IMACHnew\ 
 optionfile=SEFchr.txt
 optionfilext=txt
 optionfilefiname='SEFchr'
Compiled with: Microsoft Visual Studio for Windows (x64 and x86)  64-bit
The programm is not running under WOW64 (i.e probably on a 64bit Windows).
Local time (at start): Tue Feb 04 22:21:37 2025
title=chr datafile=dataSEFchr.txt lastobs=5000 firstpass=1 lastpass=2
ftol=1.000000e-018 stepm=24 ncovcol=0 nqv=0 ntv=0 nqtv=0 nlstate=2 ndeath=1 maxwav=2 mle=1 weight=1
model=1+age+
# Parameters nlstate*nlstate*ncov a12*1 + b12 * age + ...
12 0.000000 0.000000
13 0.000000 0.000000
21 0.000000 0.000000
23 0.000000 0.000000
# Scales (for hessian or gradient estimation)
12 0.000000e+000 0.000000e+000
13 0.000000e+000 0.000000e+000
21 0.000000e+000 0.000000e+000
23 0.000000e+000 0.000000e+000
# Covariance matrix
121 0.00000e+000
122 0.00000e+000 0.00000e+000
131 0.00000e+000 0.00000e+000 0.00000e+000
132 0.00000e+000 0.00000e+000 0.00000e+000 0.00000e+000
211 0.00000e+000 0.00000e+000 0.00000e+000 0.00000e+000 0.00000e+000
212 0.00000e+000 0.00000e+000 0.00000e+000 0.00000e+000 0.00000e+000 0.00000e+000
231 0.00000e+000 0.00000e+000 0.00000e+000 0.00000e+000 0.00000e+000 0.00000e+000 0.00000e+000
232 0.00000e+000 0.00000e+000 0.00000e+000 0.00000e+000 0.00000e+000 0.00000e+000 0.00000e+000 0.00000e+000

Model=1+age+
Typevar: 0 for simple covariate (dummy, quantitative, fixed or varying), 1 for age product, 2 for  product, 3 for double product with age  
Fixed[k] 0=fixed (product or simple), 1 varying, 2 fixed with age product, 3 varying with age product 
Dummy[k] 0=dummy (0 1), 1 quantitative (single or product without age), 2 dummy with age product, 3 quant with age product
ncoveff=0, nqfveff=0, ntveff=0, nqtveff=0, cptcovn=0
ncovf=0, ncovv=0, ncova=0, nsd=0, nsq=0
Warning: The value of parameter lastobs=5000 is big compared to the 
  effective number of cases imx=1642, please adjust, 
  otherwise you are allocating more memory than necessary.
Total number of individuals= 1642, Agemin = 51.08, Agemax= 93.00

Information, you have to check 0 informations which haven't been logged!
Delay (in months) between two waves Min=3 (for indiviudal 1241) Max=34 (370) Mean=25.138246

 Age 51 1.=1 loss[1]=0.0% 2.=0 loss[2]=0.0% 1.=1 prev[1]=53.5% 2.=0 prev[2]=46.5% 11=0 12=0 21=0 22=0
Age 52 1.=0 loss[1]=0.0% 2.=1 loss[2]=0.0% 1.=0 prev[1]=35.6% 2.=1 prev[2]=64.4% 11=0 12=0 21=0 22=0
Age 53 1.=2 loss[1]=0.0% 2.=0 loss[2]=0.0% 1.=2 prev[1]=86.0% 2.=0 prev[2]=14.0% 11=2 12=1 22=0
Age 54 1.=2 loss[1]=0.0% 2.=1 loss[2]=0.0% 1.=2 prev[1]=60.1% 2.=1 prev[2]=39.9% 11=1 12=1 13=0 21=0 22=1
Age 55 1.=1 loss[1]=0.0% 2.=1 loss[2]=0.0% 1.=1 prev[1]=42.8% 2.=1 prev[2]=57.2% 11=1 12=0 21=0 22=1
Age 56 1.=1 loss[1]=0.0% 2.=1 loss[2]=0.0% 1.=1 prev[1]=53.1% 2.=1 prev[2]=46.9% 11=1 12=1 21=0 22=1
Age 57 1.=1 loss[1]=0.0% 2.=2 loss[2]=0.0% 1.=1 prev[1]=28.5% 2.=2 prev[2]=71.5% 11=1 12=0 21=0 22=2
Age 58 1.=1 loss[1]=0.0% 2.=2 loss[2]=0.0% 1.=1 prev[1]=42.2% 2.=2 prev[2]=57.8% 11=1 12=1 21=0 22=2 23=0
Age 59 1.=2 loss[1]=0.0% 2.=2 loss[2]=0.0% 1.=2 prev[1]=41.6% 2.=2 prev[2]=58.4% 11=1 12=0 21=0 22=2 23=0
Age 60 1.=1 loss[1]=0.0% 2.=1 loss[2]=0.0% 1.=1 prev[1]=43.6% 2.=1 prev[2]=56.4% 11=1 12=0 21=0 22=1
Age 61 1.=1 loss[1]=0.0% 2.=1 loss[2]=0.0% 1.=1 prev[1]=42.5% 2.=1 prev[2]=57.5% 11=1 12=0 21=0 22=1
Age 62 1.=0 loss[1]=0.0% 2.=2 loss[2]=0.0% 1.=0 prev[1]=19.2% 2.=2 prev[2]=80.8% 11=0 12=0 21=0 22=2 23=0
Age 63 1.=1 loss[1]=0.0% 2.=1 loss[2]=0.0% 1.=1 prev[1]=41.0% 2.=1 prev[2]=59.0% 11=1 12=0 21=0 22=1
Age 64 1.=1 loss[1]=0.0% 2.=2 loss[2]=0.0% 1.=1 prev[1]=25.6% 2.=2 prev[2]=74.4% 11=0 12=0 21=0 22=2 23=0
Age 65 1.=1 loss[1]=0.0% 2.=2 loss[2]=0.0% 1.=1 prev[1]=33.2% 2.=2 prev[2]=66.8% 11=0 12=0 21=0 22=2 23=0
Age 66 1.=1 loss[1]=0.0% 2.=2 loss[2]=0.0% 1.=1 prev[1]=31.1% 2.=2 prev[2]=68.9% 11=0 12=0 21=0 22=2
Age 67 1.=1 loss[1]=0.0% 2.=1 loss[2]=0.0% 1.=1 prev[1]=39.8% 2.=1 prev[2]=60.2% 11=0 12=0 21=0 22=1
Age 68 1.=1 loss[1]=0.0% 2.=2 loss[2]=0.0% 1.=1 prev[1]=38.7% 2.=2 prev[2]=61.3% 11=1 12=1 21=0 22=2 23=0
Age 69 1.=1 loss[1]=0.0% 2.=2 loss[2]=0.0% 1.=1 prev[1]=27.2% 2.=2 prev[2]=72.8% 11=1 12=0 21=0 22=2
Age 70 1.=1 loss[1]=0.0% 2.=2 loss[2]=0.0% 1.=1 prev[1]=28.7% 2.=2 prev[2]=71.3% 11=0 12=1 21=0 22=2
Age 71 1.=1 loss[1]=0.0% 2.=2 loss[2]=0.0% 1.=1 prev[1]=24.1% 2.=2 prev[2]=75.9% 11=0 12=0 21=0 22=2 23=0
Age 72 1.=0 loss[1]=0.0% 2.=2 loss[2]=0.0% 1.=0 prev[1]=12.7% 2.=2 prev[2]=87.3% 11=0 12=0 21=0 22=2 23=0
Age 73 1.=0 loss[1]=0.0% 2.=2 loss[2]=0.0% 1.=0 prev[1]=12.2% 2.=2 prev[2]=87.8% 11=0 12=0 21=0 22=1 23=0
Age 74 1.=1 loss[1]=0.0% 2.=1 loss[2]=0.0% 1.=1 prev[1]=32.5% 2.=1 prev[2]=67.5% 11=0 12=0 21=0 22=1
Age 75 1.=0 loss[1]=0.0% 2.=2 loss[2]=0.0% 1.=0 prev[1]=17.1% 2.=2 prev[2]=82.9% 11=0 12=0 21=0 22=1 23=0
Age 76 1.=0 loss[1]=0.0% 2.=1 loss[2]=0.0% 1.=0 prev[1]=27.4% 2.=1 prev[2]=72.6% 11=0 12=0 21=0 22=1 23=0
Age 77 1.=0 loss[1]=0.0% 2.=1 loss[2]=0.0% 1.=0 prev[1]=14.6% 2.=1 prev[2]=85.4% 11=0 12=0 21=0 22=1 23=0
Age 78 1.=0 loss[1]=0.0% 2.=1 loss[2]=0.0% 1.=0 prev[1]=9.7% 2.=1 prev[2]=90.3% 11=0 12=0 13=0 21=0 22=1
Age 79 1.=0 loss[1]=0.0% 2.=1 loss[2]=0.0% 1.=0 prev[1]=5.6% 2.=1 prev[2]=94.4% 12=0 21=0 22=1 23=0
Age 80 1.=0 loss[1]=0.0% 2.=1 loss[2]=0.0% 1.=0 prev[1]=14.3% 2.=1 prev[2]=85.7% 11=0 12=0 22=1 23=0
Age 81 1.=0 loss[1]=0.0% 2.=1 loss[2]=0.0% 1.=0 prev[1]=11.4% 2.=1 prev[2]=88.6% 12=0 21=0 22=1 23=0
Age 82 1.=0 loss[1]=0.0% 2.=1 loss[2]=0.0% 1.=0 prev[1]=3.5% 2.=1 prev[2]=96.5% 12=0 21=0 22=1 23=0
Age 83 1.=1 loss[1]=0.0% 2.=1 loss[2]=0.0% 1.=1 prev[1]=37.2% 2.=1 prev[2]=62.8% 11=0 12=0 13=0 21=0 22=1 23=0
Age 84 1.=0 loss[1]=0.0% 2.=1 loss[2]=0.0% 1.=0 prev[1]=12.5% 2.=1 prev[2]=87.5% 11=0 12=0 21=0 22=1 23=0
Age 85 1.=0 loss[1]=0.0% 2.=1 loss[2]=0.0% 1.=0 prev[1]=10.8% 2.=1 prev[2]=89.2% 11=0 12=0 21=0 22=1 23=0
Age 86 1.=0 loss[1]=NaNQ% 2.=1 loss[2]=0.0% 1.=0 prev[1]=0.0% 2.=1 prev[2]=100.0% 22=1 23=0
Age 87 1.=0 loss[1]=NaNQ% 2.=1 loss[2]=0.0% 1.=0 prev[1]=0.0% 2.=1 prev[2]=100.0% 21=0 22=0 23=0
Age 88 1.=0 loss[1]=0.0% 2.=0 loss[2]=0.0% 1.=0 prev[1]=40.6% 2.=0 prev[2]=59.4% 12=0 13=0 22=0
Age 89 1.=0 loss[1]=0.0% 2.=1 loss[2]=0.0% 1.=0 prev[1]=21.3% 2.=1 prev[2]=78.7% 12=0 13=0 22=1 23=0
Age 90 1.=0 loss[1]=0.0% 2.=1 loss[2]=0.0% 1.=0 prev[1]=13.6% 2.=1 prev[2]=86.4% 13=0 22=1 23=0
Age 91 1.=0 loss[1]=0.0% 2.=0 loss[2]=NaNQ% 1.=0 prev[1]=100.0% 2.=0 prev[2]=0.0% 13=0
Age 92 1.=0 loss[1]=NaNQ% 2.=0 loss[2]=NaNQ% 1.=0 prev[1]=NaNQ% 2.=0 prev[2]=NaNQ%
Age 93 1.=0 loss[1]=NaNQ% 2.=0 loss[2]=NaNQ% 1.=0 prev[1]=NaNQ% 2.=0 prev[2]=NaNQ%
1 1.=0 loss[1]=NaNQ% 2.=0 loss[2]=NaNQ% 1.=0 prev[1]=NaNQ% 2.=0 prev[2]=NaNQ%
0 1.=0 loss[1]=NaNQ% 2.=0 loss[2]=NaNQ% 1.=0 prev[1]=NaNQ% 2.=0 prev[2]=NaNQ%
Total 1.=26 loss[1]=0.0% 2.=54 loss[2]=0.0% 1.=26 prev[1]=32.0% 2.=54 prev[2]=68.0% 11=14 12=11 13=1 21=5 22=46 23=3


12    0.0000000 ln(11/14)=   -0.3056354 
13    0.0000000 ln(1/14)=   -3.2925489 
21    0.0000000 ln(5/46)=   -2.1746705 
23    0.0000000 ln(3/46)=   -2.7676782 

 -1-1=0 -10=0 -11=0 -12=0 -13=0 0-1=0 00=0 01=0 02=0 03=0 1-1=0 10=0 11=14 12=11 13=1 2-1=0 20=0 21=5 22=46 23=3 3-1=0 30=0 31=0 32=0 33=0
Powell

Powell iter=1 Big Iter=1 -2*LL=3649.210064191806 gain=0 0 sec. 1 sec.
#model=  1      +     age 
12    0.0000000    0.0000000 
13    0.0000000    0.0000000 
21    0.0000000    0.0000000 
23    0.0000000    0.0000000 
1.......2.............3.......4..................5.........6...............7.......8..................
Powell iter=2 Big Iter=2 -2*LL=2148.770003175237 gain=1.5e+003 0 sec. 1 sec.
#model=  1      +     age 
12    0.5987388    0.0011486 
13   -3.3885966    0.0054299 
21   -1.4088182   -0.0012611 
23   -2.6937819    0.0019762 

Considering the time needed for this last iteration #2: 0 seconds,
   - if your program needs 1 BIG iterations  (2 iterations) to converge, convergence will be 
   reached in 0 day(s) 0 hour(s) 0 minute(s) 0 second(s) i.e.
   on Tue Feb 04 22:21:38 2025 (current time is Tue Feb 04 22:21:38 2025);
   - if your program needs 11 BIG iterations  (22 iterations) to converge, convergence will be 
   reached in 0 day(s) 0 hour(s) 0 minute(s) 0 second(s) i.e.
   on Tue Feb 04 22:21:38 2025 (current time is Tue Feb 04 22:21:38 2025);
   - if your program needs 21 BIG iterations  (42 iterations) to converge, convergence will be 
   reached in 0 day(s) 0 hour(s) 0 minute(s) 0 second(s) i.e.
   on Tue Feb 04 22:21:38 2025 (current time is Tue Feb 04 22:21:38 2025);
   - if your program needs 31 BIG iterations  (62 iterations) to converge, convergence will be 
   reached in 0 day(s) 0 hour(s) 0 minute(s) 0 second(s) i.e.
   on Tue Feb 04 22:21:38 2025 (current time is Tue Feb 04 22:21:38 2025);
1.......2.............3........4..................5........6................7.........8..................
Powell iter=3 Big Iter=2 -2*LL=1973.888451724005 gain=175 0 sec. 1 sec.
#model=  1      +     age 
12   -0.3629899    0.0021711 
13   -3.9826555    0.0114632 
21   -2.0900648   -0.0023858 
23   -2.9495430    0.0039198 

Considering the time needed for this last iteration #3: 0 seconds,
   - if your program needs 1 BIG iterations  (2 iterations) to converge, convergence will be 
   reached in 0 day(s) 0 hour(s) 0 minute(s) 0 second(s) i.e.
   on Tue Feb 04 22:21:38 2025 (current time is Tue Feb 04 22:21:38 2025);
   - if your program needs 11 BIG iterations  (22 iterations) to converge, convergence will be 
   reached in 0 day(s) 0 hour(s) 0 minute(s) 0 second(s) i.e.
   on Tue Feb 04 22:21:38 2025 (current time is Tue Feb 04 22:21:38 2025);
   - if your program needs 21 BIG iterations  (42 iterations) to converge, convergence will be 
   reached in 0 day(s) 0 hour(s) 0 minute(s) 0 second(s) i.e.
   on Tue Feb 04 22:21:38 2025 (current time is Tue Feb 04 22:21:38 2025);
   - if your program needs 31 BIG iterations  (62 iterations) to converge, convergence will be 
   reached in 0 day(s) 0 hour(s) 0 minute(s) 0 second(s) i.e.
   on Tue Feb 04 22:21:38 2025 (current time is Tue Feb 04 22:21:38 2025);
1........2.............3.........4..................5.........6................7.........8..........................Gaining to use new average direction of P0 P8 instead of biggest increase direction 3 :

Powell iter=4 Big Iter=3 -2*LL=1921.362401398162 gain=52.5 0 sec. 1 sec.
#model=  1      +     age 
12   -1.8170096    0.0165300 
13  -10.5000452    0.0905185 
21   -1.0893182   -0.0183079 
23   -4.9356552    0.0313955 
1.......2.............3.................4................5.........6................7..........8........
Powell iter=5 Big Iter=3 -2*LL=1871.444821270242 gain=49.9 0 sec. 1 sec.
#model=  1      +     age 
12   -2.3296938    0.0264004 
13  -14.6583490    0.1541419 
21   -0.2799307   -0.0291901 
23   -6.3128097    0.0485987 
1........2.............3.................4..................5.........6................7.........8..............Gaining to use new average direction of P0 P8 instead of biggest increase direction 1 :

Powell iter=6 Big Iter=4 -2*LL=1826.422598874414 gain=45 0 sec. 1 sec.
#model=  1      +     age 
12   -3.5328463    0.0502245 
13  -24.6489929    0.2876845 
21    1.5787059   -0.0552272 
23   -9.5871030    0.0926657 
1........2............3.................4................5.........6................7.........8........directest= 21.844181806168 (if directest<0 or t<0 we include P0 Pn as new direction), t= -671.351543644998, f1= 1826.422598874414,f2= 1822.339442886759,f3= 1844.908858743043, del= 2.404195018886
f1-2f2+f3= 26.652571843939, f1-f2-del= 1.678960968769, f1-f3= -18.486259868629

Powell iter=7 Big Iter=4 -2*LL=1822.339442886759 gain=4.08 0 sec. 1 sec.
#model=  1      +     age 
12   -3.6710780    0.0536313 
13  -25.7294164    0.2947255 
21    1.7326340   -0.0579880 
23   -9.9417941    0.0959843 
1........2............3.................4.................5.........6................7.........8................Gaining to use new average direction of P0 P8 instead of biggest increase direction 1 :

Powell iter=8 Big Iter=5 -2*LL=1820.848854587690 gain=1.49 1 sec. 2 sec.
#model=  1      +     age 
12   -4.0585283    0.0584695 
13  -27.6884478    0.3163596 
21    2.0245062   -0.0626438 
23  -10.5524102    0.1035428 
1.......2............3.................4.................5.........6.................7............8........
Powell iter=9 Big Iter=5 -2*LL=1820.810969383483 gain=0.0379 0 sec. 2 sec.
#model=  1      +     age 
12   -4.0792579    0.0588569 
13  -27.7953290    0.3176765 
21    2.0289475   -0.0627188 
23  -10.5856461    0.1039466 
1........2............3.................4.................5.........6................7..........8..............Gaining to use new average direction of P0 P8 instead of biggest increase direction 6 :

Powell iter=10 Big Iter=6 -2*LL=1820.000701500112 gain=0.81 0 sec. 2 sec.
#model=  1      +     age 
12   -4.5072914    0.0657385 
13  -28.6832837    0.3298406 
21    1.5378558   -0.0552164 
23  -10.7972675    0.1067666 
1........2............3.................4.................5.........6........7.........8.......directest= 0.800414496987 (if directest<0 or t<0 we include P0 Pn as new direction), t= -0.026206438760, f1= 1820.000701500112,f2= 1819.954484834454,f3= 1820.792409226485, del= 0.041863280351
f1-2f2+f3= 0.884141057689, f1-f2-del= 0.004353385307, f1-f3= -0.791707726373

Powell iter=11 Big Iter=6 -2*LL=1819.954484834454 gain=0.0462 0 sec. 2 sec.
#model=  1      +     age 
12   -4.4824041    0.0651754 
13  -28.3755998    0.3257543 
21    1.4485462   -0.0539977 
23  -10.6922025    0.1053649 
1........2............3.................4..................5.........6........7.........8............Gaining to use new average direction of P0 P8 instead of biggest increase direction 2 :

Powell iter=12 Big Iter=7 -2*LL=1819.926289157833 gain=0.0282 0 sec. 2 sec.
#model=  1      +     age 
12   -4.4529768    0.0645961 
13  -28.3531638    0.3249204 
21    1.3827766   -0.0529882 
23  -10.6462848    0.1047014 
1........2.......3................4................5.........6........7.........8............Gaining to use new average direction of P0 P8 instead of biggest increase direction 1 :

Powell iter=13 Big Iter=7 -2*LL=1819.839194296078 gain=0.0871 0 sec. 2 sec.
#model=  1      +     age 
12   -4.3987725    0.0636635 
13  -28.7411785    0.3287692 
21    1.3063058   -0.0518185 
23  -10.6619387    0.1048172 
1.....2........3.................4.................5.........6........7.........8............Gaining to use new average direction of P0 P8 instead of biggest increase direction 8 :

Powell iter=14 Big Iter=8 -2*LL=1819.720027180701 gain=0.119 0 sec. 2 sec.
#model=  1      +     age 
12   -4.3101936    0.0621339 
13  -29.4536905    0.3368378 
21    1.1935920   -0.0501131 
23  -10.7040518    0.1053915 
1......2.......3.................4.................5.........6................7.........8............Gaining to use new average direction of P0 P8 instead of biggest increase direction 1 :

Powell iter=15 Big Iter=8 -2*LL=1819.532531260202 gain=0.187 1 sec. 3 sec.
#model=  1      +     age 
12   -4.1895871    0.0602496 
13  -30.8178183    0.3531332 
21    1.1579597   -0.0495942 
23  -10.8774630    0.1077549 
1......2.......3.................4................5.........6.........7.........8......
Powell iter=16 Big Iter=9 -2*LL=1819.482176520540 gain=0.0504 0 sec. 3 sec.
#model=  1      +     age 
12   -4.1879430    0.0602857 
13  -30.9873786    0.3551621 
21    1.1955933   -0.0501678 
23  -10.9174028    0.1082646 
1......2.......3.................4................5.........6........7.........8.............Gaining to use new average direction of P0 P8 instead of biggest increase direction 1 :

Powell iter=17 Big Iter=9 -2*LL=1819.357946826897 gain=0.124 0 sec. 3 sec.
#model=  1      +     age 
12   -4.1969961    0.0607632 
13  -32.1701133    0.3686851 
21    1.2949225   -0.0516696 
23  -11.1446772    0.1110761 
1.........2.......3.................4.................5..........6........7.........8........directest= 0.084185198983 (if directest<0 or t<0 we include P0 Pn as new direction), t= -0.000016170333, f1= 1819.357946826897,f2= 1819.352964940901,f3= 1819.437564859720, del= 0.002698302916
f1-2f2+f3= 0.089581804815, f1-f2-del= 0.002283583080, f1-f3= -0.079618032823

Powell iter=18 Big Iter=10 -2*LL=1819.352964940901 gain=0.00498 0 sec. 3 sec.
#model=  1      +     age 
12   -4.2046298    0.0608819 
13  -32.2249865    0.3693801 
21    1.2888927   -0.0515832 
23  -11.1489256    0.1111455 
1....................2.............3.................4.................5...............6...........7.........8.................Gaining to use new average direction of P0 P8 instead of biggest increase direction 7 :

Powell iter=19 Big Iter=10 -2*LL=1819.082467703548 gain=0.27 0 sec. 3 sec.
#model=  1      +     age 
12   -4.3560636    0.0633358 
13  -32.9937891    0.3791635 
21    1.5063603   -0.0548305 
23  -10.7006868    0.1054918 
1......2.......3.................4................5.........6............7........8.......
Powell iter=20 Big Iter=11 -2*LL=1818.888241457182 gain=0.194 0 sec. 3 sec.
#model=  1      +     age 
12   -4.3456573    0.0631367 
13  -34.4794983    0.3959371 
21    1.4578288   -0.0541173 
23  -10.6449101    0.1047186 
1......2.......3.................4................5.........6........7........8.............Gaining to use new average direction of P0 P8 instead of biggest increase direction 1 :

Powell iter=21 Big Iter=11 -2*LL=1818.655562127301 gain=0.233 0 sec. 3 sec.
#model=  1      +     age 
12   -4.3127312    0.0625250 
13  -39.3156656    0.4509399 
21    1.3312796   -0.0522042 
23  -10.5161580    0.1031375 
1...........2.......3.....................4................5............6........7........8........directest= 0.106898958061 (if directest<0 or t<0 we include P0 Pn as new direction), t= -0.000010910482, f1= 1818.655562127301,f2= 1818.653600456387,f3= 1818.760553266341, del= 0.001007761403
f1-2f2+f3= 0.108914480868, f1-f2-del= 0.000953909511, f1-f3= -0.104991139040

Powell iter=22 Big Iter=12 -2*LL=1818.653600456387 gain=0.00196 1 sec. 4 sec.
#model=  1      +     age 
12   -4.3145678    0.0625659 
13  -39.5357323    0.4532997 
21    1.3488117   -0.0524745 
23  -10.5381106    0.1034072 
1........2........3.................4.........................5.................6.................7........8........
Powell iter=23 Big Iter=12 -2*LL=1818.653544650548 gain=5.58e-005 0 sec. 4 sec.
#model=  1      +     age 
12   -4.3180091    0.0626205 
13  -39.5533208    0.4535278 
21    1.3502522   -0.0524956 
23  -10.5376799    0.1034078 
1.............2............3....................4....................5.................6.........7............8......................
Powell iter=24 Big Iter=13 -2*LL=1818.653544215773 gain=4.35e-007 0 sec. 4 sec.
#model=  1      +     age 
12   -4.3179346    0.0626192 
13  -39.5541713    0.4535394 
21    1.3505819   -0.0525005 
23  -10.5374460    0.1034051 
1.............2................3......................4......................5...............6.....................7.....................8.........................
Powell iter=25 Big Iter=13 -2*LL=1818.653544184437 gain=3.13e-008 0 sec. 4 sec.
#model=  1      +     age 
12   -4.3178512    0.0626179 
13  -39.5540149    0.4535374 
21    1.3505743   -0.0525003 
23  -10.5375468    0.1034063 
1................2.............3.....................4..............................5..........................6.....................................7..........................8...........................
Powell iter=26 Big Iter=14 -2*LL=1818.653544183566 gain=8.72e-010 0 sec. 4 sec.
#model=  1      +     age 
12   -4.3178381    0.0626176 
13  -39.5539648    0.4535368 
21    1.3505699   -0.0525003 
23  -10.5375667    0.1034066 
1.....................2........................3..............................4.....................5....................6............7...........................8...............................
Powell iter=27 Big Iter=14 -2*LL=1818.653544183556 gain=1e-011 0 sec. 4 sec.
#model=  1      +     age 
12   -4.3178375    0.0626176 
13  -39.5539612    0.4535368 
21    1.3505687   -0.0525002 
23  -10.5375694    0.1034066 
1................2............................3..............................4...................5...........................6........................7..........................8..............................directest= 0.000000000004 (if directest<0 or t<0 we include P0 Pn as new direction), t= -0.000000000000, f1= 1818.653544183556,f2= 1818.653544183554,f3= 1818.653544183559, del= 0.000000000001
f1-2f2+f3= 0.000000000006, f1-f2-del= 0.000000000000, f1-f3= -0.000000000003

Powell iter=28 Big Iter=15 -2*LL=1818.653544183554 gain=1.82e-012 0 sec. 4 sec.
#model=  1      +     age 
12   -4.3178374    0.0626176 
13  -39.5539743    0.4535369 
21    1.3505684   -0.0525002 
23  -10.5375691    0.1034066 
1.......................2...........................3...................4....................5.........................6........................7.........................8.........................directest= 0.000000000002 (if directest<0 or t<0 we include P0 Pn as new direction), t= -0.000000000000, f1= 1818.653544183554,f2= 1818.653544183553,f3= 1818.653544183556, del= 0.000000000001
f1-2f2+f3= 0.000000000004, f1-f2-del= 0.000000000000, f1-f3= -0.000000000002

Powell iter=29 Big Iter=15 -2*LL=1818.653544183553 gain=9.09e-013 1 sec. 5 sec.
#model=  1      +     age 
12   -4.3178374    0.0626176 
13  -39.5539743    0.4535369 
21    1.3505684   -0.0525002 
23  -10.5375691    0.1034066 
1.........................2.............................3...................4....................5.........................6........................7.........................8.........................
#Number of iterations & function calls = 29 & 4107, -2 Log likelihood = 1818.653544183553
# Parameters nlstate*nlstate*ncov a12*1 + b12 * age + ...
#model=  1      +     age 
12   -4.3178374    0.0626176 
13  -39.5539743    0.4535369 
21    1.3505684   -0.0525002 
23  -10.5375691    0.1034066 

Calculation of the hessian matrix. Wait...
1-2-3-4-5-6-7-8-.1-2.1-3.1-4.1-5.1-6.1-7.1-8.2-3.2-4.2-5.2-6.2-7.2-8.3-4.3-5.3-6.3-7.3-8.4-5.4-6.4-7.4-8.5-6.5-7.5-8.6-7.6-8.7-8

Inverting the hessian to get the covariance matrix. Wait...

#Hessian matrix#
1.161449e+002 7.436927e+003 -3.031210e+000 -2.667011e+002 -3.272811e+000 -2.026985e+002 -9.190751e-001 -8.171847e+001 
7.436927e+003 4.853665e+005 -2.672977e+002 -2.354998e+004 -2.030763e+002 -1.262924e+004 -8.090544e+001 -7.180456e+003 
-3.031210e+000 -2.672977e+002 4.360050e+000 3.827896e+002 -3.826279e-001 -3.256139e+001 6.567927e-001 5.728803e+001 
-2.667011e+002 -2.354998e+004 3.827896e+002 3.365777e+004 -3.327176e+001 -2.833519e+003 5.728797e+001 5.002068e+003 
-3.272811e+000 -2.030763e+002 -3.826279e-001 -3.327176e+001 9.398167e+001 6.164263e+003 -3.326075e+000 -2.426912e+002 
-2.026985e+002 -1.262924e+004 -3.256139e+001 -2.833519e+003 6.164263e+003 4.117778e+005 -2.431488e+002 -1.801136e+004 
-9.190751e-001 -8.090544e+001 6.567927e-001 5.728797e+001 -3.326075e+000 -2.431488e+002 5.508926e+001 4.335890e+003 
-8.171847e+001 -7.180456e+003 5.728803e+001 5.002068e+003 -2.426912e+002 -1.801136e+004 4.335890e+003 3.453895e+005 
Parameters, Wald tests and Wald-based confidence intervals
 W is simply the result of the division of the parameter by the square root of covariance of the parameter.
 And Wald-based confidence intervals plus and minus 1.96 * W 
  It might be better to visualize the covariance matrix. See the page 'Matrix of variance-covariance of one-step probabilities' and its graphs.
12   -4.3178374(   0.7230339) W=  -5.972 CI=[  -5.7349838 ;   -2.9006910]    0.0626176(   0.0112762) W=   5.553 CI=[   0.0405162 ;    0.0847190] 
13  -39.5539743(  12.3438147) W=  -3.204 CI=[ -63.7478510 ;  -15.3600976]    0.4535369(   0.1406349) W=   3.225 CI=[   0.1778925 ;    0.7291813] 
21    1.3505684(   0.7676983) W=   1.759 CI=[  -0.1541203 ;    2.8552570]   -0.0525002(   0.0116005) W=  -4.526 CI=[  -0.0752371 ;   -0.0297633] 
23  -10.5375691(   1.2347632) W=  -8.534 CI=[ -12.9577050 ;   -8.1174332]    0.1034066(   0.0155966) W=   6.630 CI=[   0.0728373 ;    0.1339760] 
# Scales (for hessian or gradient estimation)
12 1.00000e-004 1.00000e-005
13 1.00000e-003 1.00000e-005
21 1.00000e-003 1.00000e-005
23 1.00000e-003 1.00000e-005
# Covariance matrix 
# 121 Var(a12)
# 122 Cov(b12,a12) Var(b12)
#   ...
# 232 Cov(b23,a12)  Cov(b23,b12) ... Var (b23)
#121 Var(a12)
#122 Cov(b12,a12) Var(b12)
#131 Cov(a13,a12) Cov(a13,b12) Var(a13)
#132 Cov(b13,a12) Cov(b13,b12) Cov(b13,a13) Var(b13)
#211 Cov(a21,a12) Cov(a21,b12) Cov(a21,a13) Cov(a21,b13) Var(a21)
#212 Cov(b21,a12) Cov(b21,b12) Cov(b21,a13) Cov(b21,b13) Cov(b21,a21) Var(b21)
#231 Cov(a23,a12) Cov(a23,b12) Cov(a23,a13) Cov(a23,b13) Cov(a23,a21) Cov(a23,b21) Var(a23)
#232 Cov(b23,a12) Cov(b23,b12) Cov(b23,a13) Cov(b23,b13) Cov(b23,a21) Cov(b23,b21) Cov(b23,a23) Var(b23)
121 5.2277797e-001
122 -8.08433e-003 1.2715326e-004
131 4.99924e-001 -7.90303e-003 1.5236976e+002
132 -7.19762e-003 1.14755e-004 -1.73442e+000 1.9778174e-002
211 1.51481e-002 -2.25238e-004 -5.58484e-002 4.47310e-004 5.8936069e-001
212 -2.27758e-004 3.46328e-006 9.43628e-004 -7.66571e-006 -8.82452e-003 1.3457075e-004
231 1.63201e-002 -2.67498e-004 -3.80880e-002 6.24872e-004 2.08820e-002 -2.48507e-004 1.5246402e+000
232 -2.29172e-004 3.76003e-006 2.87878e-004 -6.00251e-006 -3.06519e-004 3.90924e-006 -1.91425e-002 2.4325442e-004
# agemin agemax for life expectancy, bage fage (if mle==0 ie no data nor Max likelihood).
# Observed prevalence period
begin-prev-date=1/1/2013 end-prev-date=1/9/2018 mov_average=0
# Health expectancies computed from stable (period) prevalence (pop_based=0) or population based (1)
pop_based=0
# Prevalence forecasting and backcasting is skept here
##prevforecast=0  starting-proj-date=1/1/1989 final-proj-date=1/1/1990 mobil_average=0
#prevforecast=1 yearsfproj=10 mobil_average=0
#prevbackcast=1 yearsbproj=10 mobil_average=1
result:  .
End of resultlines.

Computing forward period (stable) prevalence: result on file 'PL_SEFchr.txt' 
#************
Computing pij: result on file 'PIJ_SEFchr.txt' 
Computing standard deviation of one-step probabilities: result on file 'PROB_rSEFchr.txt' 
Computing matrix of variance covariance of one-step probabilities: result on file 'PROBCOV_SEFchr.txt' 
and correlation matrix of one-step probabilities: result on file 'PROBCOR_SEFchr.txt' 
50 13-12 mu 1.7934e-008 1.1690e-001 Var 9.1209e-015 2.5856e-004 cor 0.025 cov 3.8940e-011 Eig 2.586e-004 9.115e-015 1stv 0.000 1.000 tan 6639960.623
55 13-12 mu 1.5948e-007 1.4723e-001 Var 5.4436e-013 1.9573e-004 cor 0.018 cov 1.8504e-010 Eig 1.957e-004 5.442e-013 1stv 0.000 1.000 tan 1057790.078
60 13-12 mu 1.3896e-006 1.8168e-001 Var 2.9809e-011 1.3927e-004 cor 0.008 cov 5.0661e-010 Eig 1.393e-004 2.981e-011 1stv 0.000 1.000 tan 274910.214
65 13-12 mu 1.1838e-005 2.1919e-001 Var 1.4653e-009 1.3695e-004 cor -0.004 cov -1.7230e-009 Eig 1.370e-004 1.465e-009 1stv 0.000 -1.000 tan -79485.710
70 13-12 mu 9.8435e-005 2.5812e-001 Var 6.2589e-008 2.1860e-004 cor -0.016 cov -5.7675e-008 Eig 2.186e-004 6.257e-008 1stv 0.000 -1.000 tan -3789.034
75 13-12 mu 7.9781e-004 2.9628e-001 Var 2.1904e-006 3.6894e-004 cor -0.053 cov -1.5095e-006 Eig 3.689e-004 2.184e-006 1stv 0.004 -1.000 tan -242.965
80 13-12 mu 6.2553e-003 3.2899e-001 Var 5.4431e-005 5.4533e-004 cor -0.220 cov -3.7891e-005 Eig 5.482e-004 5.152e-005 1stv 0.077 -0.997 tan -13.032
85 13-12 mu 4.4740e-002 3.3324e-001 Var 6.3828e-004 8.9697e-004 cor -0.635 cov -4.8053e-004 Eig 1.265e-003 2.700e-004 1stv 0.608 -0.794 tan -1.305
90 13-12 mu 2.1392e-001 2.2566e-001 Var 4.8924e-003 3.3261e-003 cor -0.966 cov -3.8975e-003 Eig 8.085e-003 1.339e-004 1stv 0.774 -0.634 tan -0.819
50 21-12 mu 1.0885e-001 1.1690e-001 Var 3.1407e-004 2.5856e-004 cor 0.031 cov 8.7899e-006 Eig 3.154e-004 2.572e-004 1stv 0.988 0.153 tan 0.155
55 21-12 mu 8.7924e-002 1.4723e-001 Var 1.3503e-004 1.9573e-004 cor 0.033 cov 5.3206e-006 Eig 1.962e-004 1.346e-004 1stv 0.087 0.996 tan 11.497
60 21-12 mu 7.0169e-002 1.8168e-001 Var 5.4024e-005 1.3927e-004 cor 0.035 cov 3.0384e-006 Eig 1.394e-004 5.392e-005 1stv 0.036 0.999 tan 28.093
65 21-12 mu 5.5345e-002 2.1919e-001 Var 2.5937e-005 1.3695e-004 cor 0.034 cov 2.0439e-006 Eig 1.370e-004 2.590e-005 1stv 0.018 1.000 tan 54.335
70 21-12 mu 4.3110e-002 2.5812e-001 Var 2.0617e-005 2.1860e-004 cor 0.030 cov 2.0052e-006 Eig 2.186e-004 2.060e-005 1stv 0.010 1.000 tan 98.744
75 21-12 mu 3.3086e-002 2.9628e-001 Var 2.1547e-005 3.6894e-004 cor 0.026 cov 2.3118e-006 Eig 3.690e-004 2.153e-005 1stv 0.007 1.000 tan 150.274
80 21-12 mu 2.4910e-002 3.2899e-001 Var 2.1609e-005 5.4533e-004 cor 0.019 cov 2.0438e-006 Eig 5.453e-004 2.160e-005 1stv 0.004 1.000 tan 256.254
85 21-12 mu 1.8264e-002 3.3324e-001 Var 1.9044e-005 8.9697e-004 cor -0.008 cov -1.0829e-006 Eig 8.970e-004 1.904e-005 1stv 0.001 -1.000 tan -810.720
90 21-12 mu 1.2907e-002 2.2566e-001 Var 1.4596e-005 3.3261e-003 cor -0.032 cov -6.9910e-006 Eig 3.326e-003 1.458e-005 1stv 0.002 -1.000 tan -473.679
50 23-12 mu 1.8170e-003 1.1690e-001 Var 7.1887e-007 2.5856e-004 cor 0.008 cov 1.0281e-007 Eig 2.586e-004 7.188e-007 1stv 0.000 1.000 tan 2507.875
55 23-12 mu 3.2002e-003 1.4723e-001 Var 1.5656e-006 1.9573e-004 cor 0.005 cov 8.3160e-008 Eig 1.957e-004 1.566e-006 1stv 0.000 1.000 tan 2334.868
60 23-12 mu 5.5688e-003 1.8168e-001 Var 3.1261e-006 1.3927e-004 cor -0.000 cov -3.7064e-009 Eig 1.393e-004 3.126e-006 1stv 0.000 -1.000 tan -36733.032
65 23-12 mu 9.5772e-003 2.1919e-001 Var 5.6216e-006 1.3695e-004 cor -0.005 cov -1.3295e-007 Eig 1.370e-004 5.621e-006 1stv 0.001 -1.000 tan -987.803
70 23-12 mu 1.6266e-002 2.5812e-001 Var 9.0478e-006 2.1860e-004 cor -0.003 cov -1.1277e-007 Eig 2.186e-004 9.048e-006 1stv 0.001 -1.000 tan -1858.210
75 23-12 mu 2.7221e-002 2.9628e-001 Var 1.4251e-005 3.6894e-004 cor 0.008 cov 5.8740e-007 Eig 3.689e-004 1.425e-005 1stv 0.002 1.000 tan 603.833
80 23-12 mu 4.4687e-002 3.2899e-001 Var 3.0839e-005 5.4533e-004 cor 0.026 cov 3.3527e-006 Eig 5.454e-004 3.082e-005 1stv 0.007 1.000 tan 153.465
85 23-12 mu 7.1441e-002 3.3324e-001 Var 1.0453e-004 8.9697e-004 cor 0.052 cov 1.5771e-005 Eig 8.973e-004 1.042e-004 1stv 0.020 1.000 tan 50.266
90 23-12 mu 1.1009e-001 2.2566e-001 Var 3.6322e-004 3.3261e-003 cor 0.056 cov 6.1003e-005 Eig 3.327e-003 3.620e-004 1stv 0.021 1.000 tan 48.589
50 21-13 mu 1.0885e-001 1.7934e-008 Var 3.1407e-004 9.1209e-015 cor -0.005 cov -8.7055e-012 Eig 3.141e-004 9.121e-015 1stv 1.000 -0.000 tan -0.000
55 21-13 mu 8.7924e-002 1.5948e-007 Var 1.3503e-004 5.4436e-013 cor -0.004 cov -3.1165e-011 Eig 1.350e-004 5.444e-013 1stv 1.000 -0.000 tan -0.000
60 21-13 mu 7.0169e-002 1.3896e-006 Var 5.4024e-005 2.9809e-011 cor -0.000 cov -6.9633e-012 Eig 5.402e-005 2.981e-011 1stv 1.000 -0.000 tan -0.000
65 21-13 mu 5.5345e-002 1.1838e-005 Var 2.5937e-005 1.4653e-009 cor 0.006 cov 1.2327e-009 Eig 2.594e-005 1.465e-009 1stv 1.000 0.000 tan 0.000
70 21-13 mu 4.3110e-002 9.8435e-005 Var 2.0617e-005 6.2589e-008 cor 0.013 cov 1.5012e-008 Eig 2.062e-005 6.258e-008 1stv 1.000 0.001 tan 0.001
75 21-13 mu 3.3086e-002 7.9781e-004 Var 2.1547e-005 2.1904e-006 cor 0.019 cov 1.2722e-007 Eig 2.155e-005 2.190e-006 1stv 1.000 0.007 tan 0.007
80 21-13 mu 2.4910e-002 6.2553e-003 Var 2.1609e-005 5.4431e-005 cor 0.026 cov 8.8005e-007 Eig 5.445e-005 2.159e-005 1stv 0.027 1.000 tan 37.322
85 21-13 mu 1.8264e-002 4.4740e-002 Var 1.9044e-005 6.3828e-004 cor 0.042 cov 4.6517e-006 Eig 6.383e-004 1.901e-005 1stv 0.008 1.000 tan 133.127
90 21-13 mu 1.2907e-002 2.1392e-001 Var 1.4596e-005 4.8924e-003 cor 0.039 cov 1.0353e-005 Eig 4.892e-003 1.457e-005 1stv 0.002 1.000 tan 471.147
50 23-13 mu 1.8170e-003 1.7934e-008 Var 7.1887e-007 9.1209e-015 cor -0.003 cov -2.0814e-013 Eig 7.189e-007 9.121e-015 1stv 1.000 -0.000 tan -0.000
55 23-13 mu 3.2002e-003 1.5948e-007 Var 1.5656e-006 5.4436e-013 cor -0.003 cov -2.8751e-012 Eig 1.566e-006 5.444e-013 1stv 1.000 -0.000 tan -0.000
60 23-13 mu 5.5688e-003 1.3896e-006 Var 3.1261e-006 2.9809e-011 cor -0.004 cov -3.7738e-011 Eig 3.126e-006 2.981e-011 1stv 1.000 -0.000 tan -0.000
65 23-13 mu 9.5772e-003 1.1838e-005 Var 5.6216e-006 1.4653e-009 cor -0.005 cov -4.7981e-010 Eig 5.622e-006 1.465e-009 1stv 1.000 -0.000 tan -0.000
70 23-13 mu 1.6266e-002 9.8435e-005 Var 9.0478e-006 6.2589e-008 cor -0.008 cov -6.0864e-009 Eig 9.048e-006 6.258e-008 1stv 1.000 -0.001 tan -0.001
75 23-13 mu 2.7221e-002 7.9781e-004 Var 1.4251e-005 2.1904e-006 cor -0.014 cov -7.9424e-008 Eig 1.425e-005 2.190e-006 1stv 1.000 -0.007 tan -0.007
80 23-13 mu 4.4687e-002 6.2553e-003 Var 3.0839e-005 5.4431e-005 cor -0.026 cov -1.0625e-006 Eig 5.448e-005 3.079e-005 1stv 0.045 -0.999 tan -22.250
85 23-13 mu 7.1441e-002 4.4740e-002 Var 1.0453e-004 6.3828e-004 cor -0.049 cov -1.2591e-005 Eig 6.386e-004 1.042e-004 1stv 0.024 -1.000 tan -42.414
90 23-13 mu 1.1009e-001 2.1392e-001 Var 3.6322e-004 4.8924e-003 cor -0.050 cov -6.6985e-005 Eig 4.893e-003 3.622e-004 1stv 0.015 -1.000 tan -67.630
50 23-21 mu 1.8170e-003 1.0885e-001 Var 7.1887e-007 3.1407e-004 cor -0.078 cov -1.1681e-006 Eig 3.141e-004 7.145e-007 1stv 0.004 -1.000 tan -268.262
55 23-21 mu 3.2002e-003 8.7924e-002 Var 1.5656e-006 1.3503e-004 cor -0.057 cov -8.2341e-007 Eig 1.350e-004 1.560e-006 1stv 0.006 -1.000 tan -162.088
60 23-21 mu 5.5688e-003 7.0169e-002 Var 3.1261e-006 5.4024e-005 cor -0.046 cov -5.9519e-007 Eig 5.403e-005 3.119e-006 1stv 0.012 -1.000 tan -85.527
65 23-21 mu 9.5772e-003 5.5345e-002 Var 5.6216e-006 2.5937e-005 cor -0.048 cov -5.8345e-007 Eig 2.595e-005 5.605e-006 1stv 0.029 -1.000 tan -34.847
70 23-21 mu 1.6266e-002 4.3110e-002 Var 9.0478e-006 2.0617e-005 cor -0.059 cov -8.0756e-007 Eig 2.067e-005 8.992e-006 1stv 0.069 -0.998 tan -14.396
75 23-21 mu 2.7221e-002 3.3086e-002 Var 1.4251e-005 2.1547e-005 cor -0.072 cov -1.2667e-006 Eig 2.176e-005 1.404e-005 1stv 0.166 -0.986 tan -5.928
80 23-21 mu 4.4687e-002 2.4910e-002 Var 3.0839e-005 2.1609e-005 cor -0.088 cov -2.2791e-006 Eig 3.137e-005 2.108e-005 1stv 0.974 -0.227 tan -0.233
85 23-21 mu 7.1441e-002 1.8264e-002 Var 1.0453e-004 1.9044e-005 cor -0.116 cov -5.1725e-006 Eig 1.048e-004 1.873e-005 1stv 0.998 -0.060 tan -0.060
90 23-21 mu 1.1009e-001 1.2907e-002 Var 3.6322e-004 1.4596e-005 cor -0.171 cov -1.2471e-005 Eig 3.637e-004 1.415e-005 1stv 0.999 -0.036 tan -0.036
Prevalence combination of varying and fixed dummies 1
Warning Observed prevalence doesn't sum to 1 for state 2: probs[50][2][1]=0.000000 because of lack of cases.
Computing Health Expectancies: result on file 'E_SEFchr.txt' ...50|51|52|53|54|55|56|57|58|59|60|61|62|63|64|65|66|67|68|69|70|71|72|73|74|75|76|77|78|79|80|81|82|83|84|85|86|87|88|89|90|
done evsij
Computing Total Life expectancies with their standard errors: file 'T_SEFchr.txt' ...
  Computing State-specific Expectancies and standard errors: result on file 'STDE_SEFchr.txt' 
    Computing Covar. of State-specific Expectancies: result on file 'CVE_SEFchr.txt' 
      Computing Variance-covariance of State-specific Expectancies: file 'V_SEFchr.txt' ... 
# model  
#****** Result for:******
 cvevsij 50|51|52|53|54|55|56|57|58|59|60|61|62|63|64|65|66|67|68|69|70|71|72|73|74|75|76|77|78|79|80|81|82|83|84|85|86|87|88|89|90|
 end cvevsij 
 varevsij vpopbased=0 
Computing total mortality p.j=w1*p1j+w2*p2j+..: result on file 'PRMORPREV-1-STABLBASED_SEFchr.txt' 
Computing age specific forward period (stable) prevalences in each health state 
done selection
done State-specific expectancies
Computing Variance-covariance of forward period (stable) prevalence: file 'VPL_SEFchr.txt' ...
#****** ******
done variance-covariance of forward period prevalence
End of Imach with 0 errors and/or warnings 1. Please look at the log file for details.
Local time at start Tue Feb 04 22:21:37 2025

Local time at end   Tue Feb 04 22:21:43 2025

Total time used 0 day(s) 0 hour(s) 0 minute(s) 6 second(s)
Total time was 6 Sec.
